
===========================================================================
report_checks -unconstrained
============================================================================
Startpoint: _600_ (rising edge-triggered flip-flop)
Endpoint: dac[6] (output port clocked by clk)
Path Group: clk
Path Type: max

Fanout     Cap    Slew   Delay    Time   Description
-----------------------------------------------------------------------------
                  0.13    0.00    0.00 ^ _600_/CLK (sky130_fd_sc_hd__dfrtp_4)
                  0.09    0.57    0.57 v _600_/Q (sky130_fd_sc_hd__dfrtp_4)
     2    0.03                           net50 (net)
                  0.09    0.00    0.57 v _610_/A (sky130_fd_sc_hd__clkbuf_1)
                  0.03    0.12    0.69 v _610_/X (sky130_fd_sc_hd__clkbuf_1)
     1    0.00                           net63 (net)
                  0.03    0.00    0.69 v output63/A (sky130_fd_sc_hd__buf_2)
                  0.09    0.19    0.88 v output63/X (sky130_fd_sc_hd__buf_2)
     1    0.03                           dac[6] (net)
                  0.09    0.00    0.88 v dac[6] (out)
                                  0.88   data arrival time

                         40.00   40.00   clock clk (rise edge)
                          0.00   40.00   clock network delay (propagated)
                         -0.25   39.75   clock uncertainty
                          0.00   39.75   clock reconvergence pessimism
                         -8.00   31.75   output external delay
                                 31.75   data required time
-----------------------------------------------------------------------------
                                 31.75   data required time
                                 -0.88   data arrival time
-----------------------------------------------------------------------------
                                 30.87   slack (MET)



===========================================================================
report_checks --slack_max -0.01
============================================================================
No paths found.
