
===========================================================================
 report_power
============================================================================


======================= Slowest Corner =================================

Group                  Internal  Switching    Leakage      Total
                          Power      Power      Power      Power (Watts)
----------------------------------------------------------------
Sequential             1.03e-05   2.36e-06   6.65e-07   1.33e-05  31.4%
Combinational          1.39e-05   1.34e-05   1.81e-06   2.91e-05  68.6%
Macro                  0.00e+00   0.00e+00   0.00e+00   0.00e+00   0.0%
Pad                    0.00e+00   0.00e+00   0.00e+00   0.00e+00   0.0%
----------------------------------------------------------------
Total                  2.42e-05   1.58e-05   2.47e-06   4.24e-05 100.0%
                          57.1%      37.1%       5.8%

======================= Typical Corner ===================================

Group                  Internal  Switching    Leakage      Total
                          Power      Power      Power      Power (Watts)
----------------------------------------------------------------
Sequential             1.34e-05   3.01e-06   3.92e-10   1.64e-05  32.4%
Combinational          1.70e-05   1.72e-05   3.32e-09   3.42e-05  67.6%
Macro                  0.00e+00   0.00e+00   0.00e+00   0.00e+00   0.0%
Pad                    0.00e+00   0.00e+00   0.00e+00   0.00e+00   0.0%
----------------------------------------------------------------
Total                  3.04e-05   2.02e-05   3.71e-09   5.06e-05 100.0%
                          60.0%      40.0%       0.0%


======================= Fastest Corner =================================

Group                  Internal  Switching    Leakage      Total
                          Power      Power      Power      Power (Watts)
----------------------------------------------------------------
Sequential             1.55e-05   3.58e-06   5.60e-10   1.91e-05  32.6%
Combinational          1.89e-05   2.04e-05   4.05e-09   3.94e-05  67.4%
Macro                  0.00e+00   0.00e+00   0.00e+00   0.00e+00   0.0%
Pad                    0.00e+00   0.00e+00   0.00e+00   0.00e+00   0.0%
----------------------------------------------------------------
Total                  3.44e-05   2.40e-05   4.61e-09   5.84e-05 100.0%
                          58.9%      41.1%       0.0%
