
===========================================================================
 report_clock_skew
============================================================================

======================== Slowest Corner ==================================

Clock clk
Latency      CRPR       Skew
_591_/CLK ^
   8.38
_578_/CLK ^
   0.49      0.00       7.89


======================= Typical Corner ===================================

Clock clk
Latency      CRPR       Skew
_591_/CLK ^
   8.23
_578_/CLK ^
   0.28      0.00       7.95


======================= Fastest Corner ===================================

Clock clk
Latency      CRPR       Skew
_591_/CLK ^
   8.17
_578_/CLK ^
   0.20      0.00       7.97

