
===========================================================================
report_checks -unconstrained
============================================================================

======================= Slowest Corner ===================================

Startpoint: _600_ (rising edge-triggered flip-flop)
Endpoint: dac[6] (output port clocked by clk)
Path Group: clk
Path Type: max
Corner: ss

Fanout     Cap    Slew   Delay    Time   Description
-----------------------------------------------------------------------------
                  0.22    0.00    0.00 ^ _600_/CLK (sky130_fd_sc_hd__dfrtp_4)
                  0.17    1.21    1.21 v _600_/Q (sky130_fd_sc_hd__dfrtp_4)
     2    0.03                           net50 (net)
                  0.17    0.00    1.21 v _610_/A (sky130_fd_sc_hd__clkbuf_1)
                  0.05    0.22    1.43 v _610_/X (sky130_fd_sc_hd__clkbuf_1)
     1    0.00                           net63 (net)
                  0.05    0.00    1.43 v output63/A (sky130_fd_sc_hd__buf_2)
                  0.17    0.35    1.78 v output63/X (sky130_fd_sc_hd__buf_2)
     1    0.03                           dac[6] (net)
                  0.17    0.00    1.79 v dac[6] (out)
                                  1.79   data arrival time

                         40.00   40.00   clock clk (rise edge)
                          0.00   40.00   clock network delay (propagated)
                         -0.25   39.75   clock uncertainty
                          0.00   39.75   clock reconvergence pessimism
                         -8.00   31.75   output external delay
                                 31.75   data required time
-----------------------------------------------------------------------------
                                 31.75   data required time
                                 -1.79   data arrival time
-----------------------------------------------------------------------------
                                 29.96   slack (MET)



======================= Typical Corner ===================================

Startpoint: _600_ (rising edge-triggered flip-flop)
Endpoint: dac[6] (output port clocked by clk)
Path Group: clk
Path Type: max
Corner: tt

Fanout     Cap    Slew   Delay    Time   Description
-----------------------------------------------------------------------------
                  0.13    0.00    0.00 ^ _600_/CLK (sky130_fd_sc_hd__dfrtp_4)
                  0.09    0.57    0.57 v _600_/Q (sky130_fd_sc_hd__dfrtp_4)
     2    0.03                           net50 (net)
                  0.09    0.00    0.57 v _610_/A (sky130_fd_sc_hd__clkbuf_1)
                  0.03    0.11    0.69 v _610_/X (sky130_fd_sc_hd__clkbuf_1)
     1    0.00                           net63 (net)
                  0.03    0.00    0.69 v output63/A (sky130_fd_sc_hd__buf_2)
                  0.09    0.18    0.87 v output63/X (sky130_fd_sc_hd__buf_2)
     1    0.03                           dac[6] (net)
                  0.09    0.00    0.87 v dac[6] (out)
                                  0.87   data arrival time

                         40.00   40.00   clock clk (rise edge)
                          0.00   40.00   clock network delay (propagated)
                         -0.25   39.75   clock uncertainty
                          0.00   39.75   clock reconvergence pessimism
                         -8.00   31.75   output external delay
                                 31.75   data required time
-----------------------------------------------------------------------------
                                 31.75   data required time
                                 -0.87   data arrival time
-----------------------------------------------------------------------------
                                 30.88   slack (MET)



======================= Fastest Corner ===================================

Startpoint: _601_ (rising edge-triggered flip-flop)
Endpoint: dac[7] (output port clocked by clk)
Path Group: clk
Path Type: max
Corner: ff

Fanout     Cap    Slew   Delay    Time   Description
-----------------------------------------------------------------------------
                  0.10    0.00    0.00 ^ _601_/CLK (sky130_fd_sc_hd__dfrtp_1)
                  0.08    0.27    0.27 ^ _601_/Q (sky130_fd_sc_hd__dfrtp_1)
     2    0.01                           net51 (net)
                  0.08    0.00    0.27 ^ _611_/A (sky130_fd_sc_hd__clkbuf_1)
                  0.12    0.12    0.39 ^ _611_/X (sky130_fd_sc_hd__clkbuf_1)
     1    0.01                           net64 (net)
                  0.12    0.00    0.39 ^ output64/A (sky130_fd_sc_hd__buf_2)
                  0.13    0.17    0.56 ^ output64/X (sky130_fd_sc_hd__buf_2)
     1    0.03                           dac[7] (net)
                  0.13    0.00    0.56 ^ dac[7] (out)
                                  0.56   data arrival time

                         40.00   40.00   clock clk (rise edge)
                          0.00   40.00   clock network delay (propagated)
                         -0.25   39.75   clock uncertainty
                          0.00   39.75   clock reconvergence pessimism
                         -8.00   31.75   output external delay
                                 31.75   data required time
-----------------------------------------------------------------------------
                                 31.75   data required time
                                 -0.56   data arrival time
-----------------------------------------------------------------------------
                                 31.19   slack (MET)



===========================================================================
report_checks --slack_max -0.01
============================================================================

======================= Slowest Corner ===================================

No paths found.

======================= Typical Corner ===================================

No paths found.

======================= Fastest Corner ===================================

No paths found.
