
Circuit 1 cell sky130_fd_pr__nfet_01v8 and Circuit 2 cell sky130_fd_pr__nfet_01v8 are black boxes.
Warning: Equate pins:  cell sky130_fd_pr__nfet_01v8 is a placeholder, treated as a black box.
Warning: Equate pins:  cell sky130_fd_pr__nfet_01v8 is a placeholder, treated as a black box.

Subcircuit pins:
Circuit 1: sky130_fd_pr__nfet_01v8         |Circuit 2: sky130_fd_pr__nfet_01v8         
-------------------------------------------|-------------------------------------------
1                                          |1                                          
2                                          |2                                          
3                                          |3                                          
4                                          |4                                          
---------------------------------------------------------------------------------------
Cell pin lists are equivalent.
Device classes sky130_fd_pr__nfet_01v8 and sky130_fd_pr__nfet_01v8 are equivalent.

Class current_tails_1 (0):  Merged 8 parallel devices.
Subcircuit summary:
Circuit 1: current_tails_1                 |Circuit 2: current_tails_1                 
-------------------------------------------|-------------------------------------------
sky130_fd_pr__nfet_01v8 (12->4)            |sky130_fd_pr__nfet_01v8 (4)                
Number of devices: 4                       |Number of devices: 4                       
Number of nets: 5                          |Number of nets: 5                          
---------------------------------------------------------------------------------------
Resolving automorphisms by property value.
Netlists match uniquely.

Subcircuit pins:
Circuit 1: current_tails_1                 |Circuit 2: current_tails_1                 
-------------------------------------------|-------------------------------------------
in                                         |in                                         
swff                                       |swff                                       
swtt                                       |swtt                                       
swss                                       |swss                                       
vss                                        |vss                                        
---------------------------------------------------------------------------------------
Cell pin lists are equivalent.
Device classes current_tails_1 and current_tails_1 are equivalent.

Final result: Circuits match uniquely.
.
