
Circuit 1 cell sky130_fd_pr__pfet_01v8 and Circuit 2 cell sky130_fd_pr__pfet_01v8 are black boxes.
Warning: Equate pins:  cell sky130_fd_pr__pfet_01v8 is a placeholder, treated as a black box.
Warning: Equate pins:  cell sky130_fd_pr__pfet_01v8 is a placeholder, treated as a black box.

Subcircuit pins:
Circuit 1: sky130_fd_pr__pfet_01v8         |Circuit 2: sky130_fd_pr__pfet_01v8         
-------------------------------------------|-------------------------------------------
1                                          |1                                          
2                                          |2                                          
3                                          |3                                          
4                                          |4                                          
---------------------------------------------------------------------------------------
Cell pin lists are equivalent.
Device classes sky130_fd_pr__pfet_01v8 and sky130_fd_pr__pfet_01v8 are equivalent.

Circuit 1 cell sky130_fd_pr__nfet_01v8 and Circuit 2 cell sky130_fd_pr__nfet_01v8 are black boxes.
Warning: Equate pins:  cell sky130_fd_pr__nfet_01v8 is a placeholder, treated as a black box.
Warning: Equate pins:  cell sky130_fd_pr__nfet_01v8 is a placeholder, treated as a black box.

Subcircuit pins:
Circuit 1: sky130_fd_pr__nfet_01v8         |Circuit 2: sky130_fd_pr__nfet_01v8         
-------------------------------------------|-------------------------------------------
1                                          |1                                          
2                                          |2                                          
3                                          |3                                          
4                                          |4                                          
---------------------------------------------------------------------------------------
Cell pin lists are equivalent.
Device classes sky130_fd_pr__nfet_01v8 and sky130_fd_pr__nfet_01v8 are equivalent.
Flattening unmatched subcell sinv_p in circuit inv_simple1 (0)(1 instance)
Flattening unmatched subcell sinv_n in circuit inv_simple1 (0)(1 instance)

Class inv_simple1 (0):  Merged 6 parallel devices.
Subcircuit summary:
Circuit 1: inv_simple1                     |Circuit 2: inv_simple1                     
-------------------------------------------|-------------------------------------------
sky130_fd_pr__pfet_01v8 (6->2)             |sky130_fd_pr__pfet_01v8 (2)                
sky130_fd_pr__nfet_01v8 (4->2)             |sky130_fd_pr__nfet_01v8 (2)                
Number of devices: 4                       |Number of devices: 4                       
Number of nets: 4                          |Number of nets: 4                          
---------------------------------------------------------------------------------------
Netlists match uniquely.

Subcircuit pins:
Circuit 1: inv_simple1                     |Circuit 2: inv_simple1                     
-------------------------------------------|-------------------------------------------
out                                        |out                                        
in                                         |in                                         
vss                                        |vss                                        
vdd                                        |vdd                                        
---------------------------------------------------------------------------------------
Cell pin lists are equivalent.
Device classes inv_simple1 and inv_simple1 are equivalent.
Flattening unmatched subcell inv_simple2 in circuit inv_buffer2 (0)(1 instance)
Flattening unmatched subcell sinv2_p in circuit inv_buffer2 (0)(1 instance)
Flattening unmatched subcell sinv2_n in circuit inv_buffer2 (0)(1 instance)

Class inv_buffer2 (0):  Merged 12 parallel devices.
Subcircuit summary:
Circuit 1: inv_buffer2                     |Circuit 2: inv_buffer2                     
-------------------------------------------|-------------------------------------------
sky130_fd_pr__pfet_01v8 (10->2)            |sky130_fd_pr__pfet_01v8 (2)                
sky130_fd_pr__nfet_01v8 (6->2)             |sky130_fd_pr__nfet_01v8 (2)                
inv_simple1 (1)                            |inv_simple1 (1)                            
Number of devices: 5                       |Number of devices: 5                       
Number of nets: 5                          |Number of nets: 5                          
---------------------------------------------------------------------------------------
Netlists match uniquely.

Subcircuit pins:
Circuit 1: inv_buffer2                     |Circuit 2: inv_buffer2                     
-------------------------------------------|-------------------------------------------
in1                                        |in1                                        
vss                                        |vss                                        
vdd                                        |vdd                                        
out1                                       |out1                                       
---------------------------------------------------------------------------------------
Cell pin lists are equivalent.
Device classes inv_buffer2 and inv_buffer2 are equivalent.

Final result: Circuits match uniquely.
.
