
Circuit 1 cell sky130_fd_pr__res_high_po_2p85 and Circuit 2 cell sky130_fd_pr__res_high_po_2p85 are black boxes.
Warning: Equate pins:  cell sky130_fd_pr__res_high_po_2p85 is a placeholder, treated as a black box.
Warning: Equate pins:  cell sky130_fd_pr__res_high_po_2p85 is a placeholder, treated as a black box.

Subcircuit pins:
Circuit 1: sky130_fd_pr__res_high_po_2p85  |Circuit 2: sky130_fd_pr__res_high_po_2p85  
-------------------------------------------|-------------------------------------------
1                                          |1                                          
2                                          |2                                          
3                                          |3                                          
---------------------------------------------------------------------------------------
Cell pin lists are equivalent.
Device classes sky130_fd_pr__res_high_po_2p85 and sky130_fd_pr__res_high_po_2p85 are equivalent.
Flattening unmatched subcell sky130_fd_pr__res_high_po_2p85_DZGNGK in circuit r2r_8 (0)(2 instances)

Class r2r_8 (0):  Merged 8 parallel devices.
Class r2r_8 (0):  Merged 9 series devices.
Class r2r_8 (1):  Merged 8 parallel devices.
Subcircuit summary:
Circuit 1: r2r_8                           |Circuit 2: r2r_8                           
-------------------------------------------|-------------------------------------------
sky130_fd_pr__res_high_po_2p85 (34->17)    |sky130_fd_pr__res_high_po_2p85 (25->17)    
Number of devices: 17                      |Number of devices: 17                      
Number of nets: 17                         |Number of nets: 17                         
---------------------------------------------------------------------------------------
Netlists match uniquely.

Subcircuit pins:
Circuit 1: r2r_8                           |Circuit 2: r2r_8                           
-------------------------------------------|-------------------------------------------
vout                                       |vout                                       
vss                                        |vss                                        
b0                                         |b0                                         
b1                                         |b1                                         
b4                                         |b4                                         
b3                                         |b3                                         
b2                                         |b2                                         
b5                                         |b5                                         
b6                                         |b6                                         
b7                                         |b7                                         
---------------------------------------------------------------------------------------
Cell pin lists are equivalent.
Device classes r2r_8 and r2r_8 are equivalent.

Final result: Circuits match uniquely.
.
