
Circuit 1 cell sky130_fd_pr__pfet_01v8 and Circuit 2 cell sky130_fd_pr__pfet_01v8 are black boxes.
Warning: Equate pins:  cell sky130_fd_pr__pfet_01v8 is a placeholder, treated as a black box.
Warning: Equate pins:  cell sky130_fd_pr__pfet_01v8 is a placeholder, treated as a black box.

Subcircuit pins:
Circuit 1: sky130_fd_pr__pfet_01v8         |Circuit 2: sky130_fd_pr__pfet_01v8         
-------------------------------------------|-------------------------------------------
1                                          |1                                          
2                                          |2                                          
3                                          |3                                          
4                                          |4                                          
---------------------------------------------------------------------------------------
Cell pin lists are equivalent.
Device classes sky130_fd_pr__pfet_01v8 and sky130_fd_pr__pfet_01v8 are equivalent.

Circuit 1 cell sky130_fd_pr__nfet_01v8 and Circuit 2 cell sky130_fd_pr__nfet_01v8 are black boxes.
Warning: Equate pins:  cell sky130_fd_pr__nfet_01v8 is a placeholder, treated as a black box.
Warning: Equate pins:  cell sky130_fd_pr__nfet_01v8 is a placeholder, treated as a black box.

Subcircuit pins:
Circuit 1: sky130_fd_pr__nfet_01v8         |Circuit 2: sky130_fd_pr__nfet_01v8         
-------------------------------------------|-------------------------------------------
1                                          |1                                          
2                                          |2                                          
3                                          |3                                          
4                                          |4                                          
---------------------------------------------------------------------------------------
Cell pin lists are equivalent.
Device classes sky130_fd_pr__nfet_01v8 and sky130_fd_pr__nfet_01v8 are equivalent.
Flattening unmatched subcell sinv_p in circuit inv_simple1 (0)(1 instance)
Flattening unmatched subcell sinv_n in circuit inv_simple1 (0)(1 instance)

Class inv_simple1 (0):  Merged 6 parallel devices.
Subcircuit summary:
Circuit 1: inv_simple1                     |Circuit 2: inv_simple1                     
-------------------------------------------|-------------------------------------------
sky130_fd_pr__pfet_01v8 (6->2)             |sky130_fd_pr__pfet_01v8 (2)                
sky130_fd_pr__nfet_01v8 (4->2)             |sky130_fd_pr__nfet_01v8 (2)                
Number of devices: 4                       |Number of devices: 4                       
Number of nets: 4                          |Number of nets: 4                          
---------------------------------------------------------------------------------------
Netlists match uniquely.

Subcircuit pins:
Circuit 1: inv_simple1                     |Circuit 2: inv_simple1                     
-------------------------------------------|-------------------------------------------
out                                        |out                                        
in                                         |in                                         
vss                                        |vss                                        
vdd                                        |vdd                                        
---------------------------------------------------------------------------------------
Cell pin lists are equivalent.
Device classes inv_simple1 and inv_simple1 are equivalent.
Flattening unmatched subcell tg_1 in circuit tgate_1 (0)(1 instance)
Flattening unmatched subcell tg_p in circuit tgate_1 (0)(1 instance)
Flattening unmatched subcell tg_n in circuit tgate_1 (0)(1 instance)

Class tgate_1 (0):  Merged 4 parallel devices.
Subcircuit summary:
Circuit 1: tgate_1                         |Circuit 2: tgate_1                         
-------------------------------------------|-------------------------------------------
inv_simple1 (1)                            |inv_simple1 (1)                            
sky130_fd_pr__pfet_01v8 (4->2)             |sky130_fd_pr__pfet_01v8 (2)                
sky130_fd_pr__nfet_01v8 (4->2)             |sky130_fd_pr__nfet_01v8 (2)                
Number of devices: 5                       |Number of devices: 5                       
Number of nets: 6                          |Number of nets: 6                          
---------------------------------------------------------------------------------------
Netlists match uniquely.

Subcircuit pins:
Circuit 1: tgate_1                         |Circuit 2: tgate_1                         
-------------------------------------------|-------------------------------------------
sw_out                                     |sw_out                                     
vdd                                        |vdd                                        
vss                                        |vss                                        
sw                                         |sw                                         
sw_in                                      |sw_in                                      
---------------------------------------------------------------------------------------
Cell pin lists are equivalent.
Device classes tgate_1 and tgate_1 are equivalent.

Subcircuit summary:
Circuit 1: stf_ctrl                        |Circuit 2: stf_ctrl                        
-------------------------------------------|-------------------------------------------
tgate_1 (3)                                |tgate_1 (3)                                
Number of devices: 3                       |Number of devices: 3                       
Number of nets: 9                          |Number of nets: 9                          
---------------------------------------------------------------------------------------
Resolving automorphisms by property value.
Resolving automorphisms by pin name.
Netlists match uniquely.

Subcircuit pins:
Circuit 1: stf_ctrl                        |Circuit 2: stf_ctrl                        
-------------------------------------------|-------------------------------------------
swff                                       |swff                                       
swtt                                       |swtt                                       
swss                                       |swss                                       
b0                                         |b0                                         
b1                                         |b1                                         
b2                                         |b2                                         
vss                                        |vss                                        
vdd                                        |vdd                                        
vctrl                                      |vctrl                                      
---------------------------------------------------------------------------------------
Cell pin lists are equivalent.
Device classes stf_ctrl and stf_ctrl are equivalent.

Final result: Circuits match uniquely.
.
