OpenROAD v2.0-3074-g944855835 
This program is licensed under the BSD-3 license. See the LICENSE file for details.
Components of this program may be licensed under more restrictive licenses which must be honored.
[WARNING STA-0163] /foss/pdk/sky130A/libs.ref/sky130_fd_sc_hd/lib/sky130_fd_sc_hd__ff_n40C_1v95.lib line 23, default_fanout_load is 0.0.
[INFO ODB-0222] Reading LEF file: /foss/designs/ma2022/shiftregister/runs/RUN_2022.10.07_16.07.28/tmp/merged_unpadded.lef
[INFO ODB-0223]     Created 13 technology layers
[INFO ODB-0224]     Created 25 technology vias
[INFO ODB-0225]     Created 441 library cells
[INFO ODB-0226] Finished LEF file:  /foss/designs/ma2022/shiftregister/runs/RUN_2022.10.07_16.07.28/tmp/merged_unpadded.lef
[WARNING ORD-0033] -order_wires is deprecated.
[INFO ODB-0127] Reading DEF file: /foss/designs/ma2022/shiftregister/runs/RUN_2022.10.07_16.07.28/results/routing/shiftregister.def
[INFO ODB-0128] Design: shiftregister
[INFO ODB-0130]     Created 72 pins.
[INFO ODB-0131]     Created 1146 components and 5409 component-terminals.
[INFO ODB-0132]     Created 2 special nets and 4380 connections.
[INFO ODB-0133]     Created 406 nets and 1029 connections.
[INFO ODB-0134] Finished DEF file: /foss/designs/ma2022/shiftregister/runs/RUN_2022.10.07_16.07.28/results/routing/shiftregister.def
[INFO]: Setting RC values...
[INFO RCX-0431] Defined process_corner X with ext_model_index 0
[INFO RCX-0029] Defined extraction corner X
[INFO RCX-0008] extracting parasitics of shiftregister ...
Notice 0: Split top of 67 T shapes.
[INFO RCX-0435] Reading extraction model file /foss/pdk/sky130A/libs.tech/openlane/rcx_rules.info ...
[INFO RCX-0436] RC segment generation shiftregister (max_merge_res 50.0) ...
[INFO RCX-0040] Final 1097 rc segments
[INFO RCX-0439] Coupling Cap extraction shiftregister ...
[INFO RCX-0440] Coupling threshhold is 0.1000 fF, coupling capacitance less than 0.1000 fF will be grounded.
[INFO RCX-0043] 1955 wires to be extracted
[INFO RCX-0442] 53% completion -- 1038 wires have been extracted
[INFO RCX-0442] 100% completion -- 1955 wires have been extracted
[INFO RCX-0045] Extract 406 nets, 1503 rsegs, 1503 caps, 2225 ccs
[INFO RCX-0015] Finished extracting shiftregister.
[INFO RCX-0016] Writing SPEF ...
[INFO RCX-0443] 406 nets finished
[INFO RCX-0017] Finished writing SPEF ...
