First Layout: /foss/designs/ma2022/shiftregister/runs/RUN_2022.10.07_16.07.28/results/finishing/shiftregister.gds
Second Layout: /foss/designs/ma2022/shiftregister/runs/RUN_2022.10.07_16.07.28/results/finishing/shiftregister.klayout.gds
Design Name: shiftregister
Output GDS will be: /foss/designs/ma2022/shiftregister/runs/RUN_2022.10.07_16.07.28/reports/finishing/shiftregister.xor.xml
Reading /foss/designs/ma2022/shiftregister/runs/RUN_2022.10.07_16.07.28/results/finishing/shiftregister.gds ..
Reading /foss/designs/ma2022/shiftregister/runs/RUN_2022.10.07_16.07.28/results/finishing/shiftregister.klayout.gds ..
--- Running XOR for 122/16 ---
"input" in: xor.drc:38
    Polygons (raw): 1077 (flat)  21 (hierarchical)
    Elapsed: 0.020s  Memory: 708.00M
"input" in: xor.drc:38
    Polygons (raw): 1077 (flat)  21 (hierarchical)
    Elapsed: 0.020s  Memory: 708.00M
"^" in: xor.drc:38
    Polygons (raw): 0 (flat)  0 (hierarchical)
    Elapsed: 0.060s  Memory: 709.00M
XOR differences: 0
"output" in: xor.drc:40
    Polygons (raw): 0 (flat)  0 (hierarchical)
    Elapsed: 0.020s  Memory: 709.00M
--- Running XOR for 235/4 ---
"input" in: xor.drc:38
    Polygons (raw): 1 (flat)  1 (hierarchical)
    Elapsed: 0.020s  Memory: 709.00M
"input" in: xor.drc:38
    Polygons (raw): 1 (flat)  1 (hierarchical)
    Elapsed: 0.010s  Memory: 709.00M
"^" in: xor.drc:38
    Polygons (raw): 0 (flat)  0 (hierarchical)
    Elapsed: 0.020s  Memory: 709.00M
XOR differences: 0
"output" in: xor.drc:40
    Polygons (raw): 0 (flat)  0 (hierarchical)
    Elapsed: 0.020s  Memory: 709.00M
--- Running XOR for 236/0 ---
"input" in: xor.drc:38
    Polygons (raw): 899 (flat)  17 (hierarchical)
    Elapsed: 0.020s  Memory: 709.00M
"input" in: xor.drc:38
    Polygons (raw): 899 (flat)  17 (hierarchical)
    Elapsed: 0.020s  Memory: 709.00M
"^" in: xor.drc:38
    Polygons (raw): 0 (flat)  0 (hierarchical)
    Elapsed: 0.040s  Memory: 709.00M
XOR differences: 0
"output" in: xor.drc:40
    Polygons (raw): 0 (flat)  0 (hierarchical)
    Elapsed: 0.020s  Memory: 709.00M
--- Running XOR for 64/16 ---
"input" in: xor.drc:38
    Polygons (raw): 1077 (flat)  21 (hierarchical)
    Elapsed: 0.010s  Memory: 709.00M
"input" in: xor.drc:38
    Polygons (raw): 1077 (flat)  21 (hierarchical)
    Elapsed: 0.010s  Memory: 709.00M
"^" in: xor.drc:38
    Polygons (raw): 0 (flat)  0 (hierarchical)
    Elapsed: 0.050s  Memory: 709.00M
XOR differences: 0
"output" in: xor.drc:40
    Polygons (raw): 0 (flat)  0 (hierarchical)
    Elapsed: 0.020s  Memory: 709.00M
--- Running XOR for 64/20 ---
"input" in: xor.drc:38
    Polygons (raw): 1146 (flat)  20 (hierarchical)
    Elapsed: 0.020s  Memory: 709.00M
"input" in: xor.drc:38
    Polygons (raw): 1146 (flat)  20 (hierarchical)
    Elapsed: 0.020s  Memory: 709.00M
"^" in: xor.drc:38
    Polygons (raw): 0 (flat)  0 (hierarchical)
    Elapsed: 0.050s  Memory: 709.00M
XOR differences: 0
"output" in: xor.drc:40
    Polygons (raw): 0 (flat)  0 (hierarchical)
    Elapsed: 0.020s  Memory: 709.00M
--- Running XOR for 64/5 ---
"input" in: xor.drc:38
    Polygons (raw): 0 (flat)  0 (hierarchical)
    Elapsed: 0.010s  Memory: 709.00M
"input" in: xor.drc:38
    Polygons (raw): 0 (flat)  0 (hierarchical)
    Elapsed: 0.010s  Memory: 709.00M
"^" in: xor.drc:38
    Polygons (raw): 0 (flat)  0 (hierarchical)
    Elapsed: 0.020s  Memory: 709.00M
XOR differences: 0
"output" in: xor.drc:40
    Polygons (raw): 0 (flat)  0 (hierarchical)
    Elapsed: 0.020s  Memory: 709.00M
--- Running XOR for 64/59 ---
"input" in: xor.drc:38
    Polygons (raw): 0 (flat)  0 (hierarchical)
    Elapsed: 0.020s  Memory: 709.00M
"input" in: xor.drc:38
    Polygons (raw): 0 (flat)  0 (hierarchical)
    Elapsed: 0.020s  Memory: 709.00M
"^" in: xor.drc:38
    Polygons (raw): 0 (flat)  0 (hierarchical)
    Elapsed: 0.030s  Memory: 709.00M
XOR differences: 0
"output" in: xor.drc:40
    Polygons (raw): 0 (flat)  0 (hierarchical)
    Elapsed: 0.020s  Memory: 709.00M
--- Running XOR for 65/20 ---
"input" in: xor.drc:38
    Polygons (raw): 2145 (flat)  54 (hierarchical)
    Elapsed: 0.020s  Memory: 709.00M
"input" in: xor.drc:38
    Polygons (raw): 2145 (flat)  54 (hierarchical)
    Elapsed: 0.020s  Memory: 709.00M
"^" in: xor.drc:38
    Polygons (raw): 0 (flat)  0 (hierarchical)
    Elapsed: 0.060s  Memory: 709.00M
XOR differences: 0
"output" in: xor.drc:40
    Polygons (raw): 0 (flat)  0 (hierarchical)
    Elapsed: 0.020s  Memory: 709.00M
--- Running XOR for 65/44 ---
"input" in: xor.drc:38
    Polygons (raw): 204 (flat)  2 (hierarchical)
    Elapsed: 0.020s  Memory: 709.00M
"input" in: xor.drc:38
    Polygons (raw): 204 (flat)  2 (hierarchical)
    Elapsed: 0.010s  Memory: 709.00M
"^" in: xor.drc:38
    Polygons (raw): 0 (flat)  0 (hierarchical)
    Elapsed: 0.030s  Memory: 709.00M
XOR differences: 0
"output" in: xor.drc:40
    Polygons (raw): 0 (flat)  0 (hierarchical)
    Elapsed: 0.020s  Memory: 709.00M
--- Running XOR for 66/20 ---
"input" in: xor.drc:38
    Polygons (raw): 3200 (flat)  88 (hierarchical)
    Elapsed: 0.020s  Memory: 709.00M
"input" in: xor.drc:38
    Polygons (raw): 3200 (flat)  88 (hierarchical)
    Elapsed: 0.010s  Memory: 709.00M
"^" in: xor.drc:38
    Polygons (raw): 0 (flat)  0 (hierarchical)
    Elapsed: 0.110s  Memory: 709.00M
XOR differences: 0
"output" in: xor.drc:40
    Polygons (raw): 0 (flat)  0 (hierarchical)
    Elapsed: 0.020s  Memory: 709.00M
--- Running XOR for 66/44 ---
"input" in: xor.drc:38
    Polygons (raw): 13696 (flat)  407 (hierarchical)
    Elapsed: 0.020s  Memory: 709.00M
"input" in: xor.drc:38
    Polygons (raw): 13696 (flat)  407 (hierarchical)
    Elapsed: 0.020s  Memory: 709.00M
"^" in: xor.drc:38
    Polygons (raw): 0 (flat)  0 (hierarchical)
    Elapsed: 0.190s  Memory: 709.00M
XOR differences: 0
"output" in: xor.drc:40
    Polygons (raw): 0 (flat)  0 (hierarchical)
    Elapsed: 0.020s  Memory: 709.00M
--- Running XOR for 67/16 ---
"input" in: xor.drc:38
    Polygons (raw): 2213 (flat)  82 (hierarchical)
    Elapsed: 0.010s  Memory: 709.00M
"input" in: xor.drc:38
    Polygons (raw): 2213 (flat)  82 (hierarchical)
    Elapsed: 0.020s  Memory: 709.00M
"^" in: xor.drc:38
    Polygons (raw): 0 (flat)  0 (hierarchical)
    Elapsed: 0.050s  Memory: 709.00M
XOR differences: 0
"output" in: xor.drc:40
    Polygons (raw): 0 (flat)  0 (hierarchical)
    Elapsed: 0.020s  Memory: 709.00M
--- Running XOR for 67/20 ---
"input" in: xor.drc:38
    Polygons (raw): 6108 (flat)  1150 (hierarchical)
    Elapsed: 0.020s  Memory: 709.00M
"input" in: xor.drc:38
    Polygons (raw): 6108 (flat)  154 (hierarchical)
    Elapsed: 0.020s  Memory: 709.00M
"^" in: xor.drc:38
    Polygons (raw): 0 (flat)  0 (hierarchical)
    Elapsed: 0.210s  Memory: 715.00M
XOR differences: 0
"output" in: xor.drc:40
    Polygons (raw): 0 (flat)  0 (hierarchical)
    Elapsed: 0.010s  Memory: 715.00M
--- Running XOR for 67/44 ---
"input" in: xor.drc:38
    Polygons (raw): 13669 (flat)  1333 (hierarchical)
    Elapsed: 0.020s  Memory: 715.00M
"input" in: xor.drc:38
    Polygons (raw): 13669 (flat)  337 (hierarchical)
    Elapsed: 0.020s  Memory: 715.00M
"^" in: xor.drc:38
    Polygons (raw): 0 (flat)  0 (hierarchical)
    Elapsed: 0.180s  Memory: 715.00M
XOR differences: 0
"output" in: xor.drc:40
    Polygons (raw): 0 (flat)  0 (hierarchical)
    Elapsed: 0.020s  Memory: 715.00M
--- Running XOR for 67/5 ---
"input" in: xor.drc:38
    Polygons (raw): 0 (flat)  0 (hierarchical)
    Elapsed: 0.020s  Memory: 715.00M
"input" in: xor.drc:38
    Polygons (raw): 0 (flat)  0 (hierarchical)
    Elapsed: 0.020s  Memory: 715.00M
"^" in: xor.drc:38
    Polygons (raw): 0 (flat)  0 (hierarchical)
    Elapsed: 0.030s  Memory: 715.00M
XOR differences: 0
"output" in: xor.drc:40
    Polygons (raw): 0 (flat)  0 (hierarchical)
    Elapsed: 0.010s  Memory: 715.00M
--- Running XOR for 68/16 ---
"input" in: xor.drc:38
    Polygons (raw): 2350 (flat)  42 (hierarchical)
    Elapsed: 0.020s  Memory: 715.00M
"input" in: xor.drc:38
    Polygons (raw): 2350 (flat)  42 (hierarchical)
    Elapsed: 0.020s  Memory: 715.00M
"^" in: xor.drc:38
    Polygons (raw): 0 (flat)  0 (hierarchical)
    Elapsed: 0.070s  Memory: 715.00M
XOR differences: 0
"output" in: xor.drc:40
    Polygons (raw): 0 (flat)  0 (hierarchical)
    Elapsed: 0.020s  Memory: 715.00M
--- Running XOR for 68/20 ---
"input" in: xor.drc:38
    Polygons (raw): 7367 (flat)  4813 (hierarchical)
    Elapsed: 0.010s  Memory: 715.00M
"input" in: xor.drc:38
    Polygons (raw): 6183 (flat)  1484 (hierarchical)
    Elapsed: 0.020s  Memory: 715.00M
"^" in: xor.drc:38
    Polygons (raw): 0 (flat)  0 (hierarchical)
    Elapsed: 0.150s  Memory: 715.00M
XOR differences: 0
"output" in: xor.drc:40
    Polygons (raw): 0 (flat)  0 (hierarchical)
    Elapsed: 0.020s  Memory: 715.00M
--- Running XOR for 68/44 ---
"input" in: xor.drc:38
    Polygons (raw): 1479 (flat)  1479 (hierarchical)
    Elapsed: 0.020s  Memory: 715.00M
"input" in: xor.drc:38
    Polygons (raw): 1479 (flat)  6 (hierarchical)
    Elapsed: 0.010s  Memory: 715.00M
"^" in: xor.drc:38
    Polygons (raw): 660 (flat)  660 (hierarchical)
    Elapsed: 0.040s  Memory: 715.00M
XOR differences: 660
"output" in: xor.drc:40
    Polygons (raw): 660 (flat)  660 (hierarchical)
    Elapsed: 0.020s  Memory: 715.00M
--- Running XOR for 68/5 ---
"input" in: xor.drc:38
    Polygons (raw): 0 (flat)  0 (hierarchical)
    Elapsed: 0.020s  Memory: 715.00M
"input" in: xor.drc:38
    Polygons (raw): 0 (flat)  0 (hierarchical)
    Elapsed: 0.020s  Memory: 715.00M
"^" in: xor.drc:38
    Polygons (raw): 0 (flat)  0 (hierarchical)
    Elapsed: 0.030s  Memory: 715.00M
XOR differences: 0
"output" in: xor.drc:40
    Polygons (raw): 0 (flat)  0 (hierarchical)
    Elapsed: 0.020s  Memory: 715.00M
--- Running XOR for 69/16 ---
"input" in: xor.drc:38
    Polygons (raw): 34 (flat)  34 (hierarchical)
    Elapsed: 0.020s  Memory: 715.00M
"input" in: xor.drc:38
    Polygons (raw): 34 (flat)  34 (hierarchical)
    Elapsed: 0.020s  Memory: 715.00M
"^" in: xor.drc:38
    Polygons (raw): 0 (flat)  0 (hierarchical)
    Elapsed: 0.020s  Memory: 715.00M
XOR differences: 0
"output" in: xor.drc:40
    Polygons (raw): 0 (flat)  0 (hierarchical)
    Elapsed: 0.020s  Memory: 715.00M
--- Running XOR for 69/20 ---
"input" in: xor.drc:38
    Polygons (raw): 1989 (flat)  1989 (hierarchical)
    Elapsed: 0.020s  Memory: 715.00M
"input" in: xor.drc:38
    Polygons (raw): 2038 (flat)  771 (hierarchical)
    Elapsed: 0.020s  Memory: 715.00M
"^" in: xor.drc:38
    Polygons (raw): 166 (flat)  166 (hierarchical)
    Elapsed: 0.070s  Memory: 715.00M
XOR differences: 166
"output" in: xor.drc:40
    Polygons (raw): 166 (flat)  166 (hierarchical)
    Elapsed: 0.010s  Memory: 715.00M
--- Running XOR for 69/44 ---
"input" in: xor.drc:38
    Polygons (raw): 366 (flat)  366 (hierarchical)
    Elapsed: 0.020s  Memory: 715.00M
"input" in: xor.drc:38
    Polygons (raw): 366 (flat)  5 (hierarchical)
    Elapsed: 0.010s  Memory: 715.00M
"^" in: xor.drc:38
    Polygons (raw): 528 (flat)  528 (hierarchical)
    Elapsed: 0.030s  Memory: 715.00M
XOR differences: 528
"output" in: xor.drc:40
    Polygons (raw): 528 (flat)  528 (hierarchical)
    Elapsed: 0.030s  Memory: 715.00M
--- Running XOR for 69/5 ---
"input" in: xor.drc:38
    Polygons (raw): 0 (flat)  0 (hierarchical)
    Elapsed: 0.020s  Memory: 715.00M
"input" in: xor.drc:38
    Polygons (raw): 0 (flat)  0 (hierarchical)
    Elapsed: 0.020s  Memory: 715.00M
"^" in: xor.drc:38
    Polygons (raw): 0 (flat)  0 (hierarchical)
    Elapsed: 0.020s  Memory: 715.00M
XOR differences: 0
"output" in: xor.drc:40
    Polygons (raw): 0 (flat)  0 (hierarchical)
    Elapsed: 0.020s  Memory: 715.00M
--- Running XOR for 70/16 ---
"input" in: xor.drc:38
    Polygons (raw): 36 (flat)  36 (hierarchical)
    Elapsed: 0.020s  Memory: 715.00M
"input" in: xor.drc:38
    Polygons (raw): 36 (flat)  36 (hierarchical)
    Elapsed: 0.020s  Memory: 715.00M
"^" in: xor.drc:38
    Polygons (raw): 0 (flat)  0 (hierarchical)
    Elapsed: 0.020s  Memory: 715.00M
XOR differences: 0
"output" in: xor.drc:40
    Polygons (raw): 0 (flat)  0 (hierarchical)
    Elapsed: 0.020s  Memory: 715.00M
--- Running XOR for 70/20 ---
"input" in: xor.drc:38
    Polygons (raw): 267 (flat)  267 (hierarchical)
    Elapsed: 0.030s  Memory: 715.00M
"input" in: xor.drc:38
    Polygons (raw): 239 (flat)  40 (hierarchical)
    Elapsed: 0.020s  Memory: 715.00M
"^" in: xor.drc:38
    Polygons (raw): 168 (flat)  168 (hierarchical)
    Elapsed: 0.020s  Memory: 715.00M
XOR differences: 168
"output" in: xor.drc:40
    Polygons (raw): 168 (flat)  168 (hierarchical)
    Elapsed: 0.020s  Memory: 715.00M
--- Running XOR for 70/44 ---
"input" in: xor.drc:38
    Polygons (raw): 328 (flat)  328 (hierarchical)
    Elapsed: 0.020s  Memory: 715.00M
"input" in: xor.drc:38
    Polygons (raw): 328 (flat)  4 (hierarchical)
    Elapsed: 0.020s  Memory: 715.00M
"^" in: xor.drc:38
    Polygons (raw): 528 (flat)  528 (hierarchical)
    Elapsed: 0.030s  Memory: 715.00M
XOR differences: 528
"output" in: xor.drc:40
    Polygons (raw): 528 (flat)  528 (hierarchical)
    Elapsed: 0.020s  Memory: 715.00M
--- Running XOR for 70/5 ---
"input" in: xor.drc:38
    Polygons (raw): 0 (flat)  0 (hierarchical)
    Elapsed: 0.010s  Memory: 715.00M
"input" in: xor.drc:38
    Polygons (raw): 0 (flat)  0 (hierarchical)
    Elapsed: 0.020s  Memory: 715.00M
"^" in: xor.drc:38
    Polygons (raw): 0 (flat)  0 (hierarchical)
    Elapsed: 0.020s  Memory: 715.00M
XOR differences: 0
"output" in: xor.drc:40
    Polygons (raw): 0 (flat)  0 (hierarchical)
    Elapsed: 0.020s  Memory: 715.00M
--- Running XOR for 71/16 ---
"input" in: xor.drc:38
    Polygons (raw): 5 (flat)  5 (hierarchical)
    Elapsed: 0.020s  Memory: 715.00M
"input" in: xor.drc:38
    Polygons (raw): 5 (flat)  5 (hierarchical)
    Elapsed: 0.020s  Memory: 715.00M
"^" in: xor.drc:38
    Polygons (raw): 8 (flat)  8 (hierarchical)
    Elapsed: 0.020s  Memory: 715.00M
XOR differences: 8
"output" in: xor.drc:40
    Polygons (raw): 8 (flat)  8 (hierarchical)
    Elapsed: 0.030s  Memory: 715.00M
--- Running XOR for 71/20 ---
"input" in: xor.drc:38
    Polygons (raw): 5 (flat)  5 (hierarchical)
    Elapsed: 0.020s  Memory: 715.00M
"input" in: xor.drc:38
    Polygons (raw): 100 (flat)  7 (hierarchical)
    Elapsed: 0.020s  Memory: 715.00M
"^" in: xor.drc:38
    Polygons (raw): 8 (flat)  8 (hierarchical)
    Elapsed: 0.020s  Memory: 715.00M
XOR differences: 8
"output" in: xor.drc:40
    Polygons (raw): 8 (flat)  8 (hierarchical)
    Elapsed: 0.020s  Memory: 715.00M
--- Running XOR for 71/44 ---
"input" in: xor.drc:38
    Polygons (raw): 13 (flat)  13 (hierarchical)
    Elapsed: 0.020s  Memory: 715.00M
"input" in: xor.drc:38
    Polygons (raw): 13 (flat)  1 (hierarchical)
    Elapsed: 0.020s  Memory: 715.00M
"^" in: xor.drc:38
    Polygons (raw): 16 (flat)  16 (hierarchical)
    Elapsed: 0.030s  Memory: 715.00M
XOR differences: 16
"output" in: xor.drc:40
    Polygons (raw): 16 (flat)  16 (hierarchical)
    Elapsed: 0.020s  Memory: 715.00M
--- Running XOR for 71/5 ---
"input" in: xor.drc:38
    Polygons (raw): 0 (flat)  0 (hierarchical)
    Elapsed: 0.010s  Memory: 715.00M
"input" in: xor.drc:38
    Polygons (raw): 0 (flat)  0 (hierarchical)
    Elapsed: 0.020s  Memory: 715.00M
"^" in: xor.drc:38
    Polygons (raw): 0 (flat)  0 (hierarchical)
    Elapsed: 0.020s  Memory: 715.00M
XOR differences: 0
"output" in: xor.drc:40
    Polygons (raw): 0 (flat)  0 (hierarchical)
    Elapsed: 0.020s  Memory: 715.00M
--- Running XOR for 72/16 ---
"input" in: xor.drc:38
    Polygons (raw): 5 (flat)  5 (hierarchical)
    Elapsed: 0.020s  Memory: 715.00M
"input" in: xor.drc:38
    Polygons (raw): 5 (flat)  5 (hierarchical)
    Elapsed: 0.020s  Memory: 715.00M
"^" in: xor.drc:38
    Polygons (raw): 8 (flat)  8 (hierarchical)
    Elapsed: 0.030s  Memory: 715.00M
XOR differences: 8
"output" in: xor.drc:40
    Polygons (raw): 8 (flat)  8 (hierarchical)
    Elapsed: 0.020s  Memory: 715.00M
--- Running XOR for 72/20 ---
"input" in: xor.drc:38
    Polygons (raw): 5 (flat)  5 (hierarchical)
    Elapsed: 0.010s  Memory: 715.00M
"input" in: xor.drc:38
    Polygons (raw): 18 (flat)  6 (hierarchical)
    Elapsed: 0.010s  Memory: 715.00M
"^" in: xor.drc:38
    Polygons (raw): 8 (flat)  8 (hierarchical)
    Elapsed: 0.030s  Memory: 715.00M
XOR differences: 8
"output" in: xor.drc:40
    Polygons (raw): 8 (flat)  8 (hierarchical)
    Elapsed: 0.020s  Memory: 715.00M
--- Running XOR for 72/5 ---
"input" in: xor.drc:38
    Polygons (raw): 0 (flat)  0 (hierarchical)
    Elapsed: 0.020s  Memory: 715.00M
"input" in: xor.drc:38
    Polygons (raw): 0 (flat)  0 (hierarchical)
    Elapsed: 0.010s  Memory: 715.00M
"^" in: xor.drc:38
    Polygons (raw): 0 (flat)  0 (hierarchical)
    Elapsed: 0.010s  Memory: 715.00M
XOR differences: 0
"output" in: xor.drc:40
    Polygons (raw): 0 (flat)  0 (hierarchical)
    Elapsed: 0.020s  Memory: 715.00M
--- Running XOR for 78/44 ---
"input" in: xor.drc:38
    Polygons (raw): 1205 (flat)  23 (hierarchical)
    Elapsed: 0.010s  Memory: 715.00M
"input" in: xor.drc:38
    Polygons (raw): 1205 (flat)  23 (hierarchical)
    Elapsed: 0.010s  Memory: 715.00M
"^" in: xor.drc:38
    Polygons (raw): 0 (flat)  0 (hierarchical)
    Elapsed: 0.040s  Memory: 715.00M
XOR differences: 0
"output" in: xor.drc:40
    Polygons (raw): 0 (flat)  0 (hierarchical)
    Elapsed: 0.020s  Memory: 715.00M
--- Running XOR for 81/23 ---
"input" in: xor.drc:38
    Polygons (raw): 2 (flat)  1 (hierarchical)
    Elapsed: 0.020s  Memory: 715.00M
"input" in: xor.drc:38
    Polygons (raw): 2 (flat)  1 (hierarchical)
    Elapsed: 0.020s  Memory: 715.00M
"^" in: xor.drc:38
    Polygons (raw): 0 (flat)  0 (hierarchical)
    Elapsed: 0.020s  Memory: 715.00M
XOR differences: 0
"output" in: xor.drc:40
    Polygons (raw): 0 (flat)  0 (hierarchical)
    Elapsed: 0.020s  Memory: 715.00M
--- Running XOR for 81/4 ---
"input" in: xor.drc:38
    Polygons (raw): 1146 (flat)  20 (hierarchical)
    Elapsed: 0.020s  Memory: 715.00M
"input" in: xor.drc:38
    Polygons (raw): 1146 (flat)  20 (hierarchical)
    Elapsed: 0.020s  Memory: 715.00M
"^" in: xor.drc:38
    Polygons (raw): 0 (flat)  0 (hierarchical)
    Elapsed: 0.040s  Memory: 715.00M
XOR differences: 0
"output" in: xor.drc:40
    Polygons (raw): 0 (flat)  0 (hierarchical)
    Elapsed: 0.020s  Memory: 715.00M
--- Running XOR for 83/44 ---
"input" in: xor.drc:38
    Polygons (raw): 0 (flat)  0 (hierarchical)
    Elapsed: 0.020s  Memory: 715.00M
"input" in: xor.drc:38
    Polygons (raw): 0 (flat)  0 (hierarchical)
    Elapsed: 0.020s  Memory: 715.00M
"^" in: xor.drc:38
    Polygons (raw): 0 (flat)  0 (hierarchical)
    Elapsed: 0.030s  Memory: 715.00M
XOR differences: 0
"output" in: xor.drc:40
    Polygons (raw): 0 (flat)  0 (hierarchical)
    Elapsed: 0.020s  Memory: 715.00M
--- Running XOR for 93/44 ---
"input" in: xor.drc:38
    Polygons (raw): 1248 (flat)  21 (hierarchical)
    Elapsed: 0.010s  Memory: 715.00M
"input" in: xor.drc:38
    Polygons (raw): 1248 (flat)  21 (hierarchical)
    Elapsed: 0.010s  Memory: 715.00M
"^" in: xor.drc:38
    Polygons (raw): 0 (flat)  0 (hierarchical)
    Elapsed: 0.050s  Memory: 715.00M
XOR differences: 0
"output" in: xor.drc:40
    Polygons (raw): 0 (flat)  0 (hierarchical)
    Elapsed: 0.020s  Memory: 715.00M
--- Running XOR for 94/20 ---
"input" in: xor.drc:38
    Polygons (raw): 1248 (flat)  21 (hierarchical)
    Elapsed: 0.020s  Memory: 715.00M
"input" in: xor.drc:38
    Polygons (raw): 1248 (flat)  21 (hierarchical)
    Elapsed: 0.020s  Memory: 715.00M
"^" in: xor.drc:38
    Polygons (raw): 0 (flat)  0 (hierarchical)
    Elapsed: 0.060s  Memory: 715.00M
XOR differences: 0
"output" in: xor.drc:40
    Polygons (raw): 0 (flat)  0 (hierarchical)
    Elapsed: 0.010s  Memory: 715.00M
--- Running XOR for 95/20 ---
"input" in: xor.drc:38
    Polygons (raw): 930 (flat)  19 (hierarchical)
    Elapsed: 0.020s  Memory: 715.00M
"input" in: xor.drc:38
    Polygons (raw): 930 (flat)  19 (hierarchical)
    Elapsed: 0.020s  Memory: 715.00M
"^" in: xor.drc:38
    Polygons (raw): 0 (flat)  0 (hierarchical)
    Elapsed: 0.050s  Memory: 715.00M
XOR differences: 0
"output" in: xor.drc:40
    Polygons (raw): 0 (flat)  0 (hierarchical)
    Elapsed: 0.020s  Memory: 715.00M
Writing report database: /foss/designs/ma2022/shiftregister/runs/RUN_2022.10.07_16.07.28/reports/finishing/shiftregister.xor.xml ..
Total elapsed: 4.640s  Memory: 715.00M
