2022-09-04 06:17:34 - [INFO] - {{EXTRACTING FILES}} Extracting compressed files in: /home/christof/caravel_user_project_analog
2022-09-04 06:17:34 - [INFO] - {{Project Type Info}} analog
2022-09-04 06:17:34 - [INFO] - {{Project GDS Info}} user_analog_project_wrapper: 0dc249e37df7c41eee0141d71c7dae56c2957b0a
2022-09-04 06:17:35 - [INFO] - {{Tools Info}} KLayout: v0.27.10 | Magic: v8.3.315
2022-09-04 06:17:35 - [ERROR] - MPW Precheck failed to get Open PDKs & Skywater PDK versions: Command '['git', '-C', '/home/christof/pdk/open_pdks', 'rev-parse', '--verify', 'HEAD']' returned non-zero exit status 128.
2022-09-04 06:17:35 - [INFO] - {{START}} Precheck Started, the full log 'precheck.log' will be located in '/home/christof/caravel_user_project_analog/precheck_results/04_SEP_2022___06_17_34/logs'
2022-09-04 06:17:35 - [INFO] - {{PRECHECK SEQUENCE}} Precheck will run the following checks: [License, Makefile, Default, Documentation, Consistency, XOR, Magic DRC, Klayout FEOL, Klayout BEOL, Klayout Offgrid, Klayout Metal Minimum Clear Area Density, Klayout Pin Label Purposes Overlapping Drawing, Klayout ZeroArea]
2022-09-04 06:17:35 - [INFO] - {{STEP UPDATE}} Executing Check 1 of 13: License
2022-09-04 06:17:38 - [INFO] - An approved LICENSE (Apache-2.0) was found in /home/christof/caravel_user_project_analog.
2022-09-04 06:17:38 - [INFO] - {{MAIN LICENSE CHECK PASSED}} An approved LICENSE was found in project root.
2022-09-04 06:17:41 - [INFO] - An approved LICENSE (Apache-2.0) was found in /home/christof/caravel_user_project_analog.
2022-09-04 06:17:41 - [INFO] - {{SUBMODULES LICENSE CHECK PASSED}} No prohibited LICENSE file(s) was found in project submodules
2022-09-04 06:17:41 - [INFO] - {{SPDX COMPLIANCE CHECK PASSED}} Project is compliant with the SPDX Standard
2022-09-04 06:17:41 - [INFO] - {{STEP UPDATE}} Executing Check 2 of 13: Makefile
2022-09-04 06:17:41 - [INFO] - {{MAKEFILE CHECK PASSED}} Makefile valid.
2022-09-04 06:17:41 - [INFO] - {{STEP UPDATE}} Executing Check 3 of 13: Default
2022-09-04 06:17:41 - [WARNING] - The provided 'README.md' is identical to the default 'README.md'
2022-09-04 06:17:41 - [WARNING] - {{README DEFAULT CHECK FAILED}} Project 'README.md' was not modified and is identical to the default 'README.md'
2022-09-04 06:17:41 - [INFO] - {{CONTENT DEFAULT CHECK PASSED}} Project 'gds' was modified and is not identical to the default 'gds'
2022-09-04 06:17:41 - [INFO] - {{STEP UPDATE}} Executing Check 4 of 13: Documentation
2022-09-04 06:17:41 - [INFO] - {{DOCUMENTATION CHECK PASSED}} Project documentation is appropriate.
2022-09-04 06:17:41 - [INFO] - {{STEP UPDATE}} Executing Check 5 of 13: Consistency
2022-09-04 06:17:46 - [INFO] - HIERARCHY CHECK PASSED: Module user_analog_project_wrapper is instantiated in caravan. 
2022-09-04 06:17:46 - [INFO] - COMPLEXITY CHECK PASSED: Netlist caravan contains at least 8 instances (68 instances). 
2022-09-04 06:17:46 - [INFO] - MODELING CHECK PASSED: Netlist caravan is structural.
2022-09-04 06:17:46 - [WARNING] - SUBMODULE HOOKS CHECK FAILED: The user power port vccd1 is not connected to the correct power domain in the top level netlist. It is connected to mprj/vccd1 but it should be connected to vccd1_core.
2022-09-04 06:17:46 - [WARNING] - {{NETLIST CONSISTENCY CHECK FAILED}} caravan netlist failed 1 consistency check(s): ['SUBMODULE HOOKS'].
2022-09-04 06:17:46 - [INFO] - PORTS CHECK PASSED: Netlist user_analog_project_wrapper ports match the golden wrapper ports
2022-09-04 06:17:46 - [INFO] - COMPLEXITY CHECK PASSED: Netlist user_analog_project_wrapper contains at least 1 instances (11 instances). 
2022-09-04 06:17:46 - [INFO] - MODELING CHECK PASSED: Netlist user_analog_project_wrapper is structural.
2022-09-04 06:17:46 - [WARNING] - LAYOUT CHECK FAILED: The GDS layout for user_analog_project_wrapper doesn't match the provided structural netlist. Mismatching modules are: ['pin_dummy']
2022-09-04 06:17:46 - [WARNING] - {{NETLIST CONSISTENCY CHECK FAILED}} user_analog_project_wrapper netlist failed 1 consistency check(s): ['LAYOUT'].
2022-09-04 06:17:46 - [WARNING] - {{CONSISTENCY CHECK FAILED}} The user netlist and the top netlist are not valid.
2022-09-04 06:17:46 - [INFO] - {{STEP UPDATE}} Executing Check 6 of 13: XOR
2022-09-04 06:17:51 - [INFO] - {{XOR CHECK UPDATE}} Total XOR differences: 0, for more details view /home/christof/caravel_user_project_analog/precheck_results/04_SEP_2022___06_17_34/outputs/user_analog_project_wrapper.xor.gds
2022-09-04 06:17:51 - [INFO] - {{XOR CHECK PASSED}} The GDS file has no XOR violations.
2022-09-04 06:17:51 - [INFO] - {{STEP UPDATE}} Executing Check 7 of 13: Magic DRC
2022-09-04 06:17:51 - [INFO] - 0 DRC violations
2022-09-04 06:17:51 - [INFO] - {{MAGIC DRC CHECK PASSED}} The GDS file, user_analog_project_wrapper.gds, has no DRC violations.
2022-09-04 06:17:51 - [INFO] - {{STEP UPDATE}} Executing Check 8 of 13: Klayout FEOL
2022-09-04 06:17:56 - [INFO] - No DRC Violations found
2022-09-04 06:17:56 - [INFO] - {{Klayout FEOL CHECK PASSED}} The GDS file, user_analog_project_wrapper.gds, has no DRC violations.
2022-09-04 06:17:56 - [INFO] - {{STEP UPDATE}} Executing Check 9 of 13: Klayout BEOL
2022-09-04 06:18:02 - [INFO] - No DRC Violations found
2022-09-04 06:18:02 - [INFO] - {{Klayout BEOL CHECK PASSED}} The GDS file, user_analog_project_wrapper.gds, has no DRC violations.
2022-09-04 06:18:02 - [INFO] - {{STEP UPDATE}} Executing Check 10 of 13: Klayout Offgrid
2022-09-04 06:18:07 - [INFO] - No DRC Violations found
2022-09-04 06:18:07 - [INFO] - {{Klayout Offgrid CHECK PASSED}} The GDS file, user_analog_project_wrapper.gds, has no DRC violations.
2022-09-04 06:18:07 - [INFO] - {{STEP UPDATE}} Executing Check 11 of 13: Klayout Metal Minimum Clear Area Density
2022-09-04 06:18:09 - [INFO] - No DRC Violations found
2022-09-04 06:18:09 - [INFO] - {{Klayout Metal Minimum Clear Area Density CHECK PASSED}} The GDS file, user_analog_project_wrapper.gds, has no DRC violations.
2022-09-04 06:18:09 - [INFO] - {{STEP UPDATE}} Executing Check 12 of 13: Klayout Pin Label Purposes Overlapping Drawing
2022-09-04 06:18:12 - [INFO] - No DRC Violations found
2022-09-04 06:18:12 - [INFO] - {{Klayout Pin Label Purposes Overlapping Drawing CHECK PASSED}} The GDS file, user_analog_project_wrapper.gds, has no DRC violations.
2022-09-04 06:18:12 - [INFO] - {{STEP UPDATE}} Executing Check 13 of 13: Klayout ZeroArea
2022-09-04 06:18:14 - [INFO] - No DRC Violations found
2022-09-04 06:18:14 - [INFO] - {{Klayout ZeroArea CHECK PASSED}} The GDS file, user_analog_project_wrapper.gds, has no DRC violations.
2022-09-04 06:18:14 - [INFO] - {{FINISH}} Executing Finished, the full log 'precheck.log' can be found in '/home/christof/caravel_user_project_analog/precheck_results/04_SEP_2022___06_17_34/logs'
2022-09-04 06:18:14 - [CRITICAL] - {{FAILURE}} 2 Check(s) Failed: ['Default', 'Consistency'] !!!
