
===========================================================================
report_checks -unconstrained
============================================================================
Startpoint: _636_ (rising edge-triggered flip-flop)
Endpoint: pwm (output port clocked by clk)
Path Group: clk
Path Type: max

Fanout     Cap    Slew   Delay    Time   Description
-----------------------------------------------------------------------------
                  0.55    0.00    0.00 ^ _636_/CLK (sky130_fd_sc_hd__dfrtp_2)
                  0.13    0.57    0.57 ^ _636_/Q (sky130_fd_sc_hd__dfrtp_2)
     4    0.02                           pwm_module.count[1] (net)
                  0.13    0.00    0.57 ^ _447_/A (sky130_fd_sc_hd__inv_2)
                  0.03    0.05    0.62 v _447_/Y (sky130_fd_sc_hd__inv_2)
     2    0.01                           _236_ (net)
                  0.03    0.00    0.62 v _448_/A2 (sky130_fd_sc_hd__o211a_2)
                  0.04    0.24    0.85 v _448_/X (sky130_fd_sc_hd__o211a_2)
     1    0.00                           _237_ (net)
                  0.04    0.00    0.85 v _449_/C1 (sky130_fd_sc_hd__a221o_2)
                  0.05    0.30    1.16 v _449_/X (sky130_fd_sc_hd__a221o_2)
     1    0.00                           _238_ (net)
                  0.05    0.00    1.16 v _450_/C1 (sky130_fd_sc_hd__o221a_2)
                  0.04    0.12    1.28 v _450_/X (sky130_fd_sc_hd__o221a_2)
     1    0.00                           _239_ (net)
                  0.04    0.00    1.28 v _451_/C1 (sky130_fd_sc_hd__a221o_2)
                  0.05    0.31    1.59 v _451_/X (sky130_fd_sc_hd__a221o_2)
     1    0.00                           _240_ (net)
                  0.05    0.00    1.59 v _452_/C1 (sky130_fd_sc_hd__o221a_2)
                  0.04    0.12    1.71 v _452_/X (sky130_fd_sc_hd__o221a_2)
     1    0.00                           _241_ (net)
                  0.04    0.00    1.71 v _453_/C1 (sky130_fd_sc_hd__a221o_2)
                  0.05    0.31    2.02 v _453_/X (sky130_fd_sc_hd__a221o_2)
     1    0.00                           _242_ (net)
                  0.05    0.00    2.02 v _454_/C1 (sky130_fd_sc_hd__o221a_2)
                  0.04    0.13    2.14 v _454_/X (sky130_fd_sc_hd__o221a_2)
     1    0.00                           _243_ (net)
                  0.04    0.00    2.14 v _455_/C1 (sky130_fd_sc_hd__a221o_2)
                  0.05    0.31    2.45 v _455_/X (sky130_fd_sc_hd__a221o_2)
     1    0.00                           _244_ (net)
                  0.05    0.00    2.45 v _456_/C1 (sky130_fd_sc_hd__o221a_2)
                  0.04    0.12    2.57 v _456_/X (sky130_fd_sc_hd__o221a_2)
     1    0.00                           _245_ (net)
                  0.04    0.00    2.57 v _457_/B1 (sky130_fd_sc_hd__a21o_2)
                  0.11    0.28    2.85 v _457_/X (sky130_fd_sc_hd__a21o_2)
     1    0.03                           pwm (net)
                  0.11    0.00    2.85 v pwm (out)
                                  2.85   data arrival time

                  0.15   40.00   40.00   clock clk (rise edge)
                          0.00   40.00   clock network delay (ideal)
                         -0.25   39.75   clock uncertainty
                          0.00   39.75   clock reconvergence pessimism
                         -8.00   31.75   output external delay
                                 31.75   data required time
-----------------------------------------------------------------------------
                                 31.75   data required time
                                 -2.85   data arrival time
-----------------------------------------------------------------------------
                                 28.90   slack (MET)



===========================================================================
report_checks --slack_max -0.01
============================================================================
No paths found.
