
===========================================================================
report_checks -unconstrained
============================================================================
Startpoint: _2188_ (rising edge-triggered flip-flop clocked by ref_in)
Endpoint: _2200_ (recovery check against rising-edge clock vco_in)
Path Group: **async_default**
Path Type: max

Fanout     Cap    Slew   Delay    Time   Description
-----------------------------------------------------------------------------
                          0.00    0.00   clock ref_in (rise edge)
                          0.00    0.00   clock source latency
                  0.00    0.00    0.00 ^ ref_in (in)
     1    0.02                           ref_in (net)
                  0.00    0.00    0.00 ^ clkbuf_0_ref_in/A (sky130_fd_sc_hd__clkbuf_16)
                  0.04    0.11    0.11 ^ clkbuf_0_ref_in/X (sky130_fd_sc_hd__clkbuf_16)
     2    0.02                           clknet_0_ref_in (net)
                  0.04    0.00    0.11 ^ clkbuf_1_1__f_ref_in/A (sky130_fd_sc_hd__clkbuf_16)
                  0.06    0.14    0.25 ^ clkbuf_1_1__f_ref_in/X (sky130_fd_sc_hd__clkbuf_16)
    11    0.04                           clknet_1_1__leaf_ref_in (net)
                  0.06    0.00    0.25 ^ _2188_/CLK (sky130_fd_sc_hd__dfstp_1)
                  0.07    0.39    0.64 v _2188_/Q (sky130_fd_sc_hd__dfstp_1)
     2    0.01                           d5.fll_core.counter_reset (net)
                  0.07    0.00    0.64 v _1960_/A (sky130_fd_sc_hd__buf_4)
                  0.08    0.20    0.84 v _1960_/X (sky130_fd_sc_hd__buf_4)
    10    0.05                           _0778_ (net)
                  0.08    0.00    0.84 v _1961_/A (sky130_fd_sc_hd__inv_2)
                  0.04    0.07    0.91 ^ _1961_/Y (sky130_fd_sc_hd__inv_2)
     1    0.01                           _0226_ (net)
                  0.04    0.00    0.91 ^ _2200_/RESET_B (sky130_fd_sc_hd__dfrtp_2)
                                  0.91   data arrival time

                         10.00   10.00   clock vco_in (rise edge)
                          0.00   10.00   clock source latency
                  0.00    0.00   10.00 ^ vco_in (in)
     1    0.01                           vco_in (net)
                  0.00    0.00   10.00 ^ clkbuf_0_vco_in/A (sky130_fd_sc_hd__clkbuf_16)
                  0.05    0.11   10.11 ^ clkbuf_0_vco_in/X (sky130_fd_sc_hd__clkbuf_16)
     2    0.02                           clknet_0_vco_in (net)
                  0.05    0.00   10.11 ^ clkbuf_1_0__f_vco_in/A (sky130_fd_sc_hd__clkbuf_16)
                  0.04    0.12   10.23 ^ clkbuf_1_0__f_vco_in/X (sky130_fd_sc_hd__clkbuf_16)
     5    0.01                           clknet_1_0__leaf_vco_in (net)
                  0.04    0.00   10.24 ^ _2200_/CLK (sky130_fd_sc_hd__dfrtp_2)
                          0.00   10.24   clock reconvergence pessimism
                          0.22   10.45   library recovery time
                                 10.45   data required time
-----------------------------------------------------------------------------
                                 10.45   data required time
                                 -0.91   data arrival time
-----------------------------------------------------------------------------
                                  9.54   slack (MET)


Startpoint: _2136_ (rising edge-triggered flip-flop clocked by clk_in)
Endpoint: _2036_ (rising edge-triggered flip-flop clocked by clk_in)
Path Group: clk_in
Path Type: max

Fanout     Cap    Slew   Delay    Time   Description
-----------------------------------------------------------------------------
                          0.00    0.00   clock clk_in (rise edge)
                          0.00    0.00   clock source latency
                  0.00    0.00    0.00 ^ clk_in (in)
     1    0.03                           clk_in (net)
                  0.00    0.00    0.00 ^ clkbuf_0_clk_in/A (sky130_fd_sc_hd__clkbuf_16)
                  0.14    0.19    0.19 ^ clkbuf_0_clk_in/X (sky130_fd_sc_hd__clkbuf_16)
    16    0.13                           clknet_0_clk_in (net)
                  0.14    0.01    0.19 ^ clkbuf_4_11_0_clk_in/A (sky130_fd_sc_hd__clkbuf_8)
                  0.09    0.20    0.39 ^ clkbuf_4_11_0_clk_in/X (sky130_fd_sc_hd__clkbuf_8)
    14    0.05                           clknet_4_11_0_clk_in (net)
                  0.09    0.00    0.40 ^ _2136_/CLK (sky130_fd_sc_hd__dfrtp_4)
                  0.12    0.56    0.96 v _2136_/Q (sky130_fd_sc_hd__dfrtp_4)
    10    0.05                           d2.t_load[44] (net)
                  0.12    0.00    0.96 v _1500_/A1 (sky130_fd_sc_hd__mux2_1)
                  0.05    0.31    1.26 v _1500_/X (sky130_fd_sc_hd__mux2_1)
     1    0.00                           _0611_ (net)
                  0.05    0.00    1.27 v _1501_/A0 (sky130_fd_sc_hd__mux2_1)
                  0.06    0.29    1.56 v _1501_/X (sky130_fd_sc_hd__mux2_1)
     1    0.00                           _0612_ (net)
                  0.06    0.00    1.56 v _1502_/A (sky130_fd_sc_hd__clkbuf_1)
                  0.04    0.11    1.66 v _1502_/X (sky130_fd_sc_hd__clkbuf_1)
     1    0.00                           _0300_ (net)
                  0.04    0.00    1.66 v _2036_/D (sky130_fd_sc_hd__dfrtp_1)
                                  1.66   data arrival time

                         40.00   40.00   clock clk_in (rise edge)
                          0.00   40.00   clock source latency
                  0.00    0.00   40.00 ^ clk_in (in)
     1    0.03                           clk_in (net)
                  0.00    0.00   40.00 ^ clkbuf_0_clk_in/A (sky130_fd_sc_hd__clkbuf_16)
                  0.14    0.19   40.19 ^ clkbuf_0_clk_in/X (sky130_fd_sc_hd__clkbuf_16)
    16    0.13                           clknet_0_clk_in (net)
                  0.14    0.01   40.19 ^ clkbuf_4_11_0_clk_in/A (sky130_fd_sc_hd__clkbuf_8)
                  0.09    0.20   40.39 ^ clkbuf_4_11_0_clk_in/X (sky130_fd_sc_hd__clkbuf_8)
    14    0.05                           clknet_4_11_0_clk_in (net)
                  0.09    0.00   40.40 ^ _2036_/CLK (sky130_fd_sc_hd__dfrtp_1)
                          0.00   40.40   clock reconvergence pessimism
                         -0.10   40.30   library setup time
                                 40.30   data required time
-----------------------------------------------------------------------------
                                 40.30   data required time
                                 -1.66   data arrival time
-----------------------------------------------------------------------------
                                 38.63   slack (MET)


Startpoint: _2202_ (rising edge-triggered flip-flop clocked by vco_in)
Endpoint: _2199_ (rising edge-triggered flip-flop clocked by ref_in)
Path Group: ref_in
Path Type: max

Fanout     Cap    Slew   Delay    Time   Description
-----------------------------------------------------------------------------
                         30.00   30.00   clock vco_in (rise edge)
                          0.00   30.00   clock source latency
                  0.00    0.00   30.00 ^ vco_in (in)
     1    0.01                           vco_in (net)
                  0.00    0.00   30.00 ^ clkbuf_0_vco_in/A (sky130_fd_sc_hd__clkbuf_16)
                  0.05    0.11   30.11 ^ clkbuf_0_vco_in/X (sky130_fd_sc_hd__clkbuf_16)
     2    0.02                           clknet_0_vco_in (net)
                  0.05    0.00   30.11 ^ clkbuf_1_0__f_vco_in/A (sky130_fd_sc_hd__clkbuf_16)
                  0.04    0.12   30.23 ^ clkbuf_1_0__f_vco_in/X (sky130_fd_sc_hd__clkbuf_16)
     5    0.01                           clknet_1_0__leaf_vco_in (net)
                  0.04    0.00   30.24 ^ _2202_/CLK (sky130_fd_sc_hd__dfrtp_1)
                  0.19    0.43   30.66 ^ _2202_/Q (sky130_fd_sc_hd__dfrtp_1)
     5    0.02                           d5.fll_core.counter1.count[2] (net)
                  0.19    0.00   30.66 ^ _1002_/B_N (sky130_fd_sc_hd__or2b_1)
                  0.06    0.27   30.94 v _1002_/X (sky130_fd_sc_hd__or2b_1)
     2    0.01                           _0797_ (net)
                  0.06    0.00   30.94 v _1006_/C (sky130_fd_sc_hd__and4_1)
                  0.05    0.20   31.14 v _1006_/X (sky130_fd_sc_hd__and4_1)
     2    0.01                           _0801_ (net)
                  0.05    0.00   31.14 v _1011_/B1 (sky130_fd_sc_hd__a22o_1)
                  0.04    0.17   31.31 v _1011_/X (sky130_fd_sc_hd__a22o_1)
     1    0.00                           _0806_ (net)
                  0.04    0.00   31.31 v _1014_/A2 (sky130_fd_sc_hd__a211o_1)
                  0.05    0.29   31.60 v _1014_/X (sky130_fd_sc_hd__a211o_1)
     1    0.00                           _0809_ (net)
                  0.05    0.00   31.60 v _1015_/B2 (sky130_fd_sc_hd__a22oi_2)
                  0.29    0.27   31.88 ^ _1015_/Y (sky130_fd_sc_hd__a22oi_2)
     3    0.02                           _0810_ (net)
                  0.29    0.00   31.88 ^ _1020_/A (sky130_fd_sc_hd__nor2_1)
                  0.12    0.17   32.04 v _1020_/Y (sky130_fd_sc_hd__nor2_1)
     3    0.02                           _0815_ (net)
                  0.12    0.00   32.04 v _1021_/A (sky130_fd_sc_hd__buf_4)
                  0.08    0.22   32.26 v _1021_/X (sky130_fd_sc_hd__buf_4)
    10    0.05                           _0816_ (net)
                  0.08    0.00   32.26 v _1033_/B (sky130_fd_sc_hd__xnor2_1)
                  0.11    0.19   32.45 v _1033_/Y (sky130_fd_sc_hd__xnor2_1)
     3    0.01                           _0828_ (net)
                  0.11    0.00   32.45 v _1035_/B (sky130_fd_sc_hd__and3_1)
                  0.05    0.20   32.65 v _1035_/X (sky130_fd_sc_hd__and3_1)
     1    0.00                           _0830_ (net)
                  0.05    0.00   32.65 v _1038_/A3 (sky130_fd_sc_hd__a32o_1)
                  0.07    0.29   32.93 v _1038_/X (sky130_fd_sc_hd__a32o_1)
     2    0.01                           _0833_ (net)
                  0.07    0.00   32.93 v _1040_/A2 (sky130_fd_sc_hd__a21o_1)
                  0.04    0.19   33.13 v _1040_/X (sky130_fd_sc_hd__a21o_1)
     1    0.00                           _0835_ (net)
                  0.04    0.00   33.13 v _1042_/A (sky130_fd_sc_hd__xnor2_1)
                  0.05    0.12   33.24 v _1042_/Y (sky130_fd_sc_hd__xnor2_1)
     1    0.00                           _0837_ (net)
                  0.05    0.00   33.24 v _1090_/A1 (sky130_fd_sc_hd__mux2_1)
                  0.05    0.29   33.53 v _1090_/X (sky130_fd_sc_hd__mux2_1)
     1    0.00                           _0882_ (net)
                  0.05    0.00   33.53 v _1091_/A (sky130_fd_sc_hd__clkbuf_1)
                  0.02    0.09   33.62 v _1091_/X (sky130_fd_sc_hd__clkbuf_1)
     1    0.00                           _0461_ (net)
                  0.02    0.00   33.62 v _2199_/D (sky130_fd_sc_hd__dfrtp_2)
                                 33.62   data arrival time

                         40.00   40.00   clock ref_in (rise edge)
                          0.00   40.00   clock source latency
                  0.00    0.00   40.00 ^ ref_in (in)
     1    0.02                           ref_in (net)
                  0.00    0.00   40.00 ^ clkbuf_0_ref_in/A (sky130_fd_sc_hd__clkbuf_16)
                  0.04    0.11   40.11 ^ clkbuf_0_ref_in/X (sky130_fd_sc_hd__clkbuf_16)
     2    0.02                           clknet_0_ref_in (net)
                  0.04    0.00   40.11 ^ clkbuf_1_0__f_ref_in/A (sky130_fd_sc_hd__clkbuf_16)
                  0.06    0.15   40.26 ^ clkbuf_1_0__f_ref_in/X (sky130_fd_sc_hd__clkbuf_16)
    15    0.05                           clknet_1_0__leaf_ref_in (net)
                  0.06    0.00   40.26 ^ _2199_/CLK (sky130_fd_sc_hd__dfrtp_2)
                          0.00   40.26   clock reconvergence pessimism
                         -0.10   40.16   library setup time
                                 40.16   data required time
-----------------------------------------------------------------------------
                                 40.16   data required time
                                -33.62   data arrival time
-----------------------------------------------------------------------------
                                  6.54   slack (MET)


Startpoint: _2202_ (rising edge-triggered flip-flop clocked by vco_in)
Endpoint: _2209_ (rising edge-triggered flip-flop clocked by vco_in)
Path Group: vco_in
Path Type: max

Fanout     Cap    Slew   Delay    Time   Description
-----------------------------------------------------------------------------
                          0.00    0.00   clock vco_in (rise edge)
                          0.00    0.00   clock source latency
                  0.00    0.00    0.00 ^ vco_in (in)
     1    0.01                           vco_in (net)
                  0.00    0.00    0.00 ^ clkbuf_0_vco_in/A (sky130_fd_sc_hd__clkbuf_16)
                  0.05    0.11    0.11 ^ clkbuf_0_vco_in/X (sky130_fd_sc_hd__clkbuf_16)
     2    0.02                           clknet_0_vco_in (net)
                  0.05    0.00    0.11 ^ clkbuf_1_0__f_vco_in/A (sky130_fd_sc_hd__clkbuf_16)
                  0.04    0.12    0.23 ^ clkbuf_1_0__f_vco_in/X (sky130_fd_sc_hd__clkbuf_16)
     5    0.01                           clknet_1_0__leaf_vco_in (net)
                  0.04    0.00    0.24 ^ _2202_/CLK (sky130_fd_sc_hd__dfrtp_1)
                  0.12    0.43    0.67 v _2202_/Q (sky130_fd_sc_hd__dfrtp_1)
     5    0.02                           d5.fll_core.counter1.count[2] (net)
                  0.12    0.00    0.67 v _1687_/C (sky130_fd_sc_hd__and3_1)
                  0.06    0.24    0.90 v _1687_/X (sky130_fd_sc_hd__and3_1)
     3    0.01                           _0730_ (net)
                  0.06    0.00    0.90 v _1690_/B (sky130_fd_sc_hd__and2_1)
                  0.09    0.21    1.12 v _1690_/X (sky130_fd_sc_hd__and2_1)
     4    0.02                           _0732_ (net)
                  0.09    0.00    1.12 v _1694_/C (sky130_fd_sc_hd__and3_1)
                  0.06    0.22    1.34 v _1694_/X (sky130_fd_sc_hd__and3_1)
     3    0.01                           _0734_ (net)
                  0.06    0.00    1.34 v _1697_/B (sky130_fd_sc_hd__and2_1)
                  0.10    0.22    1.55 v _1697_/X (sky130_fd_sc_hd__and2_1)
     4    0.02                           _0736_ (net)
                  0.10    0.00    1.55 v _1701_/C (sky130_fd_sc_hd__and3_1)
                  0.07    0.23    1.79 v _1701_/X (sky130_fd_sc_hd__and3_1)
     2    0.01                           _0738_ (net)
                  0.07    0.00    1.79 v _1704_/B (sky130_fd_sc_hd__xnor2_1)
                  0.05    0.12    1.91 v _1704_/Y (sky130_fd_sc_hd__xnor2_1)
     1    0.00                           _0010_ (net)
                  0.05    0.00    1.91 v _2209_/D (sky130_fd_sc_hd__dfrtp_1)
                                  1.91   data arrival time

                         10.00   10.00   clock vco_in (rise edge)
                          0.00   10.00   clock source latency
                  0.00    0.00   10.00 ^ vco_in (in)
     1    0.01                           vco_in (net)
                  0.00    0.00   10.00 ^ clkbuf_0_vco_in/A (sky130_fd_sc_hd__clkbuf_16)
                  0.05    0.11   10.11 ^ clkbuf_0_vco_in/X (sky130_fd_sc_hd__clkbuf_16)
     2    0.02                           clknet_0_vco_in (net)
                  0.05    0.00   10.11 ^ clkbuf_1_1__f_vco_in/A (sky130_fd_sc_hd__clkbuf_16)
                  0.04    0.12   10.23 ^ clkbuf_1_1__f_vco_in/X (sky130_fd_sc_hd__clkbuf_16)
     5    0.01                           clknet_1_1__leaf_vco_in (net)
                  0.04    0.00   10.23 ^ _2209_/CLK (sky130_fd_sc_hd__dfrtp_1)
                          0.00   10.23   clock reconvergence pessimism
                         -0.12   10.12   library setup time
                                 10.12   data required time
-----------------------------------------------------------------------------
                                 10.12   data required time
                                 -1.91   data arrival time
-----------------------------------------------------------------------------
                                  8.21   slack (MET)



===========================================================================
report_checks --slack_max -0.01
============================================================================
No paths found.
