
===========================================================================
report_checks -path_delay min (Hold)
============================================================================
Startpoint: _2188_ (rising edge-triggered flip-flop clocked by ref_in)
Endpoint: _2217_ (removal check against rising-edge clock ref_in)
Path Group: **async_default**
Path Type: min

Fanout     Cap    Slew   Delay    Time   Description
-----------------------------------------------------------------------------
                          0.00    0.00   clock ref_in (rise edge)
                          0.00    0.00   clock source latency
                  0.00    0.00    0.00 ^ ref_in (in)
     1    0.02                           ref_in (net)
                  0.00    0.00    0.00 ^ clkbuf_0_ref_in/A (sky130_fd_sc_hd__clkbuf_16)
                  0.04    0.11    0.11 ^ clkbuf_0_ref_in/X (sky130_fd_sc_hd__clkbuf_16)
     2    0.02                           clknet_0_ref_in (net)
                  0.04    0.00    0.11 ^ clkbuf_1_1__f_ref_in/A (sky130_fd_sc_hd__clkbuf_16)
                  0.06    0.14    0.25 ^ clkbuf_1_1__f_ref_in/X (sky130_fd_sc_hd__clkbuf_16)
    11    0.04                           clknet_1_1__leaf_ref_in (net)
                  0.06    0.00    0.25 ^ _2188_/CLK (sky130_fd_sc_hd__dfstp_1)
                  0.07    0.39    0.64 v _2188_/Q (sky130_fd_sc_hd__dfstp_1)
     2    0.01                           d5.fll_core.counter_reset (net)
                  0.07    0.00    0.64 v _1971_/A (sky130_fd_sc_hd__buf_4)
                  0.08    0.20    0.84 v _1971_/X (sky130_fd_sc_hd__buf_4)
    10    0.05                           _0779_ (net)
                  0.08    0.00    0.84 v _1979_/A (sky130_fd_sc_hd__inv_2)
                  0.03    0.06    0.90 ^ _1979_/Y (sky130_fd_sc_hd__inv_2)
     1    0.00                           _0243_ (net)
                  0.03    0.00    0.90 ^ _2217_/RESET_B (sky130_fd_sc_hd__dfrtp_1)
                                  0.90   data arrival time

                          0.00    0.00   clock ref_in (rise edge)
                          0.00    0.00   clock source latency
                  0.00    0.00    0.00 ^ ref_in (in)
     1    0.02                           ref_in (net)
                  0.00    0.00    0.00 ^ clkbuf_0_ref_in/A (sky130_fd_sc_hd__clkbuf_16)
                  0.04    0.11    0.11 ^ clkbuf_0_ref_in/X (sky130_fd_sc_hd__clkbuf_16)
     2    0.02                           clknet_0_ref_in (net)
                  0.04    0.00    0.11 ^ clkbuf_1_0__f_ref_in/A (sky130_fd_sc_hd__clkbuf_16)
                  0.06    0.15    0.26 ^ clkbuf_1_0__f_ref_in/X (sky130_fd_sc_hd__clkbuf_16)
    15    0.05                           clknet_1_0__leaf_ref_in (net)
                  0.06    0.00    0.26 ^ _2217_/CLK (sky130_fd_sc_hd__dfrtp_1)
                          0.00    0.26   clock reconvergence pessimism
                          0.32    0.58   library removal time
                                  0.58   data required time
-----------------------------------------------------------------------------
                                  0.58   data required time
                                 -0.90   data arrival time
-----------------------------------------------------------------------------
                                  0.32   slack (MET)


Startpoint: _2188_ (rising edge-triggered flip-flop clocked by ref_in)
Endpoint: _2215_ (removal check against rising-edge clock ref_in)
Path Group: **async_default**
Path Type: min

Fanout     Cap    Slew   Delay    Time   Description
-----------------------------------------------------------------------------
                          0.00    0.00   clock ref_in (rise edge)
                          0.00    0.00   clock source latency
                  0.00    0.00    0.00 ^ ref_in (in)
     1    0.02                           ref_in (net)
                  0.00    0.00    0.00 ^ clkbuf_0_ref_in/A (sky130_fd_sc_hd__clkbuf_16)
                  0.04    0.11    0.11 ^ clkbuf_0_ref_in/X (sky130_fd_sc_hd__clkbuf_16)
     2    0.02                           clknet_0_ref_in (net)
                  0.04    0.00    0.11 ^ clkbuf_1_1__f_ref_in/A (sky130_fd_sc_hd__clkbuf_16)
                  0.06    0.14    0.25 ^ clkbuf_1_1__f_ref_in/X (sky130_fd_sc_hd__clkbuf_16)
    11    0.04                           clknet_1_1__leaf_ref_in (net)
                  0.06    0.00    0.25 ^ _2188_/CLK (sky130_fd_sc_hd__dfstp_1)
                  0.07    0.39    0.64 v _2188_/Q (sky130_fd_sc_hd__dfstp_1)
     2    0.01                           d5.fll_core.counter_reset (net)
                  0.07    0.00    0.64 v _1971_/A (sky130_fd_sc_hd__buf_4)
                  0.08    0.20    0.84 v _1971_/X (sky130_fd_sc_hd__buf_4)
    10    0.05                           _0779_ (net)
                  0.08    0.00    0.84 v _1977_/A (sky130_fd_sc_hd__inv_2)
                  0.03    0.06    0.90 ^ _1977_/Y (sky130_fd_sc_hd__inv_2)
     1    0.00                           _0241_ (net)
                  0.03    0.00    0.90 ^ _2215_/RESET_B (sky130_fd_sc_hd__dfrtp_1)
                                  0.90   data arrival time

                          0.00    0.00   clock ref_in (rise edge)
                          0.00    0.00   clock source latency
                  0.00    0.00    0.00 ^ ref_in (in)
     1    0.02                           ref_in (net)
                  0.00    0.00    0.00 ^ clkbuf_0_ref_in/A (sky130_fd_sc_hd__clkbuf_16)
                  0.04    0.11    0.11 ^ clkbuf_0_ref_in/X (sky130_fd_sc_hd__clkbuf_16)
     2    0.02                           clknet_0_ref_in (net)
                  0.04    0.00    0.11 ^ clkbuf_1_0__f_ref_in/A (sky130_fd_sc_hd__clkbuf_16)
                  0.06    0.15    0.26 ^ clkbuf_1_0__f_ref_in/X (sky130_fd_sc_hd__clkbuf_16)
    15    0.05                           clknet_1_0__leaf_ref_in (net)
                  0.06    0.00    0.26 ^ _2215_/CLK (sky130_fd_sc_hd__dfrtp_1)
                          0.00    0.26   clock reconvergence pessimism
                          0.32    0.58   library removal time
                                  0.58   data required time
-----------------------------------------------------------------------------
                                  0.58   data required time
                                 -0.90   data arrival time
-----------------------------------------------------------------------------
                                  0.32   slack (MET)


Startpoint: _2188_ (rising edge-triggered flip-flop clocked by ref_in)
Endpoint: _2218_ (removal check against rising-edge clock ref_in)
Path Group: **async_default**
Path Type: min

Fanout     Cap    Slew   Delay    Time   Description
-----------------------------------------------------------------------------
                          0.00    0.00   clock ref_in (rise edge)
                          0.00    0.00   clock source latency
                  0.00    0.00    0.00 ^ ref_in (in)
     1    0.02                           ref_in (net)
                  0.00    0.00    0.00 ^ clkbuf_0_ref_in/A (sky130_fd_sc_hd__clkbuf_16)
                  0.04    0.11    0.11 ^ clkbuf_0_ref_in/X (sky130_fd_sc_hd__clkbuf_16)
     2    0.02                           clknet_0_ref_in (net)
                  0.04    0.00    0.11 ^ clkbuf_1_1__f_ref_in/A (sky130_fd_sc_hd__clkbuf_16)
                  0.06    0.14    0.25 ^ clkbuf_1_1__f_ref_in/X (sky130_fd_sc_hd__clkbuf_16)
    11    0.04                           clknet_1_1__leaf_ref_in (net)
                  0.06    0.00    0.25 ^ _2188_/CLK (sky130_fd_sc_hd__dfstp_1)
                  0.07    0.39    0.64 v _2188_/Q (sky130_fd_sc_hd__dfstp_1)
     2    0.01                           d5.fll_core.counter_reset (net)
                  0.07    0.00    0.64 v _1971_/A (sky130_fd_sc_hd__buf_4)
                  0.08    0.20    0.84 v _1971_/X (sky130_fd_sc_hd__buf_4)
    10    0.05                           _0779_ (net)
                  0.08    0.00    0.84 v _1980_/A (sky130_fd_sc_hd__inv_2)
                  0.03    0.06    0.90 ^ _1980_/Y (sky130_fd_sc_hd__inv_2)
     1    0.00                           _0244_ (net)
                  0.03    0.00    0.90 ^ _2218_/RESET_B (sky130_fd_sc_hd__dfrtp_1)
                                  0.90   data arrival time

                          0.00    0.00   clock ref_in (rise edge)
                          0.00    0.00   clock source latency
                  0.00    0.00    0.00 ^ ref_in (in)
     1    0.02                           ref_in (net)
                  0.00    0.00    0.00 ^ clkbuf_0_ref_in/A (sky130_fd_sc_hd__clkbuf_16)
                  0.04    0.11    0.11 ^ clkbuf_0_ref_in/X (sky130_fd_sc_hd__clkbuf_16)
     2    0.02                           clknet_0_ref_in (net)
                  0.04    0.00    0.11 ^ clkbuf_1_0__f_ref_in/A (sky130_fd_sc_hd__clkbuf_16)
                  0.06    0.15    0.26 ^ clkbuf_1_0__f_ref_in/X (sky130_fd_sc_hd__clkbuf_16)
    15    0.05                           clknet_1_0__leaf_ref_in (net)
                  0.06    0.00    0.26 ^ _2218_/CLK (sky130_fd_sc_hd__dfrtp_1)
                          0.00    0.26   clock reconvergence pessimism
                          0.32    0.58   library removal time
                                  0.58   data required time
-----------------------------------------------------------------------------
                                  0.58   data required time
                                 -0.90   data arrival time
-----------------------------------------------------------------------------
                                  0.32   slack (MET)


Startpoint: _2188_ (rising edge-triggered flip-flop clocked by ref_in)
Endpoint: _2219_ (removal check against rising-edge clock ref_in)
Path Group: **async_default**
Path Type: min

Fanout     Cap    Slew   Delay    Time   Description
-----------------------------------------------------------------------------
                          0.00    0.00   clock ref_in (rise edge)
                          0.00    0.00   clock source latency
                  0.00    0.00    0.00 ^ ref_in (in)
     1    0.02                           ref_in (net)
                  0.00    0.00    0.00 ^ clkbuf_0_ref_in/A (sky130_fd_sc_hd__clkbuf_16)
                  0.04    0.11    0.11 ^ clkbuf_0_ref_in/X (sky130_fd_sc_hd__clkbuf_16)
     2    0.02                           clknet_0_ref_in (net)
                  0.04    0.00    0.11 ^ clkbuf_1_1__f_ref_in/A (sky130_fd_sc_hd__clkbuf_16)
                  0.06    0.14    0.25 ^ clkbuf_1_1__f_ref_in/X (sky130_fd_sc_hd__clkbuf_16)
    11    0.04                           clknet_1_1__leaf_ref_in (net)
                  0.06    0.00    0.25 ^ _2188_/CLK (sky130_fd_sc_hd__dfstp_1)
                  0.07    0.39    0.64 v _2188_/Q (sky130_fd_sc_hd__dfstp_1)
     2    0.01                           d5.fll_core.counter_reset (net)
                  0.07    0.00    0.64 v _1971_/A (sky130_fd_sc_hd__buf_4)
                  0.08    0.20    0.84 v _1971_/X (sky130_fd_sc_hd__buf_4)
    10    0.05                           _0779_ (net)
                  0.08    0.00    0.84 v _1981_/A (sky130_fd_sc_hd__inv_2)
                  0.03    0.06    0.90 ^ _1981_/Y (sky130_fd_sc_hd__inv_2)
     1    0.00                           _0245_ (net)
                  0.03    0.00    0.90 ^ _2219_/RESET_B (sky130_fd_sc_hd__dfrtp_1)
                                  0.90   data arrival time

                          0.00    0.00   clock ref_in (rise edge)
                          0.00    0.00   clock source latency
                  0.00    0.00    0.00 ^ ref_in (in)
     1    0.02                           ref_in (net)
                  0.00    0.00    0.00 ^ clkbuf_0_ref_in/A (sky130_fd_sc_hd__clkbuf_16)
                  0.04    0.11    0.11 ^ clkbuf_0_ref_in/X (sky130_fd_sc_hd__clkbuf_16)
     2    0.02                           clknet_0_ref_in (net)
                  0.04    0.00    0.11 ^ clkbuf_1_0__f_ref_in/A (sky130_fd_sc_hd__clkbuf_16)
                  0.06    0.15    0.26 ^ clkbuf_1_0__f_ref_in/X (sky130_fd_sc_hd__clkbuf_16)
    15    0.05                           clknet_1_0__leaf_ref_in (net)
                  0.06    0.00    0.26 ^ _2219_/CLK (sky130_fd_sc_hd__dfrtp_1)
                          0.00    0.26   clock reconvergence pessimism
                          0.32    0.58   library removal time
                                  0.58   data required time
-----------------------------------------------------------------------------
                                  0.58   data required time
                                 -0.90   data arrival time
-----------------------------------------------------------------------------
                                  0.32   slack (MET)


Startpoint: _2188_ (rising edge-triggered flip-flop clocked by ref_in)
Endpoint: _2210_ (removal check against rising-edge clock ref_in)
Path Group: **async_default**
Path Type: min

Fanout     Cap    Slew   Delay    Time   Description
-----------------------------------------------------------------------------
                          0.00    0.00   clock ref_in (rise edge)
                          0.00    0.00   clock source latency
                  0.00    0.00    0.00 ^ ref_in (in)
     1    0.02                           ref_in (net)
                  0.00    0.00    0.00 ^ clkbuf_0_ref_in/A (sky130_fd_sc_hd__clkbuf_16)
                  0.04    0.11    0.11 ^ clkbuf_0_ref_in/X (sky130_fd_sc_hd__clkbuf_16)
     2    0.02                           clknet_0_ref_in (net)
                  0.04    0.00    0.11 ^ clkbuf_1_1__f_ref_in/A (sky130_fd_sc_hd__clkbuf_16)
                  0.06    0.14    0.25 ^ clkbuf_1_1__f_ref_in/X (sky130_fd_sc_hd__clkbuf_16)
    11    0.04                           clknet_1_1__leaf_ref_in (net)
                  0.06    0.00    0.25 ^ _2188_/CLK (sky130_fd_sc_hd__dfstp_1)
                  0.07    0.39    0.64 v _2188_/Q (sky130_fd_sc_hd__dfstp_1)
     2    0.01                           d5.fll_core.counter_reset (net)
                  0.07    0.00    0.64 v _1971_/A (sky130_fd_sc_hd__buf_4)
                  0.08    0.20    0.84 v _1971_/X (sky130_fd_sc_hd__buf_4)
    10    0.05                           _0779_ (net)
                  0.08    0.00    0.84 v _1972_/A (sky130_fd_sc_hd__inv_2)
                  0.03    0.06    0.90 ^ _1972_/Y (sky130_fd_sc_hd__inv_2)
     1    0.00                           _0236_ (net)
                  0.03    0.00    0.90 ^ _2210_/RESET_B (sky130_fd_sc_hd__dfrtp_2)
                                  0.90   data arrival time

                          0.00    0.00   clock ref_in (rise edge)
                          0.00    0.00   clock source latency
                  0.00    0.00    0.00 ^ ref_in (in)
     1    0.02                           ref_in (net)
                  0.00    0.00    0.00 ^ clkbuf_0_ref_in/A (sky130_fd_sc_hd__clkbuf_16)
                  0.04    0.11    0.11 ^ clkbuf_0_ref_in/X (sky130_fd_sc_hd__clkbuf_16)
     2    0.02                           clknet_0_ref_in (net)
                  0.04    0.00    0.11 ^ clkbuf_1_0__f_ref_in/A (sky130_fd_sc_hd__clkbuf_16)
                  0.06    0.15    0.26 ^ clkbuf_1_0__f_ref_in/X (sky130_fd_sc_hd__clkbuf_16)
    15    0.05                           clknet_1_0__leaf_ref_in (net)
                  0.06    0.00    0.26 ^ _2210_/CLK (sky130_fd_sc_hd__dfrtp_2)
                          0.00    0.26   clock reconvergence pessimism
                          0.32    0.58   library removal time
                                  0.58   data required time
-----------------------------------------------------------------------------
                                  0.58   data required time
                                 -0.90   data arrival time
-----------------------------------------------------------------------------
                                  0.32   slack (MET)


Startpoint: _2158_ (rising edge-triggered flip-flop clocked by clk_in)
Endpoint: _2158_ (rising edge-triggered flip-flop clocked by clk_in)
Path Group: clk_in
Path Type: min

Fanout     Cap    Slew   Delay    Time   Description
-----------------------------------------------------------------------------
                          0.00    0.00   clock clk_in (rise edge)
                          0.00    0.00   clock source latency
                  0.00    0.00    0.00 ^ clk_in (in)
     1    0.03                           clk_in (net)
                  0.00    0.00    0.00 ^ clkbuf_0_clk_in/A (sky130_fd_sc_hd__clkbuf_16)
                  0.14    0.19    0.19 ^ clkbuf_0_clk_in/X (sky130_fd_sc_hd__clkbuf_16)
    16    0.13                           clknet_0_clk_in (net)
                  0.14    0.00    0.19 ^ clkbuf_4_2_0_clk_in/A (sky130_fd_sc_hd__clkbuf_8)
                  0.11    0.21    0.40 ^ clkbuf_4_2_0_clk_in/X (sky130_fd_sc_hd__clkbuf_8)
    17    0.06                           clknet_4_2_0_clk_in (net)
                  0.11    0.00    0.41 ^ _2158_/CLK (sky130_fd_sc_hd__dfrtp_1)
                  0.06    0.35    0.76 ^ _2158_/Q (sky130_fd_sc_hd__dfrtp_1)
     2    0.01                           d2.t_load[66] (net)
                  0.06    0.00    0.76 ^ _1192_/A0 (sky130_fd_sc_hd__mux2_1)
                  0.04    0.12    0.88 ^ _1192_/X (sky130_fd_sc_hd__mux2_1)
     1    0.00                           _0944_ (net)
                  0.04    0.00    0.88 ^ _1193_/A (sky130_fd_sc_hd__clkbuf_1)
                  0.05    0.08    0.96 ^ _1193_/X (sky130_fd_sc_hd__clkbuf_1)
     1    0.00                           _0421_ (net)
                  0.05    0.00    0.96 ^ _2158_/D (sky130_fd_sc_hd__dfrtp_1)
                                  0.96   data arrival time

                          0.00    0.00   clock clk_in (rise edge)
                          0.00    0.00   clock source latency
                  0.00    0.00    0.00 ^ clk_in (in)
     1    0.03                           clk_in (net)
                  0.00    0.00    0.00 ^ clkbuf_0_clk_in/A (sky130_fd_sc_hd__clkbuf_16)
                  0.14    0.19    0.19 ^ clkbuf_0_clk_in/X (sky130_fd_sc_hd__clkbuf_16)
    16    0.13                           clknet_0_clk_in (net)
                  0.14    0.00    0.19 ^ clkbuf_4_2_0_clk_in/A (sky130_fd_sc_hd__clkbuf_8)
                  0.11    0.21    0.40 ^ clkbuf_4_2_0_clk_in/X (sky130_fd_sc_hd__clkbuf_8)
    17    0.06                           clknet_4_2_0_clk_in (net)
                  0.11    0.00    0.41 ^ _2158_/CLK (sky130_fd_sc_hd__dfrtp_1)
                          0.00    0.41   clock reconvergence pessimism
                         -0.03    0.38   library hold time
                                  0.38   data required time
-----------------------------------------------------------------------------
                                  0.38   data required time
                                 -0.96   data arrival time
-----------------------------------------------------------------------------
                                  0.58   slack (MET)


Startpoint: _2064_ (rising edge-triggered flip-flop clocked by clk_in)
Endpoint: _2164_ (rising edge-triggered flip-flop clocked by clk_in)
Path Group: clk_in
Path Type: min

Fanout     Cap    Slew   Delay    Time   Description
-----------------------------------------------------------------------------
                          0.00    0.00   clock clk_in (rise edge)
                          0.00    0.00   clock source latency
                  0.00    0.00    0.00 ^ clk_in (in)
     1    0.03                           clk_in (net)
                  0.00    0.00    0.00 ^ clkbuf_0_clk_in/A (sky130_fd_sc_hd__clkbuf_16)
                  0.14    0.19    0.19 ^ clkbuf_0_clk_in/X (sky130_fd_sc_hd__clkbuf_16)
    16    0.13                           clknet_0_clk_in (net)
                  0.14    0.00    0.19 ^ clkbuf_4_0_0_clk_in/A (sky130_fd_sc_hd__clkbuf_8)
                  0.07    0.18    0.38 ^ clkbuf_4_0_0_clk_in/X (sky130_fd_sc_hd__clkbuf_8)
    10    0.03                           clknet_4_0_0_clk_in (net)
                  0.07    0.00    0.38 ^ _2064_/CLK (sky130_fd_sc_hd__dfrtp_1)
                  0.09    0.37    0.75 ^ _2064_/Q (sky130_fd_sc_hd__dfrtp_1)
     3    0.01                           d2.r_reg[72] (net)
                  0.09    0.00    0.75 ^ _1180_/A1 (sky130_fd_sc_hd__mux2_1)
                  0.05    0.14    0.88 ^ _1180_/X (sky130_fd_sc_hd__mux2_1)
     1    0.00                           _0938_ (net)
                  0.05    0.00    0.88 ^ _1181_/A (sky130_fd_sc_hd__clkbuf_1)
                  0.04    0.08    0.96 ^ _1181_/X (sky130_fd_sc_hd__clkbuf_1)
     1    0.00                           _0427_ (net)
                  0.04    0.00    0.96 ^ _2164_/D (sky130_fd_sc_hd__dfrtp_1)
                                  0.96   data arrival time

                          0.00    0.00   clock clk_in (rise edge)
                          0.00    0.00   clock source latency
                  0.00    0.00    0.00 ^ clk_in (in)
     1    0.03                           clk_in (net)
                  0.00    0.00    0.00 ^ clkbuf_0_clk_in/A (sky130_fd_sc_hd__clkbuf_16)
                  0.14    0.19    0.19 ^ clkbuf_0_clk_in/X (sky130_fd_sc_hd__clkbuf_16)
    16    0.13                           clknet_0_clk_in (net)
                  0.14    0.00    0.19 ^ clkbuf_4_2_0_clk_in/A (sky130_fd_sc_hd__clkbuf_8)
                  0.11    0.21    0.40 ^ clkbuf_4_2_0_clk_in/X (sky130_fd_sc_hd__clkbuf_8)
    17    0.06                           clknet_4_2_0_clk_in (net)
                  0.11    0.00    0.41 ^ _2164_/CLK (sky130_fd_sc_hd__dfrtp_1)
                          0.00    0.41   clock reconvergence pessimism
                         -0.03    0.38   library hold time
                                  0.38   data required time
-----------------------------------------------------------------------------
                                  0.38   data required time
                                 -0.96   data arrival time
-----------------------------------------------------------------------------
                                  0.58   slack (MET)


Startpoint: _2187_ (rising edge-triggered flip-flop clocked by clk_in)
Endpoint: _2187_ (rising edge-triggered flip-flop clocked by clk_in)
Path Group: clk_in
Path Type: min

Fanout     Cap    Slew   Delay    Time   Description
-----------------------------------------------------------------------------
                          0.00    0.00   clock clk_in (rise edge)
                          0.00    0.00   clock source latency
                  0.00    0.00    0.00 ^ clk_in (in)
     1    0.03                           clk_in (net)
                  0.00    0.00    0.00 ^ clkbuf_0_clk_in/A (sky130_fd_sc_hd__clkbuf_16)
                  0.14    0.19    0.19 ^ clkbuf_0_clk_in/X (sky130_fd_sc_hd__clkbuf_16)
    16    0.13                           clknet_0_clk_in (net)
                  0.14    0.00    0.19 ^ clkbuf_4_5_0_clk_in/A (sky130_fd_sc_hd__clkbuf_8)
                  0.09    0.19    0.39 ^ clkbuf_4_5_0_clk_in/X (sky130_fd_sc_hd__clkbuf_8)
    13    0.04                           clknet_4_5_0_clk_in (net)
                  0.09    0.00    0.39 ^ _2187_/CLK (sky130_fd_sc_hd__dfrtp_1)
                  0.06    0.35    0.73 ^ _2187_/Q (sky130_fd_sc_hd__dfrtp_1)
     2    0.01                           d2.t_load[95] (net)
                  0.06    0.00    0.73 ^ _1132_/A0 (sky130_fd_sc_hd__mux2_1)
                  0.04    0.12    0.86 ^ _1132_/X (sky130_fd_sc_hd__mux2_1)
     1    0.00                           _0913_ (net)
                  0.04    0.00    0.86 ^ _1133_/A (sky130_fd_sc_hd__clkbuf_1)
                  0.05    0.08    0.94 ^ _1133_/X (sky130_fd_sc_hd__clkbuf_1)
     1    0.00                           _0450_ (net)
                  0.05    0.00    0.94 ^ _2187_/D (sky130_fd_sc_hd__dfrtp_1)
                                  0.94   data arrival time

                          0.00    0.00   clock clk_in (rise edge)
                          0.00    0.00   clock source latency
                  0.00    0.00    0.00 ^ clk_in (in)
     1    0.03                           clk_in (net)
                  0.00    0.00    0.00 ^ clkbuf_0_clk_in/A (sky130_fd_sc_hd__clkbuf_16)
                  0.14    0.19    0.19 ^ clkbuf_0_clk_in/X (sky130_fd_sc_hd__clkbuf_16)
    16    0.13                           clknet_0_clk_in (net)
                  0.14    0.00    0.19 ^ clkbuf_4_5_0_clk_in/A (sky130_fd_sc_hd__clkbuf_8)
                  0.09    0.19    0.39 ^ clkbuf_4_5_0_clk_in/X (sky130_fd_sc_hd__clkbuf_8)
    13    0.04                           clknet_4_5_0_clk_in (net)
                  0.09    0.00    0.39 ^ _2187_/CLK (sky130_fd_sc_hd__dfrtp_1)
                          0.00    0.39   clock reconvergence pessimism
                         -0.03    0.36   library hold time
                                  0.36   data required time
-----------------------------------------------------------------------------
                                  0.36   data required time
                                 -0.94   data arrival time
-----------------------------------------------------------------------------
                                  0.58   slack (MET)


Startpoint: _2068_ (rising edge-triggered flip-flop clocked by clk_in)
Endpoint: _2168_ (rising edge-triggered flip-flop clocked by clk_in)
Path Group: clk_in
Path Type: min

Fanout     Cap    Slew   Delay    Time   Description
-----------------------------------------------------------------------------
                          0.00    0.00   clock clk_in (rise edge)
                          0.00    0.00   clock source latency
                  0.00    0.00    0.00 ^ clk_in (in)
     1    0.03                           clk_in (net)
                  0.00    0.00    0.00 ^ clkbuf_0_clk_in/A (sky130_fd_sc_hd__clkbuf_16)
                  0.14    0.19    0.19 ^ clkbuf_0_clk_in/X (sky130_fd_sc_hd__clkbuf_16)
    16    0.13                           clknet_0_clk_in (net)
                  0.14    0.00    0.19 ^ clkbuf_4_3_0_clk_in/A (sky130_fd_sc_hd__clkbuf_8)
                  0.07    0.18    0.38 ^ clkbuf_4_3_0_clk_in/X (sky130_fd_sc_hd__clkbuf_8)
    10    0.03                           clknet_4_3_0_clk_in (net)
                  0.07    0.00    0.38 ^ _2068_/CLK (sky130_fd_sc_hd__dfrtp_1)
                  0.10    0.37    0.75 ^ _2068_/Q (sky130_fd_sc_hd__dfrtp_1)
     3    0.01                           d2.r_reg[76] (net)
                  0.10    0.00    0.75 ^ _1171_/A1 (sky130_fd_sc_hd__mux2_1)
                  0.05    0.14    0.89 ^ _1171_/X (sky130_fd_sc_hd__mux2_1)
     1    0.00                           _0933_ (net)
                  0.05    0.00    0.89 ^ _1172_/A (sky130_fd_sc_hd__clkbuf_1)
                  0.04    0.08    0.97 ^ _1172_/X (sky130_fd_sc_hd__clkbuf_1)
     1    0.00                           _0431_ (net)
                  0.04    0.00    0.97 ^ _2168_/D (sky130_fd_sc_hd__dfrtp_1)
                                  0.97   data arrival time

                          0.00    0.00   clock clk_in (rise edge)
                          0.00    0.00   clock source latency
                  0.00    0.00    0.00 ^ clk_in (in)
     1    0.03                           clk_in (net)
                  0.00    0.00    0.00 ^ clkbuf_0_clk_in/A (sky130_fd_sc_hd__clkbuf_16)
                  0.14    0.19    0.19 ^ clkbuf_0_clk_in/X (sky130_fd_sc_hd__clkbuf_16)
    16    0.13                           clknet_0_clk_in (net)
                  0.14    0.00    0.19 ^ clkbuf_4_2_0_clk_in/A (sky130_fd_sc_hd__clkbuf_8)
                  0.11    0.21    0.40 ^ clkbuf_4_2_0_clk_in/X (sky130_fd_sc_hd__clkbuf_8)
    17    0.06                           clknet_4_2_0_clk_in (net)
                  0.11    0.00    0.41 ^ _2168_/CLK (sky130_fd_sc_hd__dfrtp_1)
                          0.00    0.41   clock reconvergence pessimism
                         -0.03    0.38   library hold time
                                  0.38   data required time
-----------------------------------------------------------------------------
                                  0.38   data required time
                                 -0.97   data arrival time
-----------------------------------------------------------------------------
                                  0.59   slack (MET)


Startpoint: _2012_ (rising edge-triggered flip-flop clocked by clk_in)
Endpoint: _2012_ (rising edge-triggered flip-flop clocked by clk_in)
Path Group: clk_in
Path Type: min

Fanout     Cap    Slew   Delay    Time   Description
-----------------------------------------------------------------------------
                          0.00    0.00   clock clk_in (rise edge)
                          0.00    0.00   clock source latency
                  0.00    0.00    0.00 ^ clk_in (in)
     1    0.03                           clk_in (net)
                  0.00    0.00    0.00 ^ clkbuf_0_clk_in/A (sky130_fd_sc_hd__clkbuf_16)
                  0.14    0.19    0.19 ^ clkbuf_0_clk_in/X (sky130_fd_sc_hd__clkbuf_16)
    16    0.13                           clknet_0_clk_in (net)
                  0.14    0.00    0.19 ^ clkbuf_4_14_0_clk_in/A (sky130_fd_sc_hd__clkbuf_8)
                  0.08    0.19    0.38 ^ clkbuf_4_14_0_clk_in/X (sky130_fd_sc_hd__clkbuf_8)
    12    0.04                           clknet_4_14_0_clk_in (net)
                  0.08    0.00    0.38 ^ _2012_/CLK (sky130_fd_sc_hd__dfrtp_1)
                  0.08    0.36    0.74 ^ _2012_/Q (sky130_fd_sc_hd__dfrtp_1)
     3    0.01                           d2.r_reg[20] (net)
                  0.08    0.00    0.74 ^ _1578_/A1 (sky130_fd_sc_hd__mux2_1)
                  0.04    0.13    0.87 ^ _1578_/X (sky130_fd_sc_hd__mux2_1)
     1    0.00                           _0665_ (net)
                  0.04    0.00    0.87 ^ _1579_/A (sky130_fd_sc_hd__clkbuf_1)
                  0.04    0.08    0.94 ^ _1579_/X (sky130_fd_sc_hd__clkbuf_1)
     1    0.00                           _0276_ (net)
                  0.04    0.00    0.94 ^ _2012_/D (sky130_fd_sc_hd__dfrtp_1)
                                  0.94   data arrival time

                          0.00    0.00   clock clk_in (rise edge)
                          0.00    0.00   clock source latency
                  0.00    0.00    0.00 ^ clk_in (in)
     1    0.03                           clk_in (net)
                  0.00    0.00    0.00 ^ clkbuf_0_clk_in/A (sky130_fd_sc_hd__clkbuf_16)
                  0.14    0.19    0.19 ^ clkbuf_0_clk_in/X (sky130_fd_sc_hd__clkbuf_16)
    16    0.13                           clknet_0_clk_in (net)
                  0.14    0.00    0.19 ^ clkbuf_4_14_0_clk_in/A (sky130_fd_sc_hd__clkbuf_8)
                  0.08    0.19    0.38 ^ clkbuf_4_14_0_clk_in/X (sky130_fd_sc_hd__clkbuf_8)
    12    0.04                           clknet_4_14_0_clk_in (net)
                  0.08    0.00    0.38 ^ _2012_/CLK (sky130_fd_sc_hd__dfrtp_1)
                          0.00    0.38   clock reconvergence pessimism
                         -0.03    0.36   library hold time
                                  0.36   data required time
-----------------------------------------------------------------------------
                                  0.36   data required time
                                 -0.94   data arrival time
-----------------------------------------------------------------------------
                                  0.59   slack (MET)


Startpoint: _2210_ (rising edge-triggered flip-flop clocked by ref_in)
Endpoint: _2210_ (rising edge-triggered flip-flop clocked by ref_in)
Path Group: ref_in
Path Type: min

Fanout     Cap    Slew   Delay    Time   Description
-----------------------------------------------------------------------------
                          0.00    0.00   clock ref_in (rise edge)
                          0.00    0.00   clock source latency
                  0.00    0.00    0.00 ^ ref_in (in)
     1    0.02                           ref_in (net)
                  0.00    0.00    0.00 ^ clkbuf_0_ref_in/A (sky130_fd_sc_hd__clkbuf_16)
                  0.04    0.11    0.11 ^ clkbuf_0_ref_in/X (sky130_fd_sc_hd__clkbuf_16)
     2    0.02                           clknet_0_ref_in (net)
                  0.04    0.00    0.11 ^ clkbuf_1_0__f_ref_in/A (sky130_fd_sc_hd__clkbuf_16)
                  0.06    0.15    0.26 ^ clkbuf_1_0__f_ref_in/X (sky130_fd_sc_hd__clkbuf_16)
    15    0.05                           clknet_1_0__leaf_ref_in (net)
                  0.06    0.00    0.26 ^ _2210_/CLK (sky130_fd_sc_hd__dfrtp_2)
                  0.12    0.41    0.67 ^ _2210_/Q (sky130_fd_sc_hd__dfrtp_2)
     5    0.02                           d5.fll_core.counter2.count[0] (net)
                  0.12    0.00    0.67 ^ _1077_/A (sky130_fd_sc_hd__inv_2)
                  0.04    0.05    0.73 v _1077_/Y (sky130_fd_sc_hd__inv_2)
     2    0.01                           _0011_ (net)
                  0.04    0.00    0.73 v _2210_/D (sky130_fd_sc_hd__dfrtp_2)
                                  0.73   data arrival time

                          0.00    0.00   clock ref_in (rise edge)
                          0.00    0.00   clock source latency
                  0.00    0.00    0.00 ^ ref_in (in)
     1    0.02                           ref_in (net)
                  0.00    0.00    0.00 ^ clkbuf_0_ref_in/A (sky130_fd_sc_hd__clkbuf_16)
                  0.04    0.11    0.11 ^ clkbuf_0_ref_in/X (sky130_fd_sc_hd__clkbuf_16)
     2    0.02                           clknet_0_ref_in (net)
                  0.04    0.00    0.11 ^ clkbuf_1_0__f_ref_in/A (sky130_fd_sc_hd__clkbuf_16)
                  0.06    0.15    0.26 ^ clkbuf_1_0__f_ref_in/X (sky130_fd_sc_hd__clkbuf_16)
    15    0.05                           clknet_1_0__leaf_ref_in (net)
                  0.06    0.00    0.26 ^ _2210_/CLK (sky130_fd_sc_hd__dfrtp_2)
                          0.00    0.26   clock reconvergence pessimism
                         -0.03    0.23   library hold time
                                  0.23   data required time
-----------------------------------------------------------------------------
                                  0.23   data required time
                                 -0.73   data arrival time
-----------------------------------------------------------------------------
                                  0.50   slack (MET)


Startpoint: _2210_ (rising edge-triggered flip-flop clocked by ref_in)
Endpoint: _2211_ (rising edge-triggered flip-flop clocked by ref_in)
Path Group: ref_in
Path Type: min

Fanout     Cap    Slew   Delay    Time   Description
-----------------------------------------------------------------------------
                          0.00    0.00   clock ref_in (rise edge)
                          0.00    0.00   clock source latency
                  0.00    0.00    0.00 ^ ref_in (in)
     1    0.02                           ref_in (net)
                  0.00    0.00    0.00 ^ clkbuf_0_ref_in/A (sky130_fd_sc_hd__clkbuf_16)
                  0.04    0.11    0.11 ^ clkbuf_0_ref_in/X (sky130_fd_sc_hd__clkbuf_16)
     2    0.02                           clknet_0_ref_in (net)
                  0.04    0.00    0.11 ^ clkbuf_1_0__f_ref_in/A (sky130_fd_sc_hd__clkbuf_16)
                  0.06    0.15    0.26 ^ clkbuf_1_0__f_ref_in/X (sky130_fd_sc_hd__clkbuf_16)
    15    0.05                           clknet_1_0__leaf_ref_in (net)
                  0.06    0.00    0.26 ^ _2210_/CLK (sky130_fd_sc_hd__dfrtp_2)
                  0.12    0.41    0.67 ^ _2210_/Q (sky130_fd_sc_hd__dfrtp_2)
     5    0.02                           d5.fll_core.counter2.count[0] (net)
                  0.12    0.00    0.67 ^ _1705_/A (sky130_fd_sc_hd__xor2_1)
                  0.04    0.08    0.75 v _1705_/X (sky130_fd_sc_hd__xor2_1)
     1    0.00                           _0012_ (net)
                  0.04    0.00    0.75 v _2211_/D (sky130_fd_sc_hd__dfrtp_1)
                                  0.75   data arrival time

                          0.00    0.00   clock ref_in (rise edge)
                          0.00    0.00   clock source latency
                  0.00    0.00    0.00 ^ ref_in (in)
     1    0.02                           ref_in (net)
                  0.00    0.00    0.00 ^ clkbuf_0_ref_in/A (sky130_fd_sc_hd__clkbuf_16)
                  0.04    0.11    0.11 ^ clkbuf_0_ref_in/X (sky130_fd_sc_hd__clkbuf_16)
     2    0.02                           clknet_0_ref_in (net)
                  0.04    0.00    0.11 ^ clkbuf_1_0__f_ref_in/A (sky130_fd_sc_hd__clkbuf_16)
                  0.06    0.15    0.26 ^ clkbuf_1_0__f_ref_in/X (sky130_fd_sc_hd__clkbuf_16)
    15    0.05                           clknet_1_0__leaf_ref_in (net)
                  0.06    0.00    0.26 ^ _2211_/CLK (sky130_fd_sc_hd__dfrtp_1)
                          0.00    0.26   clock reconvergence pessimism
                         -0.04    0.22   library hold time
                                  0.22   data required time
-----------------------------------------------------------------------------
                                  0.22   data required time
                                 -0.75   data arrival time
-----------------------------------------------------------------------------
                                  0.53   slack (MET)


Startpoint: _2212_ (rising edge-triggered flip-flop clocked by ref_in)
Endpoint: _2212_ (rising edge-triggered flip-flop clocked by ref_in)
Path Group: ref_in
Path Type: min

Fanout     Cap    Slew   Delay    Time   Description
-----------------------------------------------------------------------------
                          0.00    0.00   clock ref_in (rise edge)
                          0.00    0.00   clock source latency
                  0.00    0.00    0.00 ^ ref_in (in)
     1    0.02                           ref_in (net)
                  0.00    0.00    0.00 ^ clkbuf_0_ref_in/A (sky130_fd_sc_hd__clkbuf_16)
                  0.04    0.11    0.11 ^ clkbuf_0_ref_in/X (sky130_fd_sc_hd__clkbuf_16)
     2    0.02                           clknet_0_ref_in (net)
                  0.04    0.00    0.11 ^ clkbuf_1_0__f_ref_in/A (sky130_fd_sc_hd__clkbuf_16)
                  0.06    0.15    0.26 ^ clkbuf_1_0__f_ref_in/X (sky130_fd_sc_hd__clkbuf_16)
    15    0.05                           clknet_1_0__leaf_ref_in (net)
                  0.06    0.00    0.26 ^ _2212_/CLK (sky130_fd_sc_hd__dfrtp_1)
                  0.12    0.38    0.64 ^ _2212_/Q (sky130_fd_sc_hd__dfrtp_1)
     3    0.01                           d5.fll_core.counter2.count[2] (net)
                  0.12    0.00    0.64 ^ _1707_/B1 (sky130_fd_sc_hd__a21oi_1)
                  0.04    0.06    0.70 v _1707_/Y (sky130_fd_sc_hd__a21oi_1)
     1    0.00                           _0741_ (net)
                  0.04    0.00    0.70 v _1708_/B (sky130_fd_sc_hd__nor2_1)
                  0.07    0.07    0.77 ^ _1708_/Y (sky130_fd_sc_hd__nor2_1)
     1    0.00                           _0013_ (net)
                  0.07    0.00    0.77 ^ _2212_/D (sky130_fd_sc_hd__dfrtp_1)
                                  0.77   data arrival time

                          0.00    0.00   clock ref_in (rise edge)
                          0.00    0.00   clock source latency
                  0.00    0.00    0.00 ^ ref_in (in)
     1    0.02                           ref_in (net)
                  0.00    0.00    0.00 ^ clkbuf_0_ref_in/A (sky130_fd_sc_hd__clkbuf_16)
                  0.04    0.11    0.11 ^ clkbuf_0_ref_in/X (sky130_fd_sc_hd__clkbuf_16)
     2    0.02                           clknet_0_ref_in (net)
                  0.04    0.00    0.11 ^ clkbuf_1_0__f_ref_in/A (sky130_fd_sc_hd__clkbuf_16)
                  0.06    0.15    0.26 ^ clkbuf_1_0__f_ref_in/X (sky130_fd_sc_hd__clkbuf_16)
    15    0.05                           clknet_1_0__leaf_ref_in (net)
                  0.06    0.00    0.26 ^ _2212_/CLK (sky130_fd_sc_hd__dfrtp_1)
                          0.00    0.26   clock reconvergence pessimism
                         -0.04    0.22   library hold time
                                  0.22   data required time
-----------------------------------------------------------------------------
                                  0.22   data required time
                                 -0.77   data arrival time
-----------------------------------------------------------------------------
                                  0.55   slack (MET)


Startpoint: _2216_ (rising edge-triggered flip-flop clocked by ref_in)
Endpoint: _2216_ (rising edge-triggered flip-flop clocked by ref_in)
Path Group: ref_in
Path Type: min

Fanout     Cap    Slew   Delay    Time   Description
-----------------------------------------------------------------------------
                          0.00    0.00   clock ref_in (rise edge)
                          0.00    0.00   clock source latency
                  0.00    0.00    0.00 ^ ref_in (in)
     1    0.02                           ref_in (net)
                  0.00    0.00    0.00 ^ clkbuf_0_ref_in/A (sky130_fd_sc_hd__clkbuf_16)
                  0.04    0.11    0.11 ^ clkbuf_0_ref_in/X (sky130_fd_sc_hd__clkbuf_16)
     2    0.02                           clknet_0_ref_in (net)
                  0.04    0.00    0.11 ^ clkbuf_1_0__f_ref_in/A (sky130_fd_sc_hd__clkbuf_16)
                  0.06    0.15    0.26 ^ clkbuf_1_0__f_ref_in/X (sky130_fd_sc_hd__clkbuf_16)
    15    0.05                           clknet_1_0__leaf_ref_in (net)
                  0.06    0.00    0.26 ^ _2216_/CLK (sky130_fd_sc_hd__dfrtp_1)
                  0.12    0.38    0.64 ^ _2216_/Q (sky130_fd_sc_hd__dfrtp_1)
     3    0.01                           d5.fll_core.counter2.count[6] (net)
                  0.12    0.00    0.64 ^ _1717_/A (sky130_fd_sc_hd__nor2_1)
                  0.03    0.06    0.70 v _1717_/Y (sky130_fd_sc_hd__nor2_1)
     1    0.00                           _0747_ (net)
                  0.03    0.00    0.70 v _1718_/B (sky130_fd_sc_hd__nor2_1)
                  0.07    0.07    0.77 ^ _1718_/Y (sky130_fd_sc_hd__nor2_1)
     1    0.00                           _0017_ (net)
                  0.07    0.00    0.77 ^ _2216_/D (sky130_fd_sc_hd__dfrtp_1)
                                  0.77   data arrival time

                          0.00    0.00   clock ref_in (rise edge)
                          0.00    0.00   clock source latency
                  0.00    0.00    0.00 ^ ref_in (in)
     1    0.02                           ref_in (net)
                  0.00    0.00    0.00 ^ clkbuf_0_ref_in/A (sky130_fd_sc_hd__clkbuf_16)
                  0.04    0.11    0.11 ^ clkbuf_0_ref_in/X (sky130_fd_sc_hd__clkbuf_16)
     2    0.02                           clknet_0_ref_in (net)
                  0.04    0.00    0.11 ^ clkbuf_1_0__f_ref_in/A (sky130_fd_sc_hd__clkbuf_16)
                  0.06    0.15    0.26 ^ clkbuf_1_0__f_ref_in/X (sky130_fd_sc_hd__clkbuf_16)
    15    0.05                           clknet_1_0__leaf_ref_in (net)
                  0.06    0.00    0.26 ^ _2216_/CLK (sky130_fd_sc_hd__dfrtp_1)
                          0.00    0.26   clock reconvergence pessimism
                         -0.04    0.22   library hold time
                                  0.22   data required time
-----------------------------------------------------------------------------
                                  0.22   data required time
                                 -0.77   data arrival time
-----------------------------------------------------------------------------
                                  0.55   slack (MET)


Startpoint: _2219_ (rising edge-triggered flip-flop clocked by ref_in)
Endpoint: _2219_ (rising edge-triggered flip-flop clocked by ref_in)
Path Group: ref_in
Path Type: min

Fanout     Cap    Slew   Delay    Time   Description
-----------------------------------------------------------------------------
                          0.00    0.00   clock ref_in (rise edge)
                          0.00    0.00   clock source latency
                  0.00    0.00    0.00 ^ ref_in (in)
     1    0.02                           ref_in (net)
                  0.00    0.00    0.00 ^ clkbuf_0_ref_in/A (sky130_fd_sc_hd__clkbuf_16)
                  0.04    0.11    0.11 ^ clkbuf_0_ref_in/X (sky130_fd_sc_hd__clkbuf_16)
     2    0.02                           clknet_0_ref_in (net)
                  0.04    0.00    0.11 ^ clkbuf_1_0__f_ref_in/A (sky130_fd_sc_hd__clkbuf_16)
                  0.06    0.15    0.26 ^ clkbuf_1_0__f_ref_in/X (sky130_fd_sc_hd__clkbuf_16)
    15    0.05                           clknet_1_0__leaf_ref_in (net)
                  0.06    0.00    0.26 ^ _2219_/CLK (sky130_fd_sc_hd__dfrtp_1)
                  0.07    0.34    0.60 ^ _2219_/Q (sky130_fd_sc_hd__dfrtp_1)
     1    0.01                           d5.fll_core.counter2.count[9] (net)
                  0.07    0.00    0.60 ^ _1068_/A (sky130_fd_sc_hd__inv_2)
                  0.04    0.06    0.66 v _1068_/Y (sky130_fd_sc_hd__inv_2)
     3    0.02                           _0862_ (net)
                  0.04    0.00    0.66 v _1723_/A (sky130_fd_sc_hd__xnor2_1)
                  0.04    0.12    0.78 v _1723_/Y (sky130_fd_sc_hd__xnor2_1)
     1    0.00                           _0020_ (net)
                  0.04    0.00    0.78 v _2219_/D (sky130_fd_sc_hd__dfrtp_1)
                                  0.78   data arrival time

                          0.00    0.00   clock ref_in (rise edge)
                          0.00    0.00   clock source latency
                  0.00    0.00    0.00 ^ ref_in (in)
     1    0.02                           ref_in (net)
                  0.00    0.00    0.00 ^ clkbuf_0_ref_in/A (sky130_fd_sc_hd__clkbuf_16)
                  0.04    0.11    0.11 ^ clkbuf_0_ref_in/X (sky130_fd_sc_hd__clkbuf_16)
     2    0.02                           clknet_0_ref_in (net)
                  0.04    0.00    0.11 ^ clkbuf_1_0__f_ref_in/A (sky130_fd_sc_hd__clkbuf_16)
                  0.06    0.15    0.26 ^ clkbuf_1_0__f_ref_in/X (sky130_fd_sc_hd__clkbuf_16)
    15    0.05                           clknet_1_0__leaf_ref_in (net)
                  0.06    0.00    0.26 ^ _2219_/CLK (sky130_fd_sc_hd__dfrtp_1)
                          0.00    0.26   clock reconvergence pessimism
                         -0.04    0.22   library hold time
                                  0.22   data required time
-----------------------------------------------------------------------------
                                  0.22   data required time
                                 -0.78   data arrival time
-----------------------------------------------------------------------------
                                  0.55   slack (MET)


Startpoint: _2200_ (rising edge-triggered flip-flop clocked by vco_in)
Endpoint: _2200_ (rising edge-triggered flip-flop clocked by vco_in)
Path Group: vco_in
Path Type: min

Fanout     Cap    Slew   Delay    Time   Description
-----------------------------------------------------------------------------
                          0.00    0.00   clock vco_in (rise edge)
                          0.00    0.00   clock source latency
                  0.00    0.00    0.00 ^ vco_in (in)
     1    0.01                           vco_in (net)
                  0.00    0.00    0.00 ^ clkbuf_0_vco_in/A (sky130_fd_sc_hd__clkbuf_16)
                  0.05    0.11    0.11 ^ clkbuf_0_vco_in/X (sky130_fd_sc_hd__clkbuf_16)
     2    0.02                           clknet_0_vco_in (net)
                  0.05    0.00    0.11 ^ clkbuf_1_0__f_vco_in/A (sky130_fd_sc_hd__clkbuf_16)
                  0.04    0.12    0.23 ^ clkbuf_1_0__f_vco_in/X (sky130_fd_sc_hd__clkbuf_16)
     5    0.01                           clknet_1_0__leaf_vco_in (net)
                  0.04    0.00    0.24 ^ _2200_/CLK (sky130_fd_sc_hd__dfrtp_2)
                  0.13    0.41    0.65 ^ _2200_/Q (sky130_fd_sc_hd__dfrtp_2)
     6    0.02                           d5.fll_core.counter1.count[0] (net)
                  0.13    0.00    0.65 ^ _1046_/A (sky130_fd_sc_hd__inv_2)
                  0.04    0.06    0.70 v _1046_/Y (sky130_fd_sc_hd__inv_2)
     2    0.01                           _0001_ (net)
                  0.04    0.00    0.70 v _2200_/D (sky130_fd_sc_hd__dfrtp_2)
                                  0.70   data arrival time

                          0.00    0.00   clock vco_in (rise edge)
                          0.00    0.00   clock source latency
                  0.00    0.00    0.00 ^ vco_in (in)
     1    0.01                           vco_in (net)
                  0.00    0.00    0.00 ^ clkbuf_0_vco_in/A (sky130_fd_sc_hd__clkbuf_16)
                  0.05    0.11    0.11 ^ clkbuf_0_vco_in/X (sky130_fd_sc_hd__clkbuf_16)
     2    0.02                           clknet_0_vco_in (net)
                  0.05    0.00    0.11 ^ clkbuf_1_0__f_vco_in/A (sky130_fd_sc_hd__clkbuf_16)
                  0.04    0.12    0.23 ^ clkbuf_1_0__f_vco_in/X (sky130_fd_sc_hd__clkbuf_16)
     5    0.01                           clknet_1_0__leaf_vco_in (net)
                  0.04    0.00    0.24 ^ _2200_/CLK (sky130_fd_sc_hd__dfrtp_2)
                          0.00    0.24   clock reconvergence pessimism
                         -0.04    0.19   library hold time
                                  0.19   data required time
-----------------------------------------------------------------------------
                                  0.19   data required time
                                 -0.70   data arrival time
-----------------------------------------------------------------------------
                                  0.51   slack (MET)


Startpoint: _2201_ (rising edge-triggered flip-flop clocked by vco_in)
Endpoint: _2201_ (rising edge-triggered flip-flop clocked by vco_in)
Path Group: vco_in
Path Type: min

Fanout     Cap    Slew   Delay    Time   Description
-----------------------------------------------------------------------------
                          0.00    0.00   clock vco_in (rise edge)
                          0.00    0.00   clock source latency
                  0.00    0.00    0.00 ^ vco_in (in)
     1    0.01                           vco_in (net)
                  0.00    0.00    0.00 ^ clkbuf_0_vco_in/A (sky130_fd_sc_hd__clkbuf_16)
                  0.05    0.11    0.11 ^ clkbuf_0_vco_in/X (sky130_fd_sc_hd__clkbuf_16)
     2    0.02                           clknet_0_vco_in (net)
                  0.05    0.00    0.11 ^ clkbuf_1_0__f_vco_in/A (sky130_fd_sc_hd__clkbuf_16)
                  0.04    0.12    0.23 ^ clkbuf_1_0__f_vco_in/X (sky130_fd_sc_hd__clkbuf_16)
     5    0.01                           clknet_1_0__leaf_vco_in (net)
                  0.04    0.00    0.24 ^ _2201_/CLK (sky130_fd_sc_hd__dfrtp_2)
                  0.12    0.41    0.64 ^ _2201_/Q (sky130_fd_sc_hd__dfrtp_2)
     6    0.02                           d5.fll_core.counter1.count[1] (net)
                  0.12    0.00    0.64 ^ _1686_/B (sky130_fd_sc_hd__xor2_1)
                  0.04    0.08    0.73 v _1686_/X (sky130_fd_sc_hd__xor2_1)
     1    0.00                           _0002_ (net)
                  0.04    0.00    0.73 v _2201_/D (sky130_fd_sc_hd__dfrtp_2)
                                  0.73   data arrival time

                          0.00    0.00   clock vco_in (rise edge)
                          0.00    0.00   clock source latency
                  0.00    0.00    0.00 ^ vco_in (in)
     1    0.01                           vco_in (net)
                  0.00    0.00    0.00 ^ clkbuf_0_vco_in/A (sky130_fd_sc_hd__clkbuf_16)
                  0.05    0.11    0.11 ^ clkbuf_0_vco_in/X (sky130_fd_sc_hd__clkbuf_16)
     2    0.02                           clknet_0_vco_in (net)
                  0.05    0.00    0.11 ^ clkbuf_1_0__f_vco_in/A (sky130_fd_sc_hd__clkbuf_16)
                  0.04    0.12    0.23 ^ clkbuf_1_0__f_vco_in/X (sky130_fd_sc_hd__clkbuf_16)
     5    0.01                           clknet_1_0__leaf_vco_in (net)
                  0.04    0.00    0.24 ^ _2201_/CLK (sky130_fd_sc_hd__dfrtp_2)
                          0.00    0.24   clock reconvergence pessimism
                         -0.04    0.19   library hold time
                                  0.19   data required time
-----------------------------------------------------------------------------
                                  0.19   data required time
                                 -0.73   data arrival time
-----------------------------------------------------------------------------
                                  0.53   slack (MET)


Startpoint: _2206_ (rising edge-triggered flip-flop clocked by vco_in)
Endpoint: _2206_ (rising edge-triggered flip-flop clocked by vco_in)
Path Group: vco_in
Path Type: min

Fanout     Cap    Slew   Delay    Time   Description
-----------------------------------------------------------------------------
                          0.00    0.00   clock vco_in (rise edge)
                          0.00    0.00   clock source latency
                  0.00    0.00    0.00 ^ vco_in (in)
     1    0.01                           vco_in (net)
                  0.00    0.00    0.00 ^ clkbuf_0_vco_in/A (sky130_fd_sc_hd__clkbuf_16)
                  0.05    0.11    0.11 ^ clkbuf_0_vco_in/X (sky130_fd_sc_hd__clkbuf_16)
     2    0.02                           clknet_0_vco_in (net)
                  0.05    0.00    0.11 ^ clkbuf_1_1__f_vco_in/A (sky130_fd_sc_hd__clkbuf_16)
                  0.04    0.12    0.23 ^ clkbuf_1_1__f_vco_in/X (sky130_fd_sc_hd__clkbuf_16)
     5    0.01                           clknet_1_1__leaf_vco_in (net)
                  0.04    0.00    0.23 ^ _2206_/CLK (sky130_fd_sc_hd__dfrtp_1)
                  0.11    0.37    0.60 ^ _2206_/Q (sky130_fd_sc_hd__dfrtp_1)
     3    0.01                           d5.fll_core.counter1.count[6] (net)
                  0.11    0.00    0.60 ^ _1698_/A (sky130_fd_sc_hd__nor2_1)
                  0.03    0.06    0.66 v _1698_/Y (sky130_fd_sc_hd__nor2_1)
     1    0.00                           _0737_ (net)
                  0.03    0.00    0.66 v _1699_/B (sky130_fd_sc_hd__nor2_1)
                  0.08    0.08    0.74 ^ _1699_/Y (sky130_fd_sc_hd__nor2_1)
     1    0.00                           _0007_ (net)
                  0.08    0.00    0.74 ^ _2206_/D (sky130_fd_sc_hd__dfrtp_1)
                                  0.74   data arrival time

                          0.00    0.00   clock vco_in (rise edge)
                          0.00    0.00   clock source latency
                  0.00    0.00    0.00 ^ vco_in (in)
     1    0.01                           vco_in (net)
                  0.00    0.00    0.00 ^ clkbuf_0_vco_in/A (sky130_fd_sc_hd__clkbuf_16)
                  0.05    0.11    0.11 ^ clkbuf_0_vco_in/X (sky130_fd_sc_hd__clkbuf_16)
     2    0.02                           clknet_0_vco_in (net)
                  0.05    0.00    0.11 ^ clkbuf_1_1__f_vco_in/A (sky130_fd_sc_hd__clkbuf_16)
                  0.04    0.12    0.23 ^ clkbuf_1_1__f_vco_in/X (sky130_fd_sc_hd__clkbuf_16)
     5    0.01                           clknet_1_1__leaf_vco_in (net)
                  0.04    0.00    0.23 ^ _2206_/CLK (sky130_fd_sc_hd__dfrtp_1)
                          0.00    0.23   clock reconvergence pessimism
                         -0.04    0.19   library hold time
                                  0.19   data required time
-----------------------------------------------------------------------------
                                  0.19   data required time
                                 -0.74   data arrival time
-----------------------------------------------------------------------------
                                  0.55   slack (MET)


Startpoint: _2205_ (rising edge-triggered flip-flop clocked by vco_in)
Endpoint: _2205_ (rising edge-triggered flip-flop clocked by vco_in)
Path Group: vco_in
Path Type: min

Fanout     Cap    Slew   Delay    Time   Description
-----------------------------------------------------------------------------
                          0.00    0.00   clock vco_in (rise edge)
                          0.00    0.00   clock source latency
                  0.00    0.00    0.00 ^ vco_in (in)
     1    0.01                           vco_in (net)
                  0.00    0.00    0.00 ^ clkbuf_0_vco_in/A (sky130_fd_sc_hd__clkbuf_16)
                  0.05    0.11    0.11 ^ clkbuf_0_vco_in/X (sky130_fd_sc_hd__clkbuf_16)
     2    0.02                           clknet_0_vco_in (net)
                  0.05    0.00    0.11 ^ clkbuf_1_1__f_vco_in/A (sky130_fd_sc_hd__clkbuf_16)
                  0.04    0.12    0.23 ^ clkbuf_1_1__f_vco_in/X (sky130_fd_sc_hd__clkbuf_16)
     5    0.01                           clknet_1_1__leaf_vco_in (net)
                  0.04    0.00    0.23 ^ _2205_/CLK (sky130_fd_sc_hd__dfrtp_1)
                  0.12    0.37    0.61 ^ _2205_/Q (sky130_fd_sc_hd__dfrtp_1)
     3    0.01                           d5.fll_core.counter1.count[5] (net)
                  0.12    0.00    0.61 ^ _1695_/B1 (sky130_fd_sc_hd__a21oi_1)
                  0.05    0.06    0.67 v _1695_/Y (sky130_fd_sc_hd__a21oi_1)
     1    0.00                           _0735_ (net)
                  0.05    0.00    0.67 v _1696_/B (sky130_fd_sc_hd__nor2_1)
                  0.09    0.10    0.77 ^ _1696_/Y (sky130_fd_sc_hd__nor2_1)
     1    0.00                           _0006_ (net)
                  0.09    0.00    0.77 ^ _2205_/D (sky130_fd_sc_hd__dfrtp_1)
                                  0.77   data arrival time

                          0.00    0.00   clock vco_in (rise edge)
                          0.00    0.00   clock source latency
                  0.00    0.00    0.00 ^ vco_in (in)
     1    0.01                           vco_in (net)
                  0.00    0.00    0.00 ^ clkbuf_0_vco_in/A (sky130_fd_sc_hd__clkbuf_16)
                  0.05    0.11    0.11 ^ clkbuf_0_vco_in/X (sky130_fd_sc_hd__clkbuf_16)
     2    0.02                           clknet_0_vco_in (net)
                  0.05    0.00    0.11 ^ clkbuf_1_1__f_vco_in/A (sky130_fd_sc_hd__clkbuf_16)
                  0.04    0.12    0.23 ^ clkbuf_1_1__f_vco_in/X (sky130_fd_sc_hd__clkbuf_16)
     5    0.01                           clknet_1_1__leaf_vco_in (net)
                  0.04    0.00    0.23 ^ _2205_/CLK (sky130_fd_sc_hd__dfrtp_1)
                          0.00    0.23   clock reconvergence pessimism
                         -0.05    0.19   library hold time
                                  0.19   data required time
-----------------------------------------------------------------------------
                                  0.19   data required time
                                 -0.77   data arrival time
-----------------------------------------------------------------------------
                                  0.58   slack (MET)


Startpoint: _2209_ (rising edge-triggered flip-flop clocked by vco_in)
Endpoint: _2209_ (rising edge-triggered flip-flop clocked by vco_in)
Path Group: vco_in
Path Type: min

Fanout     Cap    Slew   Delay    Time   Description
-----------------------------------------------------------------------------
                          0.00    0.00   clock vco_in (rise edge)
                          0.00    0.00   clock source latency
                  0.00    0.00    0.00 ^ vco_in (in)
     1    0.01                           vco_in (net)
                  0.00    0.00    0.00 ^ clkbuf_0_vco_in/A (sky130_fd_sc_hd__clkbuf_16)
                  0.05    0.11    0.11 ^ clkbuf_0_vco_in/X (sky130_fd_sc_hd__clkbuf_16)
     2    0.02                           clknet_0_vco_in (net)
                  0.05    0.00    0.11 ^ clkbuf_1_1__f_vco_in/A (sky130_fd_sc_hd__clkbuf_16)
                  0.04    0.12    0.23 ^ clkbuf_1_1__f_vco_in/X (sky130_fd_sc_hd__clkbuf_16)
     5    0.01                           clknet_1_1__leaf_vco_in (net)
                  0.04    0.00    0.23 ^ _2209_/CLK (sky130_fd_sc_hd__dfrtp_1)
                  0.07    0.33    0.57 ^ _2209_/Q (sky130_fd_sc_hd__dfrtp_1)
     1    0.01                           d5.fll_core.counter1.count[9] (net)
                  0.07    0.00    0.57 ^ _0985_/A (sky130_fd_sc_hd__inv_2)
                  0.07    0.08    0.65 v _0985_/Y (sky130_fd_sc_hd__inv_2)
     5    0.03                           _0780_ (net)
                  0.07    0.00    0.65 v _1704_/A (sky130_fd_sc_hd__xnor2_1)
                  0.03    0.13    0.78 v _1704_/Y (sky130_fd_sc_hd__xnor2_1)
     1    0.00                           _0010_ (net)
                  0.03    0.00    0.78 v _2209_/D (sky130_fd_sc_hd__dfrtp_1)
                                  0.78   data arrival time

                          0.00    0.00   clock vco_in (rise edge)
                          0.00    0.00   clock source latency
                  0.00    0.00    0.00 ^ vco_in (in)
     1    0.01                           vco_in (net)
                  0.00    0.00    0.00 ^ clkbuf_0_vco_in/A (sky130_fd_sc_hd__clkbuf_16)
                  0.05    0.11    0.11 ^ clkbuf_0_vco_in/X (sky130_fd_sc_hd__clkbuf_16)
     2    0.02                           clknet_0_vco_in (net)
                  0.05    0.00    0.11 ^ clkbuf_1_1__f_vco_in/A (sky130_fd_sc_hd__clkbuf_16)
                  0.04    0.12    0.23 ^ clkbuf_1_1__f_vco_in/X (sky130_fd_sc_hd__clkbuf_16)
     5    0.01                           clknet_1_1__leaf_vco_in (net)
                  0.04    0.00    0.23 ^ _2209_/CLK (sky130_fd_sc_hd__dfrtp_1)
                          0.00    0.23   clock reconvergence pessimism
                         -0.04    0.19   library hold time
                                  0.19   data required time
-----------------------------------------------------------------------------
                                  0.19   data required time
                                 -0.78   data arrival time
-----------------------------------------------------------------------------
                                  0.58   slack (MET)


