Instance name,  X location,  Y location,  Voltage 
output16, 175.44, 193.12, 1.8
FILLER_65_380, 175.44, 187.68, 1.8
FILLER_66_377, 175.44, 187.68, 1.8
FILLER_62_358, 175.44, 182.24, 1.8
_1642_, 175.44, 182.24, 1.8
FILLER_60_356, 175.44, 176.8, 1.8
_1696_, 175.44, 176.8, 1.8
FILLER_58_358, 175.44, 171.36, 1.8
FILLER_60_377, 175.44, 171.36, 1.8
_1644_, 175.44, 171.36, 1.8
FILLER_56_361, 175.44, 165.92, 1.8
FILLER_57_381, 175.44, 165.92, 1.8
_1691_, 175.44, 165.92, 1.8
_1646_, 175.44, 160.48, 1.8
_1647_, 175.44, 160.48, 1.8
FILLER_52_361, 175.44, 155.04, 1.8
FILLER_53_359, 175.44, 155.04, 1.8
FILLER_54_382, 175.44, 155.04, 1.8
_1837_, 175.44, 155.04, 1.8
_1961_, 175.44, 155.04, 1.8
_2089_, 175.44, 155.04, 1.8
FILLER_50_359, 175.44, 149.6, 1.8
FILLER_51_360, 175.44, 149.6, 1.8
FILLER_51_381, 175.44, 149.6, 1.8
FILLER_52_382, 175.44, 149.6, 1.8
_1836_, 175.44, 149.6, 1.8
_1839_, 175.44, 149.6, 1.8
_1947_, 175.44, 149.6, 1.8
FILLER_48_357, 175.44, 144.16, 1.8
FILLER_49_382, 175.44, 144.16, 1.8
FILLER_50_370, 175.44, 144.16, 1.8
_1834_, 175.44, 144.16, 1.8
_1835_, 175.44, 144.16, 1.8
FILLER_46_365, 175.44, 138.72, 1.8
FILLER_47_378, 175.44, 138.72, 1.8
FILLER_48_376, 175.44, 138.72, 1.8
_1951_, 175.44, 138.72, 1.8
_2192_, 175.44, 138.72, 1.8
FILLER_45_362, 175.44, 133.28, 1.8
FILLER_45_377, 175.44, 133.28, 1.8
_1117_, 175.44, 133.28, 1.8
_1118_, 175.44, 133.28, 1.8
_1119_, 175.44, 133.28, 1.8
_1121_, 175.44, 133.28, 1.8
_1127_, 175.44, 133.28, 1.8
_2190_, 175.44, 133.28, 1.8
FILLER_42_358, 175.44, 127.84, 1.8
FILLER_43_362, 175.44, 127.84, 1.8
FILLER_44_370, 175.44, 127.84, 1.8
FILLER_44_382, 175.44, 127.84, 1.8
_1116_, 175.44, 127.84, 1.8
_1952_, 175.44, 127.84, 1.8
_2193_, 175.44, 127.84, 1.8
FILLER_40_365, 175.44, 122.4, 1.8
FILLER_41_356, 175.44, 122.4, 1.8
FILLER_41_365, 175.44, 122.4, 1.8
FILLER_41_374, 175.44, 122.4, 1.8
FILLER_42_376, 175.44, 122.4, 1.8
_1105_, 175.44, 122.4, 1.8
_1106_, 175.44, 122.4, 1.8
_1112_, 175.44, 122.4, 1.8
FILLER_38_365, 175.44, 116.96, 1.8
FILLER_39_375, 175.44, 116.96, 1.8
_1109_, 175.44, 116.96, 1.8
_1111_, 175.44, 116.96, 1.8
_2194_, 175.44, 116.96, 1.8
FILLER_36_357, 175.44, 111.52, 1.8
FILLER_37_372, 175.44, 111.52, 1.8
_1107_, 175.44, 111.52, 1.8
_1108_, 175.44, 111.52, 1.8
_2195_, 175.44, 111.52, 1.8
FILLER_35_381, 175.44, 106.08, 1.8
FILLER_36_374, 175.44, 106.08, 1.8
_1100_, 175.44, 106.08, 1.8
_1101_, 175.44, 106.08, 1.8
_1955_, 175.44, 106.08, 1.8
_2197_, 175.44, 106.08, 1.8
FILLER_32_365, 175.44, 100.64, 1.8
FILLER_33_366, 175.44, 100.64, 1.8
_1957_, 175.44, 100.64, 1.8
FILLER_30_357, 175.44, 95.2, 1.8
FILLER_31_361, 175.44, 95.2, 1.8
_1721_, 175.44, 95.2, 1.8
_1980_, 175.44, 95.2, 1.8
_2218_, 175.44, 95.2, 1.8
FILLER_28_360, 175.44, 89.76, 1.8
FILLER_29_362, 175.44, 89.76, 1.8
FILLER_30_371, 175.44, 89.76, 1.8
_1074_, 175.44, 89.76, 1.8
_1716_, 175.44, 89.76, 1.8
_1720_, 175.44, 89.76, 1.8
_1722_, 175.44, 89.76, 1.8
FILLER_26_365, 175.44, 84.32, 1.8
FILLER_27_369, 175.44, 84.32, 1.8
FILLER_27_380, 175.44, 84.32, 1.8
_1717_, 175.44, 84.32, 1.8
_1723_, 175.44, 84.32, 1.8
FILLER_25_356, 175.44, 78.88, 1.8
FILLER_25_364, 175.44, 78.88, 1.8
_1712_, 175.44, 78.88, 1.8
_1713_, 175.44, 78.88, 1.8
_1715_, 175.44, 78.88, 1.8
_1978_, 175.44, 78.88, 1.8
_2219_, 175.44, 78.88, 1.8
FILLER_22_358, 175.44, 73.44, 1.8
FILLER_22_365, 175.44, 73.44, 1.8
FILLER_23_361, 175.44, 73.44, 1.8
FILLER_24_374, 175.44, 73.44, 1.8
FILLER_24_381, 175.44, 73.44, 1.8
_1977_, 175.44, 73.44, 1.8
_2215_, 175.44, 73.44, 1.8
_1714_, 175.44, 68, 1.8
_2214_, 175.44, 68, 1.8
FILLER_20_377, 175.44, 62.56, 1.8
FILLER_16_361, 175.44, 57.12, 1.8
FILLER_14_361, 175.44, 51.68, 1.8
FILLER_12_360, 175.44, 46.24, 1.8
FILLER_13_378, 175.44, 46.24, 1.8
FILLER_8_358, 175.44, 35.36, 1.8
FILLER_6_377, 175.44, 24.48, 1.8
FILLER_2_357, 175.44, 19.04, 1.8
FILLER_0_361, 175.44, 13.6, 1.8
FILLER_0_382, 175.44, 13.6, 1.8
input4, 175.44, 13.6, 1.8
FILLER_66_29, 21.84, 193.12, 1.8
output9, 21.84, 187.68, 1.8
FILLER_63_39, 21.84, 182.24, 1.8
FILLER_63_45, 21.84, 182.24, 1.8
_1671_, 21.84, 182.24, 1.8
FILLER_33_44, 21.84, 100.64, 1.8
FILLER_34_41, 21.84, 100.64, 1.8
_1916_, 21.84, 100.64, 1.8
FILLER_31_39, 21.84, 95.2, 1.8
_1421_, 21.84, 95.2, 1.8
FILLER_27_44, 21.84, 84.32, 1.8
FILLER_26_41, 21.84, 78.88, 1.8
FILLER_26_49, 21.84, 78.88, 1.8
FILLER_22_41, 21.84, 68, 1.8
FILLER_18_41, 21.84, 57.12, 1.8
FILLER_18_49, 21.84, 57.12, 1.8
_1181_, 21.84, 57.12, 1.8
FILLER_13_44, 21.84, 46.24, 1.8
FILLER_14_41, 21.84, 46.24, 1.8
FILLER_14_47, 21.84, 46.24, 1.8
_1807_, 21.84, 46.24, 1.8
FILLER_0_29, 21.84, 13.6, 1.8
FILLER_0_49, 21.84, 13.6, 1.8
output35, 21.84, 13.6, 1.8
PHY_132, 5.52, 193.12, 1.8
PHY_133, 187.68, 193.12, 1.8
output5, 187.68, 193.12, 1.8
FILLER_66_85, 47.44, 193.12, 1.8
output11, 47.44, 193.12, 1.8
FILLER_66_113, 60.24, 193.12, 1.8
_1879_, 60.24, 193.12, 1.8
FILLER_66_137, 73.04, 193.12, 1.8
FILLER_66_146, 73.04, 193.12, 1.8
_1679_, 73.04, 193.12, 1.8
_1683_, 73.04, 193.12, 1.8
FILLER_66_165, 85.84, 193.12, 1.8
FILLER_66_174, 85.84, 193.12, 1.8
output13, 85.84, 193.12, 1.8
FILLER_66_197, 98.64, 193.12, 1.8
_1873_, 98.64, 193.12, 1.8
FILLER_66_220, 111.44, 193.12, 1.8
FILLER_66_225, 111.44, 193.12, 1.8
_1755_, 111.44, 193.12, 1.8
FILLER_66_248, 124.24, 193.12, 1.8
FILLER_66_258, 124.24, 193.12, 1.8
_1566_, 124.24, 193.12, 1.8
_1754_, 124.24, 193.12, 1.8
FILLER_66_272, 137.04, 193.12, 1.8
wrapper_45, 137.04, 193.12, 1.8
FILLER_66_300, 149.84, 193.12, 1.8
_1704_, 149.84, 193.12, 1.8
FILLER_66_332, 162.64, 193.12, 1.8
_1703_, 162.64, 193.12, 1.8
wrapper_46, 162.64, 193.12, 1.8
FILLER_66_3, 5.52, 187.68, 1.8
PHY_128, 5.52, 187.68, 1.8
PHY_130, 5.52, 187.68, 1.8
output19, 5.52, 187.68, 1.8
output8, 5.52, 187.68, 1.8
FILLER_64_389, 187.68, 187.68, 1.8
FILLER_65_389, 187.68, 187.68, 1.8
PHY_129, 187.68, 187.68, 1.8
PHY_131, 187.68, 187.68, 1.8
_1643_, 187.68, 187.68, 1.8
FILLER_66_22, 13.68, 187.68, 1.8
FILLER_65_74, 34.64, 187.68, 1.8
FILLER_66_74, 34.64, 187.68, 1.8
_1673_, 34.64, 187.68, 1.8
output10, 34.64, 187.68, 1.8
FILLER_64_90, 47.44, 187.68, 1.8
FILLER_65_103, 47.44, 187.68, 1.8
FILLER_65_81, 47.44, 187.68, 1.8
FILLER_65_89, 47.44, 187.68, 1.8
FILLER_65_96, 47.44, 187.68, 1.8
FILLER_66_103, 47.44, 187.68, 1.8
FILLER_66_96, 47.44, 187.68, 1.8
_1260_, 47.44, 187.68, 1.8
_1262_, 47.44, 187.68, 1.8
_1531_, 47.44, 187.68, 1.8
_1669_, 47.44, 187.68, 1.8
_1675_, 47.44, 187.68, 1.8
_1681_, 47.44, 187.68, 1.8
_1765_, 47.44, 187.68, 1.8
_1880_, 47.44, 187.68, 1.8
FILLER_65_113, 60.24, 187.68, 1.8
FILLER_65_127, 60.24, 187.68, 1.8
FILLER_66_128, 60.24, 187.68, 1.8
_1261_, 60.24, 187.68, 1.8
_1532_, 60.24, 187.68, 1.8
_1677_, 60.24, 187.68, 1.8
_2126_, 60.24, 187.68, 1.8
FILLER_64_134, 73.04, 187.68, 1.8
FILLER_65_136, 73.04, 187.68, 1.8
FILLER_65_143, 73.04, 187.68, 1.8
FILLER_65_152, 73.04, 187.68, 1.8
FILLER_65_159, 73.04, 187.68, 1.8
_1537_, 73.04, 187.68, 1.8
_1547_, 73.04, 187.68, 1.8
_1760_, 73.04, 187.68, 1.8
_1764_, 73.04, 187.68, 1.8
_2022_, 73.04, 187.68, 1.8
output12, 73.04, 187.68, 1.8
FILLER_64_163, 85.84, 187.68, 1.8
FILLER_65_180, 85.84, 187.68, 1.8
FILLER_66_181, 85.84, 187.68, 1.8
_1269_, 85.84, 187.68, 1.8
_1270_, 85.84, 187.68, 1.8
_1271_, 85.84, 187.68, 1.8
_1874_, 85.84, 187.68, 1.8
_2122_, 85.84, 187.68, 1.8
FILLER_64_202, 98.64, 187.68, 1.8
FILLER_65_210, 98.64, 187.68, 1.8
FILLER_66_204, 98.64, 187.68, 1.8
FILLER_66_211, 98.64, 187.68, 1.8
_1272_, 98.64, 187.68, 1.8
_1276_, 98.64, 187.68, 1.8
_1758_, 98.64, 187.68, 1.8
_2121_, 98.64, 187.68, 1.8
output14, 98.64, 187.68, 1.8
FILLER_64_227, 111.44, 187.68, 1.8
FILLER_65_217, 111.44, 187.68, 1.8
FILLER_65_230, 111.44, 187.68, 1.8
FILLER_65_237, 111.44, 187.68, 1.8
FILLER_66_234, 111.44, 187.68, 1.8
FILLER_66_242, 111.44, 187.68, 1.8
_1563_, 111.44, 187.68, 1.8
_1871_, 111.44, 187.68, 1.8
_2016_, 111.44, 187.68, 1.8
output15, 111.44, 187.68, 1.8
FILLER_64_248, 124.24, 187.68, 1.8
FILLER_65_264, 124.24, 187.68, 1.8
FILLER_66_265, 124.24, 187.68, 1.8
_1281_, 124.24, 187.68, 1.8
_1282_, 124.24, 187.68, 1.8
_1565_, 124.24, 187.68, 1.8
_1752_, 124.24, 187.68, 1.8
_1753_, 124.24, 187.68, 1.8
FILLER_66_286, 137.04, 187.68, 1.8
FILLER_66_293, 137.04, 187.68, 1.8
_1283_, 137.04, 187.68, 1.8
_1867_, 137.04, 187.68, 1.8
_2115_, 137.04, 187.68, 1.8
_2116_, 137.04, 187.68, 1.8
FILLER_65_303, 149.84, 187.68, 1.8
FILLER_65_310, 149.84, 187.68, 1.8
FILLER_66_318, 149.84, 187.68, 1.8
FILLER_66_325, 149.84, 187.68, 1.8
_0992_, 149.84, 187.68, 1.8
_1701_, 149.84, 187.68, 1.8
_1702_, 149.84, 187.68, 1.8
_1868_, 149.84, 187.68, 1.8
_2209_, 149.84, 187.68, 1.8
FILLER_64_340, 162.64, 187.68, 1.8
FILLER_65_342, 162.64, 187.68, 1.8
FILLER_65_349, 162.64, 187.68, 1.8
FILLER_66_342, 162.64, 187.68, 1.8
FILLER_66_349, 162.64, 187.68, 1.8
_0985_, 162.64, 187.68, 1.8
_1685_, 162.64, 187.68, 1.8
_1967_, 162.64, 187.68, 1.8
_1970_, 162.64, 187.68, 1.8
PHY_124, 5.52, 182.24, 1.8
PHY_126, 5.52, 182.24, 1.8
FILLER_62_389, 187.68, 182.24, 1.8
PHY_125, 187.68, 182.24, 1.8
PHY_127, 187.68, 182.24, 1.8
FILLER_63_53, 34.64, 182.24, 1.8
FILLER_63_57, 34.64, 182.24, 1.8
_2027_, 34.64, 182.24, 1.8
FILLER_63_83, 47.44, 182.24, 1.8
FILLER_64_103, 47.44, 182.24, 1.8
_1255_, 47.44, 182.24, 1.8
_1259_, 47.44, 182.24, 1.8
_1530_, 47.44, 182.24, 1.8
_2127_, 47.44, 182.24, 1.8
FILLER_62_111, 60.24, 182.24, 1.8
FILLER_63_107, 60.24, 182.24, 1.8
FILLER_63_113, 60.24, 182.24, 1.8
FILLER_63_121, 60.24, 182.24, 1.8
FILLER_64_127, 60.24, 182.24, 1.8
_1264_, 60.24, 182.24, 1.8
_1534_, 60.24, 182.24, 1.8
_1668_, 60.24, 182.24, 1.8
_2026_, 60.24, 182.24, 1.8
FILLER_62_133, 73.04, 182.24, 1.8
FILLER_63_145, 73.04, 182.24, 1.8
FILLER_63_153, 73.04, 182.24, 1.8
_1535_, 73.04, 182.24, 1.8
_1545_, 73.04, 182.24, 1.8
_1761_, 73.04, 182.24, 1.8
FILLER_62_168, 85.84, 182.24, 1.8
FILLER_63_169, 85.84, 182.24, 1.8
FILLER_63_176, 85.84, 182.24, 1.8
FILLER_64_187, 85.84, 182.24, 1.8
_1549_, 85.84, 182.24, 1.8
_1550_, 85.84, 182.24, 1.8
_2021_, 85.84, 182.24, 1.8
FILLER_62_197, 98.64, 182.24, 1.8
FILLER_63_189, 98.64, 182.24, 1.8
FILLER_63_205, 98.64, 182.24, 1.8
_1275_, 98.64, 182.24, 1.8
_1558_, 98.64, 182.24, 1.8
_2018_, 98.64, 182.24, 1.8
FILLER_62_230, 111.44, 182.24, 1.8
FILLER_63_218, 111.44, 182.24, 1.8
FILLER_64_241, 111.44, 182.24, 1.8
_1562_, 111.44, 182.24, 1.8
_2017_, 111.44, 182.24, 1.8
FILLER_62_245, 124.24, 182.24, 1.8
FILLER_63_247, 124.24, 182.24, 1.8
FILLER_63_271, 124.24, 182.24, 1.8
FILLER_64_264, 124.24, 182.24, 1.8
_1564_, 124.24, 182.24, 1.8
_2015_, 124.24, 182.24, 1.8
FILLER_62_277, 137.04, 182.24, 1.8
FILLER_62_284, 137.04, 182.24, 1.8
FILLER_63_292, 137.04, 182.24, 1.8
FILLER_64_293, 137.04, 182.24, 1.8
_1284_, 137.04, 182.24, 1.8
_1285_, 137.04, 182.24, 1.8
_1569_, 137.04, 182.24, 1.8
clkbuf_1_1__f_vco_in, 137.04, 182.24, 1.8
FILLER_62_309, 149.84, 182.24, 1.8
FILLER_63_319, 149.84, 182.24, 1.8
FILLER_63_326, 149.84, 182.24, 1.8
FILLER_64_316, 149.84, 182.24, 1.8
_0987_, 149.84, 182.24, 1.8
_2208_, 149.84, 182.24, 1.8
FILLER_62_334, 162.64, 182.24, 1.8
FILLER_63_333, 162.64, 182.24, 1.8
FILLER_63_342, 162.64, 182.24, 1.8
FILLER_63_349, 162.64, 182.24, 1.8
FILLER_64_347, 162.64, 182.24, 1.8
FILLER_64_354, 162.64, 182.24, 1.8
_0993_, 162.64, 182.24, 1.8
_1698_, 162.64, 182.24, 1.8
_1699_, 162.64, 182.24, 1.8
_1968_, 162.64, 182.24, 1.8
_1969_, 162.64, 182.24, 1.8
_2206_, 162.64, 182.24, 1.8
PHY_120, 5.52, 176.8, 1.8
PHY_122, 5.52, 176.8, 1.8
FILLER_60_385, 187.68, 176.8, 1.8
FILLER_61_385, 187.68, 176.8, 1.8
PHY_121, 187.68, 176.8, 1.8
PHY_123, 187.68, 176.8, 1.8
output6, 187.68, 176.8, 1.8
FILLER_61_51, 34.64, 176.8, 1.8
FILLER_61_57, 34.64, 176.8, 1.8
FILLER_62_68, 34.64, 176.8, 1.8
FILLER_62_75, 34.64, 176.8, 1.8
_1527_, 34.64, 176.8, 1.8
_1766_, 34.64, 176.8, 1.8
_2028_, 34.64, 176.8, 1.8
FILLER_60_90, 47.44, 176.8, 1.8
FILLER_61_105, 47.44, 176.8, 1.8
FILLER_61_84, 47.44, 176.8, 1.8
FILLER_61_91, 47.44, 176.8, 1.8
FILLER_62_96, 47.44, 176.8, 1.8
_1529_, 47.44, 176.8, 1.8
_1670_, 47.44, 176.8, 1.8
_1878_, 47.44, 176.8, 1.8
_1881_, 47.44, 176.8, 1.8
FILLER_60_117, 60.24, 176.8, 1.8
FILLER_61_113, 60.24, 176.8, 1.8
FILLER_61_129, 60.24, 176.8, 1.8
FILLER_62_126, 60.24, 176.8, 1.8
_1533_, 60.24, 176.8, 1.8
_1672_, 60.24, 176.8, 1.8
_1763_, 60.24, 176.8, 1.8
FILLER_61_142, 73.04, 176.8, 1.8
FILLER_62_152, 73.04, 176.8, 1.8
_1536_, 73.04, 176.8, 1.8
_1546_, 73.04, 176.8, 1.8
_1890_, 73.04, 176.8, 1.8
_2023_, 73.04, 176.8, 1.8
_2025_, 73.04, 176.8, 1.8
FILLER_60_163, 85.84, 176.8, 1.8
FILLER_61_169, 85.84, 176.8, 1.8
FILLER_61_177, 85.84, 176.8, 1.8
_1543_, 85.84, 176.8, 1.8
_1548_, 85.84, 176.8, 1.8
_1875_, 85.84, 176.8, 1.8
FILLER_61_190, 98.64, 176.8, 1.8
FILLER_61_205, 98.64, 176.8, 1.8
FILLER_62_206, 98.64, 176.8, 1.8
_1551_, 98.64, 176.8, 1.8
_1552_, 98.64, 176.8, 1.8
_1557_, 98.64, 176.8, 1.8
_1559_, 98.64, 176.8, 1.8
_1757_, 98.64, 176.8, 1.8
_2119_, 98.64, 176.8, 1.8
FILLER_60_221, 111.44, 176.8, 1.8
FILLER_60_228, 111.44, 176.8, 1.8
FILLER_61_219, 111.44, 176.8, 1.8
FILLER_61_225, 111.44, 176.8, 1.8
FILLER_61_234, 111.44, 176.8, 1.8
_1278_, 111.44, 176.8, 1.8
_1280_, 111.44, 176.8, 1.8
_1561_, 111.44, 176.8, 1.8
_1869_, 111.44, 176.8, 1.8
FILLER_61_247, 124.24, 176.8, 1.8
FILLER_61_254, 124.24, 176.8, 1.8
FILLER_61_267, 124.24, 176.8, 1.8
FILLER_62_264, 124.24, 176.8, 1.8
_1567_, 124.24, 176.8, 1.8
_1568_, 124.24, 176.8, 1.8
_1571_, 124.24, 176.8, 1.8
_1751_, 124.24, 176.8, 1.8
_1870_, 124.24, 176.8, 1.8
FILLER_60_277, 137.04, 176.8, 1.8
FILLER_61_274, 137.04, 176.8, 1.8
FILLER_61_286, 137.04, 176.8, 1.8
FILLER_61_298, 137.04, 176.8, 1.8
FILLER_62_295, 137.04, 176.8, 1.8
_0988_, 137.04, 176.8, 1.8
_0990_, 137.04, 176.8, 1.8
_1287_, 137.04, 176.8, 1.8
_1700_, 137.04, 176.8, 1.8
_1865_, 137.04, 176.8, 1.8
FILLER_60_303, 149.84, 176.8, 1.8
FILLER_61_305, 149.84, 176.8, 1.8
FILLER_61_317, 149.84, 176.8, 1.8
FILLER_61_324, 149.84, 176.8, 1.8
_0986_, 149.84, 176.8, 1.8
_0989_, 149.84, 176.8, 1.8
_0996_, 149.84, 176.8, 1.8
_0997_, 149.84, 176.8, 1.8
_2207_, 149.84, 176.8, 1.8
FILLER_61_331, 162.64, 176.8, 1.8
FILLER_61_337, 162.64, 176.8, 1.8
FILLER_61_345, 162.64, 176.8, 1.8
FILLER_61_354, 162.64, 176.8, 1.8
_1013_, 162.64, 176.8, 1.8
_1694_, 162.64, 176.8, 1.8
_1697_, 162.64, 176.8, 1.8
clkbuf_0_vco_in, 162.64, 176.8, 1.8
PHY_116, 5.52, 171.36, 1.8
PHY_118, 5.52, 171.36, 1.8
output18, 5.52, 171.36, 1.8
FILLER_58_388, 187.68, 171.36, 1.8
FILLER_59_383, 187.68, 171.36, 1.8
FILLER_59_389, 187.68, 171.36, 1.8
PHY_117, 187.68, 171.36, 1.8
PHY_119, 187.68, 171.36, 1.8
_1645_, 187.68, 171.36, 1.8
FILLER_60_20, 13.68, 171.36, 1.8
FILLER_58_53, 34.64, 171.36, 1.8
FILLER_59_51, 34.64, 171.36, 1.8
FILLER_59_57, 34.64, 171.36, 1.8
FILLER_59_66, 34.64, 171.36, 1.8
FILLER_59_73, 34.64, 171.36, 1.8
FILLER_60_65, 34.64, 171.36, 1.8
_1257_, 34.64, 171.36, 1.8
_1524_, 34.64, 171.36, 1.8
_1525_, 34.64, 171.36, 1.8
_1526_, 34.64, 171.36, 1.8
_2029_, 34.64, 171.36, 1.8
FILLER_58_81, 47.44, 171.36, 1.8
FILLER_58_85, 47.44, 171.36, 1.8
FILLER_59_86, 47.44, 171.36, 1.8
FILLER_60_103, 47.44, 171.36, 1.8
_1254_, 47.44, 171.36, 1.8
_1256_, 47.44, 171.36, 1.8
_2128_, 47.44, 171.36, 1.8
FILLER_58_107, 60.24, 171.36, 1.8
FILLER_59_113, 60.24, 171.36, 1.8
FILLER_60_124, 60.24, 171.36, 1.8
FILLER_60_131, 60.24, 171.36, 1.8
_1544_, 60.24, 171.36, 1.8
_1674_, 60.24, 171.36, 1.8
_1762_, 60.24, 171.36, 1.8
_2125_, 60.24, 171.36, 1.8
FILLER_58_136, 73.04, 171.36, 1.8
FILLER_58_141, 73.04, 171.36, 1.8
FILLER_59_142, 73.04, 171.36, 1.8
FILLER_59_155, 73.04, 171.36, 1.8
_1263_, 73.04, 171.36, 1.8
FILLER_58_164, 85.84, 171.36, 1.8
FILLER_59_180, 85.84, 171.36, 1.8
FILLER_60_176, 85.84, 171.36, 1.8
FILLER_60_187, 85.84, 171.36, 1.8
_1266_, 85.84, 171.36, 1.8
_1267_, 85.84, 171.36, 1.8
_1553_, 85.84, 171.36, 1.8
_2020_, 85.84, 171.36, 1.8
_2123_, 85.84, 171.36, 1.8
FILLER_58_197, 98.64, 171.36, 1.8
FILLER_59_204, 98.64, 171.36, 1.8
FILLER_60_208, 98.64, 171.36, 1.8
_1277_, 98.64, 171.36, 1.8
_1554_, 98.64, 171.36, 1.8
_1555_, 98.64, 171.36, 1.8
FILLER_59_217, 111.44, 171.36, 1.8
FILLER_59_225, 111.44, 171.36, 1.8
FILLER_60_237, 111.44, 171.36, 1.8
FILLER_60_244, 111.44, 171.36, 1.8
_1576_, 111.44, 171.36, 1.8
_1750_, 111.44, 171.36, 1.8
_2117_, 111.44, 171.36, 1.8
FILLER_58_253, 124.24, 171.36, 1.8
FILLER_59_248, 124.24, 171.36, 1.8
FILLER_60_264, 124.24, 171.36, 1.8
_1570_, 124.24, 171.36, 1.8
_2014_, 124.24, 171.36, 1.8
FILLER_58_279, 137.04, 171.36, 1.8
FILLER_59_272, 137.04, 171.36, 1.8
FILLER_59_289, 137.04, 171.36, 1.8
FILLER_60_286, 137.04, 171.36, 1.8
_1005_, 137.04, 171.36, 1.8
_1014_, 137.04, 171.36, 1.8
_1015_, 137.04, 171.36, 1.8
FILLER_59_301, 149.84, 171.36, 1.8
FILLER_59_314, 149.84, 171.36, 1.8
FILLER_59_325, 149.84, 171.36, 1.8
FILLER_60_318, 149.84, 171.36, 1.8
FILLER_60_325, 149.84, 171.36, 1.8
_0994_, 149.84, 171.36, 1.8
_0998_, 149.84, 171.36, 1.8
_1000_, 149.84, 171.36, 1.8
_1003_, 149.84, 171.36, 1.8
_1012_, 149.84, 171.36, 1.8
FILLER_59_332, 162.64, 171.36, 1.8
FILLER_60_349, 162.64, 171.36, 1.8
_0991_, 162.64, 171.36, 1.8
_0995_, 162.64, 171.36, 1.8
_2205_, 162.64, 171.36, 1.8
PHY_112, 5.52, 165.92, 1.8
PHY_114, 5.52, 165.92, 1.8
FILLER_56_389, 187.68, 165.92, 1.8
FILLER_57_389, 187.68, 165.92, 1.8
PHY_113, 187.68, 165.92, 1.8
PHY_115, 187.68, 165.92, 1.8
FILLER_56_53, 34.64, 165.92, 1.8
FILLER_57_51, 34.64, 165.92, 1.8
FILLER_57_57, 34.64, 165.92, 1.8
FILLER_57_67, 34.64, 165.92, 1.8
_1523_, 34.64, 165.92, 1.8
_1767_, 34.64, 165.92, 1.8
_2030_, 34.64, 165.92, 1.8
FILLER_56_85, 47.44, 165.92, 1.8
FILLER_57_103, 47.44, 165.92, 1.8
FILLER_57_80, 47.44, 165.92, 1.8
FILLER_57_93, 47.44, 165.92, 1.8
FILLER_58_98, 47.44, 165.92, 1.8
_1247_, 47.44, 165.92, 1.8
_1522_, 47.44, 165.92, 1.8
_1540_, 47.44, 165.92, 1.8
_1882_, 47.44, 165.92, 1.8
FILLER_56_116, 60.24, 165.92, 1.8
FILLER_57_113, 60.24, 165.92, 1.8
FILLER_57_123, 60.24, 165.92, 1.8
FILLER_58_120, 60.24, 165.92, 1.8
_1258_, 60.24, 165.92, 1.8
_1510_, 60.24, 165.92, 1.8
_1539_, 60.24, 165.92, 1.8
_1883_, 60.24, 165.92, 1.8
FILLER_57_136, 73.04, 165.92, 1.8
FILLER_57_160, 73.04, 165.92, 1.8
FILLER_58_151, 73.04, 165.92, 1.8
_1268_, 73.04, 165.92, 1.8
_1541_, 73.04, 165.92, 1.8
_1876_, 73.04, 165.92, 1.8
_2024_, 73.04, 165.92, 1.8
clkbuf_4_11_0_clk_in, 73.04, 165.92, 1.8
FILLER_56_172, 85.84, 165.92, 1.8
FILLER_57_169, 85.84, 165.92, 1.8
FILLER_57_183, 85.84, 165.92, 1.8
FILLER_58_188, 85.84, 165.92, 1.8
_1265_, 85.84, 165.92, 1.8
_1528_, 85.84, 165.92, 1.8
_1542_, 85.84, 165.92, 1.8
FILLER_56_189, 98.64, 165.92, 1.8
FILLER_56_197, 98.64, 165.92, 1.8
FILLER_57_193, 98.64, 165.92, 1.8
FILLER_57_207, 98.64, 165.92, 1.8
FILLER_58_211, 98.64, 165.92, 1.8
_1273_, 98.64, 165.92, 1.8
_2118_, 98.64, 165.92, 1.8
clkbuf_4_14_0_clk_in, 98.64, 165.92, 1.8
FILLER_56_225, 111.44, 165.92, 1.8
FILLER_57_230, 111.44, 165.92, 1.8
FILLER_57_237, 111.44, 165.92, 1.8
FILLER_58_235, 111.44, 165.92, 1.8
_1279_, 111.44, 165.92, 1.8
_1556_, 111.44, 165.92, 1.8
_1872_, 111.44, 165.92, 1.8
_2013_, 111.44, 165.92, 1.8
clkbuf_4_15_0_clk_in, 111.44, 165.92, 1.8
FILLER_56_249, 124.24, 165.92, 1.8
FILLER_57_253, 124.24, 165.92, 1.8
FILLER_57_270, 124.24, 165.92, 1.8
_1286_, 124.24, 165.92, 1.8
_1573_, 124.24, 165.92, 1.8
_2114_, 124.24, 165.92, 1.8
FILLER_56_283, 137.04, 165.92, 1.8
FILLER_57_277, 137.04, 165.92, 1.8
FILLER_57_286, 137.04, 165.92, 1.8
FILLER_58_296, 137.04, 165.92, 1.8
_1002_, 137.04, 165.92, 1.8
_1011_, 137.04, 165.92, 1.8
_1019_, 137.04, 165.92, 1.8
_1572_, 137.04, 165.92, 1.8
_1864_, 137.04, 165.92, 1.8
FILLER_56_304, 149.84, 165.92, 1.8
FILLER_57_300, 149.84, 165.92, 1.8
FILLER_57_314, 149.84, 165.92, 1.8
FILLER_57_325, 149.84, 165.92, 1.8
FILLER_58_318, 149.84, 165.92, 1.8
_0999_, 149.84, 165.92, 1.8
_1017_, 149.84, 165.92, 1.8
_1693_, 149.84, 165.92, 1.8
_2204_, 149.84, 165.92, 1.8
FILLER_57_333, 162.64, 165.92, 1.8
FILLER_57_342, 162.64, 165.92, 1.8
FILLER_57_350, 162.64, 165.92, 1.8
FILLER_58_343, 162.64, 165.92, 1.8
FILLER_58_351, 162.64, 165.92, 1.8
_1692_, 162.64, 165.92, 1.8
_1695_, 162.64, 165.92, 1.8
_1964_, 162.64, 165.92, 1.8
_1965_, 162.64, 165.92, 1.8
_1966_, 162.64, 165.92, 1.8
_2203_, 162.64, 165.92, 1.8
PHY_108, 5.52, 160.48, 1.8
PHY_110, 5.52, 160.48, 1.8
PHY_109, 187.68, 160.48, 1.8
PHY_111, 187.68, 160.48, 1.8
output7, 187.68, 160.48, 1.8
FILLER_55_51, 34.64, 160.48, 1.8
FILLER_55_62, 34.64, 160.48, 1.8
FILLER_55_69, 34.64, 160.48, 1.8
_1520_, 34.64, 160.48, 1.8
_1521_, 34.64, 160.48, 1.8
_1768_, 34.64, 160.48, 1.8
FILLER_54_85, 47.44, 160.48, 1.8
FILLER_55_82, 47.44, 160.48, 1.8
FILLER_55_95, 47.44, 160.48, 1.8
FILLER_56_92, 47.44, 160.48, 1.8
_1252_, 47.44, 160.48, 1.8
_1253_, 47.44, 160.48, 1.8
_2129_, 47.44, 160.48, 1.8
_2130_, 47.44, 160.48, 1.8
clkbuf_4_10_0_clk_in, 47.44, 160.48, 1.8
FILLER_54_111, 60.24, 160.48, 1.8
FILLER_55_113, 60.24, 160.48, 1.8
FILLER_55_126, 60.24, 160.48, 1.8
FILLER_56_129, 60.24, 160.48, 1.8
_1676_, 60.24, 160.48, 1.8
_1775_, 60.24, 160.48, 1.8
_1877_, 60.24, 160.48, 1.8
FILLER_55_142, 73.04, 160.48, 1.8
FILLER_55_155, 73.04, 160.48, 1.8
FILLER_56_154, 73.04, 160.48, 1.8
_1240_, 73.04, 160.48, 1.8
_1538_, 73.04, 160.48, 1.8
_1888_, 73.04, 160.48, 1.8
_2136_, 73.04, 160.48, 1.8
FILLER_54_166, 85.84, 160.48, 1.8
FILLER_55_177, 85.84, 160.48, 1.8
FILLER_55_187, 85.84, 160.48, 1.8
FILLER_56_179, 85.84, 160.48, 1.8
_1496_, 85.84, 160.48, 1.8
_1759_, 85.84, 160.48, 1.8
_1866_, 85.84, 160.48, 1.8
_1891_, 85.84, 160.48, 1.8
_2124_, 85.84, 160.48, 1.8
FILLER_54_191, 98.64, 160.48, 1.8
FILLER_55_214, 98.64, 160.48, 1.8
_1748_, 98.64, 160.48, 1.8
_2019_, 98.64, 160.48, 1.8
_2120_, 98.64, 160.48, 1.8
FILLER_54_224, 111.44, 160.48, 1.8
FILLER_54_230, 111.44, 160.48, 1.8
FILLER_55_221, 111.44, 160.48, 1.8
FILLER_55_225, 111.44, 160.48, 1.8
FILLER_55_238, 111.44, 160.48, 1.8
_1274_, 111.44, 160.48, 1.8
_1575_, 111.44, 160.48, 1.8
_1577_, 111.44, 160.48, 1.8
_1579_, 111.44, 160.48, 1.8
FILLER_55_251, 124.24, 160.48, 1.8
FILLER_56_264, 124.24, 160.48, 1.8
FILLER_56_271, 124.24, 160.48, 1.8
_1288_, 124.24, 160.48, 1.8
_1289_, 124.24, 160.48, 1.8
_2113_, 124.24, 160.48, 1.8
FILLER_54_274, 137.04, 160.48, 1.8
FILLER_54_284, 137.04, 160.48, 1.8
FILLER_55_276, 137.04, 160.48, 1.8
FILLER_55_281, 137.04, 160.48, 1.8
FILLER_55_295, 137.04, 160.48, 1.8
FILLER_56_294, 137.04, 160.48, 1.8
_1001_, 137.04, 160.48, 1.8
_1006_, 137.04, 160.48, 1.8
_1007_, 137.04, 160.48, 1.8
_1009_, 137.04, 160.48, 1.8
_1010_, 137.04, 160.48, 1.8
FILLER_54_305, 149.84, 160.48, 1.8
FILLER_54_309, 149.84, 160.48, 1.8
FILLER_55_305, 149.84, 160.48, 1.8
FILLER_55_317, 149.84, 160.48, 1.8
FILLER_55_324, 149.84, 160.48, 1.8
FILLER_56_314, 149.84, 160.48, 1.8
_1004_, 149.84, 160.48, 1.8
_1046_, 149.84, 160.48, 1.8
_1686_, 149.84, 160.48, 1.8
FILLER_54_338, 162.64, 160.48, 1.8
FILLER_55_331, 162.64, 160.48, 1.8
FILLER_55_342, 162.64, 160.48, 1.8
FILLER_55_351, 162.64, 160.48, 1.8
FILLER_56_354, 162.64, 160.48, 1.8
_1043_, 162.64, 160.48, 1.8
_1690_, 162.64, 160.48, 1.8
_1962_, 162.64, 160.48, 1.8
PHY_104, 5.52, 155.04, 1.8
PHY_106, 5.52, 155.04, 1.8
output20, 5.52, 155.04, 1.8
FILLER_52_390, 187.68, 155.04, 1.8
PHY_105, 187.68, 155.04, 1.8
PHY_107, 187.68, 155.04, 1.8
FILLER_54_20, 13.68, 155.04, 1.8
FILLER_53_51, 34.64, 155.04, 1.8
FILLER_53_57, 34.64, 155.04, 1.8
FILLER_54_68, 34.64, 155.04, 1.8
FILLER_54_75, 34.64, 155.04, 1.8
_1518_, 34.64, 155.04, 1.8
_1769_, 34.64, 155.04, 1.8
_2031_, 34.64, 155.04, 1.8
FILLER_53_103, 47.44, 155.04, 1.8
FILLER_53_82, 47.44, 155.04, 1.8
FILLER_53_95, 47.44, 155.04, 1.8
_1516_, 47.44, 155.04, 1.8
_1519_, 47.44, 155.04, 1.8
_1886_, 47.44, 155.04, 1.8
FILLER_52_109, 60.24, 155.04, 1.8
FILLER_54_119, 60.24, 155.04, 1.8
FILLER_54_132, 60.24, 155.04, 1.8
_1241_, 60.24, 155.04, 1.8
_1246_, 60.24, 155.04, 1.8
_1502_, 60.24, 155.04, 1.8
_1682_, 60.24, 155.04, 1.8
_2133_, 60.24, 155.04, 1.8
FILLER_52_141, 73.04, 155.04, 1.8
FILLER_53_135, 73.04, 155.04, 1.8
FILLER_53_148, 73.04, 155.04, 1.8
_1238_, 73.04, 155.04, 1.8
_1501_, 73.04, 155.04, 1.8
FILLER_53_169, 85.84, 155.04, 1.8
FILLER_53_183, 85.84, 155.04, 1.8
_1497_, 85.84, 155.04, 1.8
_1777_, 85.84, 155.04, 1.8
FILLER_52_197, 98.64, 155.04, 1.8
FILLER_53_191, 98.64, 155.04, 1.8
FILLER_53_198, 98.64, 155.04, 1.8
FILLER_53_207, 98.64, 155.04, 1.8
FILLER_54_205, 98.64, 155.04, 1.8
_1236_, 98.64, 155.04, 1.8
_1495_, 98.64, 155.04, 1.8
_1756_, 98.64, 155.04, 1.8
_1892_, 98.64, 155.04, 1.8
FILLER_52_223, 111.44, 155.04, 1.8
FILLER_53_217, 111.44, 155.04, 1.8
FILLER_54_244, 111.44, 155.04, 1.8
_1578_, 111.44, 155.04, 1.8
_1684_, 111.44, 155.04, 1.8
_2012_, 111.44, 155.04, 1.8
FILLER_52_253, 124.24, 155.04, 1.8
FILLER_53_247, 124.24, 155.04, 1.8
FILLER_54_264, 124.24, 155.04, 1.8
_1293_, 124.24, 155.04, 1.8
_1560_, 124.24, 155.04, 1.8
_2112_, 124.24, 155.04, 1.8
FILLER_52_275, 137.04, 155.04, 1.8
FILLER_52_282, 137.04, 155.04, 1.8
FILLER_53_275, 137.04, 155.04, 1.8
FILLER_53_281, 137.04, 155.04, 1.8
FILLER_53_297, 137.04, 155.04, 1.8
FILLER_54_295, 137.04, 155.04, 1.8
_1008_, 137.04, 155.04, 1.8
_1018_, 137.04, 155.04, 1.8
_1048_, 137.04, 155.04, 1.8
_1862_, 137.04, 155.04, 1.8
_1863_, 137.04, 155.04, 1.8
FILLER_53_304, 149.84, 155.04, 1.8
FILLER_53_317, 149.84, 155.04, 1.8
FILLER_53_325, 149.84, 155.04, 1.8
_1044_, 149.84, 155.04, 1.8
_1045_, 149.84, 155.04, 1.8
_1052_, 149.84, 155.04, 1.8
_1053_, 149.84, 155.04, 1.8
_1688_, 149.84, 155.04, 1.8
_2200_, 149.84, 155.04, 1.8
FILLER_52_340, 162.64, 155.04, 1.8
_1687_, 162.64, 155.04, 1.8
_2202_, 162.64, 155.04, 1.8
clkbuf_1_0__f_vco_in, 162.64, 155.04, 1.8
PHY_100, 5.52, 149.6, 1.8
PHY_102, 5.52, 149.6, 1.8
FILLER_50_389, 187.68, 149.6, 1.8
FILLER_51_389, 187.68, 149.6, 1.8
PHY_101, 187.68, 149.6, 1.8
PHY_103, 187.68, 149.6, 1.8
FILLER_51_51, 34.64, 149.6, 1.8
FILLER_51_57, 34.64, 149.6, 1.8
FILLER_52_65, 34.64, 149.6, 1.8
_1517_, 34.64, 149.6, 1.8
_2131_, 34.64, 149.6, 1.8
FILLER_50_85, 47.44, 149.6, 1.8
FILLER_51_87, 47.44, 149.6, 1.8
FILLER_51_94, 47.44, 149.6, 1.8
FILLER_52_96, 47.44, 149.6, 1.8
_1239_, 47.44, 149.6, 1.8
_1680_, 47.44, 149.6, 1.8
_1772_, 47.44, 149.6, 1.8
FILLER_50_118, 60.24, 149.6, 1.8
FILLER_51_124, 60.24, 149.6, 1.8
FILLER_52_122, 60.24, 149.6, 1.8
FILLER_52_132, 60.24, 149.6, 1.8
_1237_, 60.24, 149.6, 1.8
_1511_, 60.24, 149.6, 1.8
_2036_, 60.24, 149.6, 1.8
FILLER_50_135, 73.04, 149.6, 1.8
FILLER_50_146, 73.04, 149.6, 1.8
FILLER_51_150, 73.04, 149.6, 1.8
FILLER_52_156, 73.04, 149.6, 1.8
_1498_, 73.04, 149.6, 1.8
_1500_, 73.04, 149.6, 1.8
_1774_, 73.04, 149.6, 1.8
_2137_, 73.04, 149.6, 1.8
FILLER_51_174, 85.84, 149.6, 1.8
FILLER_52_180, 85.84, 149.6, 1.8
FILLER_52_188, 85.84, 149.6, 1.8
_1492_, 85.84, 149.6, 1.8
_1776_, 85.84, 149.6, 1.8
_2038_, 85.84, 149.6, 1.8
FILLER_51_201, 98.64, 149.6, 1.8
FILLER_51_214, 98.64, 149.6, 1.8
_1491_, 98.64, 149.6, 1.8
_1493_, 98.64, 149.6, 1.8
_2138_, 98.64, 149.6, 1.8
FILLER_50_221, 111.44, 149.6, 1.8
FILLER_51_225, 111.44, 149.6, 1.8
FILLER_51_233, 111.44, 149.6, 1.8
FILLER_52_236, 111.44, 149.6, 1.8
_1290_, 111.44, 149.6, 1.8
_1580_, 111.44, 149.6, 1.8
_1582_, 111.44, 149.6, 1.8
_1749_, 111.44, 149.6, 1.8
FILLER_51_251, 124.24, 149.6, 1.8
FILLER_52_260, 124.24, 149.6, 1.8
FILLER_52_267, 124.24, 149.6, 1.8
_1291_, 124.24, 149.6, 1.8
_1292_, 124.24, 149.6, 1.8
_2111_, 124.24, 149.6, 1.8
FILLER_50_278, 137.04, 149.6, 1.8
FILLER_50_285, 137.04, 149.6, 1.8
FILLER_51_281, 137.04, 149.6, 1.8
FILLER_51_290, 137.04, 149.6, 1.8
FILLER_52_296, 137.04, 149.6, 1.8
_1047_, 137.04, 149.6, 1.8
_1049_, 137.04, 149.6, 1.8
_1295_, 137.04, 149.6, 1.8
_1859_, 137.04, 149.6, 1.8
_1861_, 137.04, 149.6, 1.8
FILLER_50_304, 149.84, 149.6, 1.8
FILLER_51_303, 149.84, 149.6, 1.8
FILLER_51_315, 149.84, 149.6, 1.8
FILLER_51_326, 149.84, 149.6, 1.8
FILLER_52_314, 149.84, 149.6, 1.8
_1050_, 149.84, 149.6, 1.8
_1051_, 149.84, 149.6, 1.8
_1056_, 149.84, 149.6, 1.8
_2201_, 149.84, 149.6, 1.8
FILLER_50_341, 162.64, 149.6, 1.8
FILLER_51_333, 162.64, 149.6, 1.8
FILLER_51_337, 162.64, 149.6, 1.8
FILLER_52_347, 162.64, 149.6, 1.8
FILLER_52_354, 162.64, 149.6, 1.8
_1016_, 162.64, 149.6, 1.8
_1689_, 162.64, 149.6, 1.8
_1963_, 162.64, 149.6, 1.8
_2090_, 162.64, 149.6, 1.8
PHY_96, 5.52, 144.16, 1.8
PHY_98, 5.52, 144.16, 1.8
FILLER_48_387, 187.68, 144.16, 1.8
PHY_97, 187.68, 144.16, 1.8
PHY_99, 187.68, 144.16, 1.8
_1949_, 187.68, 144.16, 1.8
output44, 187.68, 144.16, 1.8
FILLER_49_51, 34.64, 144.16, 1.8
FILLER_49_57, 34.64, 144.16, 1.8
FILLER_49_65, 34.64, 144.16, 1.8
FILLER_49_71, 34.64, 144.16, 1.8
FILLER_50_69, 34.64, 144.16, 1.8
_1250_, 34.64, 144.16, 1.8
_1251_, 34.64, 144.16, 1.8
_1512_, 34.64, 144.16, 1.8
_1884_, 34.64, 144.16, 1.8
FILLER_49_104, 47.44, 144.16, 1.8
FILLER_49_78, 47.44, 144.16, 1.8
FILLER_49_91, 47.44, 144.16, 1.8
FILLER_50_94, 47.44, 144.16, 1.8
_1249_, 47.44, 144.16, 1.8
_1513_, 47.44, 144.16, 1.8
_1514_, 47.44, 144.16, 1.8
_2032_, 47.44, 144.16, 1.8
_2033_, 47.44, 144.16, 1.8
FILLER_48_107, 60.24, 144.16, 1.8
FILLER_49_113, 60.24, 144.16, 1.8
FILLER_49_125, 60.24, 144.16, 1.8
_1244_, 60.24, 144.16, 1.8
_1509_, 60.24, 144.16, 1.8
_1678_, 60.24, 144.16, 1.8
FILLER_48_141, 73.04, 144.16, 1.8
FILLER_49_138, 73.04, 144.16, 1.8
FILLER_49_151, 73.04, 144.16, 1.8
FILLER_49_158, 73.04, 144.16, 1.8
_1242_, 73.04, 144.16, 1.8
_1243_, 73.04, 144.16, 1.8
_1503_, 73.04, 144.16, 1.8
_1889_, 73.04, 144.16, 1.8
_2037_, 73.04, 144.16, 1.8
FILLER_48_170, 85.84, 144.16, 1.8
FILLER_49_165, 85.84, 144.16, 1.8
FILLER_49_174, 85.84, 144.16, 1.8
FILLER_50_175, 85.84, 144.16, 1.8
_1489_, 85.84, 144.16, 1.8
_1494_, 85.84, 144.16, 1.8
_1499_, 85.84, 144.16, 1.8
_1770_, 85.84, 144.16, 1.8
_2039_, 85.84, 144.16, 1.8
FILLER_48_197, 98.64, 144.16, 1.8
FILLER_49_198, 98.64, 144.16, 1.8
FILLER_49_211, 98.64, 144.16, 1.8
FILLER_50_208, 98.64, 144.16, 1.8
_1234_, 98.64, 144.16, 1.8
_1235_, 98.64, 144.16, 1.8
_1490_, 98.64, 144.16, 1.8
_1778_, 98.64, 144.16, 1.8
FILLER_48_225, 111.44, 144.16, 1.8
FILLER_49_218, 111.44, 144.16, 1.8
FILLER_50_231, 111.44, 144.16, 1.8
FILLER_50_244, 111.44, 144.16, 1.8
_1581_, 111.44, 144.16, 1.8
_2011_, 111.44, 144.16, 1.8
FILLER_48_258, 124.24, 144.16, 1.8
FILLER_49_247, 124.24, 144.16, 1.8
FILLER_49_260, 124.24, 144.16, 1.8
FILLER_50_264, 124.24, 144.16, 1.8
FILLER_50_271, 124.24, 144.16, 1.8
_1294_, 124.24, 144.16, 1.8
_1583_, 124.24, 144.16, 1.8
_1591_, 124.24, 144.16, 1.8
_1745_, 124.24, 144.16, 1.8
FILLER_49_273, 137.04, 144.16, 1.8
FILLER_49_286, 137.04, 144.16, 1.8
FILLER_49_299, 137.04, 144.16, 1.8
FILLER_50_292, 137.04, 144.16, 1.8
_1055_, 137.04, 144.16, 1.8
_1057_, 137.04, 144.16, 1.8
_1299_, 137.04, 144.16, 1.8
_1585_, 137.04, 144.16, 1.8
FILLER_48_300, 149.84, 144.16, 1.8
FILLER_48_309, 149.84, 144.16, 1.8
FILLER_49_310, 149.84, 144.16, 1.8
FILLER_49_321, 149.84, 144.16, 1.8
FILLER_50_317, 149.84, 144.16, 1.8
_1054_, 149.84, 144.16, 1.8
_1058_, 149.84, 144.16, 1.8
_1059_, 149.84, 144.16, 1.8
_2189_, 149.84, 144.16, 1.8
FILLER_49_328, 162.64, 144.16, 1.8
FILLER_49_337, 162.64, 144.16, 1.8
FILLER_49_350, 162.64, 144.16, 1.8
FILLER_50_352, 162.64, 144.16, 1.8
_1838_, 162.64, 144.16, 1.8
_1960_, 162.64, 144.16, 1.8
_2088_, 162.64, 144.16, 1.8
_2188_, 162.64, 144.16, 1.8
PHY_92, 5.52, 138.72, 1.8
PHY_94, 5.52, 138.72, 1.8
output28, 5.52, 138.72, 1.8
FILLER_47_385, 187.68, 138.72, 1.8
PHY_93, 187.68, 138.72, 1.8
PHY_95, 187.68, 138.72, 1.8
FILLER_47_69, 34.64, 138.72, 1.8
FILLER_48_65, 34.64, 138.72, 1.8
FILLER_48_75, 34.64, 138.72, 1.8
_1515_, 34.64, 138.72, 1.8
_2132_, 34.64, 138.72, 1.8
FILLER_47_103, 47.44, 138.72, 1.8
FILLER_47_95, 47.44, 138.72, 1.8
_1248_, 47.44, 138.72, 1.8
_1771_, 47.44, 138.72, 1.8
_1773_, 47.44, 138.72, 1.8
FILLER_47_113, 60.24, 138.72, 1.8
FILLER_48_125, 60.24, 138.72, 1.8
_1504_, 60.24, 138.72, 1.8
_1505_, 60.24, 138.72, 1.8
_2035_, 60.24, 138.72, 1.8
FILLER_46_137, 73.04, 138.72, 1.8
FILLER_46_141, 73.04, 138.72, 1.8
FILLER_47_141, 73.04, 138.72, 1.8
FILLER_48_155, 73.04, 138.72, 1.8
_2135_, 73.04, 138.72, 1.8
FILLER_46_167, 85.84, 138.72, 1.8
FILLER_47_165, 85.84, 138.72, 1.8
FILLER_48_182, 85.84, 138.72, 1.8
_1486_, 85.84, 138.72, 1.8
_1725_, 85.84, 138.72, 1.8
_1780_, 85.84, 138.72, 1.8
_2040_, 85.84, 138.72, 1.8
FILLER_46_191, 98.64, 138.72, 1.8
FILLER_47_191, 98.64, 138.72, 1.8
FILLER_47_198, 98.64, 138.72, 1.8
FILLER_47_212, 98.64, 138.72, 1.8
_1231_, 98.64, 138.72, 1.8
_1233_, 98.64, 138.72, 1.8
_1779_, 98.64, 138.72, 1.8
_1893_, 98.64, 138.72, 1.8
_2139_, 98.64, 138.72, 1.8
FILLER_46_222, 111.44, 138.72, 1.8
FILLER_46_229, 111.44, 138.72, 1.8
FILLER_47_219, 111.44, 138.72, 1.8
FILLER_47_225, 111.44, 138.72, 1.8
FILLER_48_237, 111.44, 138.72, 1.8
_1232_, 111.44, 138.72, 1.8
_1584_, 111.44, 138.72, 1.8
_1744_, 111.44, 138.72, 1.8
_1746_, 111.44, 138.72, 1.8
_2010_, 111.44, 138.72, 1.8
FILLER_46_249, 124.24, 138.72, 1.8
FILLER_46_253, 124.24, 138.72, 1.8
FILLER_47_249, 124.24, 138.72, 1.8
FILLER_47_262, 124.24, 138.72, 1.8
_1586_, 124.24, 138.72, 1.8
_1589_, 124.24, 138.72, 1.8
_2110_, 124.24, 138.72, 1.8
FILLER_46_276, 137.04, 138.72, 1.8
FILLER_47_276, 137.04, 138.72, 1.8
FILLER_48_286, 137.04, 138.72, 1.8
FILLER_48_293, 137.04, 138.72, 1.8
_1297_, 137.04, 138.72, 1.8
_1303_, 137.04, 138.72, 1.8
_1858_, 137.04, 138.72, 1.8
_2108_, 137.04, 138.72, 1.8
_2109_, 137.04, 138.72, 1.8
FILLER_46_301, 149.84, 138.72, 1.8
FILLER_47_303, 149.84, 138.72, 1.8
FILLER_47_310, 149.84, 138.72, 1.8
FILLER_47_327, 149.84, 138.72, 1.8
FILLER_48_325, 149.84, 138.72, 1.8
_1027_, 149.84, 138.72, 1.8
_1088_, 149.84, 138.72, 1.8
_1128_, 149.84, 138.72, 1.8
_1860_, 149.84, 138.72, 1.8
FILLER_46_330, 162.64, 138.72, 1.8
FILLER_46_340, 162.64, 138.72, 1.8
FILLER_47_342, 162.64, 138.72, 1.8
FILLER_47_349, 162.64, 138.72, 1.8
FILLER_48_350, 162.64, 138.72, 1.8
_1020_, 162.64, 138.72, 1.8
_1089_, 162.64, 138.72, 1.8
_1126_, 162.64, 138.72, 1.8
_1129_, 162.64, 138.72, 1.8
_1948_, 162.64, 138.72, 1.8
PHY_88, 5.52, 133.28, 1.8
PHY_90, 5.52, 133.28, 1.8
FILLER_44_390, 187.68, 133.28, 1.8
FILLER_45_384, 187.68, 133.28, 1.8
PHY_89, 187.68, 133.28, 1.8
PHY_91, 187.68, 133.28, 1.8
FILLER_45_51, 34.64, 133.28, 1.8
FILLER_45_69, 34.64, 133.28, 1.8
FILLER_45_75, 34.64, 133.28, 1.8
_1885_, 34.64, 133.28, 1.8
FILLER_44_85, 47.44, 133.28, 1.8
FILLER_45_103, 47.44, 133.28, 1.8
FILLER_45_82, 47.44, 133.28, 1.8
FILLER_45_89, 47.44, 133.28, 1.8
FILLER_45_96, 47.44, 133.28, 1.8
FILLER_46_96, 47.44, 133.28, 1.8
_1245_, 47.44, 133.28, 1.8
_1508_, 47.44, 133.28, 1.8
_1887_, 47.44, 133.28, 1.8
_1911_, 47.44, 133.28, 1.8
_1912_, 47.44, 133.28, 1.8
_2034_, 47.44, 133.28, 1.8
FILLER_45_113, 60.24, 133.28, 1.8
FILLER_45_127, 60.24, 133.28, 1.8
FILLER_46_124, 60.24, 133.28, 1.8
_1506_, 60.24, 133.28, 1.8
_1507_, 60.24, 133.28, 1.8
_1913_, 60.24, 133.28, 1.8
_2134_, 60.24, 133.28, 1.8
FILLER_44_141, 73.04, 133.28, 1.8
FILLER_45_153, 73.04, 133.28, 1.8
FILLER_46_150, 73.04, 133.28, 1.8
FILLER_46_157, 73.04, 133.28, 1.8
_1649_, 73.04, 133.28, 1.8
_1651_, 73.04, 133.28, 1.8
_1985_, 73.04, 133.28, 1.8
_2223_, 73.04, 133.28, 1.8
FILLER_44_174, 85.84, 133.28, 1.8
FILLER_46_177, 85.84, 133.28, 1.8
_1488_, 85.84, 133.28, 1.8
_1983_, 85.84, 133.28, 1.8
_2041_, 85.84, 133.28, 1.8
FILLER_45_191, 98.64, 133.28, 1.8
FILLER_46_208, 98.64, 133.28, 1.8
FILLER_46_215, 98.64, 133.28, 1.8
_1487_, 98.64, 133.28, 1.8
_1894_, 98.64, 133.28, 1.8
_2140_, 98.64, 133.28, 1.8
FILLER_44_223, 111.44, 133.28, 1.8
FILLER_45_220, 111.44, 133.28, 1.8
FILLER_45_225, 111.44, 133.28, 1.8
FILLER_46_236, 111.44, 133.28, 1.8
_1587_, 111.44, 133.28, 1.8
_1654_, 111.44, 133.28, 1.8
_1747_, 111.44, 133.28, 1.8
_2009_, 111.44, 133.28, 1.8
FILLER_44_249, 124.24, 133.28, 1.8
FILLER_45_248, 124.24, 133.28, 1.8
FILLER_46_269, 124.24, 133.28, 1.8
_1590_, 124.24, 133.28, 1.8
_2008_, 124.24, 133.28, 1.8
clkbuf_4_13_0_clk_in, 124.24, 133.28, 1.8
FILLER_44_281, 137.04, 133.28, 1.8
FILLER_45_272, 137.04, 133.28, 1.8
FILLER_45_292, 137.04, 133.28, 1.8
_1296_, 137.04, 133.28, 1.8
_1298_, 137.04, 133.28, 1.8
FILLER_44_309, 149.84, 133.28, 1.8
FILLER_45_306, 149.84, 133.28, 1.8
FILLER_46_315, 149.84, 133.28, 1.8
_1026_, 149.84, 133.28, 1.8
_1833_, 149.84, 133.28, 1.8
_2191_, 149.84, 133.28, 1.8
FILLER_44_335, 162.64, 133.28, 1.8
FILLER_45_342, 162.64, 133.28, 1.8
FILLER_45_355, 162.64, 133.28, 1.8
FILLER_46_347, 162.64, 133.28, 1.8
_1025_, 162.64, 133.28, 1.8
_1061_, 162.64, 133.28, 1.8
_1114_, 162.64, 133.28, 1.8
_1120_, 162.64, 133.28, 1.8
_1124_, 162.64, 133.28, 1.8
_1950_, 162.64, 133.28, 1.8
PHY_84, 5.52, 127.84, 1.8
PHY_86, 5.52, 127.84, 1.8
FILLER_42_386, 187.68, 127.84, 1.8
FILLER_43_388, 187.68, 127.84, 1.8
PHY_85, 187.68, 127.84, 1.8
PHY_87, 187.68, 127.84, 1.8
_1953_, 187.68, 127.84, 1.8
FILLER_43_51, 34.64, 127.84, 1.8
FILLER_43_69, 34.64, 127.84, 1.8
_2156_, 34.64, 127.84, 1.8
FILLER_42_85, 47.44, 127.84, 1.8
FILLER_43_97, 47.44, 127.84, 1.8
FILLER_44_102, 47.44, 127.84, 1.8
FILLER_44_95, 47.44, 127.84, 1.8
_1195_, 47.44, 127.84, 1.8
_1196_, 47.44, 127.84, 1.8
_1200_, 47.44, 127.84, 1.8
_1444_, 47.44, 127.84, 1.8
_1655_, 47.44, 127.84, 1.8
FILLER_42_118, 60.24, 127.84, 1.8
FILLER_43_126, 60.24, 127.84, 1.8
FILLER_44_126, 60.24, 127.84, 1.8
clkbuf_4_8_0_clk_in, 60.24, 127.84, 1.8
FILLER_42_134, 73.04, 127.84, 1.8
FILLER_43_156, 73.04, 127.84, 1.8
FILLER_44_150, 73.04, 127.84, 1.8
_1909_, 73.04, 127.84, 1.8
_1982_, 73.04, 127.84, 1.8
_2220_, 73.04, 127.84, 1.8
_2221_, 73.04, 127.84, 1.8
clkbuf_4_9_0_clk_in, 73.04, 127.84, 1.8
FILLER_42_165, 85.84, 127.84, 1.8
FILLER_43_163, 85.84, 127.84, 1.8
FILLER_43_169, 85.84, 127.84, 1.8
FILLER_43_185, 85.84, 127.84, 1.8
FILLER_44_182, 85.84, 127.84, 1.8
_1229_, 85.84, 127.84, 1.8
_1485_, 85.84, 127.84, 1.8
_1653_, 85.84, 127.84, 1.8
_2141_, 85.84, 127.84, 1.8
FILLER_42_192, 98.64, 127.84, 1.8
FILLER_42_202, 98.64, 127.84, 1.8
FILLER_43_198, 98.64, 127.84, 1.8
FILLER_43_211, 98.64, 127.84, 1.8
FILLER_44_208, 98.64, 127.84, 1.8
_1227_, 98.64, 127.84, 1.8
_1228_, 98.64, 127.84, 1.8
_1484_, 98.64, 127.84, 1.8
_1650_, 98.64, 127.84, 1.8
FILLER_42_226, 111.44, 127.84, 1.8
FILLER_43_221, 111.44, 127.84, 1.8
FILLER_43_238, 111.44, 127.84, 1.8
FILLER_44_236, 111.44, 127.84, 1.8
_1648_, 111.44, 127.84, 1.8
_1896_, 111.44, 127.84, 1.8
_2007_, 111.44, 127.84, 1.8
clkbuf_4_12_0_clk_in, 111.44, 127.84, 1.8
FILLER_42_258, 124.24, 127.84, 1.8
FILLER_43_254, 124.24, 127.84, 1.8
FILLER_43_261, 124.24, 127.84, 1.8
FILLER_44_266, 124.24, 127.84, 1.8
_1302_, 124.24, 127.84, 1.8
_1588_, 124.24, 127.84, 1.8
_1594_, 124.24, 127.84, 1.8
_1598_, 124.24, 127.84, 1.8
FILLER_42_273, 137.04, 127.84, 1.8
FILLER_44_294, 137.04, 127.84, 1.8
_1028_, 137.04, 127.84, 1.8
_1122_, 137.04, 127.84, 1.8
_1304_, 137.04, 127.84, 1.8
_2107_, 137.04, 127.84, 1.8
FILLER_42_309, 149.84, 127.84, 1.8
FILLER_43_303, 149.84, 127.84, 1.8
FILLER_43_317, 149.84, 127.84, 1.8
FILLER_44_324, 149.84, 127.84, 1.8
_1021_, 149.84, 127.84, 1.8
_1063_, 149.84, 127.84, 1.8
_1066_, 149.84, 127.84, 1.8
_1123_, 149.84, 127.84, 1.8
_1125_, 149.84, 127.84, 1.8
FILLER_42_330, 162.64, 127.84, 1.8
FILLER_43_328, 162.64, 127.84, 1.8
FILLER_43_337, 162.64, 127.84, 1.8
FILLER_43_351, 162.64, 127.84, 1.8
FILLER_44_346, 162.64, 127.84, 1.8
FILLER_44_355, 162.64, 127.84, 1.8
_1024_, 162.64, 127.84, 1.8
_1030_, 162.64, 127.84, 1.8
_1113_, 162.64, 127.84, 1.8
_1115_, 162.64, 127.84, 1.8
PHY_80, 5.52, 122.4, 1.8
PHY_82, 5.52, 122.4, 1.8
FILLER_41_383, 187.68, 122.4, 1.8
PHY_81, 187.68, 122.4, 1.8
PHY_83, 187.68, 122.4, 1.8
output43, 187.68, 122.4, 1.8
FILLER_41_51, 34.64, 122.4, 1.8
FILLER_41_74, 34.64, 122.4, 1.8
_1198_, 34.64, 122.4, 1.8
FILLER_41_98, 47.44, 122.4, 1.8
FILLER_42_94, 47.44, 122.4, 1.8
_1197_, 47.44, 122.4, 1.8
_2155_, 47.44, 122.4, 1.8
_2157_, 47.44, 122.4, 1.8
FILLER_40_109, 60.24, 122.4, 1.8
FILLER_41_124, 60.24, 122.4, 1.8
_1201_, 60.24, 122.4, 1.8
_1202_, 60.24, 122.4, 1.8
_1478_, 60.24, 122.4, 1.8
_2153_, 60.24, 122.4, 1.8
_2154_, 60.24, 122.4, 1.8
FILLER_40_141, 73.04, 122.4, 1.8
FILLER_41_148, 73.04, 122.4, 1.8
FILLER_41_158, 73.04, 122.4, 1.8
FILLER_42_154, 73.04, 122.4, 1.8
_1910_, 73.04, 122.4, 1.8
FILLER_40_174, 85.84, 122.4, 1.8
FILLER_41_169, 85.84, 122.4, 1.8
FILLER_41_176, 85.84, 122.4, 1.8
FILLER_41_183, 85.84, 122.4, 1.8
_1230_, 85.84, 122.4, 1.8
_1652_, 85.84, 122.4, 1.8
_1895_, 85.84, 122.4, 1.8
_1984_, 85.84, 122.4, 1.8
FILLER_41_196, 98.64, 122.4, 1.8
FILLER_41_209, 98.64, 122.4, 1.8
FILLER_41_216, 98.64, 122.4, 1.8
_1226_, 98.64, 122.4, 1.8
_1481_, 98.64, 122.4, 1.8
_2142_, 98.64, 122.4, 1.8
FILLER_40_219, 111.44, 122.4, 1.8
FILLER_41_225, 111.44, 122.4, 1.8
FILLER_41_234, 111.44, 122.4, 1.8
FILLER_41_241, 111.44, 122.4, 1.8
_1595_, 111.44, 122.4, 1.8
_1743_, 111.44, 122.4, 1.8
_1897_, 111.44, 122.4, 1.8
FILLER_40_253, 124.24, 122.4, 1.8
FILLER_41_265, 124.24, 122.4, 1.8
_1593_, 124.24, 122.4, 1.8
_1596_, 124.24, 122.4, 1.8
_1597_, 124.24, 122.4, 1.8
_1742_, 124.24, 122.4, 1.8
_2006_, 124.24, 122.4, 1.8
FILLER_40_283, 137.04, 122.4, 1.8
FILLER_41_281, 137.04, 122.4, 1.8
FILLER_42_286, 137.04, 122.4, 1.8
FILLER_42_296, 137.04, 122.4, 1.8
_1306_, 137.04, 122.4, 1.8
_1855_, 137.04, 122.4, 1.8
_2106_, 137.04, 122.4, 1.8
FILLER_40_304, 149.84, 122.4, 1.8
FILLER_41_308, 149.84, 122.4, 1.8
FILLER_41_324, 149.84, 122.4, 1.8
FILLER_42_318, 149.84, 122.4, 1.8
_1060_, 149.84, 122.4, 1.8
_1064_, 149.84, 122.4, 1.8
_1856_, 149.84, 122.4, 1.8
_1857_, 149.84, 122.4, 1.8
FILLER_40_334, 162.64, 122.4, 1.8
FILLER_41_332, 162.64, 122.4, 1.8
FILLER_41_344, 162.64, 122.4, 1.8
_1029_, 162.64, 122.4, 1.8
_1032_, 162.64, 122.4, 1.8
_1035_, 162.64, 122.4, 1.8
_1037_, 162.64, 122.4, 1.8
_1065_, 162.64, 122.4, 1.8
PHY_76, 5.52, 116.96, 1.8
PHY_78, 5.52, 116.96, 1.8
output27, 5.52, 116.96, 1.8
FILLER_39_388, 187.68, 116.96, 1.8
PHY_77, 187.68, 116.96, 1.8
PHY_79, 187.68, 116.96, 1.8
FILLER_40_20, 13.68, 116.96, 1.8
FILLER_39_51, 34.64, 116.96, 1.8
FILLER_39_57, 34.64, 116.96, 1.8
FILLER_40_69, 34.64, 116.96, 1.8
_1199_, 34.64, 116.96, 1.8
_1441_, 34.64, 116.96, 1.8
_2055_, 34.64, 116.96, 1.8
FILLER_39_84, 47.44, 116.96, 1.8
FILLER_40_96, 47.44, 116.96, 1.8
_1439_, 47.44, 116.96, 1.8
_1443_, 47.44, 116.96, 1.8
_2054_, 47.44, 116.96, 1.8
FILLER_38_111, 60.24, 116.96, 1.8
FILLER_39_113, 60.24, 116.96, 1.8
FILLER_39_121, 60.24, 116.96, 1.8
_1203_, 60.24, 116.96, 1.8
_1204_, 60.24, 116.96, 1.8
_1445_, 60.24, 116.96, 1.8
FILLER_38_146, 73.04, 116.96, 1.8
FILLER_39_134, 73.04, 116.96, 1.8
FILLER_40_150, 73.04, 116.96, 1.8
_1206_, 73.04, 116.96, 1.8
_1657_, 73.04, 116.96, 1.8
_1908_, 73.04, 116.96, 1.8
_2222_, 73.04, 116.96, 1.8
_2224_, 73.04, 116.96, 1.8
FILLER_38_170, 85.84, 116.96, 1.8
FILLER_39_164, 85.84, 116.96, 1.8
FILLER_39_174, 85.84, 116.96, 1.8
FILLER_39_183, 85.84, 116.96, 1.8
FILLER_40_182, 85.84, 116.96, 1.8
_1480_, 85.84, 116.96, 1.8
_1482_, 85.84, 116.96, 1.8
_1483_, 85.84, 116.96, 1.8
_1986_, 85.84, 116.96, 1.8
_2042_, 85.84, 116.96, 1.8
FILLER_38_197, 98.64, 116.96, 1.8
FILLER_39_190, 98.64, 116.96, 1.8
FILLER_39_203, 98.64, 116.96, 1.8
FILLER_39_216, 98.64, 116.96, 1.8
_1225_, 98.64, 116.96, 1.8
_1477_, 98.64, 116.96, 1.8
_1479_, 98.64, 116.96, 1.8
_1784_, 98.64, 116.96, 1.8
FILLER_39_236, 111.44, 116.96, 1.8
FILLER_39_244, 111.44, 116.96, 1.8
FILLER_40_243, 111.44, 116.96, 1.8
_1601_, 111.44, 116.96, 1.8
_1656_, 111.44, 116.96, 1.8
_1741_, 111.44, 116.96, 1.8
FILLER_38_248, 124.24, 116.96, 1.8
FILLER_38_253, 124.24, 116.96, 1.8
FILLER_39_257, 124.24, 116.96, 1.8
FILLER_40_266, 124.24, 116.96, 1.8
_1599_, 124.24, 116.96, 1.8
_1600_, 124.24, 116.96, 1.8
FILLER_38_281, 137.04, 116.96, 1.8
FILLER_39_275, 137.04, 116.96, 1.8
FILLER_39_281, 137.04, 116.96, 1.8
FILLER_40_290, 137.04, 116.96, 1.8
FILLER_40_297, 137.04, 116.96, 1.8
_1305_, 137.04, 116.96, 1.8
_1307_, 137.04, 116.96, 1.8
_1309_, 137.04, 116.96, 1.8
_1602_, 137.04, 116.96, 1.8
_2105_, 137.04, 116.96, 1.8
FILLER_38_300, 149.84, 116.96, 1.8
FILLER_39_304, 149.84, 116.96, 1.8
FILLER_39_319, 149.84, 116.96, 1.8
FILLER_40_314, 149.84, 116.96, 1.8
FILLER_40_325, 149.84, 116.96, 1.8
_1022_, 149.84, 116.96, 1.8
_1036_, 149.84, 116.96, 1.8
_1041_, 149.84, 116.96, 1.8
_1062_, 149.84, 116.96, 1.8
FILLER_38_331, 162.64, 116.96, 1.8
FILLER_39_331, 162.64, 116.96, 1.8
FILLER_39_337, 162.64, 116.96, 1.8
FILLER_39_347, 162.64, 116.96, 1.8
FILLER_40_351, 162.64, 116.96, 1.8
_1033_, 162.64, 116.96, 1.8
_1038_, 162.64, 116.96, 1.8
_1110_, 162.64, 116.96, 1.8
clkbuf_1_1__f_ref_in, 162.64, 116.96, 1.8
PHY_72, 5.52, 111.52, 1.8
PHY_74, 5.52, 111.52, 1.8
FILLER_36_383, 187.68, 111.52, 1.8
FILLER_37_385, 187.68, 111.52, 1.8
PHY_73, 187.68, 111.52, 1.8
PHY_75, 187.68, 111.52, 1.8
FILLER_36_53, 34.64, 111.52, 1.8
FILLER_36_62, 34.64, 111.52, 1.8
FILLER_37_51, 34.64, 111.52, 1.8
FILLER_38_69, 34.64, 111.52, 1.8
_1438_, 34.64, 111.52, 1.8
_1440_, 34.64, 111.52, 1.8
_1797_, 34.64, 111.52, 1.8
_2056_, 34.64, 111.52, 1.8
FILLER_36_85, 47.44, 111.52, 1.8
FILLER_37_103, 47.44, 111.52, 1.8
FILLER_37_91, 47.44, 111.52, 1.8
FILLER_38_96, 47.44, 111.52, 1.8
_1442_, 47.44, 111.52, 1.8
_1796_, 47.44, 111.52, 1.8
FILLER_37_113, 60.24, 111.52, 1.8
FILLER_38_125, 60.24, 111.52, 1.8
_1447_, 60.24, 111.52, 1.8
_1448_, 60.24, 111.52, 1.8
_2053_, 60.24, 111.52, 1.8
FILLER_36_134, 73.04, 111.52, 1.8
FILLER_37_138, 73.04, 111.52, 1.8
_1205_, 73.04, 111.52, 1.8
_2152_, 73.04, 111.52, 1.8
_2225_, 73.04, 111.52, 1.8
FILLER_36_162, 85.84, 111.52, 1.8
FILLER_37_164, 85.84, 111.52, 1.8
FILLER_37_174, 85.84, 111.52, 1.8
FILLER_37_187, 85.84, 111.52, 1.8
_1659_, 85.84, 111.52, 1.8
_1783_, 85.84, 111.52, 1.8
_1987_, 85.84, 111.52, 1.8
FILLER_37_211, 98.64, 111.52, 1.8
FILLER_38_205, 98.64, 111.52, 1.8
_1224_, 98.64, 111.52, 1.8
_1475_, 98.64, 111.52, 1.8
_1476_, 98.64, 111.52, 1.8
_2043_, 98.64, 111.52, 1.8
_2143_, 98.64, 111.52, 1.8
FILLER_37_218, 111.44, 111.52, 1.8
FILLER_37_225, 111.44, 111.52, 1.8
FILLER_38_234, 111.44, 111.52, 1.8
_1574_, 111.44, 111.52, 1.8
_2005_, 111.44, 111.52, 1.8
FILLER_36_258, 124.24, 111.52, 1.8
FILLER_37_253, 124.24, 111.52, 1.8
FILLER_38_268, 124.24, 111.52, 1.8
_1603_, 124.24, 111.52, 1.8
_1604_, 124.24, 111.52, 1.8
_2004_, 124.24, 111.52, 1.8
FILLER_36_282, 137.04, 111.52, 1.8
FILLER_37_277, 137.04, 111.52, 1.8
_1308_, 137.04, 111.52, 1.8
_2104_, 137.04, 111.52, 1.8
FILLER_36_303, 149.84, 111.52, 1.8
FILLER_37_323, 149.84, 111.52, 1.8
FILLER_38_318, 149.84, 111.52, 1.8
_1023_, 149.84, 111.52, 1.8
_1031_, 149.84, 111.52, 1.8
_1042_, 149.84, 111.52, 1.8
_1092_, 149.84, 111.52, 1.8
_1853_, 149.84, 111.52, 1.8
FILLER_37_332, 162.64, 111.52, 1.8
FILLER_37_337, 162.64, 111.52, 1.8
FILLER_37_348, 162.64, 111.52, 1.8
FILLER_38_343, 162.64, 111.52, 1.8
FILLER_38_355, 162.64, 111.52, 1.8
_1034_, 162.64, 111.52, 1.8
_1096_, 162.64, 111.52, 1.8
_1097_, 162.64, 111.52, 1.8
clkbuf_0_ref_in, 162.64, 111.52, 1.8
PHY_68, 5.52, 106.08, 1.8
PHY_70, 5.52, 106.08, 1.8
FILLER_34_388, 187.68, 106.08, 1.8
FILLER_35_389, 187.68, 106.08, 1.8
PHY_69, 187.68, 106.08, 1.8
PHY_71, 187.68, 106.08, 1.8
FILLER_34_52, 34.64, 106.08, 1.8
FILLER_36_69, 34.64, 106.08, 1.8
_1187_, 34.64, 106.08, 1.8
_1437_, 34.64, 106.08, 1.8
_1798_, 34.64, 106.08, 1.8
_2160_, 34.64, 106.08, 1.8
_2161_, 34.64, 106.08, 1.8
FILLER_34_85, 47.44, 106.08, 1.8
FILLER_35_105, 47.44, 106.08, 1.8
FILLER_35_79, 47.44, 106.08, 1.8
FILLER_36_101, 47.44, 106.08, 1.8
_1434_, 47.44, 106.08, 1.8
_1436_, 47.44, 106.08, 1.8
_2057_, 47.44, 106.08, 1.8
FILLER_34_112, 60.24, 106.08, 1.8
FILLER_35_124, 60.24, 106.08, 1.8
FILLER_36_127, 60.24, 106.08, 1.8
_1449_, 60.24, 106.08, 1.8
_1450_, 60.24, 106.08, 1.8
_1795_, 60.24, 106.08, 1.8
_2052_, 60.24, 106.08, 1.8
FILLER_34_137, 73.04, 106.08, 1.8
FILLER_34_141, 73.04, 106.08, 1.8
FILLER_35_137, 73.04, 106.08, 1.8
FILLER_35_150, 73.04, 106.08, 1.8
FILLER_35_157, 73.04, 106.08, 1.8
FILLER_36_152, 73.04, 106.08, 1.8
_1452_, 73.04, 106.08, 1.8
_1899_, 73.04, 106.08, 1.8
_1907_, 73.04, 106.08, 1.8
_2151_, 73.04, 106.08, 1.8
FILLER_34_166, 85.84, 106.08, 1.8
FILLER_35_165, 85.84, 106.08, 1.8
FILLER_35_169, 85.84, 106.08, 1.8
FILLER_35_175, 85.84, 106.08, 1.8
FILLER_35_182, 85.84, 106.08, 1.8
FILLER_36_181, 85.84, 106.08, 1.8
_1988_, 85.84, 106.08, 1.8
_1989_, 85.84, 106.08, 1.8
_2044_, 85.84, 106.08, 1.8
_2227_, 85.84, 106.08, 1.8
FILLER_34_190, 98.64, 106.08, 1.8
FILLER_35_206, 98.64, 106.08, 1.8
FILLER_36_208, 98.64, 106.08, 1.8
_1223_, 98.64, 106.08, 1.8
_2144_, 98.64, 106.08, 1.8
clkbuf_0_clk_in, 98.64, 106.08, 1.8
FILLER_34_219, 111.44, 106.08, 1.8
FILLER_34_226, 111.44, 106.08, 1.8
FILLER_35_219, 111.44, 106.08, 1.8
FILLER_35_236, 111.44, 106.08, 1.8
FILLER_36_233, 111.44, 106.08, 1.8
FILLER_36_243, 111.44, 106.08, 1.8
_1658_, 111.44, 106.08, 1.8
_1737_, 111.44, 106.08, 1.8
_1898_, 111.44, 106.08, 1.8
_1954_, 111.44, 106.08, 1.8
_2003_, 111.44, 106.08, 1.8
FILLER_35_246, 124.24, 106.08, 1.8
FILLER_35_253, 124.24, 106.08, 1.8
FILLER_35_260, 124.24, 106.08, 1.8
FILLER_36_265, 124.24, 106.08, 1.8
_1605_, 124.24, 106.08, 1.8
_1607_, 124.24, 106.08, 1.8
_1738_, 124.24, 106.08, 1.8
_1739_, 124.24, 106.08, 1.8
_1740_, 124.24, 106.08, 1.8
FILLER_34_280, 137.04, 106.08, 1.8
FILLER_35_274, 137.04, 106.08, 1.8
FILLER_36_289, 137.04, 106.08, 1.8
FILLER_36_296, 137.04, 106.08, 1.8
_1311_, 137.04, 106.08, 1.8
_1844_, 137.04, 106.08, 1.8
_1854_, 137.04, 106.08, 1.8
_2103_, 137.04, 106.08, 1.8
FILLER_34_305, 149.84, 106.08, 1.8
FILLER_34_309, 149.84, 106.08, 1.8
FILLER_35_321, 149.84, 106.08, 1.8
FILLER_36_318, 149.84, 106.08, 1.8
_1039_, 149.84, 106.08, 1.8
_1040_, 149.84, 106.08, 1.8
_1093_, 149.84, 106.08, 1.8
FILLER_34_336, 162.64, 106.08, 1.8
FILLER_35_330, 162.64, 106.08, 1.8
FILLER_35_346, 162.64, 106.08, 1.8
FILLER_35_354, 162.64, 106.08, 1.8
FILLER_36_346, 162.64, 106.08, 1.8
_1098_, 162.64, 106.08, 1.8
_1099_, 162.64, 106.08, 1.8
_1102_, 162.64, 106.08, 1.8
PHY_64, 5.52, 100.64, 1.8
PHY_66, 5.52, 100.64, 1.8
output26, 5.52, 100.64, 1.8
FILLER_32_390, 187.68, 100.64, 1.8
PHY_65, 187.68, 100.64, 1.8
PHY_67, 187.68, 100.64, 1.8
output42, 187.68, 100.64, 1.8
FILLER_33_57, 34.64, 100.64, 1.8
FILLER_33_67, 34.64, 100.64, 1.8
FILLER_34_76, 34.64, 100.64, 1.8
_1186_, 34.64, 100.64, 1.8
_1189_, 34.64, 100.64, 1.8
_1423_, 34.64, 100.64, 1.8
_1917_, 34.64, 100.64, 1.8
FILLER_33_80, 47.44, 100.64, 1.8
FILLER_33_92, 47.44, 100.64, 1.8
FILLER_33_99, 47.44, 100.64, 1.8
FILLER_34_99, 47.44, 100.64, 1.8
_1433_, 47.44, 100.64, 1.8
_1435_, 47.44, 100.64, 1.8
_1799_, 47.44, 100.64, 1.8
_1800_, 47.44, 100.64, 1.8
FILLER_32_110, 60.24, 100.64, 1.8
FILLER_32_117, 60.24, 100.64, 1.8
FILLER_33_108, 60.24, 100.64, 1.8
FILLER_33_118, 60.24, 100.64, 1.8
FILLER_33_125, 60.24, 100.64, 1.8
_1193_, 60.24, 100.64, 1.8
_1451_, 60.24, 100.64, 1.8
_1794_, 60.24, 100.64, 1.8
FILLER_32_141, 73.04, 100.64, 1.8
FILLER_33_142, 73.04, 100.64, 1.8
FILLER_33_155, 73.04, 100.64, 1.8
_1207_, 73.04, 100.64, 1.8
_1453_, 73.04, 100.64, 1.8
_1792_, 73.04, 100.64, 1.8
_1906_, 73.04, 100.64, 1.8
FILLER_32_165, 85.84, 100.64, 1.8
FILLER_32_174, 85.84, 100.64, 1.8
FILLER_33_162, 85.84, 100.64, 1.8
_1213_, 85.84, 100.64, 1.8
_1661_, 85.84, 100.64, 1.8
_2226_, 85.84, 100.64, 1.8
FILLER_32_189, 98.64, 100.64, 1.8
FILLER_32_197, 98.64, 100.64, 1.8
FILLER_33_191, 98.64, 100.64, 1.8
FILLER_33_198, 98.64, 100.64, 1.8
FILLER_33_205, 98.64, 100.64, 1.8
_1222_, 98.64, 100.64, 1.8
_1474_, 98.64, 100.64, 1.8
_1785_, 98.64, 100.64, 1.8
_2145_, 98.64, 100.64, 1.8
FILLER_32_220, 111.44, 100.64, 1.8
FILLER_33_218, 111.44, 100.64, 1.8
FILLER_33_236, 111.44, 100.64, 1.8
_1660_, 111.44, 100.64, 1.8
_1662_, 111.44, 100.64, 1.8
FILLER_32_253, 124.24, 100.64, 1.8
FILLER_33_265, 124.24, 100.64, 1.8
FILLER_34_264, 124.24, 100.64, 1.8
_1310_, 124.24, 100.64, 1.8
_1608_, 124.24, 100.64, 1.8
_1609_, 124.24, 100.64, 1.8
_1610_, 124.24, 100.64, 1.8
_2002_, 124.24, 100.64, 1.8
FILLER_32_278, 137.04, 100.64, 1.8
FILLER_34_290, 137.04, 100.64, 1.8
FILLER_34_297, 137.04, 100.64, 1.8
_1313_, 137.04, 100.64, 1.8
_1314_, 137.04, 100.64, 1.8
_2102_, 137.04, 100.64, 1.8
FILLER_32_305, 149.84, 100.64, 1.8
FILLER_32_309, 149.84, 100.64, 1.8
FILLER_33_318, 149.84, 100.64, 1.8
FILLER_33_325, 149.84, 100.64, 1.8
FILLER_34_323, 149.84, 100.64, 1.8
_1090_, 149.84, 100.64, 1.8
_1091_, 149.84, 100.64, 1.8
_1094_, 149.84, 100.64, 1.8
_1095_, 149.84, 100.64, 1.8
_1851_, 149.84, 100.64, 1.8
FILLER_32_337, 162.64, 100.64, 1.8
FILLER_33_332, 162.64, 100.64, 1.8
FILLER_33_337, 162.64, 100.64, 1.8
FILLER_33_344, 162.64, 100.64, 1.8
FILLER_34_351, 162.64, 100.64, 1.8
_1103_, 162.64, 100.64, 1.8
_1104_, 162.64, 100.64, 1.8
_1956_, 162.64, 100.64, 1.8
_1958_, 162.64, 100.64, 1.8
_2196_, 162.64, 100.64, 1.8
PHY_60, 5.52, 95.2, 1.8
PHY_62, 5.52, 95.2, 1.8
FILLER_30_390, 187.68, 95.2, 1.8
FILLER_31_384, 187.68, 95.2, 1.8
PHY_61, 187.68, 95.2, 1.8
PHY_63, 187.68, 95.2, 1.8
FILLER_31_62, 34.64, 95.2, 1.8
FILLER_32_64, 34.64, 95.2, 1.8
FILLER_32_77, 34.64, 95.2, 1.8
_1188_, 34.64, 95.2, 1.8
_1422_, 34.64, 95.2, 1.8
_2060_, 34.64, 95.2, 1.8
_2061_, 34.64, 95.2, 1.8
FILLER_30_81, 47.44, 95.2, 1.8
FILLER_30_90, 47.44, 95.2, 1.8
FILLER_31_86, 47.44, 95.2, 1.8
FILLER_32_97, 47.44, 95.2, 1.8
_1425_, 47.44, 95.2, 1.8
_1430_, 47.44, 95.2, 1.8
_1802_, 47.44, 95.2, 1.8
_2058_, 47.44, 95.2, 1.8
FILLER_30_110, 60.24, 95.2, 1.8
FILLER_31_124, 60.24, 95.2, 1.8
FILLER_32_124, 60.24, 95.2, 1.8
FILLER_32_131, 60.24, 95.2, 1.8
_1192_, 60.24, 95.2, 1.8
_1454_, 60.24, 95.2, 1.8
_1914_, 60.24, 95.2, 1.8
_2158_, 60.24, 95.2, 1.8
FILLER_30_134, 73.04, 95.2, 1.8
FILLER_31_153, 73.04, 95.2, 1.8
FILLER_32_151, 73.04, 95.2, 1.8
FILLER_32_158, 73.04, 95.2, 1.8
_1208_, 73.04, 95.2, 1.8
_1455_, 73.04, 95.2, 1.8
_1991_, 73.04, 95.2, 1.8
_2051_, 73.04, 95.2, 1.8
FILLER_31_169, 85.84, 95.2, 1.8
FILLER_32_182, 85.84, 95.2, 1.8
_1663_, 85.84, 95.2, 1.8
_1904_, 85.84, 95.2, 1.8
_1990_, 85.84, 95.2, 1.8
_2228_, 85.84, 95.2, 1.8
FILLER_30_197, 98.64, 95.2, 1.8
FILLER_31_195, 98.64, 95.2, 1.8
FILLER_31_207, 98.64, 95.2, 1.8
_1221_, 98.64, 95.2, 1.8
_1473_, 98.64, 95.2, 1.8
FILLER_30_224, 111.44, 95.2, 1.8
FILLER_31_220, 111.44, 95.2, 1.8
FILLER_31_225, 111.44, 95.2, 1.8
FILLER_31_238, 111.44, 95.2, 1.8
FILLER_32_236, 111.44, 95.2, 1.8
FILLER_32_243, 111.44, 95.2, 1.8
_1726_, 111.44, 95.2, 1.8
_1900_, 111.44, 95.2, 1.8
_2001_, 111.44, 95.2, 1.8
FILLER_30_258, 124.24, 95.2, 1.8
FILLER_31_248, 124.24, 95.2, 1.8
FILLER_31_261, 124.24, 95.2, 1.8
FILLER_32_265, 124.24, 95.2, 1.8
_1312_, 124.24, 95.2, 1.8
_1611_, 124.24, 95.2, 1.8
_1612_, 124.24, 95.2, 1.8
_1613_, 124.24, 95.2, 1.8
_1614_, 124.24, 95.2, 1.8
FILLER_30_274, 137.04, 95.2, 1.8
FILLER_30_281, 137.04, 95.2, 1.8
FILLER_31_274, 137.04, 95.2, 1.8
FILLER_31_281, 137.04, 95.2, 1.8
FILLER_32_291, 137.04, 95.2, 1.8
FILLER_32_298, 137.04, 95.2, 1.8
_1315_, 137.04, 95.2, 1.8
_1852_, 137.04, 95.2, 1.8
_2100_, 137.04, 95.2, 1.8
_2101_, 137.04, 95.2, 1.8
FILLER_30_305, 149.84, 95.2, 1.8
FILLER_30_309, 149.84, 95.2, 1.8
FILLER_31_309, 149.84, 95.2, 1.8
_2198_, 149.84, 95.2, 1.8
_2199_, 149.84, 95.2, 1.8
FILLER_31_342, 162.64, 95.2, 1.8
FILLER_31_353, 162.64, 95.2, 1.8
_1959_, 162.64, 95.2, 1.8
_1971_, 162.64, 95.2, 1.8
PHY_56, 5.52, 89.76, 1.8
PHY_58, 5.52, 89.76, 1.8
FILLER_28_387, 187.68, 89.76, 1.8
FILLER_29_383, 187.68, 89.76, 1.8
PHY_57, 187.68, 89.76, 1.8
PHY_59, 187.68, 89.76, 1.8
_1068_, 187.68, 89.76, 1.8
FILLER_28_53, 34.64, 89.76, 1.8
FILLER_28_61, 34.64, 89.76, 1.8
FILLER_29_51, 34.64, 89.76, 1.8
FILLER_29_57, 34.64, 89.76, 1.8
FILLER_29_70, 34.64, 89.76, 1.8
FILLER_30_74, 34.64, 89.76, 1.8
_1420_, 34.64, 89.76, 1.8
_1424_, 34.64, 89.76, 1.8
FILLER_29_103, 47.44, 89.76, 1.8
FILLER_29_83, 47.44, 89.76, 1.8
FILLER_29_90, 47.44, 89.76, 1.8
FILLER_30_97, 47.44, 89.76, 1.8
_1426_, 47.44, 89.76, 1.8
_1428_, 47.44, 89.76, 1.8
_1429_, 47.44, 89.76, 1.8
_1431_, 47.44, 89.76, 1.8
_1801_, 47.44, 89.76, 1.8
_2059_, 47.44, 89.76, 1.8
FILLER_28_107, 60.24, 89.76, 1.8
FILLER_29_113, 60.24, 89.76, 1.8
FILLER_29_123, 60.24, 89.76, 1.8
_1191_, 60.24, 89.76, 1.8
_1414_, 60.24, 89.76, 1.8
_1446_, 60.24, 89.76, 1.8
_1793_, 60.24, 89.76, 1.8
FILLER_29_133, 73.04, 89.76, 1.8
FILLER_29_140, 73.04, 89.76, 1.8
FILLER_30_152, 73.04, 89.76, 1.8
_1209_, 73.04, 89.76, 1.8
_1667_, 73.04, 89.76, 1.8
_1905_, 73.04, 89.76, 1.8
_2149_, 73.04, 89.76, 1.8
_2229_, 73.04, 89.76, 1.8
ANTENNA_1, 85.84, 89.76, 1.8
FILLER_28_173, 85.84, 89.76, 1.8
FILLER_29_164, 85.84, 89.76, 1.8
FILLER_29_187, 85.84, 89.76, 1.8
FILLER_30_178, 85.84, 89.76, 1.8
FILLER_30_188, 85.84, 89.76, 1.8
_1211_, 85.84, 89.76, 1.8
_1212_, 85.84, 89.76, 1.8
_1665_, 85.84, 89.76, 1.8
_1666_, 85.84, 89.76, 1.8
FILLER_28_197, 98.64, 89.76, 1.8
FILLER_29_200, 98.64, 89.76, 1.8
_1472_, 98.64, 89.76, 1.8
_1664_, 98.64, 89.76, 1.8
_2045_, 98.64, 89.76, 1.8
FILLER_28_223, 111.44, 89.76, 1.8
FILLER_28_230, 111.44, 89.76, 1.8
FILLER_29_217, 111.44, 89.76, 1.8
FILLER_29_225, 111.44, 89.76, 1.8
_1786_, 111.44, 89.76, 1.8
_2000_, 111.44, 89.76, 1.8
FILLER_28_249, 124.24, 89.76, 1.8
FILLER_28_258, 124.24, 89.76, 1.8
FILLER_29_253, 124.24, 89.76, 1.8
FILLER_29_266, 124.24, 89.76, 1.8
_1592_, 124.24, 89.76, 1.8
_1615_, 124.24, 89.76, 1.8
_1616_, 124.24, 89.76, 1.8
_1735_, 124.24, 89.76, 1.8
_1736_, 124.24, 89.76, 1.8
FILLER_28_282, 137.04, 89.76, 1.8
FILLER_29_277, 137.04, 89.76, 1.8
FILLER_29_286, 137.04, 89.76, 1.8
FILLER_29_299, 137.04, 89.76, 1.8
_1316_, 137.04, 89.76, 1.8
_1317_, 137.04, 89.76, 1.8
_1850_, 137.04, 89.76, 1.8
FILLER_28_309, 149.84, 89.76, 1.8
FILLER_29_307, 149.84, 89.76, 1.8
FILLER_29_320, 149.84, 89.76, 1.8
FILLER_30_323, 149.84, 89.76, 1.8
_1072_, 149.84, 89.76, 1.8
_1075_, 149.84, 89.76, 1.8
_1085_, 149.84, 89.76, 1.8
_1087_, 149.84, 89.76, 1.8
_1943_, 149.84, 89.76, 1.8
clkbuf_1_0__f_ref_in, 149.84, 89.76, 1.8
FILLER_29_337, 162.64, 89.76, 1.8
FILLER_30_347, 162.64, 89.76, 1.8
_1979_, 162.64, 89.76, 1.8
_2217_, 162.64, 89.76, 1.8
PHY_52, 5.52, 84.32, 1.8
PHY_54, 5.52, 84.32, 1.8
output25, 5.52, 84.32, 1.8
FILLER_27_387, 187.68, 84.32, 1.8
PHY_53, 187.68, 84.32, 1.8
PHY_55, 187.68, 84.32, 1.8
_1981_, 187.68, 84.32, 1.8
FILLER_26_55, 34.64, 84.32, 1.8
FILLER_28_67, 34.64, 84.32, 1.8
FILLER_28_74, 34.64, 84.32, 1.8
_1184_, 34.64, 84.32, 1.8
_1185_, 34.64, 84.32, 1.8
_1419_, 34.64, 84.32, 1.8
_1803_, 34.64, 84.32, 1.8
_1918_, 34.64, 84.32, 1.8
_2162_, 34.64, 84.32, 1.8
FILLER_26_81, 47.44, 84.32, 1.8
FILLER_27_79, 47.44, 84.32, 1.8
FILLER_27_97, 47.44, 84.32, 1.8
_1174_, 47.44, 84.32, 1.8
_1190_, 47.44, 84.32, 1.8
_1427_, 47.44, 84.32, 1.8
FILLER_27_113, 60.24, 84.32, 1.8
FILLER_27_125, 60.24, 84.32, 1.8
FILLER_28_120, 60.24, 84.32, 1.8
FILLER_28_131, 60.24, 84.32, 1.8
_1194_, 60.24, 84.32, 1.8
_1210_, 60.24, 84.32, 1.8
_2150_, 60.24, 84.32, 1.8
FILLER_26_137, 73.04, 84.32, 1.8
FILLER_26_141, 73.04, 84.32, 1.8
FILLER_27_149, 73.04, 84.32, 1.8
FILLER_28_152, 73.04, 84.32, 1.8
FILLER_28_160, 73.04, 84.32, 1.8
_1456_, 73.04, 84.32, 1.8
_1457_, 73.04, 84.32, 1.8
_1791_, 73.04, 84.32, 1.8
_1903_, 73.04, 84.32, 1.8
FILLER_26_161, 85.84, 84.32, 1.8
FILLER_27_162, 85.84, 84.32, 1.8
FILLER_27_180, 85.84, 84.32, 1.8
FILLER_28_184, 85.84, 84.32, 1.8
_1216_, 85.84, 84.32, 1.8
_1461_, 85.84, 84.32, 1.8
_1902_, 85.84, 84.32, 1.8
_2147_, 85.84, 84.32, 1.8
_2148_, 85.84, 84.32, 1.8
FILLER_26_193, 98.64, 84.32, 1.8
FILLER_27_205, 98.64, 84.32, 1.8
FILLER_28_210, 98.64, 84.32, 1.8
_1217_, 98.64, 84.32, 1.8
_1218_, 98.64, 84.32, 1.8
_1219_, 98.64, 84.32, 1.8
_1464_, 98.64, 84.32, 1.8
_1471_, 98.64, 84.32, 1.8
FILLER_27_230, 111.44, 84.32, 1.8
FILLER_27_237, 111.44, 84.32, 1.8
FILLER_28_242, 111.44, 84.32, 1.8
_1220_, 111.44, 84.32, 1.8
_1617_, 111.44, 84.32, 1.8
_1901_, 111.44, 84.32, 1.8
_1999_, 111.44, 84.32, 1.8
FILLER_26_253, 124.24, 84.32, 1.8
FILLER_27_262, 124.24, 84.32, 1.8
FILLER_28_265, 124.24, 84.32, 1.8
_1618_, 124.24, 84.32, 1.8
_1619_, 124.24, 84.32, 1.8
_1620_, 124.24, 84.32, 1.8
_1734_, 124.24, 84.32, 1.8
FILLER_26_275, 137.04, 84.32, 1.8
FILLER_27_275, 137.04, 84.32, 1.8
FILLER_28_295, 137.04, 84.32, 1.8
_1318_, 137.04, 84.32, 1.8
_2098_, 137.04, 84.32, 1.8
_2099_, 137.04, 84.32, 1.8
FILLER_26_300, 149.84, 84.32, 1.8
FILLER_27_303, 149.84, 84.32, 1.8
FILLER_27_318, 149.84, 84.32, 1.8
FILLER_27_327, 149.84, 84.32, 1.8
_1076_, 149.84, 84.32, 1.8
_1084_, 149.84, 84.32, 1.8
_1086_, 149.84, 84.32, 1.8
_2091_, 149.84, 84.32, 1.8
FILLER_27_342, 162.64, 84.32, 1.8
FILLER_28_342, 162.64, 84.32, 1.8
FILLER_28_353, 162.64, 84.32, 1.8
_1071_, 162.64, 84.32, 1.8
_1073_, 162.64, 84.32, 1.8
_1719_, 162.64, 84.32, 1.8
_2216_, 162.64, 84.32, 1.8
PHY_48, 5.52, 78.88, 1.8
PHY_50, 5.52, 78.88, 1.8
FILLER_24_388, 187.68, 78.88, 1.8
FILLER_25_383, 187.68, 78.88, 1.8
PHY_49, 187.68, 78.88, 1.8
PHY_51, 187.68, 78.88, 1.8
_1976_, 187.68, 78.88, 1.8
output41, 187.68, 78.88, 1.8
FILLER_25_51, 34.64, 78.88, 1.8
FILLER_25_68, 34.64, 78.88, 1.8
FILLER_25_75, 34.64, 78.88, 1.8
FILLER_26_68, 34.64, 78.88, 1.8
_1417_, 34.64, 78.88, 1.8
_1418_, 34.64, 78.88, 1.8
_1805_, 34.64, 78.88, 1.8
_2062_, 34.64, 78.88, 1.8
FILLER_24_85, 47.44, 78.88, 1.8
FILLER_25_100, 47.44, 78.88, 1.8
FILLER_26_96, 47.44, 78.88, 1.8
_1175_, 47.44, 78.88, 1.8
_2159_, 47.44, 78.88, 1.8
_2167_, 47.44, 78.88, 1.8
FILLER_25_113, 60.24, 78.88, 1.8
FILLER_25_125, 60.24, 78.88, 1.8
FILLER_26_125, 60.24, 78.88, 1.8
_1173_, 60.24, 78.88, 1.8
_1915_, 60.24, 78.88, 1.8
_2050_, 60.24, 78.88, 1.8
FILLER_24_136, 73.04, 78.88, 1.8
FILLER_25_152, 73.04, 78.88, 1.8
FILLER_26_148, 73.04, 78.88, 1.8
_1400_, 73.04, 78.88, 1.8
_1458_, 73.04, 78.88, 1.8
_1459_, 73.04, 78.88, 1.8
FILLER_24_167, 85.84, 78.88, 1.8
FILLER_25_165, 85.84, 78.88, 1.8
FILLER_25_180, 85.84, 78.88, 1.8
FILLER_25_188, 85.84, 78.88, 1.8
FILLER_26_185, 85.84, 78.88, 1.8
_1214_, 85.84, 78.88, 1.8
_1215_, 85.84, 78.88, 1.8
_1462_, 85.84, 78.88, 1.8
_1467_, 85.84, 78.88, 1.8
FILLER_25_201, 98.64, 78.88, 1.8
FILLER_25_209, 98.64, 78.88, 1.8
FILLER_26_208, 98.64, 78.88, 1.8
_1465_, 98.64, 78.88, 1.8
_1468_, 98.64, 78.88, 1.8
_1470_, 98.64, 78.88, 1.8
_2047_, 98.64, 78.88, 1.8
_2146_, 98.64, 78.88, 1.8
FILLER_24_219, 111.44, 78.88, 1.8
FILLER_25_225, 111.44, 78.88, 1.8
FILLER_26_233, 111.44, 78.88, 1.8
FILLER_26_242, 111.44, 78.88, 1.8
_1469_, 111.44, 78.88, 1.8
_1733_, 111.44, 78.88, 1.8
_1998_, 111.44, 78.88, 1.8
FILLER_24_246, 124.24, 78.88, 1.8
FILLER_25_250, 124.24, 78.88, 1.8
FILLER_25_263, 124.24, 78.88, 1.8
FILLER_26_265, 124.24, 78.88, 1.8
_1301_, 124.24, 78.88, 1.8
_1621_, 124.24, 78.88, 1.8
_1622_, 124.24, 78.88, 1.8
FILLER_24_281, 137.04, 78.88, 1.8
FILLER_25_276, 137.04, 78.88, 1.8
FILLER_25_286, 137.04, 78.88, 1.8
FILLER_25_293, 137.04, 78.88, 1.8
_1319_, 137.04, 78.88, 1.8
_1320_, 137.04, 78.88, 1.8
_1321_, 137.04, 78.88, 1.8
_1849_, 137.04, 78.88, 1.8
FILLER_25_300, 149.84, 78.88, 1.8
FILLER_25_317, 149.84, 78.88, 1.8
FILLER_25_326, 149.84, 78.88, 1.8
FILLER_26_317, 149.84, 78.88, 1.8
_1067_, 149.84, 78.88, 1.8
_1070_, 149.84, 78.88, 1.8
_1082_, 149.84, 78.88, 1.8
_2210_, 149.84, 78.88, 1.8
FILLER_24_341, 162.64, 78.88, 1.8
FILLER_25_333, 162.64, 78.88, 1.8
FILLER_25_342, 162.64, 78.88, 1.8
FILLER_25_349, 162.64, 78.88, 1.8
FILLER_26_343, 162.64, 78.88, 1.8
FILLER_26_355, 162.64, 78.88, 1.8
_1077_, 162.64, 78.88, 1.8
_1711_, 162.64, 78.88, 1.8
_1718_, 162.64, 78.88, 1.8
_1972_, 162.64, 78.88, 1.8
_1974_, 162.64, 78.88, 1.8
PHY_44, 5.52, 73.44, 1.8
PHY_46, 5.52, 73.44, 1.8
FILLER_23_385, 187.68, 73.44, 1.8
PHY_45, 187.68, 73.44, 1.8
PHY_47, 187.68, 73.44, 1.8
FILLER_22_54, 34.64, 73.44, 1.8
FILLER_24_74, 34.64, 73.44, 1.8
_1415_, 34.64, 73.44, 1.8
_1416_, 34.64, 73.44, 1.8
_1806_, 34.64, 73.44, 1.8
_2063_, 34.64, 73.44, 1.8
FILLER_22_90, 47.44, 73.44, 1.8
FILLER_23_101, 47.44, 73.44, 1.8
FILLER_23_79, 47.44, 73.44, 1.8
FILLER_23_86, 47.44, 73.44, 1.8
FILLER_24_95, 47.44, 73.44, 1.8
_1172_, 47.44, 73.44, 1.8
_1401_, 47.44, 73.44, 1.8
_1403_, 47.44, 73.44, 1.8
_1810_, 47.44, 73.44, 1.8
_1924_, 47.44, 73.44, 1.8
_2168_, 47.44, 73.44, 1.8
FILLER_22_106, 60.24, 73.44, 1.8
FILLER_23_108, 60.24, 73.44, 1.8
FILLER_23_113, 60.24, 73.44, 1.8
FILLER_23_127, 60.24, 73.44, 1.8
FILLER_24_119, 60.24, 73.44, 1.8
FILLER_24_126, 60.24, 73.44, 1.8
_1432_, 60.24, 73.44, 1.8
_1804_, 60.24, 73.44, 1.8
_1925_, 60.24, 73.44, 1.8
_2068_, 60.24, 73.44, 1.8
clkbuf_4_3_0_clk_in, 60.24, 73.44, 1.8
FILLER_22_137, 73.04, 73.44, 1.8
FILLER_22_141, 73.04, 73.44, 1.8
FILLER_23_142, 73.04, 73.44, 1.8
FILLER_24_149, 73.04, 73.44, 1.8
FILLER_24_156, 73.04, 73.44, 1.8
_1460_, 73.04, 73.44, 1.8
_1811_, 73.04, 73.44, 1.8
_2049_, 73.04, 73.44, 1.8
FILLER_22_164, 85.84, 73.44, 1.8
FILLER_23_169, 85.84, 73.44, 1.8
FILLER_24_180, 85.84, 73.44, 1.8
_1463_, 85.84, 73.44, 1.8
_1466_, 85.84, 73.44, 1.8
_1790_, 85.84, 73.44, 1.8
_2048_, 85.84, 73.44, 1.8
FILLER_22_197, 98.64, 73.44, 1.8
FILLER_23_194, 98.64, 73.44, 1.8
_2046_, 98.64, 73.44, 1.8
FILLER_22_227, 111.44, 73.44, 1.8
FILLER_23_225, 111.44, 73.44, 1.8
FILLER_24_232, 111.44, 73.44, 1.8
FILLER_24_239, 111.44, 73.44, 1.8
_1623_, 111.44, 73.44, 1.8
_1626_, 111.44, 73.44, 1.8
_1997_, 111.44, 73.44, 1.8
clkbuf_4_6_0_clk_in, 111.44, 73.44, 1.8
FILLER_22_248, 124.24, 73.44, 1.8
FILLER_22_253, 124.24, 73.44, 1.8
FILLER_23_248, 124.24, 73.44, 1.8
FILLER_23_261, 124.24, 73.44, 1.8
FILLER_24_265, 124.24, 73.44, 1.8
_1624_, 124.24, 73.44, 1.8
_1625_, 124.24, 73.44, 1.8
_1732_, 124.24, 73.44, 1.8
clkbuf_4_7_0_clk_in, 124.24, 73.44, 1.8
FILLER_23_274, 137.04, 73.44, 1.8
FILLER_23_286, 137.04, 73.44, 1.8
FILLER_24_294, 137.04, 73.44, 1.8
_1079_, 137.04, 73.44, 1.8
_1080_, 137.04, 73.44, 1.8
_1324_, 137.04, 73.44, 1.8
_1848_, 137.04, 73.44, 1.8
_2097_, 137.04, 73.44, 1.8
FILLER_22_300, 149.84, 73.44, 1.8
FILLER_23_301, 149.84, 73.44, 1.8
FILLER_23_318, 149.84, 73.44, 1.8
FILLER_24_314, 149.84, 73.44, 1.8
_1078_, 149.84, 73.44, 1.8
_1081_, 149.84, 73.44, 1.8
_1705_, 149.84, 73.44, 1.8
_2211_, 149.84, 73.44, 1.8
FILLER_23_329, 162.64, 73.44, 1.8
FILLER_23_337, 162.64, 73.44, 1.8
FILLER_24_348, 162.64, 73.44, 1.8
_1973_, 162.64, 73.44, 1.8
_2212_, 162.64, 73.44, 1.8
_2213_, 162.64, 73.44, 1.8
PHY_40, 5.52, 68, 1.8
PHY_42, 5.52, 68, 1.8
FILLER_20_385, 187.68, 68, 1.8
PHY_41, 187.68, 68, 1.8
PHY_43, 187.68, 68, 1.8
output40, 187.68, 68, 1.8
FILLER_21_68, 34.64, 68, 1.8
FILLER_22_67, 34.64, 68, 1.8
_1182_, 34.64, 68, 1.8
_1183_, 34.64, 68, 1.8
_1402_, 34.64, 68, 1.8
_2067_, 34.64, 68, 1.8
_2163_, 34.64, 68, 1.8
FILLER_20_81, 47.44, 68, 1.8
FILLER_21_102, 47.44, 68, 1.8
FILLER_21_95, 47.44, 68, 1.8
_1171_, 47.44, 68, 1.8
_1404_, 47.44, 68, 1.8
_1923_, 47.44, 68, 1.8
FILLER_20_109, 60.24, 68, 1.8
FILLER_21_126, 60.24, 68, 1.8
FILLER_22_130, 60.24, 68, 1.8
_1397_, 60.24, 68, 1.8
_1398_, 60.24, 68, 1.8
_1399_, 60.24, 68, 1.8
clkbuf_4_2_0_clk_in, 60.24, 68, 1.8
FILLER_20_135, 73.04, 68, 1.8
FILLER_21_139, 73.04, 68, 1.8
FILLER_22_157, 73.04, 68, 1.8
_1152_, 73.04, 68, 1.8
_1782_, 73.04, 68, 1.8
_1926_, 73.04, 68, 1.8
FILLER_21_161, 85.84, 68, 1.8
FILLER_22_176, 85.84, 68, 1.8
FILLER_22_188, 85.84, 68, 1.8
_1789_, 85.84, 68, 1.8
FILLER_22_208, 98.64, 68, 1.8
_1787_, 98.64, 68, 1.8
_1788_, 98.64, 68, 1.8
FILLER_21_217, 111.44, 68, 1.8
FILLER_22_241, 111.44, 68, 1.8
_1996_, 111.44, 68, 1.8
FILLER_21_247, 124.24, 68, 1.8
FILLER_21_264, 124.24, 68, 1.8
FILLER_22_269, 124.24, 68, 1.8
_1323_, 124.24, 68, 1.8
_1627_, 124.24, 68, 1.8
_1628_, 124.24, 68, 1.8
FILLER_21_277, 137.04, 68, 1.8
FILLER_21_286, 137.04, 68, 1.8
FILLER_21_293, 137.04, 68, 1.8
FILLER_22_293, 137.04, 68, 1.8
_1069_, 137.04, 68, 1.8
_1326_, 137.04, 68, 1.8
_1846_, 137.04, 68, 1.8
_1847_, 137.04, 68, 1.8
_2096_, 137.04, 68, 1.8
FILLER_21_305, 149.84, 68, 1.8
FILLER_22_314, 149.84, 68, 1.8
FILLER_22_325, 149.84, 68, 1.8
_1083_, 149.84, 68, 1.8
_1342_, 149.84, 68, 1.8
_1707_, 149.84, 68, 1.8
_1831_, 149.84, 68, 1.8
FILLER_21_344, 162.64, 68, 1.8
FILLER_21_355, 162.64, 68, 1.8
FILLER_22_349, 162.64, 68, 1.8
_1706_, 162.64, 68, 1.8
_1708_, 162.64, 68, 1.8
_1709_, 162.64, 68, 1.8
_1975_, 162.64, 68, 1.8
PHY_36, 5.52, 62.56, 1.8
PHY_38, 5.52, 62.56, 1.8
output24, 5.52, 62.56, 1.8
FILLER_18_389, 187.68, 62.56, 1.8
PHY_37, 187.68, 62.56, 1.8
PHY_39, 187.68, 62.56, 1.8
FILLER_20_20, 13.68, 62.56, 1.8
FILLER_19_57, 34.64, 62.56, 1.8
FILLER_19_68, 34.64, 62.56, 1.8
FILLER_19_77, 34.64, 62.56, 1.8
FILLER_20_73, 34.64, 62.56, 1.8
_1177_, 34.64, 62.56, 1.8
_1919_, 34.64, 62.56, 1.8
_1920_, 34.64, 62.56, 1.8
_2164_, 34.64, 62.56, 1.8
FILLER_19_101, 47.44, 62.56, 1.8
FILLER_20_96, 47.44, 62.56, 1.8
_1176_, 47.44, 62.56, 1.8
_1395_, 47.44, 62.56, 1.8
_1406_, 47.44, 62.56, 1.8
_2166_, 47.44, 62.56, 1.8
FILLER_19_113, 60.24, 62.56, 1.8
FILLER_19_123, 60.24, 62.56, 1.8
FILLER_20_122, 60.24, 62.56, 1.8
_1169_, 60.24, 62.56, 1.8
_1170_, 60.24, 62.56, 1.8
_1812_, 60.24, 62.56, 1.8
_2069_, 60.24, 62.56, 1.8
_2169_, 60.24, 62.56, 1.8
FILLER_19_159, 73.04, 62.56, 1.8
_1368_, 73.04, 62.56, 1.8
FILLER_18_193, 98.64, 62.56, 1.8
FILLER_18_221, 111.44, 62.56, 1.8
FILLER_18_230, 111.44, 62.56, 1.8
FILLER_19_217, 111.44, 62.56, 1.8
FILLER_19_225, 111.44, 62.56, 1.8
FILLER_20_237, 111.44, 62.56, 1.8
_1325_, 111.44, 62.56, 1.8
_1629_, 111.44, 62.56, 1.8
_1730_, 111.44, 62.56, 1.8
_1995_, 111.44, 62.56, 1.8
FILLER_19_250, 124.24, 62.56, 1.8
FILLER_19_265, 124.24, 62.56, 1.8
FILLER_20_264, 124.24, 62.56, 1.8
_1327_, 124.24, 62.56, 1.8
_1630_, 124.24, 62.56, 1.8
_1631_, 124.24, 62.56, 1.8
FILLER_20_292, 137.04, 62.56, 1.8
FILLER_20_299, 137.04, 62.56, 1.8
_1845_, 137.04, 62.56, 1.8
_2095_, 137.04, 62.56, 1.8
FILLER_18_302, 149.84, 62.56, 1.8
FILLER_19_303, 149.84, 62.56, 1.8
FILLER_19_310, 149.84, 62.56, 1.8
FILLER_20_314, 149.84, 62.56, 1.8
FILLER_20_322, 149.84, 62.56, 1.8
_1135_, 149.84, 62.56, 1.8
_1341_, 149.84, 62.56, 1.8
_1840_, 149.84, 62.56, 1.8
_1843_, 149.84, 62.56, 1.8
_2186_, 149.84, 62.56, 1.8
FILLER_18_333, 162.64, 62.56, 1.8
FILLER_20_342, 162.64, 62.56, 1.8
_1710_, 162.64, 62.56, 1.8
_1944_, 162.64, 62.56, 1.8
_1945_, 162.64, 62.56, 1.8
PHY_32, 5.52, 57.12, 1.8
PHY_34, 5.52, 57.12, 1.8
FILLER_16_389, 187.68, 57.12, 1.8
FILLER_17_384, 187.68, 57.12, 1.8
PHY_33, 187.68, 57.12, 1.8
PHY_35, 187.68, 57.12, 1.8
FILLER_16_53, 34.64, 57.12, 1.8
FILLER_17_51, 34.64, 57.12, 1.8
FILLER_17_57, 34.64, 57.12, 1.8
FILLER_17_71, 34.64, 57.12, 1.8
FILLER_18_73, 34.64, 57.12, 1.8
_1180_, 34.64, 57.12, 1.8
_1413_, 34.64, 57.12, 1.8
_2066_, 34.64, 57.12, 1.8
FILLER_17_104, 47.44, 57.12, 1.8
FILLER_17_97, 47.44, 57.12, 1.8
FILLER_18_103, 47.44, 57.12, 1.8
FILLER_18_96, 47.44, 57.12, 1.8
_1396_, 47.44, 57.12, 1.8
_1405_, 47.44, 57.12, 1.8
_1809_, 47.44, 57.12, 1.8
_1394_, 60.24, 57.12, 1.8
FILLER_16_137, 73.04, 57.12, 1.8
FILLER_17_136, 73.04, 57.12, 1.8
FILLER_17_157, 73.04, 57.12, 1.8
_1814_, 73.04, 57.12, 1.8
_1921_, 73.04, 57.12, 1.8
FILLER_17_165, 85.84, 57.12, 1.8
FILLER_18_185, 85.84, 57.12, 1.8
FILLER_16_189, 98.64, 57.12, 1.8
FILLER_17_217, 111.44, 57.12, 1.8
FILLER_17_225, 111.44, 57.12, 1.8
FILLER_18_237, 111.44, 57.12, 1.8
FILLER_18_244, 111.44, 57.12, 1.8
_1632_, 111.44, 57.12, 1.8
_1731_, 111.44, 57.12, 1.8
_1994_, 111.44, 57.12, 1.8
FILLER_17_248, 124.24, 57.12, 1.8
FILLER_17_264, 124.24, 57.12, 1.8
FILLER_18_264, 124.24, 57.12, 1.8
_1329_, 124.24, 57.12, 1.8
_1633_, 124.24, 57.12, 1.8
_1634_, 124.24, 57.12, 1.8
_2094_, 124.24, 57.12, 1.8
FILLER_16_274, 137.04, 57.12, 1.8
FILLER_16_284, 137.04, 57.12, 1.8
FILLER_17_277, 137.04, 57.12, 1.8
FILLER_17_286, 137.04, 57.12, 1.8
FILLER_18_288, 137.04, 57.12, 1.8
FILLER_18_295, 137.04, 57.12, 1.8
_1328_, 137.04, 57.12, 1.8
_1330_, 137.04, 57.12, 1.8
_1606_, 137.04, 57.12, 1.8
_1842_, 137.04, 57.12, 1.8
_2086_, 137.04, 57.12, 1.8
FILLER_16_309, 149.84, 57.12, 1.8
FILLER_17_313, 149.84, 57.12, 1.8
FILLER_17_326, 149.84, 57.12, 1.8
FILLER_18_320, 149.84, 57.12, 1.8
_1134_, 149.84, 57.12, 1.8
_1136_, 149.84, 57.12, 1.8
FILLER_16_334, 162.64, 57.12, 1.8
FILLER_17_333, 162.64, 57.12, 1.8
_1137_, 162.64, 57.12, 1.8
_1340_, 162.64, 57.12, 1.8
_1946_, 162.64, 57.12, 1.8
PHY_28, 5.52, 51.68, 1.8
PHY_30, 5.52, 51.68, 1.8
FILLER_14_389, 187.68, 51.68, 1.8
FILLER_15_385, 187.68, 51.68, 1.8
PHY_29, 187.68, 51.68, 1.8
PHY_31, 187.68, 51.68, 1.8
FILLER_15_57, 34.64, 51.68, 1.8
FILLER_15_71, 34.64, 51.68, 1.8
FILLER_16_66, 34.64, 51.68, 1.8
_1178_, 34.64, 51.68, 1.8
_1407_, 34.64, 51.68, 1.8
_1410_, 34.64, 51.68, 1.8
_1412_, 34.64, 51.68, 1.8
_2064_, 34.64, 51.68, 1.8
FILLER_14_85, 47.44, 51.68, 1.8
FILLER_15_84, 47.44, 51.68, 1.8
FILLER_15_97, 47.44, 51.68, 1.8
FILLER_16_96, 47.44, 51.68, 1.8
_1167_, 47.44, 51.68, 1.8
_1168_, 47.44, 51.68, 1.8
_1179_, 47.44, 51.68, 1.8
_1392_, 47.44, 51.68, 1.8
_2070_, 47.44, 51.68, 1.8
FILLER_14_118, 60.24, 51.68, 1.8
FILLER_15_124, 60.24, 51.68, 1.8
FILLER_16_121, 60.24, 51.68, 1.8
FILLER_16_130, 60.24, 51.68, 1.8
_1390_, 60.24, 51.68, 1.8
_1391_, 60.24, 51.68, 1.8
_2071_, 60.24, 51.68, 1.8
FILLER_14_141, 73.04, 51.68, 1.8
FILLER_15_160, 73.04, 51.68, 1.8
_1165_, 73.04, 51.68, 1.8
FILLER_15_193, 98.64, 51.68, 1.8
FILLER_15_216, 98.64, 51.68, 1.8
_1335_, 98.64, 51.68, 1.8
FILLER_15_225, 111.44, 51.68, 1.8
FILLER_15_243, 111.44, 51.68, 1.8
FILLER_16_238, 111.44, 51.68, 1.8
_1131_, 111.44, 51.68, 1.8
_1635_, 111.44, 51.68, 1.8
_1637_, 111.44, 51.68, 1.8
_1993_, 111.44, 51.68, 1.8
FILLER_15_250, 124.24, 51.68, 1.8
FILLER_15_264, 124.24, 51.68, 1.8
FILLER_16_264, 124.24, 51.68, 1.8
_1331_, 124.24, 51.68, 1.8
_1336_, 124.24, 51.68, 1.8
_1636_, 124.24, 51.68, 1.8
_1639_, 124.24, 51.68, 1.8
_1728_, 124.24, 51.68, 1.8
_1729_, 124.24, 51.68, 1.8
FILLER_15_277, 137.04, 51.68, 1.8
FILLER_15_281, 137.04, 51.68, 1.8
FILLER_16_291, 137.04, 51.68, 1.8
_1332_, 137.04, 51.68, 1.8
_1343_, 137.04, 51.68, 1.8
_2085_, 137.04, 51.68, 1.8
FILLER_14_305, 149.84, 51.68, 1.8
FILLER_14_309, 149.84, 51.68, 1.8
FILLER_15_309, 149.84, 51.68, 1.8
_1344_, 149.84, 51.68, 1.8
_1841_, 149.84, 51.68, 1.8
_2185_, 149.84, 51.68, 1.8
FILLER_14_336, 162.64, 51.68, 1.8
FILLER_16_353, 162.64, 51.68, 1.8
_1132_, 162.64, 51.68, 1.8
PHY_24, 5.52, 46.24, 1.8
PHY_26, 5.52, 46.24, 1.8
output23, 5.52, 46.24, 1.8
FILLER_12_389, 187.68, 46.24, 1.8
PHY_25, 187.68, 46.24, 1.8
PHY_27, 187.68, 46.24, 1.8
output39, 187.68, 46.24, 1.8
FILLER_12_53, 34.64, 46.24, 1.8
FILLER_13_62, 34.64, 46.24, 1.8
FILLER_13_75, 34.64, 46.24, 1.8
FILLER_14_71, 34.64, 46.24, 1.8
_1408_, 34.64, 46.24, 1.8
_1409_, 34.64, 46.24, 1.8
_1808_, 34.64, 46.24, 1.8
_2065_, 34.64, 46.24, 1.8
FILLER_12_85, 47.44, 46.24, 1.8
FILLER_13_99, 47.44, 46.24, 1.8
FILLER_14_93, 47.44, 46.24, 1.8
_2165_, 47.44, 46.24, 1.8
_2170_, 47.44, 46.24, 1.8
FILLER_12_108, 60.24, 46.24, 1.8
FILLER_13_126, 60.24, 46.24, 1.8
FILLER_14_125, 60.24, 46.24, 1.8
_1382_, 60.24, 46.24, 1.8
_1383_, 60.24, 46.24, 1.8
_1389_, 60.24, 46.24, 1.8
_1813_, 60.24, 46.24, 1.8
_1927_, 60.24, 46.24, 1.8
clkbuf_4_0_0_clk_in, 60.24, 46.24, 1.8
FILLER_12_134, 73.04, 46.24, 1.8
FILLER_13_137, 73.04, 46.24, 1.8
FILLER_14_155, 73.04, 46.24, 1.8
_1166_, 73.04, 46.24, 1.8
_1388_, 73.04, 46.24, 1.8
_2171_, 73.04, 46.24, 1.8
FILLER_14_186, 85.84, 46.24, 1.8
FILLER_13_217, 111.44, 46.24, 1.8
FILLER_13_233, 111.44, 46.24, 1.8
FILLER_13_240, 111.44, 46.24, 1.8
FILLER_14_243, 111.44, 46.24, 1.8
_1638_, 111.44, 46.24, 1.8
_1641_, 111.44, 46.24, 1.8
_1781_, 111.44, 46.24, 1.8
FILLER_13_247, 124.24, 46.24, 1.8
FILLER_13_260, 124.24, 46.24, 1.8
FILLER_14_264, 124.24, 46.24, 1.8
_1142_, 124.24, 46.24, 1.8
_1640_, 124.24, 46.24, 1.8
_2093_, 124.24, 46.24, 1.8
clkbuf_4_5_0_clk_in, 124.24, 46.24, 1.8
FILLER_12_278, 137.04, 46.24, 1.8
FILLER_14_288, 137.04, 46.24, 1.8
FILLER_14_298, 137.04, 46.24, 1.8
_1300_, 137.04, 46.24, 1.8
_1826_, 137.04, 46.24, 1.8
_2092_, 137.04, 46.24, 1.8
FILLER_12_305, 149.84, 46.24, 1.8
FILLER_12_309, 149.84, 46.24, 1.8
FILLER_13_303, 149.84, 46.24, 1.8
FILLER_13_319, 149.84, 46.24, 1.8
FILLER_13_326, 149.84, 46.24, 1.8
_1334_, 149.84, 46.24, 1.8
_1345_, 149.84, 46.24, 1.8
_1346_, 149.84, 46.24, 1.8
_2187_, 149.84, 46.24, 1.8
FILLER_12_335, 162.64, 46.24, 1.8
FILLER_13_333, 162.64, 46.24, 1.8
_1133_, 162.64, 46.24, 1.8
_1337_, 162.64, 46.24, 1.8
_1339_, 162.64, 46.24, 1.8
PHY_20, 5.52, 40.8, 1.8
PHY_22, 5.52, 40.8, 1.8
FILLER_10_389, 187.68, 40.8, 1.8
PHY_21, 187.68, 40.8, 1.8
PHY_23, 187.68, 40.8, 1.8
FILLER_11_51, 34.64, 40.8, 1.8
FILLER_12_76, 34.64, 40.8, 1.8
_1411_, 34.64, 40.8, 1.8
FILLER_11_103, 47.44, 40.8, 1.8
FILLER_11_92, 47.44, 40.8, 1.8
FILLER_12_96, 47.44, 40.8, 1.8
_1393_, 47.44, 40.8, 1.8
_1817_, 47.44, 40.8, 1.8
_1922_, 47.44, 40.8, 1.8
FILLER_11_113, 60.24, 40.8, 1.8
FILLER_11_123, 60.24, 40.8, 1.8
FILLER_12_126, 60.24, 40.8, 1.8
_1350_, 60.24, 40.8, 1.8
_1384_, 60.24, 40.8, 1.8
_1387_, 60.24, 40.8, 1.8
_2072_, 60.24, 40.8, 1.8
_2073_, 60.24, 40.8, 1.8
FILLER_10_146, 73.04, 40.8, 1.8
FILLER_11_147, 73.04, 40.8, 1.8
FILLER_11_160, 73.04, 40.8, 1.8
FILLER_12_152, 73.04, 40.8, 1.8
_1164_, 73.04, 40.8, 1.8
_1386_, 73.04, 40.8, 1.8
_1816_, 73.04, 40.8, 1.8
_1928_, 73.04, 40.8, 1.8
FILLER_12_187, 85.84, 40.8, 1.8
FILLER_11_217, 111.44, 40.8, 1.8
FILLER_11_237, 111.44, 40.8, 1.8
FILLER_12_233, 111.44, 40.8, 1.8
FILLER_12_240, 111.44, 40.8, 1.8
_1727_, 111.44, 40.8, 1.8
_1815_, 111.44, 40.8, 1.8
_1992_, 111.44, 40.8, 1.8
FILLER_10_245, 124.24, 40.8, 1.8
FILLER_11_262, 124.24, 40.8, 1.8
FILLER_12_264, 124.24, 40.8, 1.8
_1130_, 124.24, 40.8, 1.8
_1333_, 124.24, 40.8, 1.8
clkbuf_4_4_0_clk_in, 124.24, 40.8, 1.8
FILLER_10_273, 137.04, 40.8, 1.8
FILLER_11_272, 137.04, 40.8, 1.8
FILLER_11_281, 137.04, 40.8, 1.8
FILLER_11_293, 137.04, 40.8, 1.8
FILLER_12_288, 137.04, 40.8, 1.8
FILLER_12_298, 137.04, 40.8, 1.8
_1322_, 137.04, 40.8, 1.8
_1351_, 137.04, 40.8, 1.8
_1830_, 137.04, 40.8, 1.8
_2083_, 137.04, 40.8, 1.8
FILLER_11_301, 149.84, 40.8, 1.8
FILLER_11_314, 149.84, 40.8, 1.8
_1338_, 149.84, 40.8, 1.8
_1347_, 149.84, 40.8, 1.8
_1828_, 149.84, 40.8, 1.8
_2084_, 149.84, 40.8, 1.8
_2087_, 149.84, 40.8, 1.8
FILLER_11_332, 162.64, 40.8, 1.8
_1832_, 162.64, 40.8, 1.8
PHY_16, 5.52, 35.36, 1.8
PHY_18, 5.52, 35.36, 1.8
FILLER_8_389, 187.68, 35.36, 1.8
FILLER_9_385, 187.68, 35.36, 1.8
PHY_17, 187.68, 35.36, 1.8
PHY_19, 187.68, 35.36, 1.8
FILLER_10_77, 34.64, 35.36, 1.8
FILLER_9_51, 34.64, 35.36, 1.8
FILLER_10_97, 47.44, 35.36, 1.8
FILLER_9_103, 47.44, 35.36, 1.8
FILLER_9_93, 47.44, 35.36, 1.8
_1931_, 47.44, 35.36, 1.8
FILLER_10_126, 60.24, 35.36, 1.8
FILLER_8_107, 60.24, 35.36, 1.8
FILLER_9_113, 60.24, 35.36, 1.8
FILLER_9_128, 60.24, 35.36, 1.8
_1385_, 60.24, 35.36, 1.8
_1818_, 60.24, 35.36, 1.8
_2074_, 60.24, 35.36, 1.8
clkbuf_4_1_0_clk_in, 60.24, 35.36, 1.8
FILLER_9_143, 73.04, 35.36, 1.8
FILLER_9_156, 73.04, 35.36, 1.8
_1161_, 73.04, 35.36, 1.8
_1162_, 73.04, 35.36, 1.8
_1163_, 73.04, 35.36, 1.8
_1929_, 73.04, 35.36, 1.8
_2172_, 73.04, 35.36, 1.8
FILLER_9_163, 85.84, 35.36, 1.8
FILLER_9_217, 111.44, 35.36, 1.8
FILLER_9_237, 111.44, 35.36, 1.8
_2182_, 111.44, 35.36, 1.8
FILLER_10_266, 124.24, 35.36, 1.8
FILLER_8_253, 124.24, 35.36, 1.8
FILLER_9_262, 124.24, 35.36, 1.8
_1143_, 124.24, 35.36, 1.8
_1354_, 124.24, 35.36, 1.8
_1355_, 124.24, 35.36, 1.8
FILLER_10_299, 137.04, 35.36, 1.8
FILLER_8_280, 137.04, 35.36, 1.8
FILLER_9_275, 137.04, 35.36, 1.8
FILLER_9_292, 137.04, 35.36, 1.8
_1140_, 137.04, 35.36, 1.8
_1353_, 137.04, 35.36, 1.8
_1827_, 137.04, 35.36, 1.8
FILLER_8_309, 149.84, 35.36, 1.8
FILLER_9_305, 149.84, 35.36, 1.8
FILLER_9_318, 149.84, 35.36, 1.8
FILLER_9_325, 149.84, 35.36, 1.8
_1348_, 149.84, 35.36, 1.8
_1349_, 149.84, 35.36, 1.8
_1829_, 149.84, 35.36, 1.8
FILLER_10_355, 162.64, 35.36, 1.8
FILLER_9_332, 162.64, 35.36, 1.8
_1139_, 162.64, 35.36, 1.8
PHY_12, 5.52, 29.92, 1.8
PHY_14, 5.52, 29.92, 1.8
FILLER_6_385, 187.68, 29.92, 1.8
PHY_13, 187.68, 29.92, 1.8
PHY_15, 187.68, 29.92, 1.8
output38, 187.68, 29.92, 1.8
FILLER_7_51, 34.64, 29.92, 1.8
FILLER_8_77, 34.64, 29.92, 1.8
FILLER_7_81, 47.44, 29.92, 1.8
_1159_, 47.44, 29.92, 1.8
_2174_, 47.44, 29.92, 1.8
FILLER_7_118, 60.24, 29.92, 1.8
FILLER_7_131, 60.24, 29.92, 1.8
FILLER_8_131, 60.24, 29.92, 1.8
_1379_, 60.24, 29.92, 1.8
_1380_, 60.24, 29.92, 1.8
_1381_, 60.24, 29.92, 1.8
FILLER_8_152, 73.04, 29.92, 1.8
_1930_, 73.04, 29.92, 1.8
_2173_, 73.04, 29.92, 1.8
FILLER_6_189, 98.64, 29.92, 1.8
FILLER_7_217, 111.44, 29.92, 1.8
FILLER_6_245, 124.24, 29.92, 1.8
FILLER_6_253, 124.24, 29.92, 1.8
FILLER_7_249, 124.24, 29.92, 1.8
_1356_, 124.24, 29.92, 1.8
_1940_, 124.24, 29.92, 1.8
_2082_, 124.24, 29.92, 1.8
FILLER_6_281, 137.04, 29.92, 1.8
FILLER_8_287, 137.04, 29.92, 1.8
FILLER_8_294, 137.04, 29.92, 1.8
_1352_, 137.04, 29.92, 1.8
_1357_, 137.04, 29.92, 1.8
_2183_, 137.04, 29.92, 1.8
FILLER_6_301, 149.84, 29.92, 1.8
FILLER_7_314, 149.84, 29.92, 1.8
_1138_, 149.84, 29.92, 1.8
_2181_, 149.84, 29.92, 1.8
_2184_, 149.84, 29.92, 1.8
FILLER_7_328, 162.64, 29.92, 1.8
_1942_, 162.64, 29.92, 1.8
PHY_10, 5.52, 24.48, 1.8
PHY_8, 5.52, 24.48, 1.8
output22, 5.52, 24.48, 1.8
FILLER_4_389, 187.68, 24.48, 1.8
PHY_11, 187.68, 24.48, 1.8
PHY_9, 187.68, 24.48, 1.8
FILLER_6_20, 13.68, 24.48, 1.8
FILLER_5_51, 34.64, 24.48, 1.8
FILLER_6_77, 34.64, 24.48, 1.8
FILLER_4_85, 47.44, 24.48, 1.8
FILLER_5_93, 47.44, 24.48, 1.8
FILLER_6_102, 47.44, 24.48, 1.8
_1160_, 47.44, 24.48, 1.8
_1376_, 47.44, 24.48, 1.8
_1377_, 47.44, 24.48, 1.8
FILLER_4_118, 60.24, 24.48, 1.8
FILLER_5_124, 60.24, 24.48, 1.8
FILLER_5_131, 60.24, 24.48, 1.8
FILLER_6_131, 60.24, 24.48, 1.8
_1374_, 60.24, 24.48, 1.8
_1378_, 60.24, 24.48, 1.8
FILLER_5_138, 73.04, 24.48, 1.8
_1372_, 73.04, 24.48, 1.8
_1820_, 73.04, 24.48, 1.8
_2077_, 73.04, 24.48, 1.8
FILLER_4_161, 85.84, 24.48, 1.8
_1371_, 85.84, 24.48, 1.8
FILLER_4_192, 98.64, 24.48, 1.8
FILLER_5_217, 111.44, 24.48, 1.8
FILLER_4_245, 124.24, 24.48, 1.8
FILLER_4_253, 124.24, 24.48, 1.8
FILLER_5_261, 124.24, 24.48, 1.8
FILLER_5_270, 124.24, 24.48, 1.8
_1358_, 124.24, 24.48, 1.8
_2081_, 124.24, 24.48, 1.8
FILLER_5_277, 137.04, 24.48, 1.8
FILLER_6_294, 137.04, 24.48, 1.8
_1141_, 137.04, 24.48, 1.8
_1144_, 137.04, 24.48, 1.8
_1825_, 137.04, 24.48, 1.8
FILLER_4_300, 149.84, 24.48, 1.8
FILLER_5_302, 149.84, 24.48, 1.8
FILLER_5_315, 149.84, 24.48, 1.8
FILLER_5_322, 149.84, 24.48, 1.8
_1145_, 149.84, 24.48, 1.8
_1359_, 149.84, 24.48, 1.8
_1941_, 149.84, 24.48, 1.8
_2180_, 149.84, 24.48, 1.8
FILLER_5_329, 162.64, 24.48, 1.8
FILLER_6_355, 162.64, 24.48, 1.8
_1939_, 162.64, 24.48, 1.8
PHY_4, 5.52, 19.04, 1.8
PHY_6, 5.52, 19.04, 1.8
FILLER_2_389, 187.68, 19.04, 1.8
FILLER_3_385, 187.68, 19.04, 1.8
PHY_5, 187.68, 19.04, 1.8
PHY_7, 187.68, 19.04, 1.8
FILLER_3_51, 34.64, 19.04, 1.8
FILLER_4_77, 34.64, 19.04, 1.8
FILLER_2_85, 47.44, 19.04, 1.8
FILLER_3_93, 47.44, 19.04, 1.8
FILLER_4_94, 47.44, 19.04, 1.8
_1375_, 47.44, 19.04, 1.8
_2075_, 47.44, 19.04, 1.8
FILLER_3_113, 60.24, 19.04, 1.8
FILLER_3_121, 60.24, 19.04, 1.8
FILLER_4_125, 60.24, 19.04, 1.8
_1373_, 60.24, 19.04, 1.8
_1819_, 60.24, 19.04, 1.8
_2076_, 60.24, 19.04, 1.8
FILLER_2_133, 73.04, 19.04, 1.8
FILLER_2_141, 73.04, 19.04, 1.8
FILLER_3_144, 73.04, 19.04, 1.8
FILLER_3_160, 73.04, 19.04, 1.8
FILLER_4_152, 73.04, 19.04, 1.8
_1154_, 73.04, 19.04, 1.8
_1370_, 73.04, 19.04, 1.8
_1821_, 73.04, 19.04, 1.8
FILLER_2_197, 98.64, 19.04, 1.8
FILLER_3_217, 111.44, 19.04, 1.8
FILLER_3_225, 111.44, 19.04, 1.8
FILLER_4_238, 111.44, 19.04, 1.8
_1367_, 111.44, 19.04, 1.8
_1822_, 111.44, 19.04, 1.8
_2078_, 111.44, 19.04, 1.8
FILLER_2_253, 124.24, 19.04, 1.8
FILLER_3_249, 124.24, 19.04, 1.8
FILLER_3_262, 124.24, 19.04, 1.8
FILLER_4_263, 124.24, 19.04, 1.8
_1150_, 124.24, 19.04, 1.8
_1361_, 124.24, 19.04, 1.8
_1363_, 124.24, 19.04, 1.8
_2080_, 124.24, 19.04, 1.8
FILLER_2_279, 137.04, 19.04, 1.8
FILLER_3_286, 137.04, 19.04, 1.8
FILLER_4_287, 137.04, 19.04, 1.8
_1146_, 137.04, 19.04, 1.8
_1360_, 137.04, 19.04, 1.8
_1362_, 137.04, 19.04, 1.8
_1824_, 137.04, 19.04, 1.8
FILLER_3_304, 149.84, 19.04, 1.8
FILLER_3_311, 149.84, 19.04, 1.8
_1147_, 149.84, 19.04, 1.8
_1938_, 149.84, 19.04, 1.8
FILLER_3_331, 162.64, 19.04, 1.8
FILLER_4_355, 162.64, 19.04, 1.8
PHY_0, 5.52, 13.6, 1.8
PHY_2, 5.52, 13.6, 1.8
output21, 5.52, 13.6, 1.8
output36, 5.52, 13.6, 1.8
PHY_1, 187.68, 13.6, 1.8
PHY_3, 187.68, 13.6, 1.8
output17, 187.68, 13.6, 1.8
output37, 187.68, 13.6, 1.8
ANTENNA_2, 13.68, 13.6, 1.8
FILLER_0_24, 13.68, 13.6, 1.8
FILLER_0_57, 34.64, 13.6, 1.8
FILLER_2_77, 34.64, 13.6, 1.8
output34, 34.64, 13.6, 1.8
FILLER_0_79, 47.44, 13.6, 1.8
FILLER_0_85, 47.44, 13.6, 1.8
FILLER_0_97, 47.44, 13.6, 1.8
FILLER_1_93, 47.44, 13.6, 1.8
FILLER_2_96, 47.44, 13.6, 1.8
_1157_, 47.44, 13.6, 1.8
_1158_, 47.44, 13.6, 1.8
_2175_, 47.44, 13.6, 1.8
output33, 47.44, 13.6, 1.8
FILLER_0_113, 60.24, 13.6, 1.8
FILLER_0_120, 60.24, 13.6, 1.8
FILLER_0_127, 60.24, 13.6, 1.8
FILLER_1_113, 60.24, 13.6, 1.8
FILLER_2_120, 60.24, 13.6, 1.8
_1155_, 60.24, 13.6, 1.8
_1156_, 60.24, 13.6, 1.8
_1933_, 60.24, 13.6, 1.8
_2176_, 60.24, 13.6, 1.8
output32, 60.24, 13.6, 1.8
FILLER_0_136, 73.04, 13.6, 1.8
FILLER_0_141, 73.04, 13.6, 1.8
FILLER_0_155, 73.04, 13.6, 1.8
FILLER_1_139, 73.04, 13.6, 1.8
FILLER_2_149, 73.04, 13.6, 1.8
_1153_, 73.04, 13.6, 1.8
_1369_, 73.04, 13.6, 1.8
_1934_, 73.04, 13.6, 1.8
_1935_, 73.04, 13.6, 1.8
_2177_, 73.04, 13.6, 1.8
FILLER_0_162, 85.84, 13.6, 1.8
FILLER_0_174, 85.84, 13.6, 1.8
FILLER_0_187, 85.84, 13.6, 1.8
FILLER_1_163, 85.84, 13.6, 1.8
FILLER_2_188, 85.84, 13.6, 1.8
output30, 85.84, 13.6, 1.8
output31, 85.84, 13.6, 1.8
FILLER_0_209, 98.64, 13.6, 1.8
_1932_, 98.64, 13.6, 1.8
output29, 98.64, 13.6, 1.8
FILLER_0_217, 111.44, 13.6, 1.8
FILLER_0_225, 111.44, 13.6, 1.8
FILLER_0_238, 111.44, 13.6, 1.8
FILLER_1_217, 111.44, 13.6, 1.8
FILLER_1_225, 111.44, 13.6, 1.8
FILLER_1_236, 111.44, 13.6, 1.8
FILLER_2_236, 111.44, 13.6, 1.8
_1151_, 111.44, 13.6, 1.8
_1366_, 111.44, 13.6, 1.8
_1724_, 111.44, 13.6, 1.8
_2178_, 111.44, 13.6, 1.8
input3, 111.44, 13.6, 1.8
FILLER_0_248, 124.24, 13.6, 1.8
FILLER_0_258, 124.24, 13.6, 1.8
FILLER_0_267, 124.24, 13.6, 1.8
FILLER_1_260, 124.24, 13.6, 1.8
_1364_, 124.24, 13.6, 1.8
_1365_, 124.24, 13.6, 1.8
_1823_, 124.24, 13.6, 1.8
_1936_, 124.24, 13.6, 1.8
_2079_, 124.24, 13.6, 1.8
FILLER_0_274, 137.04, 13.6, 1.8
FILLER_0_292, 137.04, 13.6, 1.8
FILLER_0_299, 137.04, 13.6, 1.8
FILLER_1_273, 137.04, 13.6, 1.8
FILLER_2_292, 137.04, 13.6, 1.8
FILLER_2_299, 137.04, 13.6, 1.8
_1148_, 137.04, 13.6, 1.8
_1149_, 137.04, 13.6, 1.8
_1937_, 137.04, 13.6, 1.8
_2179_, 137.04, 13.6, 1.8
FILLER_1_327, 149.84, 13.6, 1.8
input2, 149.84, 13.6, 1.8
FILLER_0_329, 162.64, 13.6, 1.8
input1, 162.64, 13.6, 1.8

