
===========================================================================
report_checks -unconstrained
============================================================================
Startpoint: reset (input port clocked by clk)
Endpoint: _1730_ (recovery check against rising-edge clock clk)
Path Group: **async_default**
Path Type: max

Fanout     Cap    Slew   Delay    Time   Description
-----------------------------------------------------------------------------
                          0.00    0.00   clock clk (rise edge)
                          0.00    0.00   clock network delay (propagated)
                         20.00   20.00 v input external delay
                  0.02    0.01   20.01 v reset (in)
     1    0.01                           reset (net)
                  0.02    0.00   20.01 v input103/A (sky130_fd_sc_hd__buf_2)
                  0.09    0.17   20.19 v input103/X (sky130_fd_sc_hd__buf_2)
     4    0.03                           net103 (net)
                  0.09    0.00   20.19 v _1395_/A (sky130_fd_sc_hd__clkbuf_2)
                  0.10    0.19   20.38 v _1395_/X (sky130_fd_sc_hd__clkbuf_2)
     5    0.03                           _0562_ (net)
                  0.10    0.00   20.38 v _1489_/A (sky130_fd_sc_hd__clkbuf_2)
                  0.13    0.22   20.60 v _1489_/X (sky130_fd_sc_hd__clkbuf_2)
     5    0.03                           _0581_ (net)
                  0.13    0.00   20.60 v _1502_/A (sky130_fd_sc_hd__buf_2)
                  0.15    0.28   20.88 v _1502_/X (sky130_fd_sc_hd__buf_2)
     5    0.06                           _0584_ (net)
                  0.15    0.00   20.89 v _1504_/A (sky130_fd_sc_hd__inv_2)
                  0.10    0.15   21.03 ^ _1504_/Y (sky130_fd_sc_hd__inv_2)
     1    0.02                           _0159_ (net)
                  0.10    0.00   21.03 ^ _1730_/RESET_B (sky130_fd_sc_hd__dfrtp_1)
                                 21.03   data arrival time

                        100.00  100.00   clock clk (rise edge)
                          0.00  100.00   clock source latency
                  0.12    0.08  100.08 ^ clk (in)
     1    0.03                           clk (net)
                  0.12    0.00  100.08 ^ clkbuf_0_clk/A (sky130_fd_sc_hd__clkbuf_16)
                  0.08    0.18  100.26 ^ clkbuf_0_clk/X (sky130_fd_sc_hd__clkbuf_16)
     8    0.06                           clknet_0_clk (net)
                  0.08    0.00  100.26 ^ clkbuf_3_1_0_clk/A (sky130_fd_sc_hd__clkbuf_2)
                  0.06    0.12  100.38 ^ clkbuf_3_1_0_clk/X (sky130_fd_sc_hd__clkbuf_2)
     2    0.01                           clknet_3_1_0_clk (net)
                  0.06    0.00  100.38 ^ clkbuf_4_3_0_clk/A (sky130_fd_sc_hd__clkbuf_2)
                  0.21    0.21  100.60 ^ clkbuf_4_3_0_clk/X (sky130_fd_sc_hd__clkbuf_2)
    10    0.04                           clknet_4_3_0_clk (net)
                  0.21    0.00  100.60 ^ _1730_/CLK (sky130_fd_sc_hd__dfrtp_1)
                         -0.25  100.35   clock uncertainty
                          0.00  100.35   clock reconvergence pessimism
                          0.27  100.61   library recovery time
                                100.61   data required time
-----------------------------------------------------------------------------
                                100.61   data required time
                                -21.03   data arrival time
-----------------------------------------------------------------------------
                                 79.58   slack (MET)


Startpoint: _1687_ (rising edge-triggered flip-flop clocked by clk)
Endpoint: r_load[43] (output port clocked by clk)
Path Group: clk
Path Type: max

Fanout     Cap    Slew   Delay    Time   Description
-----------------------------------------------------------------------------
                          0.00    0.00   clock clk (rise edge)
                          0.00    0.00   clock source latency
                  0.12    0.09    0.09 ^ clk (in)
     1    0.03                           clk (net)
                  0.12    0.00    0.09 ^ clkbuf_0_clk/A (sky130_fd_sc_hd__clkbuf_16)
                  0.08    0.19    0.28 ^ clkbuf_0_clk/X (sky130_fd_sc_hd__clkbuf_16)
     8    0.06                           clknet_0_clk (net)
                  0.08    0.00    0.28 ^ clkbuf_3_0_0_clk/A (sky130_fd_sc_hd__clkbuf_2)
                  0.07    0.15    0.43 ^ clkbuf_3_0_0_clk/X (sky130_fd_sc_hd__clkbuf_2)
     2    0.01                           clknet_3_0_0_clk (net)
                  0.07    0.00    0.43 ^ clkbuf_4_1_0_clk/A (sky130_fd_sc_hd__clkbuf_2)
                  0.26    0.28    0.71 ^ clkbuf_4_1_0_clk/X (sky130_fd_sc_hd__clkbuf_2)
    14    0.05                           clknet_4_1_0_clk (net)
                  0.26    0.00    0.71 ^ _1687_/CLK (sky130_fd_sc_hd__dfrtp_1)
                  0.32    0.62    1.32 ^ _1687_/Q (sky130_fd_sc_hd__dfrtp_1)
     2    0.04                           net142 (net)
                  0.32    0.00    1.33 ^ output142/A (sky130_fd_sc_hd__buf_2)
                  0.18    0.30    1.62 ^ output142/X (sky130_fd_sc_hd__buf_2)
     1    0.03                           r_load[43] (net)
                  0.18    0.00    1.63 ^ r_load[43] (out)
                                  1.63   data arrival time

                        100.00  100.00   clock clk (rise edge)
                          0.00  100.00   clock network delay (propagated)
                         -0.25   99.75   clock uncertainty
                          0.00   99.75   clock reconvergence pessimism
                        -20.00   79.75   output external delay
                                 79.75   data required time
-----------------------------------------------------------------------------
                                 79.75   data required time
                                 -1.63   data arrival time
-----------------------------------------------------------------------------
                                 78.12   slack (MET)



===========================================================================
report_checks --slack_max -0.01
============================================================================
No paths found.
