
===========================================================================
report_checks -path_delay max (Setup)
============================================================================
Startpoint: reset (input port clocked by clk)
Endpoint: _1729_ (recovery check against rising-edge clock clk)
Path Group: **async_default**
Path Type: max

Fanout     Cap    Slew   Delay    Time   Description
-----------------------------------------------------------------------------
                          0.00    0.00   clock clk (rise edge)
                          0.00    0.00   clock network delay (propagated)
                         20.00   20.00 v input external delay
                  0.01    0.00   20.00 v reset (in)
     1    0.00                           reset (net)
                  0.01    0.00   20.00 v input103/A (sky130_fd_sc_hd__buf_2)
                  0.10    0.18   20.19 v input103/X (sky130_fd_sc_hd__buf_2)
     4    0.04                           net103 (net)
                  0.10    0.00   20.19 v _1395_/A (sky130_fd_sc_hd__clkbuf_2)
                  0.12    0.21   20.40 v _1395_/X (sky130_fd_sc_hd__clkbuf_2)
     5    0.03                           _0562_ (net)
                  0.12    0.00   20.40 v _1489_/A (sky130_fd_sc_hd__clkbuf_2)
                  0.16    0.25   20.65 v _1489_/X (sky130_fd_sc_hd__clkbuf_2)
     5    0.04                           _0581_ (net)
                  0.16    0.00   20.66 v _1502_/A (sky130_fd_sc_hd__buf_2)
                  0.17    0.31   20.96 v _1502_/X (sky130_fd_sc_hd__buf_2)
     5    0.07                           _0584_ (net)
                  0.17    0.00   20.97 v _1503_/A (sky130_fd_sc_hd__inv_2)
                  0.12    0.17   21.13 ^ _1503_/Y (sky130_fd_sc_hd__inv_2)
     1    0.02                           _0158_ (net)
                  0.12    0.00   21.14 ^ _1729_/RESET_B (sky130_fd_sc_hd__dfrtp_1)
                                 21.14   data arrival time

                        100.00  100.00   clock clk (rise edge)
                          0.00  100.00   clock source latency
                  0.13    0.09  100.09 ^ clk (in)
     1    0.03                           clk (net)
                  0.13    0.00  100.09 ^ clkbuf_0_clk/A (sky130_fd_sc_hd__clkbuf_16)
                  0.09    0.19  100.28 ^ clkbuf_0_clk/X (sky130_fd_sc_hd__clkbuf_16)
     8    0.07                           clknet_0_clk (net)
                  0.09    0.00  100.28 ^ clkbuf_3_4_0_clk/A (sky130_fd_sc_hd__clkbuf_2)
                  0.07    0.13  100.41 ^ clkbuf_3_4_0_clk/X (sky130_fd_sc_hd__clkbuf_2)
     2    0.01                           clknet_3_4_0_clk (net)
                  0.07    0.00  100.41 ^ clkbuf_4_9_0_clk/A (sky130_fd_sc_hd__clkbuf_2)
                  0.20    0.21  100.62 ^ clkbuf_4_9_0_clk/X (sky130_fd_sc_hd__clkbuf_2)
    10    0.04                           clknet_4_9_0_clk (net)
                  0.20    0.00  100.63 ^ _1729_/CLK (sky130_fd_sc_hd__dfrtp_1)
                         -0.25  100.38   clock uncertainty
                          0.00  100.38   clock reconvergence pessimism
                          0.26  100.64   library recovery time
                                100.64   data required time
-----------------------------------------------------------------------------
                                100.64   data required time
                                -21.14   data arrival time
-----------------------------------------------------------------------------
                                 79.50   slack (MET)


Startpoint: reset (input port clocked by clk)
Endpoint: _1730_ (recovery check against rising-edge clock clk)
Path Group: **async_default**
Path Type: max

Fanout     Cap    Slew   Delay    Time   Description
-----------------------------------------------------------------------------
                          0.00    0.00   clock clk (rise edge)
                          0.00    0.00   clock network delay (propagated)
                         20.00   20.00 v input external delay
                  0.01    0.00   20.00 v reset (in)
     1    0.00                           reset (net)
                  0.01    0.00   20.00 v input103/A (sky130_fd_sc_hd__buf_2)
                  0.10    0.18   20.19 v input103/X (sky130_fd_sc_hd__buf_2)
     4    0.04                           net103 (net)
                  0.10    0.00   20.19 v _1395_/A (sky130_fd_sc_hd__clkbuf_2)
                  0.12    0.21   20.40 v _1395_/X (sky130_fd_sc_hd__clkbuf_2)
     5    0.03                           _0562_ (net)
                  0.12    0.00   20.40 v _1489_/A (sky130_fd_sc_hd__clkbuf_2)
                  0.16    0.25   20.65 v _1489_/X (sky130_fd_sc_hd__clkbuf_2)
     5    0.04                           _0581_ (net)
                  0.16    0.00   20.66 v _1502_/A (sky130_fd_sc_hd__buf_2)
                  0.17    0.31   20.96 v _1502_/X (sky130_fd_sc_hd__buf_2)
     5    0.07                           _0584_ (net)
                  0.17    0.01   20.97 v _1504_/A (sky130_fd_sc_hd__inv_2)
                  0.13    0.17   21.15 ^ _1504_/Y (sky130_fd_sc_hd__inv_2)
     1    0.03                           _0159_ (net)
                  0.13    0.00   21.15 ^ _1730_/RESET_B (sky130_fd_sc_hd__dfrtp_1)
                                 21.15   data arrival time

                        100.00  100.00   clock clk (rise edge)
                          0.00  100.00   clock source latency
                  0.13    0.09  100.09 ^ clk (in)
     1    0.03                           clk (net)
                  0.13    0.00  100.09 ^ clkbuf_0_clk/A (sky130_fd_sc_hd__clkbuf_16)
                  0.09    0.19  100.28 ^ clkbuf_0_clk/X (sky130_fd_sc_hd__clkbuf_16)
     8    0.07                           clknet_0_clk (net)
                  0.09    0.00  100.28 ^ clkbuf_3_1_0_clk/A (sky130_fd_sc_hd__clkbuf_2)
                  0.06    0.13  100.41 ^ clkbuf_3_1_0_clk/X (sky130_fd_sc_hd__clkbuf_2)
     2    0.01                           clknet_3_1_0_clk (net)
                  0.06    0.00  100.41 ^ clkbuf_4_3_0_clk/A (sky130_fd_sc_hd__clkbuf_2)
                  0.23    0.23  100.63 ^ clkbuf_4_3_0_clk/X (sky130_fd_sc_hd__clkbuf_2)
    10    0.04                           clknet_4_3_0_clk (net)
                  0.23    0.00  100.64 ^ _1730_/CLK (sky130_fd_sc_hd__dfrtp_1)
                         -0.25  100.39   clock uncertainty
                          0.00  100.39   clock reconvergence pessimism
                          0.27  100.66   library recovery time
                                100.66   data required time
-----------------------------------------------------------------------------
                                100.66   data required time
                                -21.15   data arrival time
-----------------------------------------------------------------------------
                                 79.51   slack (MET)


Startpoint: reset (input port clocked by clk)
Endpoint: _1731_ (recovery check against rising-edge clock clk)
Path Group: **async_default**
Path Type: max

Fanout     Cap    Slew   Delay    Time   Description
-----------------------------------------------------------------------------
                          0.00    0.00   clock clk (rise edge)
                          0.00    0.00   clock network delay (propagated)
                         20.00   20.00 v input external delay
                  0.01    0.00   20.00 v reset (in)
     1    0.00                           reset (net)
                  0.01    0.00   20.00 v input103/A (sky130_fd_sc_hd__buf_2)
                  0.10    0.18   20.19 v input103/X (sky130_fd_sc_hd__buf_2)
     4    0.04                           net103 (net)
                  0.10    0.00   20.19 v _1395_/A (sky130_fd_sc_hd__clkbuf_2)
                  0.12    0.21   20.40 v _1395_/X (sky130_fd_sc_hd__clkbuf_2)
     5    0.03                           _0562_ (net)
                  0.12    0.00   20.40 v _1489_/A (sky130_fd_sc_hd__clkbuf_2)
                  0.16    0.25   20.65 v _1489_/X (sky130_fd_sc_hd__clkbuf_2)
     5    0.04                           _0581_ (net)
                  0.16    0.00   20.66 v _1502_/A (sky130_fd_sc_hd__buf_2)
                  0.17    0.31   20.96 v _1502_/X (sky130_fd_sc_hd__buf_2)
     5    0.07                           _0584_ (net)
                  0.17    0.00   20.97 v _1505_/A (sky130_fd_sc_hd__inv_2)
                  0.10    0.15   21.12 ^ _1505_/Y (sky130_fd_sc_hd__inv_2)
     1    0.02                           _0160_ (net)
                  0.10    0.00   21.12 ^ _1731_/RESET_B (sky130_fd_sc_hd__dfrtp_1)
                                 21.12   data arrival time

                        100.00  100.00   clock clk (rise edge)
                          0.00  100.00   clock source latency
                  0.13    0.09  100.09 ^ clk (in)
     1    0.03                           clk (net)
                  0.13    0.00  100.09 ^ clkbuf_0_clk/A (sky130_fd_sc_hd__clkbuf_16)
                  0.09    0.19  100.28 ^ clkbuf_0_clk/X (sky130_fd_sc_hd__clkbuf_16)
     8    0.07                           clknet_0_clk (net)
                  0.09    0.00  100.28 ^ clkbuf_3_6_0_clk/A (sky130_fd_sc_hd__clkbuf_2)
                  0.07    0.14  100.41 ^ clkbuf_3_6_0_clk/X (sky130_fd_sc_hd__clkbuf_2)
     2    0.01                           clknet_3_6_0_clk (net)
                  0.07    0.00  100.41 ^ clkbuf_4_12_0_clk/A (sky130_fd_sc_hd__clkbuf_2)
                  0.19    0.21  100.62 ^ clkbuf_4_12_0_clk/X (sky130_fd_sc_hd__clkbuf_2)
     9    0.03                           clknet_4_12_0_clk (net)
                  0.19    0.00  100.62 ^ _1731_/CLK (sky130_fd_sc_hd__dfrtp_1)
                         -0.25  100.37   clock uncertainty
                          0.00  100.37   clock reconvergence pessimism
                          0.26  100.63   library recovery time
                                100.63   data required time
-----------------------------------------------------------------------------
                                100.63   data required time
                                -21.12   data arrival time
-----------------------------------------------------------------------------
                                 79.51   slack (MET)


Startpoint: reset (input port clocked by clk)
Endpoint: _1733_ (recovery check against rising-edge clock clk)
Path Group: **async_default**
Path Type: max

Fanout     Cap    Slew   Delay    Time   Description
-----------------------------------------------------------------------------
                          0.00    0.00   clock clk (rise edge)
                          0.00    0.00   clock network delay (propagated)
                         20.00   20.00 v input external delay
                  0.01    0.00   20.00 v reset (in)
     1    0.00                           reset (net)
                  0.01    0.00   20.00 v input103/A (sky130_fd_sc_hd__buf_2)
                  0.10    0.18   20.19 v input103/X (sky130_fd_sc_hd__buf_2)
     4    0.04                           net103 (net)
                  0.10    0.00   20.19 v _1395_/A (sky130_fd_sc_hd__clkbuf_2)
                  0.12    0.21   20.40 v _1395_/X (sky130_fd_sc_hd__clkbuf_2)
     5    0.03                           _0562_ (net)
                  0.12    0.00   20.40 v _1489_/A (sky130_fd_sc_hd__clkbuf_2)
                  0.16    0.25   20.65 v _1489_/X (sky130_fd_sc_hd__clkbuf_2)
     5    0.04                           _0581_ (net)
                  0.16    0.00   20.66 v _1502_/A (sky130_fd_sc_hd__buf_2)
                  0.17    0.31   20.96 v _1502_/X (sky130_fd_sc_hd__buf_2)
     5    0.07                           _0584_ (net)
                  0.17    0.01   20.97 v _1507_/A (sky130_fd_sc_hd__inv_2)
                  0.12    0.17   21.14 ^ _1507_/Y (sky130_fd_sc_hd__inv_2)
     1    0.02                           _0162_ (net)
                  0.12    0.00   21.14 ^ _1733_/RESET_B (sky130_fd_sc_hd__dfrtp_1)
                                 21.14   data arrival time

                        100.00  100.00   clock clk (rise edge)
                          0.00  100.00   clock source latency
                  0.13    0.09  100.09 ^ clk (in)
     1    0.03                           clk (net)
                  0.13    0.00  100.09 ^ clkbuf_0_clk/A (sky130_fd_sc_hd__clkbuf_16)
                  0.09    0.19  100.28 ^ clkbuf_0_clk/X (sky130_fd_sc_hd__clkbuf_16)
     8    0.07                           clknet_0_clk (net)
                  0.09    0.00  100.28 ^ clkbuf_3_1_0_clk/A (sky130_fd_sc_hd__clkbuf_2)
                  0.06    0.13  100.41 ^ clkbuf_3_1_0_clk/X (sky130_fd_sc_hd__clkbuf_2)
     2    0.01                           clknet_3_1_0_clk (net)
                  0.06    0.00  100.41 ^ clkbuf_4_3_0_clk/A (sky130_fd_sc_hd__clkbuf_2)
                  0.23    0.23  100.63 ^ clkbuf_4_3_0_clk/X (sky130_fd_sc_hd__clkbuf_2)
    10    0.04                           clknet_4_3_0_clk (net)
                  0.23    0.00  100.64 ^ _1733_/CLK (sky130_fd_sc_hd__dfrtp_1)
                         -0.25  100.39   clock uncertainty
                          0.00  100.39   clock reconvergence pessimism
                          0.27  100.66   library recovery time
                                100.66   data required time
-----------------------------------------------------------------------------
                                100.66   data required time
                                -21.14   data arrival time
-----------------------------------------------------------------------------
                                 79.52   slack (MET)


Startpoint: reset (input port clocked by clk)
Endpoint: _1732_ (recovery check against rising-edge clock clk)
Path Group: **async_default**
Path Type: max

Fanout     Cap    Slew   Delay    Time   Description
-----------------------------------------------------------------------------
                          0.00    0.00   clock clk (rise edge)
                          0.00    0.00   clock network delay (propagated)
                         20.00   20.00 v input external delay
                  0.01    0.00   20.00 v reset (in)
     1    0.00                           reset (net)
                  0.01    0.00   20.00 v input103/A (sky130_fd_sc_hd__buf_2)
                  0.10    0.18   20.19 v input103/X (sky130_fd_sc_hd__buf_2)
     4    0.04                           net103 (net)
                  0.10    0.00   20.19 v _1395_/A (sky130_fd_sc_hd__clkbuf_2)
                  0.12    0.21   20.40 v _1395_/X (sky130_fd_sc_hd__clkbuf_2)
     5    0.03                           _0562_ (net)
                  0.12    0.00   20.40 v _1489_/A (sky130_fd_sc_hd__clkbuf_2)
                  0.16    0.25   20.65 v _1489_/X (sky130_fd_sc_hd__clkbuf_2)
     5    0.04                           _0581_ (net)
                  0.16    0.00   20.66 v _1502_/A (sky130_fd_sc_hd__buf_2)
                  0.17    0.31   20.96 v _1502_/X (sky130_fd_sc_hd__buf_2)
     5    0.07                           _0584_ (net)
                  0.17    0.00   20.97 v _1506_/A (sky130_fd_sc_hd__inv_2)
                  0.10    0.15   21.12 ^ _1506_/Y (sky130_fd_sc_hd__inv_2)
     1    0.02                           _0161_ (net)
                  0.10    0.00   21.12 ^ _1732_/RESET_B (sky130_fd_sc_hd__dfrtp_1)
                                 21.12   data arrival time

                        100.00  100.00   clock clk (rise edge)
                          0.00  100.00   clock source latency
                  0.13    0.09  100.09 ^ clk (in)
     1    0.03                           clk (net)
                  0.13    0.00  100.09 ^ clkbuf_0_clk/A (sky130_fd_sc_hd__clkbuf_16)
                  0.09    0.19  100.28 ^ clkbuf_0_clk/X (sky130_fd_sc_hd__clkbuf_16)
     8    0.07                           clknet_0_clk (net)
                  0.09    0.00  100.28 ^ clkbuf_3_6_0_clk/A (sky130_fd_sc_hd__clkbuf_2)
                  0.07    0.14  100.41 ^ clkbuf_3_6_0_clk/X (sky130_fd_sc_hd__clkbuf_2)
     2    0.01                           clknet_3_6_0_clk (net)
                  0.07    0.00  100.41 ^ clkbuf_4_12_0_clk/A (sky130_fd_sc_hd__clkbuf_2)
                  0.19    0.21  100.62 ^ clkbuf_4_12_0_clk/X (sky130_fd_sc_hd__clkbuf_2)
     9    0.03                           clknet_4_12_0_clk (net)
                  0.19    0.00  100.62 ^ _1732_/CLK (sky130_fd_sc_hd__dfrtp_1)
                         -0.25  100.37   clock uncertainty
                          0.00  100.37   clock reconvergence pessimism
                          0.26  100.63   library recovery time
                                100.63   data required time
-----------------------------------------------------------------------------
                                100.63   data required time
                                -21.12   data arrival time
-----------------------------------------------------------------------------
                                 79.52   slack (MET)


Startpoint: _1661_ (rising edge-triggered flip-flop clocked by clk)
Endpoint: r_load[17] (output port clocked by clk)
Path Group: clk
Path Type: max

Fanout     Cap    Slew   Delay    Time   Description
-----------------------------------------------------------------------------
                          0.00    0.00   clock clk (rise edge)
                          0.00    0.00   clock source latency
                  0.13    0.10    0.10 ^ clk (in)
     1    0.03                           clk (net)
                  0.13    0.00    0.10 ^ clkbuf_0_clk/A (sky130_fd_sc_hd__clkbuf_16)
                  0.09    0.21    0.30 ^ clkbuf_0_clk/X (sky130_fd_sc_hd__clkbuf_16)
     8    0.07                           clknet_0_clk (net)
                  0.09    0.00    0.31 ^ clkbuf_3_3_0_clk/A (sky130_fd_sc_hd__clkbuf_2)
                  0.12    0.19    0.49 ^ clkbuf_3_3_0_clk/X (sky130_fd_sc_hd__clkbuf_2)
     2    0.02                           clknet_3_3_0_clk (net)
                  0.12    0.00    0.50 ^ clkbuf_4_7_0_clk/A (sky130_fd_sc_hd__clkbuf_2)
                  0.27    0.31    0.80 ^ clkbuf_4_7_0_clk/X (sky130_fd_sc_hd__clkbuf_2)
    15    0.05                           clknet_4_7_0_clk (net)
                  0.27    0.00    0.81 ^ _1661_/CLK (sky130_fd_sc_hd__dfrtp_4)
                  0.10    0.62    1.43 v _1661_/Q (sky130_fd_sc_hd__dfrtp_4)
     2    0.03                           net113 (net)
                  0.10    0.00    1.43 v output113/A (sky130_fd_sc_hd__buf_2)
                  0.09    0.21    1.65 v output113/X (sky130_fd_sc_hd__buf_2)
     1    0.03                           r_load[17] (net)
                  0.09    0.00    1.65 v r_load[17] (out)
                                  1.65   data arrival time

                        100.00  100.00   clock clk (rise edge)
                          0.00  100.00   clock network delay (propagated)
                         -0.25   99.75   clock uncertainty
                          0.00   99.75   clock reconvergence pessimism
                        -20.00   79.75   output external delay
                                 79.75   data required time
-----------------------------------------------------------------------------
                                 79.75   data required time
                                 -1.65   data arrival time
-----------------------------------------------------------------------------
                                 78.10   slack (MET)


Startpoint: _1688_ (rising edge-triggered flip-flop clocked by clk)
Endpoint: r_load[44] (output port clocked by clk)
Path Group: clk
Path Type: max

Fanout     Cap    Slew   Delay    Time   Description
-----------------------------------------------------------------------------
                          0.00    0.00   clock clk (rise edge)
                          0.00    0.00   clock source latency
                  0.13    0.10    0.10 ^ clk (in)
     1    0.03                           clk (net)
                  0.13    0.00    0.10 ^ clkbuf_0_clk/A (sky130_fd_sc_hd__clkbuf_16)
                  0.09    0.21    0.30 ^ clkbuf_0_clk/X (sky130_fd_sc_hd__clkbuf_16)
     8    0.07                           clknet_0_clk (net)
                  0.09    0.00    0.31 ^ clkbuf_3_0_0_clk/A (sky130_fd_sc_hd__clkbuf_2)
                  0.09    0.16    0.47 ^ clkbuf_3_0_0_clk/X (sky130_fd_sc_hd__clkbuf_2)
     2    0.01                           clknet_3_0_0_clk (net)
                  0.09    0.00    0.47 ^ clkbuf_4_1_0_clk/A (sky130_fd_sc_hd__clkbuf_2)
                  0.26    0.28    0.75 ^ clkbuf_4_1_0_clk/X (sky130_fd_sc_hd__clkbuf_2)
    14    0.05                           clknet_4_1_0_clk (net)
                  0.26    0.00    0.75 ^ _1688_/CLK (sky130_fd_sc_hd__dfrtp_4)
                  0.13    0.65    1.40 v _1688_/Q (sky130_fd_sc_hd__dfrtp_4)
     2    0.05                           net143 (net)
                  0.13    0.01    1.41 v output143/A (sky130_fd_sc_hd__buf_2)
                  0.09    0.23    1.64 v output143/X (sky130_fd_sc_hd__buf_2)
     1    0.03                           r_load[44] (net)
                  0.09    0.00    1.64 v r_load[44] (out)
                                  1.64   data arrival time

                        100.00  100.00   clock clk (rise edge)
                          0.00  100.00   clock network delay (propagated)
                         -0.25   99.75   clock uncertainty
                          0.00   99.75   clock reconvergence pessimism
                        -20.00   79.75   output external delay
                                 79.75   data required time
-----------------------------------------------------------------------------
                                 79.75   data required time
                                 -1.64   data arrival time
-----------------------------------------------------------------------------
                                 78.11   slack (MET)


Startpoint: _1668_ (rising edge-triggered flip-flop clocked by clk)
Endpoint: r_load[24] (output port clocked by clk)
Path Group: clk
Path Type: max

Fanout     Cap    Slew   Delay    Time   Description
-----------------------------------------------------------------------------
                          0.00    0.00   clock clk (rise edge)
                          0.00    0.00   clock source latency
                  0.13    0.10    0.10 ^ clk (in)
     1    0.03                           clk (net)
                  0.13    0.00    0.10 ^ clkbuf_0_clk/A (sky130_fd_sc_hd__clkbuf_16)
                  0.09    0.21    0.30 ^ clkbuf_0_clk/X (sky130_fd_sc_hd__clkbuf_16)
     8    0.07                           clknet_0_clk (net)
                  0.09    0.00    0.31 ^ clkbuf_3_3_0_clk/A (sky130_fd_sc_hd__clkbuf_2)
                  0.12    0.19    0.49 ^ clkbuf_3_3_0_clk/X (sky130_fd_sc_hd__clkbuf_2)
     2    0.02                           clknet_3_3_0_clk (net)
                  0.12    0.00    0.50 ^ clkbuf_4_7_0_clk/A (sky130_fd_sc_hd__clkbuf_2)
                  0.27    0.31    0.80 ^ clkbuf_4_7_0_clk/X (sky130_fd_sc_hd__clkbuf_2)
    15    0.05                           clknet_4_7_0_clk (net)
                  0.27    0.00    0.81 ^ _1668_/CLK (sky130_fd_sc_hd__dfrtp_4)
                  0.09    0.61    1.42 v _1668_/Q (sky130_fd_sc_hd__dfrtp_4)
     2    0.03                           net121 (net)
                  0.09    0.00    1.42 v output121/A (sky130_fd_sc_hd__buf_2)
                  0.09    0.21    1.63 v output121/X (sky130_fd_sc_hd__buf_2)
     1    0.03                           r_load[24] (net)
                  0.09    0.00    1.63 v r_load[24] (out)
                                  1.63   data arrival time

                        100.00  100.00   clock clk (rise edge)
                          0.00  100.00   clock network delay (propagated)
                         -0.25   99.75   clock uncertainty
                          0.00   99.75   clock reconvergence pessimism
                        -20.00   79.75   output external delay
                                 79.75   data required time
-----------------------------------------------------------------------------
                                 79.75   data required time
                                 -1.63   data arrival time
-----------------------------------------------------------------------------
                                 78.12   slack (MET)


Startpoint: _1709_ (rising edge-triggered flip-flop clocked by clk)
Endpoint: r_load[65] (output port clocked by clk)
Path Group: clk
Path Type: max

Fanout     Cap    Slew   Delay    Time   Description
-----------------------------------------------------------------------------
                          0.00    0.00   clock clk (rise edge)
                          0.00    0.00   clock source latency
                  0.13    0.10    0.10 ^ clk (in)
     1    0.03                           clk (net)
                  0.13    0.00    0.10 ^ clkbuf_0_clk/A (sky130_fd_sc_hd__clkbuf_16)
                  0.09    0.21    0.30 ^ clkbuf_0_clk/X (sky130_fd_sc_hd__clkbuf_16)
     8    0.07                           clknet_0_clk (net)
                  0.09    0.00    0.31 ^ clkbuf_3_5_0_clk/A (sky130_fd_sc_hd__clkbuf_2)
                  0.09    0.16    0.47 ^ clkbuf_3_5_0_clk/X (sky130_fd_sc_hd__clkbuf_2)
     2    0.02                           clknet_3_5_0_clk (net)
                  0.09    0.00    0.47 ^ clkbuf_4_10_0_clk/A (sky130_fd_sc_hd__clkbuf_2)
                  0.30    0.32    0.79 ^ clkbuf_4_10_0_clk/X (sky130_fd_sc_hd__clkbuf_2)
    15    0.06                           clknet_4_10_0_clk (net)
                  0.30    0.00    0.79 ^ _1709_/CLK (sky130_fd_sc_hd__dfrtp_4)
                  0.09    0.62    1.41 v _1709_/Q (sky130_fd_sc_hd__dfrtp_4)
     2    0.03                           net166 (net)
                  0.09    0.00    1.42 v output166/A (sky130_fd_sc_hd__buf_2)
                  0.09    0.21    1.63 v output166/X (sky130_fd_sc_hd__buf_2)
     1    0.03                           r_load[65] (net)
                  0.09    0.00    1.63 v r_load[65] (out)
                                  1.63   data arrival time

                        100.00  100.00   clock clk (rise edge)
                          0.00  100.00   clock network delay (propagated)
                         -0.25   99.75   clock uncertainty
                          0.00   99.75   clock reconvergence pessimism
                        -20.00   79.75   output external delay
                                 79.75   data required time
-----------------------------------------------------------------------------
                                 79.75   data required time
                                 -1.63   data arrival time
-----------------------------------------------------------------------------
                                 78.12   slack (MET)


Startpoint: _1683_ (rising edge-triggered flip-flop clocked by clk)
Endpoint: r_load[39] (output port clocked by clk)
Path Group: clk
Path Type: max

Fanout     Cap    Slew   Delay    Time   Description
-----------------------------------------------------------------------------
                          0.00    0.00   clock clk (rise edge)
                          0.00    0.00   clock source latency
                  0.13    0.10    0.10 ^ clk (in)
     1    0.03                           clk (net)
                  0.13    0.00    0.10 ^ clkbuf_0_clk/A (sky130_fd_sc_hd__clkbuf_16)
                  0.09    0.21    0.30 ^ clkbuf_0_clk/X (sky130_fd_sc_hd__clkbuf_16)
     8    0.07                           clknet_0_clk (net)
                  0.09    0.00    0.31 ^ clkbuf_3_1_0_clk/A (sky130_fd_sc_hd__clkbuf_2)
                  0.06    0.14    0.45 ^ clkbuf_3_1_0_clk/X (sky130_fd_sc_hd__clkbuf_2)
     2    0.01                           clknet_3_1_0_clk (net)
                  0.06    0.00    0.45 ^ clkbuf_4_2_0_clk/A (sky130_fd_sc_hd__clkbuf_2)
                  0.30    0.30    0.75 ^ clkbuf_4_2_0_clk/X (sky130_fd_sc_hd__clkbuf_2)
    14    0.06                           clknet_4_2_0_clk (net)
                  0.30    0.01    0.75 ^ _1683_/CLK (sky130_fd_sc_hd__dfrtp_4)
                  0.11    0.65    1.40 v _1683_/Q (sky130_fd_sc_hd__dfrtp_4)
     4    0.04                           net137 (net)
                  0.11    0.01    1.41 v output137/A (sky130_fd_sc_hd__buf_2)
                  0.09    0.22    1.63 v output137/X (sky130_fd_sc_hd__buf_2)
     1    0.03                           r_load[39] (net)
                  0.09    0.00    1.63 v r_load[39] (out)
                                  1.63   data arrival time

                        100.00  100.00   clock clk (rise edge)
                          0.00  100.00   clock network delay (propagated)
                         -0.25   99.75   clock uncertainty
                          0.00   99.75   clock reconvergence pessimism
                        -20.00   79.75   output external delay
                                 79.75   data required time
-----------------------------------------------------------------------------
                                 79.75   data required time
                                 -1.63   data arrival time
-----------------------------------------------------------------------------
                                 78.12   slack (MET)


