
===========================================================================
report_checks -unconstrained
============================================================================
Startpoint: reset (input port clocked by clk)
Endpoint: _1729_ (recovery check against rising-edge clock clk)
Path Group: **async_default**
Path Type: max

Fanout     Cap    Slew   Delay    Time   Description
-----------------------------------------------------------------------------
                          0.00    0.00   clock clk (rise edge)
                          0.00    0.00   clock network delay (propagated)
                         20.00   20.00 v input external delay
                  0.01    0.00   20.00 v reset (in)
     1    0.00                           reset (net)
                  0.01    0.00   20.00 v input103/A (sky130_fd_sc_hd__buf_2)
                  0.10    0.18   20.19 v input103/X (sky130_fd_sc_hd__buf_2)
     4    0.04                           net103 (net)
                  0.10    0.00   20.19 v _1395_/A (sky130_fd_sc_hd__clkbuf_2)
                  0.12    0.21   20.40 v _1395_/X (sky130_fd_sc_hd__clkbuf_2)
     5    0.03                           _0562_ (net)
                  0.12    0.00   20.40 v _1489_/A (sky130_fd_sc_hd__clkbuf_2)
                  0.16    0.25   20.65 v _1489_/X (sky130_fd_sc_hd__clkbuf_2)
     5    0.04                           _0581_ (net)
                  0.16    0.00   20.66 v _1502_/A (sky130_fd_sc_hd__buf_2)
                  0.17    0.31   20.96 v _1502_/X (sky130_fd_sc_hd__buf_2)
     5    0.07                           _0584_ (net)
                  0.17    0.00   20.97 v _1503_/A (sky130_fd_sc_hd__inv_2)
                  0.12    0.17   21.13 ^ _1503_/Y (sky130_fd_sc_hd__inv_2)
     1    0.02                           _0158_ (net)
                  0.12    0.00   21.14 ^ _1729_/RESET_B (sky130_fd_sc_hd__dfrtp_1)
                                 21.14   data arrival time

                        100.00  100.00   clock clk (rise edge)
                          0.00  100.00   clock source latency
                  0.13    0.09  100.09 ^ clk (in)
     1    0.03                           clk (net)
                  0.13    0.00  100.09 ^ clkbuf_0_clk/A (sky130_fd_sc_hd__clkbuf_16)
                  0.09    0.19  100.28 ^ clkbuf_0_clk/X (sky130_fd_sc_hd__clkbuf_16)
     8    0.07                           clknet_0_clk (net)
                  0.09    0.00  100.28 ^ clkbuf_3_4_0_clk/A (sky130_fd_sc_hd__clkbuf_2)
                  0.07    0.13  100.41 ^ clkbuf_3_4_0_clk/X (sky130_fd_sc_hd__clkbuf_2)
     2    0.01                           clknet_3_4_0_clk (net)
                  0.07    0.00  100.41 ^ clkbuf_4_9_0_clk/A (sky130_fd_sc_hd__clkbuf_2)
                  0.20    0.21  100.62 ^ clkbuf_4_9_0_clk/X (sky130_fd_sc_hd__clkbuf_2)
    10    0.04                           clknet_4_9_0_clk (net)
                  0.20    0.00  100.63 ^ _1729_/CLK (sky130_fd_sc_hd__dfrtp_1)
                         -0.25  100.38   clock uncertainty
                          0.00  100.38   clock reconvergence pessimism
                          0.26  100.64   library recovery time
                                100.64   data required time
-----------------------------------------------------------------------------
                                100.64   data required time
                                -21.14   data arrival time
-----------------------------------------------------------------------------
                                 79.50   slack (MET)


Startpoint: _1661_ (rising edge-triggered flip-flop clocked by clk)
Endpoint: r_load[17] (output port clocked by clk)
Path Group: clk
Path Type: max

Fanout     Cap    Slew   Delay    Time   Description
-----------------------------------------------------------------------------
                          0.00    0.00   clock clk (rise edge)
                          0.00    0.00   clock source latency
                  0.13    0.10    0.10 ^ clk (in)
     1    0.03                           clk (net)
                  0.13    0.00    0.10 ^ clkbuf_0_clk/A (sky130_fd_sc_hd__clkbuf_16)
                  0.09    0.21    0.30 ^ clkbuf_0_clk/X (sky130_fd_sc_hd__clkbuf_16)
     8    0.07                           clknet_0_clk (net)
                  0.09    0.00    0.31 ^ clkbuf_3_3_0_clk/A (sky130_fd_sc_hd__clkbuf_2)
                  0.12    0.19    0.49 ^ clkbuf_3_3_0_clk/X (sky130_fd_sc_hd__clkbuf_2)
     2    0.02                           clknet_3_3_0_clk (net)
                  0.12    0.00    0.50 ^ clkbuf_4_7_0_clk/A (sky130_fd_sc_hd__clkbuf_2)
                  0.27    0.31    0.80 ^ clkbuf_4_7_0_clk/X (sky130_fd_sc_hd__clkbuf_2)
    15    0.05                           clknet_4_7_0_clk (net)
                  0.27    0.00    0.81 ^ _1661_/CLK (sky130_fd_sc_hd__dfrtp_4)
                  0.10    0.62    1.43 v _1661_/Q (sky130_fd_sc_hd__dfrtp_4)
     2    0.03                           net113 (net)
                  0.10    0.00    1.43 v output113/A (sky130_fd_sc_hd__buf_2)
                  0.09    0.21    1.65 v output113/X (sky130_fd_sc_hd__buf_2)
     1    0.03                           r_load[17] (net)
                  0.09    0.00    1.65 v r_load[17] (out)
                                  1.65   data arrival time

                        100.00  100.00   clock clk (rise edge)
                          0.00  100.00   clock network delay (propagated)
                         -0.25   99.75   clock uncertainty
                          0.00   99.75   clock reconvergence pessimism
                        -20.00   79.75   output external delay
                                 79.75   data required time
-----------------------------------------------------------------------------
                                 79.75   data required time
                                 -1.65   data arrival time
-----------------------------------------------------------------------------
                                 78.10   slack (MET)



===========================================================================
report_checks --slack_max -0.01
============================================================================
No paths found.
