
===========================================================================
 report_clock_skew
============================================================================

======================== Slowest Corner ==================================

Clock clk
Latency      CRPR       Skew
_1803_/CLK ^
   1.29
_1802_/CLK ^
   1.04     -0.05       0.20


======================= Typical Corner ===================================

Clock clk
Latency      CRPR       Skew
_1803_/CLK ^
   0.76
_1802_/CLK ^
   0.61     -0.03       0.12


======================= Fastest Corner ===================================

Clock clk
Latency      CRPR       Skew
_1803_/CLK ^
   0.53
_1802_/CLK ^
   0.43     -0.02       0.09

