
===========================================================================
 report_power
============================================================================


======================= Slowest Corner =================================

Group                  Internal  Switching    Leakage      Total
                          Power      Power      Power      Power (Watts)
----------------------------------------------------------------
Sequential             6.57e-05   7.53e-06   2.88e-06   7.61e-05  50.3%
Combinational          2.05e-05   4.88e-05   5.87e-06   7.51e-05  49.7%
Macro                  0.00e+00   0.00e+00   0.00e+00   0.00e+00   0.0%
Pad                    0.00e+00   0.00e+00   0.00e+00   0.00e+00   0.0%
----------------------------------------------------------------
Total                  8.62e-05   5.63e-05   8.75e-06   1.51e-04 100.0%
                          57.0%      37.2%       5.8%

======================= Typical Corner ===================================

Group                  Internal  Switching    Leakage      Total
                          Power      Power      Power      Power (Watts)
----------------------------------------------------------------
Sequential             8.62e-05   9.61e-06   1.71e-09   9.58e-05  52.2%
Combinational          2.49e-05   6.28e-05   8.97e-09   8.77e-05  47.8%
Macro                  0.00e+00   0.00e+00   0.00e+00   0.00e+00   0.0%
Pad                    0.00e+00   0.00e+00   0.00e+00   0.00e+00   0.0%
----------------------------------------------------------------
Total                  1.11e-04   7.24e-05   1.07e-08   1.84e-04 100.0%
                          60.6%      39.4%       0.0%


======================= Fastest Corner =================================

Group                  Internal  Switching    Leakage      Total
                          Power      Power      Power      Power (Watts)
----------------------------------------------------------------
Sequential             1.01e-04   1.14e-05   2.40e-09   1.13e-04  52.4%
Combinational          2.80e-05   7.46e-05   1.05e-08   1.03e-04  47.6%
Macro                  0.00e+00   0.00e+00   0.00e+00   0.00e+00   0.0%
Pad                    0.00e+00   0.00e+00   0.00e+00   0.00e+00   0.0%
----------------------------------------------------------------
Total                  1.29e-04   8.60e-05   1.29e-08   2.15e-04 100.0%
                          60.1%      39.9%       0.0%
