
 /----------------------------------------------------------------------------\
 |                                                                            |
 |  yosys -- Yosys Open SYnthesis Suite                                       |
 |                                                                            |
 |  Copyright (C) 2012 - 2020  Claire Xenia Wolf <claire@yosyshq.com>         |
 |                                                                            |
 |  Permission to use, copy, modify, and/or distribute this software for any  |
 |  purpose with or without fee is hereby granted, provided that the above    |
 |  copyright notice and this permission notice appear in all copies.         |
 |                                                                            |
 |  THE SOFTWARE IS PROVIDED "AS IS" AND THE AUTHOR DISCLAIMS ALL WARRANTIES  |
 |  WITH REGARD TO THIS SOFTWARE INCLUDING ALL IMPLIED WARRANTIES OF          |
 |  MERCHANTABILITY AND FITNESS. IN NO EVENT SHALL THE AUTHOR BE LIABLE FOR   |
 |  ANY SPECIAL, DIRECT, INDIRECT, OR CONSEQUENTIAL DAMAGES OR ANY DAMAGES    |
 |  WHATSOEVER RESULTING FROM LOSS OF USE, DATA OR PROFITS, WHETHER IN AN     |
 |  ACTION OF CONTRACT, NEGLIGENCE OR OTHER TORTIOUS ACTION, ARISING OUT OF   |
 |  OR IN CONNECTION WITH THE USE OR PERFORMANCE OF THIS SOFTWARE.            |
 |                                                                            |
 \----------------------------------------------------------------------------/

 Yosys 0.12+45 (git sha1 cfe940a98, gcc 9.2.1 -fPIC -Os)

[TCL: yosys -import] Command name collision: found pre-existing command `cd' -> skip.
[TCL: yosys -import] Command name collision: found pre-existing command `eval' -> skip.
[TCL: yosys -import] Command name collision: found pre-existing command `exec' -> skip.
[TCL: yosys -import] Command name collision: found pre-existing command `read' -> skip.
[TCL: yosys -import] Command name collision: found pre-existing command `trace' -> skip.

1. Executing Verilog-2005 frontend: /foss/designs/ma2022/shiftregister/src/shiftregister.v
Parsing SystemVerilog input from `/foss/designs/ma2022/shiftregister/src/shiftregister.v' to AST representation.
Generating RTLIL representation for module `\shiftregister'.
Successfully finished Verilog frontend.

2. Generating Graphviz representation of design.
Writing dot description to `/foss/designs/ma2022/shiftregister/runs/RUN_2022.11.02_11.37.08/tmp/synthesis/hierarchy.dot'.
Dumping module shiftregister to page 1.

3. Executing HIERARCHY pass (managing design hierarchy).

3.1. Analyzing design hierarchy..
Top module:  \shiftregister

3.2. Analyzing design hierarchy..
Top module:  \shiftregister
Removed 0 unused modules.

4. Executing TRIBUF pass.

5. Executing SYNTH pass.

5.1. Executing HIERARCHY pass (managing design hierarchy).

5.1.1. Analyzing design hierarchy..
Top module:  \shiftregister

5.1.2. Analyzing design hierarchy..
Top module:  \shiftregister
Removed 0 unused modules.

5.2. Executing PROC pass (convert processes to netlists).

5.2.1. Executing PROC_CLEAN pass (remove empty switches from decision trees).
Cleaned up 0 empty switches.

5.2.2. Executing PROC_RMDEAD pass (remove dead branches from decision trees).
Marked 3 switch rules as full_case in process $proc$/foss/designs/ma2022/shiftregister/src/shiftregister.v:16$1 in module shiftregister.
Removed a total of 0 dead cases.

5.2.3. Executing PROC_PRUNE pass (remove redundant assignments in processes).
Removed 0 redundant assignments.
Promoted 2 assignments to connections.

5.2.4. Executing PROC_INIT pass (extract init attributes).
Found init rule in `\shiftregister.$proc$/foss/designs/ma2022/shiftregister/src/shiftregister.v:14$3'.
  Set init value: \t_load = 100'0000000000000000000000000000000000000000000000000000000000000000000000000000000000000000000000000000
Found init rule in `\shiftregister.$proc$/foss/designs/ma2022/shiftregister/src/shiftregister.v:13$2'.
  Set init value: \r_reg = 100'0000000000000000000000000000000000000000000000000000000000000000000000000000000000000000000000000000

5.2.5. Executing PROC_ARST pass (detect async resets in processes).
Found async reset \reset in `\shiftregister.$proc$/foss/designs/ma2022/shiftregister/src/shiftregister.v:16$1'.

5.2.6. Executing PROC_MUX pass (convert decision trees to multiplexers).
Creating decoders for process `\shiftregister.$proc$/foss/designs/ma2022/shiftregister/src/shiftregister.v:14$3'.
Creating decoders for process `\shiftregister.$proc$/foss/designs/ma2022/shiftregister/src/shiftregister.v:13$2'.
Creating decoders for process `\shiftregister.$proc$/foss/designs/ma2022/shiftregister/src/shiftregister.v:16$1'.
     1/2: $0\t_load[99:0]
     2/2: $0\r_reg[99:0]

5.2.7. Executing PROC_DLATCH pass (convert process syncs to latches).

5.2.8. Executing PROC_DFF pass (convert process syncs to FFs).
Creating register for signal `\shiftregister.\r_reg' using process `\shiftregister.$proc$/foss/designs/ma2022/shiftregister/src/shiftregister.v:16$1'.
  created $adff cell `$procdff$13' with positive edge clock and positive level reset.
Creating register for signal `\shiftregister.\t_load' using process `\shiftregister.$proc$/foss/designs/ma2022/shiftregister/src/shiftregister.v:16$1'.
  created $adff cell `$procdff$14' with positive edge clock and positive level reset.

5.2.9. Executing PROC_MEMWR pass (convert process memory writes to cells).

5.2.10. Executing PROC_CLEAN pass (remove empty switches from decision trees).
Removing empty process `shiftregister.$proc$/foss/designs/ma2022/shiftregister/src/shiftregister.v:14$3'.
Removing empty process `shiftregister.$proc$/foss/designs/ma2022/shiftregister/src/shiftregister.v:13$2'.
Found and cleaned up 2 empty switches in `\shiftregister.$proc$/foss/designs/ma2022/shiftregister/src/shiftregister.v:16$1'.
Removing empty process `shiftregister.$proc$/foss/designs/ma2022/shiftregister/src/shiftregister.v:16$1'.
Cleaned up 2 empty switches.

5.2.11. Executing OPT_EXPR pass (perform const folding).
Optimizing module shiftregister.

5.3. Executing FLATTEN pass (flatten design).

5.4. Executing OPT_EXPR pass (perform const folding).
Optimizing module shiftregister.

5.5. Executing OPT_CLEAN pass (remove unused cells and wires).
Finding unused cells or wires in module \shiftregister..
Removed 0 unused cells and 7 unused wires.
<suppressed ~1 debug messages>

5.6. Executing CHECK pass (checking for obvious problems).
Checking module shiftregister...
Found and reported 0 problems.

5.7. Executing OPT pass (performing simple optimizations).

5.7.1. Executing OPT_EXPR pass (perform const folding).
Optimizing module shiftregister.

5.7.2. Executing OPT_MERGE pass (detect identical cells).
Finding identical cells in module `\shiftregister'.
Removed a total of 0 cells.

5.7.3. Executing OPT_MUXTREE pass (detect dead branches in mux trees).
Running muxtree optimizer on module \shiftregister..
  Creating internal representation of mux trees.
  Evaluating internal representation of mux trees.
  Analyzing evaluation results.
Removed 0 multiplexer ports.
<suppressed ~2 debug messages>

5.7.4. Executing OPT_REDUCE pass (consolidate $*mux and $reduce_* inputs).
  Optimizing cells in module \shiftregister.
Performed a total of 0 changes.

5.7.5. Executing OPT_MERGE pass (detect identical cells).
Finding identical cells in module `\shiftregister'.
Removed a total of 0 cells.

5.7.6. Executing OPT_DFF pass (perform DFF optimizations).

5.7.7. Executing OPT_CLEAN pass (remove unused cells and wires).
Finding unused cells or wires in module \shiftregister..

5.7.8. Executing OPT_EXPR pass (perform const folding).
Optimizing module shiftregister.

5.7.9. Finished OPT passes. (There is nothing left to do.)

5.8. Executing FSM pass (extract and optimize FSM).

5.8.1. Executing FSM_DETECT pass (finding FSMs in design).

5.8.2. Executing FSM_EXTRACT pass (extracting FSM from design).

5.8.3. Executing FSM_OPT pass (simple optimizations of FSMs).

5.8.4. Executing OPT_CLEAN pass (remove unused cells and wires).
Finding unused cells or wires in module \shiftregister..

5.8.5. Executing FSM_OPT pass (simple optimizations of FSMs).

5.8.6. Executing FSM_RECODE pass (re-assigning FSM state encoding).

5.8.7. Executing FSM_INFO pass (dumping all available information on FSM cells).

5.8.8. Executing FSM_MAP pass (mapping FSMs to basic logic).

5.9. Executing OPT pass (performing simple optimizations).

5.9.1. Executing OPT_EXPR pass (perform const folding).
Optimizing module shiftregister.

5.9.2. Executing OPT_MERGE pass (detect identical cells).
Finding identical cells in module `\shiftregister'.
Removed a total of 0 cells.

5.9.3. Executing OPT_MUXTREE pass (detect dead branches in mux trees).
Running muxtree optimizer on module \shiftregister..
  Creating internal representation of mux trees.
  Evaluating internal representation of mux trees.
  Analyzing evaluation results.
Removed 0 multiplexer ports.
<suppressed ~2 debug messages>

5.9.4. Executing OPT_REDUCE pass (consolidate $*mux and $reduce_* inputs).
  Optimizing cells in module \shiftregister.
Performed a total of 0 changes.

5.9.5. Executing OPT_MERGE pass (detect identical cells).
Finding identical cells in module `\shiftregister'.
Removed a total of 0 cells.

5.9.6. Executing OPT_DFF pass (perform DFF optimizations).
Adding EN signal on $procdff$14 ($adff) from module shiftregister (D = \r_reg, Q = \t_load).
Adding EN signal on $procdff$13 ($adff) from module shiftregister (D = $procmux$8_Y, Q = \r_reg).

5.9.7. Executing OPT_CLEAN pass (remove unused cells and wires).
Finding unused cells or wires in module \shiftregister..
Removed 2 unused cells and 2 unused wires.
<suppressed ~3 debug messages>

5.9.8. Executing OPT_EXPR pass (perform const folding).
Optimizing module shiftregister.

5.9.9. Rerunning OPT passes. (Maybe there is more to do..)

5.9.10. Executing OPT_MUXTREE pass (detect dead branches in mux trees).
Running muxtree optimizer on module \shiftregister..
  Creating internal representation of mux trees.
  Evaluating internal representation of mux trees.
  Analyzing evaluation results.
Removed 0 multiplexer ports.
<suppressed ~1 debug messages>

5.9.11. Executing OPT_REDUCE pass (consolidate $*mux and $reduce_* inputs).
  Optimizing cells in module \shiftregister.
Performed a total of 0 changes.

5.9.12. Executing OPT_MERGE pass (detect identical cells).
Finding identical cells in module `\shiftregister'.
Removed a total of 0 cells.

5.9.13. Executing OPT_DFF pass (perform DFF optimizations).

5.9.14. Executing OPT_CLEAN pass (remove unused cells and wires).
Finding unused cells or wires in module \shiftregister..

5.9.15. Executing OPT_EXPR pass (perform const folding).
Optimizing module shiftregister.

5.9.16. Finished OPT passes. (There is nothing left to do.)

5.10. Executing WREDUCE pass (reducing word size of cells).

5.11. Executing PEEPOPT pass (run peephole optimizers).

5.12. Executing OPT_CLEAN pass (remove unused cells and wires).
Finding unused cells or wires in module \shiftregister..

5.13. Executing ALUMACC pass (create $alu and $macc cells).
Extracting $alu and $macc cells in module shiftregister:
  created 0 $alu and 0 $macc cells.

5.14. Executing SHARE pass (SAT-based resource sharing).

5.15. Executing OPT pass (performing simple optimizations).

5.15.1. Executing OPT_EXPR pass (perform const folding).
Optimizing module shiftregister.

5.15.2. Executing OPT_MERGE pass (detect identical cells).
Finding identical cells in module `\shiftregister'.
Removed a total of 0 cells.

5.15.3. Executing OPT_MUXTREE pass (detect dead branches in mux trees).
Running muxtree optimizer on module \shiftregister..
  Creating internal representation of mux trees.
  Evaluating internal representation of mux trees.
  Analyzing evaluation results.
Removed 0 multiplexer ports.
<suppressed ~1 debug messages>

5.15.4. Executing OPT_REDUCE pass (consolidate $*mux and $reduce_* inputs).
  Optimizing cells in module \shiftregister.
Performed a total of 0 changes.

5.15.5. Executing OPT_MERGE pass (detect identical cells).
Finding identical cells in module `\shiftregister'.
Removed a total of 0 cells.

5.15.6. Executing OPT_DFF pass (perform DFF optimizations).

5.15.7. Executing OPT_CLEAN pass (remove unused cells and wires).
Finding unused cells or wires in module \shiftregister..

5.15.8. Executing OPT_EXPR pass (perform const folding).
Optimizing module shiftregister.

5.15.9. Finished OPT passes. (There is nothing left to do.)

5.16. Executing MEMORY pass.

5.16.1. Executing OPT_MEM pass (optimize memories).
Performed a total of 0 transformations.

5.16.2. Executing OPT_MEM_PRIORITY pass (removing unnecessary memory write priority relations).
Performed a total of 0 transformations.

5.16.3. Executing OPT_MEM_FEEDBACK pass (finding memory read-to-write feedback paths).

5.16.4. Executing MEMORY_DFF pass (merging $dff cells to $memrd).

5.16.5. Executing OPT_CLEAN pass (remove unused cells and wires).
Finding unused cells or wires in module \shiftregister..

5.16.6. Executing MEMORY_SHARE pass (consolidating $memrd/$memwr cells).

5.16.7. Executing OPT_MEM_WIDEN pass (optimize memories where all ports are wide).
Performed a total of 0 transformations.

5.16.8. Executing OPT_CLEAN pass (remove unused cells and wires).
Finding unused cells or wires in module \shiftregister..

5.16.9. Executing MEMORY_COLLECT pass (generating $mem cells).

5.17. Executing OPT_CLEAN pass (remove unused cells and wires).
Finding unused cells or wires in module \shiftregister..

5.18. Executing OPT pass (performing simple optimizations).

5.18.1. Executing OPT_EXPR pass (perform const folding).
Optimizing module shiftregister.

5.18.2. Executing OPT_MERGE pass (detect identical cells).
Finding identical cells in module `\shiftregister'.
Removed a total of 0 cells.

5.18.3. Executing OPT_DFF pass (perform DFF optimizations).

5.18.4. Executing OPT_CLEAN pass (remove unused cells and wires).
Finding unused cells or wires in module \shiftregister..

5.18.5. Finished fast OPT passes.

5.19. Executing MEMORY_MAP pass (converting memories to logic and flip-flops).

5.20. Executing OPT pass (performing simple optimizations).

5.20.1. Executing OPT_EXPR pass (perform const folding).
Optimizing module shiftregister.

5.20.2. Executing OPT_MERGE pass (detect identical cells).
Finding identical cells in module `\shiftregister'.
Removed a total of 0 cells.

5.20.3. Executing OPT_MUXTREE pass (detect dead branches in mux trees).
Running muxtree optimizer on module \shiftregister..
  Creating internal representation of mux trees.
  Evaluating internal representation of mux trees.
  Analyzing evaluation results.
Removed 0 multiplexer ports.
<suppressed ~1 debug messages>

5.20.4. Executing OPT_REDUCE pass (consolidate $*mux and $reduce_* inputs).
  Optimizing cells in module \shiftregister.
Performed a total of 0 changes.

5.20.5. Executing OPT_MERGE pass (detect identical cells).
Finding identical cells in module `\shiftregister'.
Removed a total of 0 cells.

5.20.6. Executing OPT_SHARE pass.

5.20.7. Executing OPT_DFF pass (perform DFF optimizations).

5.20.8. Executing OPT_CLEAN pass (remove unused cells and wires).
Finding unused cells or wires in module \shiftregister..

5.20.9. Executing OPT_EXPR pass (perform const folding).
Optimizing module shiftregister.

5.20.10. Finished OPT passes. (There is nothing left to do.)

5.21. Executing TECHMAP pass (map to technology primitives).

5.21.1. Executing Verilog-2005 frontend: /foss/tools/yosys/cfe940a/bin/../share/yosys/techmap.v
Parsing Verilog input from `/foss/tools/yosys/cfe940a/bin/../share/yosys/techmap.v' to AST representation.
Generating RTLIL representation for module `\_90_simplemap_bool_ops'.
Generating RTLIL representation for module `\_90_simplemap_reduce_ops'.
Generating RTLIL representation for module `\_90_simplemap_logic_ops'.
Generating RTLIL representation for module `\_90_simplemap_compare_ops'.
Generating RTLIL representation for module `\_90_simplemap_various'.
Generating RTLIL representation for module `\_90_simplemap_registers'.
Generating RTLIL representation for module `\_90_shift_ops_shr_shl_sshl_sshr'.
Generating RTLIL representation for module `\_90_shift_shiftx'.
Generating RTLIL representation for module `\_90_fa'.
Generating RTLIL representation for module `\_90_lcu'.
Generating RTLIL representation for module `\_90_alu'.
Generating RTLIL representation for module `\_90_macc'.
Generating RTLIL representation for module `\_90_alumacc'.
Generating RTLIL representation for module `\$__div_mod_u'.
Generating RTLIL representation for module `\$__div_mod_trunc'.
Generating RTLIL representation for module `\_90_div'.
Generating RTLIL representation for module `\_90_mod'.
Generating RTLIL representation for module `\$__div_mod_floor'.
Generating RTLIL representation for module `\_90_divfloor'.
Generating RTLIL representation for module `\_90_modfloor'.
Generating RTLIL representation for module `\_90_pow'.
Generating RTLIL representation for module `\_90_pmux'.
Generating RTLIL representation for module `\_90_lut'.
Successfully finished Verilog frontend.

5.21.2. Continuing TECHMAP pass.
Using extmapper simplemap for cells of type $mux.
Using extmapper simplemap for cells of type $adffe.
No more expansions possible.
<suppressed ~72 debug messages>

5.22. Executing OPT pass (performing simple optimizations).

5.22.1. Executing OPT_EXPR pass (perform const folding).
Optimizing module shiftregister.

5.22.2. Executing OPT_MERGE pass (detect identical cells).
Finding identical cells in module `\shiftregister'.
Removed a total of 0 cells.

5.22.3. Executing OPT_DFF pass (perform DFF optimizations).

5.22.4. Executing OPT_CLEAN pass (remove unused cells and wires).
Finding unused cells or wires in module \shiftregister..

5.22.5. Finished fast OPT passes.

5.23. Executing ABC pass (technology mapping using ABC).

5.23.1. Extracting gate netlist of module `\shiftregister' to `<abc-temp-dir>/input.blif'..
Extracted 100 gates and 301 wires to a netlist network with 201 inputs and 100 outputs.

5.23.1.1. Executing ABC.
Running ABC command: <yosys-exe-dir>/yosys-abc -s -f <abc-temp-dir>/abc.script 2>&1
ABC: ABC command line: "source <abc-temp-dir>/abc.script".
ABC: 
ABC: + read_blif <abc-temp-dir>/input.blif 
ABC: + read_library <abc-temp-dir>/stdcells.genlib 
ABC: Entered genlib library with 13 gates from file "<abc-temp-dir>/stdcells.genlib".
ABC: + strash 
ABC: + dretime 
ABC: + map 
ABC: + write_blif <abc-temp-dir>/output.blif 

5.23.1.2. Re-integrating ABC results.
ABC RESULTS:               MUX cells:      100
ABC RESULTS:        internal signals:        0
ABC RESULTS:           input signals:      201
ABC RESULTS:          output signals:      100
Removing temp directory.

5.24. Executing OPT pass (performing simple optimizations).

5.24.1. Executing OPT_EXPR pass (perform const folding).
Optimizing module shiftregister.

5.24.2. Executing OPT_MERGE pass (detect identical cells).
Finding identical cells in module `\shiftregister'.
Removed a total of 0 cells.

5.24.3. Executing OPT_DFF pass (perform DFF optimizations).

5.24.4. Executing OPT_CLEAN pass (remove unused cells and wires).
Finding unused cells or wires in module \shiftregister..
Removed 0 unused cells and 202 unused wires.
<suppressed ~1 debug messages>

5.24.5. Finished fast OPT passes.

5.25. Executing HIERARCHY pass (managing design hierarchy).

5.25.1. Analyzing design hierarchy..
Top module:  \shiftregister

5.25.2. Analyzing design hierarchy..
Top module:  \shiftregister
Removed 0 unused modules.

5.26. Printing statistics.

=== shiftregister ===

   Number of wires:                110
   Number of wire bits:            506
   Number of public wires:          10
   Number of public wire bits:     406
   Number of memories:               0
   Number of memory bits:            0
   Number of processes:              0
   Number of cells:                300
     $_DFFE_PP0N_                  100
     $_DFFE_PP0P_                  100
     $_MUX_                        100

5.27. Executing CHECK pass (checking for obvious problems).
Checking module shiftregister...
Found and reported 0 problems.

6. Generating Graphviz representation of design.
Writing dot description to `/foss/designs/ma2022/shiftregister/runs/RUN_2022.11.02_11.37.08/tmp/synthesis/post_techmap.dot'.
Dumping module shiftregister to page 1.

7. Executing SHARE pass (SAT-based resource sharing).

8. Executing OPT pass (performing simple optimizations).

8.1. Executing OPT_EXPR pass (perform const folding).
Optimizing module shiftregister.

8.2. Executing OPT_MERGE pass (detect identical cells).
Finding identical cells in module `\shiftregister'.
Removed a total of 0 cells.

8.3. Executing OPT_MUXTREE pass (detect dead branches in mux trees).
Running muxtree optimizer on module \shiftregister..
  Creating internal representation of mux trees.
  No muxes found in this module.
Removed 0 multiplexer ports.

8.4. Executing OPT_REDUCE pass (consolidate $*mux and $reduce_* inputs).
  Optimizing cells in module \shiftregister.
Performed a total of 0 changes.

8.5. Executing OPT_MERGE pass (detect identical cells).
Finding identical cells in module `\shiftregister'.
Removed a total of 0 cells.

8.6. Executing OPT_DFF pass (perform DFF optimizations).

8.7. Executing OPT_CLEAN pass (remove unused cells and wires).
Finding unused cells or wires in module \shiftregister..

8.8. Executing OPT_EXPR pass (perform const folding).
Optimizing module shiftregister.

8.9. Finished OPT passes. (There is nothing left to do.)

9. Executing OPT_CLEAN pass (remove unused cells and wires).
Finding unused cells or wires in module \shiftregister..
Removed 0 unused cells and 1 unused wires.
<suppressed ~1 debug messages>

10. Printing statistics.

=== shiftregister ===

   Number of wires:                109
   Number of wire bits:            406
   Number of public wires:           9
   Number of public wire bits:     306
   Number of memories:               0
   Number of memory bits:            0
   Number of processes:              0
   Number of cells:                300
     $_DFFE_PP0N_                  100
     $_DFFE_PP0P_                  100
     $_MUX_                        100

mapping tbuf

11. Executing TECHMAP pass (map to technology primitives).

11.1. Executing Verilog-2005 frontend: /foss/pdk/sky130A/libs.tech/openlane/sky130_fd_sc_hd/tribuff_map.v
Parsing Verilog input from `/foss/pdk/sky130A/libs.tech/openlane/sky130_fd_sc_hd/tribuff_map.v' to AST representation.
Generating RTLIL representation for module `\$_TBUF_'.
Successfully finished Verilog frontend.

11.2. Continuing TECHMAP pass.
No more expansions possible.
<suppressed ~3 debug messages>

12. Executing SIMPLEMAP pass (map simple cells to gate primitives).

13. Executing TECHMAP pass (map to technology primitives).

13.1. Executing Verilog-2005 frontend: /foss/pdk/sky130A/libs.tech/openlane/sky130_fd_sc_hd/latch_map.v
Parsing Verilog input from `/foss/pdk/sky130A/libs.tech/openlane/sky130_fd_sc_hd/latch_map.v' to AST representation.
Generating RTLIL representation for module `\$_DLATCH_P_'.
Generating RTLIL representation for module `\$_DLATCH_N_'.
Successfully finished Verilog frontend.

13.2. Continuing TECHMAP pass.
No more expansions possible.
<suppressed ~4 debug messages>

14. Executing SIMPLEMAP pass (map simple cells to gate primitives).

15. Executing DFFLIBMAP pass (mapping DFF cells to sequential cells from liberty file).
  cell sky130_fd_sc_hd__dfxtp_2 (noninv, pins=3, area=21.27) is a direct match for cell type $_DFF_P_.
  cell sky130_fd_sc_hd__dfrtp_2 (noninv, pins=4, area=26.28) is a direct match for cell type $_DFF_PN0_.
  cell sky130_fd_sc_hd__dfstp_2 (noninv, pins=4, area=26.28) is a direct match for cell type $_DFF_PN1_.
  cell sky130_fd_sc_hd__dfbbn_2 (noninv, pins=6, area=35.03) is a direct match for cell type $_DFFSR_NNN_.
  final dff cell mappings:
    unmapped dff cell: $_DFF_N_
    \sky130_fd_sc_hd__dfxtp_2 _DFF_P_ (.CLK( C), .D( D), .Q( Q));
    unmapped dff cell: $_DFF_NN0_
    unmapped dff cell: $_DFF_NN1_
    unmapped dff cell: $_DFF_NP0_
    unmapped dff cell: $_DFF_NP1_
    \sky130_fd_sc_hd__dfrtp_2 _DFF_PN0_ (.CLK( C), .D( D), .Q( Q), .RESET_B( R));
    \sky130_fd_sc_hd__dfstp_2 _DFF_PN1_ (.CLK( C), .D( D), .Q( Q), .SET_B( R));
    unmapped dff cell: $_DFF_PP0_
    unmapped dff cell: $_DFF_PP1_
    \sky130_fd_sc_hd__dfbbn_2 _DFFSR_NNN_ (.CLK_N( C), .D( D), .Q( Q), .Q_N(~Q), .RESET_B( R), .SET_B( S));
    unmapped dff cell: $_DFFSR_NNP_
    unmapped dff cell: $_DFFSR_NPN_
    unmapped dff cell: $_DFFSR_NPP_
    unmapped dff cell: $_DFFSR_PNN_
    unmapped dff cell: $_DFFSR_PNP_
    unmapped dff cell: $_DFFSR_PPN_
    unmapped dff cell: $_DFFSR_PPP_

15.1. Executing DFFLEGALIZE pass (convert FFs to types supported by the target).
Mapping DFF cells in module `\shiftregister':
  mapped 200 $_DFF_PN0_ cells to \sky130_fd_sc_hd__dfrtp_2 cells.

16. Printing statistics.

=== shiftregister ===

   Number of wires:                509
   Number of wire bits:            806
   Number of public wires:           9
   Number of public wire bits:     306
   Number of memories:               0
   Number of memory bits:            0
   Number of processes:              0
   Number of cells:                700
     $_MUX_                        300
     $_NOT_                        200
     sky130_fd_sc_hd__dfrtp_2      200

[INFO]: USING STRATEGY AREA 0

17. Executing ABC pass (technology mapping using ABC).

17.1. Extracting gate netlist of module `\shiftregister' to `/tmp/yosys-abc-dkrGQ6/input.blif'..
Extracted 500 gates and 804 wires to a netlist network with 304 inputs and 400 outputs.

17.1.1. Executing ABC.
Running ABC command: /foss/tools/yosys/cfe940a/bin/yosys-abc -s -f /tmp/yosys-abc-dkrGQ6/abc.script 2>&1
ABC: ABC command line: "source /tmp/yosys-abc-dkrGQ6/abc.script".
ABC: 
ABC: + read_blif /tmp/yosys-abc-dkrGQ6/input.blif 
ABC: + read_lib -w /foss/designs/ma2022/shiftregister/runs/RUN_2022.11.02_11.37.08/tmp/synthesis/trimmed.lib 
ABC: Parsing finished successfully.  Parsing time =     0.09 sec
ABC: Scl_LibertyReadGenlib() skipped sequential cell "sky130_fd_sc_hd__dfbbn_2".
ABC: Scl_LibertyReadGenlib() skipped sequential cell "sky130_fd_sc_hd__dfrbp_2".
ABC: Scl_LibertyReadGenlib() skipped sequential cell "sky130_fd_sc_hd__dfrtp_2".
ABC: Scl_LibertyReadGenlib() skipped sequential cell "sky130_fd_sc_hd__dfrtp_4".
ABC: Scl_LibertyReadGenlib() skipped sequential cell "sky130_fd_sc_hd__dfsbp_2".
ABC: Scl_LibertyReadGenlib() skipped sequential cell "sky130_fd_sc_hd__dfstp_2".
ABC: Scl_LibertyReadGenlib() skipped sequential cell "sky130_fd_sc_hd__dfstp_4".
ABC: Scl_LibertyReadGenlib() skipped sequential cell "sky130_fd_sc_hd__dfxbp_2".
ABC: Scl_LibertyReadGenlib() skipped sequential cell "sky130_fd_sc_hd__dfxtp_2".
ABC: Scl_LibertyReadGenlib() skipped sequential cell "sky130_fd_sc_hd__dfxtp_4".
ABC: Scl_LibertyReadGenlib() skipped sequential cell "sky130_fd_sc_hd__dlxtn_1".
ABC: Scl_LibertyReadGenlib() skipped sequential cell "sky130_fd_sc_hd__dlxtn_2".
ABC: Scl_LibertyReadGenlib() skipped sequential cell "sky130_fd_sc_hd__dlxtn_4".
ABC: Scl_LibertyReadGenlib() skipped sequential cell "sky130_fd_sc_hd__dlxtp_1".
ABC: Scl_LibertyReadGenlib() skipped three-state cell "sky130_fd_sc_hd__ebufn_2".
ABC: Scl_LibertyReadGenlib() skipped three-state cell "sky130_fd_sc_hd__ebufn_4".
ABC: Scl_LibertyReadGenlib() skipped three-state cell "sky130_fd_sc_hd__ebufn_8".
ABC: Library "sky130A_merged" from "/foss/designs/ma2022/shiftregister/runs/RUN_2022.11.02_11.37.08/tmp/synthesis/trimmed.lib" has 175 cells (17 skipped: 14 seq; 3 tri-state; 0 no func; 0 dont_use).  Time =     0.14 sec
ABC: Memory =    7.77 MB. Time =     0.14 sec
ABC: Warning: Detected 2 multi-output gates (for example, "sky130_fd_sc_hd__fa_1").
ABC: + read_constr -v /foss/designs/ma2022/shiftregister/runs/RUN_2022.11.02_11.37.08/tmp/synthesis/synthesis.sdc 
ABC: Setting driving cell to be "sky130_fd_sc_hd__inv_2".
ABC: Setting output load to be 33.442001.
ABC: + read_constr /foss/designs/ma2022/shiftregister/runs/RUN_2022.11.02_11.37.08/tmp/synthesis/synthesis.sdc 
ABC: + fx 
ABC: + mfs 
ABC: + strash 
ABC: + refactor 
ABC: + balance 
ABC: + rewrite 
ABC: + refactor 
ABC: + balance 
ABC: + rewrite 
ABC: + rewrite -z 
ABC: + balance 
ABC: + refactor -z 
ABC: + rewrite -z 
ABC: + balance 
ABC: + retime -D -D 100000 -M 5 
ABC: + scleanup 
ABC: Error: The network is combinational.
ABC: + fraig_store 
ABC: + balance 
ABC: + fraig_store 
ABC: + balance 
ABC: + rewrite 
ABC: + refactor 
ABC: + balance 
ABC: + rewrite 
ABC: + rewrite -z 
ABC: + balance 
ABC: + refactor -z 
ABC: + rewrite -z 
ABC: + balance 
ABC: + fraig_store 
ABC: + balance 
ABC: + rewrite 
ABC: + refactor 
ABC: + balance 
ABC: + rewrite 
ABC: + rewrite -z 
ABC: + balance 
ABC: + refactor -z 
ABC: + rewrite -z 
ABC: + balance 
ABC: + fraig_store 
ABC: + balance 
ABC: + rewrite 
ABC: + refactor 
ABC: + balance 
ABC: + rewrite 
ABC: + rewrite -z 
ABC: + balance 
ABC: + refactor -z 
ABC: + rewrite -z 
ABC: + balance 
ABC: + fraig_store 
ABC: + fraig_restore 
ABC: + amap -m -Q 0.1 -F 20 -A 20 -C 5000 
ABC: + retime -D -D 100000 
ABC: + &get -n 
ABC: + &st 
ABC: + &dch 
ABC: + &nf 
ABC: + &put 
ABC: + buffer -N 5 -S 750.0 
ABC: + upsize -D 100000 
ABC: Current delay (1004.68 ps) does not exceed the target delay (100000.00 ps). Upsizing is not performed.
ABC: + dnsize -D 100000 
ABC: + stime -p 
ABC: WireLoad = "none"  Gates =    822 ( 63.5 %)   Cap = 15.1 ff ( 12.8 %)   Area =     5337.62 ( 36.5 %)   Delay =  1157.59 ps  ( 46.4 %)               
ABC: Path  0 --       2 : 0    4 pi                      A =   0.00  Df =  30.0  -16.9 ps  S =  47.2 ps  Cin =  0.0 ff  Cout =   8.8 ff  Cmax =   0.0 ff  G =    0  
ABC: Path  1 --     708 : 1    5 sky130_fd_sc_hd__buf_1  A =   3.75  Df = 176.4  -53.3 ps  S = 138.7 ps  Cin =  2.1 ff  Cout =  11.0 ff  Cmax = 130.0 ff  G =  499  
ABC: Path  2 --    1054 : 1    5 sky130_fd_sc_hd__buf_1  A =   3.75  Df = 345.8  -92.8 ps  S = 138.9 ps  Cin =  2.1 ff  Cout =  11.0 ff  Cmax = 130.0 ff  G =  499  
ABC: Path  3 --    1055 : 1    5 sky130_fd_sc_hd__buf_1  A =   3.75  Df = 561.4 -156.0 ps  S = 205.7 ps  Cin =  2.1 ff  Cout =  16.8 ff  Cmax = 130.0 ff  G =  764  
ABC: Path  4 --    1056 : 3    1 sky130_fd_sc_hd__mux2_2 A =  11.26  Df = 837.6 -103.2 ps  S =  45.6 ps  Cin =  2.3 ff  Cout =   2.2 ff  Cmax = 297.6 ff  G =   92  
ABC: Path  5 --    1057 : 1    1 sky130_fd_sc_hd__buf_1  A =   3.75  Df =1157.6 -204.3 ps  S = 396.3 ps  Cin =  2.1 ff  Cout =  33.4 ff  Cmax = 130.0 ff  G = 1590  
ABC: Start-point = pi1 (\load).  End-point = po100 ($auto$rtlil.cc:2515:MuxGate$889).
ABC: + print_stats -m 
ABC: netlist                       : i/o =  304/  400  lat =    0  nd =   822  edge =   1422  area =5335.50  delay = 5.00  lev = 5
ABC: + write_blif /tmp/yosys-abc-dkrGQ6/output.blif 

17.1.2. Re-integrating ABC results.
ABC RESULTS:   sky130_fd_sc_hd__buf_1 cells:      322
ABC RESULTS:   sky130_fd_sc_hd__inv_2 cells:      200
ABC RESULTS:   sky130_fd_sc_hd__mux2_2 cells:      300
ABC RESULTS:        internal signals:      100
ABC RESULTS:           input signals:      304
ABC RESULTS:          output signals:      400
Removing temp directory.

18. Executing SETUNDEF pass (replace undef values with defined constants).

19. Executing HILOMAP pass (mapping to constant drivers).

20. Executing SPLITNETS pass (splitting up multi-bit signals).

21. Executing OPT_CLEAN pass (remove unused cells and wires).
Finding unused cells or wires in module \shiftregister..
Removed 0 unused cells and 805 unused wires.
<suppressed ~2 debug messages>

22. Executing INSBUF pass (insert buffer cells for connected wires).

23. Executing CHECK pass (checking for obvious problems).
Checking module shiftregister...
Warning: Wire shiftregister.\s_out is used but has no driver.
Warning: Wire shiftregister.\r_load [99] is used but has no driver.
Warning: Wire shiftregister.\r_load [98] is used but has no driver.
Warning: Wire shiftregister.\r_load [97] is used but has no driver.
Warning: Wire shiftregister.\r_load [96] is used but has no driver.
Warning: Wire shiftregister.\r_load [95] is used but has no driver.
Warning: Wire shiftregister.\r_load [94] is used but has no driver.
Warning: Wire shiftregister.\r_load [93] is used but has no driver.
Warning: Wire shiftregister.\r_load [92] is used but has no driver.
Warning: Wire shiftregister.\r_load [91] is used but has no driver.
Warning: Wire shiftregister.\r_load [90] is used but has no driver.
Warning: Wire shiftregister.\r_load [89] is used but has no driver.
Warning: Wire shiftregister.\r_load [88] is used but has no driver.
Warning: Wire shiftregister.\r_load [87] is used but has no driver.
Warning: Wire shiftregister.\r_load [86] is used but has no driver.
Warning: Wire shiftregister.\r_load [85] is used but has no driver.
Warning: Wire shiftregister.\r_load [84] is used but has no driver.
Warning: Wire shiftregister.\r_load [83] is used but has no driver.
Warning: Wire shiftregister.\r_load [82] is used but has no driver.
Warning: Wire shiftregister.\r_load [81] is used but has no driver.
Warning: Wire shiftregister.\r_load [80] is used but has no driver.
Warning: Wire shiftregister.\r_load [79] is used but has no driver.
Warning: Wire shiftregister.\r_load [78] is used but has no driver.
Warning: Wire shiftregister.\r_load [77] is used but has no driver.
Warning: Wire shiftregister.\r_load [76] is used but has no driver.
Warning: Wire shiftregister.\r_load [75] is used but has no driver.
Warning: Wire shiftregister.\r_load [74] is used but has no driver.
Warning: Wire shiftregister.\r_load [73] is used but has no driver.
Warning: Wire shiftregister.\r_load [72] is used but has no driver.
Warning: Wire shiftregister.\r_load [71] is used but has no driver.
Warning: Wire shiftregister.\r_load [70] is used but has no driver.
Warning: Wire shiftregister.\r_load [69] is used but has no driver.
Warning: Wire shiftregister.\r_load [68] is used but has no driver.
Warning: Wire shiftregister.\r_load [67] is used but has no driver.
Warning: Wire shiftregister.\r_load [66] is used but has no driver.
Warning: Wire shiftregister.\r_load [65] is used but has no driver.
Warning: Wire shiftregister.\r_load [64] is used but has no driver.
Warning: Wire shiftregister.\r_load [63] is used but has no driver.
Warning: Wire shiftregister.\r_load [62] is used but has no driver.
Warning: Wire shiftregister.\r_load [61] is used but has no driver.
Warning: Wire shiftregister.\r_load [60] is used but has no driver.
Warning: Wire shiftregister.\r_load [59] is used but has no driver.
Warning: Wire shiftregister.\r_load [58] is used but has no driver.
Warning: Wire shiftregister.\r_load [57] is used but has no driver.
Warning: Wire shiftregister.\r_load [56] is used but has no driver.
Warning: Wire shiftregister.\r_load [55] is used but has no driver.
Warning: Wire shiftregister.\r_load [54] is used but has no driver.
Warning: Wire shiftregister.\r_load [53] is used but has no driver.
Warning: Wire shiftregister.\r_load [52] is used but has no driver.
Warning: Wire shiftregister.\r_load [51] is used but has no driver.
Warning: Wire shiftregister.\r_load [50] is used but has no driver.
Warning: Wire shiftregister.\r_load [49] is used but has no driver.
Warning: Wire shiftregister.\r_load [48] is used but has no driver.
Warning: Wire shiftregister.\r_load [47] is used but has no driver.
Warning: Wire shiftregister.\r_load [46] is used but has no driver.
Warning: Wire shiftregister.\r_load [45] is used but has no driver.
Warning: Wire shiftregister.\r_load [44] is used but has no driver.
Warning: Wire shiftregister.\r_load [43] is used but has no driver.
Warning: Wire shiftregister.\r_load [42] is used but has no driver.
Warning: Wire shiftregister.\r_load [41] is used but has no driver.
Warning: Wire shiftregister.\r_load [40] is used but has no driver.
Warning: Wire shiftregister.\r_load [39] is used but has no driver.
Warning: Wire shiftregister.\r_load [38] is used but has no driver.
Warning: Wire shiftregister.\r_load [37] is used but has no driver.
Warning: Wire shiftregister.\r_load [36] is used but has no driver.
Warning: Wire shiftregister.\r_load [35] is used but has no driver.
Warning: Wire shiftregister.\r_load [34] is used but has no driver.
Warning: Wire shiftregister.\r_load [33] is used but has no driver.
Warning: Wire shiftregister.\r_load [32] is used but has no driver.
Warning: Wire shiftregister.\r_load [31] is used but has no driver.
Warning: Wire shiftregister.\r_load [30] is used but has no driver.
Warning: Wire shiftregister.\r_load [29] is used but has no driver.
Warning: Wire shiftregister.\r_load [28] is used but has no driver.
Warning: Wire shiftregister.\r_load [27] is used but has no driver.
Warning: Wire shiftregister.\r_load [26] is used but has no driver.
Warning: Wire shiftregister.\r_load [25] is used but has no driver.
Warning: Wire shiftregister.\r_load [24] is used but has no driver.
Warning: Wire shiftregister.\r_load [23] is used but has no driver.
Warning: Wire shiftregister.\r_load [22] is used but has no driver.
Warning: Wire shiftregister.\r_load [21] is used but has no driver.
Warning: Wire shiftregister.\r_load [20] is used but has no driver.
Warning: Wire shiftregister.\r_load [19] is used but has no driver.
Warning: Wire shiftregister.\r_load [18] is used but has no driver.
Warning: Wire shiftregister.\r_load [17] is used but has no driver.
Warning: Wire shiftregister.\r_load [16] is used but has no driver.
Warning: Wire shiftregister.\r_load [15] is used but has no driver.
Warning: Wire shiftregister.\r_load [14] is used but has no driver.
Warning: Wire shiftregister.\r_load [13] is used but has no driver.
Warning: Wire shiftregister.\r_load [12] is used but has no driver.
Warning: Wire shiftregister.\r_load [11] is used but has no driver.
Warning: Wire shiftregister.\r_load [10] is used but has no driver.
Warning: Wire shiftregister.\r_load [9] is used but has no driver.
Warning: Wire shiftregister.\r_load [8] is used but has no driver.
Warning: Wire shiftregister.\r_load [7] is used but has no driver.
Warning: Wire shiftregister.\r_load [6] is used but has no driver.
Warning: Wire shiftregister.\r_load [5] is used but has no driver.
Warning: Wire shiftregister.\r_load [4] is used but has no driver.
Warning: Wire shiftregister.\r_load [3] is used but has no driver.
Warning: Wire shiftregister.\r_load [2] is used but has no driver.
Warning: Wire shiftregister.\r_load [1] is used but has no driver.
Warning: Wire shiftregister.\r_load [0] is used but has no driver.
Found and reported 101 problems.

24. Printing statistics.

=== shiftregister ===

   Number of wires:                929
   Number of wire bits:           1127
   Number of public wires:         107
   Number of public wire bits:     305
   Number of memories:               0
   Number of memory bits:            0
   Number of processes:              0
   Number of cells:               1022
     sky130_fd_sc_hd__buf_1        322
     sky130_fd_sc_hd__dfrtp_2      200
     sky130_fd_sc_hd__inv_2        200
     sky130_fd_sc_hd__mux2_2       300

   Chip area for module '\shiftregister': 10592.659200

25. Executing Verilog backend.
Dumping module `\shiftregister'.

Warnings: 101 unique messages, 101 total
End of script. Logfile hash: 219419ff4d, CPU: user 1.70s system 0.04s, MEM: 43.03 MB peak
Yosys 0.12+45 (git sha1 cfe940a98, gcc 9.2.1 -fPIC -Os)
Time spent: 34% 2x abc (0 sec), 26% 4x stat (0 sec), ...
