OpenROAD v2.0-3074-g944855835 
This program is licensed under the BSD-3 license. See the LICENSE file for details.
Components of this program may be licensed under more restrictive licenses which must be honored.
[WARNING STA-0163] /foss/pdk/sky130A/libs.ref/sky130_fd_sc_hd/lib/sky130_fd_sc_hd__tt_025C_1v80.lib line 23, default_fanout_load is 0.0.
[INFO ODB-0222] Reading LEF file: /foss/designs/ma2022/fll_2/runs/RUN_2022.10.07_08.59.13/tmp/merged_unpadded.lef
[INFO ODB-0223]     Created 13 technology layers
[INFO ODB-0224]     Created 25 technology vias
[INFO ODB-0225]     Created 441 library cells
[INFO ODB-0226] Finished LEF file:  /foss/designs/ma2022/fll_2/runs/RUN_2022.10.07_08.59.13/tmp/merged_unpadded.lef
[INFO ODB-0127] Reading DEF file: /foss/designs/ma2022/fll_2/runs/RUN_2022.10.07_08.59.13/tmp/cts/13-resizer_timing.def
[INFO ODB-0128] Design: fll_wrapper_2
[INFO ODB-0130]     Created 40 pins.
[INFO ODB-0131]     Created 552 components and 3241 component-terminals.
[INFO ODB-0132]     Created 2 special nets and 2010 connections.
[INFO ODB-0133]     Created 424 nets and 1231 connections.
[INFO ODB-0134] Finished DEF file: /foss/designs/ma2022/fll_2/runs/RUN_2022.10.07_08.59.13/tmp/cts/13-resizer_timing.def
###############################################################################
# Created by write_sdc
# Fri Oct  7 09:01:05 2022
###############################################################################
current_design fll_wrapper_2
###############################################################################
# Timing Constraints
###############################################################################
create_clock -name clk -period 40.0000 [get_ports {clk}]
set_clock_transition 0.1500 [get_clocks {clk}]
set_clock_uncertainty 0.2500 clk
set_propagated_clock [get_clocks {clk}]
set_input_delay 8.0000 -clock [get_clocks {clk}] -add_delay [get_ports {lower[0]}]
set_input_delay 8.0000 -clock [get_clocks {clk}] -add_delay [get_ports {lower[1]}]
set_input_delay 8.0000 -clock [get_clocks {clk}] -add_delay [get_ports {lower[2]}]
set_input_delay 8.0000 -clock [get_clocks {clk}] -add_delay [get_ports {lower[3]}]
set_input_delay 8.0000 -clock [get_clocks {clk}] -add_delay [get_ports {lower[4]}]
set_input_delay 8.0000 -clock [get_clocks {clk}] -add_delay [get_ports {lower[5]}]
set_input_delay 8.0000 -clock [get_clocks {clk}] -add_delay [get_ports {lower[6]}]
set_input_delay 8.0000 -clock [get_clocks {clk}] -add_delay [get_ports {lower[7]}]
set_input_delay 8.0000 -clock [get_clocks {clk}] -add_delay [get_ports {lower[8]}]
set_input_delay 8.0000 -clock [get_clocks {clk}] -add_delay [get_ports {lower[9]}]
set_input_delay 8.0000 -clock [get_clocks {clk}] -add_delay [get_ports {ref}]
set_input_delay 8.0000 -clock [get_clocks {clk}] -add_delay [get_ports {ref_time[0]}]
set_input_delay 8.0000 -clock [get_clocks {clk}] -add_delay [get_ports {ref_time[1]}]
set_input_delay 8.0000 -clock [get_clocks {clk}] -add_delay [get_ports {ref_time[2]}]
set_input_delay 8.0000 -clock [get_clocks {clk}] -add_delay [get_ports {ref_time[3]}]
set_input_delay 8.0000 -clock [get_clocks {clk}] -add_delay [get_ports {ref_time[4]}]
set_input_delay 8.0000 -clock [get_clocks {clk}] -add_delay [get_ports {ref_time[5]}]
set_input_delay 8.0000 -clock [get_clocks {clk}] -add_delay [get_ports {ref_time[6]}]
set_input_delay 8.0000 -clock [get_clocks {clk}] -add_delay [get_ports {ref_time[7]}]
set_input_delay 8.0000 -clock [get_clocks {clk}] -add_delay [get_ports {ref_time[8]}]
set_input_delay 8.0000 -clock [get_clocks {clk}] -add_delay [get_ports {ref_time[9]}]
set_input_delay 8.0000 -clock [get_clocks {clk}] -add_delay [get_ports {reset}]
set_input_delay 8.0000 -clock [get_clocks {clk}] -add_delay [get_ports {upper[0]}]
set_input_delay 8.0000 -clock [get_clocks {clk}] -add_delay [get_ports {upper[1]}]
set_input_delay 8.0000 -clock [get_clocks {clk}] -add_delay [get_ports {upper[2]}]
set_input_delay 8.0000 -clock [get_clocks {clk}] -add_delay [get_ports {upper[3]}]
set_input_delay 8.0000 -clock [get_clocks {clk}] -add_delay [get_ports {upper[4]}]
set_input_delay 8.0000 -clock [get_clocks {clk}] -add_delay [get_ports {upper[5]}]
set_input_delay 8.0000 -clock [get_clocks {clk}] -add_delay [get_ports {upper[6]}]
set_input_delay 8.0000 -clock [get_clocks {clk}] -add_delay [get_ports {upper[7]}]
set_input_delay 8.0000 -clock [get_clocks {clk}] -add_delay [get_ports {upper[8]}]
set_input_delay 8.0000 -clock [get_clocks {clk}] -add_delay [get_ports {upper[9]}]
set_output_delay 8.0000 -clock [get_clocks {clk}] -add_delay [get_ports {corner[0]}]
set_output_delay 8.0000 -clock [get_clocks {clk}] -add_delay [get_ports {corner[1]}]
set_output_delay 8.0000 -clock [get_clocks {clk}] -add_delay [get_ports {corner[2]}]
set_output_delay 8.0000 -clock [get_clocks {clk}] -add_delay [get_ports {lock}]
set_output_delay 8.0000 -clock [get_clocks {clk}] -add_delay [get_ports {pwm}]
###############################################################################
# Environment
###############################################################################
set_load -pin_load 0.0334 [get_ports {lock}]
set_load -pin_load 0.0334 [get_ports {pwm}]
set_load -pin_load 0.0334 [get_ports {corner[2]}]
set_load -pin_load 0.0334 [get_ports {corner[1]}]
set_load -pin_load 0.0334 [get_ports {corner[0]}]
set_driving_cell -lib_cell sky130_fd_sc_hd__inv_2 -pin {Y} -input_transition_rise 0.0000 -input_transition_fall 0.0000 [get_ports {clk}]
set_driving_cell -lib_cell sky130_fd_sc_hd__inv_2 -pin {Y} -input_transition_rise 0.0000 -input_transition_fall 0.0000 [get_ports {ref}]
set_driving_cell -lib_cell sky130_fd_sc_hd__inv_2 -pin {Y} -input_transition_rise 0.0000 -input_transition_fall 0.0000 [get_ports {reset}]
set_driving_cell -lib_cell sky130_fd_sc_hd__inv_2 -pin {Y} -input_transition_rise 0.0000 -input_transition_fall 0.0000 [get_ports {lower[9]}]
set_driving_cell -lib_cell sky130_fd_sc_hd__inv_2 -pin {Y} -input_transition_rise 0.0000 -input_transition_fall 0.0000 [get_ports {lower[8]}]
set_driving_cell -lib_cell sky130_fd_sc_hd__inv_2 -pin {Y} -input_transition_rise 0.0000 -input_transition_fall 0.0000 [get_ports {lower[7]}]
set_driving_cell -lib_cell sky130_fd_sc_hd__inv_2 -pin {Y} -input_transition_rise 0.0000 -input_transition_fall 0.0000 [get_ports {lower[6]}]
set_driving_cell -lib_cell sky130_fd_sc_hd__inv_2 -pin {Y} -input_transition_rise 0.0000 -input_transition_fall 0.0000 [get_ports {lower[5]}]
set_driving_cell -lib_cell sky130_fd_sc_hd__inv_2 -pin {Y} -input_transition_rise 0.0000 -input_transition_fall 0.0000 [get_ports {lower[4]}]
set_driving_cell -lib_cell sky130_fd_sc_hd__inv_2 -pin {Y} -input_transition_rise 0.0000 -input_transition_fall 0.0000 [get_ports {lower[3]}]
set_driving_cell -lib_cell sky130_fd_sc_hd__inv_2 -pin {Y} -input_transition_rise 0.0000 -input_transition_fall 0.0000 [get_ports {lower[2]}]
set_driving_cell -lib_cell sky130_fd_sc_hd__inv_2 -pin {Y} -input_transition_rise 0.0000 -input_transition_fall 0.0000 [get_ports {lower[1]}]
set_driving_cell -lib_cell sky130_fd_sc_hd__inv_2 -pin {Y} -input_transition_rise 0.0000 -input_transition_fall 0.0000 [get_ports {lower[0]}]
set_driving_cell -lib_cell sky130_fd_sc_hd__inv_2 -pin {Y} -input_transition_rise 0.0000 -input_transition_fall 0.0000 [get_ports {ref_time[9]}]
set_driving_cell -lib_cell sky130_fd_sc_hd__inv_2 -pin {Y} -input_transition_rise 0.0000 -input_transition_fall 0.0000 [get_ports {ref_time[8]}]
set_driving_cell -lib_cell sky130_fd_sc_hd__inv_2 -pin {Y} -input_transition_rise 0.0000 -input_transition_fall 0.0000 [get_ports {ref_time[7]}]
set_driving_cell -lib_cell sky130_fd_sc_hd__inv_2 -pin {Y} -input_transition_rise 0.0000 -input_transition_fall 0.0000 [get_ports {ref_time[6]}]
set_driving_cell -lib_cell sky130_fd_sc_hd__inv_2 -pin {Y} -input_transition_rise 0.0000 -input_transition_fall 0.0000 [get_ports {ref_time[5]}]
set_driving_cell -lib_cell sky130_fd_sc_hd__inv_2 -pin {Y} -input_transition_rise 0.0000 -input_transition_fall 0.0000 [get_ports {ref_time[4]}]
set_driving_cell -lib_cell sky130_fd_sc_hd__inv_2 -pin {Y} -input_transition_rise 0.0000 -input_transition_fall 0.0000 [get_ports {ref_time[3]}]
set_driving_cell -lib_cell sky130_fd_sc_hd__inv_2 -pin {Y} -input_transition_rise 0.0000 -input_transition_fall 0.0000 [get_ports {ref_time[2]}]
set_driving_cell -lib_cell sky130_fd_sc_hd__inv_2 -pin {Y} -input_transition_rise 0.0000 -input_transition_fall 0.0000 [get_ports {ref_time[1]}]
set_driving_cell -lib_cell sky130_fd_sc_hd__inv_2 -pin {Y} -input_transition_rise 0.0000 -input_transition_fall 0.0000 [get_ports {ref_time[0]}]
set_driving_cell -lib_cell sky130_fd_sc_hd__inv_2 -pin {Y} -input_transition_rise 0.0000 -input_transition_fall 0.0000 [get_ports {upper[9]}]
set_driving_cell -lib_cell sky130_fd_sc_hd__inv_2 -pin {Y} -input_transition_rise 0.0000 -input_transition_fall 0.0000 [get_ports {upper[8]}]
set_driving_cell -lib_cell sky130_fd_sc_hd__inv_2 -pin {Y} -input_transition_rise 0.0000 -input_transition_fall 0.0000 [get_ports {upper[7]}]
set_driving_cell -lib_cell sky130_fd_sc_hd__inv_2 -pin {Y} -input_transition_rise 0.0000 -input_transition_fall 0.0000 [get_ports {upper[6]}]
set_driving_cell -lib_cell sky130_fd_sc_hd__inv_2 -pin {Y} -input_transition_rise 0.0000 -input_transition_fall 0.0000 [get_ports {upper[5]}]
set_driving_cell -lib_cell sky130_fd_sc_hd__inv_2 -pin {Y} -input_transition_rise 0.0000 -input_transition_fall 0.0000 [get_ports {upper[4]}]
set_driving_cell -lib_cell sky130_fd_sc_hd__inv_2 -pin {Y} -input_transition_rise 0.0000 -input_transition_fall 0.0000 [get_ports {upper[3]}]
set_driving_cell -lib_cell sky130_fd_sc_hd__inv_2 -pin {Y} -input_transition_rise 0.0000 -input_transition_fall 0.0000 [get_ports {upper[2]}]
set_driving_cell -lib_cell sky130_fd_sc_hd__inv_2 -pin {Y} -input_transition_rise 0.0000 -input_transition_fall 0.0000 [get_ports {upper[1]}]
set_driving_cell -lib_cell sky130_fd_sc_hd__inv_2 -pin {Y} -input_transition_rise 0.0000 -input_transition_fall 0.0000 [get_ports {upper[0]}]
set_timing_derate -early 0.9500
set_timing_derate -late 1.0500
###############################################################################
# Design Rules
###############################################################################
set_max_fanout 5.0000 [current_design]
[INFO]: Setting signal min routing layer to: met1 and clock min routing layer to met1. 
[INFO]: Setting signal max routing layer to: met5 and clock max routing layer to met5. 
-congestion_iterations 50 -verbose
[INFO GRT-0020] Min routing layer: met1
[INFO GRT-0021] Max routing layer: met5
[INFO GRT-0022] Global adjustment: 30%
[INFO GRT-0023] Grid origin: (0, 0)
[WARNING GRT-0043] No OR_DEFAULT vias defined.
[INFO GRT-0088] Layer li1     Track-Pitch = 0.4600  line-2-Via Pitch: 0.3400
[INFO GRT-0088] Layer met1    Track-Pitch = 0.3400  line-2-Via Pitch: 0.3400
[INFO GRT-0088] Layer met2    Track-Pitch = 0.4600  line-2-Via Pitch: 0.3500
[INFO GRT-0088] Layer met3    Track-Pitch = 0.6800  line-2-Via Pitch: 0.6150
[INFO GRT-0088] Layer met4    Track-Pitch = 0.9200  line-2-Via Pitch: 1.0400
[INFO GRT-0088] Layer met5    Track-Pitch = 3.4000  line-2-Via Pitch: 3.1100
[INFO GRT-0019] Found 4 clock nets.
[INFO GRT-0001] Minimum degree: 2
[INFO GRT-0002] Maximum degree: 37
[INFO GRT-0003] Macros: 0
[INFO GRT-0004] Blockages: 788

[INFO GRT-0053] Routing resources analysis:
          Routing      Original      Derated      Resource
Layer     Direction    Resources     Resources    Reduction (%)
---------------------------------------------------------------
li1        Vertical            0             0          0.00%
met1       Horizontal       4200          2273          45.88%
met2       Vertical         3150          2002          36.44%
met3       Horizontal       2100          1456          30.67%
met4       Vertical         1260           778          38.25%
met5       Horizontal        420           208          50.48%
---------------------------------------------------------------

[INFO GRT-0197] Via related to pin nodes: 1657
[INFO GRT-0198] Via related Steiner nodes: 28
[INFO GRT-0199] Via filling finished.
[INFO GRT-0111] Final number of vias: 1892
[INFO GRT-0112] Final usage 3D: 7061

[INFO GRT-0096] Final congestion report:
Layer         Resource        Demand        Usage (%)    Max H / Max V / Total Overflow
---------------------------------------------------------------------------------------
li1                  0             0            0.00%             0 /  0 /  0
met1              2273           716           31.50%             0 /  0 /  0
met2              2002           614           30.67%             0 /  0 /  0
met3              1456            46            3.16%             0 /  0 /  0
met4               778             9            1.16%             0 /  0 /  0
met5               208             0            0.00%             0 /  0 /  0
---------------------------------------------------------------------------------------
Total             6717          1385           20.62%             0 /  0 /  0

[INFO GRT-0018] Total wirelength: 16718 um
[INFO GRT-0006] Repairing antennas, iteration 1.
[WARNING GRT-0043] No OR_DEFAULT vias defined.
Notice 0: Split top of 1 T shapes.
Notice 0: Split top of 1 T shapes.
Notice 0: Split top of 1 T shapes.
Notice 0: Split top of 1 T shapes.
Notice 0: Split top of 1 T shapes.
Notice 0: Split top of 1 T shapes.
Notice 0: Split top of 1 T shapes.
Notice 0: Split top of 1 T shapes.
Notice 0: Split top of 1 T shapes.
Notice 0: Split top of 1 T shapes.
Notice 0: Split top of 1 T shapes.
Notice 0: Split top of 1 T shapes.
Notice 0: Split top of 1 T shapes.
Notice 0: Split top of 1 T shapes.
Notice 0: Split top of 1 T shapes.
Notice 0: Split top of 2 T shapes.
Notice 0: Split top of 1 T shapes.
Notice 0: Split top of 1 T shapes.
Notice 0: Split top of 1 T shapes.
Notice 0: Split top of 1 T shapes.
Notice 0: Split top of 1 T shapes.
Notice 0: Split top of 1 T shapes.
Notice 0: Split top of 1 T shapes.
Notice 0: Split top of 1 T shapes.
Notice 0: Split top of 1 T shapes.
Notice 0: Split top of 1 T shapes.
Notice 0: Split top of 1 T shapes.
Notice 0: Split top of 1 T shapes.
Notice 0: Split top of 2 T shapes.
Notice 0: Split top of 1 T shapes.
Notice 0: Split top of 1 T shapes.
Notice 0: Split top of 1 T shapes.
Notice 0: Split top of 1 T shapes.
Notice 0: Split top of 1 T shapes.
Notice 0: Split top of 1 T shapes.
Notice 0: Split top of 1 T shapes.
Notice 0: Split top of 1 T shapes.
Notice 0: Split top of 1 T shapes.
Notice 0: Split top of 1 T shapes.
Notice 0: Split top of 1 T shapes.
Notice 0: Split top of 1 T shapes.
Notice 0: Split top of 1 T shapes.
Notice 0: Split top of 4 T shapes.
Notice 0: Split top of 1 T shapes.
Notice 0: Split top of 1 T shapes.
Notice 0: Split top of 1 T shapes.
Notice 0: Split top of 1 T shapes.
[INFO GRT-0012] Antenna violations: 0
[INFO GRT-0014] Routed nets: 424
[INFO]: Setting RC values...
min_report

===========================================================================
report_checks -path_delay min (Hold)
============================================================================
Startpoint: _603_ (rising edge-triggered flip-flop clocked by clk)
Endpoint: _603_ (rising edge-triggered flip-flop clocked by clk)
Path Group: clk
Path Type: min

Fanout     Cap    Slew   Delay    Time   Description
-----------------------------------------------------------------------------
                          0.00    0.00   clock clk (rise edge)
                          0.00    0.00   clock source latency
                  0.10    0.06    0.06 ^ clk (in)
     1    0.02                           clk (net)
                  0.10    0.00    0.06 ^ clkbuf_0_clk/A (sky130_fd_sc_hd__clkbuf_16)
                  0.03    0.13    0.19 ^ clkbuf_0_clk/X (sky130_fd_sc_hd__clkbuf_16)
     2    0.01                           clknet_0_clk (net)
                  0.03    0.00    0.19 ^ clkbuf_1_1_0_clk/A (sky130_fd_sc_hd__clkbuf_2)
                  0.08    0.12    0.32 ^ clkbuf_1_1_0_clk/X (sky130_fd_sc_hd__clkbuf_2)
     4    0.01                           clknet_1_1_0_clk (net)
                  0.08    0.00    0.32 ^ _603_/CLK (sky130_fd_sc_hd__dfrtp_1)
                  0.18    0.41    0.73 ^ _603_/Q (sky130_fd_sc_hd__dfrtp_1)
     4    0.02                           fll_core.counter1.count[1] (net)
                  0.18    0.00    0.73 ^ _458_/A (sky130_fd_sc_hd__xor2_1)
                  0.04    0.09    0.82 v _458_/X (sky130_fd_sc_hd__xor2_1)
     1    0.00                           _002_ (net)
                  0.04    0.00    0.82 v _603_/D (sky130_fd_sc_hd__dfrtp_1)
                                  0.82   data arrival time

                          0.00    0.00   clock clk (rise edge)
                          0.00    0.00   clock source latency
                  0.10    0.07    0.07 ^ clk (in)
     1    0.02                           clk (net)
                  0.10    0.00    0.07 ^ clkbuf_0_clk/A (sky130_fd_sc_hd__clkbuf_16)
                  0.03    0.14    0.21 ^ clkbuf_0_clk/X (sky130_fd_sc_hd__clkbuf_16)
     2    0.01                           clknet_0_clk (net)
                  0.03    0.00    0.21 ^ clkbuf_1_1_0_clk/A (sky130_fd_sc_hd__clkbuf_2)
                  0.08    0.14    0.35 ^ clkbuf_1_1_0_clk/X (sky130_fd_sc_hd__clkbuf_2)
     4    0.01                           clknet_1_1_0_clk (net)
                  0.08    0.00    0.35 ^ _603_/CLK (sky130_fd_sc_hd__dfrtp_1)
                          0.25    0.60   clock uncertainty
                         -0.03    0.57   clock reconvergence pessimism
                         -0.03    0.53   library hold time
                                  0.53   data required time
-----------------------------------------------------------------------------
                                  0.53   data required time
                                 -0.82   data arrival time
-----------------------------------------------------------------------------
                                  0.29   slack (MET)


Startpoint: _605_ (rising edge-triggered flip-flop clocked by clk)
Endpoint: _605_ (rising edge-triggered flip-flop clocked by clk)
Path Group: clk
Path Type: min

Fanout     Cap    Slew   Delay    Time   Description
-----------------------------------------------------------------------------
                          0.00    0.00   clock clk (rise edge)
                          0.00    0.00   clock source latency
                  0.10    0.06    0.06 ^ clk (in)
     1    0.02                           clk (net)
                  0.10    0.00    0.06 ^ clkbuf_0_clk/A (sky130_fd_sc_hd__clkbuf_16)
                  0.03    0.13    0.19 ^ clkbuf_0_clk/X (sky130_fd_sc_hd__clkbuf_16)
     2    0.01                           clknet_0_clk (net)
                  0.03    0.00    0.19 ^ clkbuf_1_1_0_clk/A (sky130_fd_sc_hd__clkbuf_2)
                  0.08    0.12    0.32 ^ clkbuf_1_1_0_clk/X (sky130_fd_sc_hd__clkbuf_2)
     4    0.01                           clknet_1_1_0_clk (net)
                  0.08    0.00    0.32 ^ _605_/CLK (sky130_fd_sc_hd__dfrtp_1)
                  0.11    0.36    0.68 ^ _605_/Q (sky130_fd_sc_hd__dfrtp_1)
     3    0.01                           fll_core.counter1.count[3] (net)
                  0.11    0.00    0.68 ^ _463_/A (sky130_fd_sc_hd__nor2_1)
                  0.04    0.06    0.74 v _463_/Y (sky130_fd_sc_hd__nor2_1)
     1    0.00                           _249_ (net)
                  0.04    0.00    0.74 v _464_/B (sky130_fd_sc_hd__nor2_1)
                  0.09    0.09    0.83 ^ _464_/Y (sky130_fd_sc_hd__nor2_1)
     1    0.00                           _004_ (net)
                  0.09    0.00    0.83 ^ _605_/D (sky130_fd_sc_hd__dfrtp_1)
                                  0.83   data arrival time

                          0.00    0.00   clock clk (rise edge)
                          0.00    0.00   clock source latency
                  0.10    0.07    0.07 ^ clk (in)
     1    0.02                           clk (net)
                  0.10    0.00    0.07 ^ clkbuf_0_clk/A (sky130_fd_sc_hd__clkbuf_16)
                  0.03    0.14    0.21 ^ clkbuf_0_clk/X (sky130_fd_sc_hd__clkbuf_16)
     2    0.01                           clknet_0_clk (net)
                  0.03    0.00    0.21 ^ clkbuf_1_1_0_clk/A (sky130_fd_sc_hd__clkbuf_2)
                  0.08    0.14    0.35 ^ clkbuf_1_1_0_clk/X (sky130_fd_sc_hd__clkbuf_2)
     4    0.01                           clknet_1_1_0_clk (net)
                  0.08    0.00    0.35 ^ _605_/CLK (sky130_fd_sc_hd__dfrtp_1)
                          0.25    0.60   clock uncertainty
                         -0.03    0.57   clock reconvergence pessimism
                         -0.04    0.53   library hold time
                                  0.53   data required time
-----------------------------------------------------------------------------
                                  0.53   data required time
                                 -0.83   data arrival time
-----------------------------------------------------------------------------
                                  0.30   slack (MET)


Startpoint: _602_ (rising edge-triggered flip-flop clocked by clk)
Endpoint: _602_ (rising edge-triggered flip-flop clocked by clk)
Path Group: clk
Path Type: min

Fanout     Cap    Slew   Delay    Time   Description
-----------------------------------------------------------------------------
                          0.00    0.00   clock clk (rise edge)
                          0.00    0.00   clock source latency
                  0.10    0.06    0.06 ^ clk (in)
     1    0.02                           clk (net)
                  0.10    0.00    0.06 ^ clkbuf_0_clk/A (sky130_fd_sc_hd__clkbuf_16)
                  0.03    0.13    0.19 ^ clkbuf_0_clk/X (sky130_fd_sc_hd__clkbuf_16)
     2    0.01                           clknet_0_clk (net)
                  0.03    0.00    0.19 ^ clkbuf_1_1_0_clk/A (sky130_fd_sc_hd__clkbuf_2)
                  0.08    0.12    0.32 ^ clkbuf_1_1_0_clk/X (sky130_fd_sc_hd__clkbuf_2)
     4    0.01                           clknet_1_1_0_clk (net)
                  0.08    0.00    0.32 ^ _602_/CLK (sky130_fd_sc_hd__dfrtp_1)
                  0.20    0.43    0.74 ^ _602_/Q (sky130_fd_sc_hd__dfrtp_1)
     4    0.02                           fll_core.counter1.count[0] (net)
                  0.20    0.00    0.74 ^ _324_/A (sky130_fd_sc_hd__inv_2)
                  0.07    0.08    0.83 v _324_/Y (sky130_fd_sc_hd__inv_2)
     4    0.02                           _001_ (net)
                  0.07    0.00    0.83 v _602_/D (sky130_fd_sc_hd__dfrtp_1)
                                  0.83   data arrival time

                          0.00    0.00   clock clk (rise edge)
                          0.00    0.00   clock source latency
                  0.10    0.07    0.07 ^ clk (in)
     1    0.02                           clk (net)
                  0.10    0.00    0.07 ^ clkbuf_0_clk/A (sky130_fd_sc_hd__clkbuf_16)
                  0.03    0.14    0.21 ^ clkbuf_0_clk/X (sky130_fd_sc_hd__clkbuf_16)
     2    0.01                           clknet_0_clk (net)
                  0.03    0.00    0.21 ^ clkbuf_1_1_0_clk/A (sky130_fd_sc_hd__clkbuf_2)
                  0.08    0.14    0.35 ^ clkbuf_1_1_0_clk/X (sky130_fd_sc_hd__clkbuf_2)
     4    0.01                           clknet_1_1_0_clk (net)
                  0.08    0.00    0.35 ^ _602_/CLK (sky130_fd_sc_hd__dfrtp_1)
                          0.25    0.60   clock uncertainty
                         -0.03    0.57   clock reconvergence pessimism
                         -0.05    0.52   library hold time
                                  0.52   data required time
-----------------------------------------------------------------------------
                                  0.52   data required time
                                 -0.83   data arrival time
-----------------------------------------------------------------------------
                                  0.31   slack (MET)


Startpoint: _610_ (rising edge-triggered flip-flop clocked by clk)
Endpoint: _610_ (rising edge-triggered flip-flop clocked by clk)
Path Group: clk
Path Type: min

Fanout     Cap    Slew   Delay    Time   Description
-----------------------------------------------------------------------------
                          0.00    0.00   clock clk (rise edge)
                          0.00    0.00   clock source latency
                  0.10    0.06    0.06 ^ clk (in)
     1    0.02                           clk (net)
                  0.10    0.00    0.06 ^ clkbuf_0_clk/A (sky130_fd_sc_hd__clkbuf_16)
                  0.03    0.13    0.19 ^ clkbuf_0_clk/X (sky130_fd_sc_hd__clkbuf_16)
     2    0.01                           clknet_0_clk (net)
                  0.03    0.00    0.19 ^ clkbuf_1_0_0_clk/A (sky130_fd_sc_hd__clkbuf_2)
                  0.14    0.16    0.35 ^ clkbuf_1_0_0_clk/X (sky130_fd_sc_hd__clkbuf_2)
     6    0.02                           clknet_1_0_0_clk (net)
                  0.14    0.00    0.35 ^ _610_/CLK (sky130_fd_sc_hd__dfrtp_1)
                  0.12    0.39    0.74 ^ _610_/Q (sky130_fd_sc_hd__dfrtp_1)
     3    0.01                           fll_core.counter1.count[8] (net)
                  0.12    0.00    0.74 ^ _474_/B1 (sky130_fd_sc_hd__a21oi_1)
                  0.04    0.05    0.80 v _474_/Y (sky130_fd_sc_hd__a21oi_1)
     1    0.00                           _255_ (net)
                  0.04    0.00    0.80 v _475_/B (sky130_fd_sc_hd__nor2_1)
                  0.10    0.09    0.89 ^ _475_/Y (sky130_fd_sc_hd__nor2_1)
     1    0.00                           _009_ (net)
                  0.10    0.00    0.89 ^ _610_/D (sky130_fd_sc_hd__dfrtp_1)
                                  0.89   data arrival time

                          0.00    0.00   clock clk (rise edge)
                          0.00    0.00   clock source latency
                  0.10    0.07    0.07 ^ clk (in)
     1    0.02                           clk (net)
                  0.10    0.00    0.07 ^ clkbuf_0_clk/A (sky130_fd_sc_hd__clkbuf_16)
                  0.03    0.14    0.21 ^ clkbuf_0_clk/X (sky130_fd_sc_hd__clkbuf_16)
     2    0.01                           clknet_0_clk (net)
                  0.03    0.00    0.21 ^ clkbuf_1_0_0_clk/A (sky130_fd_sc_hd__clkbuf_2)
                  0.14    0.18    0.39 ^ clkbuf_1_0_0_clk/X (sky130_fd_sc_hd__clkbuf_2)
     6    0.02                           clknet_1_0_0_clk (net)
                  0.14    0.00    0.39 ^ _610_/CLK (sky130_fd_sc_hd__dfrtp_1)
                          0.25    0.64   clock uncertainty
                         -0.04    0.60   clock reconvergence pessimism
                         -0.03    0.57   library hold time
                                  0.57   data required time
-----------------------------------------------------------------------------
                                  0.57   data required time
                                 -0.89   data arrival time
-----------------------------------------------------------------------------
                                  0.32   slack (MET)


Startpoint: _608_ (rising edge-triggered flip-flop clocked by clk)
Endpoint: _608_ (rising edge-triggered flip-flop clocked by clk)
Path Group: clk
Path Type: min

Fanout     Cap    Slew   Delay    Time   Description
-----------------------------------------------------------------------------
                          0.00    0.00   clock clk (rise edge)
                          0.00    0.00   clock source latency
                  0.10    0.06    0.06 ^ clk (in)
     1    0.02                           clk (net)
                  0.10    0.00    0.06 ^ clkbuf_0_clk/A (sky130_fd_sc_hd__clkbuf_16)
                  0.03    0.13    0.19 ^ clkbuf_0_clk/X (sky130_fd_sc_hd__clkbuf_16)
     2    0.01                           clknet_0_clk (net)
                  0.03    0.00    0.19 ^ clkbuf_1_0_0_clk/A (sky130_fd_sc_hd__clkbuf_2)
                  0.14    0.16    0.35 ^ clkbuf_1_0_0_clk/X (sky130_fd_sc_hd__clkbuf_2)
     6    0.02                           clknet_1_0_0_clk (net)
                  0.14    0.00    0.35 ^ _608_/CLK (sky130_fd_sc_hd__dfrtp_1)
                  0.08    0.41    0.76 v _608_/Q (sky130_fd_sc_hd__dfrtp_1)
     3    0.01                           fll_core.counter1.count[6] (net)
                  0.08    0.00    0.76 v _470_/A (sky130_fd_sc_hd__nor2_1)
                  0.08    0.11    0.87 ^ _470_/Y (sky130_fd_sc_hd__nor2_1)
     1    0.00                           _253_ (net)
                  0.08    0.00    0.87 ^ _471_/B (sky130_fd_sc_hd__nor2_1)
                  0.04    0.05    0.92 v _471_/Y (sky130_fd_sc_hd__nor2_1)
     1    0.01                           _007_ (net)
                  0.04    0.00    0.92 v _608_/D (sky130_fd_sc_hd__dfrtp_1)
                                  0.92   data arrival time

                          0.00    0.00   clock clk (rise edge)
                          0.00    0.00   clock source latency
                  0.10    0.07    0.07 ^ clk (in)
     1    0.02                           clk (net)
                  0.10    0.00    0.07 ^ clkbuf_0_clk/A (sky130_fd_sc_hd__clkbuf_16)
                  0.03    0.14    0.21 ^ clkbuf_0_clk/X (sky130_fd_sc_hd__clkbuf_16)
     2    0.01                           clknet_0_clk (net)
                  0.03    0.00    0.21 ^ clkbuf_1_0_0_clk/A (sky130_fd_sc_hd__clkbuf_2)
                  0.14    0.18    0.39 ^ clkbuf_1_0_0_clk/X (sky130_fd_sc_hd__clkbuf_2)
     6    0.02                           clknet_1_0_0_clk (net)
                  0.14    0.00    0.39 ^ _608_/CLK (sky130_fd_sc_hd__dfrtp_1)
                          0.25    0.64   clock uncertainty
                         -0.04    0.60   clock reconvergence pessimism
                         -0.02    0.58   library hold time
                                  0.58   data required time
-----------------------------------------------------------------------------
                                  0.58   data required time
                                 -0.92   data arrival time
-----------------------------------------------------------------------------
                                  0.34   slack (MET)


min_report_end
max_report

===========================================================================
report_checks -path_delay max (Setup)
============================================================================
Startpoint: _636_ (rising edge-triggered flip-flop)
Endpoint: pwm (output port clocked by clk)
Path Group: clk
Path Type: max

Fanout     Cap    Slew   Delay    Time   Description
-----------------------------------------------------------------------------
                  0.15    0.00    0.00 ^ _636_/CLK (sky130_fd_sc_hd__dfrtp_1)
                  0.17    0.47    0.47 ^ _636_/Q (sky130_fd_sc_hd__dfrtp_1)
     4    0.02                           pwm_module.count[1] (net)
                  0.17    0.00    0.47 ^ _447_/A (sky130_fd_sc_hd__inv_2)
                  0.05    0.07    0.54 v _447_/Y (sky130_fd_sc_hd__inv_2)
     2    0.01                           _236_ (net)
                  0.05    0.00    0.54 v _448_/A2 (sky130_fd_sc_hd__o211a_1)
                  0.04    0.21    0.75 v _448_/X (sky130_fd_sc_hd__o211a_1)
     1    0.00                           _237_ (net)
                  0.04    0.00    0.75 v _449_/C1 (sky130_fd_sc_hd__a221o_1)
                  0.06    0.28    1.03 v _449_/X (sky130_fd_sc_hd__a221o_1)
     1    0.01                           _238_ (net)
                  0.06    0.00    1.03 v _450_/C1 (sky130_fd_sc_hd__o221a_1)
                  0.05    0.13    1.16 v _450_/X (sky130_fd_sc_hd__o221a_1)
     1    0.00                           _239_ (net)
                  0.05    0.00    1.16 v _451_/C1 (sky130_fd_sc_hd__a221o_1)
                  0.05    0.27    1.43 v _451_/X (sky130_fd_sc_hd__a221o_1)
     1    0.00                           _240_ (net)
                  0.05    0.00    1.43 v _452_/C1 (sky130_fd_sc_hd__o221a_1)
                  0.05    0.12    1.56 v _452_/X (sky130_fd_sc_hd__o221a_1)
     1    0.00                           _241_ (net)
                  0.05    0.00    1.56 v _453_/C1 (sky130_fd_sc_hd__a221o_1)
                  0.06    0.28    1.84 v _453_/X (sky130_fd_sc_hd__a221o_1)
     1    0.00                           _242_ (net)
                  0.06    0.00    1.84 v _454_/C1 (sky130_fd_sc_hd__o221a_1)
                  0.05    0.12    1.96 v _454_/X (sky130_fd_sc_hd__o221a_1)
     1    0.00                           _243_ (net)
                  0.05    0.00    1.96 v _455_/C1 (sky130_fd_sc_hd__a221o_1)
                  0.06    0.28    2.24 v _455_/X (sky130_fd_sc_hd__a221o_1)
     1    0.00                           _244_ (net)
                  0.06    0.00    2.24 v _456_/C1 (sky130_fd_sc_hd__o221a_1)
                  0.05    0.13    2.38 v _456_/X (sky130_fd_sc_hd__o221a_1)
     1    0.00                           _245_ (net)
                  0.05    0.00    2.38 v _457_/B1 (sky130_fd_sc_hd__a21o_1)
                  0.04    0.17    2.54 v _457_/X (sky130_fd_sc_hd__a21o_1)
     1    0.00                           net37 (net)
                  0.04    0.00    2.54 v output37/A (sky130_fd_sc_hd__buf_2)
                  0.10    0.19    2.74 v output37/X (sky130_fd_sc_hd__buf_2)
     1    0.03                           pwm (net)
                  0.10    0.00    2.74 v pwm (out)
                                  2.74   data arrival time

                         40.00   40.00   clock clk (rise edge)
                          0.00   40.00   clock network delay (propagated)
                         -0.25   39.75   clock uncertainty
                          0.00   39.75   clock reconvergence pessimism
                         -8.00   31.75   output external delay
                                 31.75   data required time
-----------------------------------------------------------------------------
                                 31.75   data required time
                                 -2.74   data arrival time
-----------------------------------------------------------------------------
                                 29.01   slack (MET)


Startpoint: _591_ (rising edge-triggered flip-flop)
Endpoint: corner[2] (output port clocked by clk)
Path Group: clk
Path Type: max

Fanout     Cap    Slew   Delay    Time   Description
-----------------------------------------------------------------------------
                  0.15    0.00    0.00 ^ _591_/CLK (sky130_fd_sc_hd__dfxtp_1)
                  0.15    0.44    0.44 ^ _591_/Q (sky130_fd_sc_hd__dfxtp_1)
     2    0.01                           net35 (net)
                  0.15    0.00    0.44 ^ output35/A (sky130_fd_sc_hd__buf_2)
                  0.18    0.25    0.69 ^ output35/X (sky130_fd_sc_hd__buf_2)
     1    0.03                           corner[2] (net)
                  0.18    0.00    0.69 ^ corner[2] (out)
                                  0.69   data arrival time

                         40.00   40.00   clock clk (rise edge)
                          0.00   40.00   clock network delay (propagated)
                         -0.25   39.75   clock uncertainty
                          0.00   39.75   clock reconvergence pessimism
                         -8.00   31.75   output external delay
                                 31.75   data required time
-----------------------------------------------------------------------------
                                 31.75   data required time
                                 -0.69   data arrival time
-----------------------------------------------------------------------------
                                 31.06   slack (MET)


Startpoint: _623_ (rising edge-triggered flip-flop)
Endpoint: lock (output port clocked by clk)
Path Group: clk
Path Type: max

Fanout     Cap    Slew   Delay    Time   Description
-----------------------------------------------------------------------------
                  0.15    0.00    0.00 ^ _623_/CLK (sky130_fd_sc_hd__dfrtp_1)
                  0.10    0.42    0.42 ^ _623_/Q (sky130_fd_sc_hd__dfrtp_1)
     2    0.01                           net36 (net)
                  0.10    0.00    0.42 ^ output36/A (sky130_fd_sc_hd__buf_2)
                  0.18    0.24    0.66 ^ output36/X (sky130_fd_sc_hd__buf_2)
     1    0.03                           lock (net)
                  0.18    0.00    0.66 ^ lock (out)
                                  0.66   data arrival time

                         40.00   40.00   clock clk (rise edge)
                          0.00   40.00   clock network delay (propagated)
                         -0.25   39.75   clock uncertainty
                          0.00   39.75   clock reconvergence pessimism
                         -8.00   31.75   output external delay
                                 31.75   data required time
-----------------------------------------------------------------------------
                                 31.75   data required time
                                 -0.66   data arrival time
-----------------------------------------------------------------------------
                                 31.09   slack (MET)


Startpoint: _589_ (rising edge-triggered flip-flop)
Endpoint: corner[0] (output port clocked by clk)
Path Group: clk
Path Type: max

Fanout     Cap    Slew   Delay    Time   Description
-----------------------------------------------------------------------------
                  0.15    0.00    0.00 ^ _589_/CLK (sky130_fd_sc_hd__dfxtp_1)
                  0.09    0.40    0.40 ^ _589_/Q (sky130_fd_sc_hd__dfxtp_1)
     2    0.01                           net33 (net)
                  0.09    0.00    0.40 ^ output33/A (sky130_fd_sc_hd__buf_2)
                  0.19    0.24    0.63 ^ output33/X (sky130_fd_sc_hd__buf_2)
     1    0.03                           corner[0] (net)
                  0.19    0.00    0.63 ^ corner[0] (out)
                                  0.63   data arrival time

                         40.00   40.00   clock clk (rise edge)
                          0.00   40.00   clock network delay (propagated)
                         -0.25   39.75   clock uncertainty
                          0.00   39.75   clock reconvergence pessimism
                         -8.00   31.75   output external delay
                                 31.75   data required time
-----------------------------------------------------------------------------
                                 31.75   data required time
                                 -0.63   data arrival time
-----------------------------------------------------------------------------
                                 31.12   slack (MET)


Startpoint: _590_ (rising edge-triggered flip-flop)
Endpoint: corner[1] (output port clocked by clk)
Path Group: clk
Path Type: max

Fanout     Cap    Slew   Delay    Time   Description
-----------------------------------------------------------------------------
                  0.15    0.00    0.00 ^ _590_/CLK (sky130_fd_sc_hd__dfxtp_1)
                  0.08    0.39    0.39 ^ _590_/Q (sky130_fd_sc_hd__dfxtp_1)
     2    0.01                           net34 (net)
                  0.08    0.00    0.39 ^ output34/A (sky130_fd_sc_hd__buf_2)
                  0.19    0.24    0.62 ^ output34/X (sky130_fd_sc_hd__buf_2)
     1    0.03                           corner[1] (net)
                  0.19    0.00    0.62 ^ corner[1] (out)
                                  0.62   data arrival time

                         40.00   40.00   clock clk (rise edge)
                          0.00   40.00   clock network delay (propagated)
                         -0.25   39.75   clock uncertainty
                          0.00   39.75   clock reconvergence pessimism
                         -8.00   31.75   output external delay
                                 31.75   data required time
-----------------------------------------------------------------------------
                                 31.75   data required time
                                 -0.62   data arrival time
-----------------------------------------------------------------------------
                                 31.13   slack (MET)


max_report_end
check_report

===========================================================================
report_checks -unconstrained
============================================================================
Startpoint: _636_ (rising edge-triggered flip-flop)
Endpoint: pwm (output port clocked by clk)
Path Group: clk
Path Type: max

Fanout     Cap    Slew   Delay    Time   Description
-----------------------------------------------------------------------------
                  0.15    0.00    0.00 ^ _636_/CLK (sky130_fd_sc_hd__dfrtp_1)
                  0.17    0.47    0.47 ^ _636_/Q (sky130_fd_sc_hd__dfrtp_1)
     4    0.02                           pwm_module.count[1] (net)
                  0.17    0.00    0.47 ^ _447_/A (sky130_fd_sc_hd__inv_2)
                  0.05    0.07    0.54 v _447_/Y (sky130_fd_sc_hd__inv_2)
     2    0.01                           _236_ (net)
                  0.05    0.00    0.54 v _448_/A2 (sky130_fd_sc_hd__o211a_1)
                  0.04    0.21    0.75 v _448_/X (sky130_fd_sc_hd__o211a_1)
     1    0.00                           _237_ (net)
                  0.04    0.00    0.75 v _449_/C1 (sky130_fd_sc_hd__a221o_1)
                  0.06    0.28    1.03 v _449_/X (sky130_fd_sc_hd__a221o_1)
     1    0.01                           _238_ (net)
                  0.06    0.00    1.03 v _450_/C1 (sky130_fd_sc_hd__o221a_1)
                  0.05    0.13    1.16 v _450_/X (sky130_fd_sc_hd__o221a_1)
     1    0.00                           _239_ (net)
                  0.05    0.00    1.16 v _451_/C1 (sky130_fd_sc_hd__a221o_1)
                  0.05    0.27    1.43 v _451_/X (sky130_fd_sc_hd__a221o_1)
     1    0.00                           _240_ (net)
                  0.05    0.00    1.43 v _452_/C1 (sky130_fd_sc_hd__o221a_1)
                  0.05    0.12    1.56 v _452_/X (sky130_fd_sc_hd__o221a_1)
     1    0.00                           _241_ (net)
                  0.05    0.00    1.56 v _453_/C1 (sky130_fd_sc_hd__a221o_1)
                  0.06    0.28    1.84 v _453_/X (sky130_fd_sc_hd__a221o_1)
     1    0.00                           _242_ (net)
                  0.06    0.00    1.84 v _454_/C1 (sky130_fd_sc_hd__o221a_1)
                  0.05    0.12    1.96 v _454_/X (sky130_fd_sc_hd__o221a_1)
     1    0.00                           _243_ (net)
                  0.05    0.00    1.96 v _455_/C1 (sky130_fd_sc_hd__a221o_1)
                  0.06    0.28    2.24 v _455_/X (sky130_fd_sc_hd__a221o_1)
     1    0.00                           _244_ (net)
                  0.06    0.00    2.24 v _456_/C1 (sky130_fd_sc_hd__o221a_1)
                  0.05    0.13    2.38 v _456_/X (sky130_fd_sc_hd__o221a_1)
     1    0.00                           _245_ (net)
                  0.05    0.00    2.38 v _457_/B1 (sky130_fd_sc_hd__a21o_1)
                  0.04    0.17    2.54 v _457_/X (sky130_fd_sc_hd__a21o_1)
     1    0.00                           net37 (net)
                  0.04    0.00    2.54 v output37/A (sky130_fd_sc_hd__buf_2)
                  0.10    0.19    2.74 v output37/X (sky130_fd_sc_hd__buf_2)
     1    0.03                           pwm (net)
                  0.10    0.00    2.74 v pwm (out)
                                  2.74   data arrival time

                         40.00   40.00   clock clk (rise edge)
                          0.00   40.00   clock network delay (propagated)
                         -0.25   39.75   clock uncertainty
                          0.00   39.75   clock reconvergence pessimism
                         -8.00   31.75   output external delay
                                 31.75   data required time
-----------------------------------------------------------------------------
                                 31.75   data required time
                                 -2.74   data arrival time
-----------------------------------------------------------------------------
                                 29.01   slack (MET)



===========================================================================
report_checks --slack_max -0.01
============================================================================
No paths found.
check_report_end
check_slew

===========================================================================
 report_check_types -max_slew -max_cap -max_fanout -violators
============================================================================

===========================================================================
max slew violation count 0
max fanout violation count 0
max cap violation count 0
============================================================================
check_slew_end
tns_report

===========================================================================
 report_tns
============================================================================
tns 0.00
tns_report_end
wns_report

===========================================================================
 report_wns
============================================================================
wns 0.00
wns_report_end
worst_slack

===========================================================================
 report_worst_slack -max (Setup)
============================================================================
worst slack 29.01

===========================================================================
 report_worst_slack -min (Hold)
============================================================================
worst slack 0.29
worst_slack_end
clock_skew

===========================================================================
 report_clock_skew
============================================================================
Clock clk
Latency      CRPR       Skew
_622_/CLK ^
   8.26
_603_/CLK ^
   0.32      0.00       7.94

clock_skew_end
power_report

===========================================================================
 report_power
============================================================================
Group                  Internal  Switching    Leakage      Total
                          Power      Power      Power      Power (Watts)
----------------------------------------------------------------
Sequential             1.42e-05   3.55e-06   4.81e-10   1.78e-05  34.4%
Combinational          1.63e-05   1.76e-05   1.46e-09   3.39e-05  65.6%
Macro                  0.00e+00   0.00e+00   0.00e+00   0.00e+00   0.0%
Pad                    0.00e+00   0.00e+00   0.00e+00   0.00e+00   0.0%
----------------------------------------------------------------
Total                  3.05e-05   2.12e-05   1.94e-09   5.17e-05 100.0%
                          59.0%      41.0%       0.0%
power_report_end
area_report

===========================================================================
 report_design_area
============================================================================
Design area 3874 u^2 54% utilization.
area_report_end
