OpenROAD v2.0-3074-g944855835 
This program is licensed under the BSD-3 license. See the LICENSE file for details.
Components of this program may be licensed under more restrictive licenses which must be honored.
[INFO ODB-0222] Reading LEF file: /foss/designs/ma2022/freqdiv/runs/RUN_2022.10.19_14.29.10/tmp/merged_unpadded.lef
[INFO ODB-0223]     Created 13 technology layers
[INFO ODB-0224]     Created 25 technology vias
[INFO ODB-0225]     Created 441 library cells
[INFO ODB-0226] Finished LEF file:  /foss/designs/ma2022/freqdiv/runs/RUN_2022.10.19_14.29.10/tmp/merged_unpadded.lef
[INFO ODB-0127] Reading DEF file: /foss/designs/ma2022/freqdiv/runs/RUN_2022.10.19_14.29.10/tmp/routing/17-fill.def
[INFO ODB-0128] Design: clock_divider
[INFO ODB-0130]     Created 4 pins.
[INFO ODB-0131]     Created 264 components and 1224 component-terminals.
[INFO ODB-0132]     Created 2 special nets and 1006 connections.
[INFO ODB-0133]     Created 75 nets and 194 connections.
[INFO ODB-0134] Finished DEF file: /foss/designs/ma2022/freqdiv/runs/RUN_2022.10.19_14.29.10/tmp/routing/17-fill.def
[INFO ORD-0030] Using 1 thread(s).
[INFO DRT-0149] Reading tech and libs.

Units:                1000
Number of layers:     13
Number of macros:     441
Number of vias:       25
Number of viarulegen: 25

[INFO DRT-0150] Reading design.

Design:                   clock_divider
Die area:                 ( 0 0 ) ( 53810 64530 )
Number of track patterns: 12
Number of DEF vias:       4
Number of components:     264
Number of terminals:      4
Number of snets:          2
Number of nets:           75

[INFO DRT-0167] List of default vias:
  Layer mcon
    default via: L1M1_PR
  Layer via
    default via: M1M2_PR
  Layer via2
    default via: M2M3_PR
  Layer via3
    default via: M3M4_PR
  Layer via4
    default via: M4M5_PR
[INFO DRT-0162] Library cell analysis.
[INFO DRT-0163] Instance analysis.
[INFO DRT-0164] Number of unique instances = 43.
[INFO DRT-0168] Init region query.
[INFO DRT-0024]   Complete FR_MASTERSLICE.
[INFO DRT-0024]   Complete FR_VIA.
[INFO DRT-0024]   Complete li1.
[INFO DRT-0024]   Complete mcon.
[INFO DRT-0024]   Complete met1.
[INFO DRT-0024]   Complete via.
[INFO DRT-0024]   Complete met2.
[INFO DRT-0024]   Complete via2.
[INFO DRT-0024]   Complete met3.
[INFO DRT-0024]   Complete via3.
[INFO DRT-0024]   Complete met4.
[INFO DRT-0024]   Complete via4.
[INFO DRT-0024]   Complete met5.
[INFO DRT-0033] FR_MASTERSLICE shape region query size = 0.
[INFO DRT-0033] FR_VIA shape region query size = 0.
[INFO DRT-0033] li1 shape region query size = 3453.
[INFO DRT-0033] mcon shape region query size = 2934.
[INFO DRT-0033] met1 shape region query size = 990.
[INFO DRT-0033] via shape region query size = 200.
[INFO DRT-0033] met2 shape region query size = 82.
[INFO DRT-0033] via2 shape region query size = 160.
[INFO DRT-0033] met3 shape region query size = 80.
[INFO DRT-0033] via3 shape region query size = 160.
[INFO DRT-0033] met4 shape region query size = 63.
[INFO DRT-0033] via4 shape region query size = 13.
[INFO DRT-0033] met5 shape region query size = 23.
[INFO DRT-0165] Start pin access.
[INFO DRT-0078]   Complete 79 pins.
[INFO DRT-0081]   Complete 37 unique inst patterns.
[INFO DRT-0084]   Complete 74 groups.
#scanned instances     = 264
#unique  instances     = 43
#stdCellGenAp          = 577
#stdCellValidPlanarAp  = 0
#stdCellValidViaAp     = 410
#stdCellPinNoAp        = 0
#stdCellPinCnt         = 194
#instTermValidViaApCnt = 0
#macroGenAp            = 0
#macroValidPlanarAp    = 0
#macroValidViaAp       = 0
#macroNoAp             = 0
[INFO DRT-0166] Complete pin access.
[INFO DRT-0267] cpu time = 00:00:01, elapsed time = 00:00:02, memory = 103.36 (MB), peak = 103.36 (MB)
[INFO DRT-0151] Reading guide.

Number of guides:     453

[INFO DRT-0169] Post process guides.
[INFO DRT-0176] GCELLGRID X 0 DO 9 STEP 6900 ;
[INFO DRT-0177] GCELLGRID Y 0 DO 7 STEP 6900 ;
[INFO DRT-0028]   Complete FR_MASTERSLICE.
[INFO DRT-0028]   Complete FR_VIA.
[INFO DRT-0028]   Complete li1.
[INFO DRT-0028]   Complete mcon.
[INFO DRT-0028]   Complete met1.
[INFO DRT-0028]   Complete via.
[INFO DRT-0028]   Complete met2.
[INFO DRT-0028]   Complete via2.
[INFO DRT-0028]   Complete met3.
[INFO DRT-0028]   Complete via3.
[INFO DRT-0028]   Complete met4.
[INFO DRT-0028]   Complete via4.
[INFO DRT-0028]   Complete met5.
[INFO DRT-0178] Init guide query.
[INFO DRT-0035]   Complete FR_MASTERSLICE (guide).
[INFO DRT-0035]   Complete FR_VIA (guide).
[INFO DRT-0035]   Complete li1 (guide).
[INFO DRT-0035]   Complete mcon (guide).
[INFO DRT-0035]   Complete met1 (guide).
[INFO DRT-0035]   Complete via (guide).
[INFO DRT-0035]   Complete met2 (guide).
[INFO DRT-0035]   Complete via2 (guide).
[INFO DRT-0035]   Complete met3 (guide).
[INFO DRT-0035]   Complete via3 (guide).
[INFO DRT-0035]   Complete met4 (guide).
[INFO DRT-0035]   Complete via4 (guide).
[INFO DRT-0035]   Complete met5 (guide).
[INFO DRT-0036] FR_MASTERSLICE guide region query size = 0.
[INFO DRT-0036] FR_VIA guide region query size = 0.
[INFO DRT-0036] li1 guide region query size = 177.
[INFO DRT-0036] mcon guide region query size = 0.
[INFO DRT-0036] met1 guide region query size = 156.
[INFO DRT-0036] via guide region query size = 0.
[INFO DRT-0036] met2 guide region query size = 80.
[INFO DRT-0036] via2 guide region query size = 0.
[INFO DRT-0036] met3 guide region query size = 2.
[INFO DRT-0036] via3 guide region query size = 0.
[INFO DRT-0036] met4 guide region query size = 1.
[INFO DRT-0036] via4 guide region query size = 0.
[INFO DRT-0036] met5 guide region query size = 0.
[INFO DRT-0179] Init gr pin query.
[INFO DRT-0185] Post process initialize RPin region query.
[INFO DRT-0181] Start track assignment.
[INFO DRT-0184] Done with 258 vertical wires in 1 frboxes and 158 horizontal wires in 1 frboxes.
[INFO DRT-0186] Done with 70 vertical wires in 1 frboxes and 61 horizontal wires in 1 frboxes.
[INFO DRT-0182] Complete track assignment.
[INFO DRT-0267] cpu time = 00:00:00, elapsed time = 00:00:00, memory = 105.10 (MB), peak = 105.10 (MB)
[INFO DRT-0187] Start routing data preparation.
[INFO DRT-0267] cpu time = 00:00:00, elapsed time = 00:00:00, memory = 105.10 (MB), peak = 105.10 (MB)
[INFO DRT-0194] Start detail routing.
[INFO DRT-0195] Start 0th optimization iteration.
    Completing 10% with 0 violations.
    elapsed time = 00:00:02, memory = 134.65 (MB).
    Completing 20% with 17 violations.
    elapsed time = 00:00:02, memory = 134.65 (MB).
[INFO DRT-0199]   Number of violations = 17.
[INFO DRT-0267] cpu time = 00:00:02, elapsed time = 00:00:03, memory = 456.04 (MB), peak = 468.00 (MB)
Total wire length = 2078 um.
Total wire length on LAYER li1 = 0 um.
Total wire length on LAYER met1 = 981 um.
Total wire length on LAYER met2 = 1054 um.
Total wire length on LAYER met3 = 15 um.
Total wire length on LAYER met4 = 26 um.
Total wire length on LAYER met5 = 0 um.
Total number of vias = 417.
Up-via summary (total 417):.

----------------------
 FR_MASTERSLICE      0
            li1    194
           met1    219
           met2      2
           met3      2
           met4      0
----------------------
                   417


[INFO DRT-0195] Start 1st optimization iteration.
    Completing 10% with 17 violations.
    elapsed time = 00:00:01, memory = 456.04 (MB).
    Completing 20% with 14 violations.
    elapsed time = 00:00:01, memory = 456.04 (MB).
    Completing 30% with 10 violations.
    elapsed time = 00:00:01, memory = 456.04 (MB).
    Completing 40% with 6 violations.
    elapsed time = 00:00:01, memory = 456.04 (MB).
[INFO DRT-0199]   Number of violations = 6.
[INFO DRT-0267] cpu time = 00:00:01, elapsed time = 00:00:02, memory = 467.90 (MB), peak = 468.00 (MB)
Total wire length = 2128 um.
Total wire length on LAYER li1 = 0 um.
Total wire length on LAYER met1 = 989 um.
Total wire length on LAYER met2 = 1086 um.
Total wire length on LAYER met3 = 25 um.
Total wire length on LAYER met4 = 26 um.
Total wire length on LAYER met5 = 0 um.
Total number of vias = 433.
Up-via summary (total 433):.

----------------------
 FR_MASTERSLICE      0
            li1    194
           met1    229
           met2      8
           met3      2
           met4      0
----------------------
                   433


[INFO DRT-0195] Start 2nd optimization iteration.
    Completing 10% with 6 violations.
    elapsed time = 00:00:00, memory = 467.90 (MB).
    Completing 20% with 6 violations.
    elapsed time = 00:00:00, memory = 467.90 (MB).
    Completing 30% with 6 violations.
    elapsed time = 00:00:00, memory = 467.90 (MB).
    Completing 40% with 6 violations.
    elapsed time = 00:00:03, memory = 467.90 (MB).
[INFO DRT-0199]   Number of violations = 2.
[INFO DRT-0267] cpu time = 00:00:02, elapsed time = 00:00:03, memory = 467.90 (MB), peak = 468.00 (MB)
Total wire length = 2119 um.
Total wire length on LAYER li1 = 0 um.
Total wire length on LAYER met1 = 991 um.
Total wire length on LAYER met2 = 1079 um.
Total wire length on LAYER met3 = 20 um.
Total wire length on LAYER met4 = 26 um.
Total wire length on LAYER met5 = 0 um.
Total number of vias = 418.
Up-via summary (total 418):.

----------------------
 FR_MASTERSLICE      0
            li1    194
           met1    218
           met2      4
           met3      2
           met4      0
----------------------
                   418


[INFO DRT-0195] Start 3rd optimization iteration.
    Completing 10% with 2 violations.
    elapsed time = 00:00:00, memory = 467.90 (MB).
    Completing 20% with 0 violations.
    elapsed time = 00:00:00, memory = 467.90 (MB).
[INFO DRT-0199]   Number of violations = 0.
[INFO DRT-0267] cpu time = 00:00:00, elapsed time = 00:00:00, memory = 467.90 (MB), peak = 468.00 (MB)
Total wire length = 2121 um.
Total wire length on LAYER li1 = 0 um.
Total wire length on LAYER met1 = 975 um.
Total wire length on LAYER met2 = 1083 um.
Total wire length on LAYER met3 = 35 um.
Total wire length on LAYER met4 = 26 um.
Total wire length on LAYER met5 = 0 um.
Total number of vias = 421.
Up-via summary (total 421):.

----------------------
 FR_MASTERSLICE      0
            li1    194
           met1    219
           met2      6
           met3      2
           met4      0
----------------------
                   421


[INFO DRT-0195] Start 17th optimization iteration.
    Completing 10% with 0 violations.
    elapsed time = 00:00:00, memory = 467.90 (MB).
    Completing 20% with 0 violations.
    elapsed time = 00:00:00, memory = 467.90 (MB).
    Completing 30% with 0 violations.
    elapsed time = 00:00:00, memory = 467.90 (MB).
    Completing 40% with 0 violations.
    elapsed time = 00:00:00, memory = 467.90 (MB).
[INFO DRT-0199]   Number of violations = 0.
[INFO DRT-0267] cpu time = 00:00:00, elapsed time = 00:00:00, memory = 467.90 (MB), peak = 468.00 (MB)
Total wire length = 2121 um.
Total wire length on LAYER li1 = 0 um.
Total wire length on LAYER met1 = 975 um.
Total wire length on LAYER met2 = 1083 um.
Total wire length on LAYER met3 = 35 um.
Total wire length on LAYER met4 = 26 um.
Total wire length on LAYER met5 = 0 um.
Total number of vias = 421.
Up-via summary (total 421):.

----------------------
 FR_MASTERSLICE      0
            li1    194
           met1    219
           met2      6
           met3      2
           met4      0
----------------------
                   421


[INFO DRT-0195] Start 25th optimization iteration.
    Completing 10% with 0 violations.
    elapsed time = 00:00:00, memory = 467.90 (MB).
    Completing 20% with 0 violations.
    elapsed time = 00:00:00, memory = 467.90 (MB).
    Completing 30% with 0 violations.
    elapsed time = 00:00:00, memory = 467.90 (MB).
    Completing 40% with 0 violations.
    elapsed time = 00:00:00, memory = 467.90 (MB).
    Completing 50% with 0 violations.
    elapsed time = 00:00:00, memory = 467.90 (MB).
    Completing 60% with 0 violations.
    elapsed time = 00:00:00, memory = 467.90 (MB).
[INFO DRT-0199]   Number of violations = 0.
[INFO DRT-0267] cpu time = 00:00:00, elapsed time = 00:00:00, memory = 467.90 (MB), peak = 468.00 (MB)
Total wire length = 2121 um.
Total wire length on LAYER li1 = 0 um.
Total wire length on LAYER met1 = 975 um.
Total wire length on LAYER met2 = 1083 um.
Total wire length on LAYER met3 = 35 um.
Total wire length on LAYER met4 = 26 um.
Total wire length on LAYER met5 = 0 um.
Total number of vias = 421.
Up-via summary (total 421):.

----------------------
 FR_MASTERSLICE      0
            li1    194
           met1    219
           met2      6
           met3      2
           met4      0
----------------------
                   421


[INFO DRT-0195] Start 33rd optimization iteration.
    Completing 10% with 0 violations.
    elapsed time = 00:00:00, memory = 467.90 (MB).
    Completing 20% with 0 violations.
    elapsed time = 00:00:00, memory = 467.90 (MB).
    Completing 30% with 0 violations.
    elapsed time = 00:00:00, memory = 467.90 (MB).
    Completing 40% with 0 violations.
    elapsed time = 00:00:00, memory = 467.90 (MB).
    Completing 50% with 0 violations.
    elapsed time = 00:00:00, memory = 467.90 (MB).
    Completing 60% with 0 violations.
    elapsed time = 00:00:00, memory = 467.90 (MB).
    Completing 70% with 0 violations.
    elapsed time = 00:00:00, memory = 467.90 (MB).
    Completing 80% with 0 violations.
    elapsed time = 00:00:00, memory = 467.90 (MB).
    Completing 90% with 0 violations.
    elapsed time = 00:00:00, memory = 467.90 (MB).
    Completing 100% with 0 violations.
    elapsed time = 00:00:00, memory = 467.90 (MB).
[INFO DRT-0199]   Number of violations = 0.
[INFO DRT-0267] cpu time = 00:00:00, elapsed time = 00:00:00, memory = 467.90 (MB), peak = 468.00 (MB)
Total wire length = 2121 um.
Total wire length on LAYER li1 = 0 um.
Total wire length on LAYER met1 = 975 um.
Total wire length on LAYER met2 = 1083 um.
Total wire length on LAYER met3 = 35 um.
Total wire length on LAYER met4 = 26 um.
Total wire length on LAYER met5 = 0 um.
Total number of vias = 421.
Up-via summary (total 421):.

----------------------
 FR_MASTERSLICE      0
            li1    194
           met1    219
           met2      6
           met3      2
           met4      0
----------------------
                   421


[INFO DRT-0195] Start 41st optimization iteration.
    Completing 10% with 0 violations.
    elapsed time = 00:00:00, memory = 467.90 (MB).
    Completing 20% with 0 violations.
    elapsed time = 00:00:00, memory = 467.90 (MB).
    Completing 30% with 0 violations.
    elapsed time = 00:00:00, memory = 467.90 (MB).
    Completing 40% with 0 violations.
    elapsed time = 00:00:00, memory = 467.90 (MB).
    Completing 50% with 0 violations.
    elapsed time = 00:00:00, memory = 467.90 (MB).
    Completing 60% with 0 violations.
    elapsed time = 00:00:00, memory = 467.90 (MB).
    Completing 70% with 0 violations.
    elapsed time = 00:00:00, memory = 467.90 (MB).
    Completing 80% with 0 violations.
    elapsed time = 00:00:00, memory = 467.90 (MB).
    Completing 90% with 0 violations.
    elapsed time = 00:00:00, memory = 467.90 (MB).
    Completing 100% with 0 violations.
    elapsed time = 00:00:00, memory = 467.90 (MB).
[INFO DRT-0199]   Number of violations = 0.
[INFO DRT-0267] cpu time = 00:00:00, elapsed time = 00:00:00, memory = 467.90 (MB), peak = 468.00 (MB)
Total wire length = 2121 um.
Total wire length on LAYER li1 = 0 um.
Total wire length on LAYER met1 = 975 um.
Total wire length on LAYER met2 = 1083 um.
Total wire length on LAYER met3 = 35 um.
Total wire length on LAYER met4 = 26 um.
Total wire length on LAYER met5 = 0 um.
Total number of vias = 421.
Up-via summary (total 421):.

----------------------
 FR_MASTERSLICE      0
            li1    194
           met1    219
           met2      6
           met3      2
           met4      0
----------------------
                   421


[INFO DRT-0195] Start 49th optimization iteration.
    Completing 10% with 0 violations.
    elapsed time = 00:00:00, memory = 467.90 (MB).
    Completing 20% with 0 violations.
    elapsed time = 00:00:00, memory = 467.90 (MB).
    Completing 30% with 0 violations.
    elapsed time = 00:00:00, memory = 467.90 (MB).
    Completing 40% with 0 violations.
    elapsed time = 00:00:00, memory = 467.90 (MB).
    Completing 50% with 0 violations.
    elapsed time = 00:00:00, memory = 467.90 (MB).
    Completing 60% with 0 violations.
    elapsed time = 00:00:00, memory = 467.90 (MB).
    Completing 70% with 0 violations.
    elapsed time = 00:00:00, memory = 467.90 (MB).
    Completing 80% with 0 violations.
    elapsed time = 00:00:00, memory = 467.90 (MB).
    Completing 90% with 0 violations.
    elapsed time = 00:00:00, memory = 467.90 (MB).
    Completing 100% with 0 violations.
    elapsed time = 00:00:00, memory = 467.90 (MB).
[INFO DRT-0199]   Number of violations = 0.
[INFO DRT-0267] cpu time = 00:00:00, elapsed time = 00:00:00, memory = 467.90 (MB), peak = 468.00 (MB)
Total wire length = 2121 um.
Total wire length on LAYER li1 = 0 um.
Total wire length on LAYER met1 = 975 um.
Total wire length on LAYER met2 = 1083 um.
Total wire length on LAYER met3 = 35 um.
Total wire length on LAYER met4 = 26 um.
Total wire length on LAYER met5 = 0 um.
Total number of vias = 421.
Up-via summary (total 421):.

----------------------
 FR_MASTERSLICE      0
            li1    194
           met1    219
           met2      6
           met3      2
           met4      0
----------------------
                   421


[INFO DRT-0195] Start 57th optimization iteration.
    Completing 10% with 0 violations.
    elapsed time = 00:00:00, memory = 467.90 (MB).
    Completing 20% with 0 violations.
    elapsed time = 00:00:00, memory = 467.90 (MB).
    Completing 30% with 0 violations.
    elapsed time = 00:00:00, memory = 467.90 (MB).
    Completing 40% with 0 violations.
    elapsed time = 00:00:00, memory = 467.90 (MB).
    Completing 50% with 0 violations.
    elapsed time = 00:00:00, memory = 467.90 (MB).
    Completing 60% with 0 violations.
    elapsed time = 00:00:00, memory = 467.90 (MB).
    Completing 70% with 0 violations.
    elapsed time = 00:00:00, memory = 467.90 (MB).
    Completing 80% with 0 violations.
    elapsed time = 00:00:00, memory = 467.90 (MB).
    Completing 90% with 0 violations.
    elapsed time = 00:00:00, memory = 467.90 (MB).
    Completing 100% with 0 violations.
    elapsed time = 00:00:00, memory = 467.90 (MB).
[INFO DRT-0199]   Number of violations = 0.
[INFO DRT-0267] cpu time = 00:00:00, elapsed time = 00:00:00, memory = 467.90 (MB), peak = 468.00 (MB)
Total wire length = 2121 um.
Total wire length on LAYER li1 = 0 um.
Total wire length on LAYER met1 = 975 um.
Total wire length on LAYER met2 = 1083 um.
Total wire length on LAYER met3 = 35 um.
Total wire length on LAYER met4 = 26 um.
Total wire length on LAYER met5 = 0 um.
Total number of vias = 421.
Up-via summary (total 421):.

----------------------
 FR_MASTERSLICE      0
            li1    194
           met1    219
           met2      6
           met3      2
           met4      0
----------------------
                   421


[INFO DRT-0198] Complete detail routing.
Total wire length = 2121 um.
Total wire length on LAYER li1 = 0 um.
Total wire length on LAYER met1 = 975 um.
Total wire length on LAYER met2 = 1083 um.
Total wire length on LAYER met3 = 35 um.
Total wire length on LAYER met4 = 26 um.
Total wire length on LAYER met5 = 0 um.
Total number of vias = 421.
Up-via summary (total 421):.

----------------------
 FR_MASTERSLICE      0
            li1    194
           met1    219
           met2      6
           met3      2
           met4      0
----------------------
                   421


[INFO DRT-0267] cpu time = 00:00:06, elapsed time = 00:00:09, memory = 467.90 (MB), peak = 468.00 (MB)

[INFO DRT-0180] Post processing.
Saving to /foss/designs/ma2022/freqdiv/runs/RUN_2022.10.19_14.29.10/results/routing/clock_divider.def
