OpenROAD v2.0-3074-g944855835 
This program is licensed under the BSD-3 license. See the LICENSE file for details.
Components of this program may be licensed under more restrictive licenses which must be honored.
[INFO ODB-0222] Reading LEF file: /foss/designs/ma2022/shiftregister/runs/RUN_2022.11.02_11.37.08/tmp/merged_unpadded.lef
[INFO ODB-0223]     Created 13 technology layers
[INFO ODB-0224]     Created 25 technology vias
[INFO ODB-0225]     Created 441 library cells
[INFO ODB-0226] Finished LEF file:  /foss/designs/ma2022/shiftregister/runs/RUN_2022.11.02_11.37.08/tmp/merged_unpadded.lef
[INFO ODB-0127] Reading DEF file: /foss/designs/ma2022/shiftregister/runs/RUN_2022.11.02_11.37.08/tmp/cts/13-resizer_timing.def
[INFO ODB-0128] Design: shiftregister
[INFO ODB-0130]     Created 208 pins.
[INFO ODB-0131]     Created 1683 components and 9598 component-terminals.
[INFO ODB-0132]     Created 2 special nets and 6094 connections.
[INFO ODB-0133]     Created 1357 nets and 3504 connections.
[INFO ODB-0134] Finished DEF file: /foss/designs/ma2022/shiftregister/runs/RUN_2022.11.02_11.37.08/tmp/cts/13-resizer_timing.def
Placement Analysis
---------------------------------
total displacement          0.0 u
average displacement        0.0 u
max displacement            0.0 u
original HPWL           57555.9 u
legalized HPWL          58400.5 u
delta HPWL                    1 %

[INFO DPL-0020] Mirrored 550 instances
[INFO DPL-0021] HPWL before           58400.5 u
[INFO DPL-0022] HPWL after            57555.9 u
[INFO DPL-0023] HPWL delta               -1.4 %
