
Magic 8.3 revision 274 - Compiled on Tue Apr 19 20:14:41 UTC 2022.
Starting magic under Tcl interpreter
Using the terminal as the console.
Using NULL graphics device.
Processing system .magicrc file
Sourcing design .magicrc for technology sky130A ...
2 Magic internal units = 1 Lambda
Input style sky130(vendor): scaleFactor=2, multiplier=2
The following types are not handled by extraction and will be treated as non-electrical types:
    mvobsactive ubm 
Scaled tech values by 2 / 1 to match internal grid scaling
Loading sky130A Device Generator Menu ...
Loading "/foss/tools/openlane/2022.04.07_02.53.08/scripts/magic/lef.tcl" from command line.
Reading LEF data from file /foss/pdk/sky130A/libs.ref/sky130_fd_sc_hd/techlef/sky130_fd_sc_hd.tlef.
This action cannot be undone.
LEF read, Line 78 (Message): Unknown keyword "ANTENNAMODEL" in LEF file; ignoring.
LEF read, Line 79 (Message): Unknown keyword "ANTENNADIFFSIDEAREARATIO" in LEF file; ignoring.
LEF read, Line 111 (Message): Unknown keyword "MINENCLOSEDAREA" in LEF file; ignoring.
LEF read, Line 113 (Message): Unknown keyword "ANTENNAMODEL" in LEF file; ignoring.
LEF read, Line 114 (Message): Unknown keyword "ANTENNADIFFSIDEAREARATIO" in LEF file; ignoring.
LEF read, Line 120 (Message): Unknown keyword "MAXIMUMDENSITY" in LEF file; ignoring.
LEF read, Line 121 (Message): Unknown keyword "DENSITYCHECKWINDOW" in LEF file; ignoring.
LEF read, Line 122 (Message): Unknown keyword "DENSITYCHECKSTEP" in LEF file; ignoring.
LEF read, Line 154 (Message): Unknown keyword "MINENCLOSEDAREA" in LEF file; ignoring.
LEF read, Line 162 (Message): Unknown keyword "ANTENNAMODEL" in LEF file; ignoring.
LEF read, Line 163 (Message): Unknown keyword "ANTENNADIFFSIDEAREARATIO" in LEF file; ignoring.
LEF read, Line 165 (Message): Unknown keyword "MAXIMUMDENSITY" in LEF file; ignoring.
LEF read, Line 166 (Message): Unknown keyword "DENSITYCHECKWINDOW" in LEF file; ignoring.
LEF read, Line 167 (Message): Unknown keyword "DENSITYCHECKSTEP" in LEF file; ignoring.
LEF read, Line 203 (Message): Unknown keyword "ANTENNAMODEL" in LEF file; ignoring.
LEF read, Line 204 (Message): Unknown keyword "ANTENNADIFFSIDEAREARATIO" in LEF file; ignoring.
LEF read, Line 206 (Message): Unknown keyword "MAXIMUMDENSITY" in LEF file; ignoring.
LEF read, Line 207 (Message): Unknown keyword "DENSITYCHECKWINDOW" in LEF file; ignoring.
LEF read, Line 208 (Message): Unknown keyword "DENSITYCHECKSTEP" in LEF file; ignoring.
LEF read, Line 244 (Message): Unknown keyword "ANTENNAMODEL" in LEF file; ignoring.
LEF read, Line 245 (Message): Unknown keyword "ANTENNADIFFSIDEAREARATIO" in LEF file; ignoring.
LEF read, Line 247 (Message): Unknown keyword "MAXIMUMDENSITY" in LEF file; ignoring.
LEF read, Line 248 (Message): Unknown keyword "DENSITYCHECKWINDOW" in LEF file; ignoring.
LEF read, Line 249 (Message): Unknown keyword "DENSITYCHECKSTEP" in LEF file; ignoring.
LEF read, Line 285 (Message): Unknown keyword "ANTENNAMODEL" in LEF file; ignoring.
LEF read, Line 286 (Message): Unknown keyword "ANTENNADIFFSIDEAREARATIO" in LEF file; ignoring.
LEF read: Processed 792 lines.
fll_wrapper_2: 10000 rects
fll_wrapper_2: 20000 rects
[INFO]: Writing abstract LEF
Generating LEF output /foss/designs/ma2022/fll_2/runs/RUN_2022.11.02_10.22.32/results/finishing/fll_wrapper_2.lef for cell fll_wrapper_2:
Diagnostic:  Write LEF header for cell fll_wrapper_2
Diagnostic:  Writing LEF output for cell fll_wrapper_2
Warning:  Parent cell lists instance of "sky130_fd_sc_hd__buf_2" at bad file path /foss/designs/ma2022/fll_2/runs/RUN_2022.11.02_10.22.32/results/finishing/sky130_fd_sc_hd__buf_2.mag.
The cell exists in the search paths at /foss/pdk/sky130A/libs.ref/sky130_fd_sc_hd/maglef/sky130_fd_sc_hd__buf_2.mag.
The discovered version will be used.
Warning:  Parent cell lists instance of "sky130_fd_sc_hd__clkbuf_1" at bad file path /foss/designs/ma2022/fll_2/runs/RUN_2022.11.02_10.22.32/results/finishing/sky130_fd_sc_hd__clkbuf_1.mag.
The cell exists in the search paths at /foss/pdk/sky130A/libs.ref/sky130_fd_sc_hd/maglef/sky130_fd_sc_hd__clkbuf_1.mag.
The discovered version will be used.
Warning:  Parent cell lists instance of "sky130_fd_sc_hd__clkbuf_2" at bad file path /foss/designs/ma2022/fll_2/runs/RUN_2022.11.02_10.22.32/results/finishing/sky130_fd_sc_hd__clkbuf_2.mag.
The cell exists in the search paths at /foss/pdk/sky130A/libs.ref/sky130_fd_sc_hd/maglef/sky130_fd_sc_hd__clkbuf_2.mag.
The discovered version will be used.
Warning:  Parent cell lists instance of "sky130_fd_sc_hd__dlymetal6s2s_1" at bad file path /foss/designs/ma2022/fll_2/runs/RUN_2022.11.02_10.22.32/results/finishing/sky130_fd_sc_hd__dlymetal6s2s_1.mag.
The cell exists in the search paths at /foss/pdk/sky130A/libs.ref/sky130_fd_sc_hd/maglef/sky130_fd_sc_hd__dlymetal6s2s_1.mag.
The discovered version will be used.
Warning:  Parent cell lists instance of "sky130_fd_sc_hd__buf_8" at bad file path /foss/designs/ma2022/fll_2/runs/RUN_2022.11.02_10.22.32/results/finishing/sky130_fd_sc_hd__buf_8.mag.
The cell exists in the search paths at /foss/pdk/sky130A/libs.ref/sky130_fd_sc_hd/maglef/sky130_fd_sc_hd__buf_8.mag.
The discovered version will be used.
Warning:  Parent cell lists instance of "sky130_fd_sc_hd__clkbuf_16" at bad file path /foss/designs/ma2022/fll_2/runs/RUN_2022.11.02_10.22.32/results/finishing/sky130_fd_sc_hd__clkbuf_16.mag.
The cell exists in the search paths at /foss/pdk/sky130A/libs.ref/sky130_fd_sc_hd/maglef/sky130_fd_sc_hd__clkbuf_16.mag.
The discovered version will be used.
Warning:  Parent cell lists instance of "sky130_fd_sc_hd__dfrtp_2" at bad file path /foss/designs/ma2022/fll_2/runs/RUN_2022.11.02_10.22.32/results/finishing/sky130_fd_sc_hd__dfrtp_2.mag.
The cell exists in the search paths at /foss/pdk/sky130A/libs.ref/sky130_fd_sc_hd/maglef/sky130_fd_sc_hd__dfrtp_2.mag.
The discovered version will be used.
Warning:  Parent cell lists instance of "sky130_fd_sc_hd__dfrtp_1" at bad file path /foss/designs/ma2022/fll_2/runs/RUN_2022.11.02_10.22.32/results/finishing/sky130_fd_sc_hd__dfrtp_1.mag.
The cell exists in the search paths at /foss/pdk/sky130A/libs.ref/sky130_fd_sc_hd/maglef/sky130_fd_sc_hd__dfrtp_1.mag.
The discovered version will be used.
Warning:  Parent cell lists instance of "sky130_fd_sc_hd__dfrtp_4" at bad file path /foss/designs/ma2022/fll_2/runs/RUN_2022.11.02_10.22.32/results/finishing/sky130_fd_sc_hd__dfrtp_4.mag.
The cell exists in the search paths at /foss/pdk/sky130A/libs.ref/sky130_fd_sc_hd/maglef/sky130_fd_sc_hd__dfrtp_4.mag.
The discovered version will be used.
Warning:  Parent cell lists instance of "sky130_fd_sc_hd__dfstp_1" at bad file path /foss/designs/ma2022/fll_2/runs/RUN_2022.11.02_10.22.32/results/finishing/sky130_fd_sc_hd__dfstp_1.mag.
The cell exists in the search paths at /foss/pdk/sky130A/libs.ref/sky130_fd_sc_hd/maglef/sky130_fd_sc_hd__dfstp_1.mag.
The discovered version will be used.
Warning:  Parent cell lists instance of "sky130_fd_sc_hd__dfxtp_1" at bad file path /foss/designs/ma2022/fll_2/runs/RUN_2022.11.02_10.22.32/results/finishing/sky130_fd_sc_hd__dfxtp_1.mag.
The cell exists in the search paths at /foss/pdk/sky130A/libs.ref/sky130_fd_sc_hd/maglef/sky130_fd_sc_hd__dfxtp_1.mag.
The discovered version will be used.
Warning:  Parent cell lists instance of "sky130_fd_sc_hd__inv_2" at bad file path /foss/designs/ma2022/fll_2/runs/RUN_2022.11.02_10.22.32/results/finishing/sky130_fd_sc_hd__inv_2.mag.
The cell exists in the search paths at /foss/pdk/sky130A/libs.ref/sky130_fd_sc_hd/maglef/sky130_fd_sc_hd__inv_2.mag.
The discovered version will be used.
Warning:  Parent cell lists instance of "sky130_fd_sc_hd__mux2_1" at bad file path /foss/designs/ma2022/fll_2/runs/RUN_2022.11.02_10.22.32/results/finishing/sky130_fd_sc_hd__mux2_1.mag.
The cell exists in the search paths at /foss/pdk/sky130A/libs.ref/sky130_fd_sc_hd/maglef/sky130_fd_sc_hd__mux2_1.mag.
The discovered version will be used.
Warning:  Parent cell lists instance of "sky130_fd_sc_hd__and2b_1" at bad file path /foss/designs/ma2022/fll_2/runs/RUN_2022.11.02_10.22.32/results/finishing/sky130_fd_sc_hd__and2b_1.mag.
The cell exists in the search paths at /foss/pdk/sky130A/libs.ref/sky130_fd_sc_hd/maglef/sky130_fd_sc_hd__and2b_1.mag.
The discovered version will be used.
Warning:  Parent cell lists instance of "sky130_fd_sc_hd__nor3_2" at bad file path /foss/designs/ma2022/fll_2/runs/RUN_2022.11.02_10.22.32/results/finishing/sky130_fd_sc_hd__nor3_2.mag.
The cell exists in the search paths at /foss/pdk/sky130A/libs.ref/sky130_fd_sc_hd/maglef/sky130_fd_sc_hd__nor3_2.mag.
The discovered version will be used.
Warning:  Parent cell lists instance of "sky130_fd_sc_hd__xor2_1" at bad file path /foss/designs/ma2022/fll_2/runs/RUN_2022.11.02_10.22.32/results/finishing/sky130_fd_sc_hd__xor2_1.mag.
The cell exists in the search paths at /foss/pdk/sky130A/libs.ref/sky130_fd_sc_hd/maglef/sky130_fd_sc_hd__xor2_1.mag.
The discovered version will be used.
Warning:  Parent cell lists instance of "sky130_fd_sc_hd__nor2_1" at bad file path /foss/designs/ma2022/fll_2/runs/RUN_2022.11.02_10.22.32/results/finishing/sky130_fd_sc_hd__nor2_1.mag.
The cell exists in the search paths at /foss/pdk/sky130A/libs.ref/sky130_fd_sc_hd/maglef/sky130_fd_sc_hd__nor2_1.mag.
The discovered version will be used.
Warning:  Parent cell lists instance of "sky130_fd_sc_hd__a21oi_1" at bad file path /foss/designs/ma2022/fll_2/runs/RUN_2022.11.02_10.22.32/results/finishing/sky130_fd_sc_hd__a21oi_1.mag.
The cell exists in the search paths at /foss/pdk/sky130A/libs.ref/sky130_fd_sc_hd/maglef/sky130_fd_sc_hd__a21oi_1.mag.
The discovered version will be used.
Warning:  Parent cell lists instance of "sky130_fd_sc_hd__and3_1" at bad file path /foss/designs/ma2022/fll_2/runs/RUN_2022.11.02_10.22.32/results/finishing/sky130_fd_sc_hd__and3_1.mag.
The cell exists in the search paths at /foss/pdk/sky130A/libs.ref/sky130_fd_sc_hd/maglef/sky130_fd_sc_hd__and3_1.mag.
The discovered version will be used.
Warning:  Parent cell lists instance of "sky130_fd_sc_hd__xnor2_1" at bad file path /foss/designs/ma2022/fll_2/runs/RUN_2022.11.02_10.22.32/results/finishing/sky130_fd_sc_hd__xnor2_1.mag.
The cell exists in the search paths at /foss/pdk/sky130A/libs.ref/sky130_fd_sc_hd/maglef/sky130_fd_sc_hd__xnor2_1.mag.
The discovered version will be used.
Warning:  Parent cell lists instance of "sky130_fd_sc_hd__and2_1" at bad file path /foss/designs/ma2022/fll_2/runs/RUN_2022.11.02_10.22.32/results/finishing/sky130_fd_sc_hd__and2_1.mag.
The cell exists in the search paths at /foss/pdk/sky130A/libs.ref/sky130_fd_sc_hd/maglef/sky130_fd_sc_hd__and2_1.mag.
The discovered version will be used.
Warning:  Parent cell lists instance of "sky130_fd_sc_hd__clkbuf_4" at bad file path /foss/designs/ma2022/fll_2/runs/RUN_2022.11.02_10.22.32/results/finishing/sky130_fd_sc_hd__clkbuf_4.mag.
The cell exists in the search paths at /foss/pdk/sky130A/libs.ref/sky130_fd_sc_hd/maglef/sky130_fd_sc_hd__clkbuf_4.mag.
The discovered version will be used.
Warning:  Parent cell lists instance of "sky130_fd_sc_hd__a21o_1" at bad file path /foss/designs/ma2022/fll_2/runs/RUN_2022.11.02_10.22.32/results/finishing/sky130_fd_sc_hd__a21o_1.mag.
The cell exists in the search paths at /foss/pdk/sky130A/libs.ref/sky130_fd_sc_hd/maglef/sky130_fd_sc_hd__a21o_1.mag.
The discovered version will be used.
Warning:  Parent cell lists instance of "sky130_fd_sc_hd__or2b_1" at bad file path /foss/designs/ma2022/fll_2/runs/RUN_2022.11.02_10.22.32/results/finishing/sky130_fd_sc_hd__or2b_1.mag.
The cell exists in the search paths at /foss/pdk/sky130A/libs.ref/sky130_fd_sc_hd/maglef/sky130_fd_sc_hd__or2b_1.mag.
The discovered version will be used.
Warning:  Parent cell lists instance of "sky130_fd_sc_hd__o21ai_1" at bad file path /foss/designs/ma2022/fll_2/runs/RUN_2022.11.02_10.22.32/results/finishing/sky130_fd_sc_hd__o21ai_1.mag.
The cell exists in the search paths at /foss/pdk/sky130A/libs.ref/sky130_fd_sc_hd/maglef/sky130_fd_sc_hd__o21ai_1.mag.
The discovered version will be used.
Warning:  Parent cell lists instance of "sky130_fd_sc_hd__a2bb2o_1" at bad file path /foss/designs/ma2022/fll_2/runs/RUN_2022.11.02_10.22.32/results/finishing/sky130_fd_sc_hd__a2bb2o_1.mag.
The cell exists in the search paths at /foss/pdk/sky130A/libs.ref/sky130_fd_sc_hd/maglef/sky130_fd_sc_hd__a2bb2o_1.mag.
The discovered version will be used.
Warning:  Parent cell lists instance of "sky130_fd_sc_hd__nor2b_2" at bad file path /foss/designs/ma2022/fll_2/runs/RUN_2022.11.02_10.22.32/results/finishing/sky130_fd_sc_hd__nor2b_2.mag.
The cell exists in the search paths at /foss/pdk/sky130A/libs.ref/sky130_fd_sc_hd/maglef/sky130_fd_sc_hd__nor2b_2.mag.
The discovered version will be used.
Warning:  Parent cell lists instance of "sky130_fd_sc_hd__nor3_1" at bad file path /foss/designs/ma2022/fll_2/runs/RUN_2022.11.02_10.22.32/results/finishing/sky130_fd_sc_hd__nor3_1.mag.
The cell exists in the search paths at /foss/pdk/sky130A/libs.ref/sky130_fd_sc_hd/maglef/sky130_fd_sc_hd__nor3_1.mag.
The discovered version will be used.
Warning:  Parent cell lists instance of "sky130_fd_sc_hd__or4b_1" at bad file path /foss/designs/ma2022/fll_2/runs/RUN_2022.11.02_10.22.32/results/finishing/sky130_fd_sc_hd__or4b_1.mag.
The cell exists in the search paths at /foss/pdk/sky130A/libs.ref/sky130_fd_sc_hd/maglef/sky130_fd_sc_hd__or4b_1.mag.
The discovered version will be used.
Warning:  Parent cell lists instance of "sky130_fd_sc_hd__clkinv_2" at bad file path /foss/designs/ma2022/fll_2/runs/RUN_2022.11.02_10.22.32/results/finishing/sky130_fd_sc_hd__clkinv_2.mag.
The cell exists in the search paths at /foss/pdk/sky130A/libs.ref/sky130_fd_sc_hd/maglef/sky130_fd_sc_hd__clkinv_2.mag.
The discovered version will be used.
Warning:  Parent cell lists instance of "sky130_fd_sc_hd__and4_1" at bad file path /foss/designs/ma2022/fll_2/runs/RUN_2022.11.02_10.22.32/results/finishing/sky130_fd_sc_hd__and4_1.mag.
The cell exists in the search paths at /foss/pdk/sky130A/libs.ref/sky130_fd_sc_hd/maglef/sky130_fd_sc_hd__and4_1.mag.
The discovered version will be used.
Warning:  Parent cell lists instance of "sky130_fd_sc_hd__o41a_1" at bad file path /foss/designs/ma2022/fll_2/runs/RUN_2022.11.02_10.22.32/results/finishing/sky130_fd_sc_hd__o41a_1.mag.
The cell exists in the search paths at /foss/pdk/sky130A/libs.ref/sky130_fd_sc_hd/maglef/sky130_fd_sc_hd__o41a_1.mag.
The discovered version will be used.
Warning:  Parent cell lists instance of "sky130_fd_sc_hd__nand2_1" at bad file path /foss/designs/ma2022/fll_2/runs/RUN_2022.11.02_10.22.32/results/finishing/sky130_fd_sc_hd__nand2_1.mag.
The cell exists in the search paths at /foss/pdk/sky130A/libs.ref/sky130_fd_sc_hd/maglef/sky130_fd_sc_hd__nand2_1.mag.
The discovered version will be used.
Warning:  Parent cell lists instance of "sky130_fd_sc_hd__or3_1" at bad file path /foss/designs/ma2022/fll_2/runs/RUN_2022.11.02_10.22.32/results/finishing/sky130_fd_sc_hd__or3_1.mag.
The cell exists in the search paths at /foss/pdk/sky130A/libs.ref/sky130_fd_sc_hd/maglef/sky130_fd_sc_hd__or3_1.mag.
The discovered version will be used.
Warning:  Parent cell lists instance of "sky130_fd_sc_hd__or2_1" at bad file path /foss/designs/ma2022/fll_2/runs/RUN_2022.11.02_10.22.32/results/finishing/sky130_fd_sc_hd__or2_1.mag.
The cell exists in the search paths at /foss/pdk/sky130A/libs.ref/sky130_fd_sc_hd/maglef/sky130_fd_sc_hd__or2_1.mag.
The discovered version will be used.
Warning:  Parent cell lists instance of "sky130_fd_sc_hd__o311a_1" at bad file path /foss/designs/ma2022/fll_2/runs/RUN_2022.11.02_10.22.32/results/finishing/sky130_fd_sc_hd__o311a_1.mag.
The cell exists in the search paths at /foss/pdk/sky130A/libs.ref/sky130_fd_sc_hd/maglef/sky130_fd_sc_hd__o311a_1.mag.
The discovered version will be used.
Warning:  Parent cell lists instance of "sky130_fd_sc_hd__a21boi_2" at bad file path /foss/designs/ma2022/fll_2/runs/RUN_2022.11.02_10.22.32/results/finishing/sky130_fd_sc_hd__a21boi_2.mag.
The cell exists in the search paths at /foss/pdk/sky130A/libs.ref/sky130_fd_sc_hd/maglef/sky130_fd_sc_hd__a21boi_2.mag.
The discovered version will be used.
Warning:  Parent cell lists instance of "sky130_fd_sc_hd__o21a_1" at bad file path /foss/designs/ma2022/fll_2/runs/RUN_2022.11.02_10.22.32/results/finishing/sky130_fd_sc_hd__o21a_1.mag.
The cell exists in the search paths at /foss/pdk/sky130A/libs.ref/sky130_fd_sc_hd/maglef/sky130_fd_sc_hd__o21a_1.mag.
The discovered version will be used.
Warning:  Parent cell lists instance of "sky130_fd_sc_hd__a21bo_1" at bad file path /foss/designs/ma2022/fll_2/runs/RUN_2022.11.02_10.22.32/results/finishing/sky130_fd_sc_hd__a21bo_1.mag.
The cell exists in the search paths at /foss/pdk/sky130A/libs.ref/sky130_fd_sc_hd/maglef/sky130_fd_sc_hd__a21bo_1.mag.
The discovered version will be used.
Warning:  Parent cell lists instance of "sky130_fd_sc_hd__a31o_1" at bad file path /foss/designs/ma2022/fll_2/runs/RUN_2022.11.02_10.22.32/results/finishing/sky130_fd_sc_hd__a31o_1.mag.
The cell exists in the search paths at /foss/pdk/sky130A/libs.ref/sky130_fd_sc_hd/maglef/sky130_fd_sc_hd__a31o_1.mag.
The discovered version will be used.
Warning:  Parent cell lists instance of "sky130_fd_sc_hd__a22o_1" at bad file path /foss/designs/ma2022/fll_2/runs/RUN_2022.11.02_10.22.32/results/finishing/sky130_fd_sc_hd__a22o_1.mag.
The cell exists in the search paths at /foss/pdk/sky130A/libs.ref/sky130_fd_sc_hd/maglef/sky130_fd_sc_hd__a22o_1.mag.
The discovered version will be used.
Warning:  Parent cell lists instance of "sky130_fd_sc_hd__o221a_1" at bad file path /foss/designs/ma2022/fll_2/runs/RUN_2022.11.02_10.22.32/results/finishing/sky130_fd_sc_hd__o221a_1.mag.
The cell exists in the search paths at /foss/pdk/sky130A/libs.ref/sky130_fd_sc_hd/maglef/sky130_fd_sc_hd__o221a_1.mag.
The discovered version will be used.
Warning:  Parent cell lists instance of "sky130_fd_sc_hd__o22a_1" at bad file path /foss/designs/ma2022/fll_2/runs/RUN_2022.11.02_10.22.32/results/finishing/sky130_fd_sc_hd__o22a_1.mag.
The cell exists in the search paths at /foss/pdk/sky130A/libs.ref/sky130_fd_sc_hd/maglef/sky130_fd_sc_hd__o22a_1.mag.
The discovered version will be used.
Warning:  Parent cell lists instance of "sky130_fd_sc_hd__a211o_1" at bad file path /foss/designs/ma2022/fll_2/runs/RUN_2022.11.02_10.22.32/results/finishing/sky130_fd_sc_hd__a211o_1.mag.
The cell exists in the search paths at /foss/pdk/sky130A/libs.ref/sky130_fd_sc_hd/maglef/sky130_fd_sc_hd__a211o_1.mag.
The discovered version will be used.
Warning:  Parent cell lists instance of "sky130_fd_sc_hd__o2bb2a_1" at bad file path /foss/designs/ma2022/fll_2/runs/RUN_2022.11.02_10.22.32/results/finishing/sky130_fd_sc_hd__o2bb2a_1.mag.
The cell exists in the search paths at /foss/pdk/sky130A/libs.ref/sky130_fd_sc_hd/maglef/sky130_fd_sc_hd__o2bb2a_1.mag.
The discovered version will be used.
Warning:  Parent cell lists instance of "sky130_fd_sc_hd__a221o_1" at bad file path /foss/designs/ma2022/fll_2/runs/RUN_2022.11.02_10.22.32/results/finishing/sky130_fd_sc_hd__a221o_1.mag.
The cell exists in the search paths at /foss/pdk/sky130A/libs.ref/sky130_fd_sc_hd/maglef/sky130_fd_sc_hd__a221o_1.mag.
The discovered version will be used.
Warning:  Parent cell lists instance of "sky130_fd_sc_hd__o211a_1" at bad file path /foss/designs/ma2022/fll_2/runs/RUN_2022.11.02_10.22.32/results/finishing/sky130_fd_sc_hd__o211a_1.mag.
The cell exists in the search paths at /foss/pdk/sky130A/libs.ref/sky130_fd_sc_hd/maglef/sky130_fd_sc_hd__o211a_1.mag.
The discovered version will be used.
Warning:  Parent cell lists instance of "sky130_fd_sc_hd__and4b_1" at bad file path /foss/designs/ma2022/fll_2/runs/RUN_2022.11.02_10.22.32/results/finishing/sky130_fd_sc_hd__and4b_1.mag.
The cell exists in the search paths at /foss/pdk/sky130A/libs.ref/sky130_fd_sc_hd/maglef/sky130_fd_sc_hd__and4b_1.mag.
The discovered version will be used.
Warning:  Parent cell lists instance of "sky130_fd_sc_hd__o21ba_1" at bad file path /foss/designs/ma2022/fll_2/runs/RUN_2022.11.02_10.22.32/results/finishing/sky130_fd_sc_hd__o21ba_1.mag.
The cell exists in the search paths at /foss/pdk/sky130A/libs.ref/sky130_fd_sc_hd/maglef/sky130_fd_sc_hd__o21ba_1.mag.
The discovered version will be used.
Warning:  Parent cell lists instance of "sky130_fd_sc_hd__tapvpwrvgnd_1" at bad file path /foss/designs/ma2022/fll_2/runs/RUN_2022.11.02_10.22.32/results/finishing/sky130_fd_sc_hd__tapvpwrvgnd_1.mag.
The cell exists in the search paths at /foss/pdk/sky130A/libs.ref/sky130_fd_sc_hd/maglef/sky130_fd_sc_hd__tapvpwrvgnd_1.mag.
The discovered version will be used.
Warning:  Parent cell lists instance of "sky130_fd_sc_hd__decap_3" at bad file path /foss/designs/ma2022/fll_2/runs/RUN_2022.11.02_10.22.32/results/finishing/sky130_fd_sc_hd__decap_3.mag.
The cell exists in the search paths at /foss/pdk/sky130A/libs.ref/sky130_fd_sc_hd/maglef/sky130_fd_sc_hd__decap_3.mag.
The discovered version will be used.
Warning:  Parent cell lists instance of "sky130_fd_sc_hd__decap_4" at bad file path /foss/designs/ma2022/fll_2/runs/RUN_2022.11.02_10.22.32/results/finishing/sky130_fd_sc_hd__decap_4.mag.
The cell exists in the search paths at /foss/pdk/sky130A/libs.ref/sky130_fd_sc_hd/maglef/sky130_fd_sc_hd__decap_4.mag.
The discovered version will be used.
Warning:  Parent cell lists instance of "sky130_fd_sc_hd__decap_8" at bad file path /foss/designs/ma2022/fll_2/runs/RUN_2022.11.02_10.22.32/results/finishing/sky130_fd_sc_hd__decap_8.mag.
The cell exists in the search paths at /foss/pdk/sky130A/libs.ref/sky130_fd_sc_hd/maglef/sky130_fd_sc_hd__decap_8.mag.
The discovered version will be used.
Warning:  Parent cell lists instance of "sky130_fd_sc_hd__fill_2" at bad file path /foss/designs/ma2022/fll_2/runs/RUN_2022.11.02_10.22.32/results/finishing/sky130_fd_sc_hd__fill_2.mag.
The cell exists in the search paths at /foss/pdk/sky130A/libs.ref/sky130_fd_sc_hd/maglef/sky130_fd_sc_hd__fill_2.mag.
The discovered version will be used.
Warning:  Parent cell lists instance of "sky130_fd_sc_hd__fill_1" at bad file path /foss/designs/ma2022/fll_2/runs/RUN_2022.11.02_10.22.32/results/finishing/sky130_fd_sc_hd__fill_1.mag.
The cell exists in the search paths at /foss/pdk/sky130A/libs.ref/sky130_fd_sc_hd/maglef/sky130_fd_sc_hd__fill_1.mag.
The discovered version will be used.
Warning:  Parent cell lists instance of "sky130_fd_sc_hd__decap_6" at bad file path /foss/designs/ma2022/fll_2/runs/RUN_2022.11.02_10.22.32/results/finishing/sky130_fd_sc_hd__decap_6.mag.
The cell exists in the search paths at /foss/pdk/sky130A/libs.ref/sky130_fd_sc_hd/maglef/sky130_fd_sc_hd__decap_6.mag.
The discovered version will be used.
Warning:  Parent cell lists instance of "sky130_fd_sc_hd__decap_12" at bad file path /foss/designs/ma2022/fll_2/runs/RUN_2022.11.02_10.22.32/results/finishing/sky130_fd_sc_hd__decap_12.mag.
The cell exists in the search paths at /foss/pdk/sky130A/libs.ref/sky130_fd_sc_hd/maglef/sky130_fd_sc_hd__decap_12.mag.
The discovered version will be used.
Diagnostic:  Scale value is 0.005000
[INFO]: LEF Write Complete
Using technology "sky130A", version 1.0.283-0-g7519dfb
