OpenROAD v2.0-3074-g944855835 
This program is licensed under the BSD-3 license. See the LICENSE file for details.
Components of this program may be licensed under more restrictive licenses which must be honored.
[INFO ODB-0222] Reading LEF file: /foss/designs/ma2022/fll_2/runs/RUN_2022.11.02_10.22.32/tmp/merged.lef
[INFO ODB-0223]     Created 13 technology layers
[INFO ODB-0224]     Created 25 technology vias
[INFO ODB-0225]     Created 441 library cells
[INFO ODB-0226] Finished LEF file:  /foss/designs/ma2022/fll_2/runs/RUN_2022.11.02_10.22.32/tmp/merged.lef
[INFO ODB-0127] Reading DEF file: /foss/designs/ma2022/fll_2/runs/RUN_2022.11.02_10.22.32/results/routing/fll_wrapper_2.def
[INFO ODB-0128] Design: fll_wrapper_2
[INFO ODB-0130]     Created 70 pins.
[INFO ODB-0131]     Created 1247 components and 5988 component-terminals.
[INFO ODB-0132]     Created 2 special nets and 4778 connections.
[INFO ODB-0133]     Created 454 nets and 1210 connections.
[INFO ODB-0134] Finished DEF file: /foss/designs/ma2022/fll_2/runs/RUN_2022.11.02_10.22.32/results/routing/fll_wrapper_2.def
Top-level design name: fll_wrapper_2
Default power net:  VPWR
Default ground net: VGND
Found a total of 1 power ports.
Found a total of 1 ground ports.
Modified power connections of 1247 cells (Remaining: 0 ).
