OpenROAD v2.0-5460-g127815b81 
This program is licensed under the BSD-3 license. See the LICENSE file for details.
Components of this program may be licensed under more restrictive licenses which must be honored.
Placement Analysis
---------------------------------
total displacement          0.0 u
average displacement        0.0 u
max displacement            0.0 u
original HPWL           25580.0 u
legalized HPWL          26229.3 u
delta HPWL                    3 %

[INFO DPL-0020] Mirrored 479 instances
[INFO DPL-0021] HPWL before           26229.3 u
[INFO DPL-0022] HPWL after            25580.0 u
[INFO DPL-0023] HPWL delta               -2.5 %
Setting global connections for newly added cells...
Writing OpenROAD database to /foss/designs/ma2022/wrapper/runs/RUN_2023.03.12_07.43.52/tmp/routing/diode.odb...
Writing netlist to /foss/designs/ma2022/wrapper/runs/RUN_2023.03.12_07.43.52/tmp/routing/diode.nl.v...
Writing powered netlist to /foss/designs/ma2022/wrapper/runs/RUN_2023.03.12_07.43.52/tmp/routing/diode.pnl.v...
Writing layout to /foss/designs/ma2022/wrapper/runs/RUN_2023.03.12_07.43.52/tmp/routing/diode.def...
