
===========================================================================
report_checks -path_delay max (Setup)
============================================================================
Startpoint: _2188_ (rising edge-triggered flip-flop clocked by ref_in)
Endpoint: _2200_ (recovery check against rising-edge clock vco_in)
Path Group: **async_default**
Path Type: max

Fanout     Cap    Slew   Delay    Time   Description
-----------------------------------------------------------------------------
                          0.00    0.00   clock ref_in (rise edge)
                          0.00    0.00   clock source latency
                  0.00    0.00    0.00 ^ ref_in (in)
     1    0.02                           ref_in (net)
                  0.00    0.00    0.00 ^ clkbuf_0_ref_in/A (sky130_fd_sc_hd__clkbuf_16)
                  0.04    0.11    0.11 ^ clkbuf_0_ref_in/X (sky130_fd_sc_hd__clkbuf_16)
     2    0.02                           clknet_0_ref_in (net)
                  0.04    0.00    0.11 ^ clkbuf_1_1__f_ref_in/A (sky130_fd_sc_hd__clkbuf_16)
                  0.05    0.13    0.24 ^ clkbuf_1_1__f_ref_in/X (sky130_fd_sc_hd__clkbuf_16)
    11    0.03                           clknet_1_1__leaf_ref_in (net)
                  0.05    0.00    0.24 ^ _2188_/CLK (sky130_fd_sc_hd__dfstp_1)
                  0.05    0.38    0.62 v _2188_/Q (sky130_fd_sc_hd__dfstp_1)
     2    0.01                           d5.fll_core.counter_reset (net)
                  0.05    0.00    0.62 v _1960_/A (sky130_fd_sc_hd__buf_4)
                  0.08    0.19    0.80 v _1960_/X (sky130_fd_sc_hd__buf_4)
    10    0.05                           _0778_ (net)
                  0.08    0.00    0.81 v _1961_/A (sky130_fd_sc_hd__inv_2)
                  0.04    0.06    0.87 ^ _1961_/Y (sky130_fd_sc_hd__inv_2)
     1    0.01                           _0226_ (net)
                  0.04    0.00    0.87 ^ _2200_/RESET_B (sky130_fd_sc_hd__dfrtp_2)
                                  0.87   data arrival time

                         10.00   10.00   clock vco_in (rise edge)
                          0.00   10.00   clock source latency
                  0.00    0.00   10.00 ^ vco_in (in)
     1    0.01                           vco_in (net)
                  0.00    0.00   10.00 ^ clkbuf_0_vco_in/A (sky130_fd_sc_hd__clkbuf_16)
                  0.04    0.11   10.11 ^ clkbuf_0_vco_in/X (sky130_fd_sc_hd__clkbuf_16)
     2    0.02                           clknet_0_vco_in (net)
                  0.04    0.00   10.11 ^ clkbuf_1_0__f_vco_in/A (sky130_fd_sc_hd__clkbuf_16)
                  0.04    0.12   10.23 ^ clkbuf_1_0__f_vco_in/X (sky130_fd_sc_hd__clkbuf_16)
     5    0.01                           clknet_1_0__leaf_vco_in (net)
                  0.04    0.00   10.23 ^ _2200_/CLK (sky130_fd_sc_hd__dfrtp_2)
                          0.00   10.23   clock reconvergence pessimism
                          0.22   10.45   library recovery time
                                 10.45   data required time
-----------------------------------------------------------------------------
                                 10.45   data required time
                                 -0.87   data arrival time
-----------------------------------------------------------------------------
                                  9.58   slack (MET)


Startpoint: _2188_ (rising edge-triggered flip-flop clocked by ref_in)
Endpoint: _2201_ (recovery check against rising-edge clock vco_in)
Path Group: **async_default**
Path Type: max

Fanout     Cap    Slew   Delay    Time   Description
-----------------------------------------------------------------------------
                          0.00    0.00   clock ref_in (rise edge)
                          0.00    0.00   clock source latency
                  0.00    0.00    0.00 ^ ref_in (in)
     1    0.02                           ref_in (net)
                  0.00    0.00    0.00 ^ clkbuf_0_ref_in/A (sky130_fd_sc_hd__clkbuf_16)
                  0.04    0.11    0.11 ^ clkbuf_0_ref_in/X (sky130_fd_sc_hd__clkbuf_16)
     2    0.02                           clknet_0_ref_in (net)
                  0.04    0.00    0.11 ^ clkbuf_1_1__f_ref_in/A (sky130_fd_sc_hd__clkbuf_16)
                  0.05    0.13    0.24 ^ clkbuf_1_1__f_ref_in/X (sky130_fd_sc_hd__clkbuf_16)
    11    0.03                           clknet_1_1__leaf_ref_in (net)
                  0.05    0.00    0.24 ^ _2188_/CLK (sky130_fd_sc_hd__dfstp_1)
                  0.05    0.38    0.62 v _2188_/Q (sky130_fd_sc_hd__dfstp_1)
     2    0.01                           d5.fll_core.counter_reset (net)
                  0.05    0.00    0.62 v _1960_/A (sky130_fd_sc_hd__buf_4)
                  0.08    0.19    0.80 v _1960_/X (sky130_fd_sc_hd__buf_4)
    10    0.05                           _0778_ (net)
                  0.08    0.00    0.81 v _1962_/A (sky130_fd_sc_hd__inv_2)
                  0.03    0.06    0.86 ^ _1962_/Y (sky130_fd_sc_hd__inv_2)
     1    0.00                           _0227_ (net)
                  0.03    0.00    0.86 ^ _2201_/RESET_B (sky130_fd_sc_hd__dfrtp_2)
                                  0.86   data arrival time

                         10.00   10.00   clock vco_in (rise edge)
                          0.00   10.00   clock source latency
                  0.00    0.00   10.00 ^ vco_in (in)
     1    0.01                           vco_in (net)
                  0.00    0.00   10.00 ^ clkbuf_0_vco_in/A (sky130_fd_sc_hd__clkbuf_16)
                  0.04    0.11   10.11 ^ clkbuf_0_vco_in/X (sky130_fd_sc_hd__clkbuf_16)
     2    0.02                           clknet_0_vco_in (net)
                  0.04    0.00   10.11 ^ clkbuf_1_0__f_vco_in/A (sky130_fd_sc_hd__clkbuf_16)
                  0.04    0.12   10.23 ^ clkbuf_1_0__f_vco_in/X (sky130_fd_sc_hd__clkbuf_16)
     5    0.01                           clknet_1_0__leaf_vco_in (net)
                  0.04    0.00   10.23 ^ _2201_/CLK (sky130_fd_sc_hd__dfrtp_2)
                          0.00   10.23   clock reconvergence pessimism
                          0.22   10.45   library recovery time
                                 10.45   data required time
-----------------------------------------------------------------------------
                                 10.45   data required time
                                 -0.86   data arrival time
-----------------------------------------------------------------------------
                                  9.58   slack (MET)


Startpoint: _2188_ (rising edge-triggered flip-flop clocked by ref_in)
Endpoint: _2208_ (recovery check against rising-edge clock vco_in)
Path Group: **async_default**
Path Type: max

Fanout     Cap    Slew   Delay    Time   Description
-----------------------------------------------------------------------------
                          0.00    0.00   clock ref_in (rise edge)
                          0.00    0.00   clock source latency
                  0.00    0.00    0.00 ^ ref_in (in)
     1    0.02                           ref_in (net)
                  0.00    0.00    0.00 ^ clkbuf_0_ref_in/A (sky130_fd_sc_hd__clkbuf_16)
                  0.04    0.11    0.11 ^ clkbuf_0_ref_in/X (sky130_fd_sc_hd__clkbuf_16)
     2    0.02                           clknet_0_ref_in (net)
                  0.04    0.00    0.11 ^ clkbuf_1_1__f_ref_in/A (sky130_fd_sc_hd__clkbuf_16)
                  0.05    0.13    0.24 ^ clkbuf_1_1__f_ref_in/X (sky130_fd_sc_hd__clkbuf_16)
    11    0.03                           clknet_1_1__leaf_ref_in (net)
                  0.05    0.00    0.24 ^ _2188_/CLK (sky130_fd_sc_hd__dfstp_1)
                  0.05    0.38    0.62 v _2188_/Q (sky130_fd_sc_hd__dfstp_1)
     2    0.01                           d5.fll_core.counter_reset (net)
                  0.05    0.00    0.62 v _1960_/A (sky130_fd_sc_hd__buf_4)
                  0.08    0.19    0.80 v _1960_/X (sky130_fd_sc_hd__buf_4)
    10    0.05                           _0778_ (net)
                  0.08    0.00    0.81 v _1969_/A (sky130_fd_sc_hd__inv_2)
                  0.03    0.06    0.86 ^ _1969_/Y (sky130_fd_sc_hd__inv_2)
     1    0.00                           _0234_ (net)
                  0.03    0.00    0.86 ^ _2208_/RESET_B (sky130_fd_sc_hd__dfrtp_1)
                                  0.86   data arrival time

                         10.00   10.00   clock vco_in (rise edge)
                          0.00   10.00   clock source latency
                  0.00    0.00   10.00 ^ vco_in (in)
     1    0.01                           vco_in (net)
                  0.00    0.00   10.00 ^ clkbuf_0_vco_in/A (sky130_fd_sc_hd__clkbuf_16)
                  0.04    0.11   10.11 ^ clkbuf_0_vco_in/X (sky130_fd_sc_hd__clkbuf_16)
     2    0.02                           clknet_0_vco_in (net)
                  0.04    0.00   10.11 ^ clkbuf_1_1__f_vco_in/A (sky130_fd_sc_hd__clkbuf_16)
                  0.04    0.12   10.23 ^ clkbuf_1_1__f_vco_in/X (sky130_fd_sc_hd__clkbuf_16)
     5    0.01                           clknet_1_1__leaf_vco_in (net)
                  0.04    0.00   10.23 ^ _2208_/CLK (sky130_fd_sc_hd__dfrtp_1)
                          0.00   10.23   clock reconvergence pessimism
                          0.23   10.46   library recovery time
                                 10.46   data required time
-----------------------------------------------------------------------------
                                 10.46   data required time
                                 -0.86   data arrival time
-----------------------------------------------------------------------------
                                  9.59   slack (MET)


Startpoint: _2188_ (rising edge-triggered flip-flop clocked by ref_in)
Endpoint: _2206_ (recovery check against rising-edge clock vco_in)
Path Group: **async_default**
Path Type: max

Fanout     Cap    Slew   Delay    Time   Description
-----------------------------------------------------------------------------
                          0.00    0.00   clock ref_in (rise edge)
                          0.00    0.00   clock source latency
                  0.00    0.00    0.00 ^ ref_in (in)
     1    0.02                           ref_in (net)
                  0.00    0.00    0.00 ^ clkbuf_0_ref_in/A (sky130_fd_sc_hd__clkbuf_16)
                  0.04    0.11    0.11 ^ clkbuf_0_ref_in/X (sky130_fd_sc_hd__clkbuf_16)
     2    0.02                           clknet_0_ref_in (net)
                  0.04    0.00    0.11 ^ clkbuf_1_1__f_ref_in/A (sky130_fd_sc_hd__clkbuf_16)
                  0.05    0.13    0.24 ^ clkbuf_1_1__f_ref_in/X (sky130_fd_sc_hd__clkbuf_16)
    11    0.03                           clknet_1_1__leaf_ref_in (net)
                  0.05    0.00    0.24 ^ _2188_/CLK (sky130_fd_sc_hd__dfstp_1)
                  0.05    0.38    0.62 v _2188_/Q (sky130_fd_sc_hd__dfstp_1)
     2    0.01                           d5.fll_core.counter_reset (net)
                  0.05    0.00    0.62 v _1960_/A (sky130_fd_sc_hd__buf_4)
                  0.08    0.19    0.80 v _1960_/X (sky130_fd_sc_hd__buf_4)
    10    0.05                           _0778_ (net)
                  0.08    0.00    0.81 v _1967_/A (sky130_fd_sc_hd__inv_2)
                  0.03    0.06    0.86 ^ _1967_/Y (sky130_fd_sc_hd__inv_2)
     1    0.00                           _0232_ (net)
                  0.03    0.00    0.86 ^ _2206_/RESET_B (sky130_fd_sc_hd__dfrtp_1)
                                  0.86   data arrival time

                         10.00   10.00   clock vco_in (rise edge)
                          0.00   10.00   clock source latency
                  0.00    0.00   10.00 ^ vco_in (in)
     1    0.01                           vco_in (net)
                  0.00    0.00   10.00 ^ clkbuf_0_vco_in/A (sky130_fd_sc_hd__clkbuf_16)
                  0.04    0.11   10.11 ^ clkbuf_0_vco_in/X (sky130_fd_sc_hd__clkbuf_16)
     2    0.02                           clknet_0_vco_in (net)
                  0.04    0.00   10.11 ^ clkbuf_1_1__f_vco_in/A (sky130_fd_sc_hd__clkbuf_16)
                  0.04    0.12   10.23 ^ clkbuf_1_1__f_vco_in/X (sky130_fd_sc_hd__clkbuf_16)
     5    0.01                           clknet_1_1__leaf_vco_in (net)
                  0.04    0.00   10.23 ^ _2206_/CLK (sky130_fd_sc_hd__dfrtp_1)
                          0.00   10.23   clock reconvergence pessimism
                          0.23   10.46   library recovery time
                                 10.46   data required time
-----------------------------------------------------------------------------
                                 10.46   data required time
                                 -0.86   data arrival time
-----------------------------------------------------------------------------
                                  9.59   slack (MET)


Startpoint: _2188_ (rising edge-triggered flip-flop clocked by ref_in)
Endpoint: _2207_ (recovery check against rising-edge clock vco_in)
Path Group: **async_default**
Path Type: max

Fanout     Cap    Slew   Delay    Time   Description
-----------------------------------------------------------------------------
                          0.00    0.00   clock ref_in (rise edge)
                          0.00    0.00   clock source latency
                  0.00    0.00    0.00 ^ ref_in (in)
     1    0.02                           ref_in (net)
                  0.00    0.00    0.00 ^ clkbuf_0_ref_in/A (sky130_fd_sc_hd__clkbuf_16)
                  0.04    0.11    0.11 ^ clkbuf_0_ref_in/X (sky130_fd_sc_hd__clkbuf_16)
     2    0.02                           clknet_0_ref_in (net)
                  0.04    0.00    0.11 ^ clkbuf_1_1__f_ref_in/A (sky130_fd_sc_hd__clkbuf_16)
                  0.05    0.13    0.24 ^ clkbuf_1_1__f_ref_in/X (sky130_fd_sc_hd__clkbuf_16)
    11    0.03                           clknet_1_1__leaf_ref_in (net)
                  0.05    0.00    0.24 ^ _2188_/CLK (sky130_fd_sc_hd__dfstp_1)
                  0.05    0.38    0.62 v _2188_/Q (sky130_fd_sc_hd__dfstp_1)
     2    0.01                           d5.fll_core.counter_reset (net)
                  0.05    0.00    0.62 v _1960_/A (sky130_fd_sc_hd__buf_4)
                  0.08    0.19    0.80 v _1960_/X (sky130_fd_sc_hd__buf_4)
    10    0.05                           _0778_ (net)
                  0.08    0.00    0.81 v _1968_/A (sky130_fd_sc_hd__inv_2)
                  0.03    0.06    0.86 ^ _1968_/Y (sky130_fd_sc_hd__inv_2)
     1    0.00                           _0233_ (net)
                  0.03    0.00    0.86 ^ _2207_/RESET_B (sky130_fd_sc_hd__dfrtp_1)
                                  0.86   data arrival time

                         10.00   10.00   clock vco_in (rise edge)
                          0.00   10.00   clock source latency
                  0.00    0.00   10.00 ^ vco_in (in)
     1    0.01                           vco_in (net)
                  0.00    0.00   10.00 ^ clkbuf_0_vco_in/A (sky130_fd_sc_hd__clkbuf_16)
                  0.04    0.11   10.11 ^ clkbuf_0_vco_in/X (sky130_fd_sc_hd__clkbuf_16)
     2    0.02                           clknet_0_vco_in (net)
                  0.04    0.00   10.11 ^ clkbuf_1_1__f_vco_in/A (sky130_fd_sc_hd__clkbuf_16)
                  0.04    0.12   10.23 ^ clkbuf_1_1__f_vco_in/X (sky130_fd_sc_hd__clkbuf_16)
     5    0.01                           clknet_1_1__leaf_vco_in (net)
                  0.04    0.00   10.23 ^ _2207_/CLK (sky130_fd_sc_hd__dfrtp_1)
                          0.00   10.23   clock reconvergence pessimism
                          0.23   10.46   library recovery time
                                 10.46   data required time
-----------------------------------------------------------------------------
                                 10.46   data required time
                                 -0.86   data arrival time
-----------------------------------------------------------------------------
                                  9.59   slack (MET)


Startpoint: _2136_ (rising edge-triggered flip-flop clocked by clk_in)
Endpoint: _2036_ (rising edge-triggered flip-flop clocked by clk_in)
Path Group: clk_in
Path Type: max

Fanout     Cap    Slew   Delay    Time   Description
-----------------------------------------------------------------------------
                          0.00    0.00   clock clk_in (rise edge)
                          0.00    0.00   clock source latency
                  0.00    0.00    0.00 ^ clk_in (in)
     1    0.02                           clk_in (net)
                  0.00    0.00    0.00 ^ clkbuf_0_clk_in/A (sky130_fd_sc_hd__clkbuf_16)
                  0.12    0.17    0.17 ^ clkbuf_0_clk_in/X (sky130_fd_sc_hd__clkbuf_16)
    16    0.10                           clknet_0_clk_in (net)
                  0.12    0.00    0.18 ^ clkbuf_4_11_0_clk_in/A (sky130_fd_sc_hd__clkbuf_8)
                  0.08    0.18    0.36 ^ clkbuf_4_11_0_clk_in/X (sky130_fd_sc_hd__clkbuf_8)
    14    0.04                           clknet_4_11_0_clk_in (net)
                  0.08    0.00    0.36 ^ _2136_/CLK (sky130_fd_sc_hd__dfrtp_4)
                  0.10    0.54    0.90 v _2136_/Q (sky130_fd_sc_hd__dfrtp_4)
    10    0.04                           d2.t_load[44] (net)
                  0.10    0.00    0.90 v _1500_/A1 (sky130_fd_sc_hd__mux2_1)
                  0.05    0.30    1.20 v _1500_/X (sky130_fd_sc_hd__mux2_1)
     1    0.00                           _0611_ (net)
                  0.05    0.00    1.20 v _1501_/A0 (sky130_fd_sc_hd__mux2_1)
                  0.06    0.29    1.49 v _1501_/X (sky130_fd_sc_hd__mux2_1)
     1    0.00                           _0612_ (net)
                  0.06    0.00    1.49 v _1502_/A (sky130_fd_sc_hd__clkbuf_1)
                  0.03    0.10    1.58 v _1502_/X (sky130_fd_sc_hd__clkbuf_1)
     1    0.00                           _0300_ (net)
                  0.03    0.00    1.58 v _2036_/D (sky130_fd_sc_hd__dfrtp_1)
                                  1.58   data arrival time

                         40.00   40.00   clock clk_in (rise edge)
                          0.00   40.00   clock source latency
                  0.00    0.00   40.00 ^ clk_in (in)
     1    0.02                           clk_in (net)
                  0.00    0.00   40.00 ^ clkbuf_0_clk_in/A (sky130_fd_sc_hd__clkbuf_16)
                  0.12    0.17   40.17 ^ clkbuf_0_clk_in/X (sky130_fd_sc_hd__clkbuf_16)
    16    0.10                           clknet_0_clk_in (net)
                  0.12    0.00   40.18 ^ clkbuf_4_11_0_clk_in/A (sky130_fd_sc_hd__clkbuf_8)
                  0.08    0.18   40.36 ^ clkbuf_4_11_0_clk_in/X (sky130_fd_sc_hd__clkbuf_8)
    14    0.04                           clknet_4_11_0_clk_in (net)
                  0.08    0.00   40.36 ^ _2036_/CLK (sky130_fd_sc_hd__dfrtp_1)
                          0.00   40.36   clock reconvergence pessimism
                         -0.10   40.26   library setup time
                                 40.26   data required time
-----------------------------------------------------------------------------
                                 40.26   data required time
                                 -1.58   data arrival time
-----------------------------------------------------------------------------
                                 38.68   slack (MET)


Startpoint: _2125_ (rising edge-triggered flip-flop clocked by clk_in)
Endpoint: _2025_ (rising edge-triggered flip-flop clocked by clk_in)
Path Group: clk_in
Path Type: max

Fanout     Cap    Slew   Delay    Time   Description
-----------------------------------------------------------------------------
                          0.00    0.00   clock clk_in (rise edge)
                          0.00    0.00   clock source latency
                  0.00    0.00    0.00 ^ clk_in (in)
     1    0.02                           clk_in (net)
                  0.00    0.00    0.00 ^ clkbuf_0_clk_in/A (sky130_fd_sc_hd__clkbuf_16)
                  0.12    0.17    0.17 ^ clkbuf_0_clk_in/X (sky130_fd_sc_hd__clkbuf_16)
    16    0.10                           clknet_0_clk_in (net)
                  0.12    0.00    0.18 ^ clkbuf_4_11_0_clk_in/A (sky130_fd_sc_hd__clkbuf_8)
                  0.08    0.18    0.36 ^ clkbuf_4_11_0_clk_in/X (sky130_fd_sc_hd__clkbuf_8)
    14    0.04                           clknet_4_11_0_clk_in (net)
                  0.08    0.00    0.36 ^ _2125_/CLK (sky130_fd_sc_hd__dfrtp_4)
                  0.09    0.52    0.88 v _2125_/Q (sky130_fd_sc_hd__dfrtp_4)
     5    0.03                           d2.t_load[33] (net)
                  0.09    0.00    0.88 v _1535_/A1 (sky130_fd_sc_hd__mux2_1)
                  0.05    0.29    1.17 v _1535_/X (sky130_fd_sc_hd__mux2_1)
     1    0.00                           _0635_ (net)
                  0.05    0.00    1.17 v _1536_/A0 (sky130_fd_sc_hd__mux2_1)
                  0.06    0.28    1.45 v _1536_/X (sky130_fd_sc_hd__mux2_1)
     1    0.00                           _0636_ (net)
                  0.06    0.00    1.45 v _1537_/A (sky130_fd_sc_hd__clkbuf_1)
                  0.03    0.10    1.55 v _1537_/X (sky130_fd_sc_hd__clkbuf_1)
     1    0.00                           _0289_ (net)
                  0.03    0.00    1.55 v _2025_/D (sky130_fd_sc_hd__dfrtp_1)
                                  1.55   data arrival time

                         40.00   40.00   clock clk_in (rise edge)
                          0.00   40.00   clock source latency
                  0.00    0.00   40.00 ^ clk_in (in)
     1    0.02                           clk_in (net)
                  0.00    0.00   40.00 ^ clkbuf_0_clk_in/A (sky130_fd_sc_hd__clkbuf_16)
                  0.12    0.17   40.17 ^ clkbuf_0_clk_in/X (sky130_fd_sc_hd__clkbuf_16)
    16    0.10                           clknet_0_clk_in (net)
                  0.12    0.00   40.18 ^ clkbuf_4_11_0_clk_in/A (sky130_fd_sc_hd__clkbuf_8)
                  0.08    0.18   40.36 ^ clkbuf_4_11_0_clk_in/X (sky130_fd_sc_hd__clkbuf_8)
    14    0.04                           clknet_4_11_0_clk_in (net)
                  0.08    0.00   40.36 ^ _2025_/CLK (sky130_fd_sc_hd__dfrtp_1)
                          0.00   40.36   clock reconvergence pessimism
                         -0.10   40.26   library setup time
                                 40.26   data required time
-----------------------------------------------------------------------------
                                 40.26   data required time
                                 -1.55   data arrival time
-----------------------------------------------------------------------------
                                 38.71   slack (MET)


Startpoint: _2168_ (rising edge-triggered flip-flop clocked by clk_in)
Endpoint: _2068_ (rising edge-triggered flip-flop clocked by clk_in)
Path Group: clk_in
Path Type: max

Fanout     Cap    Slew   Delay    Time   Description
-----------------------------------------------------------------------------
                          0.00    0.00   clock clk_in (rise edge)
                          0.00    0.00   clock source latency
                  0.00    0.00    0.00 ^ clk_in (in)
     1    0.02                           clk_in (net)
                  0.00    0.00    0.00 ^ clkbuf_0_clk_in/A (sky130_fd_sc_hd__clkbuf_16)
                  0.12    0.17    0.17 ^ clkbuf_0_clk_in/X (sky130_fd_sc_hd__clkbuf_16)
    16    0.10                           clknet_0_clk_in (net)
                  0.12    0.00    0.18 ^ clkbuf_4_2_0_clk_in/A (sky130_fd_sc_hd__clkbuf_8)
                  0.09    0.19    0.37 ^ clkbuf_4_2_0_clk_in/X (sky130_fd_sc_hd__clkbuf_8)
    17    0.05                           clknet_4_2_0_clk_in (net)
                  0.09    0.00    0.37 ^ _2168_/CLK (sky130_fd_sc_hd__dfrtp_1)
                  0.09    0.43    0.80 v _2168_/Q (sky130_fd_sc_hd__dfrtp_1)
     3    0.01                           net26 (net)
                  0.09    0.00    0.80 v _1397_/A1 (sky130_fd_sc_hd__mux2_1)
                  0.05    0.30    1.09 v _1397_/X (sky130_fd_sc_hd__mux2_1)
     1    0.00                           _0540_ (net)
                  0.05    0.00    1.09 v _1398_/A0 (sky130_fd_sc_hd__mux2_1)
                  0.06    0.28    1.37 v _1398_/X (sky130_fd_sc_hd__mux2_1)
     1    0.00                           _0541_ (net)
                  0.06    0.00    1.37 v _1399_/A (sky130_fd_sc_hd__clkbuf_1)
                  0.02    0.09    1.46 v _1399_/X (sky130_fd_sc_hd__clkbuf_1)
     1    0.00                           _0332_ (net)
                  0.02    0.00    1.46 v _2068_/D (sky130_fd_sc_hd__dfrtp_1)
                                  1.46   data arrival time

                         40.00   40.00   clock clk_in (rise edge)
                          0.00   40.00   clock source latency
                  0.00    0.00   40.00 ^ clk_in (in)
     1    0.02                           clk_in (net)
                  0.00    0.00   40.00 ^ clkbuf_0_clk_in/A (sky130_fd_sc_hd__clkbuf_16)
                  0.12    0.17   40.17 ^ clkbuf_0_clk_in/X (sky130_fd_sc_hd__clkbuf_16)
    16    0.10                           clknet_0_clk_in (net)
                  0.12    0.00   40.18 ^ clkbuf_4_3_0_clk_in/A (sky130_fd_sc_hd__clkbuf_8)
                  0.06    0.17   40.35 ^ clkbuf_4_3_0_clk_in/X (sky130_fd_sc_hd__clkbuf_8)
    10    0.03                           clknet_4_3_0_clk_in (net)
                  0.06    0.00   40.35 ^ _2068_/CLK (sky130_fd_sc_hd__dfrtp_1)
                          0.00   40.35   clock reconvergence pessimism
                         -0.10   40.25   library setup time
                                 40.25   data required time
-----------------------------------------------------------------------------
                                 40.25   data required time
                                 -1.46   data arrival time
-----------------------------------------------------------------------------
                                 38.78   slack (MET)


Startpoint: _2164_ (rising edge-triggered flip-flop clocked by clk_in)
Endpoint: _2064_ (rising edge-triggered flip-flop clocked by clk_in)
Path Group: clk_in
Path Type: max

Fanout     Cap    Slew   Delay    Time   Description
-----------------------------------------------------------------------------
                          0.00    0.00   clock clk_in (rise edge)
                          0.00    0.00   clock source latency
                  0.00    0.00    0.00 ^ clk_in (in)
     1    0.02                           clk_in (net)
                  0.00    0.00    0.00 ^ clkbuf_0_clk_in/A (sky130_fd_sc_hd__clkbuf_16)
                  0.12    0.17    0.17 ^ clkbuf_0_clk_in/X (sky130_fd_sc_hd__clkbuf_16)
    16    0.10                           clknet_0_clk_in (net)
                  0.12    0.00    0.18 ^ clkbuf_4_2_0_clk_in/A (sky130_fd_sc_hd__clkbuf_8)
                  0.09    0.19    0.37 ^ clkbuf_4_2_0_clk_in/X (sky130_fd_sc_hd__clkbuf_8)
    17    0.05                           clknet_4_2_0_clk_in (net)
                  0.09    0.00    0.37 ^ _2164_/CLK (sky130_fd_sc_hd__dfrtp_1)
                  0.07    0.41    0.78 v _2164_/Q (sky130_fd_sc_hd__dfrtp_1)
     3    0.01                           net22 (net)
                  0.07    0.00    0.78 v _1410_/A1 (sky130_fd_sc_hd__mux2_1)
                  0.05    0.29    1.08 v _1410_/X (sky130_fd_sc_hd__mux2_1)
     1    0.00                           _0549_ (net)
                  0.05    0.00    1.08 v _1411_/A0 (sky130_fd_sc_hd__mux2_1)
                  0.06    0.28    1.36 v _1411_/X (sky130_fd_sc_hd__mux2_1)
     1    0.00                           _0550_ (net)
                  0.06    0.00    1.36 v _1412_/A (sky130_fd_sc_hd__clkbuf_1)
                  0.02    0.09    1.45 v _1412_/X (sky130_fd_sc_hd__clkbuf_1)
     1    0.00                           _0328_ (net)
                  0.02    0.00    1.45 v _2064_/D (sky130_fd_sc_hd__dfrtp_1)
                                  1.45   data arrival time

                         40.00   40.00   clock clk_in (rise edge)
                          0.00   40.00   clock source latency
                  0.00    0.00   40.00 ^ clk_in (in)
     1    0.02                           clk_in (net)
                  0.00    0.00   40.00 ^ clkbuf_0_clk_in/A (sky130_fd_sc_hd__clkbuf_16)
                  0.12    0.17   40.17 ^ clkbuf_0_clk_in/X (sky130_fd_sc_hd__clkbuf_16)
    16    0.10                           clknet_0_clk_in (net)
                  0.12    0.00   40.18 ^ clkbuf_4_0_0_clk_in/A (sky130_fd_sc_hd__clkbuf_8)
                  0.06    0.17   40.35 ^ clkbuf_4_0_0_clk_in/X (sky130_fd_sc_hd__clkbuf_8)
    10    0.03                           clknet_4_0_0_clk_in (net)
                  0.06    0.00   40.35 ^ _2064_/CLK (sky130_fd_sc_hd__dfrtp_1)
                          0.00   40.35   clock reconvergence pessimism
                         -0.10   40.25   library setup time
                                 40.25   data required time
-----------------------------------------------------------------------------
                                 40.25   data required time
                                 -1.45   data arrival time
-----------------------------------------------------------------------------
                                 38.79   slack (MET)


Startpoint: _2123_ (rising edge-triggered flip-flop clocked by clk_in)
Endpoint: _2023_ (rising edge-triggered flip-flop clocked by clk_in)
Path Group: clk_in
Path Type: max

Fanout     Cap    Slew   Delay    Time   Description
-----------------------------------------------------------------------------
                          0.00    0.00   clock clk_in (rise edge)
                          0.00    0.00   clock source latency
                  0.00    0.00    0.00 ^ clk_in (in)
     1    0.02                           clk_in (net)
                  0.00    0.00    0.00 ^ clkbuf_0_clk_in/A (sky130_fd_sc_hd__clkbuf_16)
                  0.12    0.17    0.17 ^ clkbuf_0_clk_in/X (sky130_fd_sc_hd__clkbuf_16)
    16    0.10                           clknet_0_clk_in (net)
                  0.12    0.00    0.18 ^ clkbuf_4_11_0_clk_in/A (sky130_fd_sc_hd__clkbuf_8)
                  0.08    0.18    0.36 ^ clkbuf_4_11_0_clk_in/X (sky130_fd_sc_hd__clkbuf_8)
    14    0.04                           clknet_4_11_0_clk_in (net)
                  0.08    0.00    0.36 ^ _2123_/CLK (sky130_fd_sc_hd__dfrtp_1)
                  0.09    0.42    0.78 v _2123_/Q (sky130_fd_sc_hd__dfrtp_1)
     3    0.01                           d2.t_load[31] (net)
                  0.09    0.00    0.78 v _1541_/A1 (sky130_fd_sc_hd__mux2_1)
                  0.05    0.30    1.08 v _1541_/X (sky130_fd_sc_hd__mux2_1)
     1    0.00                           _0639_ (net)
                  0.05    0.00    1.08 v _1543_/A0 (sky130_fd_sc_hd__mux2_1)
                  0.06    0.29    1.37 v _1543_/X (sky130_fd_sc_hd__mux2_1)
     1    0.00                           _0641_ (net)
                  0.06    0.00    1.37 v _1544_/A (sky130_fd_sc_hd__clkbuf_1)
                  0.03    0.10    1.46 v _1544_/X (sky130_fd_sc_hd__clkbuf_1)
     1    0.00                           _0287_ (net)
                  0.03    0.00    1.46 v _2023_/D (sky130_fd_sc_hd__dfrtp_1)
                                  1.46   data arrival time

                         40.00   40.00   clock clk_in (rise edge)
                          0.00   40.00   clock source latency
                  0.00    0.00   40.00 ^ clk_in (in)
     1    0.02                           clk_in (net)
                  0.00    0.00   40.00 ^ clkbuf_0_clk_in/A (sky130_fd_sc_hd__clkbuf_16)
                  0.12    0.17   40.17 ^ clkbuf_0_clk_in/X (sky130_fd_sc_hd__clkbuf_16)
    16    0.10                           clknet_0_clk_in (net)
                  0.12    0.00   40.18 ^ clkbuf_4_11_0_clk_in/A (sky130_fd_sc_hd__clkbuf_8)
                  0.08    0.18   40.36 ^ clkbuf_4_11_0_clk_in/X (sky130_fd_sc_hd__clkbuf_8)
    14    0.04                           clknet_4_11_0_clk_in (net)
                  0.08    0.00   40.36 ^ _2023_/CLK (sky130_fd_sc_hd__dfrtp_1)
                          0.00   40.36   clock reconvergence pessimism
                         -0.10   40.26   library setup time
                                 40.26   data required time
-----------------------------------------------------------------------------
                                 40.26   data required time
                                 -1.46   data arrival time
-----------------------------------------------------------------------------
                                 38.80   slack (MET)


Startpoint: _2201_ (rising edge-triggered flip-flop clocked by vco_in)
Endpoint: _2199_ (rising edge-triggered flip-flop clocked by ref_in)
Path Group: ref_in
Path Type: max

Fanout     Cap    Slew   Delay    Time   Description
-----------------------------------------------------------------------------
                         30.00   30.00   clock vco_in (rise edge)
                          0.00   30.00   clock source latency
                  0.00    0.00   30.00 ^ vco_in (in)
     1    0.01                           vco_in (net)
                  0.00    0.00   30.00 ^ clkbuf_0_vco_in/A (sky130_fd_sc_hd__clkbuf_16)
                  0.04    0.11   30.11 ^ clkbuf_0_vco_in/X (sky130_fd_sc_hd__clkbuf_16)
     2    0.02                           clknet_0_vco_in (net)
                  0.04    0.00   30.11 ^ clkbuf_1_0__f_vco_in/A (sky130_fd_sc_hd__clkbuf_16)
                  0.04    0.12   30.23 ^ clkbuf_1_0__f_vco_in/X (sky130_fd_sc_hd__clkbuf_16)
     5    0.01                           clknet_1_0__leaf_vco_in (net)
                  0.04    0.00   30.23 ^ _2201_/CLK (sky130_fd_sc_hd__dfrtp_2)
                  0.08    0.43   30.66 v _2201_/Q (sky130_fd_sc_hd__dfrtp_2)
     6    0.02                           d5.fll_core.counter1.count[1] (net)
                  0.08    0.00   30.66 v _1008_/A (sky130_fd_sc_hd__or2b_1)
                  0.06    0.24   30.90 v _1008_/X (sky130_fd_sc_hd__or2b_1)
     2    0.01                           _0803_ (net)
                  0.06    0.00   30.90 v _1010_/A2 (sky130_fd_sc_hd__a21o_1)
                  0.03    0.18   31.08 v _1010_/X (sky130_fd_sc_hd__a21o_1)
     1    0.00                           _0805_ (net)
                  0.03    0.00   31.08 v _1011_/B2 (sky130_fd_sc_hd__a22o_1)
                  0.04    0.19   31.26 v _1011_/X (sky130_fd_sc_hd__a22o_1)
     1    0.00                           _0806_ (net)
                  0.04    0.00   31.26 v _1014_/A2 (sky130_fd_sc_hd__a211o_1)
                  0.06    0.29   31.56 v _1014_/X (sky130_fd_sc_hd__a211o_1)
     1    0.00                           _0809_ (net)
                  0.06    0.00   31.56 v _1015_/B2 (sky130_fd_sc_hd__a22oi_2)
                  0.21    0.21   31.77 ^ _1015_/Y (sky130_fd_sc_hd__a22oi_2)
     3    0.01                           _0810_ (net)
                  0.21    0.00   31.77 ^ _1020_/A (sky130_fd_sc_hd__nor2_1)
                  0.10    0.13   31.90 v _1020_/Y (sky130_fd_sc_hd__nor2_1)
     3    0.01                           _0815_ (net)
                  0.10    0.00   31.90 v _1021_/A (sky130_fd_sc_hd__buf_4)
                  0.07    0.20   32.11 v _1021_/X (sky130_fd_sc_hd__buf_4)
    10    0.05                           _0816_ (net)
                  0.07    0.00   32.11 v _1033_/B (sky130_fd_sc_hd__xnor2_1)
                  0.10    0.17   32.28 v _1033_/Y (sky130_fd_sc_hd__xnor2_1)
     3    0.01                           _0828_ (net)
                  0.10    0.00   32.28 v _1035_/B (sky130_fd_sc_hd__and3_1)
                  0.04    0.19   32.46 v _1035_/X (sky130_fd_sc_hd__and3_1)
     1    0.00                           _0830_ (net)
                  0.04    0.00   32.46 v _1038_/A3 (sky130_fd_sc_hd__a32o_1)
                  0.06    0.28   32.74 v _1038_/X (sky130_fd_sc_hd__a32o_1)
     2    0.01                           _0833_ (net)
                  0.06    0.00   32.74 v _1040_/A2 (sky130_fd_sc_hd__a21o_1)
                  0.04    0.19   32.93 v _1040_/X (sky130_fd_sc_hd__a21o_1)
     1    0.00                           _0835_ (net)
                  0.04    0.00   32.93 v _1042_/A (sky130_fd_sc_hd__xnor2_1)
                  0.04    0.11   33.04 v _1042_/Y (sky130_fd_sc_hd__xnor2_1)
     1    0.00                           _0837_ (net)
                  0.04    0.00   33.04 v _1090_/A1 (sky130_fd_sc_hd__mux2_1)
                  0.05    0.28   33.32 v _1090_/X (sky130_fd_sc_hd__mux2_1)
     1    0.00                           _0882_ (net)
                  0.05    0.00   33.32 v _1091_/A (sky130_fd_sc_hd__clkbuf_1)
                  0.02    0.09   33.41 v _1091_/X (sky130_fd_sc_hd__clkbuf_1)
     1    0.00                           _0461_ (net)
                  0.02    0.00   33.41 v _2199_/D (sky130_fd_sc_hd__dfrtp_2)
                                 33.41   data arrival time

                         40.00   40.00   clock ref_in (rise edge)
                          0.00   40.00   clock source latency
                  0.00    0.00   40.00 ^ ref_in (in)
     1    0.02                           ref_in (net)
                  0.00    0.00   40.00 ^ clkbuf_0_ref_in/A (sky130_fd_sc_hd__clkbuf_16)
                  0.04    0.11   40.11 ^ clkbuf_0_ref_in/X (sky130_fd_sc_hd__clkbuf_16)
     2    0.02                           clknet_0_ref_in (net)
                  0.04    0.00   40.11 ^ clkbuf_1_0__f_ref_in/A (sky130_fd_sc_hd__clkbuf_16)
                  0.06    0.14   40.25 ^ clkbuf_1_0__f_ref_in/X (sky130_fd_sc_hd__clkbuf_16)
    15    0.04                           clknet_1_0__leaf_ref_in (net)
                  0.06    0.00   40.25 ^ _2199_/CLK (sky130_fd_sc_hd__dfrtp_2)
                          0.00   40.25   clock reconvergence pessimism
                         -0.10   40.15   library setup time
                                 40.15   data required time
-----------------------------------------------------------------------------
                                 40.15   data required time
                                -33.41   data arrival time
-----------------------------------------------------------------------------
                                  6.74   slack (MET)


Startpoint: _2207_ (rising edge-triggered flip-flop clocked by vco_in)
Endpoint: _2197_ (rising edge-triggered flip-flop clocked by ref_in)
Path Group: ref_in
Path Type: max

Fanout     Cap    Slew   Delay    Time   Description
-----------------------------------------------------------------------------
                         30.00   30.00   clock vco_in (rise edge)
                          0.00   30.00   clock source latency
                  0.00    0.00   30.00 ^ vco_in (in)
     1    0.01                           vco_in (net)
                  0.00    0.00   30.00 ^ clkbuf_0_vco_in/A (sky130_fd_sc_hd__clkbuf_16)
                  0.04    0.11   30.11 ^ clkbuf_0_vco_in/X (sky130_fd_sc_hd__clkbuf_16)
     2    0.02                           clknet_0_vco_in (net)
                  0.04    0.00   30.11 ^ clkbuf_1_1__f_vco_in/A (sky130_fd_sc_hd__clkbuf_16)
                  0.04    0.12   30.23 ^ clkbuf_1_1__f_vco_in/X (sky130_fd_sc_hd__clkbuf_16)
     5    0.01                           clknet_1_1__leaf_vco_in (net)
                  0.04    0.00   30.23 ^ _2207_/CLK (sky130_fd_sc_hd__dfrtp_1)
                  0.12    0.38   30.60 ^ _2207_/Q (sky130_fd_sc_hd__dfrtp_1)
     4    0.01                           d5.fll_core.counter1.count[7] (net)
                  0.12    0.00   30.60 ^ _0996_/A_N (sky130_fd_sc_hd__and2b_1)
                  0.04    0.20   30.80 v _0996_/X (sky130_fd_sc_hd__and2b_1)
     2    0.01                           _0791_ (net)
                  0.04    0.00   30.80 v _0997_/C1 (sky130_fd_sc_hd__a221oi_1)
                  0.28    0.24   31.05 ^ _0997_/Y (sky130_fd_sc_hd__a221oi_1)
     2    0.00                           _0792_ (net)
                  0.28    0.00   31.05 ^ _1000_/C1 (sky130_fd_sc_hd__o2111a_1)
                  0.07    0.25   31.29 ^ _1000_/X (sky130_fd_sc_hd__o2111a_1)
     2    0.00                           _0795_ (net)
                  0.07    0.00   31.29 ^ _1014_/A1 (sky130_fd_sc_hd__a211o_1)
                  0.06    0.13   31.43 ^ _1014_/X (sky130_fd_sc_hd__a211o_1)
     1    0.01                           _0809_ (net)
                  0.06    0.00   31.43 ^ _1015_/B2 (sky130_fd_sc_hd__a22oi_2)
                  0.09    0.08   31.50 v _1015_/Y (sky130_fd_sc_hd__a22oi_2)
     3    0.01                           _0810_ (net)
                  0.09    0.00   31.50 v _1026_/B (sky130_fd_sc_hd__or3_1)
                  0.09    0.39   31.89 v _1026_/X (sky130_fd_sc_hd__or3_1)
     3    0.01                           _0821_ (net)
                  0.09    0.00   31.89 v _1028_/A2 (sky130_fd_sc_hd__a21bo_1)
                  0.06    0.23   32.12 v _1028_/X (sky130_fd_sc_hd__a21bo_1)
     3    0.01                           _0823_ (net)
                  0.06    0.00   32.12 v _1030_/A3 (sky130_fd_sc_hd__a32o_1)
                  0.09    0.31   32.43 v _1030_/X (sky130_fd_sc_hd__a32o_1)
     4    0.01                           _0825_ (net)
                  0.09    0.00   32.43 v _1096_/A1 (sky130_fd_sc_hd__a32o_1)
                  0.06    0.26   32.69 v _1096_/X (sky130_fd_sc_hd__a32o_1)
     2    0.01                           _0886_ (net)
                  0.06    0.00   32.69 v _1098_/A2 (sky130_fd_sc_hd__a21oi_1)
                  0.15    0.17   32.86 ^ _1098_/Y (sky130_fd_sc_hd__a21oi_1)
     1    0.00                           _0888_ (net)
                  0.15    0.00   32.86 ^ _1099_/B (sky130_fd_sc_hd__xnor2_1)
                  0.06    0.08   32.94 v _1099_/Y (sky130_fd_sc_hd__xnor2_1)
     1    0.00                           _0889_ (net)
                  0.06    0.00   32.94 v _1100_/A1 (sky130_fd_sc_hd__mux2_1)
                  0.05    0.29   33.22 v _1100_/X (sky130_fd_sc_hd__mux2_1)
     1    0.00                           _0890_ (net)
                  0.05    0.00   33.22 v _1101_/A (sky130_fd_sc_hd__clkbuf_1)
                  0.02    0.09   33.31 v _1101_/X (sky130_fd_sc_hd__clkbuf_1)
     1    0.00                           _0459_ (net)
                  0.02    0.00   33.31 v _2197_/D (sky130_fd_sc_hd__dfrtp_2)
                                 33.31   data arrival time

                         40.00   40.00   clock ref_in (rise edge)
                          0.00   40.00   clock source latency
                  0.00    0.00   40.00 ^ ref_in (in)
     1    0.02                           ref_in (net)
                  0.00    0.00   40.00 ^ clkbuf_0_ref_in/A (sky130_fd_sc_hd__clkbuf_16)
                  0.04    0.11   40.11 ^ clkbuf_0_ref_in/X (sky130_fd_sc_hd__clkbuf_16)
     2    0.02                           clknet_0_ref_in (net)
                  0.04    0.00   40.11 ^ clkbuf_1_0__f_ref_in/A (sky130_fd_sc_hd__clkbuf_16)
                  0.06    0.14   40.25 ^ clkbuf_1_0__f_ref_in/X (sky130_fd_sc_hd__clkbuf_16)
    15    0.04                           clknet_1_0__leaf_ref_in (net)
                  0.06    0.00   40.25 ^ _2197_/CLK (sky130_fd_sc_hd__dfrtp_2)
                          0.00   40.25   clock reconvergence pessimism
                         -0.10   40.15   library setup time
                                 40.15   data required time
-----------------------------------------------------------------------------
                                 40.15   data required time
                                -33.31   data arrival time
-----------------------------------------------------------------------------
                                  6.84   slack (MET)


Startpoint: _2201_ (rising edge-triggered flip-flop clocked by vco_in)
Endpoint: _2090_ (rising edge-triggered flip-flop clocked by ref_in)
Path Group: ref_in
Path Type: max

Fanout     Cap    Slew   Delay    Time   Description
-----------------------------------------------------------------------------
                         30.00   30.00   clock vco_in (rise edge)
                          0.00   30.00   clock source latency
                  0.00    0.00   30.00 ^ vco_in (in)
     1    0.01                           vco_in (net)
                  0.00    0.00   30.00 ^ clkbuf_0_vco_in/A (sky130_fd_sc_hd__clkbuf_16)
                  0.04    0.11   30.11 ^ clkbuf_0_vco_in/X (sky130_fd_sc_hd__clkbuf_16)
     2    0.02                           clknet_0_vco_in (net)
                  0.04    0.00   30.11 ^ clkbuf_1_0__f_vco_in/A (sky130_fd_sc_hd__clkbuf_16)
                  0.04    0.12   30.23 ^ clkbuf_1_0__f_vco_in/X (sky130_fd_sc_hd__clkbuf_16)
     5    0.01                           clknet_1_0__leaf_vco_in (net)
                  0.04    0.00   30.23 ^ _2201_/CLK (sky130_fd_sc_hd__dfrtp_2)
                  0.08    0.43   30.66 v _2201_/Q (sky130_fd_sc_hd__dfrtp_2)
     6    0.02                           d5.fll_core.counter1.count[1] (net)
                  0.08    0.00   30.66 v _1008_/A (sky130_fd_sc_hd__or2b_1)
                  0.06    0.24   30.90 v _1008_/X (sky130_fd_sc_hd__or2b_1)
     2    0.01                           _0803_ (net)
                  0.06    0.00   30.90 v _1010_/A2 (sky130_fd_sc_hd__a21o_1)
                  0.03    0.18   31.08 v _1010_/X (sky130_fd_sc_hd__a21o_1)
     1    0.00                           _0805_ (net)
                  0.03    0.00   31.08 v _1011_/B2 (sky130_fd_sc_hd__a22o_1)
                  0.04    0.19   31.26 v _1011_/X (sky130_fd_sc_hd__a22o_1)
     1    0.00                           _0806_ (net)
                  0.04    0.00   31.26 v _1014_/A2 (sky130_fd_sc_hd__a211o_1)
                  0.06    0.29   31.56 v _1014_/X (sky130_fd_sc_hd__a211o_1)
     1    0.00                           _0809_ (net)
                  0.06    0.00   31.56 v _1015_/B2 (sky130_fd_sc_hd__a22oi_2)
                  0.21    0.21   31.77 ^ _1015_/Y (sky130_fd_sc_hd__a22oi_2)
     3    0.01                           _0810_ (net)
                  0.21    0.00   31.77 ^ _1020_/A (sky130_fd_sc_hd__nor2_1)
                  0.10    0.13   31.90 v _1020_/Y (sky130_fd_sc_hd__nor2_1)
     3    0.01                           _0815_ (net)
                  0.10    0.00   31.90 v _1021_/A (sky130_fd_sc_hd__buf_4)
                  0.07    0.20   32.11 v _1021_/X (sky130_fd_sc_hd__buf_4)
    10    0.05                           _0816_ (net)
                  0.07    0.00   32.11 v _1066_/A1 (sky130_fd_sc_hd__o31a_1)
                  0.05    0.31   32.41 v _1066_/X (sky130_fd_sc_hd__o31a_1)
     2    0.00                           _0860_ (net)
                  0.05    0.00   32.41 v _1833_/B (sky130_fd_sc_hd__or3b_1)
                  0.11    0.41   32.82 v _1833_/X (sky130_fd_sc_hd__or3b_1)
     3    0.01                           _0763_ (net)
                  0.11    0.00   32.82 v _1838_/S (sky130_fd_sc_hd__mux2_1)
                  0.06    0.33   33.15 v _1838_/X (sky130_fd_sc_hd__mux2_1)
     1    0.00                           _0766_ (net)
                  0.06    0.00   33.15 v _1839_/A (sky130_fd_sc_hd__clkbuf_1)
                  0.02    0.09   33.24 v _1839_/X (sky130_fd_sc_hd__clkbuf_1)
     1    0.00                           _0354_ (net)
                  0.02    0.00   33.24 v _2090_/D (sky130_fd_sc_hd__dfxtp_1)
                                 33.24   data arrival time

                         40.00   40.00   clock ref_in (rise edge)
                          0.00   40.00   clock source latency
                  0.00    0.00   40.00 ^ ref_in (in)
     1    0.02                           ref_in (net)
                  0.00    0.00   40.00 ^ clkbuf_0_ref_in/A (sky130_fd_sc_hd__clkbuf_16)
                  0.04    0.11   40.11 ^ clkbuf_0_ref_in/X (sky130_fd_sc_hd__clkbuf_16)
     2    0.02                           clknet_0_ref_in (net)
                  0.04    0.00   40.11 ^ clkbuf_1_1__f_ref_in/A (sky130_fd_sc_hd__clkbuf_16)
                  0.05    0.13   40.24 ^ clkbuf_1_1__f_ref_in/X (sky130_fd_sc_hd__clkbuf_16)
    11    0.03                           clknet_1_1__leaf_ref_in (net)
                  0.05    0.00   40.24 ^ _2090_/CLK (sky130_fd_sc_hd__dfxtp_1)
                          0.00   40.24   clock reconvergence pessimism
                         -0.10   40.14   library setup time
                                 40.14   data required time
-----------------------------------------------------------------------------
                                 40.14   data required time
                                -33.24   data arrival time
-----------------------------------------------------------------------------
                                  6.90   slack (MET)


Startpoint: _2201_ (rising edge-triggered flip-flop clocked by vco_in)
Endpoint: _2088_ (rising edge-triggered flip-flop clocked by ref_in)
Path Group: ref_in
Path Type: max

Fanout     Cap    Slew   Delay    Time   Description
-----------------------------------------------------------------------------
                         30.00   30.00   clock vco_in (rise edge)
                          0.00   30.00   clock source latency
                  0.00    0.00   30.00 ^ vco_in (in)
     1    0.01                           vco_in (net)
                  0.00    0.00   30.00 ^ clkbuf_0_vco_in/A (sky130_fd_sc_hd__clkbuf_16)
                  0.04    0.11   30.11 ^ clkbuf_0_vco_in/X (sky130_fd_sc_hd__clkbuf_16)
     2    0.02                           clknet_0_vco_in (net)
                  0.04    0.00   30.11 ^ clkbuf_1_0__f_vco_in/A (sky130_fd_sc_hd__clkbuf_16)
                  0.04    0.12   30.23 ^ clkbuf_1_0__f_vco_in/X (sky130_fd_sc_hd__clkbuf_16)
     5    0.01                           clknet_1_0__leaf_vco_in (net)
                  0.04    0.00   30.23 ^ _2201_/CLK (sky130_fd_sc_hd__dfrtp_2)
                  0.08    0.43   30.66 v _2201_/Q (sky130_fd_sc_hd__dfrtp_2)
     6    0.02                           d5.fll_core.counter1.count[1] (net)
                  0.08    0.00   30.66 v _1008_/A (sky130_fd_sc_hd__or2b_1)
                  0.06    0.24   30.90 v _1008_/X (sky130_fd_sc_hd__or2b_1)
     2    0.01                           _0803_ (net)
                  0.06    0.00   30.90 v _1010_/A2 (sky130_fd_sc_hd__a21o_1)
                  0.03    0.18   31.08 v _1010_/X (sky130_fd_sc_hd__a21o_1)
     1    0.00                           _0805_ (net)
                  0.03    0.00   31.08 v _1011_/B2 (sky130_fd_sc_hd__a22o_1)
                  0.04    0.19   31.26 v _1011_/X (sky130_fd_sc_hd__a22o_1)
     1    0.00                           _0806_ (net)
                  0.04    0.00   31.26 v _1014_/A2 (sky130_fd_sc_hd__a211o_1)
                  0.06    0.29   31.56 v _1014_/X (sky130_fd_sc_hd__a211o_1)
     1    0.00                           _0809_ (net)
                  0.06    0.00   31.56 v _1015_/B2 (sky130_fd_sc_hd__a22oi_2)
                  0.21    0.21   31.77 ^ _1015_/Y (sky130_fd_sc_hd__a22oi_2)
     3    0.01                           _0810_ (net)
                  0.21    0.00   31.77 ^ _1020_/A (sky130_fd_sc_hd__nor2_1)
                  0.10    0.13   31.90 v _1020_/Y (sky130_fd_sc_hd__nor2_1)
     3    0.01                           _0815_ (net)
                  0.10    0.00   31.90 v _1021_/A (sky130_fd_sc_hd__buf_4)
                  0.07    0.20   32.11 v _1021_/X (sky130_fd_sc_hd__buf_4)
    10    0.05                           _0816_ (net)
                  0.07    0.00   32.11 v _1066_/A1 (sky130_fd_sc_hd__o31a_1)
                  0.05    0.31   32.41 v _1066_/X (sky130_fd_sc_hd__o31a_1)
     2    0.00                           _0860_ (net)
                  0.05    0.00   32.41 v _1833_/B (sky130_fd_sc_hd__or3b_1)
                  0.11    0.41   32.82 v _1833_/X (sky130_fd_sc_hd__or3b_1)
     3    0.01                           _0763_ (net)
                  0.11    0.00   32.82 v _1834_/S (sky130_fd_sc_hd__mux2_1)
                  0.06    0.32   33.14 v _1834_/X (sky130_fd_sc_hd__mux2_1)
     1    0.00                           _0764_ (net)
                  0.06    0.00   33.14 v _1835_/A (sky130_fd_sc_hd__clkbuf_1)
                  0.02    0.09   33.23 v _1835_/X (sky130_fd_sc_hd__clkbuf_1)
     1    0.00                           _0352_ (net)
                  0.02    0.00   33.23 v _2088_/D (sky130_fd_sc_hd__dfxtp_1)
                                 33.23   data arrival time

                         40.00   40.00   clock ref_in (rise edge)
                          0.00   40.00   clock source latency
                  0.00    0.00   40.00 ^ ref_in (in)
     1    0.02                           ref_in (net)
                  0.00    0.00   40.00 ^ clkbuf_0_ref_in/A (sky130_fd_sc_hd__clkbuf_16)
                  0.04    0.11   40.11 ^ clkbuf_0_ref_in/X (sky130_fd_sc_hd__clkbuf_16)
     2    0.02                           clknet_0_ref_in (net)
                  0.04    0.00   40.11 ^ clkbuf_1_1__f_ref_in/A (sky130_fd_sc_hd__clkbuf_16)
                  0.05    0.13   40.24 ^ clkbuf_1_1__f_ref_in/X (sky130_fd_sc_hd__clkbuf_16)
    11    0.03                           clknet_1_1__leaf_ref_in (net)
                  0.05    0.00   40.24 ^ _2088_/CLK (sky130_fd_sc_hd__dfxtp_1)
                          0.00   40.24   clock reconvergence pessimism
                         -0.10   40.14   library setup time
                                 40.14   data required time
-----------------------------------------------------------------------------
                                 40.14   data required time
                                -33.23   data arrival time
-----------------------------------------------------------------------------
                                  6.91   slack (MET)


Startpoint: _2201_ (rising edge-triggered flip-flop clocked by vco_in)
Endpoint: _2198_ (rising edge-triggered flip-flop clocked by ref_in)
Path Group: ref_in
Path Type: max

Fanout     Cap    Slew   Delay    Time   Description
-----------------------------------------------------------------------------
                         30.00   30.00   clock vco_in (rise edge)
                          0.00   30.00   clock source latency
                  0.00    0.00   30.00 ^ vco_in (in)
     1    0.01                           vco_in (net)
                  0.00    0.00   30.00 ^ clkbuf_0_vco_in/A (sky130_fd_sc_hd__clkbuf_16)
                  0.04    0.11   30.11 ^ clkbuf_0_vco_in/X (sky130_fd_sc_hd__clkbuf_16)
     2    0.02                           clknet_0_vco_in (net)
                  0.04    0.00   30.11 ^ clkbuf_1_0__f_vco_in/A (sky130_fd_sc_hd__clkbuf_16)
                  0.04    0.12   30.23 ^ clkbuf_1_0__f_vco_in/X (sky130_fd_sc_hd__clkbuf_16)
     5    0.01                           clknet_1_0__leaf_vco_in (net)
                  0.04    0.00   30.23 ^ _2201_/CLK (sky130_fd_sc_hd__dfrtp_2)
                  0.08    0.43   30.66 v _2201_/Q (sky130_fd_sc_hd__dfrtp_2)
     6    0.02                           d5.fll_core.counter1.count[1] (net)
                  0.08    0.00   30.66 v _1008_/A (sky130_fd_sc_hd__or2b_1)
                  0.06    0.24   30.90 v _1008_/X (sky130_fd_sc_hd__or2b_1)
     2    0.01                           _0803_ (net)
                  0.06    0.00   30.90 v _1010_/A2 (sky130_fd_sc_hd__a21o_1)
                  0.03    0.18   31.08 v _1010_/X (sky130_fd_sc_hd__a21o_1)
     1    0.00                           _0805_ (net)
                  0.03    0.00   31.08 v _1011_/B2 (sky130_fd_sc_hd__a22o_1)
                  0.04    0.19   31.26 v _1011_/X (sky130_fd_sc_hd__a22o_1)
     1    0.00                           _0806_ (net)
                  0.04    0.00   31.26 v _1014_/A2 (sky130_fd_sc_hd__a211o_1)
                  0.06    0.29   31.56 v _1014_/X (sky130_fd_sc_hd__a211o_1)
     1    0.00                           _0809_ (net)
                  0.06    0.00   31.56 v _1015_/B2 (sky130_fd_sc_hd__a22oi_2)
                  0.21    0.21   31.77 ^ _1015_/Y (sky130_fd_sc_hd__a22oi_2)
     3    0.01                           _0810_ (net)
                  0.21    0.00   31.77 ^ _1020_/A (sky130_fd_sc_hd__nor2_1)
                  0.10    0.13   31.90 v _1020_/Y (sky130_fd_sc_hd__nor2_1)
     3    0.01                           _0815_ (net)
                  0.10    0.00   31.90 v _1021_/A (sky130_fd_sc_hd__buf_4)
                  0.07    0.20   32.11 v _1021_/X (sky130_fd_sc_hd__buf_4)
    10    0.05                           _0816_ (net)
                  0.07    0.00   32.11 v _1033_/B (sky130_fd_sc_hd__xnor2_1)
                  0.10    0.17   32.28 v _1033_/Y (sky130_fd_sc_hd__xnor2_1)
     3    0.01                           _0828_ (net)
                  0.10    0.00   32.28 v _1035_/B (sky130_fd_sc_hd__and3_1)
                  0.04    0.19   32.46 v _1035_/X (sky130_fd_sc_hd__and3_1)
     1    0.00                           _0830_ (net)
                  0.04    0.00   32.46 v _1038_/A3 (sky130_fd_sc_hd__a32o_1)
                  0.06    0.28   32.74 v _1038_/X (sky130_fd_sc_hd__a32o_1)
     2    0.01                           _0833_ (net)
                  0.06    0.00   32.74 v _1093_/B (sky130_fd_sc_hd__xnor2_1)
                  0.04    0.12   32.86 v _1093_/Y (sky130_fd_sc_hd__xnor2_1)
     1    0.00                           _0884_ (net)
                  0.04    0.00   32.86 v _1094_/A1 (sky130_fd_sc_hd__mux2_1)
                  0.05    0.28   33.14 v _1094_/X (sky130_fd_sc_hd__mux2_1)
     1    0.00                           _0885_ (net)
                  0.05    0.00   33.14 v _1095_/A (sky130_fd_sc_hd__clkbuf_1)
                  0.03    0.09   33.23 v _1095_/X (sky130_fd_sc_hd__clkbuf_1)
     1    0.00                           _0460_ (net)
                  0.03    0.00   33.23 v _2198_/D (sky130_fd_sc_hd__dfrtp_2)
                                 33.23   data arrival time

                         40.00   40.00   clock ref_in (rise edge)
                          0.00   40.00   clock source latency
                  0.00    0.00   40.00 ^ ref_in (in)
     1    0.02                           ref_in (net)
                  0.00    0.00   40.00 ^ clkbuf_0_ref_in/A (sky130_fd_sc_hd__clkbuf_16)
                  0.04    0.11   40.11 ^ clkbuf_0_ref_in/X (sky130_fd_sc_hd__clkbuf_16)
     2    0.02                           clknet_0_ref_in (net)
                  0.04    0.00   40.11 ^ clkbuf_1_0__f_ref_in/A (sky130_fd_sc_hd__clkbuf_16)
                  0.06    0.14   40.25 ^ clkbuf_1_0__f_ref_in/X (sky130_fd_sc_hd__clkbuf_16)
    15    0.04                           clknet_1_0__leaf_ref_in (net)
                  0.06    0.00   40.25 ^ _2198_/CLK (sky130_fd_sc_hd__dfrtp_2)
                          0.00   40.25   clock reconvergence pessimism
                         -0.10   40.15   library setup time
                                 40.15   data required time
-----------------------------------------------------------------------------
                                 40.15   data required time
                                -33.23   data arrival time
-----------------------------------------------------------------------------
                                  6.91   slack (MET)


Startpoint: _2202_ (rising edge-triggered flip-flop clocked by vco_in)
Endpoint: _2209_ (rising edge-triggered flip-flop clocked by vco_in)
Path Group: vco_in
Path Type: max

Fanout     Cap    Slew   Delay    Time   Description
-----------------------------------------------------------------------------
                          0.00    0.00   clock vco_in (rise edge)
                          0.00    0.00   clock source latency
                  0.00    0.00    0.00 ^ vco_in (in)
     1    0.01                           vco_in (net)
                  0.00    0.00    0.00 ^ clkbuf_0_vco_in/A (sky130_fd_sc_hd__clkbuf_16)
                  0.04    0.11    0.11 ^ clkbuf_0_vco_in/X (sky130_fd_sc_hd__clkbuf_16)
     2    0.02                           clknet_0_vco_in (net)
                  0.04    0.00    0.11 ^ clkbuf_1_0__f_vco_in/A (sky130_fd_sc_hd__clkbuf_16)
                  0.04    0.12    0.23 ^ clkbuf_1_0__f_vco_in/X (sky130_fd_sc_hd__clkbuf_16)
     5    0.01                           clknet_1_0__leaf_vco_in (net)
                  0.04    0.00    0.23 ^ _2202_/CLK (sky130_fd_sc_hd__dfrtp_1)
                  0.10    0.41    0.64 v _2202_/Q (sky130_fd_sc_hd__dfrtp_1)
     5    0.02                           d5.fll_core.counter1.count[2] (net)
                  0.10    0.00    0.64 v _1687_/C (sky130_fd_sc_hd__and3_1)
                  0.06    0.22    0.86 v _1687_/X (sky130_fd_sc_hd__and3_1)
     3    0.01                           _0730_ (net)
                  0.06    0.00    0.86 v _1690_/B (sky130_fd_sc_hd__and2_1)
                  0.08    0.20    1.07 v _1690_/X (sky130_fd_sc_hd__and2_1)
     4    0.01                           _0732_ (net)
                  0.08    0.00    1.07 v _1694_/C (sky130_fd_sc_hd__and3_1)
                  0.06    0.21    1.28 v _1694_/X (sky130_fd_sc_hd__and3_1)
     3    0.01                           _0734_ (net)
                  0.06    0.00    1.28 v _1697_/B (sky130_fd_sc_hd__and2_1)
                  0.08    0.20    1.48 v _1697_/X (sky130_fd_sc_hd__and2_1)
     4    0.01                           _0736_ (net)
                  0.08    0.00    1.48 v _1701_/C (sky130_fd_sc_hd__and3_1)
                  0.06    0.22    1.70 v _1701_/X (sky130_fd_sc_hd__and3_1)
     2    0.01                           _0738_ (net)
                  0.06    0.00    1.70 v _1704_/B (sky130_fd_sc_hd__xnor2_1)
                  0.04    0.12    1.82 v _1704_/Y (sky130_fd_sc_hd__xnor2_1)
     1    0.00                           _0010_ (net)
                  0.04    0.00    1.82 v _2209_/D (sky130_fd_sc_hd__dfrtp_1)
                                  1.82   data arrival time

                         10.00   10.00   clock vco_in (rise edge)
                          0.00   10.00   clock source latency
                  0.00    0.00   10.00 ^ vco_in (in)
     1    0.01                           vco_in (net)
                  0.00    0.00   10.00 ^ clkbuf_0_vco_in/A (sky130_fd_sc_hd__clkbuf_16)
                  0.04    0.11   10.11 ^ clkbuf_0_vco_in/X (sky130_fd_sc_hd__clkbuf_16)
     2    0.02                           clknet_0_vco_in (net)
                  0.04    0.00   10.11 ^ clkbuf_1_1__f_vco_in/A (sky130_fd_sc_hd__clkbuf_16)
                  0.04    0.12   10.23 ^ clkbuf_1_1__f_vco_in/X (sky130_fd_sc_hd__clkbuf_16)
     5    0.01                           clknet_1_1__leaf_vco_in (net)
                  0.04    0.00   10.23 ^ _2209_/CLK (sky130_fd_sc_hd__dfrtp_1)
                          0.00   10.23   clock reconvergence pessimism
                         -0.12   10.11   library setup time
                                 10.11   data required time
-----------------------------------------------------------------------------
                                 10.11   data required time
                                 -1.82   data arrival time
-----------------------------------------------------------------------------
                                  8.29   slack (MET)


Startpoint: _2202_ (rising edge-triggered flip-flop clocked by vco_in)
Endpoint: _2208_ (rising edge-triggered flip-flop clocked by vco_in)
Path Group: vco_in
Path Type: max

Fanout     Cap    Slew   Delay    Time   Description
-----------------------------------------------------------------------------
                          0.00    0.00   clock vco_in (rise edge)
                          0.00    0.00   clock source latency
                  0.00    0.00    0.00 ^ vco_in (in)
     1    0.01                           vco_in (net)
                  0.00    0.00    0.00 ^ clkbuf_0_vco_in/A (sky130_fd_sc_hd__clkbuf_16)
                  0.04    0.11    0.11 ^ clkbuf_0_vco_in/X (sky130_fd_sc_hd__clkbuf_16)
     2    0.02                           clknet_0_vco_in (net)
                  0.04    0.00    0.11 ^ clkbuf_1_0__f_vco_in/A (sky130_fd_sc_hd__clkbuf_16)
                  0.04    0.12    0.23 ^ clkbuf_1_0__f_vco_in/X (sky130_fd_sc_hd__clkbuf_16)
     5    0.01                           clknet_1_0__leaf_vco_in (net)
                  0.04    0.00    0.23 ^ _2202_/CLK (sky130_fd_sc_hd__dfrtp_1)
                  0.10    0.41    0.64 v _2202_/Q (sky130_fd_sc_hd__dfrtp_1)
     5    0.02                           d5.fll_core.counter1.count[2] (net)
                  0.10    0.00    0.64 v _1687_/C (sky130_fd_sc_hd__and3_1)
                  0.06    0.22    0.86 v _1687_/X (sky130_fd_sc_hd__and3_1)
     3    0.01                           _0730_ (net)
                  0.06    0.00    0.86 v _1690_/B (sky130_fd_sc_hd__and2_1)
                  0.08    0.20    1.07 v _1690_/X (sky130_fd_sc_hd__and2_1)
     4    0.01                           _0732_ (net)
                  0.08    0.00    1.07 v _1694_/C (sky130_fd_sc_hd__and3_1)
                  0.06    0.21    1.28 v _1694_/X (sky130_fd_sc_hd__and3_1)
     3    0.01                           _0734_ (net)
                  0.06    0.00    1.28 v _1697_/B (sky130_fd_sc_hd__and2_1)
                  0.08    0.20    1.48 v _1697_/X (sky130_fd_sc_hd__and2_1)
     4    0.01                           _0736_ (net)
                  0.08    0.00    1.48 v _1701_/C (sky130_fd_sc_hd__and3_1)
                  0.06    0.22    1.70 v _1701_/X (sky130_fd_sc_hd__and3_1)
     2    0.01                           _0738_ (net)
                  0.06    0.00    1.70 v _1703_/A (sky130_fd_sc_hd__nor2_1)
                  0.08    0.10    1.80 ^ _1703_/Y (sky130_fd_sc_hd__nor2_1)
     1    0.00                           _0009_ (net)
                  0.08    0.00    1.80 ^ _2208_/D (sky130_fd_sc_hd__dfrtp_1)
                                  1.80   data arrival time

                         10.00   10.00   clock vco_in (rise edge)
                          0.00   10.00   clock source latency
                  0.00    0.00   10.00 ^ vco_in (in)
     1    0.01                           vco_in (net)
                  0.00    0.00   10.00 ^ clkbuf_0_vco_in/A (sky130_fd_sc_hd__clkbuf_16)
                  0.04    0.11   10.11 ^ clkbuf_0_vco_in/X (sky130_fd_sc_hd__clkbuf_16)
     2    0.02                           clknet_0_vco_in (net)
                  0.04    0.00   10.11 ^ clkbuf_1_1__f_vco_in/A (sky130_fd_sc_hd__clkbuf_16)
                  0.04    0.12   10.23 ^ clkbuf_1_1__f_vco_in/X (sky130_fd_sc_hd__clkbuf_16)
     5    0.01                           clknet_1_1__leaf_vco_in (net)
                  0.04    0.00   10.23 ^ _2208_/CLK (sky130_fd_sc_hd__dfrtp_1)
                          0.00   10.23   clock reconvergence pessimism
                         -0.07   10.16   library setup time
                                 10.16   data required time
-----------------------------------------------------------------------------
                                 10.16   data required time
                                 -1.80   data arrival time
-----------------------------------------------------------------------------
                                  8.36   slack (MET)


Startpoint: _2202_ (rising edge-triggered flip-flop clocked by vco_in)
Endpoint: _2207_ (rising edge-triggered flip-flop clocked by vco_in)
Path Group: vco_in
Path Type: max

Fanout     Cap    Slew   Delay    Time   Description
-----------------------------------------------------------------------------
                          0.00    0.00   clock vco_in (rise edge)
                          0.00    0.00   clock source latency
                  0.00    0.00    0.00 ^ vco_in (in)
     1    0.01                           vco_in (net)
                  0.00    0.00    0.00 ^ clkbuf_0_vco_in/A (sky130_fd_sc_hd__clkbuf_16)
                  0.04    0.11    0.11 ^ clkbuf_0_vco_in/X (sky130_fd_sc_hd__clkbuf_16)
     2    0.02                           clknet_0_vco_in (net)
                  0.04    0.00    0.11 ^ clkbuf_1_0__f_vco_in/A (sky130_fd_sc_hd__clkbuf_16)
                  0.04    0.12    0.23 ^ clkbuf_1_0__f_vco_in/X (sky130_fd_sc_hd__clkbuf_16)
     5    0.01                           clknet_1_0__leaf_vco_in (net)
                  0.04    0.00    0.23 ^ _2202_/CLK (sky130_fd_sc_hd__dfrtp_1)
                  0.10    0.41    0.64 v _2202_/Q (sky130_fd_sc_hd__dfrtp_1)
     5    0.02                           d5.fll_core.counter1.count[2] (net)
                  0.10    0.00    0.64 v _1687_/C (sky130_fd_sc_hd__and3_1)
                  0.06    0.22    0.86 v _1687_/X (sky130_fd_sc_hd__and3_1)
     3    0.01                           _0730_ (net)
                  0.06    0.00    0.86 v _1690_/B (sky130_fd_sc_hd__and2_1)
                  0.08    0.20    1.07 v _1690_/X (sky130_fd_sc_hd__and2_1)
     4    0.01                           _0732_ (net)
                  0.08    0.00    1.07 v _1694_/C (sky130_fd_sc_hd__and3_1)
                  0.06    0.21    1.28 v _1694_/X (sky130_fd_sc_hd__and3_1)
     3    0.01                           _0734_ (net)
                  0.06    0.00    1.28 v _1697_/B (sky130_fd_sc_hd__and2_1)
                  0.08    0.20    1.48 v _1697_/X (sky130_fd_sc_hd__and2_1)
     4    0.01                           _0736_ (net)
                  0.08    0.00    1.48 v _1700_/B (sky130_fd_sc_hd__xnor2_1)
                  0.04    0.13    1.61 v _1700_/Y (sky130_fd_sc_hd__xnor2_1)
     1    0.00                           _0008_ (net)
                  0.04    0.00    1.61 v _2207_/D (sky130_fd_sc_hd__dfrtp_1)
                                  1.61   data arrival time

                         10.00   10.00   clock vco_in (rise edge)
                          0.00   10.00   clock source latency
                  0.00    0.00   10.00 ^ vco_in (in)
     1    0.01                           vco_in (net)
                  0.00    0.00   10.00 ^ clkbuf_0_vco_in/A (sky130_fd_sc_hd__clkbuf_16)
                  0.04    0.11   10.11 ^ clkbuf_0_vco_in/X (sky130_fd_sc_hd__clkbuf_16)
     2    0.02                           clknet_0_vco_in (net)
                  0.04    0.00   10.11 ^ clkbuf_1_1__f_vco_in/A (sky130_fd_sc_hd__clkbuf_16)
                  0.04    0.12   10.23 ^ clkbuf_1_1__f_vco_in/X (sky130_fd_sc_hd__clkbuf_16)
     5    0.01                           clknet_1_1__leaf_vco_in (net)
                  0.04    0.00   10.23 ^ _2207_/CLK (sky130_fd_sc_hd__dfrtp_1)
                          0.00   10.23   clock reconvergence pessimism
                         -0.12   10.11   library setup time
                                 10.11   data required time
-----------------------------------------------------------------------------
                                 10.11   data required time
                                 -1.61   data arrival time
-----------------------------------------------------------------------------
                                  8.50   slack (MET)


Startpoint: _2202_ (rising edge-triggered flip-flop clocked by vco_in)
Endpoint: _2206_ (rising edge-triggered flip-flop clocked by vco_in)
Path Group: vco_in
Path Type: max

Fanout     Cap    Slew   Delay    Time   Description
-----------------------------------------------------------------------------
                          0.00    0.00   clock vco_in (rise edge)
                          0.00    0.00   clock source latency
                  0.00    0.00    0.00 ^ vco_in (in)
     1    0.01                           vco_in (net)
                  0.00    0.00    0.00 ^ clkbuf_0_vco_in/A (sky130_fd_sc_hd__clkbuf_16)
                  0.04    0.11    0.11 ^ clkbuf_0_vco_in/X (sky130_fd_sc_hd__clkbuf_16)
     2    0.02                           clknet_0_vco_in (net)
                  0.04    0.00    0.11 ^ clkbuf_1_0__f_vco_in/A (sky130_fd_sc_hd__clkbuf_16)
                  0.04    0.12    0.23 ^ clkbuf_1_0__f_vco_in/X (sky130_fd_sc_hd__clkbuf_16)
     5    0.01                           clknet_1_0__leaf_vco_in (net)
                  0.04    0.00    0.23 ^ _2202_/CLK (sky130_fd_sc_hd__dfrtp_1)
                  0.10    0.41    0.64 v _2202_/Q (sky130_fd_sc_hd__dfrtp_1)
     5    0.02                           d5.fll_core.counter1.count[2] (net)
                  0.10    0.00    0.64 v _1687_/C (sky130_fd_sc_hd__and3_1)
                  0.06    0.22    0.86 v _1687_/X (sky130_fd_sc_hd__and3_1)
     3    0.01                           _0730_ (net)
                  0.06    0.00    0.86 v _1690_/B (sky130_fd_sc_hd__and2_1)
                  0.08    0.20    1.07 v _1690_/X (sky130_fd_sc_hd__and2_1)
     4    0.01                           _0732_ (net)
                  0.08    0.00    1.07 v _1694_/C (sky130_fd_sc_hd__and3_1)
                  0.06    0.21    1.28 v _1694_/X (sky130_fd_sc_hd__and3_1)
     3    0.01                           _0734_ (net)
                  0.06    0.00    1.28 v _1697_/B (sky130_fd_sc_hd__and2_1)
                  0.08    0.20    1.48 v _1697_/X (sky130_fd_sc_hd__and2_1)
     4    0.01                           _0736_ (net)
                  0.08    0.00    1.48 v _1699_/A (sky130_fd_sc_hd__nor2_1)
                  0.08    0.11    1.59 ^ _1699_/Y (sky130_fd_sc_hd__nor2_1)
     1    0.00                           _0007_ (net)
                  0.08    0.00    1.59 ^ _2206_/D (sky130_fd_sc_hd__dfrtp_1)
                                  1.59   data arrival time

                         10.00   10.00   clock vco_in (rise edge)
                          0.00   10.00   clock source latency
                  0.00    0.00   10.00 ^ vco_in (in)
     1    0.01                           vco_in (net)
                  0.00    0.00   10.00 ^ clkbuf_0_vco_in/A (sky130_fd_sc_hd__clkbuf_16)
                  0.04    0.11   10.11 ^ clkbuf_0_vco_in/X (sky130_fd_sc_hd__clkbuf_16)
     2    0.02                           clknet_0_vco_in (net)
                  0.04    0.00   10.11 ^ clkbuf_1_1__f_vco_in/A (sky130_fd_sc_hd__clkbuf_16)
                  0.04    0.12   10.23 ^ clkbuf_1_1__f_vco_in/X (sky130_fd_sc_hd__clkbuf_16)
     5    0.01                           clknet_1_1__leaf_vco_in (net)
                  0.04    0.00   10.23 ^ _2206_/CLK (sky130_fd_sc_hd__dfrtp_1)
                          0.00   10.23   clock reconvergence pessimism
                         -0.07   10.16   library setup time
                                 10.16   data required time
-----------------------------------------------------------------------------
                                 10.16   data required time
                                 -1.59   data arrival time
-----------------------------------------------------------------------------
                                  8.57   slack (MET)


Startpoint: _2202_ (rising edge-triggered flip-flop clocked by vco_in)
Endpoint: _2205_ (rising edge-triggered flip-flop clocked by vco_in)
Path Group: vco_in
Path Type: max

Fanout     Cap    Slew   Delay    Time   Description
-----------------------------------------------------------------------------
                          0.00    0.00   clock vco_in (rise edge)
                          0.00    0.00   clock source latency
                  0.00    0.00    0.00 ^ vco_in (in)
     1    0.01                           vco_in (net)
                  0.00    0.00    0.00 ^ clkbuf_0_vco_in/A (sky130_fd_sc_hd__clkbuf_16)
                  0.04    0.11    0.11 ^ clkbuf_0_vco_in/X (sky130_fd_sc_hd__clkbuf_16)
     2    0.02                           clknet_0_vco_in (net)
                  0.04    0.00    0.11 ^ clkbuf_1_0__f_vco_in/A (sky130_fd_sc_hd__clkbuf_16)
                  0.04    0.12    0.23 ^ clkbuf_1_0__f_vco_in/X (sky130_fd_sc_hd__clkbuf_16)
     5    0.01                           clknet_1_0__leaf_vco_in (net)
                  0.04    0.00    0.23 ^ _2202_/CLK (sky130_fd_sc_hd__dfrtp_1)
                  0.10    0.41    0.64 v _2202_/Q (sky130_fd_sc_hd__dfrtp_1)
     5    0.02                           d5.fll_core.counter1.count[2] (net)
                  0.10    0.00    0.64 v _1687_/C (sky130_fd_sc_hd__and3_1)
                  0.06    0.22    0.86 v _1687_/X (sky130_fd_sc_hd__and3_1)
     3    0.01                           _0730_ (net)
                  0.06    0.00    0.86 v _1690_/B (sky130_fd_sc_hd__and2_1)
                  0.08    0.20    1.07 v _1690_/X (sky130_fd_sc_hd__and2_1)
     4    0.01                           _0732_ (net)
                  0.08    0.00    1.07 v _1694_/C (sky130_fd_sc_hd__and3_1)
                  0.06    0.21    1.28 v _1694_/X (sky130_fd_sc_hd__and3_1)
     3    0.01                           _0734_ (net)
                  0.06    0.00    1.28 v _1696_/A (sky130_fd_sc_hd__nor2_1)
                  0.08    0.11    1.38 ^ _1696_/Y (sky130_fd_sc_hd__nor2_1)
     1    0.00                           _0006_ (net)
                  0.08    0.00    1.38 ^ _2205_/D (sky130_fd_sc_hd__dfrtp_1)
                                  1.38   data arrival time

                         10.00   10.00   clock vco_in (rise edge)
                          0.00   10.00   clock source latency
                  0.00    0.00   10.00 ^ vco_in (in)
     1    0.01                           vco_in (net)
                  0.00    0.00   10.00 ^ clkbuf_0_vco_in/A (sky130_fd_sc_hd__clkbuf_16)
                  0.04    0.11   10.11 ^ clkbuf_0_vco_in/X (sky130_fd_sc_hd__clkbuf_16)
     2    0.02                           clknet_0_vco_in (net)
                  0.04    0.00   10.11 ^ clkbuf_1_1__f_vco_in/A (sky130_fd_sc_hd__clkbuf_16)
                  0.04    0.12   10.23 ^ clkbuf_1_1__f_vco_in/X (sky130_fd_sc_hd__clkbuf_16)
     5    0.01                           clknet_1_1__leaf_vco_in (net)
                  0.04    0.00   10.23 ^ _2205_/CLK (sky130_fd_sc_hd__dfrtp_1)
                          0.00   10.23   clock reconvergence pessimism
                         -0.07   10.16   library setup time
                                 10.16   data required time
-----------------------------------------------------------------------------
                                 10.16   data required time
                                 -1.38   data arrival time
-----------------------------------------------------------------------------
                                  8.77   slack (MET)


