Fri Oct 07 16:07:29 UTC 2022 - Executing "/foss/tools/openlane/2022.04.07_02.53.08/scripts/mergeLef.py -i /foss/pdk/sky130A/libs.ref/sky130_fd_sc_hd/techlef/sky130_fd_sc_hd.tlef /foss/pdk/sky130A/libs.ref/sky130_fd_sc_hd/lef/sky130_fd_sc_hd.lef -o /foss/designs/ma2022/shiftregister/runs/RUN_2022.10.07_16.07.28/tmp/merged_unpadded.lef |& tee /dev/null"

Fri Oct 07 16:07:29 UTC 2022 - Executing "openroad -python /foss/tools/openlane/2022.04.07_02.53.08/scripts/mergeLib.py --output /foss/designs/ma2022/shiftregister/runs/RUN_2022.10.07_16.07.28/tmp/synthesis/merged.lib --name sky130A_merged /foss/pdk/sky130A/libs.ref/sky130_fd_sc_hd/lib/sky130_fd_sc_hd__tt_025C_1v80.lib"

Fri Oct 07 16:07:30 UTC 2022 - Executing "openroad -python /foss/tools/openlane/2022.04.07_02.53.08/scripts/libtrim.py --cell-file /foss/designs/ma2022/shiftregister/runs/RUN_2022.10.07_16.07.28/tmp/synthesis/trimmed.lib.exclude.list --output /foss/designs/ma2022/shiftregister/runs/RUN_2022.10.07_16.07.28/tmp/synthesis/trimmed.lib /foss/designs/ma2022/shiftregister/runs/RUN_2022.10.07_16.07.28/tmp/synthesis/merged.lib"

Fri Oct 07 16:07:31 UTC 2022 - Executing "echo {openlane 39e93bd396022ed06b9b827335c0b10a714dd32b} > /foss/designs/ma2022/shiftregister/runs/RUN_2022.10.07_16.07.28/OPENLANE_VERSION"

Fri Oct 07 16:07:31 UTC 2022 - Executing "openroad -python /foss/tools/openlane/2022.04.07_02.53.08/scripts/new_tracks.py -i /foss/pdk/sky130A/libs.tech/openlane/sky130_fd_sc_hd/tracks.info -o /foss/designs/ma2022/shiftregister/runs/RUN_2022.10.07_16.07.28/tmp/routing/config.tracks"

Fri Oct 07 16:07:32 UTC 2022 - Executing "sed -E {s/^([[:space:]]+)pg_pin(.*)/\1pin\2\n\1    direction : "inout";/g} /foss/pdk/sky130A/libs.ref/sky130_fd_sc_hd/lib/sky130_fd_sc_hd__tt_025C_1v80.lib > /foss/designs/ma2022/shiftregister/runs/RUN_2022.10.07_16.07.28/tmp/synthesis/1-sky130_fd_sc_hd__tt_025C_1v80.no_pg.lib"

Fri Oct 07 16:07:32 UTC 2022 - Executing "yosys -c /foss/tools/openlane/2022.04.07_02.53.08/scripts/yosys/synth.tcl -l /foss/designs/ma2022/shiftregister/runs/RUN_2022.10.07_16.07.28/logs/synthesis/1-synthesis.log |& tee /dev/null"

Fri Oct 07 16:07:34 UTC 2022 - Executing "sed -i -e {s/\(set ::env(CURRENT_NETLIST)\).*/\1 \/foss\/designs\/ma2022\/shiftregister\/runs\/RUN_2022.10.07_16.07.28\/results\/synthesis\/shiftregister.v/} /foss/designs/ma2022/shiftregister/runs/RUN_2022.10.07_16.07.28/config.tcl"

Fri Oct 07 16:07:34 UTC 2022 - Executing "sed -i -e {s/\(set ::env(PREV_NETLIST)\).*/\1 0/} /foss/designs/ma2022/shiftregister/runs/RUN_2022.10.07_16.07.28/config.tcl"

Fri Oct 07 16:07:34 UTC 2022 - Executing "sed -i /defparam/d /foss/designs/ma2022/shiftregister/runs/RUN_2022.10.07_16.07.28/results/synthesis/shiftregister.v"

Fri Oct 07 16:07:34 UTC 2022 - Executing "openroad -exit /foss/tools/openlane/2022.04.07_02.53.08/scripts/openroad/sta.tcl"

Fri Oct 07 16:07:36 UTC 2022 - Executing "openroad -exit /foss/tools/openlane/2022.04.07_02.53.08/scripts/openroad/floorplan.tcl"

Fri Oct 07 16:07:37 UTC 2022 - Executing "openroad -python /foss/tools/openlane/2022.04.07_02.53.08/scripts/defutil.py extract_core_dims --output-data /foss/designs/ma2022/shiftregister/runs/RUN_2022.10.07_16.07.28/tmp/dimensions.txt --input-lef /foss/designs/ma2022/shiftregister/runs/RUN_2022.10.07_16.07.28/tmp/merged.lef /foss/designs/ma2022/shiftregister/runs/RUN_2022.10.07_16.07.28/tmp/floorplan/3-initial_fp.def"

Fri Oct 07 16:07:38 UTC 2022 - Executing "openroad -exit /foss/tools/openlane/2022.04.07_02.53.08/scripts/openroad/ioplacer.tcl"

Fri Oct 07 16:07:39 UTC 2022 - Executing "openroad -exit /foss/tools/openlane/2022.04.07_02.53.08/scripts/openroad/tapcell.tcl"

Fri Oct 07 16:07:40 UTC 2022 - Executing "openroad -exit /foss/tools/openlane/2022.04.07_02.53.08/scripts/openroad/pdn.tcl"

Fri Oct 07 16:07:42 UTC 2022 - Executing "openroad -exit /foss/tools/openlane/2022.04.07_02.53.08/scripts/openroad/replace.tcl"

Fri Oct 07 16:07:44 UTC 2022 - Executing "openroad -exit /foss/tools/openlane/2022.04.07_02.53.08/scripts/openroad/resizer.tcl"

Fri Oct 07 16:07:46 UTC 2022 - Executing "openroad -exit /foss/tools/openlane/2022.04.07_02.53.08/scripts/openroad/write_verilog.tcl"

Fri Oct 07 16:07:47 UTC 2022 - Executing "sed -i -e {s/\(set ::env(CURRENT_NETLIST)\).*/\1 \/foss\/designs\/ma2022\/shiftregister\/runs\/RUN_2022.10.07_16.07.28\/results\/placement\/shiftregister.resized.v/} /foss/designs/ma2022/shiftregister/runs/RUN_2022.10.07_16.07.28/config.tcl"

Fri Oct 07 16:07:47 UTC 2022 - Executing "sed -i -e {s/\(set ::env(PREV_NETLIST)\).*/\1 \/foss\/designs\/ma2022\/shiftregister\/runs\/RUN_2022.10.07_16.07.28\/results\/synthesis\/shiftregister.v/} /foss/designs/ma2022/shiftregister/runs/RUN_2022.10.07_16.07.28/config.tcl"

Fri Oct 07 16:07:47 UTC 2022 - Executing "openroad -exit /foss/tools/openlane/2022.04.07_02.53.08/scripts/openroad/opendp.tcl"

Fri Oct 07 16:07:47 UTC 2022 - Executing "openroad -python /foss/tools/openlane/2022.04.07_02.53.08/scripts/libtrim.py --cell-file /foss/designs/ma2022/shiftregister/runs/RUN_2022.10.07_16.07.28/tmp/cts/cts.lib.exclude.list --output /foss/designs/ma2022/shiftregister/runs/RUN_2022.10.07_16.07.28/tmp/cts/cts.lib /foss/pdk/sky130A/libs.ref/sky130_fd_sc_hd/lib/sky130_fd_sc_hd__tt_025C_1v80.lib"

Fri Oct 07 16:07:48 UTC 2022 - Executing "openroad -exit /foss/tools/openlane/2022.04.07_02.53.08/scripts/openroad/cts.tcl"

Fri Oct 07 16:09:23 UTC 2022 - Executing "openroad -exit /foss/tools/openlane/2022.04.07_02.53.08/scripts/openroad/write_verilog.tcl"

Fri Oct 07 16:09:23 UTC 2022 - Executing "sed -i -e {s/\(set ::env(CURRENT_NETLIST)\).*/\1 \/foss\/designs\/ma2022\/shiftregister\/runs\/RUN_2022.10.07_16.07.28\/results\/cts\/shiftregister.v/} /foss/designs/ma2022/shiftregister/runs/RUN_2022.10.07_16.07.28/config.tcl"

Fri Oct 07 16:09:23 UTC 2022 - Executing "sed -i -e {s/\(set ::env(PREV_NETLIST)\).*/\1 \/foss\/designs\/ma2022\/shiftregister\/runs\/RUN_2022.10.07_16.07.28\/results\/placement\/shiftregister.resized.v/} /foss/designs/ma2022/shiftregister/runs/RUN_2022.10.07_16.07.28/config.tcl"

Fri Oct 07 16:09:23 UTC 2022 - Executing "openroad -exit /foss/tools/openlane/2022.04.07_02.53.08/scripts/openroad/resizer_timing.tcl"

Fri Oct 07 16:09:25 UTC 2022 - Executing "openroad -exit /foss/tools/openlane/2022.04.07_02.53.08/scripts/openroad/write_verilog.tcl"

Fri Oct 07 16:09:26 UTC 2022 - Executing "sed -i -e {s/\(set ::env(CURRENT_NETLIST)\).*/\1 \/foss\/designs\/ma2022\/shiftregister\/runs\/RUN_2022.10.07_16.07.28\/results\/cts\/shiftregister.resized.v/} /foss/designs/ma2022/shiftregister/runs/RUN_2022.10.07_16.07.28/config.tcl"

Fri Oct 07 16:09:26 UTC 2022 - Executing "sed -i -e {s/\(set ::env(PREV_NETLIST)\).*/\1 \/foss\/designs\/ma2022\/shiftregister\/runs\/RUN_2022.10.07_16.07.28\/results\/cts\/shiftregister.v/} /foss/designs/ma2022/shiftregister/runs/RUN_2022.10.07_16.07.28/config.tcl"

Fri Oct 07 16:09:26 UTC 2022 - Executing "openroad -exit /foss/tools/openlane/2022.04.07_02.53.08/scripts/openroad/opendp.tcl"

Fri Oct 07 16:09:27 UTC 2022 - Executing "openroad -exit /foss/tools/openlane/2022.04.07_02.53.08/scripts/openroad/groute.tcl"

Fri Oct 07 16:09:29 UTC 2022 - Executing "openroad -exit /foss/tools/openlane/2022.04.07_02.53.08/scripts/openroad/fill.tcl"

Fri Oct 07 16:09:30 UTC 2022 - Executing "openroad -exit /foss/tools/openlane/2022.04.07_02.53.08/scripts/openroad/write_verilog.tcl"

Fri Oct 07 16:09:31 UTC 2022 - Executing "sed -i -e {s/\(set ::env(CURRENT_NETLIST)\).*/\1 \/foss\/designs\/ma2022\/shiftregister\/runs\/RUN_2022.10.07_16.07.28\/tmp\/routing\/17-global.v/} /foss/designs/ma2022/shiftregister/runs/RUN_2022.10.07_16.07.28/config.tcl"

Fri Oct 07 16:09:31 UTC 2022 - Executing "sed -i -e {s/\(set ::env(PREV_NETLIST)\).*/\1 \/foss\/designs\/ma2022\/shiftregister\/runs\/RUN_2022.10.07_16.07.28\/results\/cts\/shiftregister.resized.v/} /foss/designs/ma2022/shiftregister/runs/RUN_2022.10.07_16.07.28/config.tcl"

Fri Oct 07 16:09:31 UTC 2022 - Executing "openroad -exit /foss/tools/openlane/2022.04.07_02.53.08/scripts/openroad/droute.tcl"

Fri Oct 07 16:09:44 UTC 2022 - Executing "openroad -python /foss/tools/openlane/2022.04.07_02.53.08/scripts/tr_drc_to_klayout_drc.py -i /foss/designs/ma2022/shiftregister/runs/RUN_2022.10.07_16.07.28/reports/routing/detailed.drc -o /foss/designs/ma2022/shiftregister/runs/RUN_2022.10.07_16.07.28/reports/routing/detailed.klayout.xml --design-name shiftregister"

Fri Oct 07 16:09:45 UTC 2022 - Executing "openroad -exit /foss/tools/openlane/2022.04.07_02.53.08/scripts/openroad/write_verilog.tcl"

Fri Oct 07 16:09:46 UTC 2022 - Executing "sed -i -e {s/\(set ::env(CURRENT_NETLIST)\).*/\1 \/foss\/designs\/ma2022\/shiftregister\/runs\/RUN_2022.10.07_16.07.28\/tmp\/routing\/19-detailed.v/} /foss/designs/ma2022/shiftregister/runs/RUN_2022.10.07_16.07.28/config.tcl"

Fri Oct 07 16:09:46 UTC 2022 - Executing "sed -i -e {s/\(set ::env(PREV_NETLIST)\).*/\1 \/foss\/designs\/ma2022\/shiftregister\/runs\/RUN_2022.10.07_16.07.28\/tmp\/routing\/17-global.v/} /foss/designs/ma2022/shiftregister/runs/RUN_2022.10.07_16.07.28/config.tcl"

Fri Oct 07 16:09:46 UTC 2022 - Executing "openroad -exit /foss/tools/openlane/2022.04.07_02.53.08/scripts/openroad/rcx.tcl"

Fri Oct 07 16:09:47 UTC 2022 - Executing "openroad -exit /foss/tools/openlane/2022.04.07_02.53.08/scripts/openroad/rcx.tcl"

Fri Oct 07 16:09:49 UTC 2022 - Executing "openroad -exit /foss/tools/openlane/2022.04.07_02.53.08/scripts/openroad/rcx.tcl"

Fri Oct 07 16:09:51 UTC 2022 - Executing "openroad -exit /foss/tools/openlane/2022.04.07_02.53.08/scripts/openroad/sta.tcl"

Fri Oct 07 16:09:53 UTC 2022 - Executing "openroad -exit /foss/tools/openlane/2022.04.07_02.53.08/scripts/openroad/sta_multi_corner.tcl"

Fri Oct 07 16:09:58 UTC 2022 - Executing "magic -noconsole -dnull -rcfile /foss/pdk/sky130A/libs.tech/magic/sky130A.magicrc /foss/tools/openlane/2022.04.07_02.53.08/scripts/magic/mag_gds.tcl </dev/null |& tee /dev/null /foss/designs/ma2022/shiftregister/runs/RUN_2022.10.07_16.07.28/logs/finishing/26-gdsii.log"

Fri Oct 07 16:09:59 UTC 2022 - Executing "magic -noconsole -dnull -rcfile /foss/pdk/sky130A/libs.tech/magic/sky130A.magicrc /foss/tools/openlane/2022.04.07_02.53.08/scripts/magic/gds_pointers.tcl </dev/null |& tee /dev/null /foss/designs/ma2022/shiftregister/runs/RUN_2022.10.07_16.07.28/logs/finishing/26-gds_ptrs.log"

Fri Oct 07 16:09:59 UTC 2022 - Executing "sed -i -n {/^<< properties >>/,/^<< end >>/p} /foss/designs/ma2022/shiftregister/runs/RUN_2022.10.07_16.07.28/tmp/finishing/gds_ptrs.mag"

Fri Oct 07 16:09:59 UTC 2022 - Executing "magic -noconsole -dnull -rcfile /foss/pdk/sky130A/libs.tech/magic/sky130A.magicrc /foss/tools/openlane/2022.04.07_02.53.08/scripts/magic/lef.tcl </dev/null |& tee /dev/null /foss/designs/ma2022/shiftregister/runs/RUN_2022.10.07_16.07.28/logs/finishing/26-lef.log"

Fri Oct 07 16:10:00 UTC 2022 - Executing "magic -noconsole -dnull -rcfile /foss/pdk/sky130A/libs.tech/magic/sky130A.magicrc /foss/tools/openlane/2022.04.07_02.53.08/scripts/magic/maglef.tcl </dev/null |& tee /dev/null /foss/designs/ma2022/shiftregister/runs/RUN_2022.10.07_16.07.28/logs/finishing/26-maglef.log"

Fri Oct 07 16:10:01 UTC 2022 - Executing "klayout -b -rm /foss/tools/openlane/2022.04.07_02.53.08/scripts/klayout/def2gds.py -rd out_gds=/foss/designs/ma2022/shiftregister/runs/RUN_2022.10.07_16.07.28/results/finishing/shiftregister.klayout.gds -rd tech_file=/foss/pdk/sky130A/libs.tech/klayout/sky130A.lyt -rd design_name=shiftregister -rd in_def=/foss/designs/ma2022/shiftregister/runs/RUN_2022.10.07_16.07.28/results/routing/shiftregister.def -rd {in_gds=/foss/pdk/sky130A/libs.ref/sky130_fd_sc_hd/gds/sky130_fd_sc_hd.gds } -rd config_file= -rd seal_gds= -rd lef_file=/foss/designs/ma2022/shiftregister/runs/RUN_2022.10.07_16.07.28/tmp/merged.lef |& tee /dev/null /foss/designs/ma2022/shiftregister/runs/RUN_2022.10.07_16.07.28/logs/finishing/27-gdsii-klayout.log"

Fri Oct 07 16:10:04 UTC 2022 - Executing "bash /foss/tools/openlane/2022.04.07_02.53.08/scripts/klayout/xor.sh /foss/designs/ma2022/shiftregister/runs/RUN_2022.10.07_16.07.28/results/finishing/shiftregister.gds /foss/designs/ma2022/shiftregister/runs/RUN_2022.10.07_16.07.28/results/finishing/shiftregister.klayout.gds shiftregister /foss/designs/ma2022/shiftregister/runs/RUN_2022.10.07_16.07.28/reports/finishing/shiftregister.xor.gds |& tee /dev/null /foss/designs/ma2022/shiftregister/runs/RUN_2022.10.07_16.07.28/logs/finishing/28-xor.log"

Fri Oct 07 16:10:12 UTC 2022 - Executing "openroad -python /foss/tools/openlane/2022.04.07_02.53.08/scripts/parse_klayout_xor_log.py -l /foss/designs/ma2022/shiftregister/runs/RUN_2022.10.07_16.07.28/logs/finishing/28-xor.log -o /foss/designs/ma2022/shiftregister/runs/RUN_2022.10.07_16.07.28/reports/finishing/28-xor.rpt"

Fri Oct 07 16:10:12 UTC 2022 - Executing "bash /foss/tools/openlane/2022.04.07_02.53.08/scripts/klayout/xor.sh /foss/designs/ma2022/shiftregister/runs/RUN_2022.10.07_16.07.28/results/finishing/shiftregister.gds /foss/designs/ma2022/shiftregister/runs/RUN_2022.10.07_16.07.28/results/finishing/shiftregister.klayout.gds shiftregister /foss/designs/ma2022/shiftregister/runs/RUN_2022.10.07_16.07.28/reports/finishing/shiftregister.xor.xml |& tee /dev/null /foss/designs/ma2022/shiftregister/runs/RUN_2022.10.07_16.07.28/logs/finishing/28-xor.log"

Fri Oct 07 16:10:19 UTC 2022 - Executing "openroad -python /foss/tools/openlane/2022.04.07_02.53.08/scripts/parse_klayout_xor_log.py -l /foss/designs/ma2022/shiftregister/runs/RUN_2022.10.07_16.07.28/logs/finishing/28-xor.log -o /foss/designs/ma2022/shiftregister/runs/RUN_2022.10.07_16.07.28/reports/finishing/28-xor.rpt"

Fri Oct 07 16:10:20 UTC 2022 - Executing "magic -noconsole -dnull -rcfile /foss/pdk/sky130A/libs.tech/magic/sky130A.magicrc /foss/designs/ma2022/shiftregister/runs/RUN_2022.10.07_16.07.28/tmp/finishing/spice.tcl </dev/null |& tee /dev/null /foss/designs/ma2022/shiftregister/runs/RUN_2022.10.07_16.07.28/logs/finishing/29-spice.log"

Fri Oct 07 16:10:21 UTC 2022 - Executing "openroad -python /foss/tools/openlane/2022.04.07_02.53.08/scripts/write_powered_def.py -d /foss/designs/ma2022/shiftregister/runs/RUN_2022.10.07_16.07.28/results/routing/shiftregister.def -l /foss/designs/ma2022/shiftregister/runs/RUN_2022.10.07_16.07.28/tmp/merged.lef --power-port VPWR --ground-port VGND --powered-netlist {} -o /foss/designs/ma2022/shiftregister/runs/RUN_2022.10.07_16.07.28/tmp/finishing/29-powered_def.def |& tee /dev/null /foss/designs/ma2022/shiftregister/runs/RUN_2022.10.07_16.07.28/logs/finishing/30-write_powered_def.log"

Fri Oct 07 16:10:22 UTC 2022 - Executing "openroad -exit /foss/tools/openlane/2022.04.07_02.53.08/scripts/openroad/write_verilog.tcl"

Fri Oct 07 16:10:23 UTC 2022 - Executing "sed -i -e {s/\(set ::env(CURRENT_NETLIST)\).*/\1 \/foss\/designs\/ma2022\/shiftregister\/runs\/RUN_2022.10.07_16.07.28\/tmp\/finishing\/29-powered_netlist.v/} /foss/designs/ma2022/shiftregister/runs/RUN_2022.10.07_16.07.28/config.tcl"

Fri Oct 07 16:10:23 UTC 2022 - Executing "sed -i -e {s/\(set ::env(PREV_NETLIST)\).*/\1 \/foss\/designs\/ma2022\/shiftregister\/runs\/RUN_2022.10.07_16.07.28\/tmp\/routing\/19-detailed.v/} /foss/designs/ma2022/shiftregister/runs/RUN_2022.10.07_16.07.28/config.tcl"

Fri Oct 07 16:10:23 UTC 2022 - Executing "netgen -batch source /foss/designs/ma2022/shiftregister/runs/RUN_2022.10.07_16.07.28/tmp/finishing/32-setup_file.lef.lvs |& tee /dev/null /foss/designs/ma2022/shiftregister/runs/RUN_2022.10.07_16.07.28/logs/finishing/32-lef.log"

Fri Oct 07 16:10:24 UTC 2022 - Executing "magic -noconsole -dnull -rcfile /foss/pdk/sky130A/libs.tech/magic/sky130A.magicrc /foss/tools/openlane/2022.04.07_02.53.08/scripts/magic/drc.tcl </dev/null |& tee /dev/null /foss/designs/ma2022/shiftregister/runs/RUN_2022.10.07_16.07.28/logs/finishing/33-drc.log"

Fri Oct 07 16:10:27 UTC 2022 - Executing "openroad -python /foss/tools/openlane/2022.04.07_02.53.08/scripts/magic_drc_to_tcl.py -i /foss/designs/ma2022/shiftregister/runs/RUN_2022.10.07_16.07.28/reports/finishing/drc.rpt -o /foss/designs/ma2022/shiftregister/runs/RUN_2022.10.07_16.07.28/reports/finishing/drc.tcl"

Fri Oct 07 16:10:27 UTC 2022 - Executing "openroad -python /foss/tools/openlane/2022.04.07_02.53.08/scripts/magic_drc_to_tr_drc.py -i /foss/designs/ma2022/shiftregister/runs/RUN_2022.10.07_16.07.28/reports/finishing/drc.rpt -o /foss/designs/ma2022/shiftregister/runs/RUN_2022.10.07_16.07.28/reports/finishing/drc.tr"

Fri Oct 07 16:10:28 UTC 2022 - Executing "openroad -python /foss/tools/openlane/2022.04.07_02.53.08/scripts/tr_drc_to_klayout_drc.py -i /foss/designs/ma2022/shiftregister/runs/RUN_2022.10.07_16.07.28/reports/finishing/drc.tr -o /foss/designs/ma2022/shiftregister/runs/RUN_2022.10.07_16.07.28/reports/finishing/drc.klayout.xml --design-name shiftregister"

Fri Oct 07 16:10:29 UTC 2022 - Executing "openroad -python /foss/tools/openlane/2022.04.07_02.53.08/scripts/magic_drc_to_rdb.py --magic_drc_in /foss/designs/ma2022/shiftregister/runs/RUN_2022.10.07_16.07.28/reports/finishing/drc.rpt --rdb_out /foss/designs/ma2022/shiftregister/runs/RUN_2022.10.07_16.07.28/reports/finishing/drc.rdb"

Fri Oct 07 16:10:29 UTC 2022 - Executing "openroad -exit /foss/tools/openlane/2022.04.07_02.53.08/scripts/openroad/antenna_check.tcl"

Fri Oct 07 16:10:30 UTC 2022 - Executing "awk -v vdd=VPWR -v gnd=VGND -f /foss/tools/openlane/2022.04.07_02.53.08/scripts/cvc/sky130A/power.awk /foss/designs/ma2022/shiftregister/runs/RUN_2022.10.07_16.07.28/tmp/finishing/29-powered_netlist.v > /foss/designs/ma2022/shiftregister/runs/RUN_2022.10.07_16.07.28/tmp/finishing/shiftregister.power"

Fri Oct 07 16:10:30 UTC 2022 - Executing "awk -f /foss/tools/openlane/2022.04.07_02.53.08/scripts/cvc/sky130A/cdl.awk /foss/pdk/sky130A/libs.ref/sky130_fd_sc_hd/cdl/sky130_fd_sc_hd.cdl /foss/designs/ma2022/shiftregister/runs/RUN_2022.10.07_16.07.28/results/finishing/shiftregister.lef.spice > /foss/designs/ma2022/shiftregister/runs/RUN_2022.10.07_16.07.28/tmp/finishing/shiftregister.cdl"

Fri Oct 07 16:10:30 UTC 2022 - Executing "cvc /foss/tools/openlane/2022.04.07_02.53.08/scripts/cvc/sky130A/cvcrc.sky130A |& tee /dev/null /foss/designs/ma2022/shiftregister/runs/RUN_2022.10.07_16.07.28/logs/finishing/35-erc_screen.log"

Fri Oct 07 16:10:32 UTC 2022 - Executing "openroad -python /foss/tools/openlane/2022.04.07_02.53.08/scripts/generate_reports.py -d /foss/designs/ma2022/shiftregister --design_name shiftregister --tag RUN_2022.10.07_16.07.28 --output_file /foss/designs/ma2022/shiftregister/runs/RUN_2022.10.07_16.07.28/reports/final_summary_report.csv --man_report /foss/designs/ma2022/shiftregister/runs/RUN_2022.10.07_16.07.28/reports/manufacturability_report.rpt --run_path /foss/designs/ma2022/shiftregister/runs/RUN_2022.10.07_16.07.28"

