OpenROAD v2.0-3074-g944855835 
This program is licensed under the BSD-3 license. See the LICENSE file for details.
Components of this program may be licensed under more restrictive licenses which must be honored.
[WARNING STA-0163] /foss/pdk/sky130A/libs.ref/sky130_fd_sc_hd/lib/sky130_fd_sc_hd__ss_100C_1v60.lib line 24, default_fanout_load is 0.0.
[INFO ODB-0222] Reading LEF file: /foss/designs/ma2022/shiftregister/runs/RUN_2022.11.02_10.28.11/tmp/merged_unpadded.lef
[INFO ODB-0223]     Created 13 technology layers
[INFO ODB-0224]     Created 25 technology vias
[INFO ODB-0225]     Created 441 library cells
[INFO ODB-0226] Finished LEF file:  /foss/designs/ma2022/shiftregister/runs/RUN_2022.11.02_10.28.11/tmp/merged_unpadded.lef
[WARNING ORD-0033] -order_wires is deprecated.
[INFO ODB-0127] Reading DEF file: /foss/designs/ma2022/shiftregister/runs/RUN_2022.11.02_10.28.11/results/routing/shiftregister.def
[INFO ODB-0128] Design: shiftregister
[INFO ODB-0130]     Created 208 pins.
[INFO ODB-0131]     Created 3901 components and 18390 component-terminals.
[INFO ODB-0132]     Created 2 special nets and 14872 connections.
[INFO ODB-0133]     Created 1357 nets and 3518 connections.
[INFO ODB-0134] Finished DEF file: /foss/designs/ma2022/shiftregister/runs/RUN_2022.11.02_10.28.11/results/routing/shiftregister.def
[INFO]: Setting RC values...
[INFO RCX-0431] Defined process_corner X with ext_model_index 0
[INFO RCX-0029] Defined extraction corner X
[INFO RCX-0008] extracting parasitics of shiftregister ...
Notice 0: Split top of 218 T shapes.
[INFO RCX-0435] Reading extraction model file /foss/pdk/sky130A/libs.tech/openlane/rcx_rules.info ...
[INFO RCX-0436] RC segment generation shiftregister (max_merge_res 50.0) ...
[INFO RCX-0040] Final 4030 rc segments
[INFO RCX-0439] Coupling Cap extraction shiftregister ...
[INFO RCX-0440] Coupling threshhold is 0.1000 fF, coupling capacitance less than 0.1000 fF will be grounded.
[INFO RCX-0043] 7516 wires to be extracted
[INFO RCX-0442] 51% completion -- 3907 wires have been extracted
[INFO RCX-0442] 100% completion -- 7516 wires have been extracted
[INFO RCX-0045] Extract 1357 nets, 5387 rsegs, 5387 caps, 9563 ccs
[INFO RCX-0015] Finished extracting shiftregister.
[INFO RCX-0016] Writing SPEF ...
[INFO RCX-0443] 1357 nets finished
[INFO RCX-0017] Finished writing SPEF ...
