
23. Executing CHECK pass (checking for obvious problems).
Checking module shiftregister...
Warning: Wire shiftregister.\s_out is used but has no driver.
Warning: Wire shiftregister.\r_load [99] is used but has no driver.
Warning: Wire shiftregister.\r_load [98] is used but has no driver.
Warning: Wire shiftregister.\r_load [97] is used but has no driver.
Warning: Wire shiftregister.\r_load [96] is used but has no driver.
Warning: Wire shiftregister.\r_load [95] is used but has no driver.
Warning: Wire shiftregister.\r_load [94] is used but has no driver.
Warning: Wire shiftregister.\r_load [93] is used but has no driver.
Warning: Wire shiftregister.\r_load [92] is used but has no driver.
Warning: Wire shiftregister.\r_load [91] is used but has no driver.
Warning: Wire shiftregister.\r_load [90] is used but has no driver.
Warning: Wire shiftregister.\r_load [89] is used but has no driver.
Warning: Wire shiftregister.\r_load [88] is used but has no driver.
Warning: Wire shiftregister.\r_load [87] is used but has no driver.
Warning: Wire shiftregister.\r_load [86] is used but has no driver.
Warning: Wire shiftregister.\r_load [85] is used but has no driver.
Warning: Wire shiftregister.\r_load [84] is used but has no driver.
Warning: Wire shiftregister.\r_load [83] is used but has no driver.
Warning: Wire shiftregister.\r_load [82] is used but has no driver.
Warning: Wire shiftregister.\r_load [81] is used but has no driver.
Warning: Wire shiftregister.\r_load [80] is used but has no driver.
Warning: Wire shiftregister.\r_load [79] is used but has no driver.
Warning: Wire shiftregister.\r_load [78] is used but has no driver.
Warning: Wire shiftregister.\r_load [77] is used but has no driver.
Warning: Wire shiftregister.\r_load [76] is used but has no driver.
Warning: Wire shiftregister.\r_load [75] is used but has no driver.
Warning: Wire shiftregister.\r_load [74] is used but has no driver.
Warning: Wire shiftregister.\r_load [73] is used but has no driver.
Warning: Wire shiftregister.\r_load [72] is used but has no driver.
Warning: Wire shiftregister.\r_load [71] is used but has no driver.
Warning: Wire shiftregister.\r_load [70] is used but has no driver.
Warning: Wire shiftregister.\r_load [69] is used but has no driver.
Warning: Wire shiftregister.\r_load [68] is used but has no driver.
Warning: Wire shiftregister.\r_load [67] is used but has no driver.
Warning: Wire shiftregister.\r_load [66] is used but has no driver.
Warning: Wire shiftregister.\r_load [65] is used but has no driver.
Warning: Wire shiftregister.\r_load [64] is used but has no driver.
Warning: Wire shiftregister.\r_load [63] is used but has no driver.
Warning: Wire shiftregister.\r_load [62] is used but has no driver.
Warning: Wire shiftregister.\r_load [61] is used but has no driver.
Warning: Wire shiftregister.\r_load [60] is used but has no driver.
Warning: Wire shiftregister.\r_load [59] is used but has no driver.
Warning: Wire shiftregister.\r_load [58] is used but has no driver.
Warning: Wire shiftregister.\r_load [57] is used but has no driver.
Warning: Wire shiftregister.\r_load [56] is used but has no driver.
Warning: Wire shiftregister.\r_load [55] is used but has no driver.
Warning: Wire shiftregister.\r_load [54] is used but has no driver.
Warning: Wire shiftregister.\r_load [53] is used but has no driver.
Warning: Wire shiftregister.\r_load [52] is used but has no driver.
Warning: Wire shiftregister.\r_load [51] is used but has no driver.
Warning: Wire shiftregister.\r_load [50] is used but has no driver.
Warning: Wire shiftregister.\r_load [49] is used but has no driver.
Warning: Wire shiftregister.\r_load [48] is used but has no driver.
Warning: Wire shiftregister.\r_load [47] is used but has no driver.
Warning: Wire shiftregister.\r_load [46] is used but has no driver.
Warning: Wire shiftregister.\r_load [45] is used but has no driver.
Warning: Wire shiftregister.\r_load [44] is used but has no driver.
Warning: Wire shiftregister.\r_load [43] is used but has no driver.
Warning: Wire shiftregister.\r_load [42] is used but has no driver.
Warning: Wire shiftregister.\r_load [41] is used but has no driver.
Warning: Wire shiftregister.\r_load [40] is used but has no driver.
Warning: Wire shiftregister.\r_load [39] is used but has no driver.
Warning: Wire shiftregister.\r_load [38] is used but has no driver.
Warning: Wire shiftregister.\r_load [37] is used but has no driver.
Warning: Wire shiftregister.\r_load [36] is used but has no driver.
Warning: Wire shiftregister.\r_load [35] is used but has no driver.
Warning: Wire shiftregister.\r_load [34] is used but has no driver.
Warning: Wire shiftregister.\r_load [33] is used but has no driver.
Warning: Wire shiftregister.\r_load [32] is used but has no driver.
Warning: Wire shiftregister.\r_load [31] is used but has no driver.
Warning: Wire shiftregister.\r_load [30] is used but has no driver.
Warning: Wire shiftregister.\r_load [29] is used but has no driver.
Warning: Wire shiftregister.\r_load [28] is used but has no driver.
Warning: Wire shiftregister.\r_load [27] is used but has no driver.
Warning: Wire shiftregister.\r_load [26] is used but has no driver.
Warning: Wire shiftregister.\r_load [25] is used but has no driver.
Warning: Wire shiftregister.\r_load [24] is used but has no driver.
Warning: Wire shiftregister.\r_load [23] is used but has no driver.
Warning: Wire shiftregister.\r_load [22] is used but has no driver.
Warning: Wire shiftregister.\r_load [21] is used but has no driver.
Warning: Wire shiftregister.\r_load [20] is used but has no driver.
Warning: Wire shiftregister.\r_load [19] is used but has no driver.
Warning: Wire shiftregister.\r_load [18] is used but has no driver.
Warning: Wire shiftregister.\r_load [17] is used but has no driver.
Warning: Wire shiftregister.\r_load [16] is used but has no driver.
Warning: Wire shiftregister.\r_load [15] is used but has no driver.
Warning: Wire shiftregister.\r_load [14] is used but has no driver.
Warning: Wire shiftregister.\r_load [13] is used but has no driver.
Warning: Wire shiftregister.\r_load [12] is used but has no driver.
Warning: Wire shiftregister.\r_load [11] is used but has no driver.
Warning: Wire shiftregister.\r_load [10] is used but has no driver.
Warning: Wire shiftregister.\r_load [9] is used but has no driver.
Warning: Wire shiftregister.\r_load [8] is used but has no driver.
Warning: Wire shiftregister.\r_load [7] is used but has no driver.
Warning: Wire shiftregister.\r_load [6] is used but has no driver.
Warning: Wire shiftregister.\r_load [5] is used but has no driver.
Warning: Wire shiftregister.\r_load [4] is used but has no driver.
Warning: Wire shiftregister.\r_load [3] is used but has no driver.
Warning: Wire shiftregister.\r_load [2] is used but has no driver.
Warning: Wire shiftregister.\r_load [1] is used but has no driver.
Warning: Wire shiftregister.\r_load [0] is used but has no driver.
Found and reported 101 problems.
