
===========================================================================
report_checks -path_delay min (Hold)
============================================================================
Startpoint: reset (input port clocked by clk)
Endpoint: _1790_ (removal check against rising-edge clock clk)
Path Group: **async_default**
Path Type: min

Fanout     Cap    Slew   Delay    Time   Description
-----------------------------------------------------------------------------
                          0.00    0.00   clock clk (rise edge)
                          0.00    0.00   clock network delay (propagated)
                         20.00   20.00 v input external delay
                  0.01    0.00   20.00 v reset (in)
     1    0.00                           reset (net)
                  0.01    0.00   20.00 v input103/A (sky130_fd_sc_hd__buf_2)
                  0.09    0.16   20.16 v input103/X (sky130_fd_sc_hd__buf_2)
     4    0.04                           net103 (net)
                  0.09    0.00   20.17 v _1551_/A (sky130_fd_sc_hd__clkbuf_2)
                  0.09    0.17   20.33 v _1551_/X (sky130_fd_sc_hd__clkbuf_2)
     5    0.02                           _0593_ (net)
                  0.09    0.00   20.33 v _1576_/A (sky130_fd_sc_hd__buf_2)
                  0.07    0.17   20.51 v _1576_/X (sky130_fd_sc_hd__buf_2)
     5    0.03                           _0598_ (net)
                  0.07    0.00   20.51 v _1578_/A (sky130_fd_sc_hd__inv_2)
                  0.06    0.08   20.58 ^ _1578_/Y (sky130_fd_sc_hd__inv_2)
     1    0.01                           _0019_ (net)
                  0.06    0.00   20.58 ^ _1790_/RESET_B (sky130_fd_sc_hd__dfrtp_1)
                                 20.58   data arrival time

                          0.00    0.00   clock clk (rise edge)
                          0.00    0.00   clock source latency
                  0.12    0.09    0.09 ^ clk (in)
     1    0.03                           clk (net)
                  0.12    0.00    0.09 ^ clkbuf_0_clk/A (sky130_fd_sc_hd__clkbuf_16)
                  0.08    0.20    0.29 ^ clkbuf_0_clk/X (sky130_fd_sc_hd__clkbuf_16)
     8    0.06                           clknet_0_clk (net)
                  0.08    0.00    0.29 ^ clkbuf_3_1_0_clk/A (sky130_fd_sc_hd__clkbuf_2)
                  0.06    0.14    0.42 ^ clkbuf_3_1_0_clk/X (sky130_fd_sc_hd__clkbuf_2)
     2    0.01                           clknet_3_1_0_clk (net)
                  0.06    0.00    0.42 ^ clkbuf_4_2_0_clk/A (sky130_fd_sc_hd__clkbuf_2)
                  0.26    0.28    0.70 ^ clkbuf_4_2_0_clk/X (sky130_fd_sc_hd__clkbuf_2)
    14    0.05                           clknet_4_2_0_clk (net)
                  0.26    0.00    0.70 ^ _1790_/CLK (sky130_fd_sc_hd__dfrtp_1)
                          0.25    0.95   clock uncertainty
                          0.00    0.95   clock reconvergence pessimism
                          0.38    1.34   library removal time
                                  1.34   data required time
-----------------------------------------------------------------------------
                                  1.34   data required time
                                -20.58   data arrival time
-----------------------------------------------------------------------------
                                 19.25   slack (MET)


Startpoint: reset (input port clocked by clk)
Endpoint: _1792_ (removal check against rising-edge clock clk)
Path Group: **async_default**
Path Type: min

Fanout     Cap    Slew   Delay    Time   Description
-----------------------------------------------------------------------------
                          0.00    0.00   clock clk (rise edge)
                          0.00    0.00   clock network delay (propagated)
                         20.00   20.00 v input external delay
                  0.01    0.00   20.00 v reset (in)
     1    0.00                           reset (net)
                  0.01    0.00   20.00 v input103/A (sky130_fd_sc_hd__buf_2)
                  0.09    0.16   20.16 v input103/X (sky130_fd_sc_hd__buf_2)
     4    0.04                           net103 (net)
                  0.09    0.00   20.17 v _1551_/A (sky130_fd_sc_hd__clkbuf_2)
                  0.09    0.17   20.33 v _1551_/X (sky130_fd_sc_hd__clkbuf_2)
     5    0.02                           _0593_ (net)
                  0.09    0.00   20.33 v _1576_/A (sky130_fd_sc_hd__buf_2)
                  0.07    0.17   20.51 v _1576_/X (sky130_fd_sc_hd__buf_2)
     5    0.03                           _0598_ (net)
                  0.07    0.00   20.51 v _1580_/A (sky130_fd_sc_hd__inv_2)
                  0.06    0.08   20.58 ^ _1580_/Y (sky130_fd_sc_hd__inv_2)
     1    0.01                           _0021_ (net)
                  0.06    0.00   20.58 ^ _1792_/RESET_B (sky130_fd_sc_hd__dfrtp_1)
                                 20.58   data arrival time

                          0.00    0.00   clock clk (rise edge)
                          0.00    0.00   clock source latency
                  0.12    0.09    0.09 ^ clk (in)
     1    0.03                           clk (net)
                  0.12    0.00    0.09 ^ clkbuf_0_clk/A (sky130_fd_sc_hd__clkbuf_16)
                  0.08    0.20    0.29 ^ clkbuf_0_clk/X (sky130_fd_sc_hd__clkbuf_16)
     8    0.06                           clknet_0_clk (net)
                  0.08    0.00    0.29 ^ clkbuf_3_1_0_clk/A (sky130_fd_sc_hd__clkbuf_2)
                  0.06    0.14    0.42 ^ clkbuf_3_1_0_clk/X (sky130_fd_sc_hd__clkbuf_2)
     2    0.01                           clknet_3_1_0_clk (net)
                  0.06    0.00    0.42 ^ clkbuf_4_2_0_clk/A (sky130_fd_sc_hd__clkbuf_2)
                  0.26    0.28    0.70 ^ clkbuf_4_2_0_clk/X (sky130_fd_sc_hd__clkbuf_2)
    14    0.05                           clknet_4_2_0_clk (net)
                  0.26    0.00    0.70 ^ _1792_/CLK (sky130_fd_sc_hd__dfrtp_1)
                          0.25    0.95   clock uncertainty
                          0.00    0.95   clock reconvergence pessimism
                          0.38    1.34   library removal time
                                  1.34   data required time
-----------------------------------------------------------------------------
                                  1.34   data required time
                                -20.58   data arrival time
-----------------------------------------------------------------------------
                                 19.25   slack (MET)


Startpoint: reset (input port clocked by clk)
Endpoint: _1778_ (removal check against rising-edge clock clk)
Path Group: **async_default**
Path Type: min

Fanout     Cap    Slew   Delay    Time   Description
-----------------------------------------------------------------------------
                          0.00    0.00   clock clk (rise edge)
                          0.00    0.00   clock network delay (propagated)
                         20.00   20.00 v input external delay
                  0.01    0.00   20.00 v reset (in)
     1    0.00                           reset (net)
                  0.01    0.00   20.00 v input103/A (sky130_fd_sc_hd__buf_2)
                  0.09    0.16   20.16 v input103/X (sky130_fd_sc_hd__buf_2)
     4    0.04                           net103 (net)
                  0.09    0.00   20.17 v _1551_/A (sky130_fd_sc_hd__clkbuf_2)
                  0.09    0.17   20.33 v _1551_/X (sky130_fd_sc_hd__clkbuf_2)
     5    0.02                           _0593_ (net)
                  0.09    0.00   20.33 v _1558_/A (sky130_fd_sc_hd__buf_2)
                  0.09    0.19   20.52 v _1558_/X (sky130_fd_sc_hd__buf_2)
     5    0.03                           _0595_ (net)
                  0.09    0.00   20.52 v _1563_/A (sky130_fd_sc_hd__inv_2)
                  0.05    0.07   20.59 ^ _1563_/Y (sky130_fd_sc_hd__inv_2)
     1    0.01                           _0007_ (net)
                  0.05    0.00   20.59 ^ _1778_/RESET_B (sky130_fd_sc_hd__dfrtp_1)
                                 20.59   data arrival time

                          0.00    0.00   clock clk (rise edge)
                          0.00    0.00   clock source latency
                  0.12    0.09    0.09 ^ clk (in)
     1    0.03                           clk (net)
                  0.12    0.00    0.09 ^ clkbuf_0_clk/A (sky130_fd_sc_hd__clkbuf_16)
                  0.08    0.20    0.29 ^ clkbuf_0_clk/X (sky130_fd_sc_hd__clkbuf_16)
     8    0.06                           clknet_0_clk (net)
                  0.08    0.00    0.29 ^ clkbuf_3_1_0_clk/A (sky130_fd_sc_hd__clkbuf_2)
                  0.06    0.14    0.42 ^ clkbuf_3_1_0_clk/X (sky130_fd_sc_hd__clkbuf_2)
     2    0.01                           clknet_3_1_0_clk (net)
                  0.06    0.00    0.42 ^ clkbuf_4_2_0_clk/A (sky130_fd_sc_hd__clkbuf_2)
                  0.26    0.28    0.70 ^ clkbuf_4_2_0_clk/X (sky130_fd_sc_hd__clkbuf_2)
    14    0.05                           clknet_4_2_0_clk (net)
                  0.26    0.00    0.70 ^ _1778_/CLK (sky130_fd_sc_hd__dfrtp_1)
                          0.25    0.95   clock uncertainty
                          0.00    0.95   clock reconvergence pessimism
                          0.38    1.33   library removal time
                                  1.33   data required time
-----------------------------------------------------------------------------
                                  1.33   data required time
                                -20.59   data arrival time
-----------------------------------------------------------------------------
                                 19.26   slack (MET)


Startpoint: reset (input port clocked by clk)
Endpoint: _1775_ (removal check against rising-edge clock clk)
Path Group: **async_default**
Path Type: min

Fanout     Cap    Slew   Delay    Time   Description
-----------------------------------------------------------------------------
                          0.00    0.00   clock clk (rise edge)
                          0.00    0.00   clock network delay (propagated)
                         20.00   20.00 v input external delay
                  0.01    0.00   20.00 v reset (in)
     1    0.00                           reset (net)
                  0.01    0.00   20.00 v input103/A (sky130_fd_sc_hd__buf_2)
                  0.09    0.16   20.16 v input103/X (sky130_fd_sc_hd__buf_2)
     4    0.04                           net103 (net)
                  0.09    0.00   20.17 v _1551_/A (sky130_fd_sc_hd__clkbuf_2)
                  0.09    0.17   20.33 v _1551_/X (sky130_fd_sc_hd__clkbuf_2)
     5    0.02                           _0593_ (net)
                  0.09    0.00   20.33 v _1558_/A (sky130_fd_sc_hd__buf_2)
                  0.09    0.19   20.52 v _1558_/X (sky130_fd_sc_hd__buf_2)
     5    0.03                           _0595_ (net)
                  0.09    0.00   20.52 v _1560_/A (sky130_fd_sc_hd__inv_2)
                  0.05    0.07   20.59 ^ _1560_/Y (sky130_fd_sc_hd__inv_2)
     1    0.01                           _0004_ (net)
                  0.05    0.00   20.59 ^ _1775_/RESET_B (sky130_fd_sc_hd__dfrtp_1)
                                 20.59   data arrival time

                          0.00    0.00   clock clk (rise edge)
                          0.00    0.00   clock source latency
                  0.12    0.09    0.09 ^ clk (in)
     1    0.03                           clk (net)
                  0.12    0.00    0.09 ^ clkbuf_0_clk/A (sky130_fd_sc_hd__clkbuf_16)
                  0.08    0.20    0.29 ^ clkbuf_0_clk/X (sky130_fd_sc_hd__clkbuf_16)
     8    0.06                           clknet_0_clk (net)
                  0.08    0.00    0.29 ^ clkbuf_3_1_0_clk/A (sky130_fd_sc_hd__clkbuf_2)
                  0.06    0.14    0.42 ^ clkbuf_3_1_0_clk/X (sky130_fd_sc_hd__clkbuf_2)
     2    0.01                           clknet_3_1_0_clk (net)
                  0.06    0.00    0.42 ^ clkbuf_4_2_0_clk/A (sky130_fd_sc_hd__clkbuf_2)
                  0.26    0.28    0.70 ^ clkbuf_4_2_0_clk/X (sky130_fd_sc_hd__clkbuf_2)
    14    0.05                           clknet_4_2_0_clk (net)
                  0.26    0.00    0.70 ^ _1775_/CLK (sky130_fd_sc_hd__dfrtp_1)
                          0.25    0.95   clock uncertainty
                          0.00    0.95   clock reconvergence pessimism
                          0.38    1.33   library removal time
                                  1.33   data required time
-----------------------------------------------------------------------------
                                  1.33   data required time
                                -20.59   data arrival time
-----------------------------------------------------------------------------
                                 19.26   slack (MET)


Startpoint: reset (input port clocked by clk)
Endpoint: _1814_ (removal check against rising-edge clock clk)
Path Group: **async_default**
Path Type: min

Fanout     Cap    Slew   Delay    Time   Description
-----------------------------------------------------------------------------
                          0.00    0.00   clock clk (rise edge)
                          0.00    0.00   clock network delay (propagated)
                         20.00   20.00 v input external delay
                  0.01    0.00   20.00 v reset (in)
     1    0.00                           reset (net)
                  0.01    0.00   20.00 v input103/A (sky130_fd_sc_hd__buf_2)
                  0.09    0.16   20.16 v input103/X (sky130_fd_sc_hd__buf_2)
     4    0.04                           net103 (net)
                  0.09    0.00   20.17 v _1582_/A (sky130_fd_sc_hd__clkbuf_2)
                  0.12    0.19   20.36 v _1582_/X (sky130_fd_sc_hd__clkbuf_2)
     5    0.03                           _0599_ (net)
                  0.12    0.00   20.36 v _1607_/A (sky130_fd_sc_hd__buf_2)
                  0.08    0.19   20.55 v _1607_/X (sky130_fd_sc_hd__buf_2)
     5    0.03                           _0604_ (net)
                  0.08    0.00   20.55 v _1608_/A (sky130_fd_sc_hd__inv_2)
                  0.04    0.06   20.61 ^ _1608_/Y (sky130_fd_sc_hd__inv_2)
     1    0.01                           _0043_ (net)
                  0.04    0.00   20.61 ^ _1814_/RESET_B (sky130_fd_sc_hd__dfrtp_1)
                                 20.61   data arrival time

                          0.00    0.00   clock clk (rise edge)
                          0.00    0.00   clock source latency
                  0.12    0.09    0.09 ^ clk (in)
     1    0.03                           clk (net)
                  0.12    0.00    0.09 ^ clkbuf_0_clk/A (sky130_fd_sc_hd__clkbuf_16)
                  0.08    0.20    0.29 ^ clkbuf_0_clk/X (sky130_fd_sc_hd__clkbuf_16)
     8    0.06                           clknet_0_clk (net)
                  0.08    0.00    0.29 ^ clkbuf_3_5_0_clk/A (sky130_fd_sc_hd__clkbuf_2)
                  0.08    0.15    0.43 ^ clkbuf_3_5_0_clk/X (sky130_fd_sc_hd__clkbuf_2)
     2    0.01                           clknet_3_5_0_clk (net)
                  0.08    0.00    0.43 ^ clkbuf_4_10_0_clk/A (sky130_fd_sc_hd__clkbuf_2)
                  0.27    0.29    0.72 ^ clkbuf_4_10_0_clk/X (sky130_fd_sc_hd__clkbuf_2)
    15    0.05                           clknet_4_10_0_clk (net)
                  0.27    0.00    0.72 ^ _1814_/CLK (sky130_fd_sc_hd__dfrtp_1)
                          0.25    0.97   clock uncertainty
                          0.00    0.97   clock reconvergence pessimism
                          0.38    1.35   library removal time
                                  1.35   data required time
-----------------------------------------------------------------------------
                                  1.35   data required time
                                -20.61   data arrival time
-----------------------------------------------------------------------------
                                 19.26   slack (MET)


Startpoint: _1782_ (rising edge-triggered flip-flop clocked by clk)
Endpoint: _1682_ (rising edge-triggered flip-flop clocked by clk)
Path Group: clk
Path Type: min

Fanout     Cap    Slew   Delay    Time   Description
-----------------------------------------------------------------------------
                          0.00    0.00   clock clk (rise edge)
                          0.00    0.00   clock source latency
                  0.12    0.08    0.08 ^ clk (in)
     1    0.03                           clk (net)
                  0.12    0.00    0.08 ^ clkbuf_0_clk/A (sky130_fd_sc_hd__clkbuf_16)
                  0.08    0.18    0.26 ^ clkbuf_0_clk/X (sky130_fd_sc_hd__clkbuf_16)
     8    0.06                           clknet_0_clk (net)
                  0.08    0.00    0.26 ^ clkbuf_3_0_0_clk/A (sky130_fd_sc_hd__clkbuf_2)
                  0.08    0.14    0.40 ^ clkbuf_3_0_0_clk/X (sky130_fd_sc_hd__clkbuf_2)
     2    0.01                           clknet_3_0_0_clk (net)
                  0.08    0.00    0.40 ^ clkbuf_4_0_0_clk/A (sky130_fd_sc_hd__clkbuf_2)
                  0.21    0.23    0.62 ^ clkbuf_4_0_0_clk/X (sky130_fd_sc_hd__clkbuf_2)
    12    0.04                           clknet_4_0_0_clk (net)
                  0.21    0.00    0.62 ^ _1782_/CLK (sky130_fd_sc_hd__dfrtp_1)
                  0.10    0.40    1.02 ^ _1782_/Q (sky130_fd_sc_hd__dfrtp_1)
     3    0.01                           r_reg[38] (net)
                  0.10    0.00    1.02 ^ _1309_/A1 (sky130_fd_sc_hd__mux2_1)
                  0.05    0.14    1.16 ^ _1309_/X (sky130_fd_sc_hd__mux2_1)
     1    0.00                           _0515_ (net)
                  0.05    0.00    1.16 ^ _1310_/A (sky130_fd_sc_hd__clkbuf_1)
                  0.05    0.08    1.23 ^ _1310_/X (sky130_fd_sc_hd__clkbuf_1)
     1    0.00                           _0311_ (net)
                  0.05    0.00    1.23 ^ _1682_/D (sky130_fd_sc_hd__dfrtp_1)
                                  1.23   data arrival time

                          0.00    0.00   clock clk (rise edge)
                          0.00    0.00   clock source latency
                  0.12    0.09    0.09 ^ clk (in)
     1    0.03                           clk (net)
                  0.12    0.00    0.09 ^ clkbuf_0_clk/A (sky130_fd_sc_hd__clkbuf_16)
                  0.08    0.20    0.29 ^ clkbuf_0_clk/X (sky130_fd_sc_hd__clkbuf_16)
     8    0.06                           clknet_0_clk (net)
                  0.08    0.00    0.29 ^ clkbuf_3_1_0_clk/A (sky130_fd_sc_hd__clkbuf_2)
                  0.06    0.14    0.42 ^ clkbuf_3_1_0_clk/X (sky130_fd_sc_hd__clkbuf_2)
     2    0.01                           clknet_3_1_0_clk (net)
                  0.06    0.00    0.42 ^ clkbuf_4_2_0_clk/A (sky130_fd_sc_hd__clkbuf_2)
                  0.26    0.28    0.70 ^ clkbuf_4_2_0_clk/X (sky130_fd_sc_hd__clkbuf_2)
    14    0.05                           clknet_4_2_0_clk (net)
                  0.26    0.00    0.70 ^ _1682_/CLK (sky130_fd_sc_hd__dfrtp_1)
                          0.25    0.95   clock uncertainty
                         -0.03    0.93   clock reconvergence pessimism
                          0.00    0.92   library hold time
                                  0.92   data required time
-----------------------------------------------------------------------------
                                  0.92   data required time
                                 -1.23   data arrival time
-----------------------------------------------------------------------------
                                  0.31   slack (MET)


Startpoint: _1781_ (rising edge-triggered flip-flop clocked by clk)
Endpoint: _1681_ (rising edge-triggered flip-flop clocked by clk)
Path Group: clk
Path Type: min

Fanout     Cap    Slew   Delay    Time   Description
-----------------------------------------------------------------------------
                          0.00    0.00   clock clk (rise edge)
                          0.00    0.00   clock source latency
                  0.12    0.08    0.08 ^ clk (in)
     1    0.03                           clk (net)
                  0.12    0.00    0.08 ^ clkbuf_0_clk/A (sky130_fd_sc_hd__clkbuf_16)
                  0.08    0.18    0.26 ^ clkbuf_0_clk/X (sky130_fd_sc_hd__clkbuf_16)
     8    0.06                           clknet_0_clk (net)
                  0.08    0.00    0.26 ^ clkbuf_3_0_0_clk/A (sky130_fd_sc_hd__clkbuf_2)
                  0.08    0.14    0.40 ^ clkbuf_3_0_0_clk/X (sky130_fd_sc_hd__clkbuf_2)
     2    0.01                           clknet_3_0_0_clk (net)
                  0.08    0.00    0.40 ^ clkbuf_4_0_0_clk/A (sky130_fd_sc_hd__clkbuf_2)
                  0.21    0.23    0.62 ^ clkbuf_4_0_0_clk/X (sky130_fd_sc_hd__clkbuf_2)
    12    0.04                           clknet_4_0_0_clk (net)
                  0.21    0.00    0.62 ^ _1781_/CLK (sky130_fd_sc_hd__dfrtp_1)
                  0.11    0.41    1.03 ^ _1781_/Q (sky130_fd_sc_hd__dfrtp_1)
     3    0.01                           r_reg[37] (net)
                  0.11    0.00    1.03 ^ _1311_/A1 (sky130_fd_sc_hd__mux2_1)
                  0.04    0.13    1.16 ^ _1311_/X (sky130_fd_sc_hd__mux2_1)
     1    0.00                           _0516_ (net)
                  0.04    0.00    1.16 ^ _1312_/A (sky130_fd_sc_hd__clkbuf_1)
                  0.05    0.08    1.24 ^ _1312_/X (sky130_fd_sc_hd__clkbuf_1)
     1    0.00                           _0310_ (net)
                  0.05    0.00    1.24 ^ _1681_/D (sky130_fd_sc_hd__dfrtp_1)
                                  1.24   data arrival time

                          0.00    0.00   clock clk (rise edge)
                          0.00    0.00   clock source latency
                  0.12    0.09    0.09 ^ clk (in)
     1    0.03                           clk (net)
                  0.12    0.00    0.09 ^ clkbuf_0_clk/A (sky130_fd_sc_hd__clkbuf_16)
                  0.08    0.20    0.29 ^ clkbuf_0_clk/X (sky130_fd_sc_hd__clkbuf_16)
     8    0.06                           clknet_0_clk (net)
                  0.08    0.00    0.29 ^ clkbuf_3_1_0_clk/A (sky130_fd_sc_hd__clkbuf_2)
                  0.06    0.14    0.42 ^ clkbuf_3_1_0_clk/X (sky130_fd_sc_hd__clkbuf_2)
     2    0.01                           clknet_3_1_0_clk (net)
                  0.06    0.00    0.42 ^ clkbuf_4_2_0_clk/A (sky130_fd_sc_hd__clkbuf_2)
                  0.26    0.28    0.70 ^ clkbuf_4_2_0_clk/X (sky130_fd_sc_hd__clkbuf_2)
    14    0.05                           clknet_4_2_0_clk (net)
                  0.26    0.00    0.70 ^ _1681_/CLK (sky130_fd_sc_hd__dfrtp_1)
                          0.25    0.95   clock uncertainty
                         -0.03    0.93   clock reconvergence pessimism
                         -0.01    0.92   library hold time
                                  0.92   data required time
-----------------------------------------------------------------------------
                                  0.92   data required time
                                 -1.24   data arrival time
-----------------------------------------------------------------------------
                                  0.32   slack (MET)


Startpoint: _1783_ (rising edge-triggered flip-flop clocked by clk)
Endpoint: _1683_ (rising edge-triggered flip-flop clocked by clk)
Path Group: clk
Path Type: min

Fanout     Cap    Slew   Delay    Time   Description
-----------------------------------------------------------------------------
                          0.00    0.00   clock clk (rise edge)
                          0.00    0.00   clock source latency
                  0.12    0.08    0.08 ^ clk (in)
     1    0.03                           clk (net)
                  0.12    0.00    0.08 ^ clkbuf_0_clk/A (sky130_fd_sc_hd__clkbuf_16)
                  0.08    0.18    0.26 ^ clkbuf_0_clk/X (sky130_fd_sc_hd__clkbuf_16)
     8    0.06                           clknet_0_clk (net)
                  0.08    0.00    0.26 ^ clkbuf_3_0_0_clk/A (sky130_fd_sc_hd__clkbuf_2)
                  0.08    0.14    0.40 ^ clkbuf_3_0_0_clk/X (sky130_fd_sc_hd__clkbuf_2)
     2    0.01                           clknet_3_0_0_clk (net)
                  0.08    0.00    0.40 ^ clkbuf_4_0_0_clk/A (sky130_fd_sc_hd__clkbuf_2)
                  0.21    0.23    0.62 ^ clkbuf_4_0_0_clk/X (sky130_fd_sc_hd__clkbuf_2)
    12    0.04                           clknet_4_0_0_clk (net)
                  0.21    0.00    0.62 ^ _1783_/CLK (sky130_fd_sc_hd__dfrtp_1)
                  0.11    0.41    1.03 ^ _1783_/Q (sky130_fd_sc_hd__dfrtp_1)
     3    0.01                           r_reg[39] (net)
                  0.11    0.00    1.03 ^ _1307_/A1 (sky130_fd_sc_hd__mux2_1)
                  0.05    0.14    1.17 ^ _1307_/X (sky130_fd_sc_hd__mux2_1)
     1    0.00                           _0514_ (net)
                  0.05    0.00    1.17 ^ _1308_/A (sky130_fd_sc_hd__clkbuf_1)
                  0.06    0.09    1.26 ^ _1308_/X (sky130_fd_sc_hd__clkbuf_1)
     1    0.00                           _0312_ (net)
                  0.06    0.00    1.26 ^ _1683_/D (sky130_fd_sc_hd__dfrtp_4)
                                  1.26   data arrival time

                          0.00    0.00   clock clk (rise edge)
                          0.00    0.00   clock source latency
                  0.12    0.09    0.09 ^ clk (in)
     1    0.03                           clk (net)
                  0.12    0.00    0.09 ^ clkbuf_0_clk/A (sky130_fd_sc_hd__clkbuf_16)
                  0.08    0.20    0.29 ^ clkbuf_0_clk/X (sky130_fd_sc_hd__clkbuf_16)
     8    0.06                           clknet_0_clk (net)
                  0.08    0.00    0.29 ^ clkbuf_3_1_0_clk/A (sky130_fd_sc_hd__clkbuf_2)
                  0.06    0.14    0.42 ^ clkbuf_3_1_0_clk/X (sky130_fd_sc_hd__clkbuf_2)
     2    0.01                           clknet_3_1_0_clk (net)
                  0.06    0.00    0.42 ^ clkbuf_4_2_0_clk/A (sky130_fd_sc_hd__clkbuf_2)
                  0.26    0.28    0.70 ^ clkbuf_4_2_0_clk/X (sky130_fd_sc_hd__clkbuf_2)
    14    0.05                           clknet_4_2_0_clk (net)
                  0.26    0.00    0.70 ^ _1683_/CLK (sky130_fd_sc_hd__dfrtp_4)
                          0.25    0.95   clock uncertainty
                         -0.03    0.93   clock reconvergence pessimism
                         -0.01    0.92   library hold time
                                  0.92   data required time
-----------------------------------------------------------------------------
                                  0.92   data required time
                                 -1.26   data arrival time
-----------------------------------------------------------------------------
                                  0.34   slack (MET)


Startpoint: _1820_ (rising edge-triggered flip-flop clocked by clk)
Endpoint: _1720_ (rising edge-triggered flip-flop clocked by clk)
Path Group: clk
Path Type: min

Fanout     Cap    Slew   Delay    Time   Description
-----------------------------------------------------------------------------
                          0.00    0.00   clock clk (rise edge)
                          0.00    0.00   clock source latency
                  0.12    0.08    0.08 ^ clk (in)
     1    0.03                           clk (net)
                  0.12    0.00    0.08 ^ clkbuf_0_clk/A (sky130_fd_sc_hd__clkbuf_16)
                  0.08    0.18    0.26 ^ clkbuf_0_clk/X (sky130_fd_sc_hd__clkbuf_16)
     8    0.06                           clknet_0_clk (net)
                  0.08    0.00    0.26 ^ clkbuf_3_6_0_clk/A (sky130_fd_sc_hd__clkbuf_2)
                  0.06    0.12    0.38 ^ clkbuf_3_6_0_clk/X (sky130_fd_sc_hd__clkbuf_2)
     2    0.01                           clknet_3_6_0_clk (net)
                  0.06    0.00    0.38 ^ clkbuf_4_12_0_clk/A (sky130_fd_sc_hd__clkbuf_2)
                  0.16    0.19    0.57 ^ clkbuf_4_12_0_clk/X (sky130_fd_sc_hd__clkbuf_2)
     9    0.03                           clknet_4_12_0_clk (net)
                  0.16    0.00    0.57 ^ _1820_/CLK (sky130_fd_sc_hd__dfrtp_1)
                  0.09    0.38    0.94 ^ _1820_/Q (sky130_fd_sc_hd__dfrtp_1)
     3    0.01                           r_reg[76] (net)
                  0.09    0.00    0.95 ^ _1223_/A1 (sky130_fd_sc_hd__mux2_1)
                  0.05    0.13    1.08 ^ _1223_/X (sky130_fd_sc_hd__mux2_1)
     1    0.00                           _0467_ (net)
                  0.05    0.00    1.08 ^ _1224_/A (sky130_fd_sc_hd__clkbuf_1)
                  0.07    0.09    1.17 ^ _1224_/X (sky130_fd_sc_hd__clkbuf_1)
     1    0.00                           _0349_ (net)
                  0.07    0.00    1.17 ^ _1720_/D (sky130_fd_sc_hd__dfrtp_2)
                                  1.17   data arrival time

                          0.00    0.00   clock clk (rise edge)
                          0.00    0.00   clock source latency
                  0.12    0.09    0.09 ^ clk (in)
     1    0.03                           clk (net)
                  0.12    0.00    0.09 ^ clkbuf_0_clk/A (sky130_fd_sc_hd__clkbuf_16)
                  0.08    0.20    0.29 ^ clkbuf_0_clk/X (sky130_fd_sc_hd__clkbuf_16)
     8    0.06                           clknet_0_clk (net)
                  0.08    0.00    0.29 ^ clkbuf_3_7_0_clk/A (sky130_fd_sc_hd__clkbuf_2)
                  0.05    0.13    0.42 ^ clkbuf_3_7_0_clk/X (sky130_fd_sc_hd__clkbuf_2)
     2    0.01                           clknet_3_7_0_clk (net)
                  0.05    0.00    0.42 ^ clkbuf_4_14_0_clk/A (sky130_fd_sc_hd__clkbuf_2)
                  0.17    0.21    0.63 ^ clkbuf_4_14_0_clk/X (sky130_fd_sc_hd__clkbuf_2)
    10    0.03                           clknet_4_14_0_clk (net)
                  0.17    0.00    0.63 ^ _1720_/CLK (sky130_fd_sc_hd__dfrtp_2)
                          0.25    0.88   clock uncertainty
                         -0.03    0.85   clock reconvergence pessimism
                         -0.02    0.83   library hold time
                                  0.83   data required time
-----------------------------------------------------------------------------
                                  0.83   data required time
                                 -1.17   data arrival time
-----------------------------------------------------------------------------
                                  0.34   slack (MET)


Startpoint: _1716_ (rising edge-triggered flip-flop clocked by clk)
Endpoint: _1716_ (rising edge-triggered flip-flop clocked by clk)
Path Group: clk
Path Type: min

Fanout     Cap    Slew   Delay    Time   Description
-----------------------------------------------------------------------------
                          0.00    0.00   clock clk (rise edge)
                          0.00    0.00   clock source latency
                  0.12    0.08    0.08 ^ clk (in)
     1    0.03                           clk (net)
                  0.12    0.00    0.08 ^ clkbuf_0_clk/A (sky130_fd_sc_hd__clkbuf_16)
                  0.08    0.18    0.26 ^ clkbuf_0_clk/X (sky130_fd_sc_hd__clkbuf_16)
     8    0.06                           clknet_0_clk (net)
                  0.08    0.00    0.26 ^ clkbuf_3_5_0_clk/A (sky130_fd_sc_hd__clkbuf_2)
                  0.08    0.13    0.39 ^ clkbuf_3_5_0_clk/X (sky130_fd_sc_hd__clkbuf_2)
     2    0.01                           clknet_3_5_0_clk (net)
                  0.08    0.00    0.39 ^ clkbuf_4_10_0_clk/A (sky130_fd_sc_hd__clkbuf_2)
                  0.27    0.26    0.65 ^ clkbuf_4_10_0_clk/X (sky130_fd_sc_hd__clkbuf_2)
    15    0.05                           clknet_4_10_0_clk (net)
                  0.27    0.00    0.65 ^ _1716_/CLK (sky130_fd_sc_hd__dfrtp_1)
                  0.07    0.39    1.05 ^ _1716_/Q (sky130_fd_sc_hd__dfrtp_1)
     2    0.01                           net174 (net)
                  0.07    0.00    1.05 ^ _1233_/A0 (sky130_fd_sc_hd__mux2_1)
                  0.05    0.12    1.17 ^ _1233_/X (sky130_fd_sc_hd__mux2_1)
     1    0.00                           _0473_ (net)
                  0.05    0.00    1.17 ^ _1234_/A (sky130_fd_sc_hd__clkbuf_1)
                  0.04    0.08    1.24 ^ _1234_/X (sky130_fd_sc_hd__clkbuf_1)
     1    0.00                           _0345_ (net)
                  0.04    0.00    1.24 ^ _1716_/D (sky130_fd_sc_hd__dfrtp_1)
                                  1.24   data arrival time

                          0.00    0.00   clock clk (rise edge)
                          0.00    0.00   clock source latency
                  0.12    0.09    0.09 ^ clk (in)
     1    0.03                           clk (net)
                  0.12    0.00    0.09 ^ clkbuf_0_clk/A (sky130_fd_sc_hd__clkbuf_16)
                  0.08    0.20    0.29 ^ clkbuf_0_clk/X (sky130_fd_sc_hd__clkbuf_16)
     8    0.06                           clknet_0_clk (net)
                  0.08    0.00    0.29 ^ clkbuf_3_5_0_clk/A (sky130_fd_sc_hd__clkbuf_2)
                  0.08    0.15    0.43 ^ clkbuf_3_5_0_clk/X (sky130_fd_sc_hd__clkbuf_2)
     2    0.01                           clknet_3_5_0_clk (net)
                  0.08    0.00    0.43 ^ clkbuf_4_10_0_clk/A (sky130_fd_sc_hd__clkbuf_2)
                  0.27    0.29    0.72 ^ clkbuf_4_10_0_clk/X (sky130_fd_sc_hd__clkbuf_2)
    15    0.05                           clknet_4_10_0_clk (net)
                  0.27    0.00    0.72 ^ _1716_/CLK (sky130_fd_sc_hd__dfrtp_1)
                          0.25    0.97   clock uncertainty
                         -0.07    0.90   clock reconvergence pessimism
                          0.00    0.90   library hold time
                                  0.90   data required time
-----------------------------------------------------------------------------
                                  0.90   data required time
                                 -1.24   data arrival time
-----------------------------------------------------------------------------
                                  0.34   slack (MET)


