
===========================================================================
report_checks -unconstrained
============================================================================
Startpoint: _090_ (rising edge-triggered flip-flop)
Endpoint: clock_out (output port clocked by clk)
Path Group: clk
Path Type: max

Fanout     Cap    Slew   Delay    Time   Description
-----------------------------------------------------------------------------
                  0.24    0.00    0.00 ^ _090_/CLK (sky130_fd_sc_hd__dfxtp_2)
                  0.06    0.41    0.41 ^ _090_/Q (sky130_fd_sc_hd__dfxtp_2)
     1    0.01                           net2 (net)
                  0.06    0.00    0.41 ^ output2/A (sky130_fd_sc_hd__buf_6)
                  0.08    0.14    0.55 ^ output2/X (sky130_fd_sc_hd__buf_6)
     1    0.03                           clock_out (net)
                  0.08    0.00    0.55 ^ clock_out (out)
                                  0.55   data arrival time

                  0.00    0.50    0.50   clock clk (rise edge)
                          0.00    0.50   clock network delay (ideal)
                         -0.25    0.25   clock uncertainty
                          0.00    0.25   clock reconvergence pessimism
                         -0.10    0.15   output external delay
                                  0.15   data required time
-----------------------------------------------------------------------------
                                  0.15   data required time
                                 -0.55   data arrival time
-----------------------------------------------------------------------------
                                 -0.40   slack (VIOLATED)



===========================================================================
report_checks --slack_max -0.01
============================================================================
Startpoint: _090_ (rising edge-triggered flip-flop)
Endpoint: clock_out (output port clocked by clk)
Path Group: clk
Path Type: max

Fanout     Cap    Slew   Delay    Time   Description
-----------------------------------------------------------------------------
                  0.24    0.00    0.00 ^ _090_/CLK (sky130_fd_sc_hd__dfxtp_2)
                  0.06    0.41    0.41 ^ _090_/Q (sky130_fd_sc_hd__dfxtp_2)
     1    0.01                           net2 (net)
                  0.06    0.00    0.41 ^ output2/A (sky130_fd_sc_hd__buf_6)
                  0.08    0.14    0.55 ^ output2/X (sky130_fd_sc_hd__buf_6)
     1    0.03                           clock_out (net)
                  0.08    0.00    0.55 ^ clock_out (out)
                                  0.55   data arrival time

                  0.00    0.50    0.50   clock clk (rise edge)
                          0.00    0.50   clock network delay (ideal)
                         -0.25    0.25   clock uncertainty
                          0.00    0.25   clock reconvergence pessimism
                         -0.10    0.15   output external delay
                                  0.15   data required time
-----------------------------------------------------------------------------
                                  0.15   data required time
                                 -0.55   data arrival time
-----------------------------------------------------------------------------
                                 -0.40   slack (VIOLATED)


