
===========================================================================
report_checks -unconstrained
============================================================================

======================= Slowest Corner ===================================

Startpoint: _090_ (rising edge-triggered flip-flop)
Endpoint: clock_out (output port clocked by clk)
Path Group: clk
Path Type: max
Corner: ss

Fanout     Cap    Slew   Delay    Time   Description
-----------------------------------------------------------------------------
                  0.37    0.00    0.00 ^ _090_/CLK (sky130_fd_sc_hd__dfxtp_2)
                  0.10    0.85    0.85 ^ _090_/Q (sky130_fd_sc_hd__dfxtp_2)
     1    0.01                           net2 (net)
                  0.10    0.00    0.85 ^ output2/A (sky130_fd_sc_hd__buf_6)
                  0.12    0.25    1.10 ^ output2/X (sky130_fd_sc_hd__buf_6)
     1    0.03                           clock_out (net)
                  0.12    0.00    1.10 ^ clock_out (out)
                                  1.10   data arrival time

                  0.00    0.50    0.50   clock clk (rise edge)
                          0.00    0.50   clock network delay (ideal)
                         -0.25    0.25   clock uncertainty
                          0.00    0.25   clock reconvergence pessimism
                         -0.10    0.15   output external delay
                                  0.15   data required time
-----------------------------------------------------------------------------
                                  0.15   data required time
                                 -1.10   data arrival time
-----------------------------------------------------------------------------
                                 -0.95   slack (VIOLATED)



======================= Typical Corner ===================================

Startpoint: _090_ (rising edge-triggered flip-flop)
Endpoint: clock_out (output port clocked by clk)
Path Group: clk
Path Type: max
Corner: tt

Fanout     Cap    Slew   Delay    Time   Description
-----------------------------------------------------------------------------
                  0.24    0.00    0.00 ^ _090_/CLK (sky130_fd_sc_hd__dfxtp_2)
                  0.06    0.41    0.41 ^ _090_/Q (sky130_fd_sc_hd__dfxtp_2)
     1    0.01                           net2 (net)
                  0.06    0.00    0.41 ^ output2/A (sky130_fd_sc_hd__buf_6)
                  0.08    0.14    0.55 ^ output2/X (sky130_fd_sc_hd__buf_6)
     1    0.03                           clock_out (net)
                  0.08    0.00    0.55 ^ clock_out (out)
                                  0.55   data arrival time

                  0.00    0.50    0.50   clock clk (rise edge)
                          0.00    0.50   clock network delay (ideal)
                         -0.25    0.25   clock uncertainty
                          0.00    0.25   clock reconvergence pessimism
                         -0.10    0.15   output external delay
                                  0.15   data required time
-----------------------------------------------------------------------------
                                  0.15   data required time
                                 -0.55   data arrival time
-----------------------------------------------------------------------------
                                 -0.40   slack (VIOLATED)



======================= Fastest Corner ===================================

Startpoint: _090_ (rising edge-triggered flip-flop)
Endpoint: clock_out (output port clocked by clk)
Path Group: clk
Path Type: max
Corner: ff

Fanout     Cap    Slew   Delay    Time   Description
-----------------------------------------------------------------------------
                  0.19    0.00    0.00 ^ _090_/CLK (sky130_fd_sc_hd__dfxtp_2)
                  0.04    0.25    0.25 ^ _090_/Q (sky130_fd_sc_hd__dfxtp_2)
     1    0.01                           net2 (net)
                  0.04    0.00    0.25 ^ output2/A (sky130_fd_sc_hd__buf_6)
                  0.06    0.09    0.34 ^ output2/X (sky130_fd_sc_hd__buf_6)
     1    0.03                           clock_out (net)
                  0.06    0.00    0.35 ^ clock_out (out)
                                  0.35   data arrival time

                  0.00    0.50    0.50   clock clk (rise edge)
                          0.00    0.50   clock network delay (ideal)
                         -0.25    0.25   clock uncertainty
                          0.00    0.25   clock reconvergence pessimism
                         -0.10    0.15   output external delay
                                  0.15   data required time
-----------------------------------------------------------------------------
                                  0.15   data required time
                                 -0.35   data arrival time
-----------------------------------------------------------------------------
                                 -0.20   slack (VIOLATED)



===========================================================================
report_checks --slack_max -0.01
============================================================================

======================= Slowest Corner ===================================

Startpoint: _090_ (rising edge-triggered flip-flop)
Endpoint: clock_out (output port clocked by clk)
Path Group: clk
Path Type: max
Corner: ss

Fanout     Cap    Slew   Delay    Time   Description
-----------------------------------------------------------------------------
                  0.37    0.00    0.00 ^ _090_/CLK (sky130_fd_sc_hd__dfxtp_2)
                  0.10    0.85    0.85 ^ _090_/Q (sky130_fd_sc_hd__dfxtp_2)
     1    0.01                           net2 (net)
                  0.10    0.00    0.85 ^ output2/A (sky130_fd_sc_hd__buf_6)
                  0.12    0.25    1.10 ^ output2/X (sky130_fd_sc_hd__buf_6)
     1    0.03                           clock_out (net)
                  0.12    0.00    1.10 ^ clock_out (out)
                                  1.10   data arrival time

                  0.00    0.50    0.50   clock clk (rise edge)
                          0.00    0.50   clock network delay (ideal)
                         -0.25    0.25   clock uncertainty
                          0.00    0.25   clock reconvergence pessimism
                         -0.10    0.15   output external delay
                                  0.15   data required time
-----------------------------------------------------------------------------
                                  0.15   data required time
                                 -1.10   data arrival time
-----------------------------------------------------------------------------
                                 -0.95   slack (VIOLATED)



======================= Typical Corner ===================================

Startpoint: _090_ (rising edge-triggered flip-flop)
Endpoint: clock_out (output port clocked by clk)
Path Group: clk
Path Type: max
Corner: tt

Fanout     Cap    Slew   Delay    Time   Description
-----------------------------------------------------------------------------
                  0.24    0.00    0.00 ^ _090_/CLK (sky130_fd_sc_hd__dfxtp_2)
                  0.06    0.41    0.41 ^ _090_/Q (sky130_fd_sc_hd__dfxtp_2)
     1    0.01                           net2 (net)
                  0.06    0.00    0.41 ^ output2/A (sky130_fd_sc_hd__buf_6)
                  0.08    0.14    0.55 ^ output2/X (sky130_fd_sc_hd__buf_6)
     1    0.03                           clock_out (net)
                  0.08    0.00    0.55 ^ clock_out (out)
                                  0.55   data arrival time

                  0.00    0.50    0.50   clock clk (rise edge)
                          0.00    0.50   clock network delay (ideal)
                         -0.25    0.25   clock uncertainty
                          0.00    0.25   clock reconvergence pessimism
                         -0.10    0.15   output external delay
                                  0.15   data required time
-----------------------------------------------------------------------------
                                  0.15   data required time
                                 -0.55   data arrival time
-----------------------------------------------------------------------------
                                 -0.40   slack (VIOLATED)



======================= Fastest Corner ===================================

Startpoint: _090_ (rising edge-triggered flip-flop)
Endpoint: clock_out (output port clocked by clk)
Path Group: clk
Path Type: max
Corner: ff

Fanout     Cap    Slew   Delay    Time   Description
-----------------------------------------------------------------------------
                  0.19    0.00    0.00 ^ _090_/CLK (sky130_fd_sc_hd__dfxtp_2)
                  0.04    0.25    0.25 ^ _090_/Q (sky130_fd_sc_hd__dfxtp_2)
     1    0.01                           net2 (net)
                  0.04    0.00    0.25 ^ output2/A (sky130_fd_sc_hd__buf_6)
                  0.06    0.09    0.34 ^ output2/X (sky130_fd_sc_hd__buf_6)
     1    0.03                           clock_out (net)
                  0.06    0.00    0.35 ^ clock_out (out)
                                  0.35   data arrival time

                  0.00    0.50    0.50   clock clk (rise edge)
                          0.00    0.50   clock network delay (ideal)
                         -0.25    0.25   clock uncertainty
                          0.00    0.25   clock reconvergence pessimism
                         -0.10    0.15   output external delay
                                  0.15   data required time
-----------------------------------------------------------------------------
                                  0.15   data required time
                                 -0.35   data arrival time
-----------------------------------------------------------------------------
                                 -0.20   slack (VIOLATED)


