OpenROAD v2.0-5460-g127815b81 
This program is licensed under the BSD-3 license. See the LICENSE file for details.
Components of this program may be licensed under more restrictive licenses which must be honored.
Placement Analysis
---------------------------------
total displacement          0.0 u
average displacement        0.0 u
max displacement            0.0 u
original HPWL           22647.7 u
legalized HPWL          23235.8 u
delta HPWL                    3 %

[INFO DPL-0020] Mirrored 476 instances
[INFO DPL-0021] HPWL before           23235.8 u
[INFO DPL-0022] HPWL after            22647.7 u
[INFO DPL-0023] HPWL delta               -2.5 %
Setting global connections for newly added cells...
Writing OpenROAD database to /foss/designs/ma2022/wrapper/runs/RUN_2022.11.11_11.09.27/results/placement/wrapper.odb...
Writing netlist to /foss/designs/ma2022/wrapper/runs/RUN_2022.11.11_11.09.27/results/placement/wrapper.nl.v...
Writing powered netlist to /foss/designs/ma2022/wrapper/runs/RUN_2022.11.11_11.09.27/results/placement/wrapper.pnl.v...
Writing layout to /foss/designs/ma2022/wrapper/runs/RUN_2022.11.11_11.09.27/results/placement/wrapper.def...
