
===========================================================================
report_checks -unconstrained
============================================================================
Startpoint: reset (input port clocked by clk)
Endpoint: _1709_ (recovery check against rising-edge clock clk)
Path Group: **async_default**
Path Type: max

Fanout     Cap    Slew   Delay    Time   Description
-----------------------------------------------------------------------------
                  0.15    0.00    0.00   clock clk (rise edge)
                          0.00    0.00   clock network delay (ideal)
                         20.00   20.00 v input external delay
                  0.01    0.00   20.00 v reset (in)
     1    0.00                           reset (net)
                  0.01    0.00   20.00 v input103/A (sky130_fd_sc_hd__buf_2)
                  0.08    0.16   20.17 v input103/X (sky130_fd_sc_hd__buf_2)
     4    0.03                           net103 (net)
                  0.08    0.00   20.17 v _1395_/A (sky130_fd_sc_hd__clkbuf_2)
                  0.08    0.18   20.35 v _1395_/X (sky130_fd_sc_hd__clkbuf_2)
     5    0.02                           _0562_ (net)
                  0.08    0.00   20.35 v _1458_/A (sky130_fd_sc_hd__clkbuf_2)
                  0.09    0.18   20.53 v _1458_/X (sky130_fd_sc_hd__clkbuf_2)
     5    0.02                           _0575_ (net)
                  0.09    0.00   20.53 v _1477_/A (sky130_fd_sc_hd__clkbuf_4)
                  0.09    0.22   20.75 v _1477_/X (sky130_fd_sc_hd__clkbuf_4)
     5    0.04                           _0579_ (net)
                  0.09    0.00   20.75 v _1478_/A (sky130_fd_sc_hd__inv_2)
                  0.04    0.07   20.82 ^ _1478_/Y (sky130_fd_sc_hd__inv_2)
     1    0.01                           _0138_ (net)
                  0.04    0.00   20.82 ^ _1709_/RESET_B (sky130_fd_sc_hd__dfrtp_4)
                                 20.82   data arrival time

                  0.15  100.00  100.00   clock clk (rise edge)
                          0.00  100.00   clock network delay (ideal)
                         -0.25   99.75   clock uncertainty
                          0.00   99.75   clock reconvergence pessimism
                                 99.75 ^ _1709_/CLK (sky130_fd_sc_hd__dfrtp_4)
                          0.25  100.00   library recovery time
                                100.00   data required time
-----------------------------------------------------------------------------
                                100.00   data required time
                                -20.82   data arrival time
-----------------------------------------------------------------------------
                                 79.18   slack (MET)


Startpoint: read (input port clocked by clk)
Endpoint: _1843_ (rising edge-triggered flip-flop clocked by clk)
Path Group: clk
Path Type: max

Fanout     Cap    Slew   Delay    Time   Description
-----------------------------------------------------------------------------
                  0.15    0.00    0.00   clock clk (rise edge)
                          0.00    0.00   clock network delay (ideal)
                         20.00   20.00 ^ input external delay
                  0.02    0.01   20.01 ^ read (in)
     1    0.00                           read (net)
                  0.02    0.00   20.01 ^ input102/A (sky130_fd_sc_hd__buf_2)
                  0.16    0.19   20.21 ^ input102/X (sky130_fd_sc_hd__buf_2)
     4    0.03                           net102 (net)
                  0.16    0.00   20.21 ^ _0822_/A (sky130_fd_sc_hd__dlymetal6s2s_1)
                  0.19    0.24   20.44 ^ _0822_/X (sky130_fd_sc_hd__dlymetal6s2s_1)
     5    0.02                           _0611_ (net)
                  0.19    0.00   20.44 ^ _0823_/A (sky130_fd_sc_hd__clkbuf_4)
                  0.14    0.27   20.71 ^ _0823_/X (sky130_fd_sc_hd__clkbuf_4)
     5    0.04                           _0612_ (net)
                  0.14    0.00   20.71 ^ _0824_/S (sky130_fd_sc_hd__mux2_2)
                  0.08    0.42   21.13 v _0824_/X (sky130_fd_sc_hd__mux2_2)
     1    0.02                           _0613_ (net)
                  0.08    0.00   21.13 v _0828_/A0 (sky130_fd_sc_hd__mux2_1)
                  0.05    0.30   21.44 v _0828_/X (sky130_fd_sc_hd__mux2_1)
     1    0.00                           _0617_ (net)
                  0.05    0.00   21.44 v _0829_/A (sky130_fd_sc_hd__clkbuf_1)
                  0.03    0.10   21.53 v _0829_/X (sky130_fd_sc_hd__clkbuf_1)
     1    0.00                           _0272_ (net)
                  0.03    0.00   21.53 v _1843_/D (sky130_fd_sc_hd__dfrtp_1)
                                 21.53   data arrival time

                  0.15  100.00  100.00   clock clk (rise edge)
                          0.00  100.00   clock network delay (ideal)
                         -0.25   99.75   clock uncertainty
                          0.00   99.75   clock reconvergence pessimism
                                 99.75 ^ _1843_/CLK (sky130_fd_sc_hd__dfrtp_1)
                         -0.08   99.67   library setup time
                                 99.67   data required time
-----------------------------------------------------------------------------
                                 99.67   data required time
                                -21.53   data arrival time
-----------------------------------------------------------------------------
                                 78.13   slack (MET)



===========================================================================
report_checks --slack_max -0.01
============================================================================
No paths found.
