
===========================================================================
report_checks -unconstrained
============================================================================
Startpoint: _2208_ (rising edge-triggered flip-flop clocked by ref_in)
Endpoint: _2220_ (recovery check against rising-edge clock vco_in)
Path Group: **async_default**
Path Type: max

Fanout     Cap    Slew   Delay    Time   Description
-----------------------------------------------------------------------------
                  0.00    0.00    0.00   clock ref_in (rise edge)
                          0.00    0.00   clock network delay (ideal)
                  0.00    0.00    0.00 ^ _2208_/CLK (sky130_fd_sc_hd__dfstp_2)
                  0.03    0.35    0.35 v _2208_/Q (sky130_fd_sc_hd__dfstp_2)
     2    0.01                           d5.fll_core.counter_reset (net)
                  0.03    0.00    0.35 v _1973_/A (sky130_fd_sc_hd__buf_1)
                  0.27    0.27    0.62 v _1973_/X (sky130_fd_sc_hd__buf_1)
    10    0.05                           _0800_ (net)
                  0.27    0.00    0.62 v _1982_/A (sky130_fd_sc_hd__inv_2)
                  0.07    0.11    0.73 ^ _1982_/Y (sky130_fd_sc_hd__inv_2)
     1    0.00                           _0233_ (net)
                  0.07    0.00    0.73 ^ _2220_/RESET_B (sky130_fd_sc_hd__dfrtp_2)
                                  0.73   data arrival time

                  0.00   10.00   10.00   clock vco_in (rise edge)
                          0.00   10.00   clock network delay (ideal)
                          0.00   10.00   clock reconvergence pessimism
                                 10.00 ^ _2220_/CLK (sky130_fd_sc_hd__dfrtp_2)
                          0.20   10.20   library recovery time
                                 10.20   data required time
-----------------------------------------------------------------------------
                                 10.20   data required time
                                 -0.73   data arrival time
-----------------------------------------------------------------------------
                                  9.47   slack (MET)


Startpoint: _2155_ (rising edge-triggered flip-flop clocked by clk_in)
Endpoint: _2049_ (rising edge-triggered flip-flop clocked by clk_in)
Path Group: clk_in
Path Type: max

Fanout     Cap    Slew   Delay    Time   Description
-----------------------------------------------------------------------------
                  0.00    0.00    0.00   clock clk_in (rise edge)
                          0.00    0.00   clock network delay (ideal)
                  0.00    0.00    0.00 ^ _2155_/CLK (sky130_fd_sc_hd__dfrtp_2)
                  0.12    0.46    0.46 v _2155_/Q (sky130_fd_sc_hd__dfrtp_2)
    10    0.04                           d2.t_load[44] (net)
                  0.12    0.00    0.46 v _1515_/A1 (sky130_fd_sc_hd__mux2_2)
                  0.05    0.28    0.75 v _1515_/X (sky130_fd_sc_hd__mux2_2)
     1    0.00                           _0633_ (net)
                  0.05    0.00    0.75 v _1516_/A0 (sky130_fd_sc_hd__mux2_2)
                  0.05    0.25    1.00 v _1516_/X (sky130_fd_sc_hd__mux2_2)
     1    0.00                           _0634_ (net)
                  0.05    0.00    1.00 v _1517_/A (sky130_fd_sc_hd__buf_1)
                  0.02    0.09    1.08 v _1517_/X (sky130_fd_sc_hd__buf_1)
     1    0.00                           _0299_ (net)
                  0.02    0.00    1.08 v _2049_/D (sky130_fd_sc_hd__dfrtp_2)
                                  1.08   data arrival time

                  0.00   40.00   40.00   clock clk_in (rise edge)
                          0.00   40.00   clock network delay (ideal)
                          0.00   40.00   clock reconvergence pessimism
                                 40.00 ^ _2049_/CLK (sky130_fd_sc_hd__dfrtp_2)
                         -0.12   39.88   library setup time
                                 39.88   data required time
-----------------------------------------------------------------------------
                                 39.88   data required time
                                 -1.08   data arrival time
-----------------------------------------------------------------------------
                                 38.80   slack (MET)


Startpoint: _2214_ (rising edge-triggered flip-flop clocked by vco_in)
Endpoint: _2110_ (rising edge-triggered flip-flop clocked by ref_in)
Path Group: ref_in
Path Type: max

Fanout     Cap    Slew   Delay    Time   Description
-----------------------------------------------------------------------------
                  0.00   30.00   30.00   clock vco_in (rise edge)
                          0.00   30.00   clock network delay (ideal)
                  0.00    0.00   30.00 ^ _2214_/CLK (sky130_fd_sc_hd__dfrtp_2)
                  0.07    0.41   30.41 v _2214_/Q (sky130_fd_sc_hd__dfrtp_2)
     5    0.02                           d5.fll_core.counter1.count[2] (net)
                  0.07    0.00   30.41 v _1197_/B (sky130_fd_sc_hd__and2b_2)
                  0.04    0.21   30.62 v _1197_/X (sky130_fd_sc_hd__and2b_2)
     2    0.01                           _0911_ (net)
                  0.04    0.00   30.62 v _1202_/A (sky130_fd_sc_hd__or4_2)
                  0.11    0.68   31.29 v _1202_/X (sky130_fd_sc_hd__or4_2)
     2    0.01                           _0916_ (net)
                  0.11    0.00   31.29 v _1207_/B1 (sky130_fd_sc_hd__o22ai_2)
                  0.11    0.13   31.42 ^ _1207_/Y (sky130_fd_sc_hd__o22ai_2)
     1    0.00                           _0921_ (net)
                  0.11    0.00   31.42 ^ _1226_/A1 (sky130_fd_sc_hd__a31o_2)
                  0.06    0.18   31.60 ^ _1226_/X (sky130_fd_sc_hd__a31o_2)
     3    0.01                           _0940_ (net)
                  0.06    0.00   31.60 ^ _1231_/A (sky130_fd_sc_hd__and2_2)
                  0.04    0.13   31.73 ^ _1231_/X (sky130_fd_sc_hd__and2_2)
     1    0.00                           _0944_ (net)
                  0.04    0.00   31.73 ^ _1232_/A (sky130_fd_sc_hd__buf_1)
                  0.24    0.21   31.94 ^ _1232_/X (sky130_fd_sc_hd__buf_1)
     3    0.02                           _0945_ (net)
                  0.24    0.00   31.94 ^ _1233_/A (sky130_fd_sc_hd__buf_1)
                  0.78    0.63   32.57 ^ _1233_/X (sky130_fd_sc_hd__buf_1)
    10    0.07                           _0946_ (net)
                  0.78    0.00   32.57 ^ _1234_/A (sky130_fd_sc_hd__inv_2)
                  0.22    0.24   32.81 v _1234_/Y (sky130_fd_sc_hd__inv_2)
    10    0.04                           _0947_ (net)
                  0.22    0.00   32.81 v _1249_/B2 (sky130_fd_sc_hd__a32o_2)
                  0.06    0.33   33.14 v _1249_/X (sky130_fd_sc_hd__a32o_2)
     4    0.01                           _0962_ (net)
                  0.06    0.00   33.14 v _1255_/A2 (sky130_fd_sc_hd__a32o_2)
                  0.06    0.30   33.44 v _1255_/X (sky130_fd_sc_hd__a32o_2)
     2    0.01                           _0968_ (net)
                  0.06    0.00   33.44 v _1256_/A2 (sky130_fd_sc_hd__a21oi_2)
                  0.15    0.18   33.62 ^ _1256_/Y (sky130_fd_sc_hd__a21oi_2)
     1    0.01                           _0969_ (net)
                  0.15    0.00   33.62 ^ _1258_/A (sky130_fd_sc_hd__xnor2_2)
                  0.04    0.08   33.70 v _1258_/Y (sky130_fd_sc_hd__xnor2_2)
     1    0.00                           _0971_ (net)
                  0.04    0.00   33.70 v _1313_/A0 (sky130_fd_sc_hd__mux2_2)
                  0.05    0.25   33.95 v _1313_/X (sky130_fd_sc_hd__mux2_2)
     1    0.00                           _0492_ (net)
                  0.05    0.00   33.95 v _1314_/A (sky130_fd_sc_hd__buf_1)
                  0.02    0.08   34.03 v _1314_/X (sky130_fd_sc_hd__buf_1)
     1    0.00                           _0360_ (net)
                  0.02    0.00   34.03 v _2110_/D (sky130_fd_sc_hd__dfrtp_2)
                                 34.03   data arrival time

                  0.00   40.00   40.00   clock ref_in (rise edge)
                          0.00   40.00   clock network delay (ideal)
                          0.00   40.00   clock reconvergence pessimism
                                 40.00 ^ _2110_/CLK (sky130_fd_sc_hd__dfrtp_2)
                         -0.12   39.88   library setup time
                                 39.88   data required time
-----------------------------------------------------------------------------
                                 39.88   data required time
                                -34.03   data arrival time
-----------------------------------------------------------------------------
                                  5.85   slack (MET)


Startpoint: _2212_ (rising edge-triggered flip-flop clocked by vco_in)
Endpoint: _2221_ (rising edge-triggered flip-flop clocked by vco_in)
Path Group: vco_in
Path Type: max

Fanout     Cap    Slew   Delay    Time   Description
-----------------------------------------------------------------------------
                  0.00    0.00    0.00   clock vco_in (rise edge)
                          0.00    0.00   clock network delay (ideal)
                  0.00    0.00    0.00 ^ _2212_/CLK (sky130_fd_sc_hd__dfrtp_2)
                  0.08    0.42    0.42 v _2212_/Q (sky130_fd_sc_hd__dfrtp_2)
     5    0.02                           d5.fll_core.counter1.count[0] (net)
                  0.08    0.00    0.42 v _1700_/C (sky130_fd_sc_hd__and3_2)
                  0.06    0.25    0.67 v _1700_/X (sky130_fd_sc_hd__and3_2)
     3    0.01                           _0751_ (net)
                  0.06    0.00    0.67 v _1703_/B (sky130_fd_sc_hd__and2_2)
                  0.07    0.24    0.91 v _1703_/X (sky130_fd_sc_hd__and2_2)
     4    0.02                           _0753_ (net)
                  0.07    0.00    0.91 v _1707_/C (sky130_fd_sc_hd__and3_2)
                  0.06    0.24    1.15 v _1707_/X (sky130_fd_sc_hd__and3_2)
     3    0.01                           _0755_ (net)
                  0.06    0.00    1.15 v _1710_/B (sky130_fd_sc_hd__and2_2)
                  0.07    0.24    1.38 v _1710_/X (sky130_fd_sc_hd__and2_2)
     4    0.02                           _0757_ (net)
                  0.07    0.00    1.38 v _1714_/C (sky130_fd_sc_hd__and3_2)
                  0.06    0.25    1.63 v _1714_/X (sky130_fd_sc_hd__and3_2)
     2    0.01                           _0759_ (net)
                  0.06    0.00    1.63 v _1717_/B (sky130_fd_sc_hd__xor2_2)
                  0.04    0.14    1.77 v _1717_/X (sky130_fd_sc_hd__xor2_2)
     1    0.00                           _0010_ (net)
                  0.04    0.00    1.77 v _2221_/D (sky130_fd_sc_hd__dfrtp_2)
                                  1.77   data arrival time

                  0.00   10.00   10.00   clock vco_in (rise edge)
                          0.00   10.00   clock network delay (ideal)
                          0.00   10.00   clock reconvergence pessimism
                                 10.00 ^ _2221_/CLK (sky130_fd_sc_hd__dfrtp_2)
                         -0.12    9.88   library setup time
                                  9.88   data required time
-----------------------------------------------------------------------------
                                  9.88   data required time
                                 -1.77   data arrival time
-----------------------------------------------------------------------------
                                  8.11   slack (MET)



===========================================================================
report_checks --slack_max -0.01
============================================================================
No paths found.
