
===========================================================================
report_checks -path_delay min (Hold)
============================================================================
Startpoint: _2208_ (rising edge-triggered flip-flop clocked by ref_in)
Endpoint: _2217_ (removal check against rising-edge clock vco_in)
Path Group: **async_default**
Path Type: min

Fanout     Cap    Slew   Delay    Time   Description
-----------------------------------------------------------------------------
                  0.00    0.00    0.00   clock ref_in (rise edge)
                          0.00    0.00   clock network delay (ideal)
                  0.00    0.00    0.00 ^ _2208_/CLK (sky130_fd_sc_hd__dfstp_1)
                  0.06    0.36    0.36 v _2208_/Q (sky130_fd_sc_hd__dfstp_1)
     2    0.01                           d5.fll_core.counter_reset (net)
                  0.06    0.00    0.36 v _1973_/A (sky130_fd_sc_hd__buf_4)
                  0.07    0.19    0.55 v _1973_/X (sky130_fd_sc_hd__buf_4)
    10    0.05                           _0800_ (net)
                  0.07    0.00    0.55 v _1979_/A (sky130_fd_sc_hd__inv_2)
                  0.03    0.05    0.60 ^ _1979_/Y (sky130_fd_sc_hd__inv_2)
     1    0.00                           _0230_ (net)
                  0.03    0.00    0.60 ^ _2217_/RESET_B (sky130_fd_sc_hd__dfrtp_1)
                                  0.60   data arrival time

                  0.00    0.00    0.00   clock vco_in (rise edge)
                          0.00    0.00   clock network delay (ideal)
                          0.00    0.00   clock reconvergence pessimism
                                  0.00 ^ _2217_/CLK (sky130_fd_sc_hd__dfrtp_1)
                          0.30    0.30   library removal time
                                  0.30   data required time
-----------------------------------------------------------------------------
                                  0.30   data required time
                                 -0.60   data arrival time
-----------------------------------------------------------------------------
                                  0.30   slack (MET)


Startpoint: _2208_ (rising edge-triggered flip-flop clocked by ref_in)
Endpoint: _2218_ (removal check against rising-edge clock vco_in)
Path Group: **async_default**
Path Type: min

Fanout     Cap    Slew   Delay    Time   Description
-----------------------------------------------------------------------------
                  0.00    0.00    0.00   clock ref_in (rise edge)
                          0.00    0.00   clock network delay (ideal)
                  0.00    0.00    0.00 ^ _2208_/CLK (sky130_fd_sc_hd__dfstp_1)
                  0.06    0.36    0.36 v _2208_/Q (sky130_fd_sc_hd__dfstp_1)
     2    0.01                           d5.fll_core.counter_reset (net)
                  0.06    0.00    0.36 v _1973_/A (sky130_fd_sc_hd__buf_4)
                  0.07    0.19    0.55 v _1973_/X (sky130_fd_sc_hd__buf_4)
    10    0.05                           _0800_ (net)
                  0.07    0.00    0.55 v _1980_/A (sky130_fd_sc_hd__inv_2)
                  0.03    0.06    0.60 ^ _1980_/Y (sky130_fd_sc_hd__inv_2)
     1    0.00                           _0231_ (net)
                  0.03    0.00    0.60 ^ _2218_/RESET_B (sky130_fd_sc_hd__dfrtp_2)
                                  0.60   data arrival time

                  0.00    0.00    0.00   clock vco_in (rise edge)
                          0.00    0.00   clock network delay (ideal)
                          0.00    0.00   clock reconvergence pessimism
                                  0.00 ^ _2218_/CLK (sky130_fd_sc_hd__dfrtp_2)
                          0.30    0.30   library removal time
                                  0.30   data required time
-----------------------------------------------------------------------------
                                  0.30   data required time
                                 -0.60   data arrival time
-----------------------------------------------------------------------------
                                  0.30   slack (MET)


Startpoint: _2208_ (rising edge-triggered flip-flop clocked by ref_in)
Endpoint: _2215_ (removal check against rising-edge clock vco_in)
Path Group: **async_default**
Path Type: min

Fanout     Cap    Slew   Delay    Time   Description
-----------------------------------------------------------------------------
                  0.00    0.00    0.00   clock ref_in (rise edge)
                          0.00    0.00   clock network delay (ideal)
                  0.00    0.00    0.00 ^ _2208_/CLK (sky130_fd_sc_hd__dfstp_1)
                  0.06    0.36    0.36 v _2208_/Q (sky130_fd_sc_hd__dfstp_1)
     2    0.01                           d5.fll_core.counter_reset (net)
                  0.06    0.00    0.36 v _1973_/A (sky130_fd_sc_hd__buf_4)
                  0.07    0.19    0.55 v _1973_/X (sky130_fd_sc_hd__buf_4)
    10    0.05                           _0800_ (net)
                  0.07    0.00    0.55 v _1977_/A (sky130_fd_sc_hd__inv_2)
                  0.03    0.06    0.60 ^ _1977_/Y (sky130_fd_sc_hd__inv_2)
     1    0.00                           _0228_ (net)
                  0.03    0.00    0.60 ^ _2215_/RESET_B (sky130_fd_sc_hd__dfrtp_1)
                                  0.60   data arrival time

                  0.00    0.00    0.00   clock vco_in (rise edge)
                          0.00    0.00   clock network delay (ideal)
                          0.00    0.00   clock reconvergence pessimism
                                  0.00 ^ _2215_/CLK (sky130_fd_sc_hd__dfrtp_1)
                          0.30    0.30   library removal time
                                  0.30   data required time
-----------------------------------------------------------------------------
                                  0.30   data required time
                                 -0.60   data arrival time
-----------------------------------------------------------------------------
                                  0.30   slack (MET)


Startpoint: _2208_ (rising edge-triggered flip-flop clocked by ref_in)
Endpoint: _2213_ (removal check against rising-edge clock vco_in)
Path Group: **async_default**
Path Type: min

Fanout     Cap    Slew   Delay    Time   Description
-----------------------------------------------------------------------------
                  0.00    0.00    0.00   clock ref_in (rise edge)
                          0.00    0.00   clock network delay (ideal)
                  0.00    0.00    0.00 ^ _2208_/CLK (sky130_fd_sc_hd__dfstp_1)
                  0.06    0.36    0.36 v _2208_/Q (sky130_fd_sc_hd__dfstp_1)
     2    0.01                           d5.fll_core.counter_reset (net)
                  0.06    0.00    0.36 v _1973_/A (sky130_fd_sc_hd__buf_4)
                  0.07    0.19    0.55 v _1973_/X (sky130_fd_sc_hd__buf_4)
    10    0.05                           _0800_ (net)
                  0.07    0.00    0.55 v _1975_/A (sky130_fd_sc_hd__inv_2)
                  0.03    0.06    0.61 ^ _1975_/Y (sky130_fd_sc_hd__inv_2)
     1    0.00                           _0226_ (net)
                  0.03    0.00    0.61 ^ _2213_/RESET_B (sky130_fd_sc_hd__dfrtp_2)
                                  0.61   data arrival time

                  0.00    0.00    0.00   clock vco_in (rise edge)
                          0.00    0.00   clock network delay (ideal)
                          0.00    0.00   clock reconvergence pessimism
                                  0.00 ^ _2213_/CLK (sky130_fd_sc_hd__dfrtp_2)
                          0.30    0.30   library removal time
                                  0.30   data required time
-----------------------------------------------------------------------------
                                  0.30   data required time
                                 -0.61   data arrival time
-----------------------------------------------------------------------------
                                  0.30   slack (MET)


Startpoint: _2208_ (rising edge-triggered flip-flop clocked by ref_in)
Endpoint: _2221_ (removal check against rising-edge clock vco_in)
Path Group: **async_default**
Path Type: min

Fanout     Cap    Slew   Delay    Time   Description
-----------------------------------------------------------------------------
                  0.00    0.00    0.00   clock ref_in (rise edge)
                          0.00    0.00   clock network delay (ideal)
                  0.00    0.00    0.00 ^ _2208_/CLK (sky130_fd_sc_hd__dfstp_1)
                  0.06    0.36    0.36 v _2208_/Q (sky130_fd_sc_hd__dfstp_1)
     2    0.01                           d5.fll_core.counter_reset (net)
                  0.06    0.00    0.36 v _1973_/A (sky130_fd_sc_hd__buf_4)
                  0.07    0.19    0.55 v _1973_/X (sky130_fd_sc_hd__buf_4)
    10    0.05                           _0800_ (net)
                  0.07    0.00    0.55 v _1983_/A (sky130_fd_sc_hd__inv_2)
                  0.03    0.06    0.61 ^ _1983_/Y (sky130_fd_sc_hd__inv_2)
     1    0.00                           _0234_ (net)
                  0.03    0.00    0.61 ^ _2221_/RESET_B (sky130_fd_sc_hd__dfrtp_2)
                                  0.61   data arrival time

                  0.00    0.00    0.00   clock vco_in (rise edge)
                          0.00    0.00   clock network delay (ideal)
                          0.00    0.00   clock reconvergence pessimism
                                  0.00 ^ _2221_/CLK (sky130_fd_sc_hd__dfrtp_2)
                          0.30    0.30   library removal time
                                  0.30   data required time
-----------------------------------------------------------------------------
                                  0.30   data required time
                                 -0.61   data arrival time
-----------------------------------------------------------------------------
                                  0.30   slack (MET)


Startpoint: _2176_ (rising edge-triggered flip-flop clocked by clk_in)
Endpoint: _2176_ (rising edge-triggered flip-flop clocked by clk_in)
Path Group: clk_in
Path Type: min

Fanout     Cap    Slew   Delay    Time   Description
-----------------------------------------------------------------------------
                  0.00    0.00    0.00   clock clk_in (rise edge)
                          0.00    0.00   clock network delay (ideal)
                  0.00    0.00    0.00 ^ _2176_/CLK (sky130_fd_sc_hd__dfrtp_1)
                  0.03    0.29    0.29 ^ _2176_/Q (sky130_fd_sc_hd__dfrtp_1)
     2    0.01                           d2.t_load[65] (net)
                  0.03    0.00    0.29 ^ _1057_/A0 (sky130_fd_sc_hd__mux2_1)
                  0.04    0.11    0.40 ^ _1057_/X (sky130_fd_sc_hd__mux2_1)
     1    0.00                           _0837_ (net)
                  0.04    0.00    0.40 ^ _1058_/A (sky130_fd_sc_hd__clkbuf_1)
                  0.04    0.07    0.48 ^ _1058_/X (sky130_fd_sc_hd__clkbuf_1)
     1    0.00                           _0426_ (net)
                  0.04    0.00    0.48 ^ _2176_/D (sky130_fd_sc_hd__dfrtp_1)
                                  0.48   data arrival time

                  0.00    0.00    0.00   clock clk_in (rise edge)
                          0.00    0.00   clock network delay (ideal)
                          0.00    0.00   clock reconvergence pessimism
                                  0.00 ^ _2176_/CLK (sky130_fd_sc_hd__dfrtp_1)
                         -0.04   -0.04   library hold time
                                 -0.04   data required time
-----------------------------------------------------------------------------
                                 -0.04   data required time
                                 -0.48   data arrival time
-----------------------------------------------------------------------------
                                  0.51   slack (MET)


Startpoint: _2175_ (rising edge-triggered flip-flop clocked by clk_in)
Endpoint: _2175_ (rising edge-triggered flip-flop clocked by clk_in)
Path Group: clk_in
Path Type: min

Fanout     Cap    Slew   Delay    Time   Description
-----------------------------------------------------------------------------
                  0.00    0.00    0.00   clock clk_in (rise edge)
                          0.00    0.00   clock network delay (ideal)
                  0.00    0.00    0.00 ^ _2175_/CLK (sky130_fd_sc_hd__dfrtp_1)
                  0.03    0.29    0.29 ^ _2175_/Q (sky130_fd_sc_hd__dfrtp_1)
     2    0.01                           d2.t_load[64] (net)
                  0.03    0.00    0.29 ^ _1059_/A0 (sky130_fd_sc_hd__mux2_1)
                  0.04    0.11    0.40 ^ _1059_/X (sky130_fd_sc_hd__mux2_1)
     1    0.00                           _0838_ (net)
                  0.04    0.00    0.40 ^ _1060_/A (sky130_fd_sc_hd__clkbuf_1)
                  0.04    0.08    0.48 ^ _1060_/X (sky130_fd_sc_hd__clkbuf_1)
     1    0.00                           _0425_ (net)
                  0.04    0.00    0.48 ^ _2175_/D (sky130_fd_sc_hd__dfrtp_1)
                                  0.48   data arrival time

                  0.00    0.00    0.00   clock clk_in (rise edge)
                          0.00    0.00   clock network delay (ideal)
                          0.00    0.00   clock reconvergence pessimism
                                  0.00 ^ _2175_/CLK (sky130_fd_sc_hd__dfrtp_1)
                         -0.04   -0.04   library hold time
                                 -0.04   data required time
-----------------------------------------------------------------------------
                                 -0.04   data required time
                                 -0.48   data arrival time
-----------------------------------------------------------------------------
                                  0.52   slack (MET)


Startpoint: _2171_ (rising edge-triggered flip-flop clocked by clk_in)
Endpoint: _2171_ (rising edge-triggered flip-flop clocked by clk_in)
Path Group: clk_in
Path Type: min

Fanout     Cap    Slew   Delay    Time   Description
-----------------------------------------------------------------------------
                  0.00    0.00    0.00   clock clk_in (rise edge)
                          0.00    0.00   clock network delay (ideal)
                  0.00    0.00    0.00 ^ _2171_/CLK (sky130_fd_sc_hd__dfrtp_1)
                  0.04    0.31    0.31 ^ _2171_/Q (sky130_fd_sc_hd__dfrtp_1)
     3    0.01                           d2.t_load[60] (net)
                  0.04    0.00    0.31 ^ _1067_/A0 (sky130_fd_sc_hd__mux2_1)
                  0.04    0.11    0.42 ^ _1067_/X (sky130_fd_sc_hd__mux2_1)
     1    0.00                           _0842_ (net)
                  0.04    0.00    0.42 ^ _1068_/A (sky130_fd_sc_hd__clkbuf_1)
                  0.04    0.07    0.49 ^ _1068_/X (sky130_fd_sc_hd__clkbuf_1)
     1    0.00                           _0421_ (net)
                  0.04    0.00    0.49 ^ _2171_/D (sky130_fd_sc_hd__dfrtp_1)
                                  0.49   data arrival time

                  0.00    0.00    0.00   clock clk_in (rise edge)
                          0.00    0.00   clock network delay (ideal)
                          0.00    0.00   clock reconvergence pessimism
                                  0.00 ^ _2171_/CLK (sky130_fd_sc_hd__dfrtp_1)
                         -0.04   -0.04   library hold time
                                 -0.04   data required time
-----------------------------------------------------------------------------
                                 -0.04   data required time
                                 -0.49   data arrival time
-----------------------------------------------------------------------------
                                  0.53   slack (MET)


Startpoint: _2167_ (rising edge-triggered flip-flop clocked by clk_in)
Endpoint: _2167_ (rising edge-triggered flip-flop clocked by clk_in)
Path Group: clk_in
Path Type: min

Fanout     Cap    Slew   Delay    Time   Description
-----------------------------------------------------------------------------
                  0.00    0.00    0.00   clock clk_in (rise edge)
                          0.00    0.00   clock network delay (ideal)
                  0.00    0.00    0.00 ^ _2167_/CLK (sky130_fd_sc_hd__dfrtp_1)
                  0.04    0.31    0.31 ^ _2167_/Q (sky130_fd_sc_hd__dfrtp_1)
     3    0.01                           d2.t_load[56] (net)
                  0.04    0.00    0.31 ^ _1075_/A0 (sky130_fd_sc_hd__mux2_1)
                  0.04    0.11    0.42 ^ _1075_/X (sky130_fd_sc_hd__mux2_1)
     1    0.00                           _0846_ (net)
                  0.04    0.00    0.42 ^ _1076_/A (sky130_fd_sc_hd__clkbuf_1)
                  0.04    0.08    0.50 ^ _1076_/X (sky130_fd_sc_hd__clkbuf_1)
     1    0.00                           _0417_ (net)
                  0.04    0.00    0.50 ^ _2167_/D (sky130_fd_sc_hd__dfrtp_1)
                                  0.50   data arrival time

                  0.00    0.00    0.00   clock clk_in (rise edge)
                          0.00    0.00   clock network delay (ideal)
                          0.00    0.00   clock reconvergence pessimism
                                  0.00 ^ _2167_/CLK (sky130_fd_sc_hd__dfrtp_1)
                         -0.04   -0.04   library hold time
                                 -0.04   data required time
-----------------------------------------------------------------------------
                                 -0.04   data required time
                                 -0.50   data arrival time
-----------------------------------------------------------------------------
                                  0.54   slack (MET)


Startpoint: _2170_ (rising edge-triggered flip-flop clocked by clk_in)
Endpoint: _2170_ (rising edge-triggered flip-flop clocked by clk_in)
Path Group: clk_in
Path Type: min

Fanout     Cap    Slew   Delay    Time   Description
-----------------------------------------------------------------------------
                  0.00    0.00    0.00   clock clk_in (rise edge)
                          0.00    0.00   clock network delay (ideal)
                  0.00    0.00    0.00 ^ _2170_/CLK (sky130_fd_sc_hd__dfrtp_1)
                  0.04    0.31    0.31 ^ _2170_/Q (sky130_fd_sc_hd__dfrtp_1)
     3    0.01                           d2.t_load[59] (net)
                  0.04    0.00    0.31 ^ _1069_/A0 (sky130_fd_sc_hd__mux2_1)
                  0.04    0.11    0.42 ^ _1069_/X (sky130_fd_sc_hd__mux2_1)
     1    0.00                           _0843_ (net)
                  0.04    0.00    0.42 ^ _1070_/A (sky130_fd_sc_hd__clkbuf_1)
                  0.04    0.08    0.50 ^ _1070_/X (sky130_fd_sc_hd__clkbuf_1)
     1    0.00                           _0420_ (net)
                  0.04    0.00    0.50 ^ _2170_/D (sky130_fd_sc_hd__dfrtp_1)
                                  0.50   data arrival time

                  0.00    0.00    0.00   clock clk_in (rise edge)
                          0.00    0.00   clock network delay (ideal)
                          0.00    0.00   clock reconvergence pessimism
                                  0.00 ^ _2170_/CLK (sky130_fd_sc_hd__dfrtp_1)
                         -0.04   -0.04   library hold time
                                 -0.04   data required time
-----------------------------------------------------------------------------
                                 -0.04   data required time
                                 -0.50   data arrival time
-----------------------------------------------------------------------------
                                  0.54   slack (MET)


Startpoint: _2231_ (rising edge-triggered flip-flop clocked by ref_in)
Endpoint: _2231_ (rising edge-triggered flip-flop clocked by ref_in)
Path Group: ref_in
Path Type: min

Fanout     Cap    Slew   Delay    Time   Description
-----------------------------------------------------------------------------
                  0.00    0.00    0.00   clock ref_in (rise edge)
                          0.00    0.00   clock network delay (ideal)
                  0.00    0.00    0.00 ^ _2231_/CLK (sky130_fd_sc_hd__dfrtp_1)
                  0.11    0.35    0.35 ^ _2231_/Q (sky130_fd_sc_hd__dfrtp_1)
     3    0.01                           d5.fll_core.counter2.count[9] (net)
                  0.11    0.00    0.35 ^ _1737_/A (sky130_fd_sc_hd__xor2_1)
                  0.04    0.08    0.43 v _1737_/X (sky130_fd_sc_hd__xor2_1)
     1    0.00                           _0020_ (net)
                  0.04    0.00    0.43 v _2231_/D (sky130_fd_sc_hd__dfrtp_1)
                                  0.43   data arrival time

                  0.00    0.00    0.00   clock ref_in (rise edge)
                          0.00    0.00   clock network delay (ideal)
                          0.00    0.00   clock reconvergence pessimism
                                  0.00 ^ _2231_/CLK (sky130_fd_sc_hd__dfrtp_1)
                         -0.05   -0.05   library hold time
                                 -0.05   data required time
-----------------------------------------------------------------------------
                                 -0.05   data required time
                                 -0.43   data arrival time
-----------------------------------------------------------------------------
                                  0.48   slack (MET)


Startpoint: _2222_ (rising edge-triggered flip-flop clocked by ref_in)
Endpoint: _2222_ (rising edge-triggered flip-flop clocked by ref_in)
Path Group: ref_in
Path Type: min

Fanout     Cap    Slew   Delay    Time   Description
-----------------------------------------------------------------------------
                  0.00    0.00    0.00   clock ref_in (rise edge)
                          0.00    0.00   clock network delay (ideal)
                  0.00    0.00    0.00 ^ _2222_/CLK (sky130_fd_sc_hd__dfrtp_1)
                  0.15    0.38    0.38 ^ _2222_/Q (sky130_fd_sc_hd__dfrtp_1)
     4    0.02                           d5.fll_core.counter2.count[0] (net)
                  0.15    0.00    0.38 ^ _1260_/A (sky130_fd_sc_hd__inv_2)
                  0.05    0.06    0.44 v _1260_/Y (sky130_fd_sc_hd__inv_2)
     3    0.01                           _0011_ (net)
                  0.05    0.00    0.44 v _2222_/D (sky130_fd_sc_hd__dfrtp_1)
                                  0.44   data arrival time

                  0.00    0.00    0.00   clock ref_in (rise edge)
                          0.00    0.00   clock network delay (ideal)
                          0.00    0.00   clock reconvergence pessimism
                                  0.00 ^ _2222_/CLK (sky130_fd_sc_hd__dfrtp_1)
                         -0.06   -0.06   library hold time
                                 -0.06   data required time
-----------------------------------------------------------------------------
                                 -0.06   data required time
                                 -0.44   data arrival time
-----------------------------------------------------------------------------
                                  0.50   slack (MET)


Startpoint: _2223_ (rising edge-triggered flip-flop clocked by ref_in)
Endpoint: _2223_ (rising edge-triggered flip-flop clocked by ref_in)
Path Group: ref_in
Path Type: min

Fanout     Cap    Slew   Delay    Time   Description
-----------------------------------------------------------------------------
                  0.00    0.00    0.00   clock ref_in (rise edge)
                          0.00    0.00   clock network delay (ideal)
                  0.00    0.00    0.00 ^ _2223_/CLK (sky130_fd_sc_hd__dfrtp_1)
                  0.14    0.38    0.38 ^ _2223_/Q (sky130_fd_sc_hd__dfrtp_1)
     4    0.02                           d5.fll_core.counter2.count[1] (net)
                  0.14    0.00    0.38 ^ _1718_/B (sky130_fd_sc_hd__xor2_1)
                  0.03    0.08    0.46 v _1718_/X (sky130_fd_sc_hd__xor2_1)
     1    0.00                           _0012_ (net)
                  0.03    0.00    0.46 v _2223_/D (sky130_fd_sc_hd__dfrtp_1)
                                  0.46   data arrival time

                  0.00    0.00    0.00   clock ref_in (rise edge)
                          0.00    0.00   clock network delay (ideal)
                          0.00    0.00   clock reconvergence pessimism
                                  0.00 ^ _2223_/CLK (sky130_fd_sc_hd__dfrtp_1)
                         -0.05   -0.05   library hold time
                                 -0.05   data required time
-----------------------------------------------------------------------------
                                 -0.05   data required time
                                 -0.46   data arrival time
-----------------------------------------------------------------------------
                                  0.51   slack (MET)


Startpoint: _2210_ (rising edge-triggered flip-flop clocked by ref_in)
Endpoint: _2210_ (rising edge-triggered flip-flop clocked by ref_in)
Path Group: ref_in
Path Type: min

Fanout     Cap    Slew   Delay    Time   Description
-----------------------------------------------------------------------------
                  0.00    0.00    0.00   clock ref_in (rise edge)
                          0.00    0.00   clock network delay (ideal)
                  0.00    0.00    0.00 ^ _2210_/CLK (sky130_fd_sc_hd__dfxtp_1)
                  0.05    0.29    0.29 ^ _2210_/Q (sky130_fd_sc_hd__dfxtp_1)
     2    0.00                           d5.fll_core.corner_tmp[1] (net)
                  0.05    0.00    0.29 ^ _1969_/A (sky130_fd_sc_hd__and2_1)
                  0.04    0.11    0.40 ^ _1969_/X (sky130_fd_sc_hd__and2_1)
     1    0.00                           _0798_ (net)
                  0.04    0.00    0.40 ^ _1970_/A (sky130_fd_sc_hd__clkbuf_1)
                  0.04    0.08    0.48 ^ _1970_/X (sky130_fd_sc_hd__clkbuf_1)
     1    0.00                           _0458_ (net)
                  0.04    0.00    0.48 ^ _2210_/D (sky130_fd_sc_hd__dfxtp_1)
                                  0.48   data arrival time

                  0.00    0.00    0.00   clock ref_in (rise edge)
                          0.00    0.00   clock network delay (ideal)
                          0.00    0.00   clock reconvergence pessimism
                                  0.00 ^ _2210_/CLK (sky130_fd_sc_hd__dfxtp_1)
                         -0.04   -0.04   library hold time
                                 -0.04   data required time
-----------------------------------------------------------------------------
                                 -0.04   data required time
                                 -0.48   data arrival time
-----------------------------------------------------------------------------
                                  0.51   slack (MET)


Startpoint: _2224_ (rising edge-triggered flip-flop clocked by ref_in)
Endpoint: _2224_ (rising edge-triggered flip-flop clocked by ref_in)
Path Group: ref_in
Path Type: min

Fanout     Cap    Slew   Delay    Time   Description
-----------------------------------------------------------------------------
                  0.00    0.00    0.00   clock ref_in (rise edge)
                          0.00    0.00   clock network delay (ideal)
                  0.00    0.00    0.00 ^ _2224_/CLK (sky130_fd_sc_hd__dfrtp_1)
                  0.11    0.35    0.35 ^ _2224_/Q (sky130_fd_sc_hd__dfrtp_1)
     3    0.01                           d5.fll_core.counter2.count[2] (net)
                  0.11    0.00    0.35 ^ _1720_/B1 (sky130_fd_sc_hd__a21oi_1)
                  0.04    0.05    0.40 v _1720_/Y (sky130_fd_sc_hd__a21oi_1)
     1    0.00                           _0762_ (net)
                  0.04    0.00    0.40 v _1721_/B (sky130_fd_sc_hd__nor2_1)
                  0.08    0.08    0.48 ^ _1721_/Y (sky130_fd_sc_hd__nor2_1)
     1    0.00                           _0013_ (net)
                  0.08    0.00    0.48 ^ _2224_/D (sky130_fd_sc_hd__dfrtp_1)
                                  0.48   data arrival time

                  0.00    0.00    0.00   clock ref_in (rise edge)
                          0.00    0.00   clock network delay (ideal)
                          0.00    0.00   clock reconvergence pessimism
                                  0.00 ^ _2224_/CLK (sky130_fd_sc_hd__dfrtp_1)
                         -0.05   -0.05   library hold time
                                 -0.05   data required time
-----------------------------------------------------------------------------
                                 -0.05   data required time
                                 -0.48   data arrival time
-----------------------------------------------------------------------------
                                  0.53   slack (MET)


Startpoint: _2221_ (rising edge-triggered flip-flop clocked by vco_in)
Endpoint: _2221_ (rising edge-triggered flip-flop clocked by vco_in)
Path Group: vco_in
Path Type: min

Fanout     Cap    Slew   Delay    Time   Description
-----------------------------------------------------------------------------
                  0.00    0.00    0.00   clock vco_in (rise edge)
                          0.00    0.00   clock network delay (ideal)
                  0.00    0.00    0.00 ^ _2221_/CLK (sky130_fd_sc_hd__dfrtp_2)
                  0.10    0.38    0.38 ^ _2221_/Q (sky130_fd_sc_hd__dfrtp_2)
     5    0.02                           d5.fll_core.counter1.count[9] (net)
                  0.10    0.00    0.38 ^ _1717_/A (sky130_fd_sc_hd__xor2_1)
                  0.04    0.07    0.45 v _1717_/X (sky130_fd_sc_hd__xor2_1)
     1    0.00                           _0010_ (net)
                  0.04    0.00    0.45 v _2221_/D (sky130_fd_sc_hd__dfrtp_2)
                                  0.45   data arrival time

                  0.00    0.00    0.00   clock vco_in (rise edge)
                          0.00    0.00   clock network delay (ideal)
                          0.00    0.00   clock reconvergence pessimism
                                  0.00 ^ _2221_/CLK (sky130_fd_sc_hd__dfrtp_2)
                         -0.05   -0.05   library hold time
                                 -0.05   data required time
-----------------------------------------------------------------------------
                                 -0.05   data required time
                                 -0.45   data arrival time
-----------------------------------------------------------------------------
                                  0.50   slack (MET)


Startpoint: _2213_ (rising edge-triggered flip-flop clocked by vco_in)
Endpoint: _2213_ (rising edge-triggered flip-flop clocked by vco_in)
Path Group: vco_in
Path Type: min

Fanout     Cap    Slew   Delay    Time   Description
-----------------------------------------------------------------------------
                  0.00    0.00    0.00   clock vco_in (rise edge)
                          0.00    0.00   clock network delay (ideal)
                  0.00    0.00    0.00 ^ _2213_/CLK (sky130_fd_sc_hd__dfrtp_2)
                  0.11    0.38    0.38 ^ _2213_/Q (sky130_fd_sc_hd__dfrtp_2)
     6    0.02                           d5.fll_core.counter1.count[1] (net)
                  0.11    0.00    0.38 ^ _1699_/A (sky130_fd_sc_hd__xor2_1)
                  0.04    0.08    0.46 v _1699_/X (sky130_fd_sc_hd__xor2_1)
     1    0.00                           _0002_ (net)
                  0.04    0.00    0.46 v _2213_/D (sky130_fd_sc_hd__dfrtp_2)
                                  0.46   data arrival time

                  0.00    0.00    0.00   clock vco_in (rise edge)
                          0.00    0.00   clock network delay (ideal)
                          0.00    0.00   clock reconvergence pessimism
                                  0.00 ^ _2213_/CLK (sky130_fd_sc_hd__dfrtp_2)
                         -0.05   -0.05   library hold time
                                 -0.05   data required time
-----------------------------------------------------------------------------
                                 -0.05   data required time
                                 -0.46   data arrival time
-----------------------------------------------------------------------------
                                  0.51   slack (MET)


Startpoint: _2212_ (rising edge-triggered flip-flop clocked by vco_in)
Endpoint: _2212_ (rising edge-triggered flip-flop clocked by vco_in)
Path Group: vco_in
Path Type: min

Fanout     Cap    Slew   Delay    Time   Description
-----------------------------------------------------------------------------
                  0.00    0.00    0.00   clock vco_in (rise edge)
                          0.00    0.00   clock network delay (ideal)
                  0.00    0.00    0.00 ^ _2212_/CLK (sky130_fd_sc_hd__dfrtp_1)
                  0.16    0.39    0.39 ^ _2212_/Q (sky130_fd_sc_hd__dfrtp_1)
     5    0.02                           d5.fll_core.counter1.count[0] (net)
                  0.16    0.00    0.39 ^ _1227_/A (sky130_fd_sc_hd__inv_2)
                  0.05    0.06    0.46 v _1227_/Y (sky130_fd_sc_hd__inv_2)
     3    0.01                           _0001_ (net)
                  0.05    0.00    0.46 v _2212_/D (sky130_fd_sc_hd__dfrtp_1)
                                  0.46   data arrival time

                  0.00    0.00    0.00   clock vco_in (rise edge)
                          0.00    0.00   clock network delay (ideal)
                          0.00    0.00   clock reconvergence pessimism
                                  0.00 ^ _2212_/CLK (sky130_fd_sc_hd__dfrtp_1)
                         -0.06   -0.06   library hold time
                                 -0.06   data required time
-----------------------------------------------------------------------------
                                 -0.06   data required time
                                 -0.46   data arrival time
-----------------------------------------------------------------------------
                                  0.51   slack (MET)


Startpoint: _2220_ (rising edge-triggered flip-flop clocked by vco_in)
Endpoint: _2220_ (rising edge-triggered flip-flop clocked by vco_in)
Path Group: vco_in
Path Type: min

Fanout     Cap    Slew   Delay    Time   Description
-----------------------------------------------------------------------------
                  0.00    0.00    0.00   clock vco_in (rise edge)
                          0.00    0.00   clock network delay (ideal)
                  0.00    0.00    0.00 ^ _2220_/CLK (sky130_fd_sc_hd__dfrtp_1)
                  0.13    0.37    0.37 ^ _2220_/Q (sky130_fd_sc_hd__dfrtp_1)
     5    0.01                           d5.fll_core.counter1.count[8] (net)
                  0.13    0.00    0.37 ^ _1715_/B1 (sky130_fd_sc_hd__a21oi_1)
                  0.05    0.06    0.43 v _1715_/Y (sky130_fd_sc_hd__a21oi_1)
     1    0.00                           _0760_ (net)
                  0.05    0.00    0.43 v _1716_/B (sky130_fd_sc_hd__nor2_1)
                  0.07    0.08    0.51 ^ _1716_/Y (sky130_fd_sc_hd__nor2_1)
     1    0.00                           _0009_ (net)
                  0.07    0.00    0.51 ^ _2220_/D (sky130_fd_sc_hd__dfrtp_1)
                                  0.51   data arrival time

                  0.00    0.00    0.00   clock vco_in (rise edge)
                          0.00    0.00   clock network delay (ideal)
                          0.00    0.00   clock reconvergence pessimism
                                  0.00 ^ _2220_/CLK (sky130_fd_sc_hd__dfrtp_1)
                         -0.05   -0.05   library hold time
                                 -0.05   data required time
-----------------------------------------------------------------------------
                                 -0.05   data required time
                                 -0.51   data arrival time
-----------------------------------------------------------------------------
                                  0.56   slack (MET)


Startpoint: _2215_ (rising edge-triggered flip-flop clocked by vco_in)
Endpoint: _2215_ (rising edge-triggered flip-flop clocked by vco_in)
Path Group: vco_in
Path Type: min

Fanout     Cap    Slew   Delay    Time   Description
-----------------------------------------------------------------------------
                  0.00    0.00    0.00   clock vco_in (rise edge)
                          0.00    0.00   clock network delay (ideal)
                  0.00    0.00    0.00 ^ _2215_/CLK (sky130_fd_sc_hd__dfrtp_1)
                  0.14    0.38    0.38 ^ _2215_/Q (sky130_fd_sc_hd__dfrtp_1)
     5    0.02                           d5.fll_core.counter1.count[3] (net)
                  0.14    0.00    0.38 ^ _1704_/A (sky130_fd_sc_hd__nor2_1)
                  0.03    0.06    0.44 v _1704_/Y (sky130_fd_sc_hd__nor2_1)
     1    0.00                           _0754_ (net)
                  0.03    0.00    0.44 v _1705_/B (sky130_fd_sc_hd__nor2_1)
                  0.07    0.07    0.51 ^ _1705_/Y (sky130_fd_sc_hd__nor2_1)
     1    0.00                           _0004_ (net)
                  0.07    0.00    0.51 ^ _2215_/D (sky130_fd_sc_hd__dfrtp_1)
                                  0.51   data arrival time

                  0.00    0.00    0.00   clock vco_in (rise edge)
                          0.00    0.00   clock network delay (ideal)
                          0.00    0.00   clock reconvergence pessimism
                                  0.00 ^ _2215_/CLK (sky130_fd_sc_hd__dfrtp_1)
                         -0.05   -0.05   library hold time
                                 -0.05   data required time
-----------------------------------------------------------------------------
                                 -0.05   data required time
                                 -0.51   data arrival time
-----------------------------------------------------------------------------
                                  0.56   slack (MET)


