OpenROAD v2.0-3074-g944855835 
This program is licensed under the BSD-3 license. See the LICENSE file for details.
Components of this program may be licensed under more restrictive licenses which must be honored.
[INFO ODB-0222] Reading LEF file: /foss/designs/ma2022/fll_2/runs/RUN_2022.11.02_10.21.17/tmp/merged_unpadded.lef
[INFO ODB-0223]     Created 13 technology layers
[INFO ODB-0224]     Created 25 technology vias
[INFO ODB-0225]     Created 441 library cells
[INFO ODB-0226] Finished LEF file:  /foss/designs/ma2022/fll_2/runs/RUN_2022.11.02_10.21.17/tmp/merged_unpadded.lef
[INFO ODB-0127] Reading DEF file: /foss/designs/ma2022/fll_2/runs/RUN_2022.11.02_10.21.17/tmp/floorplan/4-io.def
[INFO ODB-0128] Design: fll_wrapper_2
[INFO ODB-0130]     Created 68 pins.
[INFO ODB-0131]     Created 340 components and 2430 component-terminals.
[INFO ODB-0133]     Created 384 nets and 1070 connections.
[INFO ODB-0134] Finished DEF file: /foss/designs/ma2022/fll_2/runs/RUN_2022.11.02_10.21.17/tmp/floorplan/4-io.def
[WARNING TAP-0014] endcap_cpp option is deprecated.
[INFO TAP-0001] Found 0 macro blocks.
[INFO TAP-0002] Original rows: 29
[INFO TAP-0003] Created 0 rows for a total of 29 rows.
[INFO TAP-0004] Inserted 58 endcaps.
[INFO TAP-0005] Inserted 93 tapcells.
