
===========================================================================
report_checks -unconstrained
============================================================================
Startpoint: reset (input port clocked by clk)
Endpoint: _482_ (recovery check against rising-edge clock clk)
Path Group: **async_default**
Path Type: max

Fanout     Cap    Slew   Delay    Time   Description
-----------------------------------------------------------------------------
                  0.15    0.00    0.00   clock clk (rise edge)
                          0.00    0.00   clock network delay (ideal)
                         20.00   20.00 v input external delay
                  0.05    0.04   20.04 v reset (in)
     5    0.02                           reset (net)
                  0.05    0.00   20.04 v _403_/A (sky130_fd_sc_hd__buf_1)
                  0.15    0.20   20.24 v _403_/X (sky130_fd_sc_hd__buf_1)
     5    0.03                           _214_ (net)
                  0.15    0.00   20.24 v _410_/A (sky130_fd_sc_hd__buf_1)
                  0.17    0.26   20.50 v _410_/X (sky130_fd_sc_hd__buf_1)
     5    0.03                           _216_ (net)
                  0.17    0.00   20.50 v _414_/A (sky130_fd_sc_hd__inv_2)
                  0.05    0.09   20.59 ^ _414_/Y (sky130_fd_sc_hd__inv_2)
     1    0.00                           _008_ (net)
                  0.05    0.00   20.59 ^ _482_/RESET_B (sky130_fd_sc_hd__dfrtp_2)
                                 20.59   data arrival time

                  0.15  100.00  100.00   clock clk (rise edge)
                          0.00  100.00   clock network delay (ideal)
                         -0.25   99.75   clock uncertainty
                          0.00   99.75   clock reconvergence pessimism
                                 99.75 ^ _482_/CLK (sky130_fd_sc_hd__dfrtp_2)
                          0.25  100.00   library recovery time
                                100.00   data required time
-----------------------------------------------------------------------------
                                100.00   data required time
                                -20.59   data arrival time
-----------------------------------------------------------------------------
                                 79.41   slack (MET)


Startpoint: read (input port clocked by clk)
Endpoint: _496_ (rising edge-triggered flip-flop clocked by clk)
Path Group: clk
Path Type: max

Fanout     Cap    Slew   Delay    Time   Description
-----------------------------------------------------------------------------
                  0.15    0.00    0.00   clock clk (rise edge)
                          0.00    0.00   clock network delay (ideal)
                         20.00   20.00 ^ input external delay
                  0.09    0.06   20.06 ^ read (in)
     4    0.02                           read (net)
                  0.09    0.00   20.06 ^ _221_/A (sky130_fd_sc_hd__buf_1)
                  0.29    0.28   20.34 ^ _221_/X (sky130_fd_sc_hd__buf_1)
     5    0.02                           _096_ (net)
                  0.29    0.00   20.34 ^ _240_/A (sky130_fd_sc_hd__buf_1)
                  0.25    0.29   20.63 ^ _240_/X (sky130_fd_sc_hd__buf_1)
     5    0.02                           _110_ (net)
                  0.25    0.00   20.63 ^ _254_/S (sky130_fd_sc_hd__mux2_2)
                  0.05    0.38   21.01 v _254_/X (sky130_fd_sc_hd__mux2_2)
     1    0.00                           _120_ (net)
                  0.05    0.00   21.01 v _255_/A0 (sky130_fd_sc_hd__mux2_2)
                  0.05    0.27   21.27 v _255_/X (sky130_fd_sc_hd__mux2_2)
     1    0.00                           _121_ (net)
                  0.05    0.00   21.27 v _256_/A (sky130_fd_sc_hd__buf_1)
                  0.03    0.09   21.37 v _256_/X (sky130_fd_sc_hd__buf_1)
     1    0.00                           _086_ (net)
                  0.03    0.00   21.37 v _496_/D (sky130_fd_sc_hd__dfrtp_2)
                                 21.37   data arrival time

                  0.15  100.00  100.00   clock clk (rise edge)
                          0.00  100.00   clock network delay (ideal)
                         -0.25   99.75   clock uncertainty
                          0.00   99.75   clock reconvergence pessimism
                                 99.75 ^ _496_/CLK (sky130_fd_sc_hd__dfrtp_2)
                         -0.08   99.67   library setup time
                                 99.67   data required time
-----------------------------------------------------------------------------
                                 99.67   data required time
                                -21.37   data arrival time
-----------------------------------------------------------------------------
                                 78.30   slack (MET)



===========================================================================
report_checks --slack_max -0.01
============================================================================
No paths found.
