
===========================================================================
report_checks -unconstrained
============================================================================
Startpoint: reset (input port clocked by clk)
Endpoint: _479_ (recovery check against rising-edge clock clk)
Path Group: **async_default**
Path Type: max

Fanout     Cap    Slew   Delay    Time   Description
-----------------------------------------------------------------------------
                  0.15    0.00    0.00   clock clk (rise edge)
                          0.00    0.00   clock network delay (ideal)
                         20.00   20.00 v input external delay
                  0.01    0.01   20.01 v reset (in)
     1    0.00                           reset (net)
                  0.01    0.00   20.01 v input35/A (sky130_fd_sc_hd__clkbuf_2)
                  0.08    0.14   20.15 v input35/X (sky130_fd_sc_hd__clkbuf_2)
     5    0.02                           net35 (net)
                  0.08    0.00   20.15 v _403_/A (sky130_fd_sc_hd__clkbuf_2)
                  0.11    0.19   20.34 v _403_/X (sky130_fd_sc_hd__clkbuf_2)
     5    0.03                           _214_ (net)
                  0.11    0.00   20.34 v _410_/A (sky130_fd_sc_hd__buf_2)
                  0.08    0.21   20.55 v _410_/X (sky130_fd_sc_hd__buf_2)
     5    0.03                           _216_ (net)
                  0.08    0.00   20.56 v _411_/A (sky130_fd_sc_hd__inv_2)
                  0.04    0.07   20.63 ^ _411_/Y (sky130_fd_sc_hd__inv_2)
     1    0.01                           _005_ (net)
                  0.04    0.00   20.63 ^ _479_/RESET_B (sky130_fd_sc_hd__dfrtp_1)
                                 20.63   data arrival time

                  0.15  100.00  100.00   clock clk (rise edge)
                          0.00  100.00   clock network delay (ideal)
                         -0.25   99.75   clock uncertainty
                          0.00   99.75   clock reconvergence pessimism
                                 99.75 ^ _479_/CLK (sky130_fd_sc_hd__dfrtp_1)
                          0.26  100.01   library recovery time
                                100.01   data required time
-----------------------------------------------------------------------------
                                100.01   data required time
                                -20.63   data arrival time
-----------------------------------------------------------------------------
                                 79.38   slack (MET)


Startpoint: read (input port clocked by clk)
Endpoint: _497_ (rising edge-triggered flip-flop clocked by clk)
Path Group: clk
Path Type: max

Fanout     Cap    Slew   Delay    Time   Description
-----------------------------------------------------------------------------
                  0.15    0.00    0.00   clock clk (rise edge)
                          0.00    0.00   clock network delay (ideal)
                         20.00   20.00 ^ input external delay
                  0.02    0.01   20.01 ^ read (in)
     1    0.00                           read (net)
                  0.02    0.00   20.01 ^ input34/A (sky130_fd_sc_hd__dlymetal6s2s_1)
                  0.19    0.19   20.20 ^ input34/X (sky130_fd_sc_hd__dlymetal6s2s_1)
     4    0.02                           net34 (net)
                  0.19    0.00   20.20 ^ _221_/A (sky130_fd_sc_hd__clkbuf_2)
                  0.14    0.23   20.43 ^ _221_/X (sky130_fd_sc_hd__clkbuf_2)
     5    0.03                           _096_ (net)
                  0.14    0.00   20.43 ^ _240_/A (sky130_fd_sc_hd__clkbuf_2)
                  0.14    0.22   20.65 ^ _240_/X (sky130_fd_sc_hd__clkbuf_2)
     5    0.03                           _110_ (net)
                  0.14    0.00   20.65 ^ _251_/S (sky130_fd_sc_hd__mux2_1)
                  0.05    0.35   21.00 v _251_/X (sky130_fd_sc_hd__mux2_1)
     1    0.00                           _118_ (net)
                  0.05    0.00   21.00 v _252_/A0 (sky130_fd_sc_hd__mux2_1)
                  0.06    0.30   21.30 v _252_/X (sky130_fd_sc_hd__mux2_1)
     1    0.00                           _119_ (net)
                  0.06    0.00   21.30 v _253_/A (sky130_fd_sc_hd__clkbuf_1)
                  0.03    0.10   21.40 v _253_/X (sky130_fd_sc_hd__clkbuf_1)
     1    0.00                           _087_ (net)
                  0.03    0.00   21.40 v _497_/D (sky130_fd_sc_hd__dfrtp_1)
                                 21.40   data arrival time

                  0.15  100.00  100.00   clock clk (rise edge)
                          0.00  100.00   clock network delay (ideal)
                         -0.25   99.75   clock uncertainty
                          0.00   99.75   clock reconvergence pessimism
                                 99.75 ^ _497_/CLK (sky130_fd_sc_hd__dfrtp_1)
                         -0.08   99.67   library setup time
                                 99.67   data required time
-----------------------------------------------------------------------------
                                 99.67   data required time
                                -21.40   data arrival time
-----------------------------------------------------------------------------
                                 78.27   slack (MET)



===========================================================================
report_checks --slack_max -0.01
============================================================================
No paths found.
