Instance name,  X location,  Y location,  Voltage 
PHY_28, 5.4, 51.68, 1.8
PHY_29, 43.2, 51.68, 1.8
PHY_24, 5.4, 46.24, 1.8
PHY_26, 5.4, 46.24, 1.8
PHY_25, 43.2, 46.24, 1.8
PHY_27, 43.2, 46.24, 1.8
PHY_20, 5.4, 40.8, 1.8
PHY_22, 5.4, 40.8, 1.8
PHY_21, 43.2, 40.8, 1.8
PHY_23, 43.2, 40.8, 1.8
PHY_16, 5.4, 35.36, 1.8
PHY_18, 5.4, 35.36, 1.8
PHY_17, 43.2, 35.36, 1.8
PHY_19, 43.2, 35.36, 1.8
PHY_12, 5.4, 29.92, 1.8
PHY_14, 5.4, 29.92, 1.8
PHY_13, 43.2, 29.92, 1.8
PHY_15, 43.2, 29.92, 1.8
PHY_10, 5.4, 24.48, 1.8
PHY_8, 5.4, 24.48, 1.8
PHY_11, 43.2, 24.48, 1.8
PHY_9, 43.2, 24.48, 1.8
PHY_4, 5.4, 19.04, 1.8
PHY_6, 5.4, 19.04, 1.8
PHY_5, 43.2, 19.04, 1.8
PHY_7, 43.2, 19.04, 1.8
PHY_0, 5.4, 13.6, 1.8
PHY_2, 5.4, 13.6, 1.8
_043_, 5.4, 13.6, 1.8
_044_, 5.4, 13.6, 1.8
_045_, 5.4, 13.6, 1.8
_046_, 5.4, 13.6, 1.8
_047_, 5.4, 13.6, 1.8
_048_, 5.4, 13.6, 1.8
_049_, 5.4, 13.6, 1.8
_050_, 5.4, 13.6, 1.8
_051_, 5.4, 13.6, 1.8
_052_, 5.4, 13.6, 1.8
_053_, 5.4, 13.6, 1.8
_054_, 5.4, 13.6, 1.8
_055_, 5.4, 13.6, 1.8
_056_, 5.4, 13.6, 1.8
_057_, 5.4, 13.6, 1.8
_058_, 5.4, 13.6, 1.8
_059_, 5.4, 13.6, 1.8
_060_, 5.4, 13.6, 1.8
_061_, 5.4, 13.6, 1.8
_062_, 5.4, 13.6, 1.8
_063_, 5.4, 13.6, 1.8
_064_, 5.4, 13.6, 1.8
_065_, 5.4, 13.6, 1.8
_066_, 5.4, 13.6, 1.8
_067_, 5.4, 13.6, 1.8
_068_, 5.4, 13.6, 1.8
_069_, 5.4, 13.6, 1.8
_070_, 5.4, 13.6, 1.8
_071_, 5.4, 13.6, 1.8
_072_, 5.4, 13.6, 1.8
_073_, 5.4, 13.6, 1.8
_074_, 5.4, 13.6, 1.8
_075_, 5.4, 13.6, 1.8
_076_, 5.4, 13.6, 1.8
_077_, 5.4, 13.6, 1.8
_078_, 5.4, 13.6, 1.8
_079_, 5.4, 13.6, 1.8
_080_, 5.4, 13.6, 1.8
_081_, 5.4, 13.6, 1.8
_082_, 5.4, 13.6, 1.8
_083_, 5.4, 13.6, 1.8
_084_, 5.4, 13.6, 1.8
_085_, 5.4, 13.6, 1.8
_086_, 5.4, 13.6, 1.8
_087_, 5.4, 13.6, 1.8
_088_, 5.4, 13.6, 1.8
_089_, 5.4, 13.6, 1.8
_090_, 5.4, 13.6, 1.8
_091_, 5.4, 13.6, 1.8
_092_, 5.4, 13.6, 1.8
_093_, 5.4, 13.6, 1.8
_094_, 5.4, 13.6, 1.8
_095_, 5.4, 13.6, 1.8
_096_, 5.4, 13.6, 1.8
_097_, 5.4, 13.6, 1.8
_098_, 5.4, 13.6, 1.8
_099_, 5.4, 13.6, 1.8
_100_, 5.4, 13.6, 1.8
_101_, 5.4, 13.6, 1.8
_102_, 5.4, 13.6, 1.8
_103_, 5.4, 13.6, 1.8
_104_, 5.4, 13.6, 1.8
_105_, 5.4, 13.6, 1.8
_106_, 5.4, 13.6, 1.8
_107_, 5.4, 13.6, 1.8
_108_, 5.4, 13.6, 1.8
_109_, 5.4, 13.6, 1.8
_110_, 5.4, 13.6, 1.8
_111_, 5.4, 13.6, 1.8
_112_, 5.4, 13.6, 1.8
_113_, 5.4, 13.6, 1.8
_114_, 5.4, 13.6, 1.8
PHY_1, 43.2, 13.6, 1.8
PHY_3, 43.2, 13.6, 1.8

