
===========================================================================
report_checks -path_delay max (Setup)
============================================================================
Startpoint: _2208_ (rising edge-triggered flip-flop clocked by ref_in)
Endpoint: _2213_ (recovery check against rising-edge clock vco_in)
Path Group: **async_default**
Path Type: max

Fanout     Cap    Slew   Delay    Time   Description
-----------------------------------------------------------------------------
                  0.00    0.00    0.00   clock ref_in (rise edge)
                          0.00    0.00   clock network delay (ideal)
                  0.00    0.00    0.00 ^ _2208_/CLK (sky130_fd_sc_hd__dfstp_1)
                  0.06    0.36    0.36 v _2208_/Q (sky130_fd_sc_hd__dfstp_1)
     2    0.01                           d5.fll_core.counter_reset (net)
                  0.06    0.00    0.36 v _1973_/A (sky130_fd_sc_hd__buf_4)
                  0.07    0.19    0.55 v _1973_/X (sky130_fd_sc_hd__buf_4)
    10    0.05                           _0800_ (net)
                  0.07    0.00    0.55 v _1975_/A (sky130_fd_sc_hd__inv_2)
                  0.03    0.06    0.61 ^ _1975_/Y (sky130_fd_sc_hd__inv_2)
     1    0.00                           _0226_ (net)
                  0.03    0.00    0.61 ^ _2213_/RESET_B (sky130_fd_sc_hd__dfrtp_2)
                                  0.61   data arrival time

                  0.00   10.00   10.00   clock vco_in (rise edge)
                          0.00   10.00   clock network delay (ideal)
                          0.00   10.00   clock reconvergence pessimism
                                 10.00 ^ _2213_/CLK (sky130_fd_sc_hd__dfrtp_2)
                          0.21   10.21   library recovery time
                                 10.21   data required time
-----------------------------------------------------------------------------
                                 10.21   data required time
                                 -0.61   data arrival time
-----------------------------------------------------------------------------
                                  9.60   slack (MET)


Startpoint: _2208_ (rising edge-triggered flip-flop clocked by ref_in)
Endpoint: _2221_ (recovery check against rising-edge clock vco_in)
Path Group: **async_default**
Path Type: max

Fanout     Cap    Slew   Delay    Time   Description
-----------------------------------------------------------------------------
                  0.00    0.00    0.00   clock ref_in (rise edge)
                          0.00    0.00   clock network delay (ideal)
                  0.00    0.00    0.00 ^ _2208_/CLK (sky130_fd_sc_hd__dfstp_1)
                  0.06    0.36    0.36 v _2208_/Q (sky130_fd_sc_hd__dfstp_1)
     2    0.01                           d5.fll_core.counter_reset (net)
                  0.06    0.00    0.36 v _1973_/A (sky130_fd_sc_hd__buf_4)
                  0.07    0.19    0.55 v _1973_/X (sky130_fd_sc_hd__buf_4)
    10    0.05                           _0800_ (net)
                  0.07    0.00    0.55 v _1983_/A (sky130_fd_sc_hd__inv_2)
                  0.03    0.06    0.61 ^ _1983_/Y (sky130_fd_sc_hd__inv_2)
     1    0.00                           _0234_ (net)
                  0.03    0.00    0.61 ^ _2221_/RESET_B (sky130_fd_sc_hd__dfrtp_2)
                                  0.61   data arrival time

                  0.00   10.00   10.00   clock vco_in (rise edge)
                          0.00   10.00   clock network delay (ideal)
                          0.00   10.00   clock reconvergence pessimism
                                 10.00 ^ _2221_/CLK (sky130_fd_sc_hd__dfrtp_2)
                          0.21   10.21   library recovery time
                                 10.21   data required time
-----------------------------------------------------------------------------
                                 10.21   data required time
                                 -0.61   data arrival time
-----------------------------------------------------------------------------
                                  9.60   slack (MET)


Startpoint: _2208_ (rising edge-triggered flip-flop clocked by ref_in)
Endpoint: _2218_ (recovery check against rising-edge clock vco_in)
Path Group: **async_default**
Path Type: max

Fanout     Cap    Slew   Delay    Time   Description
-----------------------------------------------------------------------------
                  0.00    0.00    0.00   clock ref_in (rise edge)
                          0.00    0.00   clock network delay (ideal)
                  0.00    0.00    0.00 ^ _2208_/CLK (sky130_fd_sc_hd__dfstp_1)
                  0.06    0.36    0.36 v _2208_/Q (sky130_fd_sc_hd__dfstp_1)
     2    0.01                           d5.fll_core.counter_reset (net)
                  0.06    0.00    0.36 v _1973_/A (sky130_fd_sc_hd__buf_4)
                  0.07    0.19    0.55 v _1973_/X (sky130_fd_sc_hd__buf_4)
    10    0.05                           _0800_ (net)
                  0.07    0.00    0.55 v _1980_/A (sky130_fd_sc_hd__inv_2)
                  0.03    0.06    0.60 ^ _1980_/Y (sky130_fd_sc_hd__inv_2)
     1    0.00                           _0231_ (net)
                  0.03    0.00    0.60 ^ _2218_/RESET_B (sky130_fd_sc_hd__dfrtp_2)
                                  0.60   data arrival time

                  0.00   10.00   10.00   clock vco_in (rise edge)
                          0.00   10.00   clock network delay (ideal)
                          0.00   10.00   clock reconvergence pessimism
                                 10.00 ^ _2218_/CLK (sky130_fd_sc_hd__dfrtp_2)
                          0.21   10.21   library recovery time
                                 10.21   data required time
-----------------------------------------------------------------------------
                                 10.21   data required time
                                 -0.60   data arrival time
-----------------------------------------------------------------------------
                                  9.60   slack (MET)


Startpoint: _2208_ (rising edge-triggered flip-flop clocked by ref_in)
Endpoint: _2220_ (recovery check against rising-edge clock vco_in)
Path Group: **async_default**
Path Type: max

Fanout     Cap    Slew   Delay    Time   Description
-----------------------------------------------------------------------------
                  0.00    0.00    0.00   clock ref_in (rise edge)
                          0.00    0.00   clock network delay (ideal)
                  0.00    0.00    0.00 ^ _2208_/CLK (sky130_fd_sc_hd__dfstp_1)
                  0.06    0.36    0.36 v _2208_/Q (sky130_fd_sc_hd__dfstp_1)
     2    0.01                           d5.fll_core.counter_reset (net)
                  0.06    0.00    0.36 v _1973_/A (sky130_fd_sc_hd__buf_4)
                  0.07    0.19    0.55 v _1973_/X (sky130_fd_sc_hd__buf_4)
    10    0.05                           _0800_ (net)
                  0.07    0.00    0.55 v _1982_/A (sky130_fd_sc_hd__inv_2)
                  0.04    0.06    0.61 ^ _1982_/Y (sky130_fd_sc_hd__inv_2)
     1    0.01                           _0233_ (net)
                  0.04    0.00    0.61 ^ _2220_/RESET_B (sky130_fd_sc_hd__dfrtp_1)
                                  0.61   data arrival time

                  0.00   10.00   10.00   clock vco_in (rise edge)
                          0.00   10.00   clock network delay (ideal)
                          0.00   10.00   clock reconvergence pessimism
                                 10.00 ^ _2220_/CLK (sky130_fd_sc_hd__dfrtp_1)
                          0.22   10.22   library recovery time
                                 10.22   data required time
-----------------------------------------------------------------------------
                                 10.22   data required time
                                 -0.61   data arrival time
-----------------------------------------------------------------------------
                                  9.61   slack (MET)


Startpoint: _2208_ (rising edge-triggered flip-flop clocked by ref_in)
Endpoint: _2216_ (recovery check against rising-edge clock vco_in)
Path Group: **async_default**
Path Type: max

Fanout     Cap    Slew   Delay    Time   Description
-----------------------------------------------------------------------------
                  0.00    0.00    0.00   clock ref_in (rise edge)
                          0.00    0.00   clock network delay (ideal)
                  0.00    0.00    0.00 ^ _2208_/CLK (sky130_fd_sc_hd__dfstp_1)
                  0.06    0.36    0.36 v _2208_/Q (sky130_fd_sc_hd__dfstp_1)
     2    0.01                           d5.fll_core.counter_reset (net)
                  0.06    0.00    0.36 v _1973_/A (sky130_fd_sc_hd__buf_4)
                  0.07    0.19    0.55 v _1973_/X (sky130_fd_sc_hd__buf_4)
    10    0.05                           _0800_ (net)
                  0.07    0.00    0.55 v _1978_/A (sky130_fd_sc_hd__inv_2)
                  0.03    0.06    0.61 ^ _1978_/Y (sky130_fd_sc_hd__inv_2)
     1    0.00                           _0229_ (net)
                  0.03    0.00    0.61 ^ _2216_/RESET_B (sky130_fd_sc_hd__dfrtp_1)
                                  0.61   data arrival time

                  0.00   10.00   10.00   clock vco_in (rise edge)
                          0.00   10.00   clock network delay (ideal)
                          0.00   10.00   clock reconvergence pessimism
                                 10.00 ^ _2216_/CLK (sky130_fd_sc_hd__dfrtp_1)
                          0.22   10.22   library recovery time
                                 10.22   data required time
-----------------------------------------------------------------------------
                                 10.22   data required time
                                 -0.61   data arrival time
-----------------------------------------------------------------------------
                                  9.61   slack (MET)


Startpoint: _2155_ (rising edge-triggered flip-flop clocked by clk_in)
Endpoint: _2049_ (rising edge-triggered flip-flop clocked by clk_in)
Path Group: clk_in
Path Type: max

Fanout     Cap    Slew   Delay    Time   Description
-----------------------------------------------------------------------------
                  0.00    0.00    0.00   clock clk_in (rise edge)
                          0.00    0.00   clock network delay (ideal)
                  0.00    0.00    0.00 ^ _2155_/CLK (sky130_fd_sc_hd__dfrtp_4)
                  0.11    0.52    0.52 v _2155_/Q (sky130_fd_sc_hd__dfrtp_4)
    10    0.04                           d2.t_load[44] (net)
                  0.11    0.00    0.52 v _1515_/A1 (sky130_fd_sc_hd__mux2_1)
                  0.05    0.30    0.82 v _1515_/X (sky130_fd_sc_hd__mux2_1)
     1    0.00                           _0633_ (net)
                  0.05    0.00    0.82 v _1516_/A0 (sky130_fd_sc_hd__mux2_1)
                  0.06    0.28    1.10 v _1516_/X (sky130_fd_sc_hd__mux2_1)
     1    0.00                           _0634_ (net)
                  0.06    0.00    1.10 v _1517_/A (sky130_fd_sc_hd__clkbuf_1)
                  0.02    0.09    1.19 v _1517_/X (sky130_fd_sc_hd__clkbuf_1)
     1    0.00                           _0299_ (net)
                  0.02    0.00    1.19 v _2049_/D (sky130_fd_sc_hd__dfrtp_1)
                                  1.19   data arrival time

                  0.00   40.00   40.00   clock clk_in (rise edge)
                          0.00   40.00   clock network delay (ideal)
                          0.00   40.00   clock reconvergence pessimism
                                 40.00 ^ _2049_/CLK (sky130_fd_sc_hd__dfrtp_1)
                         -0.12   39.88   library setup time
                                 39.88   data required time
-----------------------------------------------------------------------------
                                 39.88   data required time
                                 -1.19   data arrival time
-----------------------------------------------------------------------------
                                 38.70   slack (MET)


Startpoint: _2144_ (rising edge-triggered flip-flop clocked by clk_in)
Endpoint: _2038_ (rising edge-triggered flip-flop clocked by clk_in)
Path Group: clk_in
Path Type: max

Fanout     Cap    Slew   Delay    Time   Description
-----------------------------------------------------------------------------
                  0.00    0.00    0.00   clock clk_in (rise edge)
                          0.00    0.00   clock network delay (ideal)
                  0.00    0.00    0.00 ^ _2144_/CLK (sky130_fd_sc_hd__dfrtp_2)
                  0.09    0.43    0.43 v _2144_/Q (sky130_fd_sc_hd__dfrtp_2)
     5    0.02                           d2.t_load[33] (net)
                  0.09    0.00    0.43 v _1550_/A1 (sky130_fd_sc_hd__mux2_1)
                  0.05    0.30    0.72 v _1550_/X (sky130_fd_sc_hd__mux2_1)
     1    0.00                           _0657_ (net)
                  0.05    0.00    0.72 v _1551_/A0 (sky130_fd_sc_hd__mux2_1)
                  0.06    0.28    1.00 v _1551_/X (sky130_fd_sc_hd__mux2_1)
     1    0.00                           _0658_ (net)
                  0.06    0.00    1.00 v _1552_/A (sky130_fd_sc_hd__clkbuf_1)
                  0.03    0.09    1.09 v _1552_/X (sky130_fd_sc_hd__clkbuf_1)
     1    0.00                           _0288_ (net)
                  0.03    0.00    1.09 v _2038_/D (sky130_fd_sc_hd__dfrtp_1)
                                  1.09   data arrival time

                  0.00   40.00   40.00   clock clk_in (rise edge)
                          0.00   40.00   clock network delay (ideal)
                          0.00   40.00   clock reconvergence pessimism
                                 40.00 ^ _2038_/CLK (sky130_fd_sc_hd__dfrtp_1)
                         -0.12   39.88   library setup time
                                 39.88   data required time
-----------------------------------------------------------------------------
                                 39.88   data required time
                                 -1.09   data arrival time
-----------------------------------------------------------------------------
                                 38.79   slack (MET)


Startpoint: _2187_ (rising edge-triggered flip-flop clocked by clk_in)
Endpoint: _2081_ (rising edge-triggered flip-flop clocked by clk_in)
Path Group: clk_in
Path Type: max

Fanout     Cap    Slew   Delay    Time   Description
-----------------------------------------------------------------------------
                  0.00    0.00    0.00   clock clk_in (rise edge)
                          0.00    0.00   clock network delay (ideal)
                  0.00    0.00    0.00 ^ _2187_/CLK (sky130_fd_sc_hd__dfrtp_2)
                  0.08    0.42    0.42 v _2187_/Q (sky130_fd_sc_hd__dfrtp_2)
     3    0.02                           net27 (net)
                  0.08    0.00    0.42 v _1412_/A1 (sky130_fd_sc_hd__mux2_1)
                  0.05    0.29    0.71 v _1412_/X (sky130_fd_sc_hd__mux2_1)
     1    0.00                           _0562_ (net)
                  0.05    0.00    0.71 v _1413_/A0 (sky130_fd_sc_hd__mux2_1)
                  0.05    0.28    0.99 v _1413_/X (sky130_fd_sc_hd__mux2_1)
     1    0.00                           _0563_ (net)
                  0.05    0.00    0.99 v _1414_/A (sky130_fd_sc_hd__clkbuf_1)
                  0.02    0.09    1.08 v _1414_/X (sky130_fd_sc_hd__clkbuf_1)
     1    0.00                           _0331_ (net)
                  0.02    0.00    1.08 v _2081_/D (sky130_fd_sc_hd__dfrtp_1)
                                  1.08   data arrival time

                  0.00   40.00   40.00   clock clk_in (rise edge)
                          0.00   40.00   clock network delay (ideal)
                          0.00   40.00   clock reconvergence pessimism
                                 40.00 ^ _2081_/CLK (sky130_fd_sc_hd__dfrtp_1)
                         -0.12   39.88   library setup time
                                 39.88   data required time
-----------------------------------------------------------------------------
                                 39.88   data required time
                                 -1.08   data arrival time
-----------------------------------------------------------------------------
                                 38.81   slack (MET)


Startpoint: _2177_ (rising edge-triggered flip-flop clocked by clk_in)
Endpoint: _2071_ (rising edge-triggered flip-flop clocked by clk_in)
Path Group: clk_in
Path Type: max

Fanout     Cap    Slew   Delay    Time   Description
-----------------------------------------------------------------------------
                  0.00    0.00    0.00   clock clk_in (rise edge)
                          0.00    0.00   clock network delay (ideal)
                  0.00    0.00    0.00 ^ _2177_/CLK (sky130_fd_sc_hd__dfrtp_1)
                  0.10    0.41    0.41 v _2177_/Q (sky130_fd_sc_hd__dfrtp_1)
     3    0.02                           net17 (net)
                  0.10    0.00    0.41 v _1444_/A1 (sky130_fd_sc_hd__mux2_1)
                  0.05    0.30    0.71 v _1444_/X (sky130_fd_sc_hd__mux2_1)
     1    0.00                           _0584_ (net)
                  0.05    0.00    0.71 v _1445_/A0 (sky130_fd_sc_hd__mux2_1)
                  0.05    0.27    0.98 v _1445_/X (sky130_fd_sc_hd__mux2_1)
     1    0.00                           _0585_ (net)
                  0.05    0.00    0.98 v _1446_/A (sky130_fd_sc_hd__clkbuf_1)
                  0.03    0.09    1.07 v _1446_/X (sky130_fd_sc_hd__clkbuf_1)
     1    0.00                           _0321_ (net)
                  0.03    0.00    1.07 v _2071_/D (sky130_fd_sc_hd__dfrtp_1)
                                  1.07   data arrival time

                  0.00   40.00   40.00   clock clk_in (rise edge)
                          0.00   40.00   clock network delay (ideal)
                          0.00   40.00   clock reconvergence pessimism
                                 40.00 ^ _2071_/CLK (sky130_fd_sc_hd__dfrtp_1)
                         -0.12   39.88   library setup time
                                 39.88   data required time
-----------------------------------------------------------------------------
                                 39.88   data required time
                                 -1.07   data arrival time
-----------------------------------------------------------------------------
                                 38.81   slack (MET)


Startpoint: _2178_ (rising edge-triggered flip-flop clocked by clk_in)
Endpoint: _2072_ (rising edge-triggered flip-flop clocked by clk_in)
Path Group: clk_in
Path Type: max

Fanout     Cap    Slew   Delay    Time   Description
-----------------------------------------------------------------------------
                  0.00    0.00    0.00   clock clk_in (rise edge)
                          0.00    0.00   clock network delay (ideal)
                  0.00    0.00    0.00 ^ _2178_/CLK (sky130_fd_sc_hd__dfrtp_2)
                  0.07    0.41    0.41 v _2178_/Q (sky130_fd_sc_hd__dfrtp_2)
     3    0.02                           net18 (net)
                  0.07    0.00    0.41 v _1441_/A1 (sky130_fd_sc_hd__mux2_1)
                  0.05    0.29    0.70 v _1441_/X (sky130_fd_sc_hd__mux2_1)
     1    0.00                           _0582_ (net)
                  0.05    0.00    0.70 v _1442_/A0 (sky130_fd_sc_hd__mux2_1)
                  0.05    0.27    0.98 v _1442_/X (sky130_fd_sc_hd__mux2_1)
     1    0.00                           _0583_ (net)
                  0.05    0.00    0.98 v _1443_/A (sky130_fd_sc_hd__clkbuf_1)
                  0.03    0.09    1.07 v _1443_/X (sky130_fd_sc_hd__clkbuf_1)
     1    0.00                           _0322_ (net)
                  0.03    0.00    1.07 v _2072_/D (sky130_fd_sc_hd__dfrtp_1)
                                  1.07   data arrival time

                  0.00   40.00   40.00   clock clk_in (rise edge)
                          0.00   40.00   clock network delay (ideal)
                          0.00   40.00   clock reconvergence pessimism
                                 40.00 ^ _2072_/CLK (sky130_fd_sc_hd__dfrtp_1)
                         -0.12   39.88   library setup time
                                 39.88   data required time
-----------------------------------------------------------------------------
                                 39.88   data required time
                                 -1.07   data arrival time
-----------------------------------------------------------------------------
                                 38.82   slack (MET)


Startpoint: _2214_ (rising edge-triggered flip-flop clocked by vco_in)
Endpoint: _2110_ (rising edge-triggered flip-flop clocked by ref_in)
Path Group: ref_in
Path Type: max

Fanout     Cap    Slew   Delay    Time   Description
-----------------------------------------------------------------------------
                  0.00   30.00   30.00   clock vco_in (rise edge)
                          0.00   30.00   clock network delay (ideal)
                  0.00    0.00   30.00 ^ _2214_/CLK (sky130_fd_sc_hd__dfrtp_1)
                  0.09    0.40   30.40 v _2214_/Q (sky130_fd_sc_hd__dfrtp_1)
     5    0.01                           d5.fll_core.counter1.count[2] (net)
                  0.09    0.00   30.40 v _1197_/B (sky130_fd_sc_hd__and2b_1)
                  0.04    0.18   30.58 v _1197_/X (sky130_fd_sc_hd__and2b_1)
     2    0.00                           _0911_ (net)
                  0.04    0.00   30.58 v _1202_/A (sky130_fd_sc_hd__or4_1)
                  0.10    0.53   31.11 v _1202_/X (sky130_fd_sc_hd__or4_1)
     2    0.00                           _0916_ (net)
                  0.10    0.00   31.11 v _1207_/B1 (sky130_fd_sc_hd__o22ai_1)
                  0.13    0.14   31.25 ^ _1207_/Y (sky130_fd_sc_hd__o22ai_1)
     1    0.00                           _0921_ (net)
                  0.13    0.00   31.25 ^ _1226_/A1 (sky130_fd_sc_hd__a31o_1)
                  0.11    0.20   31.45 ^ _1226_/X (sky130_fd_sc_hd__a31o_1)
     3    0.01                           _0940_ (net)
                  0.11    0.00   31.45 ^ _1231_/A (sky130_fd_sc_hd__and2_1)
                  0.05    0.13   31.58 ^ _1231_/X (sky130_fd_sc_hd__and2_1)
     1    0.00                           _0944_ (net)
                  0.05    0.00   31.58 ^ _1232_/A (sky130_fd_sc_hd__clkbuf_1)
                  0.15    0.16   31.74 ^ _1232_/X (sky130_fd_sc_hd__clkbuf_1)
     3    0.01                           _0945_ (net)
                  0.15    0.00   31.74 ^ _1233_/A (sky130_fd_sc_hd__clkbuf_4)
                  0.15    0.25   31.99 ^ _1233_/X (sky130_fd_sc_hd__clkbuf_4)
    10    0.05                           _0946_ (net)
                  0.15    0.00   31.99 ^ _1234_/A (sky130_fd_sc_hd__inv_2)
                  0.08    0.10   32.09 v _1234_/Y (sky130_fd_sc_hd__inv_2)
    10    0.03                           _0947_ (net)
                  0.08    0.00   32.09 v _1249_/B2 (sky130_fd_sc_hd__a32o_1)
                  0.07    0.26   32.35 v _1249_/X (sky130_fd_sc_hd__a32o_1)
     4    0.01                           _0962_ (net)
                  0.07    0.00   32.35 v _1255_/A2 (sky130_fd_sc_hd__a32o_1)
                  0.06    0.28   32.63 v _1255_/X (sky130_fd_sc_hd__a32o_1)
     2    0.01                           _0968_ (net)
                  0.06    0.00   32.63 v _1256_/A2 (sky130_fd_sc_hd__a21oi_1)
                  0.15    0.18   32.81 ^ _1256_/Y (sky130_fd_sc_hd__a21oi_1)
     1    0.01                           _0969_ (net)
                  0.15    0.00   32.81 ^ _1258_/A (sky130_fd_sc_hd__xnor2_1)
                  0.05    0.09   32.89 v _1258_/Y (sky130_fd_sc_hd__xnor2_1)
     1    0.00                           _0971_ (net)
                  0.05    0.00   32.89 v _1313_/A0 (sky130_fd_sc_hd__mux2_1)
                  0.06    0.28   33.17 v _1313_/X (sky130_fd_sc_hd__mux2_1)
     1    0.00                           _0492_ (net)
                  0.06    0.00   33.17 v _1314_/A (sky130_fd_sc_hd__clkbuf_1)
                  0.02    0.09   33.26 v _1314_/X (sky130_fd_sc_hd__clkbuf_1)
     1    0.00                           _0360_ (net)
                  0.02    0.00   33.26 v _2110_/D (sky130_fd_sc_hd__dfrtp_2)
                                 33.26   data arrival time

                  0.00   40.00   40.00   clock ref_in (rise edge)
                          0.00   40.00   clock network delay (ideal)
                          0.00   40.00   clock reconvergence pessimism
                                 40.00 ^ _2110_/CLK (sky130_fd_sc_hd__dfrtp_2)
                         -0.12   39.88   library setup time
                                 39.88   data required time
-----------------------------------------------------------------------------
                                 39.88   data required time
                                -33.26   data arrival time
-----------------------------------------------------------------------------
                                  6.63   slack (MET)


Startpoint: _2214_ (rising edge-triggered flip-flop clocked by vco_in)
Endpoint: _2108_ (rising edge-triggered flip-flop clocked by ref_in)
Path Group: ref_in
Path Type: max

Fanout     Cap    Slew   Delay    Time   Description
-----------------------------------------------------------------------------
                  0.00   30.00   30.00   clock vco_in (rise edge)
                          0.00   30.00   clock network delay (ideal)
                  0.00    0.00   30.00 ^ _2214_/CLK (sky130_fd_sc_hd__dfrtp_1)
                  0.09    0.40   30.40 v _2214_/Q (sky130_fd_sc_hd__dfrtp_1)
     5    0.01                           d5.fll_core.counter1.count[2] (net)
                  0.09    0.00   30.40 v _1197_/B (sky130_fd_sc_hd__and2b_1)
                  0.04    0.18   30.58 v _1197_/X (sky130_fd_sc_hd__and2b_1)
     2    0.00                           _0911_ (net)
                  0.04    0.00   30.58 v _1202_/A (sky130_fd_sc_hd__or4_1)
                  0.10    0.53   31.11 v _1202_/X (sky130_fd_sc_hd__or4_1)
     2    0.00                           _0916_ (net)
                  0.10    0.00   31.11 v _1207_/B1 (sky130_fd_sc_hd__o22ai_1)
                  0.13    0.14   31.25 ^ _1207_/Y (sky130_fd_sc_hd__o22ai_1)
     1    0.00                           _0921_ (net)
                  0.13    0.00   31.25 ^ _1226_/A1 (sky130_fd_sc_hd__a31o_1)
                  0.11    0.20   31.45 ^ _1226_/X (sky130_fd_sc_hd__a31o_1)
     3    0.01                           _0940_ (net)
                  0.11    0.00   31.45 ^ _1231_/A (sky130_fd_sc_hd__and2_1)
                  0.05    0.13   31.58 ^ _1231_/X (sky130_fd_sc_hd__and2_1)
     1    0.00                           _0944_ (net)
                  0.05    0.00   31.58 ^ _1232_/A (sky130_fd_sc_hd__clkbuf_1)
                  0.15    0.16   31.74 ^ _1232_/X (sky130_fd_sc_hd__clkbuf_1)
     3    0.01                           _0945_ (net)
                  0.15    0.00   31.74 ^ _1233_/A (sky130_fd_sc_hd__clkbuf_4)
                  0.15    0.25   31.99 ^ _1233_/X (sky130_fd_sc_hd__clkbuf_4)
    10    0.05                           _0946_ (net)
                  0.15    0.00   31.99 ^ _1234_/A (sky130_fd_sc_hd__inv_2)
                  0.08    0.10   32.09 v _1234_/Y (sky130_fd_sc_hd__inv_2)
    10    0.03                           _0947_ (net)
                  0.08    0.00   32.09 v _1249_/B2 (sky130_fd_sc_hd__a32o_1)
                  0.07    0.26   32.35 v _1249_/X (sky130_fd_sc_hd__a32o_1)
     4    0.01                           _0962_ (net)
                  0.07    0.00   32.35 v _1318_/B1 (sky130_fd_sc_hd__a22o_1)
                  0.06    0.21   32.56 v _1318_/X (sky130_fd_sc_hd__a22o_1)
     2    0.01                           _0495_ (net)
                  0.06    0.00   32.56 v _1320_/A2 (sky130_fd_sc_hd__a21oi_1)
                  0.15    0.17   32.73 ^ _1320_/Y (sky130_fd_sc_hd__a21oi_1)
     1    0.00                           _0497_ (net)
                  0.15    0.00   32.73 ^ _1321_/B (sky130_fd_sc_hd__xnor2_1)
                  0.06    0.08   32.81 v _1321_/Y (sky130_fd_sc_hd__xnor2_1)
     1    0.00                           _0498_ (net)
                  0.06    0.00   32.81 v _1322_/A0 (sky130_fd_sc_hd__mux2_1)
                  0.06    0.28   33.09 v _1322_/X (sky130_fd_sc_hd__mux2_1)
     1    0.00                           _0499_ (net)
                  0.06    0.00   33.09 v _1323_/A (sky130_fd_sc_hd__clkbuf_1)
                  0.02    0.09   33.18 v _1323_/X (sky130_fd_sc_hd__clkbuf_1)
     1    0.00                           _0358_ (net)
                  0.02    0.00   33.18 v _2108_/D (sky130_fd_sc_hd__dfrtp_2)
                                 33.18   data arrival time

                  0.00   40.00   40.00   clock ref_in (rise edge)
                          0.00   40.00   clock network delay (ideal)
                          0.00   40.00   clock reconvergence pessimism
                                 40.00 ^ _2108_/CLK (sky130_fd_sc_hd__dfrtp_2)
                         -0.12   39.88   library setup time
                                 39.88   data required time
-----------------------------------------------------------------------------
                                 39.88   data required time
                                -33.18   data arrival time
-----------------------------------------------------------------------------
                                  6.70   slack (MET)


Startpoint: _2214_ (rising edge-triggered flip-flop clocked by vco_in)
Endpoint: _2109_ (rising edge-triggered flip-flop clocked by ref_in)
Path Group: ref_in
Path Type: max

Fanout     Cap    Slew   Delay    Time   Description
-----------------------------------------------------------------------------
                  0.00   30.00   30.00   clock vco_in (rise edge)
                          0.00   30.00   clock network delay (ideal)
                  0.00    0.00   30.00 ^ _2214_/CLK (sky130_fd_sc_hd__dfrtp_1)
                  0.09    0.40   30.40 v _2214_/Q (sky130_fd_sc_hd__dfrtp_1)
     5    0.01                           d5.fll_core.counter1.count[2] (net)
                  0.09    0.00   30.40 v _1197_/B (sky130_fd_sc_hd__and2b_1)
                  0.04    0.18   30.58 v _1197_/X (sky130_fd_sc_hd__and2b_1)
     2    0.00                           _0911_ (net)
                  0.04    0.00   30.58 v _1202_/A (sky130_fd_sc_hd__or4_1)
                  0.10    0.53   31.11 v _1202_/X (sky130_fd_sc_hd__or4_1)
     2    0.00                           _0916_ (net)
                  0.10    0.00   31.11 v _1207_/B1 (sky130_fd_sc_hd__o22ai_1)
                  0.13    0.14   31.25 ^ _1207_/Y (sky130_fd_sc_hd__o22ai_1)
     1    0.00                           _0921_ (net)
                  0.13    0.00   31.25 ^ _1226_/A1 (sky130_fd_sc_hd__a31o_1)
                  0.11    0.20   31.45 ^ _1226_/X (sky130_fd_sc_hd__a31o_1)
     3    0.01                           _0940_ (net)
                  0.11    0.00   31.45 ^ _1231_/A (sky130_fd_sc_hd__and2_1)
                  0.05    0.13   31.58 ^ _1231_/X (sky130_fd_sc_hd__and2_1)
     1    0.00                           _0944_ (net)
                  0.05    0.00   31.58 ^ _1232_/A (sky130_fd_sc_hd__clkbuf_1)
                  0.15    0.16   31.74 ^ _1232_/X (sky130_fd_sc_hd__clkbuf_1)
     3    0.01                           _0945_ (net)
                  0.15    0.00   31.74 ^ _1233_/A (sky130_fd_sc_hd__clkbuf_4)
                  0.15    0.25   31.99 ^ _1233_/X (sky130_fd_sc_hd__clkbuf_4)
    10    0.05                           _0946_ (net)
                  0.15    0.00   31.99 ^ _1234_/A (sky130_fd_sc_hd__inv_2)
                  0.08    0.10   32.09 v _1234_/Y (sky130_fd_sc_hd__inv_2)
    10    0.03                           _0947_ (net)
                  0.08    0.00   32.09 v _1249_/B2 (sky130_fd_sc_hd__a32o_1)
                  0.07    0.26   32.35 v _1249_/X (sky130_fd_sc_hd__a32o_1)
     4    0.01                           _0962_ (net)
                  0.07    0.00   32.35 v _1255_/A2 (sky130_fd_sc_hd__a32o_1)
                  0.06    0.28   32.63 v _1255_/X (sky130_fd_sc_hd__a32o_1)
     2    0.01                           _0968_ (net)
                  0.06    0.00   32.63 v _1315_/B (sky130_fd_sc_hd__xor2_1)
                  0.05    0.14   32.77 v _1315_/X (sky130_fd_sc_hd__xor2_1)
     1    0.00                           _0493_ (net)
                  0.05    0.00   32.77 v _1316_/A0 (sky130_fd_sc_hd__mux2_1)
                  0.05    0.27   33.04 v _1316_/X (sky130_fd_sc_hd__mux2_1)
     1    0.00                           _0494_ (net)
                  0.05    0.00   33.04 v _1317_/A (sky130_fd_sc_hd__clkbuf_1)
                  0.02    0.09   33.13 v _1317_/X (sky130_fd_sc_hd__clkbuf_1)
     1    0.00                           _0359_ (net)
                  0.02    0.00   33.13 v _2109_/D (sky130_fd_sc_hd__dfrtp_2)
                                 33.13   data arrival time

                  0.00   40.00   40.00   clock ref_in (rise edge)
                          0.00   40.00   clock network delay (ideal)
                          0.00   40.00   clock reconvergence pessimism
                                 40.00 ^ _2109_/CLK (sky130_fd_sc_hd__dfrtp_2)
                         -0.12   39.88   library setup time
                                 39.88   data required time
-----------------------------------------------------------------------------
                                 39.88   data required time
                                -33.13   data arrival time
-----------------------------------------------------------------------------
                                  6.75   slack (MET)


Startpoint: _2214_ (rising edge-triggered flip-flop clocked by vco_in)
Endpoint: _2106_ (rising edge-triggered flip-flop clocked by ref_in)
Path Group: ref_in
Path Type: max

Fanout     Cap    Slew   Delay    Time   Description
-----------------------------------------------------------------------------
                  0.00   30.00   30.00   clock vco_in (rise edge)
                          0.00   30.00   clock network delay (ideal)
                  0.00    0.00   30.00 ^ _2214_/CLK (sky130_fd_sc_hd__dfrtp_1)
                  0.09    0.40   30.40 v _2214_/Q (sky130_fd_sc_hd__dfrtp_1)
     5    0.01                           d5.fll_core.counter1.count[2] (net)
                  0.09    0.00   30.40 v _1197_/B (sky130_fd_sc_hd__and2b_1)
                  0.04    0.18   30.58 v _1197_/X (sky130_fd_sc_hd__and2b_1)
     2    0.00                           _0911_ (net)
                  0.04    0.00   30.58 v _1202_/A (sky130_fd_sc_hd__or4_1)
                  0.10    0.53   31.11 v _1202_/X (sky130_fd_sc_hd__or4_1)
     2    0.00                           _0916_ (net)
                  0.10    0.00   31.11 v _1207_/B1 (sky130_fd_sc_hd__o22ai_1)
                  0.13    0.14   31.25 ^ _1207_/Y (sky130_fd_sc_hd__o22ai_1)
     1    0.00                           _0921_ (net)
                  0.13    0.00   31.25 ^ _1226_/A1 (sky130_fd_sc_hd__a31o_1)
                  0.11    0.20   31.45 ^ _1226_/X (sky130_fd_sc_hd__a31o_1)
     3    0.01                           _0940_ (net)
                  0.11    0.00   31.45 ^ _1231_/A (sky130_fd_sc_hd__and2_1)
                  0.05    0.13   31.58 ^ _1231_/X (sky130_fd_sc_hd__and2_1)
     1    0.00                           _0944_ (net)
                  0.05    0.00   31.58 ^ _1232_/A (sky130_fd_sc_hd__clkbuf_1)
                  0.15    0.16   31.74 ^ _1232_/X (sky130_fd_sc_hd__clkbuf_1)
     3    0.01                           _0945_ (net)
                  0.15    0.00   31.74 ^ _1233_/A (sky130_fd_sc_hd__clkbuf_4)
                  0.15    0.25   31.99 ^ _1233_/X (sky130_fd_sc_hd__clkbuf_4)
    10    0.05                           _0946_ (net)
                  0.15    0.00   31.99 ^ _1234_/A (sky130_fd_sc_hd__inv_2)
                  0.08    0.10   32.09 v _1234_/Y (sky130_fd_sc_hd__inv_2)
    10    0.03                           _0947_ (net)
                  0.08    0.00   32.09 v _1249_/B2 (sky130_fd_sc_hd__a32o_1)
                  0.07    0.26   32.35 v _1249_/X (sky130_fd_sc_hd__a32o_1)
     4    0.01                           _0962_ (net)
                  0.07    0.00   32.35 v _1327_/A (sky130_fd_sc_hd__nand2_1)
                  0.06    0.07   32.43 ^ _1327_/Y (sky130_fd_sc_hd__nand2_1)
     2    0.00                           _0502_ (net)
                  0.06    0.00   32.43 ^ _1328_/B1_N (sky130_fd_sc_hd__a21bo_1)
                  0.04    0.20   32.63 v _1328_/X (sky130_fd_sc_hd__a21bo_1)
     1    0.00                           _0503_ (net)
                  0.04    0.00   32.63 v _1329_/B (sky130_fd_sc_hd__xor2_1)
                  0.06    0.13   32.76 v _1329_/X (sky130_fd_sc_hd__xor2_1)
     1    0.00                           _0504_ (net)
                  0.06    0.00   32.76 v _1330_/A0 (sky130_fd_sc_hd__mux2_1)
                  0.05    0.28   33.04 v _1330_/X (sky130_fd_sc_hd__mux2_1)
     1    0.00                           _0505_ (net)
                  0.05    0.00   33.04 v _1331_/A (sky130_fd_sc_hd__clkbuf_1)
                  0.02    0.09   33.12 v _1331_/X (sky130_fd_sc_hd__clkbuf_1)
     1    0.00                           _0356_ (net)
                  0.02    0.00   33.12 v _2106_/D (sky130_fd_sc_hd__dfrtp_2)
                                 33.12   data arrival time

                  0.00   40.00   40.00   clock ref_in (rise edge)
                          0.00   40.00   clock network delay (ideal)
                          0.00   40.00   clock reconvergence pessimism
                                 40.00 ^ _2106_/CLK (sky130_fd_sc_hd__dfrtp_2)
                         -0.12   39.88   library setup time
                                 39.88   data required time
-----------------------------------------------------------------------------
                                 39.88   data required time
                                -33.12   data arrival time
-----------------------------------------------------------------------------
                                  6.76   slack (MET)


Startpoint: _2214_ (rising edge-triggered flip-flop clocked by vco_in)
Endpoint: _2105_ (rising edge-triggered flip-flop clocked by ref_in)
Path Group: ref_in
Path Type: max

Fanout     Cap    Slew   Delay    Time   Description
-----------------------------------------------------------------------------
                  0.00   30.00   30.00   clock vco_in (rise edge)
                          0.00   30.00   clock network delay (ideal)
                  0.00    0.00   30.00 ^ _2214_/CLK (sky130_fd_sc_hd__dfrtp_1)
                  0.09    0.40   30.40 v _2214_/Q (sky130_fd_sc_hd__dfrtp_1)
     5    0.01                           d5.fll_core.counter1.count[2] (net)
                  0.09    0.00   30.40 v _1197_/B (sky130_fd_sc_hd__and2b_1)
                  0.04    0.18   30.58 v _1197_/X (sky130_fd_sc_hd__and2b_1)
     2    0.00                           _0911_ (net)
                  0.04    0.00   30.58 v _1202_/A (sky130_fd_sc_hd__or4_1)
                  0.10    0.53   31.11 v _1202_/X (sky130_fd_sc_hd__or4_1)
     2    0.00                           _0916_ (net)
                  0.10    0.00   31.11 v _1207_/B1 (sky130_fd_sc_hd__o22ai_1)
                  0.13    0.14   31.25 ^ _1207_/Y (sky130_fd_sc_hd__o22ai_1)
     1    0.00                           _0921_ (net)
                  0.13    0.00   31.25 ^ _1226_/A1 (sky130_fd_sc_hd__a31o_1)
                  0.11    0.20   31.45 ^ _1226_/X (sky130_fd_sc_hd__a31o_1)
     3    0.01                           _0940_ (net)
                  0.11    0.00   31.45 ^ _1231_/A (sky130_fd_sc_hd__and2_1)
                  0.05    0.13   31.58 ^ _1231_/X (sky130_fd_sc_hd__and2_1)
     1    0.00                           _0944_ (net)
                  0.05    0.00   31.58 ^ _1232_/A (sky130_fd_sc_hd__clkbuf_1)
                  0.15    0.16   31.74 ^ _1232_/X (sky130_fd_sc_hd__clkbuf_1)
     3    0.01                           _0945_ (net)
                  0.15    0.00   31.74 ^ _1233_/A (sky130_fd_sc_hd__clkbuf_4)
                  0.15    0.25   31.99 ^ _1233_/X (sky130_fd_sc_hd__clkbuf_4)
    10    0.05                           _0946_ (net)
                  0.15    0.00   31.99 ^ _1234_/A (sky130_fd_sc_hd__inv_2)
                  0.08    0.10   32.09 v _1234_/Y (sky130_fd_sc_hd__inv_2)
    10    0.03                           _0947_ (net)
                  0.08    0.00   32.09 v _1249_/B2 (sky130_fd_sc_hd__a32o_1)
                  0.07    0.26   32.35 v _1249_/X (sky130_fd_sc_hd__a32o_1)
     4    0.01                           _0962_ (net)
                  0.07    0.00   32.35 v _1332_/A (sky130_fd_sc_hd__or2_1)
                  0.04    0.22   32.57 v _1332_/X (sky130_fd_sc_hd__or2_1)
     1    0.00                           _0506_ (net)
                  0.04    0.00   32.57 v _1333_/B (sky130_fd_sc_hd__and2_1)
                  0.03    0.14   32.72 v _1333_/X (sky130_fd_sc_hd__and2_1)
     1    0.00                           _0507_ (net)
                  0.03    0.00   32.72 v _1334_/A0 (sky130_fd_sc_hd__mux2_1)
                  0.06    0.27   32.99 v _1334_/X (sky130_fd_sc_hd__mux2_1)
     1    0.00                           _0508_ (net)
                  0.06    0.00   32.99 v _1335_/A (sky130_fd_sc_hd__clkbuf_1)
                  0.02    0.09   33.08 v _1335_/X (sky130_fd_sc_hd__clkbuf_1)
     1    0.00                           _0355_ (net)
                  0.02    0.00   33.08 v _2105_/D (sky130_fd_sc_hd__dfrtp_2)
                                 33.08   data arrival time

                  0.00   40.00   40.00   clock ref_in (rise edge)
                          0.00   40.00   clock network delay (ideal)
                          0.00   40.00   clock reconvergence pessimism
                                 40.00 ^ _2105_/CLK (sky130_fd_sc_hd__dfrtp_2)
                         -0.12   39.88   library setup time
                                 39.88   data required time
-----------------------------------------------------------------------------
                                 39.88   data required time
                                -33.08   data arrival time
-----------------------------------------------------------------------------
                                  6.80   slack (MET)


Startpoint: _2212_ (rising edge-triggered flip-flop clocked by vco_in)
Endpoint: _2221_ (rising edge-triggered flip-flop clocked by vco_in)
Path Group: vco_in
Path Type: max

Fanout     Cap    Slew   Delay    Time   Description
-----------------------------------------------------------------------------
                  0.00    0.00    0.00   clock vco_in (rise edge)
                          0.00    0.00   clock network delay (ideal)
                  0.00    0.00    0.00 ^ _2212_/CLK (sky130_fd_sc_hd__dfrtp_1)
                  0.10    0.40    0.40 v _2212_/Q (sky130_fd_sc_hd__dfrtp_1)
     5    0.02                           d5.fll_core.counter1.count[0] (net)
                  0.10    0.00    0.40 v _1700_/C (sky130_fd_sc_hd__and3_1)
                  0.06    0.22    0.62 v _1700_/X (sky130_fd_sc_hd__and3_1)
     3    0.01                           _0751_ (net)
                  0.06    0.00    0.62 v _1703_/B (sky130_fd_sc_hd__and2_1)
                  0.07    0.20    0.82 v _1703_/X (sky130_fd_sc_hd__and2_1)
     4    0.01                           _0753_ (net)
                  0.07    0.00    0.82 v _1707_/C (sky130_fd_sc_hd__and3_1)
                  0.05    0.21    1.03 v _1707_/X (sky130_fd_sc_hd__and3_1)
     3    0.01                           _0755_ (net)
                  0.05    0.00    1.03 v _1710_/B (sky130_fd_sc_hd__and2_1)
                  0.08    0.20    1.23 v _1710_/X (sky130_fd_sc_hd__and2_1)
     4    0.01                           _0757_ (net)
                  0.08    0.00    1.23 v _1714_/C (sky130_fd_sc_hd__and3_1)
                  0.06    0.21    1.44 v _1714_/X (sky130_fd_sc_hd__and3_1)
     2    0.01                           _0759_ (net)
                  0.06    0.00    1.44 v _1717_/B (sky130_fd_sc_hd__xor2_1)
                  0.05    0.14    1.58 v _1717_/X (sky130_fd_sc_hd__xor2_1)
     1    0.00                           _0010_ (net)
                  0.05    0.00    1.58 v _2221_/D (sky130_fd_sc_hd__dfrtp_2)
                                  1.58   data arrival time

                  0.00   10.00   10.00   clock vco_in (rise edge)
                          0.00   10.00   clock network delay (ideal)
                          0.00   10.00   clock reconvergence pessimism
                                 10.00 ^ _2221_/CLK (sky130_fd_sc_hd__dfrtp_2)
                         -0.13    9.87   library setup time
                                  9.87   data required time
-----------------------------------------------------------------------------
                                  9.87   data required time
                                 -1.58   data arrival time
-----------------------------------------------------------------------------
                                  8.29   slack (MET)


Startpoint: _2212_ (rising edge-triggered flip-flop clocked by vco_in)
Endpoint: _2220_ (rising edge-triggered flip-flop clocked by vco_in)
Path Group: vco_in
Path Type: max

Fanout     Cap    Slew   Delay    Time   Description
-----------------------------------------------------------------------------
                  0.00    0.00    0.00   clock vco_in (rise edge)
                          0.00    0.00   clock network delay (ideal)
                  0.00    0.00    0.00 ^ _2212_/CLK (sky130_fd_sc_hd__dfrtp_1)
                  0.10    0.40    0.40 v _2212_/Q (sky130_fd_sc_hd__dfrtp_1)
     5    0.02                           d5.fll_core.counter1.count[0] (net)
                  0.10    0.00    0.40 v _1700_/C (sky130_fd_sc_hd__and3_1)
                  0.06    0.22    0.62 v _1700_/X (sky130_fd_sc_hd__and3_1)
     3    0.01                           _0751_ (net)
                  0.06    0.00    0.62 v _1703_/B (sky130_fd_sc_hd__and2_1)
                  0.07    0.20    0.82 v _1703_/X (sky130_fd_sc_hd__and2_1)
     4    0.01                           _0753_ (net)
                  0.07    0.00    0.82 v _1707_/C (sky130_fd_sc_hd__and3_1)
                  0.05    0.21    1.03 v _1707_/X (sky130_fd_sc_hd__and3_1)
     3    0.01                           _0755_ (net)
                  0.05    0.00    1.03 v _1710_/B (sky130_fd_sc_hd__and2_1)
                  0.08    0.20    1.23 v _1710_/X (sky130_fd_sc_hd__and2_1)
     4    0.01                           _0757_ (net)
                  0.08    0.00    1.23 v _1714_/C (sky130_fd_sc_hd__and3_1)
                  0.06    0.21    1.44 v _1714_/X (sky130_fd_sc_hd__and3_1)
     2    0.01                           _0759_ (net)
                  0.06    0.00    1.44 v _1716_/A (sky130_fd_sc_hd__nor2_1)
                  0.07    0.10    1.54 ^ _1716_/Y (sky130_fd_sc_hd__nor2_1)
     1    0.00                           _0009_ (net)
                  0.07    0.00    1.54 ^ _2220_/D (sky130_fd_sc_hd__dfrtp_1)
                                  1.54   data arrival time

                  0.00   10.00   10.00   clock vco_in (rise edge)
                          0.00   10.00   clock network delay (ideal)
                          0.00   10.00   clock reconvergence pessimism
                                 10.00 ^ _2220_/CLK (sky130_fd_sc_hd__dfrtp_1)
                         -0.07    9.93   library setup time
                                  9.93   data required time
-----------------------------------------------------------------------------
                                  9.93   data required time
                                 -1.54   data arrival time
-----------------------------------------------------------------------------
                                  8.39   slack (MET)


Startpoint: _2212_ (rising edge-triggered flip-flop clocked by vco_in)
Endpoint: _2219_ (rising edge-triggered flip-flop clocked by vco_in)
Path Group: vco_in
Path Type: max

Fanout     Cap    Slew   Delay    Time   Description
-----------------------------------------------------------------------------
                  0.00    0.00    0.00   clock vco_in (rise edge)
                          0.00    0.00   clock network delay (ideal)
                  0.00    0.00    0.00 ^ _2212_/CLK (sky130_fd_sc_hd__dfrtp_1)
                  0.10    0.40    0.40 v _2212_/Q (sky130_fd_sc_hd__dfrtp_1)
     5    0.02                           d5.fll_core.counter1.count[0] (net)
                  0.10    0.00    0.40 v _1700_/C (sky130_fd_sc_hd__and3_1)
                  0.06    0.22    0.62 v _1700_/X (sky130_fd_sc_hd__and3_1)
     3    0.01                           _0751_ (net)
                  0.06    0.00    0.62 v _1703_/B (sky130_fd_sc_hd__and2_1)
                  0.07    0.20    0.82 v _1703_/X (sky130_fd_sc_hd__and2_1)
     4    0.01                           _0753_ (net)
                  0.07    0.00    0.82 v _1707_/C (sky130_fd_sc_hd__and3_1)
                  0.05    0.21    1.03 v _1707_/X (sky130_fd_sc_hd__and3_1)
     3    0.01                           _0755_ (net)
                  0.05    0.00    1.03 v _1710_/B (sky130_fd_sc_hd__and2_1)
                  0.08    0.20    1.23 v _1710_/X (sky130_fd_sc_hd__and2_1)
     4    0.01                           _0757_ (net)
                  0.08    0.00    1.23 v _1713_/B (sky130_fd_sc_hd__xnor2_1)
                  0.05    0.13    1.36 v _1713_/Y (sky130_fd_sc_hd__xnor2_1)
     1    0.00                           _0008_ (net)
                  0.05    0.00    1.36 v _2219_/D (sky130_fd_sc_hd__dfrtp_1)
                                  1.36   data arrival time

                  0.00   10.00   10.00   clock vco_in (rise edge)
                          0.00   10.00   clock network delay (ideal)
                          0.00   10.00   clock reconvergence pessimism
                                 10.00 ^ _2219_/CLK (sky130_fd_sc_hd__dfrtp_1)
                         -0.13    9.87   library setup time
                                  9.87   data required time
-----------------------------------------------------------------------------
                                  9.87   data required time
                                 -1.36   data arrival time
-----------------------------------------------------------------------------
                                  8.51   slack (MET)


Startpoint: _2212_ (rising edge-triggered flip-flop clocked by vco_in)
Endpoint: _2218_ (rising edge-triggered flip-flop clocked by vco_in)
Path Group: vco_in
Path Type: max

Fanout     Cap    Slew   Delay    Time   Description
-----------------------------------------------------------------------------
                  0.00    0.00    0.00   clock vco_in (rise edge)
                          0.00    0.00   clock network delay (ideal)
                  0.00    0.00    0.00 ^ _2212_/CLK (sky130_fd_sc_hd__dfrtp_1)
                  0.10    0.40    0.40 v _2212_/Q (sky130_fd_sc_hd__dfrtp_1)
     5    0.02                           d5.fll_core.counter1.count[0] (net)
                  0.10    0.00    0.40 v _1700_/C (sky130_fd_sc_hd__and3_1)
                  0.06    0.22    0.62 v _1700_/X (sky130_fd_sc_hd__and3_1)
     3    0.01                           _0751_ (net)
                  0.06    0.00    0.62 v _1703_/B (sky130_fd_sc_hd__and2_1)
                  0.07    0.20    0.82 v _1703_/X (sky130_fd_sc_hd__and2_1)
     4    0.01                           _0753_ (net)
                  0.07    0.00    0.82 v _1707_/C (sky130_fd_sc_hd__and3_1)
                  0.05    0.21    1.03 v _1707_/X (sky130_fd_sc_hd__and3_1)
     3    0.01                           _0755_ (net)
                  0.05    0.00    1.03 v _1710_/B (sky130_fd_sc_hd__and2_1)
                  0.08    0.20    1.23 v _1710_/X (sky130_fd_sc_hd__and2_1)
     4    0.01                           _0757_ (net)
                  0.08    0.00    1.23 v _1712_/A (sky130_fd_sc_hd__nor2_1)
                  0.07    0.10    1.33 ^ _1712_/Y (sky130_fd_sc_hd__nor2_1)
     1    0.00                           _0007_ (net)
                  0.07    0.00    1.33 ^ _2218_/D (sky130_fd_sc_hd__dfrtp_2)
                                  1.33   data arrival time

                  0.00   10.00   10.00   clock vco_in (rise edge)
                          0.00   10.00   clock network delay (ideal)
                          0.00   10.00   clock reconvergence pessimism
                                 10.00 ^ _2218_/CLK (sky130_fd_sc_hd__dfrtp_2)
                         -0.08    9.92   library setup time
                                  9.92   data required time
-----------------------------------------------------------------------------
                                  9.92   data required time
                                 -1.33   data arrival time
-----------------------------------------------------------------------------
                                  8.59   slack (MET)


Startpoint: _2212_ (rising edge-triggered flip-flop clocked by vco_in)
Endpoint: _2217_ (rising edge-triggered flip-flop clocked by vco_in)
Path Group: vco_in
Path Type: max

Fanout     Cap    Slew   Delay    Time   Description
-----------------------------------------------------------------------------
                  0.00    0.00    0.00   clock vco_in (rise edge)
                          0.00    0.00   clock network delay (ideal)
                  0.00    0.00    0.00 ^ _2212_/CLK (sky130_fd_sc_hd__dfrtp_1)
                  0.10    0.40    0.40 v _2212_/Q (sky130_fd_sc_hd__dfrtp_1)
     5    0.02                           d5.fll_core.counter1.count[0] (net)
                  0.10    0.00    0.40 v _1700_/C (sky130_fd_sc_hd__and3_1)
                  0.06    0.22    0.62 v _1700_/X (sky130_fd_sc_hd__and3_1)
     3    0.01                           _0751_ (net)
                  0.06    0.00    0.62 v _1703_/B (sky130_fd_sc_hd__and2_1)
                  0.07    0.20    0.82 v _1703_/X (sky130_fd_sc_hd__and2_1)
     4    0.01                           _0753_ (net)
                  0.07    0.00    0.82 v _1707_/C (sky130_fd_sc_hd__and3_1)
                  0.05    0.21    1.03 v _1707_/X (sky130_fd_sc_hd__and3_1)
     3    0.01                           _0755_ (net)
                  0.05    0.00    1.03 v _1709_/A (sky130_fd_sc_hd__nor2_1)
                  0.07    0.10    1.13 ^ _1709_/Y (sky130_fd_sc_hd__nor2_1)
     1    0.00                           _0006_ (net)
                  0.07    0.00    1.13 ^ _2217_/D (sky130_fd_sc_hd__dfrtp_1)
                                  1.13   data arrival time

                  0.00   10.00   10.00   clock vco_in (rise edge)
                          0.00   10.00   clock network delay (ideal)
                          0.00   10.00   clock reconvergence pessimism
                                 10.00 ^ _2217_/CLK (sky130_fd_sc_hd__dfrtp_1)
                         -0.07    9.93   library setup time
                                  9.93   data required time
-----------------------------------------------------------------------------
                                  9.93   data required time
                                 -1.13   data arrival time
-----------------------------------------------------------------------------
                                  8.80   slack (MET)


