
===========================================================================
report_checks -unconstrained
============================================================================
Startpoint: _596_ (rising edge-triggered flip-flop)
Endpoint: dac[2] (output port clocked by clk)
Path Group: clk
Path Type: max

Fanout     Cap    Slew   Delay    Time   Description
-----------------------------------------------------------------------------
                  0.13    0.00    0.00 ^ _596_/CLK (sky130_fd_sc_hd__dfrtp_4)
                  0.09    0.57    0.57 v _596_/Q (sky130_fd_sc_hd__dfrtp_4)
     2    0.03                           net46 (net)
                  0.09    0.00    0.57 v _606_/A (sky130_fd_sc_hd__clkbuf_1)
                  0.02    0.11    0.68 v _606_/X (sky130_fd_sc_hd__clkbuf_1)
     1    0.00                           net59 (net)
                  0.02    0.00    0.68 v output59/A (sky130_fd_sc_hd__buf_2)
                  0.09    0.18    0.86 v output59/X (sky130_fd_sc_hd__buf_2)
     1    0.03                           dac[2] (net)
                  0.09    0.00    0.86 v dac[2] (out)
                                  0.86   data arrival time

                  0.15   40.00   40.00   clock clk (rise edge)
                          0.00   40.00   clock network delay (ideal)
                         -0.25   39.75   clock uncertainty
                          0.00   39.75   clock reconvergence pessimism
                         -8.00   31.75   output external delay
                                 31.75   data required time
-----------------------------------------------------------------------------
                                 31.75   data required time
                                 -0.86   data arrival time
-----------------------------------------------------------------------------
                                 30.89   slack (MET)



===========================================================================
report_checks --slack_max -0.01
============================================================================
No paths found.
