
===========================================================================
report_checks -path_delay max (Setup)
============================================================================
Startpoint: reset (input port clocked by clk)
Endpoint: _1732_ (recovery check against rising-edge clock clk)
Path Group: **async_default**
Path Type: max

Fanout     Cap    Slew   Delay    Time   Description
-----------------------------------------------------------------------------
                          0.00    0.00   clock clk (rise edge)
                          0.00    0.00   clock network delay (propagated)
                         20.00   20.00 v input external delay
                  0.01    0.00   20.00 v reset (in)
     1    0.00                           reset (net)
                  0.01    0.00   20.00 v input103/A (sky130_fd_sc_hd__buf_2)
                  0.08    0.16   20.17 v input103/X (sky130_fd_sc_hd__buf_2)
     4    0.03                           net103 (net)
                  0.08    0.00   20.17 v _1395_/A (sky130_fd_sc_hd__clkbuf_2)
                  0.09    0.18   20.34 v _1395_/X (sky130_fd_sc_hd__clkbuf_2)
     5    0.02                           _0562_ (net)
                  0.09    0.00   20.34 v _1489_/A (sky130_fd_sc_hd__clkbuf_2)
                  0.10    0.19   20.53 v _1489_/X (sky130_fd_sc_hd__clkbuf_2)
     5    0.02                           _0581_ (net)
                  0.10    0.00   20.53 v _1502_/A (sky130_fd_sc_hd__buf_2)
                  0.09    0.22   20.75 v _1502_/X (sky130_fd_sc_hd__buf_2)
     5    0.04                           _0584_ (net)
                  0.09    0.00   20.75 v _1506_/A (sky130_fd_sc_hd__inv_2)
                  0.05    0.08   20.83 ^ _1506_/Y (sky130_fd_sc_hd__inv_2)
     1    0.01                           _0161_ (net)
                  0.05    0.00   20.83 ^ _1732_/RESET_B (sky130_fd_sc_hd__dfrtp_1)
                                 20.83   data arrival time

                        100.00  100.00   clock clk (rise edge)
                          0.00  100.00   clock source latency
                  0.12    0.08  100.08 ^ clk (in)
     1    0.03                           clk (net)
                  0.12    0.00  100.08 ^ clkbuf_0_clk/A (sky130_fd_sc_hd__clkbuf_16)
                  0.07    0.17  100.25 ^ clkbuf_0_clk/X (sky130_fd_sc_hd__clkbuf_16)
     8    0.06                           clknet_0_clk (net)
                  0.07    0.00  100.25 ^ clkbuf_3_6_0_clk/A (sky130_fd_sc_hd__clkbuf_2)
                  0.06    0.12  100.38 ^ clkbuf_3_6_0_clk/X (sky130_fd_sc_hd__clkbuf_2)
     2    0.01                           clknet_3_6_0_clk (net)
                  0.06    0.00  100.38 ^ clkbuf_4_12_0_clk/A (sky130_fd_sc_hd__clkbuf_2)
                  0.15    0.18  100.55 ^ clkbuf_4_12_0_clk/X (sky130_fd_sc_hd__clkbuf_2)
     8    0.03                           clknet_4_12_0_clk (net)
                  0.15    0.00  100.55 ^ _1732_/CLK (sky130_fd_sc_hd__dfrtp_1)
                         -0.25  100.30   clock uncertainty
                          0.00  100.30   clock reconvergence pessimism
                          0.26  100.56   library recovery time
                                100.56   data required time
-----------------------------------------------------------------------------
                                100.56   data required time
                                -20.83   data arrival time
-----------------------------------------------------------------------------
                                 79.73   slack (MET)


Startpoint: reset (input port clocked by clk)
Endpoint: _1731_ (recovery check against rising-edge clock clk)
Path Group: **async_default**
Path Type: max

Fanout     Cap    Slew   Delay    Time   Description
-----------------------------------------------------------------------------
                          0.00    0.00   clock clk (rise edge)
                          0.00    0.00   clock network delay (propagated)
                         20.00   20.00 v input external delay
                  0.01    0.00   20.00 v reset (in)
     1    0.00                           reset (net)
                  0.01    0.00   20.00 v input103/A (sky130_fd_sc_hd__buf_2)
                  0.08    0.16   20.17 v input103/X (sky130_fd_sc_hd__buf_2)
     4    0.03                           net103 (net)
                  0.08    0.00   20.17 v _1395_/A (sky130_fd_sc_hd__clkbuf_2)
                  0.09    0.18   20.34 v _1395_/X (sky130_fd_sc_hd__clkbuf_2)
     5    0.02                           _0562_ (net)
                  0.09    0.00   20.34 v _1489_/A (sky130_fd_sc_hd__clkbuf_2)
                  0.10    0.19   20.53 v _1489_/X (sky130_fd_sc_hd__clkbuf_2)
     5    0.02                           _0581_ (net)
                  0.10    0.00   20.53 v _1502_/A (sky130_fd_sc_hd__buf_2)
                  0.09    0.22   20.75 v _1502_/X (sky130_fd_sc_hd__buf_2)
     5    0.04                           _0584_ (net)
                  0.09    0.00   20.75 v _1505_/A (sky130_fd_sc_hd__inv_2)
                  0.04    0.07   20.81 ^ _1505_/Y (sky130_fd_sc_hd__inv_2)
     1    0.00                           _0160_ (net)
                  0.04    0.00   20.81 ^ _1731_/RESET_B (sky130_fd_sc_hd__dfrtp_2)
                                 20.81   data arrival time

                        100.00  100.00   clock clk (rise edge)
                          0.00  100.00   clock source latency
                  0.12    0.08  100.08 ^ clk (in)
     1    0.03                           clk (net)
                  0.12    0.00  100.08 ^ clkbuf_0_clk/A (sky130_fd_sc_hd__clkbuf_16)
                  0.07    0.17  100.25 ^ clkbuf_0_clk/X (sky130_fd_sc_hd__clkbuf_16)
     8    0.06                           clknet_0_clk (net)
                  0.07    0.00  100.25 ^ clkbuf_3_6_0_clk/A (sky130_fd_sc_hd__clkbuf_2)
                  0.06    0.12  100.38 ^ clkbuf_3_6_0_clk/X (sky130_fd_sc_hd__clkbuf_2)
     2    0.01                           clknet_3_6_0_clk (net)
                  0.06    0.00  100.38 ^ clkbuf_4_12_0_clk/A (sky130_fd_sc_hd__clkbuf_2)
                  0.15    0.18  100.55 ^ clkbuf_4_12_0_clk/X (sky130_fd_sc_hd__clkbuf_2)
     8    0.03                           clknet_4_12_0_clk (net)
                  0.15    0.00  100.55 ^ _1731_/CLK (sky130_fd_sc_hd__dfrtp_2)
                         -0.25  100.30   clock uncertainty
                          0.00  100.30   clock reconvergence pessimism
                          0.25  100.56   library recovery time
                                100.56   data required time
-----------------------------------------------------------------------------
                                100.56   data required time
                                -20.81   data arrival time
-----------------------------------------------------------------------------
                                 79.74   slack (MET)


Startpoint: reset (input port clocked by clk)
Endpoint: _1696_ (recovery check against rising-edge clock clk)
Path Group: **async_default**
Path Type: max

Fanout     Cap    Slew   Delay    Time   Description
-----------------------------------------------------------------------------
                          0.00    0.00   clock clk (rise edge)
                          0.00    0.00   clock network delay (propagated)
                         20.00   20.00 v input external delay
                  0.01    0.00   20.00 v reset (in)
     1    0.00                           reset (net)
                  0.01    0.00   20.00 v input103/A (sky130_fd_sc_hd__buf_2)
                  0.08    0.16   20.17 v input103/X (sky130_fd_sc_hd__buf_2)
     4    0.03                           net103 (net)
                  0.08    0.00   20.17 v _1395_/A (sky130_fd_sc_hd__clkbuf_2)
                  0.09    0.18   20.34 v _1395_/X (sky130_fd_sc_hd__clkbuf_2)
     5    0.02                           _0562_ (net)
                  0.09    0.00   20.34 v _1458_/A (sky130_fd_sc_hd__clkbuf_2)
                  0.09    0.19   20.53 v _1458_/X (sky130_fd_sc_hd__clkbuf_2)
     5    0.02                           _0575_ (net)
                  0.09    0.00   20.53 v _1459_/A (sky130_fd_sc_hd__buf_2)
                  0.08    0.20   20.73 v _1459_/X (sky130_fd_sc_hd__buf_2)
     5    0.03                           _0576_ (net)
                  0.08    0.00   20.74 v _1462_/A (sky130_fd_sc_hd__inv_2)
                  0.05    0.08   20.81 ^ _1462_/Y (sky130_fd_sc_hd__inv_2)
     1    0.01                           _0125_ (net)
                  0.05    0.00   20.81 ^ _1696_/RESET_B (sky130_fd_sc_hd__dfrtp_2)
                                 20.81   data arrival time

                        100.00  100.00   clock clk (rise edge)
                          0.00  100.00   clock source latency
                  0.12    0.08  100.08 ^ clk (in)
     1    0.03                           clk (net)
                  0.12    0.00  100.08 ^ clkbuf_0_clk/A (sky130_fd_sc_hd__clkbuf_16)
                  0.07    0.17  100.25 ^ clkbuf_0_clk/X (sky130_fd_sc_hd__clkbuf_16)
     8    0.06                           clknet_0_clk (net)
                  0.07    0.00  100.25 ^ clkbuf_3_3_0_clk/A (sky130_fd_sc_hd__clkbuf_2)
                  0.06    0.12  100.37 ^ clkbuf_3_3_0_clk/X (sky130_fd_sc_hd__clkbuf_2)
     2    0.01                           clknet_3_3_0_clk (net)
                  0.06    0.00  100.37 ^ clkbuf_4_6_0_clk/A (sky130_fd_sc_hd__clkbuf_2)
                  0.16    0.18  100.55 ^ clkbuf_4_6_0_clk/X (sky130_fd_sc_hd__clkbuf_2)
     9    0.03                           clknet_4_6_0_clk (net)
                  0.16    0.00  100.55 ^ _1696_/CLK (sky130_fd_sc_hd__dfrtp_2)
                         -0.25  100.30   clock uncertainty
                          0.00  100.30   clock reconvergence pessimism
                          0.25  100.56   library recovery time
                                100.56   data required time
-----------------------------------------------------------------------------
                                100.56   data required time
                                -20.81   data arrival time
-----------------------------------------------------------------------------
                                 79.74   slack (MET)


Startpoint: reset (input port clocked by clk)
Endpoint: _1733_ (recovery check against rising-edge clock clk)
Path Group: **async_default**
Path Type: max

Fanout     Cap    Slew   Delay    Time   Description
-----------------------------------------------------------------------------
                          0.00    0.00   clock clk (rise edge)
                          0.00    0.00   clock network delay (propagated)
                         20.00   20.00 v input external delay
                  0.01    0.00   20.00 v reset (in)
     1    0.00                           reset (net)
                  0.01    0.00   20.00 v input103/A (sky130_fd_sc_hd__buf_2)
                  0.08    0.16   20.17 v input103/X (sky130_fd_sc_hd__buf_2)
     4    0.03                           net103 (net)
                  0.08    0.00   20.17 v _1395_/A (sky130_fd_sc_hd__clkbuf_2)
                  0.09    0.18   20.34 v _1395_/X (sky130_fd_sc_hd__clkbuf_2)
     5    0.02                           _0562_ (net)
                  0.09    0.00   20.34 v _1489_/A (sky130_fd_sc_hd__clkbuf_2)
                  0.10    0.19   20.53 v _1489_/X (sky130_fd_sc_hd__clkbuf_2)
     5    0.02                           _0581_ (net)
                  0.10    0.00   20.53 v _1502_/A (sky130_fd_sc_hd__buf_2)
                  0.09    0.22   20.75 v _1502_/X (sky130_fd_sc_hd__buf_2)
     5    0.04                           _0584_ (net)
                  0.09    0.00   20.75 v _1507_/A (sky130_fd_sc_hd__inv_2)
                  0.04    0.07   20.82 ^ _1507_/Y (sky130_fd_sc_hd__inv_2)
     1    0.00                           _0162_ (net)
                  0.04    0.00   20.82 ^ _1733_/RESET_B (sky130_fd_sc_hd__dfrtp_1)
                                 20.82   data arrival time

                        100.00  100.00   clock clk (rise edge)
                          0.00  100.00   clock source latency
                  0.12    0.08  100.08 ^ clk (in)
     1    0.03                           clk (net)
                  0.12    0.00  100.08 ^ clkbuf_0_clk/A (sky130_fd_sc_hd__clkbuf_16)
                  0.07    0.17  100.25 ^ clkbuf_0_clk/X (sky130_fd_sc_hd__clkbuf_16)
     8    0.06                           clknet_0_clk (net)
                  0.07    0.00  100.25 ^ clkbuf_3_1_0_clk/A (sky130_fd_sc_hd__clkbuf_2)
                  0.05    0.11  100.37 ^ clkbuf_3_1_0_clk/X (sky130_fd_sc_hd__clkbuf_2)
     2    0.01                           clknet_3_1_0_clk (net)
                  0.05    0.00  100.37 ^ clkbuf_4_3_0_clk/A (sky130_fd_sc_hd__clkbuf_2)
                  0.16    0.18  100.55 ^ clkbuf_4_3_0_clk/X (sky130_fd_sc_hd__clkbuf_2)
     9    0.03                           clknet_4_3_0_clk (net)
                  0.16    0.00  100.55 ^ _1733_/CLK (sky130_fd_sc_hd__dfrtp_1)
                         -0.25  100.30   clock uncertainty
                          0.00  100.30   clock reconvergence pessimism
                          0.27  100.56   library recovery time
                                100.56   data required time
-----------------------------------------------------------------------------
                                100.56   data required time
                                -20.82   data arrival time
-----------------------------------------------------------------------------
                                 79.75   slack (MET)


Startpoint: reset (input port clocked by clk)
Endpoint: _1735_ (recovery check against rising-edge clock clk)
Path Group: **async_default**
Path Type: max

Fanout     Cap    Slew   Delay    Time   Description
-----------------------------------------------------------------------------
                          0.00    0.00   clock clk (rise edge)
                          0.00    0.00   clock network delay (propagated)
                         20.00   20.00 v input external delay
                  0.01    0.00   20.00 v reset (in)
     1    0.00                           reset (net)
                  0.01    0.00   20.00 v input103/A (sky130_fd_sc_hd__buf_2)
                  0.08    0.16   20.17 v input103/X (sky130_fd_sc_hd__buf_2)
     4    0.03                           net103 (net)
                  0.08    0.00   20.17 v _1395_/A (sky130_fd_sc_hd__clkbuf_2)
                  0.09    0.18   20.34 v _1395_/X (sky130_fd_sc_hd__clkbuf_2)
     5    0.02                           _0562_ (net)
                  0.09    0.00   20.34 v _1489_/A (sky130_fd_sc_hd__clkbuf_2)
                  0.10    0.19   20.53 v _1489_/X (sky130_fd_sc_hd__clkbuf_2)
     5    0.02                           _0581_ (net)
                  0.10    0.00   20.53 v _1508_/A (sky130_fd_sc_hd__buf_2)
                  0.08    0.21   20.74 v _1508_/X (sky130_fd_sc_hd__buf_2)
     5    0.03                           _0585_ (net)
                  0.08    0.00   20.74 v _1510_/A (sky130_fd_sc_hd__inv_2)
                  0.04    0.06   20.80 ^ _1510_/Y (sky130_fd_sc_hd__inv_2)
     1    0.00                           _0164_ (net)
                  0.04    0.00   20.80 ^ _1735_/RESET_B (sky130_fd_sc_hd__dfrtp_4)
                                 20.80   data arrival time

                        100.00  100.00   clock clk (rise edge)
                          0.00  100.00   clock source latency
                  0.12    0.08  100.08 ^ clk (in)
     1    0.03                           clk (net)
                  0.12    0.00  100.08 ^ clkbuf_0_clk/A (sky130_fd_sc_hd__clkbuf_16)
                  0.07    0.17  100.25 ^ clkbuf_0_clk/X (sky130_fd_sc_hd__clkbuf_16)
     8    0.06                           clknet_0_clk (net)
                  0.07    0.00  100.25 ^ clkbuf_3_1_0_clk/A (sky130_fd_sc_hd__clkbuf_2)
                  0.05    0.11  100.37 ^ clkbuf_3_1_0_clk/X (sky130_fd_sc_hd__clkbuf_2)
     2    0.01                           clknet_3_1_0_clk (net)
                  0.05    0.00  100.37 ^ clkbuf_4_3_0_clk/A (sky130_fd_sc_hd__clkbuf_2)
                  0.16    0.18  100.55 ^ clkbuf_4_3_0_clk/X (sky130_fd_sc_hd__clkbuf_2)
     9    0.03                           clknet_4_3_0_clk (net)
                  0.16    0.00  100.55 ^ _1735_/CLK (sky130_fd_sc_hd__dfrtp_4)
                         -0.25  100.30   clock uncertainty
                          0.00  100.30   clock reconvergence pessimism
                          0.26  100.55   library recovery time
                                100.55   data required time
-----------------------------------------------------------------------------
                                100.55   data required time
                                -20.80   data arrival time
-----------------------------------------------------------------------------
                                 79.75   slack (MET)


Startpoint: _1717_ (rising edge-triggered flip-flop clocked by clk)
Endpoint: r_load[73] (output port clocked by clk)
Path Group: clk
Path Type: max

Fanout     Cap    Slew   Delay    Time   Description
-----------------------------------------------------------------------------
                          0.00    0.00   clock clk (rise edge)
                          0.00    0.00   clock source latency
                  0.12    0.09    0.09 ^ clk (in)
     1    0.03                           clk (net)
                  0.12    0.00    0.09 ^ clkbuf_0_clk/A (sky130_fd_sc_hd__clkbuf_16)
                  0.07    0.19    0.28 ^ clkbuf_0_clk/X (sky130_fd_sc_hd__clkbuf_16)
     8    0.06                           clknet_0_clk (net)
                  0.07    0.00    0.28 ^ clkbuf_3_2_0_clk/A (sky130_fd_sc_hd__clkbuf_2)
                  0.05    0.13    0.41 ^ clkbuf_3_2_0_clk/X (sky130_fd_sc_hd__clkbuf_2)
     2    0.01                           clknet_3_2_0_clk (net)
                  0.05    0.00    0.41 ^ clkbuf_4_5_0_clk/A (sky130_fd_sc_hd__clkbuf_2)
                  0.32    0.32    0.72 ^ clkbuf_4_5_0_clk/X (sky130_fd_sc_hd__clkbuf_2)
    18    0.06                           clknet_4_5_0_clk (net)
                  0.32    0.00    0.72 ^ _1717_/CLK (sky130_fd_sc_hd__dfrtp_4)
                  0.09    0.63    1.35 v _1717_/Q (sky130_fd_sc_hd__dfrtp_4)
     2    0.03                           net175 (net)
                  0.09    0.00    1.36 v output175/A (sky130_fd_sc_hd__buf_2)
                  0.09    0.21    1.57 v output175/X (sky130_fd_sc_hd__buf_2)
     1    0.03                           r_load[73] (net)
                  0.09    0.00    1.57 v r_load[73] (out)
                                  1.57   data arrival time

                        100.00  100.00   clock clk (rise edge)
                          0.00  100.00   clock network delay (propagated)
                         -0.25   99.75   clock uncertainty
                          0.00   99.75   clock reconvergence pessimism
                        -20.00   79.75   output external delay
                                 79.75   data required time
-----------------------------------------------------------------------------
                                 79.75   data required time
                                 -1.57   data arrival time
-----------------------------------------------------------------------------
                                 78.18   slack (MET)


Startpoint: _1690_ (rising edge-triggered flip-flop clocked by clk)
Endpoint: r_load[46] (output port clocked by clk)
Path Group: clk
Path Type: max

Fanout     Cap    Slew   Delay    Time   Description
-----------------------------------------------------------------------------
                          0.00    0.00   clock clk (rise edge)
                          0.00    0.00   clock source latency
                  0.12    0.09    0.09 ^ clk (in)
     1    0.03                           clk (net)
                  0.12    0.00    0.09 ^ clkbuf_0_clk/A (sky130_fd_sc_hd__clkbuf_16)
                  0.07    0.19    0.28 ^ clkbuf_0_clk/X (sky130_fd_sc_hd__clkbuf_16)
     8    0.06                           clknet_0_clk (net)
                  0.07    0.00    0.28 ^ clkbuf_3_1_0_clk/A (sky130_fd_sc_hd__clkbuf_2)
                  0.05    0.13    0.41 ^ clkbuf_3_1_0_clk/X (sky130_fd_sc_hd__clkbuf_2)
     2    0.01                           clknet_3_1_0_clk (net)
                  0.05    0.00    0.41 ^ clkbuf_4_2_0_clk/A (sky130_fd_sc_hd__clkbuf_2)
                  0.31    0.31    0.71 ^ clkbuf_4_2_0_clk/X (sky130_fd_sc_hd__clkbuf_2)
    16    0.06                           clknet_4_2_0_clk (net)
                  0.31    0.00    0.71 ^ _1690_/CLK (sky130_fd_sc_hd__dfrtp_4)
                  0.10    0.63    1.34 v _1690_/Q (sky130_fd_sc_hd__dfrtp_4)
     2    0.03                           net145 (net)
                  0.10    0.00    1.35 v output145/A (sky130_fd_sc_hd__buf_2)
                  0.09    0.22    1.56 v output145/X (sky130_fd_sc_hd__buf_2)
     1    0.03                           r_load[46] (net)
                  0.09    0.00    1.56 v r_load[46] (out)
                                  1.56   data arrival time

                        100.00  100.00   clock clk (rise edge)
                          0.00  100.00   clock network delay (propagated)
                         -0.25   99.75   clock uncertainty
                          0.00   99.75   clock reconvergence pessimism
                        -20.00   79.75   output external delay
                                 79.75   data required time
-----------------------------------------------------------------------------
                                 79.75   data required time
                                 -1.56   data arrival time
-----------------------------------------------------------------------------
                                 78.19   slack (MET)


Startpoint: _1685_ (rising edge-triggered flip-flop clocked by clk)
Endpoint: r_load[41] (output port clocked by clk)
Path Group: clk
Path Type: max

Fanout     Cap    Slew   Delay    Time   Description
-----------------------------------------------------------------------------
                          0.00    0.00   clock clk (rise edge)
                          0.00    0.00   clock source latency
                  0.12    0.09    0.09 ^ clk (in)
     1    0.03                           clk (net)
                  0.12    0.00    0.09 ^ clkbuf_0_clk/A (sky130_fd_sc_hd__clkbuf_16)
                  0.07    0.19    0.28 ^ clkbuf_0_clk/X (sky130_fd_sc_hd__clkbuf_16)
     8    0.06                           clknet_0_clk (net)
                  0.07    0.00    0.28 ^ clkbuf_3_4_0_clk/A (sky130_fd_sc_hd__clkbuf_2)
                  0.07    0.14    0.42 ^ clkbuf_3_4_0_clk/X (sky130_fd_sc_hd__clkbuf_2)
     2    0.01                           clknet_3_4_0_clk (net)
                  0.07    0.00    0.42 ^ clkbuf_4_8_0_clk/A (sky130_fd_sc_hd__clkbuf_2)
                  0.28    0.29    0.71 ^ clkbuf_4_8_0_clk/X (sky130_fd_sc_hd__clkbuf_2)
    15    0.05                           clknet_4_8_0_clk (net)
                  0.28    0.00    0.71 ^ _1685_/CLK (sky130_fd_sc_hd__dfrtp_4)
                  0.10    0.63    1.34 v _1685_/Q (sky130_fd_sc_hd__dfrtp_4)
     2    0.03                           net140 (net)
                  0.10    0.00    1.34 v output140/A (sky130_fd_sc_hd__buf_2)
                  0.09    0.22    1.56 v output140/X (sky130_fd_sc_hd__buf_2)
     1    0.03                           r_load[41] (net)
                  0.09    0.00    1.56 v r_load[41] (out)
                                  1.56   data arrival time

                        100.00  100.00   clock clk (rise edge)
                          0.00  100.00   clock network delay (propagated)
                         -0.25   99.75   clock uncertainty
                          0.00   99.75   clock reconvergence pessimism
                        -20.00   79.75   output external delay
                                 79.75   data required time
-----------------------------------------------------------------------------
                                 79.75   data required time
                                 -1.56   data arrival time
-----------------------------------------------------------------------------
                                 78.19   slack (MET)


Startpoint: _1688_ (rising edge-triggered flip-flop clocked by clk)
Endpoint: r_load[44] (output port clocked by clk)
Path Group: clk
Path Type: max

Fanout     Cap    Slew   Delay    Time   Description
-----------------------------------------------------------------------------
                          0.00    0.00   clock clk (rise edge)
                          0.00    0.00   clock source latency
                  0.12    0.09    0.09 ^ clk (in)
     1    0.03                           clk (net)
                  0.12    0.00    0.09 ^ clkbuf_0_clk/A (sky130_fd_sc_hd__clkbuf_16)
                  0.07    0.19    0.28 ^ clkbuf_0_clk/X (sky130_fd_sc_hd__clkbuf_16)
     8    0.06                           clknet_0_clk (net)
                  0.07    0.00    0.28 ^ clkbuf_3_1_0_clk/A (sky130_fd_sc_hd__clkbuf_2)
                  0.05    0.13    0.41 ^ clkbuf_3_1_0_clk/X (sky130_fd_sc_hd__clkbuf_2)
     2    0.01                           clknet_3_1_0_clk (net)
                  0.05    0.00    0.41 ^ clkbuf_4_2_0_clk/A (sky130_fd_sc_hd__clkbuf_2)
                  0.31    0.31    0.71 ^ clkbuf_4_2_0_clk/X (sky130_fd_sc_hd__clkbuf_2)
    16    0.06                           clknet_4_2_0_clk (net)
                  0.31    0.00    0.71 ^ _1688_/CLK (sky130_fd_sc_hd__dfrtp_4)
                  0.09    0.62    1.34 v _1688_/Q (sky130_fd_sc_hd__dfrtp_4)
     2    0.03                           net143 (net)
                  0.09    0.00    1.34 v output143/A (sky130_fd_sc_hd__buf_2)
                  0.09    0.22    1.56 v output143/X (sky130_fd_sc_hd__buf_2)
     1    0.03                           r_load[44] (net)
                  0.09    0.00    1.56 v r_load[44] (out)
                                  1.56   data arrival time

                        100.00  100.00   clock clk (rise edge)
                          0.00  100.00   clock network delay (propagated)
                         -0.25   99.75   clock uncertainty
                          0.00   99.75   clock reconvergence pessimism
                        -20.00   79.75   output external delay
                                 79.75   data required time
-----------------------------------------------------------------------------
                                 79.75   data required time
                                 -1.56   data arrival time
-----------------------------------------------------------------------------
                                 78.19   slack (MET)


Startpoint: _1718_ (rising edge-triggered flip-flop clocked by clk)
Endpoint: r_load[74] (output port clocked by clk)
Path Group: clk
Path Type: max

Fanout     Cap    Slew   Delay    Time   Description
-----------------------------------------------------------------------------
                          0.00    0.00   clock clk (rise edge)
                          0.00    0.00   clock source latency
                  0.12    0.09    0.09 ^ clk (in)
     1    0.03                           clk (net)
                  0.12    0.00    0.09 ^ clkbuf_0_clk/A (sky130_fd_sc_hd__clkbuf_16)
                  0.07    0.19    0.28 ^ clkbuf_0_clk/X (sky130_fd_sc_hd__clkbuf_16)
     8    0.06                           clknet_0_clk (net)
                  0.07    0.00    0.28 ^ clkbuf_3_2_0_clk/A (sky130_fd_sc_hd__clkbuf_2)
                  0.05    0.13    0.41 ^ clkbuf_3_2_0_clk/X (sky130_fd_sc_hd__clkbuf_2)
     2    0.01                           clknet_3_2_0_clk (net)
                  0.05    0.00    0.41 ^ clkbuf_4_5_0_clk/A (sky130_fd_sc_hd__clkbuf_2)
                  0.32    0.32    0.72 ^ clkbuf_4_5_0_clk/X (sky130_fd_sc_hd__clkbuf_2)
    18    0.06                           clknet_4_5_0_clk (net)
                  0.32    0.00    0.72 ^ _1718_/CLK (sky130_fd_sc_hd__dfrtp_4)
                  0.09    0.62    1.34 v _1718_/Q (sky130_fd_sc_hd__dfrtp_4)
     2    0.02                           net176 (net)
                  0.09    0.00    1.34 v output176/A (sky130_fd_sc_hd__buf_2)
                  0.09    0.21    1.55 v output176/X (sky130_fd_sc_hd__buf_2)
     1    0.03                           r_load[74] (net)
                  0.09    0.00    1.55 v r_load[74] (out)
                                  1.55   data arrival time

                        100.00  100.00   clock clk (rise edge)
                          0.00  100.00   clock network delay (propagated)
                         -0.25   99.75   clock uncertainty
                          0.00   99.75   clock reconvergence pessimism
                        -20.00   79.75   output external delay
                                 79.75   data required time
-----------------------------------------------------------------------------
                                 79.75   data required time
                                 -1.55   data arrival time
-----------------------------------------------------------------------------
                                 78.20   slack (MET)


