
===========================================================================
 report_power
============================================================================


======================= Slowest Corner =================================

Group                  Internal  Switching    Leakage      Total
                          Power      Power      Power      Power (Watts)
----------------------------------------------------------------
Sequential             1.10e-05   2.65e-06   8.02e-07   1.44e-05  34.5%
Combinational          1.33e-05   1.24e-05   1.62e-06   2.73e-05  65.5%
Macro                  0.00e+00   0.00e+00   0.00e+00   0.00e+00   0.0%
Pad                    0.00e+00   0.00e+00   0.00e+00   0.00e+00   0.0%
----------------------------------------------------------------
Total                  2.43e-05   1.51e-05   2.42e-06   4.18e-05 100.0%
                          58.1%      36.1%       5.8%

======================= Typical Corner ===================================

Group                  Internal  Switching    Leakage      Total
                          Power      Power      Power      Power (Watts)
----------------------------------------------------------------
Sequential             1.43e-05   3.39e-06   4.81e-10   1.76e-05  35.4%
Combinational          1.62e-05   1.60e-05   2.94e-09   3.23e-05  64.6%
Macro                  0.00e+00   0.00e+00   0.00e+00   0.00e+00   0.0%
Pad                    0.00e+00   0.00e+00   0.00e+00   0.00e+00   0.0%
----------------------------------------------------------------
Total                  3.05e-05   1.94e-05   3.42e-09   4.99e-05 100.0%
                          61.1%      38.9%       0.0%


======================= Fastest Corner =================================

Group                  Internal  Switching    Leakage      Total
                          Power      Power      Power      Power (Watts)
----------------------------------------------------------------
Sequential             1.65e-05   4.02e-06   6.40e-10   2.05e-05  35.6%
Combinational          1.81e-05   1.90e-05   3.65e-09   3.71e-05  64.4%
Macro                  0.00e+00   0.00e+00   0.00e+00   0.00e+00   0.0%
Pad                    0.00e+00   0.00e+00   0.00e+00   0.00e+00   0.0%
----------------------------------------------------------------
Total                  3.46e-05   2.30e-05   4.29e-09   5.76e-05 100.0%
                          60.0%      40.0%       0.0%
