
===========================================================================
 report_clock_skew
============================================================================

======================== Slowest Corner ==================================

Clock clk
Latency      CRPR       Skew
_622_/CLK ^
   8.38
_603_/CLK ^
   0.54      0.00       7.85


======================= Typical Corner ===================================

Clock clk
Latency      CRPR       Skew
_622_/CLK ^
   8.24
_603_/CLK ^
   0.31      0.00       7.93


======================= Fastest Corner ===================================

Clock clk
Latency      CRPR       Skew
_622_/CLK ^
   8.17
_603_/CLK ^
   0.21      0.00       7.96

