
===========================================================================
report_checks -path_delay min (Hold)
============================================================================
Startpoint: _571_ (rising edge-triggered flip-flop clocked by clk)
Endpoint: _571_ (rising edge-triggered flip-flop clocked by clk)
Path Group: clk
Path Type: min

Fanout     Cap    Slew   Delay    Time   Description
-----------------------------------------------------------------------------
                          0.00    0.00   clock clk (rise edge)
                          0.00    0.00   clock source latency
                  0.06    0.04    0.04 ^ clk (in)
     1    0.01                           clk (net)
                  0.06    0.00    0.04 ^ clkbuf_0_clk/A (sky130_fd_sc_hd__clkbuf_16)
                  0.03    0.11    0.15 ^ clkbuf_0_clk/X (sky130_fd_sc_hd__clkbuf_16)
     2    0.01                           clknet_0_clk (net)
                  0.03    0.00    0.15 ^ clkbuf_1_1_0_clk/A (sky130_fd_sc_hd__clkbuf_2)
                  0.09    0.13    0.28 ^ clkbuf_1_1_0_clk/X (sky130_fd_sc_hd__clkbuf_2)
     5    0.02                           clknet_1_1_0_clk (net)
                  0.09    0.00    0.28 ^ _571_/CLK (sky130_fd_sc_hd__dfrtp_1)
                  0.16    0.40    0.68 ^ _571_/Q (sky130_fd_sc_hd__dfrtp_1)
     4    0.02                           fll_core.counter1.count[0] (net)
                  0.16    0.00    0.68 ^ _314_/A (sky130_fd_sc_hd__inv_2)
                  0.05    0.06    0.74 v _314_/Y (sky130_fd_sc_hd__inv_2)
     3    0.01                           _001_ (net)
                  0.05    0.00    0.74 v _571_/D (sky130_fd_sc_hd__dfrtp_1)
                                  0.74   data arrival time

                          0.00    0.00   clock clk (rise edge)
                          0.00    0.00   clock source latency
                  0.06    0.04    0.04 ^ clk (in)
     1    0.01                           clk (net)
                  0.06    0.00    0.04 ^ clkbuf_0_clk/A (sky130_fd_sc_hd__clkbuf_16)
                  0.03    0.13    0.17 ^ clkbuf_0_clk/X (sky130_fd_sc_hd__clkbuf_16)
     2    0.01                           clknet_0_clk (net)
                  0.03    0.00    0.17 ^ clkbuf_1_1_0_clk/A (sky130_fd_sc_hd__clkbuf_2)
                  0.09    0.14    0.31 ^ clkbuf_1_1_0_clk/X (sky130_fd_sc_hd__clkbuf_2)
     5    0.02                           clknet_1_1_0_clk (net)
                  0.09    0.00    0.31 ^ _571_/CLK (sky130_fd_sc_hd__dfrtp_1)
                          0.25    0.56   clock uncertainty
                         -0.03    0.53   clock reconvergence pessimism
                         -0.04    0.49   library hold time
                                  0.49   data required time
-----------------------------------------------------------------------------
                                  0.49   data required time
                                 -0.74   data arrival time
-----------------------------------------------------------------------------
                                  0.25   slack (MET)


Startpoint: _571_ (rising edge-triggered flip-flop clocked by clk)
Endpoint: _572_ (rising edge-triggered flip-flop clocked by clk)
Path Group: clk
Path Type: min

Fanout     Cap    Slew   Delay    Time   Description
-----------------------------------------------------------------------------
                          0.00    0.00   clock clk (rise edge)
                          0.00    0.00   clock source latency
                  0.06    0.04    0.04 ^ clk (in)
     1    0.01                           clk (net)
                  0.06    0.00    0.04 ^ clkbuf_0_clk/A (sky130_fd_sc_hd__clkbuf_16)
                  0.03    0.11    0.15 ^ clkbuf_0_clk/X (sky130_fd_sc_hd__clkbuf_16)
     2    0.01                           clknet_0_clk (net)
                  0.03    0.00    0.15 ^ clkbuf_1_1_0_clk/A (sky130_fd_sc_hd__clkbuf_2)
                  0.09    0.13    0.28 ^ clkbuf_1_1_0_clk/X (sky130_fd_sc_hd__clkbuf_2)
     5    0.02                           clknet_1_1_0_clk (net)
                  0.09    0.00    0.28 ^ _571_/CLK (sky130_fd_sc_hd__dfrtp_1)
                  0.16    0.40    0.68 ^ _571_/Q (sky130_fd_sc_hd__dfrtp_1)
     4    0.02                           fll_core.counter1.count[0] (net)
                  0.16    0.00    0.68 ^ _496_/B (sky130_fd_sc_hd__xor2_1)
                  0.04    0.08    0.76 v _496_/X (sky130_fd_sc_hd__xor2_1)
     1    0.00                           _002_ (net)
                  0.04    0.00    0.76 v _572_/D (sky130_fd_sc_hd__dfrtp_1)
                                  0.76   data arrival time

                          0.00    0.00   clock clk (rise edge)
                          0.00    0.00   clock source latency
                  0.06    0.04    0.04 ^ clk (in)
     1    0.01                           clk (net)
                  0.06    0.00    0.04 ^ clkbuf_0_clk/A (sky130_fd_sc_hd__clkbuf_16)
                  0.03    0.13    0.17 ^ clkbuf_0_clk/X (sky130_fd_sc_hd__clkbuf_16)
     2    0.01                           clknet_0_clk (net)
                  0.03    0.00    0.17 ^ clkbuf_1_1_0_clk/A (sky130_fd_sc_hd__clkbuf_2)
                  0.09    0.14    0.31 ^ clkbuf_1_1_0_clk/X (sky130_fd_sc_hd__clkbuf_2)
     5    0.02                           clknet_1_1_0_clk (net)
                  0.09    0.00    0.31 ^ _572_/CLK (sky130_fd_sc_hd__dfrtp_1)
                          0.25    0.56   clock uncertainty
                         -0.03    0.53   clock reconvergence pessimism
                         -0.03    0.50   library hold time
                                  0.50   data required time
-----------------------------------------------------------------------------
                                  0.50   data required time
                                 -0.76   data arrival time
-----------------------------------------------------------------------------
                                  0.26   slack (MET)


Startpoint: _580_ (rising edge-triggered flip-flop clocked by clk)
Endpoint: _580_ (rising edge-triggered flip-flop clocked by clk)
Path Group: clk
Path Type: min

Fanout     Cap    Slew   Delay    Time   Description
-----------------------------------------------------------------------------
                          0.00    0.00   clock clk (rise edge)
                          0.00    0.00   clock source latency
                  0.06    0.04    0.04 ^ clk (in)
     1    0.01                           clk (net)
                  0.06    0.00    0.04 ^ clkbuf_0_clk/A (sky130_fd_sc_hd__clkbuf_16)
                  0.03    0.11    0.15 ^ clkbuf_0_clk/X (sky130_fd_sc_hd__clkbuf_16)
     2    0.01                           clknet_0_clk (net)
                  0.03    0.00    0.15 ^ clkbuf_1_0_0_clk/A (sky130_fd_sc_hd__clkbuf_2)
                  0.09    0.13    0.28 ^ clkbuf_1_0_0_clk/X (sky130_fd_sc_hd__clkbuf_2)
     5    0.02                           clknet_1_0_0_clk (net)
                  0.09    0.00    0.28 ^ _580_/CLK (sky130_fd_sc_hd__dfrtp_1)
                  0.17    0.41    0.69 ^ _580_/Q (sky130_fd_sc_hd__dfrtp_1)
     5    0.02                           fll_core.counter1.count[9] (net)
                  0.17    0.00    0.69 ^ _476_/A (sky130_fd_sc_hd__xor2_1)
                  0.04    0.09    0.78 v _476_/X (sky130_fd_sc_hd__xor2_1)
     1    0.00                           _010_ (net)
                  0.04    0.00    0.78 v _580_/D (sky130_fd_sc_hd__dfrtp_1)
                                  0.78   data arrival time

                          0.00    0.00   clock clk (rise edge)
                          0.00    0.00   clock source latency
                  0.06    0.04    0.04 ^ clk (in)
     1    0.01                           clk (net)
                  0.06    0.00    0.04 ^ clkbuf_0_clk/A (sky130_fd_sc_hd__clkbuf_16)
                  0.03    0.13    0.17 ^ clkbuf_0_clk/X (sky130_fd_sc_hd__clkbuf_16)
     2    0.01                           clknet_0_clk (net)
                  0.03    0.00    0.17 ^ clkbuf_1_0_0_clk/A (sky130_fd_sc_hd__clkbuf_2)
                  0.09    0.14    0.31 ^ clkbuf_1_0_0_clk/X (sky130_fd_sc_hd__clkbuf_2)
     5    0.02                           clknet_1_0_0_clk (net)
                  0.09    0.00    0.31 ^ _580_/CLK (sky130_fd_sc_hd__dfrtp_1)
                          0.25    0.56   clock uncertainty
                         -0.03    0.53   clock reconvergence pessimism
                         -0.03    0.50   library hold time
                                  0.50   data required time
-----------------------------------------------------------------------------
                                  0.50   data required time
                                 -0.78   data arrival time
-----------------------------------------------------------------------------
                                  0.28   slack (MET)


Startpoint: _573_ (rising edge-triggered flip-flop clocked by clk)
Endpoint: _573_ (rising edge-triggered flip-flop clocked by clk)
Path Group: clk
Path Type: min

Fanout     Cap    Slew   Delay    Time   Description
-----------------------------------------------------------------------------
                          0.00    0.00   clock clk (rise edge)
                          0.00    0.00   clock source latency
                  0.06    0.04    0.04 ^ clk (in)
     1    0.01                           clk (net)
                  0.06    0.00    0.04 ^ clkbuf_0_clk/A (sky130_fd_sc_hd__clkbuf_16)
                  0.03    0.11    0.15 ^ clkbuf_0_clk/X (sky130_fd_sc_hd__clkbuf_16)
     2    0.01                           clknet_0_clk (net)
                  0.03    0.00    0.15 ^ clkbuf_1_1_0_clk/A (sky130_fd_sc_hd__clkbuf_2)
                  0.09    0.13    0.28 ^ clkbuf_1_1_0_clk/X (sky130_fd_sc_hd__clkbuf_2)
     5    0.02                           clknet_1_1_0_clk (net)
                  0.09    0.00    0.28 ^ _573_/CLK (sky130_fd_sc_hd__dfrtp_1)
                  0.11    0.37    0.65 ^ _573_/Q (sky130_fd_sc_hd__dfrtp_1)
     3    0.01                           fll_core.counter1.count[2] (net)
                  0.11    0.00    0.65 ^ _460_/B1 (sky130_fd_sc_hd__a21oi_1)
                  0.04    0.05    0.70 v _460_/Y (sky130_fd_sc_hd__a21oi_1)
     1    0.00                           _240_ (net)
                  0.04    0.00    0.70 v _461_/B (sky130_fd_sc_hd__nor2_1)
                  0.08    0.07    0.78 ^ _461_/Y (sky130_fd_sc_hd__nor2_1)
     1    0.00                           _003_ (net)
                  0.08    0.00    0.78 ^ _573_/D (sky130_fd_sc_hd__dfrtp_1)
                                  0.78   data arrival time

                          0.00    0.00   clock clk (rise edge)
                          0.00    0.00   clock source latency
                  0.06    0.04    0.04 ^ clk (in)
     1    0.01                           clk (net)
                  0.06    0.00    0.04 ^ clkbuf_0_clk/A (sky130_fd_sc_hd__clkbuf_16)
                  0.03    0.13    0.17 ^ clkbuf_0_clk/X (sky130_fd_sc_hd__clkbuf_16)
     2    0.01                           clknet_0_clk (net)
                  0.03    0.00    0.17 ^ clkbuf_1_1_0_clk/A (sky130_fd_sc_hd__clkbuf_2)
                  0.09    0.14    0.31 ^ clkbuf_1_1_0_clk/X (sky130_fd_sc_hd__clkbuf_2)
     5    0.02                           clknet_1_1_0_clk (net)
                  0.09    0.00    0.31 ^ _573_/CLK (sky130_fd_sc_hd__dfrtp_1)
                          0.25    0.56   clock uncertainty
                         -0.03    0.53   clock reconvergence pessimism
                         -0.03    0.49   library hold time
                                  0.49   data required time
-----------------------------------------------------------------------------
                                  0.49   data required time
                                 -0.78   data arrival time
-----------------------------------------------------------------------------
                                  0.28   slack (MET)


Startpoint: _574_ (rising edge-triggered flip-flop clocked by clk)
Endpoint: _574_ (rising edge-triggered flip-flop clocked by clk)
Path Group: clk
Path Type: min

Fanout     Cap    Slew   Delay    Time   Description
-----------------------------------------------------------------------------
                          0.00    0.00   clock clk (rise edge)
                          0.00    0.00   clock source latency
                  0.06    0.04    0.04 ^ clk (in)
     1    0.01                           clk (net)
                  0.06    0.00    0.04 ^ clkbuf_0_clk/A (sky130_fd_sc_hd__clkbuf_16)
                  0.03    0.11    0.15 ^ clkbuf_0_clk/X (sky130_fd_sc_hd__clkbuf_16)
     2    0.01                           clknet_0_clk (net)
                  0.03    0.00    0.15 ^ clkbuf_1_1_0_clk/A (sky130_fd_sc_hd__clkbuf_2)
                  0.09    0.13    0.28 ^ clkbuf_1_1_0_clk/X (sky130_fd_sc_hd__clkbuf_2)
     5    0.02                           clknet_1_1_0_clk (net)
                  0.09    0.00    0.28 ^ _574_/CLK (sky130_fd_sc_hd__dfrtp_1)
                  0.13    0.38    0.66 ^ _574_/Q (sky130_fd_sc_hd__dfrtp_1)
     3    0.01                           fll_core.counter1.count[3] (net)
                  0.13    0.00    0.66 ^ _463_/A (sky130_fd_sc_hd__nor2_1)
                  0.03    0.06    0.72 v _463_/Y (sky130_fd_sc_hd__nor2_1)
     1    0.00                           _242_ (net)
                  0.03    0.00    0.72 v _464_/B (sky130_fd_sc_hd__nor2_1)
                  0.07    0.07    0.79 ^ _464_/Y (sky130_fd_sc_hd__nor2_1)
     1    0.00                           _004_ (net)
                  0.07    0.00    0.79 ^ _574_/D (sky130_fd_sc_hd__dfrtp_1)
                                  0.79   data arrival time

                          0.00    0.00   clock clk (rise edge)
                          0.00    0.00   clock source latency
                  0.06    0.04    0.04 ^ clk (in)
     1    0.01                           clk (net)
                  0.06    0.00    0.04 ^ clkbuf_0_clk/A (sky130_fd_sc_hd__clkbuf_16)
                  0.03    0.13    0.17 ^ clkbuf_0_clk/X (sky130_fd_sc_hd__clkbuf_16)
     2    0.01                           clknet_0_clk (net)
                  0.03    0.00    0.17 ^ clkbuf_1_1_0_clk/A (sky130_fd_sc_hd__clkbuf_2)
                  0.09    0.14    0.31 ^ clkbuf_1_1_0_clk/X (sky130_fd_sc_hd__clkbuf_2)
     5    0.02                           clknet_1_1_0_clk (net)
                  0.09    0.00    0.31 ^ _574_/CLK (sky130_fd_sc_hd__dfrtp_1)
                          0.25    0.56   clock uncertainty
                         -0.03    0.53   clock reconvergence pessimism
                         -0.03    0.50   library hold time
                                  0.50   data required time
-----------------------------------------------------------------------------
                                  0.50   data required time
                                 -0.79   data arrival time
-----------------------------------------------------------------------------
                                  0.29   slack (MET)


