OpenROAD v2.0-3074-g944855835 
This program is licensed under the BSD-3 license. See the LICENSE file for details.
Components of this program may be licensed under more restrictive licenses which must be honored.
[INFO ODB-0222] Reading LEF file: /foss/designs/ma2022/shiftregister/runs/RUN_2022.10.07_16.07.28/tmp/merged_unpadded.lef
[INFO ODB-0223]     Created 13 technology layers
[INFO ODB-0224]     Created 25 technology vias
[INFO ODB-0225]     Created 441 library cells
[INFO ODB-0226] Finished LEF file:  /foss/designs/ma2022/shiftregister/runs/RUN_2022.10.07_16.07.28/tmp/merged_unpadded.lef
[WARNING ORD-1011] LEF master sky130_fd_sc_hd__buf_1 has no liberty cell.
[WARNING ORD-1011] LEF master sky130_fd_sc_hd__mux2_2 has no liberty cell.
[WARNING ORD-1011] LEF master sky130_fd_sc_hd__or2b_2 has no liberty cell.
[WARNING ORD-1011] LEF master sky130_fd_sc_hd__inv_2 has no liberty cell.
[WARNING ORD-1011] LEF master sky130_fd_sc_hd__dfxtp_2 has no liberty cell.
[WARNING ORD-1011] LEF master sky130_fd_sc_hd__dfrtp_2 has no liberty cell.
[WARNING STA-0163] /foss/pdk/sky130A/libs.ref/sky130_fd_sc_hd/lib/sky130_fd_sc_hd__tt_025C_1v80.lib line 23, default_fanout_load is 0.0.
if {[info exists ::env(CLOCK_PORT)] && $::env(CLOCK_PORT) != ""} { 
    create_clock [get_ports $::env(CLOCK_PORT)]  -name $::env(CLOCK_PORT)  -period $::env(CLOCK_PERIOD)
} else {
    create_clock -name __VIRTUAL_CLK__ -period $::env(CLOCK_PERIOD)
    set ::env(CLOCK_PORT) __VIRTUAL_CLK__
}
set input_delay_value [expr $::env(CLOCK_PERIOD) * $::env(IO_PCT)]
set output_delay_value [expr $::env(CLOCK_PERIOD) * $::env(IO_PCT)]
puts "\[INFO\]: Setting output delay to: $output_delay_value"
[INFO]: Setting output delay to: 20.0
puts "\[INFO\]: Setting input delay to: $input_delay_value"
[INFO]: Setting input delay to: 20.0
set_max_fanout $::env(SYNTH_MAX_FANOUT) [current_design]
set clk_indx [lsearch [all_inputs] [get_port $::env(CLOCK_PORT)]]
#set rst_indx [lsearch [all_inputs] [get_port resetn]]
set all_inputs_wo_clk [lreplace [all_inputs] $clk_indx $clk_indx]
#set all_inputs_wo_clk_rst [lreplace $all_inputs_wo_clk $rst_indx $rst_indx]
set all_inputs_wo_clk_rst $all_inputs_wo_clk
# correct resetn
set_input_delay $input_delay_value  -clock [get_clocks $::env(CLOCK_PORT)] $all_inputs_wo_clk_rst
#set_input_delay 0.0 -clock [get_clocks $::env(CLOCK_PORT)] {resetn}
set_output_delay $output_delay_value  -clock [get_clocks $::env(CLOCK_PORT)] [all_outputs]
# TODO set this as parameter
set_driving_cell -lib_cell $::env(SYNTH_DRIVING_CELL) -pin $::env(SYNTH_DRIVING_CELL_PIN) [all_inputs]
set cap_load [expr $::env(SYNTH_CAP_LOAD) / 1000.0]
puts "\[INFO\]: Setting load to: $cap_load"
[INFO]: Setting load to: 0.033442
set_load  $cap_load [all_outputs]
puts "\[INFO\]: Setting clock uncertainity to: $::env(SYNTH_CLOCK_UNCERTAINITY)"
[INFO]: Setting clock uncertainity to: 0.25
set_clock_uncertainty $::env(SYNTH_CLOCK_UNCERTAINITY) [get_clocks $::env(CLOCK_PORT)]
puts "\[INFO\]: Setting clock transition to: $::env(SYNTH_CLOCK_TRANSITION)"
[INFO]: Setting clock transition to: 0.15
set_clock_transition $::env(SYNTH_CLOCK_TRANSITION) [get_clocks $::env(CLOCK_PORT)]
puts "\[INFO\]: Setting timing derate to: [expr {$::env(SYNTH_TIMING_DERATE) * 10}] %"
[INFO]: Setting timing derate to: 0.5 %
set_timing_derate -early [expr {1-$::env(SYNTH_TIMING_DERATE)}]
set_timing_derate -late [expr {1+$::env(SYNTH_TIMING_DERATE)}]
min_report

===========================================================================
report_checks -path_delay min (Hold)
============================================================================
Startpoint: reset (input port clocked by clk)
Endpoint: _504_ (removal check against rising-edge clock clk)
Path Group: **async_default**
Path Type: min

Fanout     Cap    Slew   Delay    Time   Description
-----------------------------------------------------------------------------
                  0.15    0.00    0.00   clock clk (rise edge)
                          0.00    0.00   clock network delay (ideal)
                         20.00   20.00 v input external delay
                  0.03    0.02   20.02 v reset (in)
     5    0.01                           reset (net)
                  0.03    0.00   20.02 v _403_/A (sky130_fd_sc_hd__buf_1)
                  0.10    0.13   20.14 v _403_/X (sky130_fd_sc_hd__buf_1)
     5    0.02                           _214_ (net)
                  0.10    0.01   20.15 v _440_/A (sky130_fd_sc_hd__inv_2)
                  0.04    0.06   20.21 ^ _440_/Y (sky130_fd_sc_hd__inv_2)
     1    0.00                           _030_ (net)
                  0.04    0.01   20.22 ^ _504_/RESET_B (sky130_fd_sc_hd__dfrtp_2)
                                 20.22   data arrival time

                  0.15    0.00    0.00   clock clk (rise edge)
                          0.00    0.00   clock network delay (ideal)
                          0.25    0.25   clock uncertainty
                          0.00    0.25   clock reconvergence pessimism
                                  0.25 ^ _504_/CLK (sky130_fd_sc_hd__dfrtp_2)
                          0.35    0.60   library removal time
                                  0.60   data required time
-----------------------------------------------------------------------------
                                  0.60   data required time
                                -20.22   data arrival time
-----------------------------------------------------------------------------
                                 19.62   slack (MET)


Startpoint: reset (input port clocked by clk)
Endpoint: _505_ (removal check against rising-edge clock clk)
Path Group: **async_default**
Path Type: min

Fanout     Cap    Slew   Delay    Time   Description
-----------------------------------------------------------------------------
                  0.15    0.00    0.00   clock clk (rise edge)
                          0.00    0.00   clock network delay (ideal)
                         20.00   20.00 v input external delay
                  0.03    0.02   20.02 v reset (in)
     5    0.01                           reset (net)
                  0.03    0.00   20.02 v _403_/A (sky130_fd_sc_hd__buf_1)
                  0.10    0.13   20.14 v _403_/X (sky130_fd_sc_hd__buf_1)
     5    0.02                           _214_ (net)
                  0.10    0.01   20.15 v _441_/A (sky130_fd_sc_hd__inv_2)
                  0.04    0.06   20.21 ^ _441_/Y (sky130_fd_sc_hd__inv_2)
     1    0.00                           _031_ (net)
                  0.04    0.01   20.22 ^ _505_/RESET_B (sky130_fd_sc_hd__dfrtp_2)
                                 20.22   data arrival time

                  0.15    0.00    0.00   clock clk (rise edge)
                          0.00    0.00   clock network delay (ideal)
                          0.25    0.25   clock uncertainty
                          0.00    0.25   clock reconvergence pessimism
                                  0.25 ^ _505_/CLK (sky130_fd_sc_hd__dfrtp_2)
                          0.35    0.60   library removal time
                                  0.60   data required time
-----------------------------------------------------------------------------
                                  0.60   data required time
                                -20.22   data arrival time
-----------------------------------------------------------------------------
                                 19.62   slack (MET)


Startpoint: reset (input port clocked by clk)
Endpoint: _489_ (removal check against rising-edge clock clk)
Path Group: **async_default**
Path Type: min

Fanout     Cap    Slew   Delay    Time   Description
-----------------------------------------------------------------------------
                  0.15    0.00    0.00   clock clk (rise edge)
                          0.00    0.00   clock network delay (ideal)
                         20.00   20.00 v input external delay
                  0.03    0.02   20.02 v reset (in)
     5    0.01                           reset (net)
                  0.03    0.00   20.02 v _422_/A (sky130_fd_sc_hd__buf_1)
                  0.14    0.16   20.17 v _422_/X (sky130_fd_sc_hd__buf_1)
     5    0.02                           _218_ (net)
                  0.14    0.01   20.18 v _423_/A (sky130_fd_sc_hd__inv_2)
                  0.05    0.07   20.25 ^ _423_/Y (sky130_fd_sc_hd__inv_2)
     1    0.00                           _015_ (net)
                  0.05    0.01   20.26 ^ _489_/RESET_B (sky130_fd_sc_hd__dfrtp_2)
                                 20.26   data arrival time

                  0.15    0.00    0.00   clock clk (rise edge)
                          0.00    0.00   clock network delay (ideal)
                          0.25    0.25   clock uncertainty
                          0.00    0.25   clock reconvergence pessimism
                                  0.25 ^ _489_/CLK (sky130_fd_sc_hd__dfrtp_2)
                          0.35    0.60   library removal time
                                  0.60   data required time
-----------------------------------------------------------------------------
                                  0.60   data required time
                                -20.26   data arrival time
-----------------------------------------------------------------------------
                                 19.66   slack (MET)


Startpoint: reset (input port clocked by clk)
Endpoint: _490_ (removal check against rising-edge clock clk)
Path Group: **async_default**
Path Type: min

Fanout     Cap    Slew   Delay    Time   Description
-----------------------------------------------------------------------------
                  0.15    0.00    0.00   clock clk (rise edge)
                          0.00    0.00   clock network delay (ideal)
                         20.00   20.00 v input external delay
                  0.03    0.02   20.02 v reset (in)
     5    0.01                           reset (net)
                  0.03    0.00   20.02 v _422_/A (sky130_fd_sc_hd__buf_1)
                  0.14    0.16   20.17 v _422_/X (sky130_fd_sc_hd__buf_1)
     5    0.02                           _218_ (net)
                  0.14    0.01   20.18 v _424_/A (sky130_fd_sc_hd__inv_2)
                  0.05    0.07   20.25 ^ _424_/Y (sky130_fd_sc_hd__inv_2)
     1    0.00                           _016_ (net)
                  0.05    0.01   20.26 ^ _490_/RESET_B (sky130_fd_sc_hd__dfrtp_2)
                                 20.26   data arrival time

                  0.15    0.00    0.00   clock clk (rise edge)
                          0.00    0.00   clock network delay (ideal)
                          0.25    0.25   clock uncertainty
                          0.00    0.25   clock reconvergence pessimism
                                  0.25 ^ _490_/CLK (sky130_fd_sc_hd__dfrtp_2)
                          0.35    0.60   library removal time
                                  0.60   data required time
-----------------------------------------------------------------------------
                                  0.60   data required time
                                -20.26   data arrival time
-----------------------------------------------------------------------------
                                 19.66   slack (MET)


Startpoint: reset (input port clocked by clk)
Endpoint: _491_ (removal check against rising-edge clock clk)
Path Group: **async_default**
Path Type: min

Fanout     Cap    Slew   Delay    Time   Description
-----------------------------------------------------------------------------
                  0.15    0.00    0.00   clock clk (rise edge)
                          0.00    0.00   clock network delay (ideal)
                         20.00   20.00 v input external delay
                  0.03    0.02   20.02 v reset (in)
     5    0.01                           reset (net)
                  0.03    0.00   20.02 v _422_/A (sky130_fd_sc_hd__buf_1)
                  0.14    0.16   20.17 v _422_/X (sky130_fd_sc_hd__buf_1)
     5    0.02                           _218_ (net)
                  0.14    0.01   20.18 v _425_/A (sky130_fd_sc_hd__inv_2)
                  0.05    0.07   20.25 ^ _425_/Y (sky130_fd_sc_hd__inv_2)
     1    0.00                           _017_ (net)
                  0.05    0.01   20.26 ^ _491_/RESET_B (sky130_fd_sc_hd__dfrtp_2)
                                 20.26   data arrival time

                  0.15    0.00    0.00   clock clk (rise edge)
                          0.00    0.00   clock network delay (ideal)
                          0.25    0.25   clock uncertainty
                          0.00    0.25   clock reconvergence pessimism
                                  0.25 ^ _491_/CLK (sky130_fd_sc_hd__dfrtp_2)
                          0.35    0.60   library removal time
                                  0.60   data required time
-----------------------------------------------------------------------------
                                  0.60   data required time
                                -20.26   data arrival time
-----------------------------------------------------------------------------
                                 19.66   slack (MET)


Startpoint: _504_ (rising edge-triggered flip-flop clocked by clk)
Endpoint: _472_ (rising edge-triggered flip-flop clocked by clk)
Path Group: clk
Path Type: min

Fanout     Cap    Slew   Delay    Time   Description
-----------------------------------------------------------------------------
                  0.15    0.00    0.00   clock clk (rise edge)
                          0.00    0.00   clock network delay (ideal)
                  0.15    0.00    0.00 ^ _504_/CLK (sky130_fd_sc_hd__dfrtp_2)
                  0.05    0.37    0.37 ^ _504_/Q (sky130_fd_sc_hd__dfrtp_2)
     3    0.01                           r_reg[30] (net)
                  0.05    0.00    0.37 ^ _399_/A0 (sky130_fd_sc_hd__mux2_2)
                  0.04    0.13    0.49 ^ _399_/X (sky130_fd_sc_hd__mux2_2)
     1    0.00                           _212_ (net)
                  0.04    0.00    0.50 ^ _400_/A (sky130_fd_sc_hd__buf_1)
                  0.04    0.07    0.57 ^ _400_/X (sky130_fd_sc_hd__buf_1)
     1    0.00                           _062_ (net)
                  0.04    0.00    0.57 ^ _472_/D (sky130_fd_sc_hd__dfxtp_2)
                                  0.57   data arrival time

                  0.15    0.00    0.00   clock clk (rise edge)
                          0.00    0.00   clock network delay (ideal)
                          0.25    0.25   clock uncertainty
                          0.00    0.25   clock reconvergence pessimism
                                  0.25 ^ _472_/CLK (sky130_fd_sc_hd__dfxtp_2)
                         -0.02    0.23   library hold time
                                  0.23   data required time
-----------------------------------------------------------------------------
                                  0.23   data required time
                                 -0.57   data arrival time
-----------------------------------------------------------------------------
                                  0.34   slack (MET)


Startpoint: _505_ (rising edge-triggered flip-flop clocked by clk)
Endpoint: _473_ (rising edge-triggered flip-flop clocked by clk)
Path Group: clk
Path Type: min

Fanout     Cap    Slew   Delay    Time   Description
-----------------------------------------------------------------------------
                  0.15    0.00    0.00   clock clk (rise edge)
                          0.00    0.00   clock network delay (ideal)
                  0.15    0.00    0.00 ^ _505_/CLK (sky130_fd_sc_hd__dfrtp_2)
                  0.05    0.37    0.37 ^ _505_/Q (sky130_fd_sc_hd__dfrtp_2)
     3    0.01                           r_reg[31] (net)
                  0.05    0.00    0.37 ^ _401_/A0 (sky130_fd_sc_hd__mux2_2)
                  0.04    0.13    0.49 ^ _401_/X (sky130_fd_sc_hd__mux2_2)
     1    0.00                           _213_ (net)
                  0.04    0.00    0.50 ^ _402_/A (sky130_fd_sc_hd__buf_1)
                  0.04    0.07    0.57 ^ _402_/X (sky130_fd_sc_hd__buf_1)
     1    0.00                           _063_ (net)
                  0.04    0.00    0.57 ^ _473_/D (sky130_fd_sc_hd__dfxtp_2)
                                  0.57   data arrival time

                  0.15    0.00    0.00   clock clk (rise edge)
                          0.00    0.00   clock network delay (ideal)
                          0.25    0.25   clock uncertainty
                          0.00    0.25   clock reconvergence pessimism
                                  0.25 ^ _473_/CLK (sky130_fd_sc_hd__dfxtp_2)
                         -0.02    0.23   library hold time
                                  0.23   data required time
-----------------------------------------------------------------------------
                                  0.23   data required time
                                 -0.57   data arrival time
-----------------------------------------------------------------------------
                                  0.34   slack (MET)


Startpoint: _475_ (rising edge-triggered flip-flop clocked by clk)
Endpoint: _443_ (rising edge-triggered flip-flop clocked by clk)
Path Group: clk
Path Type: min

Fanout     Cap    Slew   Delay    Time   Description
-----------------------------------------------------------------------------
                  0.15    0.00    0.00   clock clk (rise edge)
                          0.00    0.00   clock network delay (ideal)
                  0.15    0.00    0.00 ^ _475_/CLK (sky130_fd_sc_hd__dfrtp_2)
                  0.05    0.37    0.37 ^ _475_/Q (sky130_fd_sc_hd__dfrtp_2)
     3    0.01                           r_reg[1] (net)
                  0.05    0.00    0.37 ^ _336_/A0 (sky130_fd_sc_hd__mux2_2)
                  0.04    0.13    0.49 ^ _336_/X (sky130_fd_sc_hd__mux2_2)
     1    0.00                           _178_ (net)
                  0.04    0.00    0.50 ^ _337_/A (sky130_fd_sc_hd__buf_1)
                  0.04    0.07    0.57 ^ _337_/X (sky130_fd_sc_hd__buf_1)
     1    0.00                           _033_ (net)
                  0.04    0.00    0.57 ^ _443_/D (sky130_fd_sc_hd__dfxtp_2)
                                  0.57   data arrival time

                  0.15    0.00    0.00   clock clk (rise edge)
                          0.00    0.00   clock network delay (ideal)
                          0.25    0.25   clock uncertainty
                          0.00    0.25   clock reconvergence pessimism
                                  0.25 ^ _443_/CLK (sky130_fd_sc_hd__dfxtp_2)
                         -0.02    0.23   library hold time
                                  0.23   data required time
-----------------------------------------------------------------------------
                                  0.23   data required time
                                 -0.57   data arrival time
-----------------------------------------------------------------------------
                                  0.34   slack (MET)


Startpoint: _476_ (rising edge-triggered flip-flop clocked by clk)
Endpoint: _444_ (rising edge-triggered flip-flop clocked by clk)
Path Group: clk
Path Type: min

Fanout     Cap    Slew   Delay    Time   Description
-----------------------------------------------------------------------------
                  0.15    0.00    0.00   clock clk (rise edge)
                          0.00    0.00   clock network delay (ideal)
                  0.15    0.00    0.00 ^ _476_/CLK (sky130_fd_sc_hd__dfrtp_2)
                  0.05    0.37    0.37 ^ _476_/Q (sky130_fd_sc_hd__dfrtp_2)
     3    0.01                           r_reg[2] (net)
                  0.05    0.00    0.37 ^ _338_/A0 (sky130_fd_sc_hd__mux2_2)
                  0.04    0.13    0.49 ^ _338_/X (sky130_fd_sc_hd__mux2_2)
     1    0.00                           _179_ (net)
                  0.04    0.00    0.50 ^ _339_/A (sky130_fd_sc_hd__buf_1)
                  0.04    0.07    0.57 ^ _339_/X (sky130_fd_sc_hd__buf_1)
     1    0.00                           _034_ (net)
                  0.04    0.00    0.57 ^ _444_/D (sky130_fd_sc_hd__dfxtp_2)
                                  0.57   data arrival time

                  0.15    0.00    0.00   clock clk (rise edge)
                          0.00    0.00   clock network delay (ideal)
                          0.25    0.25   clock uncertainty
                          0.00    0.25   clock reconvergence pessimism
                                  0.25 ^ _444_/CLK (sky130_fd_sc_hd__dfxtp_2)
                         -0.02    0.23   library hold time
                                  0.23   data required time
-----------------------------------------------------------------------------
                                  0.23   data required time
                                 -0.57   data arrival time
-----------------------------------------------------------------------------
                                  0.34   slack (MET)


Startpoint: _477_ (rising edge-triggered flip-flop clocked by clk)
Endpoint: _445_ (rising edge-triggered flip-flop clocked by clk)
Path Group: clk
Path Type: min

Fanout     Cap    Slew   Delay    Time   Description
-----------------------------------------------------------------------------
                  0.15    0.00    0.00   clock clk (rise edge)
                          0.00    0.00   clock network delay (ideal)
                  0.15    0.00    0.00 ^ _477_/CLK (sky130_fd_sc_hd__dfrtp_2)
                  0.05    0.37    0.37 ^ _477_/Q (sky130_fd_sc_hd__dfrtp_2)
     3    0.01                           r_reg[3] (net)
                  0.05    0.00    0.37 ^ _340_/A0 (sky130_fd_sc_hd__mux2_2)
                  0.04    0.13    0.49 ^ _340_/X (sky130_fd_sc_hd__mux2_2)
     1    0.00                           _180_ (net)
                  0.04    0.00    0.50 ^ _341_/A (sky130_fd_sc_hd__buf_1)
                  0.04    0.07    0.57 ^ _341_/X (sky130_fd_sc_hd__buf_1)
     1    0.00                           _035_ (net)
                  0.04    0.00    0.57 ^ _445_/D (sky130_fd_sc_hd__dfxtp_2)
                                  0.57   data arrival time

                  0.15    0.00    0.00   clock clk (rise edge)
                          0.00    0.00   clock network delay (ideal)
                          0.25    0.25   clock uncertainty
                          0.00    0.25   clock reconvergence pessimism
                                  0.25 ^ _445_/CLK (sky130_fd_sc_hd__dfxtp_2)
                         -0.02    0.23   library hold time
                                  0.23   data required time
-----------------------------------------------------------------------------
                                  0.23   data required time
                                 -0.57   data arrival time
-----------------------------------------------------------------------------
                                  0.34   slack (MET)


min_report_end
max_report

===========================================================================
report_checks -path_delay max (Setup)
============================================================================
Startpoint: reset (input port clocked by clk)
Endpoint: _474_ (recovery check against rising-edge clock clk)
Path Group: **async_default**
Path Type: max

Fanout     Cap    Slew   Delay    Time   Description
-----------------------------------------------------------------------------
                  0.15    0.00    0.00   clock clk (rise edge)
                          0.00    0.00   clock network delay (ideal)
                         20.00   20.00 v input external delay
                  0.03    0.02   20.02 v reset (in)
     5    0.01                           reset (net)
                  0.03    0.00   20.02 v _403_/A (sky130_fd_sc_hd__buf_1)
                  0.10    0.14   20.16 v _403_/X (sky130_fd_sc_hd__buf_1)
     5    0.02                           _214_ (net)
                  0.10    0.00   20.16 v _404_/A (sky130_fd_sc_hd__buf_1)
                  0.14    0.21   20.37 v _404_/X (sky130_fd_sc_hd__buf_1)
     5    0.02                           _215_ (net)
                  0.14    0.01   20.37 v _405_/A (sky130_fd_sc_hd__inv_2)
                  0.05    0.08   20.45 ^ _405_/Y (sky130_fd_sc_hd__inv_2)
     1    0.00                           _000_ (net)
                  0.05    0.01   20.46 ^ _474_/RESET_B (sky130_fd_sc_hd__dfrtp_2)
                                 20.46   data arrival time

                  0.15  100.00  100.00   clock clk (rise edge)
                          0.00  100.00   clock network delay (ideal)
                         -0.25   99.75   clock uncertainty
                          0.00   99.75   clock reconvergence pessimism
                                 99.75 ^ _474_/CLK (sky130_fd_sc_hd__dfrtp_2)
                          0.25  100.00   library recovery time
                                100.00   data required time
-----------------------------------------------------------------------------
                                100.00   data required time
                                -20.46   data arrival time
-----------------------------------------------------------------------------
                                 79.54   slack (MET)


Startpoint: reset (input port clocked by clk)
Endpoint: _475_ (recovery check against rising-edge clock clk)
Path Group: **async_default**
Path Type: max

Fanout     Cap    Slew   Delay    Time   Description
-----------------------------------------------------------------------------
                  0.15    0.00    0.00   clock clk (rise edge)
                          0.00    0.00   clock network delay (ideal)
                         20.00   20.00 v input external delay
                  0.03    0.02   20.02 v reset (in)
     5    0.01                           reset (net)
                  0.03    0.00   20.02 v _403_/A (sky130_fd_sc_hd__buf_1)
                  0.10    0.14   20.16 v _403_/X (sky130_fd_sc_hd__buf_1)
     5    0.02                           _214_ (net)
                  0.10    0.00   20.16 v _404_/A (sky130_fd_sc_hd__buf_1)
                  0.14    0.21   20.37 v _404_/X (sky130_fd_sc_hd__buf_1)
     5    0.02                           _215_ (net)
                  0.14    0.01   20.37 v _406_/A (sky130_fd_sc_hd__inv_2)
                  0.05    0.08   20.45 ^ _406_/Y (sky130_fd_sc_hd__inv_2)
     1    0.00                           _001_ (net)
                  0.05    0.01   20.46 ^ _475_/RESET_B (sky130_fd_sc_hd__dfrtp_2)
                                 20.46   data arrival time

                  0.15  100.00  100.00   clock clk (rise edge)
                          0.00  100.00   clock network delay (ideal)
                         -0.25   99.75   clock uncertainty
                          0.00   99.75   clock reconvergence pessimism
                                 99.75 ^ _475_/CLK (sky130_fd_sc_hd__dfrtp_2)
                          0.25  100.00   library recovery time
                                100.00   data required time
-----------------------------------------------------------------------------
                                100.00   data required time
                                -20.46   data arrival time
-----------------------------------------------------------------------------
                                 79.54   slack (MET)


Startpoint: reset (input port clocked by clk)
Endpoint: _476_ (recovery check against rising-edge clock clk)
Path Group: **async_default**
Path Type: max

Fanout     Cap    Slew   Delay    Time   Description
-----------------------------------------------------------------------------
                  0.15    0.00    0.00   clock clk (rise edge)
                          0.00    0.00   clock network delay (ideal)
                         20.00   20.00 v input external delay
                  0.03    0.02   20.02 v reset (in)
     5    0.01                           reset (net)
                  0.03    0.00   20.02 v _403_/A (sky130_fd_sc_hd__buf_1)
                  0.10    0.14   20.16 v _403_/X (sky130_fd_sc_hd__buf_1)
     5    0.02                           _214_ (net)
                  0.10    0.00   20.16 v _404_/A (sky130_fd_sc_hd__buf_1)
                  0.14    0.21   20.37 v _404_/X (sky130_fd_sc_hd__buf_1)
     5    0.02                           _215_ (net)
                  0.14    0.01   20.37 v _407_/A (sky130_fd_sc_hd__inv_2)
                  0.05    0.08   20.45 ^ _407_/Y (sky130_fd_sc_hd__inv_2)
     1    0.00                           _002_ (net)
                  0.05    0.01   20.46 ^ _476_/RESET_B (sky130_fd_sc_hd__dfrtp_2)
                                 20.46   data arrival time

                  0.15  100.00  100.00   clock clk (rise edge)
                          0.00  100.00   clock network delay (ideal)
                         -0.25   99.75   clock uncertainty
                          0.00   99.75   clock reconvergence pessimism
                                 99.75 ^ _476_/CLK (sky130_fd_sc_hd__dfrtp_2)
                          0.25  100.00   library recovery time
                                100.00   data required time
-----------------------------------------------------------------------------
                                100.00   data required time
                                -20.46   data arrival time
-----------------------------------------------------------------------------
                                 79.54   slack (MET)


Startpoint: reset (input port clocked by clk)
Endpoint: _477_ (recovery check against rising-edge clock clk)
Path Group: **async_default**
Path Type: max

Fanout     Cap    Slew   Delay    Time   Description
-----------------------------------------------------------------------------
                  0.15    0.00    0.00   clock clk (rise edge)
                          0.00    0.00   clock network delay (ideal)
                         20.00   20.00 v input external delay
                  0.03    0.02   20.02 v reset (in)
     5    0.01                           reset (net)
                  0.03    0.00   20.02 v _403_/A (sky130_fd_sc_hd__buf_1)
                  0.10    0.14   20.16 v _403_/X (sky130_fd_sc_hd__buf_1)
     5    0.02                           _214_ (net)
                  0.10    0.00   20.16 v _404_/A (sky130_fd_sc_hd__buf_1)
                  0.14    0.21   20.37 v _404_/X (sky130_fd_sc_hd__buf_1)
     5    0.02                           _215_ (net)
                  0.14    0.01   20.37 v _408_/A (sky130_fd_sc_hd__inv_2)
                  0.05    0.08   20.45 ^ _408_/Y (sky130_fd_sc_hd__inv_2)
     1    0.00                           _003_ (net)
                  0.05    0.01   20.46 ^ _477_/RESET_B (sky130_fd_sc_hd__dfrtp_2)
                                 20.46   data arrival time

                  0.15  100.00  100.00   clock clk (rise edge)
                          0.00  100.00   clock network delay (ideal)
                         -0.25   99.75   clock uncertainty
                          0.00   99.75   clock reconvergence pessimism
                                 99.75 ^ _477_/CLK (sky130_fd_sc_hd__dfrtp_2)
                          0.25  100.00   library recovery time
                                100.00   data required time
-----------------------------------------------------------------------------
                                100.00   data required time
                                -20.46   data arrival time
-----------------------------------------------------------------------------
                                 79.54   slack (MET)


Startpoint: reset (input port clocked by clk)
Endpoint: _478_ (recovery check against rising-edge clock clk)
Path Group: **async_default**
Path Type: max

Fanout     Cap    Slew   Delay    Time   Description
-----------------------------------------------------------------------------
                  0.15    0.00    0.00   clock clk (rise edge)
                          0.00    0.00   clock network delay (ideal)
                         20.00   20.00 v input external delay
                  0.03    0.02   20.02 v reset (in)
     5    0.01                           reset (net)
                  0.03    0.00   20.02 v _403_/A (sky130_fd_sc_hd__buf_1)
                  0.10    0.14   20.16 v _403_/X (sky130_fd_sc_hd__buf_1)
     5    0.02                           _214_ (net)
                  0.10    0.00   20.16 v _404_/A (sky130_fd_sc_hd__buf_1)
                  0.14    0.21   20.37 v _404_/X (sky130_fd_sc_hd__buf_1)
     5    0.02                           _215_ (net)
                  0.14    0.01   20.37 v _409_/A (sky130_fd_sc_hd__inv_2)
                  0.05    0.08   20.45 ^ _409_/Y (sky130_fd_sc_hd__inv_2)
     1    0.00                           _004_ (net)
                  0.05    0.01   20.46 ^ _478_/RESET_B (sky130_fd_sc_hd__dfrtp_2)
                                 20.46   data arrival time

                  0.15  100.00  100.00   clock clk (rise edge)
                          0.00  100.00   clock network delay (ideal)
                         -0.25   99.75   clock uncertainty
                          0.00   99.75   clock reconvergence pessimism
                                 99.75 ^ _478_/CLK (sky130_fd_sc_hd__dfrtp_2)
                          0.25  100.00   library recovery time
                                100.00   data required time
-----------------------------------------------------------------------------
                                100.00   data required time
                                -20.46   data arrival time
-----------------------------------------------------------------------------
                                 79.54   slack (MET)


Startpoint: read (input port clocked by clk)
Endpoint: _491_ (rising edge-triggered flip-flop clocked by clk)
Path Group: clk
Path Type: max

Fanout     Cap    Slew   Delay    Time   Description
-----------------------------------------------------------------------------
                  0.15    0.00    0.00   clock clk (rise edge)
                          0.00    0.00   clock network delay (ideal)
                         20.00   20.00 ^ input external delay
                  0.05    0.04   20.04 ^ read (in)
     4    0.01                           read (net)
                  0.05    0.00   20.04 ^ _221_/A (sky130_fd_sc_hd__buf_1)
                  0.18    0.18   20.22 ^ _221_/X (sky130_fd_sc_hd__buf_1)
     5    0.01                           _096_ (net)
                  0.18    0.00   20.22 ^ _257_/A (sky130_fd_sc_hd__buf_1)
                  0.22    0.24   20.46 ^ _257_/X (sky130_fd_sc_hd__buf_1)
     5    0.02                           _122_ (net)
                  0.22    0.00   20.47 ^ _271_/S (sky130_fd_sc_hd__mux2_2)
                  0.05    0.37   20.84 v _271_/X (sky130_fd_sc_hd__mux2_2)
     1    0.00                           _132_ (net)
                  0.05    0.00   20.84 v _272_/A0 (sky130_fd_sc_hd__mux2_2)
                  0.05    0.26   21.11 v _272_/X (sky130_fd_sc_hd__mux2_2)
     1    0.00                           _133_ (net)
                  0.05    0.00   21.11 v _273_/A (sky130_fd_sc_hd__buf_1)
                  0.03    0.09   21.20 v _273_/X (sky130_fd_sc_hd__buf_1)
     1    0.00                           _081_ (net)
                  0.03    0.00   21.21 v _491_/D (sky130_fd_sc_hd__dfrtp_2)
                                 21.21   data arrival time

                  0.15  100.00  100.00   clock clk (rise edge)
                          0.00  100.00   clock network delay (ideal)
                         -0.25   99.75   clock uncertainty
                          0.00   99.75   clock reconvergence pessimism
                                 99.75 ^ _491_/CLK (sky130_fd_sc_hd__dfrtp_2)
                         -0.08   99.67   library setup time
                                 99.67   data required time
-----------------------------------------------------------------------------
                                 99.67   data required time
                                -21.21   data arrival time
-----------------------------------------------------------------------------
                                 78.46   slack (MET)


Startpoint: read (input port clocked by clk)
Endpoint: _492_ (rising edge-triggered flip-flop clocked by clk)
Path Group: clk
Path Type: max

Fanout     Cap    Slew   Delay    Time   Description
-----------------------------------------------------------------------------
                  0.15    0.00    0.00   clock clk (rise edge)
                          0.00    0.00   clock network delay (ideal)
                         20.00   20.00 ^ input external delay
                  0.05    0.04   20.04 ^ read (in)
     4    0.01                           read (net)
                  0.05    0.00   20.04 ^ _221_/A (sky130_fd_sc_hd__buf_1)
                  0.18    0.18   20.22 ^ _221_/X (sky130_fd_sc_hd__buf_1)
     5    0.01                           _096_ (net)
                  0.18    0.00   20.22 ^ _257_/A (sky130_fd_sc_hd__buf_1)
                  0.22    0.24   20.46 ^ _257_/X (sky130_fd_sc_hd__buf_1)
     5    0.02                           _122_ (net)
                  0.22    0.00   20.47 ^ _268_/S (sky130_fd_sc_hd__mux2_2)
                  0.05    0.37   20.84 v _268_/X (sky130_fd_sc_hd__mux2_2)
     1    0.00                           _130_ (net)
                  0.05    0.00   20.84 v _269_/A0 (sky130_fd_sc_hd__mux2_2)
                  0.05    0.26   21.11 v _269_/X (sky130_fd_sc_hd__mux2_2)
     1    0.00                           _131_ (net)
                  0.05    0.00   21.11 v _270_/A (sky130_fd_sc_hd__buf_1)
                  0.03    0.09   21.20 v _270_/X (sky130_fd_sc_hd__buf_1)
     1    0.00                           _082_ (net)
                  0.03    0.00   21.21 v _492_/D (sky130_fd_sc_hd__dfrtp_2)
                                 21.21   data arrival time

                  0.15  100.00  100.00   clock clk (rise edge)
                          0.00  100.00   clock network delay (ideal)
                         -0.25   99.75   clock uncertainty
                          0.00   99.75   clock reconvergence pessimism
                                 99.75 ^ _492_/CLK (sky130_fd_sc_hd__dfrtp_2)
                         -0.08   99.67   library setup time
                                 99.67   data required time
-----------------------------------------------------------------------------
                                 99.67   data required time
                                -21.21   data arrival time
-----------------------------------------------------------------------------
                                 78.46   slack (MET)


Startpoint: read (input port clocked by clk)
Endpoint: _493_ (rising edge-triggered flip-flop clocked by clk)
Path Group: clk
Path Type: max

Fanout     Cap    Slew   Delay    Time   Description
-----------------------------------------------------------------------------
                  0.15    0.00    0.00   clock clk (rise edge)
                          0.00    0.00   clock network delay (ideal)
                         20.00   20.00 ^ input external delay
                  0.05    0.04   20.04 ^ read (in)
     4    0.01                           read (net)
                  0.05    0.00   20.04 ^ _221_/A (sky130_fd_sc_hd__buf_1)
                  0.18    0.18   20.22 ^ _221_/X (sky130_fd_sc_hd__buf_1)
     5    0.01                           _096_ (net)
                  0.18    0.00   20.22 ^ _257_/A (sky130_fd_sc_hd__buf_1)
                  0.22    0.24   20.46 ^ _257_/X (sky130_fd_sc_hd__buf_1)
     5    0.02                           _122_ (net)
                  0.22    0.00   20.47 ^ _265_/S (sky130_fd_sc_hd__mux2_2)
                  0.05    0.37   20.84 v _265_/X (sky130_fd_sc_hd__mux2_2)
     1    0.00                           _128_ (net)
                  0.05    0.00   20.84 v _266_/A0 (sky130_fd_sc_hd__mux2_2)
                  0.05    0.26   21.11 v _266_/X (sky130_fd_sc_hd__mux2_2)
     1    0.00                           _129_ (net)
                  0.05    0.00   21.11 v _267_/A (sky130_fd_sc_hd__buf_1)
                  0.03    0.09   21.20 v _267_/X (sky130_fd_sc_hd__buf_1)
     1    0.00                           _083_ (net)
                  0.03    0.00   21.21 v _493_/D (sky130_fd_sc_hd__dfrtp_2)
                                 21.21   data arrival time

                  0.15  100.00  100.00   clock clk (rise edge)
                          0.00  100.00   clock network delay (ideal)
                         -0.25   99.75   clock uncertainty
                          0.00   99.75   clock reconvergence pessimism
                                 99.75 ^ _493_/CLK (sky130_fd_sc_hd__dfrtp_2)
                         -0.08   99.67   library setup time
                                 99.67   data required time
-----------------------------------------------------------------------------
                                 99.67   data required time
                                -21.21   data arrival time
-----------------------------------------------------------------------------
                                 78.46   slack (MET)


Startpoint: read (input port clocked by clk)
Endpoint: _494_ (rising edge-triggered flip-flop clocked by clk)
Path Group: clk
Path Type: max

Fanout     Cap    Slew   Delay    Time   Description
-----------------------------------------------------------------------------
                  0.15    0.00    0.00   clock clk (rise edge)
                          0.00    0.00   clock network delay (ideal)
                         20.00   20.00 ^ input external delay
                  0.05    0.04   20.04 ^ read (in)
     4    0.01                           read (net)
                  0.05    0.00   20.04 ^ _221_/A (sky130_fd_sc_hd__buf_1)
                  0.18    0.18   20.22 ^ _221_/X (sky130_fd_sc_hd__buf_1)
     5    0.01                           _096_ (net)
                  0.18    0.00   20.22 ^ _257_/A (sky130_fd_sc_hd__buf_1)
                  0.22    0.24   20.46 ^ _257_/X (sky130_fd_sc_hd__buf_1)
     5    0.02                           _122_ (net)
                  0.22    0.00   20.47 ^ _262_/S (sky130_fd_sc_hd__mux2_2)
                  0.05    0.37   20.84 v _262_/X (sky130_fd_sc_hd__mux2_2)
     1    0.00                           _126_ (net)
                  0.05    0.00   20.84 v _263_/A0 (sky130_fd_sc_hd__mux2_2)
                  0.05    0.26   21.11 v _263_/X (sky130_fd_sc_hd__mux2_2)
     1    0.00                           _127_ (net)
                  0.05    0.00   21.11 v _264_/A (sky130_fd_sc_hd__buf_1)
                  0.03    0.09   21.20 v _264_/X (sky130_fd_sc_hd__buf_1)
     1    0.00                           _084_ (net)
                  0.03    0.00   21.21 v _494_/D (sky130_fd_sc_hd__dfrtp_2)
                                 21.21   data arrival time

                  0.15  100.00  100.00   clock clk (rise edge)
                          0.00  100.00   clock network delay (ideal)
                         -0.25   99.75   clock uncertainty
                          0.00   99.75   clock reconvergence pessimism
                                 99.75 ^ _494_/CLK (sky130_fd_sc_hd__dfrtp_2)
                         -0.08   99.67   library setup time
                                 99.67   data required time
-----------------------------------------------------------------------------
                                 99.67   data required time
                                -21.21   data arrival time
-----------------------------------------------------------------------------
                                 78.46   slack (MET)


Startpoint: read (input port clocked by clk)
Endpoint: _495_ (rising edge-triggered flip-flop clocked by clk)
Path Group: clk
Path Type: max

Fanout     Cap    Slew   Delay    Time   Description
-----------------------------------------------------------------------------
                  0.15    0.00    0.00   clock clk (rise edge)
                          0.00    0.00   clock network delay (ideal)
                         20.00   20.00 ^ input external delay
                  0.05    0.04   20.04 ^ read (in)
     4    0.01                           read (net)
                  0.05    0.00   20.04 ^ _221_/A (sky130_fd_sc_hd__buf_1)
                  0.18    0.18   20.22 ^ _221_/X (sky130_fd_sc_hd__buf_1)
     5    0.01                           _096_ (net)
                  0.18    0.00   20.22 ^ _257_/A (sky130_fd_sc_hd__buf_1)
                  0.22    0.24   20.46 ^ _257_/X (sky130_fd_sc_hd__buf_1)
     5    0.02                           _122_ (net)
                  0.22    0.00   20.47 ^ _258_/S (sky130_fd_sc_hd__mux2_2)
                  0.05    0.37   20.84 v _258_/X (sky130_fd_sc_hd__mux2_2)
     1    0.00                           _123_ (net)
                  0.05    0.00   20.84 v _260_/A0 (sky130_fd_sc_hd__mux2_2)
                  0.05    0.26   21.11 v _260_/X (sky130_fd_sc_hd__mux2_2)
     1    0.00                           _125_ (net)
                  0.05    0.00   21.11 v _261_/A (sky130_fd_sc_hd__buf_1)
                  0.03    0.09   21.20 v _261_/X (sky130_fd_sc_hd__buf_1)
     1    0.00                           _085_ (net)
                  0.03    0.00   21.21 v _495_/D (sky130_fd_sc_hd__dfrtp_2)
                                 21.21   data arrival time

                  0.15  100.00  100.00   clock clk (rise edge)
                          0.00  100.00   clock network delay (ideal)
                         -0.25   99.75   clock uncertainty
                          0.00   99.75   clock reconvergence pessimism
                                 99.75 ^ _495_/CLK (sky130_fd_sc_hd__dfrtp_2)
                         -0.08   99.67   library setup time
                                 99.67   data required time
-----------------------------------------------------------------------------
                                 99.67   data required time
                                -21.21   data arrival time
-----------------------------------------------------------------------------
                                 78.46   slack (MET)


max_report_end
check_report

===========================================================================
report_checks -unconstrained
============================================================================
Startpoint: reset (input port clocked by clk)
Endpoint: _474_ (recovery check against rising-edge clock clk)
Path Group: **async_default**
Path Type: max

Fanout     Cap    Slew   Delay    Time   Description
-----------------------------------------------------------------------------
                  0.15    0.00    0.00   clock clk (rise edge)
                          0.00    0.00   clock network delay (ideal)
                         20.00   20.00 v input external delay
                  0.03    0.02   20.02 v reset (in)
     5    0.01                           reset (net)
                  0.03    0.00   20.02 v _403_/A (sky130_fd_sc_hd__buf_1)
                  0.10    0.14   20.16 v _403_/X (sky130_fd_sc_hd__buf_1)
     5    0.02                           _214_ (net)
                  0.10    0.00   20.16 v _404_/A (sky130_fd_sc_hd__buf_1)
                  0.14    0.21   20.37 v _404_/X (sky130_fd_sc_hd__buf_1)
     5    0.02                           _215_ (net)
                  0.14    0.01   20.37 v _405_/A (sky130_fd_sc_hd__inv_2)
                  0.05    0.08   20.45 ^ _405_/Y (sky130_fd_sc_hd__inv_2)
     1    0.00                           _000_ (net)
                  0.05    0.01   20.46 ^ _474_/RESET_B (sky130_fd_sc_hd__dfrtp_2)
                                 20.46   data arrival time

                  0.15  100.00  100.00   clock clk (rise edge)
                          0.00  100.00   clock network delay (ideal)
                         -0.25   99.75   clock uncertainty
                          0.00   99.75   clock reconvergence pessimism
                                 99.75 ^ _474_/CLK (sky130_fd_sc_hd__dfrtp_2)
                          0.25  100.00   library recovery time
                                100.00   data required time
-----------------------------------------------------------------------------
                                100.00   data required time
                                -20.46   data arrival time
-----------------------------------------------------------------------------
                                 79.54   slack (MET)


Startpoint: read (input port clocked by clk)
Endpoint: _491_ (rising edge-triggered flip-flop clocked by clk)
Path Group: clk
Path Type: max

Fanout     Cap    Slew   Delay    Time   Description
-----------------------------------------------------------------------------
                  0.15    0.00    0.00   clock clk (rise edge)
                          0.00    0.00   clock network delay (ideal)
                         20.00   20.00 ^ input external delay
                  0.05    0.04   20.04 ^ read (in)
     4    0.01                           read (net)
                  0.05    0.00   20.04 ^ _221_/A (sky130_fd_sc_hd__buf_1)
                  0.18    0.18   20.22 ^ _221_/X (sky130_fd_sc_hd__buf_1)
     5    0.01                           _096_ (net)
                  0.18    0.00   20.22 ^ _257_/A (sky130_fd_sc_hd__buf_1)
                  0.22    0.24   20.46 ^ _257_/X (sky130_fd_sc_hd__buf_1)
     5    0.02                           _122_ (net)
                  0.22    0.00   20.47 ^ _271_/S (sky130_fd_sc_hd__mux2_2)
                  0.05    0.37   20.84 v _271_/X (sky130_fd_sc_hd__mux2_2)
     1    0.00                           _132_ (net)
                  0.05    0.00   20.84 v _272_/A0 (sky130_fd_sc_hd__mux2_2)
                  0.05    0.26   21.11 v _272_/X (sky130_fd_sc_hd__mux2_2)
     1    0.00                           _133_ (net)
                  0.05    0.00   21.11 v _273_/A (sky130_fd_sc_hd__buf_1)
                  0.03    0.09   21.20 v _273_/X (sky130_fd_sc_hd__buf_1)
     1    0.00                           _081_ (net)
                  0.03    0.00   21.21 v _491_/D (sky130_fd_sc_hd__dfrtp_2)
                                 21.21   data arrival time

                  0.15  100.00  100.00   clock clk (rise edge)
                          0.00  100.00   clock network delay (ideal)
                         -0.25   99.75   clock uncertainty
                          0.00   99.75   clock reconvergence pessimism
                                 99.75 ^ _491_/CLK (sky130_fd_sc_hd__dfrtp_2)
                         -0.08   99.67   library setup time
                                 99.67   data required time
-----------------------------------------------------------------------------
                                 99.67   data required time
                                -21.21   data arrival time
-----------------------------------------------------------------------------
                                 78.46   slack (MET)



===========================================================================
report_checks --slack_max -0.01
============================================================================
No paths found.
check_report_end
check_slew

===========================================================================
 report_check_types -max_slew -max_cap -max_fanout -violators
============================================================================

===========================================================================
max slew violation count 0
max fanout violation count 0
max cap violation count 0
============================================================================
check_slew_end
tns_report

===========================================================================
 report_tns
============================================================================
tns 0.00
tns_report_end
wns_report

===========================================================================
 report_wns
============================================================================
wns 0.00
wns_report_end
worst_slack

===========================================================================
 report_worst_slack -max (Setup)
============================================================================
worst slack 78.46

===========================================================================
 report_worst_slack -min (Hold)
============================================================================
worst slack 0.34
worst_slack_end
clock_skew

===========================================================================
 report_clock_skew
============================================================================
Clock clk
Latency      CRPR       Skew
_442_/CLK ^
   0.42
_442_/CLK ^
   0.38      0.00       0.04

clock_skew_end
power_report

===========================================================================
 report_power
============================================================================
Group                  Internal  Switching    Leakage      Total
                          Power      Power      Power      Power (Watts)
----------------------------------------------------------------
Sequential             2.82e-05   3.49e-06   5.26e-10   3.16e-05  82.1%
Combinational          4.65e-06   2.26e-06   6.25e-10   6.92e-06  17.9%
Macro                  0.00e+00   0.00e+00   0.00e+00   0.00e+00   0.0%
Pad                    0.00e+00   0.00e+00   0.00e+00   0.00e+00   0.0%
----------------------------------------------------------------
Total                  3.28e-05   5.75e-06   1.15e-09   3.86e-05 100.0%
                          85.1%      14.9%       0.0%
power_report_end
area_report

===========================================================================
 report_design_area
============================================================================
Design area 3077 u^2 100% utilization.
area_report_end
