
Magic 8.3 revision 274 - Compiled on Tue Apr 19 20:14:41 UTC 2022.
Starting magic under Tcl interpreter
Using the terminal as the console.
Using NULL graphics device.
Processing system .magicrc file
Sourcing design .magicrc for technology sky130A ...
2 Magic internal units = 1 Lambda
Input style sky130(vendor): scaleFactor=2, multiplier=2
The following types are not handled by extraction and will be treated as non-electrical types:
    mvobsactive ubm 
Scaled tech values by 2 / 1 to match internal grid scaling
Loading sky130A Device Generator Menu ...
Loading "/foss/tools/openlane/2022.04.07_02.53.08/scripts/magic/mag_gds.tcl" from command line.
Reading LEF data from file /foss/pdk/sky130A/libs.ref/sky130_fd_sc_hd/techlef/sky130_fd_sc_hd.tlef.
This action cannot be undone.
LEF read, Line 78 (Message): Unknown keyword "ANTENNAMODEL" in LEF file; ignoring.
LEF read, Line 79 (Message): Unknown keyword "ANTENNADIFFSIDEAREARATIO" in LEF file; ignoring.
LEF read, Line 111 (Message): Unknown keyword "MINENCLOSEDAREA" in LEF file; ignoring.
LEF read, Line 113 (Message): Unknown keyword "ANTENNAMODEL" in LEF file; ignoring.
LEF read, Line 114 (Message): Unknown keyword "ANTENNADIFFSIDEAREARATIO" in LEF file; ignoring.
LEF read, Line 120 (Message): Unknown keyword "MAXIMUMDENSITY" in LEF file; ignoring.
LEF read, Line 121 (Message): Unknown keyword "DENSITYCHECKWINDOW" in LEF file; ignoring.
LEF read, Line 122 (Message): Unknown keyword "DENSITYCHECKSTEP" in LEF file; ignoring.
LEF read, Line 154 (Message): Unknown keyword "MINENCLOSEDAREA" in LEF file; ignoring.
LEF read, Line 162 (Message): Unknown keyword "ANTENNAMODEL" in LEF file; ignoring.
LEF read, Line 163 (Message): Unknown keyword "ANTENNADIFFSIDEAREARATIO" in LEF file; ignoring.
LEF read, Line 165 (Message): Unknown keyword "MAXIMUMDENSITY" in LEF file; ignoring.
LEF read, Line 166 (Message): Unknown keyword "DENSITYCHECKWINDOW" in LEF file; ignoring.
LEF read, Line 167 (Message): Unknown keyword "DENSITYCHECKSTEP" in LEF file; ignoring.
LEF read, Line 203 (Message): Unknown keyword "ANTENNAMODEL" in LEF file; ignoring.
LEF read, Line 204 (Message): Unknown keyword "ANTENNADIFFSIDEAREARATIO" in LEF file; ignoring.
LEF read, Line 206 (Message): Unknown keyword "MAXIMUMDENSITY" in LEF file; ignoring.
LEF read, Line 207 (Message): Unknown keyword "DENSITYCHECKWINDOW" in LEF file; ignoring.
LEF read, Line 208 (Message): Unknown keyword "DENSITYCHECKSTEP" in LEF file; ignoring.
LEF read, Line 244 (Message): Unknown keyword "ANTENNAMODEL" in LEF file; ignoring.
LEF read, Line 245 (Message): Unknown keyword "ANTENNADIFFSIDEAREARATIO" in LEF file; ignoring.
LEF read, Line 247 (Message): Unknown keyword "MAXIMUMDENSITY" in LEF file; ignoring.
LEF read, Line 248 (Message): Unknown keyword "DENSITYCHECKWINDOW" in LEF file; ignoring.
LEF read, Line 249 (Message): Unknown keyword "DENSITYCHECKSTEP" in LEF file; ignoring.
LEF read, Line 285 (Message): Unknown keyword "ANTENNAMODEL" in LEF file; ignoring.
LEF read, Line 286 (Message): Unknown keyword "ANTENNADIFFSIDEAREARATIO" in LEF file; ignoring.
LEF read: Processed 792 lines.
Reading DEF data from file /foss/designs/ma2022/fll_2/runs/RUN_2022.10.07_08.59.13/results/routing/fll_wrapper_2.def.
This action cannot be undone.
  Processed 4 vias total.
  Processed 1122 subcell instances total.
  Processed 40 pins total.
  Processed 2 special nets total.
  Processed 424 nets total.
DEF read: Processed 7445 lines.
Root cell box:
           width x height  (   llx,  lly  ), (   urx,  ury  )  area (units^2)

microns:  96.625 x 107.345  ( 0.000,  0.000), ( 96.625,  107.345)  10372.210 
lambda:   9662.50 x 10734.50  (  0.00,  0.00 ), ( 9662.50,  10734.50)  103722104.00
internal:  19325 x 21469   (     0,  0    ), ( 19325,  21469)  414888425 
   Generating output for cell sky130_fd_sc_hd__clkbuf_1
   Generating output for cell sky130_fd_sc_hd__decap_3
   Generating output for cell sky130_fd_sc_hd__decap_6
   Generating output for cell sky130_fd_sc_hd__decap_4
   Generating output for cell sky130_fd_sc_hd__decap_8
   Generating output for cell sky130_fd_sc_hd__dfrtp_1
   Generating output for cell sky130_fd_sc_hd__xnor2_1
   Generating output for cell sky130_fd_sc_hd__tapvpwrvgnd_1
   Generating output for cell sky130_fd_sc_hd__fill_2
   Generating output for cell sky130_fd_sc_hd__o221a_1
   Generating output for cell sky130_fd_sc_hd__inv_2
   Generating output for cell sky130_fd_sc_hd__a22o_1
   Generating output for cell sky130_fd_sc_hd__nand2_1
   Generating output for cell sky130_fd_sc_hd__fill_1
   Generating output for cell sky130_fd_sc_hd__o22a_1
   Generating output for cell sky130_fd_sc_hd__and3b_1
   Generating output for cell sky130_fd_sc_hd__dlymetal6s2s_1
   Generating output for cell sky130_fd_sc_hd__clkbuf_2
   Generating output for cell sky130_fd_sc_hd__decap_12
   Generating output for cell sky130_fd_sc_hd__xor2_1
   Generating output for cell sky130_fd_sc_hd__a21oi_1
   Generating output for cell sky130_fd_sc_hd__nor2_1
   Generating output for cell sky130_fd_sc_hd__a221o_1
   Generating output for cell sky130_fd_sc_hd__o2111a_1
   Generating output for cell sky130_fd_sc_hd__and3_1
   Generating output for cell sky130_fd_sc_hd__buf_2
   Generating output for cell sky130_fd_sc_hd__and2_1
   Generating output for cell sky130_fd_sc_hd__a221oi_1
   Generating output for cell sky130_fd_sc_hd__dfrtp_2
   Generating output for cell sky130_fd_sc_hd__dfstp_1
   Generating output for cell sky130_fd_sc_hd__mux2_1
   Generating output for cell sky130_fd_sc_hd__o211a_1
   Generating output for cell sky130_fd_sc_hd__dfxtp_1
   Generating output for cell sky130_fd_sc_hd__nand3b_1
   Generating output for cell sky130_fd_sc_hd__or3_1
   Generating output for cell sky130_fd_sc_hd__dfrtp_4
   Generating output for cell sky130_fd_sc_hd__or2_1
   Generating output for cell sky130_fd_sc_hd__a2bb2o_1
   Generating output for cell sky130_fd_sc_hd__and2b_1
   Generating output for cell sky130_fd_sc_hd__and4_1
   Generating output for cell sky130_fd_sc_hd__nor4_1
   Generating output for cell sky130_fd_sc_hd__o21a_1
   Generating output for cell sky130_fd_sc_hd__o311a_1
   Generating output for cell sky130_fd_sc_hd__or4b_1
   Generating output for cell sky130_fd_sc_hd__dfstp_2
   Generating output for cell sky130_fd_sc_hd__a21o_1
   Generating output for cell sky130_fd_sc_hd__a21oi_2
   Generating output for cell sky130_fd_sc_hd__or2b_1
   Generating output for cell sky130_fd_sc_hd__o21ai_1
   Generating output for cell sky130_fd_sc_hd__a211o_1
   Generating output for cell sky130_fd_sc_hd__o21ba_1
   Generating output for cell sky130_fd_sc_hd__o31a_1
   Generating output for cell sky130_fd_sc_hd__or4bb_1
   Generating output for cell sky130_fd_sc_hd__o2bb2a_1
   Generating output for cell sky130_fd_sc_hd__clkbuf_16
   Generating output for cell sky130_fd_sc_hd__buf_12
   Generating output for cell fll_wrapper_2
[INFO]: GDS Write Complete
