First Layout: /foss/designs/ma2022/fll_2/runs/RUN_2022.10.07_08.59.13/results/finishing/fll_wrapper_2.gds
Second Layout: /foss/designs/ma2022/fll_2/runs/RUN_2022.10.07_08.59.13/results/finishing/fll_wrapper_2.klayout.gds
Design Name: fll_wrapper_2
Output GDS will be: /foss/designs/ma2022/fll_2/runs/RUN_2022.10.07_08.59.13/reports/finishing/fll_wrapper_2.xor.xml
Reading /foss/designs/ma2022/fll_2/runs/RUN_2022.10.07_08.59.13/results/finishing/fll_wrapper_2.gds ..
Reading /foss/designs/ma2022/fll_2/runs/RUN_2022.10.07_08.59.13/results/finishing/fll_wrapper_2.klayout.gds ..
--- Running XOR for 122/16 ---
"input" in: xor.drc:38
    Polygons (raw): 1029 (flat)  59 (hierarchical)
    Elapsed: 0.020s  Memory: 709.00M
"input" in: xor.drc:38
    Polygons (raw): 1029 (flat)  59 (hierarchical)
    Elapsed: 0.010s  Memory: 709.00M
"^" in: xor.drc:38
    Polygons (raw): 0 (flat)  0 (hierarchical)
    Elapsed: 0.050s  Memory: 710.00M
XOR differences: 0
"output" in: xor.drc:40
    Polygons (raw): 0 (flat)  0 (hierarchical)
    Elapsed: 0.020s  Memory: 710.00M
--- Running XOR for 235/4 ---
"input" in: xor.drc:38
    Polygons (raw): 1 (flat)  1 (hierarchical)
    Elapsed: 0.020s  Memory: 710.00M
"input" in: xor.drc:38
    Polygons (raw): 1 (flat)  1 (hierarchical)
    Elapsed: 0.020s  Memory: 710.00M
"^" in: xor.drc:38
    Polygons (raw): 0 (flat)  0 (hierarchical)
    Elapsed: 0.020s  Memory: 710.00M
XOR differences: 0
"output" in: xor.drc:40
    Polygons (raw): 0 (flat)  0 (hierarchical)
    Elapsed: 0.020s  Memory: 710.00M
--- Running XOR for 236/0 ---
"input" in: xor.drc:38
    Polygons (raw): 914 (flat)  53 (hierarchical)
    Elapsed: 0.020s  Memory: 710.00M
"input" in: xor.drc:38
    Polygons (raw): 914 (flat)  53 (hierarchical)
    Elapsed: 0.010s  Memory: 710.00M
"^" in: xor.drc:38
    Polygons (raw): 0 (flat)  0 (hierarchical)
    Elapsed: 0.040s  Memory: 710.00M
XOR differences: 0
"output" in: xor.drc:40
    Polygons (raw): 0 (flat)  0 (hierarchical)
    Elapsed: 0.010s  Memory: 710.00M
--- Running XOR for 64/16 ---
"input" in: xor.drc:38
    Polygons (raw): 1029 (flat)  59 (hierarchical)
    Elapsed: 0.010s  Memory: 710.00M
"input" in: xor.drc:38
    Polygons (raw): 1029 (flat)  59 (hierarchical)
    Elapsed: 0.020s  Memory: 710.00M
"^" in: xor.drc:38
    Polygons (raw): 0 (flat)  0 (hierarchical)
    Elapsed: 0.040s  Memory: 710.00M
XOR differences: 0
"output" in: xor.drc:40
    Polygons (raw): 0 (flat)  0 (hierarchical)
    Elapsed: 0.020s  Memory: 710.00M
--- Running XOR for 64/20 ---
"input" in: xor.drc:38
    Polygons (raw): 1122 (flat)  56 (hierarchical)
    Elapsed: 0.020s  Memory: 710.00M
"input" in: xor.drc:38
    Polygons (raw): 1122 (flat)  56 (hierarchical)
    Elapsed: 0.020s  Memory: 710.00M
"^" in: xor.drc:38
    Polygons (raw): 0 (flat)  0 (hierarchical)
    Elapsed: 0.050s  Memory: 710.00M
XOR differences: 0
"output" in: xor.drc:40
    Polygons (raw): 0 (flat)  0 (hierarchical)
    Elapsed: 0.020s  Memory: 710.00M
--- Running XOR for 64/5 ---
"input" in: xor.drc:38
    Polygons (raw): 0 (flat)  0 (hierarchical)
    Elapsed: 0.010s  Memory: 710.00M
"input" in: xor.drc:38
    Polygons (raw): 0 (flat)  0 (hierarchical)
    Elapsed: 0.020s  Memory: 710.00M
"^" in: xor.drc:38
    Polygons (raw): 0 (flat)  0 (hierarchical)
    Elapsed: 0.030s  Memory: 710.00M
XOR differences: 0
"output" in: xor.drc:40
    Polygons (raw): 0 (flat)  0 (hierarchical)
    Elapsed: 0.020s  Memory: 710.00M
--- Running XOR for 64/59 ---
"input" in: xor.drc:38
    Polygons (raw): 0 (flat)  0 (hierarchical)
    Elapsed: 0.020s  Memory: 710.00M
"input" in: xor.drc:38
    Polygons (raw): 0 (flat)  0 (hierarchical)
    Elapsed: 0.010s  Memory: 710.00M
"^" in: xor.drc:38
    Polygons (raw): 0 (flat)  0 (hierarchical)
    Elapsed: 0.030s  Memory: 710.00M
XOR differences: 0
"output" in: xor.drc:40
    Polygons (raw): 0 (flat)  0 (hierarchical)
    Elapsed: 0.020s  Memory: 710.00M
--- Running XOR for 65/20 ---
"input" in: xor.drc:38
    Polygons (raw): 2354 (flat)  176 (hierarchical)
    Elapsed: 0.020s  Memory: 710.00M
"input" in: xor.drc:38
    Polygons (raw): 2354 (flat)  176 (hierarchical)
    Elapsed: 0.020s  Memory: 710.00M
"^" in: xor.drc:38
    Polygons (raw): 0 (flat)  0 (hierarchical)
    Elapsed: 0.060s  Memory: 710.00M
XOR differences: 0
"output" in: xor.drc:40
    Polygons (raw): 0 (flat)  0 (hierarchical)
    Elapsed: 0.020s  Memory: 710.00M
--- Running XOR for 65/44 ---
"input" in: xor.drc:38
    Polygons (raw): 198 (flat)  2 (hierarchical)
    Elapsed: 0.020s  Memory: 710.00M
"input" in: xor.drc:38
    Polygons (raw): 198 (flat)  2 (hierarchical)
    Elapsed: 0.020s  Memory: 710.00M
"^" in: xor.drc:38
    Polygons (raw): 0 (flat)  0 (hierarchical)
    Elapsed: 0.020s  Memory: 710.00M
XOR differences: 0
"output" in: xor.drc:40
    Polygons (raw): 0 (flat)  0 (hierarchical)
    Elapsed: 0.020s  Memory: 710.00M
--- Running XOR for 66/20 ---
"input" in: xor.drc:38
    Polygons (raw): 3224 (flat)  314 (hierarchical)
    Elapsed: 0.020s  Memory: 710.00M
"input" in: xor.drc:38
    Polygons (raw): 3224 (flat)  314 (hierarchical)
    Elapsed: 0.020s  Memory: 710.00M
"^" in: xor.drc:38
    Polygons (raw): 0 (flat)  0 (hierarchical)
    Elapsed: 0.120s  Memory: 710.00M
XOR differences: 0
"output" in: xor.drc:40
    Polygons (raw): 0 (flat)  0 (hierarchical)
    Elapsed: 0.020s  Memory: 710.00M
--- Running XOR for 66/44 ---
"input" in: xor.drc:38
    Polygons (raw): 13951 (flat)  1341 (hierarchical)
    Elapsed: 0.020s  Memory: 710.00M
"input" in: xor.drc:38
    Polygons (raw): 13951 (flat)  1341 (hierarchical)
    Elapsed: 0.010s  Memory: 710.00M
"^" in: xor.drc:38
    Polygons (raw): 0 (flat)  0 (hierarchical)
    Elapsed: 0.210s  Memory: 710.00M
XOR differences: 0
"output" in: xor.drc:40
    Polygons (raw): 0 (flat)  0 (hierarchical)
    Elapsed: 0.020s  Memory: 710.00M
--- Running XOR for 67/16 ---
"input" in: xor.drc:38
    Polygons (raw): 2411 (flat)  378 (hierarchical)
    Elapsed: 0.020s  Memory: 710.00M
"input" in: xor.drc:38
    Polygons (raw): 2411 (flat)  378 (hierarchical)
    Elapsed: 0.020s  Memory: 710.00M
"^" in: xor.drc:38
    Polygons (raw): 0 (flat)  0 (hierarchical)
    Elapsed: 0.040s  Memory: 710.00M
XOR differences: 0
"output" in: xor.drc:40
    Polygons (raw): 0 (flat)  0 (hierarchical)
    Elapsed: 0.020s  Memory: 710.00M
--- Running XOR for 67/20 ---
"input" in: xor.drc:38
    Polygons (raw): 6843 (flat)  1713 (hierarchical)
    Elapsed: 0.020s  Memory: 710.00M
"input" in: xor.drc:38
    Polygons (raw): 6843 (flat)  536 (hierarchical)
    Elapsed: 0.020s  Memory: 710.00M
"^" in: xor.drc:38
    Polygons (raw): 0 (flat)  0 (hierarchical)
    Elapsed: 0.230s  Memory: 716.00M
XOR differences: 0
"output" in: xor.drc:40
    Polygons (raw): 0 (flat)  0 (hierarchical)
    Elapsed: 0.020s  Memory: 716.00M
--- Running XOR for 67/44 ---
"input" in: xor.drc:38
    Polygons (raw): 13254 (flat)  2130 (hierarchical)
    Elapsed: 0.020s  Memory: 716.00M
"input" in: xor.drc:38
    Polygons (raw): 13254 (flat)  953 (hierarchical)
    Elapsed: 0.010s  Memory: 716.00M
"^" in: xor.drc:38
    Polygons (raw): 0 (flat)  0 (hierarchical)
    Elapsed: 0.160s  Memory: 716.00M
XOR differences: 0
"output" in: xor.drc:40
    Polygons (raw): 0 (flat)  0 (hierarchical)
    Elapsed: 0.010s  Memory: 716.00M
--- Running XOR for 67/5 ---
"input" in: xor.drc:38
    Polygons (raw): 0 (flat)  0 (hierarchical)
    Elapsed: 0.010s  Memory: 716.00M
"input" in: xor.drc:38
    Polygons (raw): 0 (flat)  0 (hierarchical)
    Elapsed: 0.020s  Memory: 716.00M
"^" in: xor.drc:38
    Polygons (raw): 0 (flat)  0 (hierarchical)
    Elapsed: 0.030s  Memory: 716.00M
XOR differences: 0
"output" in: xor.drc:40
    Polygons (raw): 0 (flat)  0 (hierarchical)
    Elapsed: 0.020s  Memory: 716.00M
--- Running XOR for 68/16 ---
"input" in: xor.drc:38
    Polygons (raw): 2274 (flat)  114 (hierarchical)
    Elapsed: 0.020s  Memory: 716.00M
"input" in: xor.drc:38
    Polygons (raw): 2274 (flat)  114 (hierarchical)
    Elapsed: 0.020s  Memory: 716.00M
"^" in: xor.drc:38
    Polygons (raw): 0 (flat)  0 (hierarchical)
    Elapsed: 0.060s  Memory: 716.00M
XOR differences: 0
"output" in: xor.drc:40
    Polygons (raw): 0 (flat)  0 (hierarchical)
    Elapsed: 0.010s  Memory: 716.00M
--- Running XOR for 68/20 ---
"input" in: xor.drc:38
    Polygons (raw): 8454 (flat)  5920 (hierarchical)
    Elapsed: 0.020s  Memory: 716.00M
"input" in: xor.drc:38
    Polygons (raw): 7158 (flat)  2075 (hierarchical)
    Elapsed: 0.020s  Memory: 716.00M
"^" in: xor.drc:38
    Polygons (raw): 0 (flat)  0 (hierarchical)
    Elapsed: 0.160s  Memory: 716.00M
XOR differences: 0
"output" in: xor.drc:40
    Polygons (raw): 0 (flat)  0 (hierarchical)
    Elapsed: 0.020s  Memory: 716.00M
--- Running XOR for 68/44 ---
"input" in: xor.drc:38
    Polygons (raw): 1694 (flat)  1694 (hierarchical)
    Elapsed: 0.020s  Memory: 716.00M
"input" in: xor.drc:38
    Polygons (raw): 1694 (flat)  6 (hierarchical)
    Elapsed: 0.020s  Memory: 716.00M
"^" in: xor.drc:38
    Polygons (raw): 0 (flat)  0 (hierarchical)
    Elapsed: 0.050s  Memory: 716.00M
XOR differences: 0
"output" in: xor.drc:40
    Polygons (raw): 0 (flat)  0 (hierarchical)
    Elapsed: 0.020s  Memory: 716.00M
--- Running XOR for 68/5 ---
"input" in: xor.drc:38
    Polygons (raw): 0 (flat)  0 (hierarchical)
    Elapsed: 0.010s  Memory: 716.00M
"input" in: xor.drc:38
    Polygons (raw): 0 (flat)  0 (hierarchical)
    Elapsed: 0.010s  Memory: 716.00M
"^" in: xor.drc:38
    Polygons (raw): 0 (flat)  0 (hierarchical)
    Elapsed: 0.030s  Memory: 716.00M
XOR differences: 0
"output" in: xor.drc:40
    Polygons (raw): 0 (flat)  0 (hierarchical)
    Elapsed: 0.020s  Memory: 716.00M
--- Running XOR for 69/16 ---
"input" in: xor.drc:38
    Polygons (raw): 20 (flat)  20 (hierarchical)
    Elapsed: 0.020s  Memory: 716.00M
"input" in: xor.drc:38
    Polygons (raw): 20 (flat)  20 (hierarchical)
    Elapsed: 0.020s  Memory: 716.00M
"^" in: xor.drc:38
    Polygons (raw): 0 (flat)  0 (hierarchical)
    Elapsed: 0.030s  Memory: 716.00M
XOR differences: 0
"output" in: xor.drc:40
    Polygons (raw): 0 (flat)  0 (hierarchical)
    Elapsed: 0.010s  Memory: 716.00M
--- Running XOR for 69/20 ---
"input" in: xor.drc:38
    Polygons (raw): 2357 (flat)  2357 (hierarchical)
    Elapsed: 0.020s  Memory: 716.00M
"input" in: xor.drc:38
    Polygons (raw): 2413 (flat)  910 (hierarchical)
    Elapsed: 0.020s  Memory: 716.00M
"^" in: xor.drc:38
    Polygons (raw): 20 (flat)  20 (hierarchical)
    Elapsed: 0.070s  Memory: 716.00M
XOR differences: 20
"output" in: xor.drc:40
    Polygons (raw): 20 (flat)  20 (hierarchical)
    Elapsed: 0.010s  Memory: 716.00M
--- Running XOR for 69/44 ---
"input" in: xor.drc:38
    Polygons (raw): 373 (flat)  373 (hierarchical)
    Elapsed: 0.020s  Memory: 716.00M
"input" in: xor.drc:38
    Polygons (raw): 373 (flat)  5 (hierarchical)
    Elapsed: 0.010s  Memory: 716.00M
"^" in: xor.drc:38
    Polygons (raw): 0 (flat)  0 (hierarchical)
    Elapsed: 0.030s  Memory: 716.00M
XOR differences: 0
"output" in: xor.drc:40
    Polygons (raw): 0 (flat)  0 (hierarchical)
    Elapsed: 0.020s  Memory: 716.00M
--- Running XOR for 69/5 ---
"input" in: xor.drc:38
    Polygons (raw): 0 (flat)  0 (hierarchical)
    Elapsed: 0.030s  Memory: 716.00M
"input" in: xor.drc:38
    Polygons (raw): 0 (flat)  0 (hierarchical)
    Elapsed: 0.020s  Memory: 716.00M
"^" in: xor.drc:38
    Polygons (raw): 0 (flat)  0 (hierarchical)
    Elapsed: 0.020s  Memory: 716.00M
XOR differences: 0
"output" in: xor.drc:40
    Polygons (raw): 0 (flat)  0 (hierarchical)
    Elapsed: 0.020s  Memory: 716.00M
--- Running XOR for 70/16 ---
"input" in: xor.drc:38
    Polygons (raw): 18 (flat)  18 (hierarchical)
    Elapsed: 0.020s  Memory: 716.00M
"input" in: xor.drc:38
    Polygons (raw): 18 (flat)  18 (hierarchical)
    Elapsed: 0.020s  Memory: 716.00M
"^" in: xor.drc:38
    Polygons (raw): 0 (flat)  0 (hierarchical)
    Elapsed: 0.020s  Memory: 716.00M
XOR differences: 0
"output" in: xor.drc:40
    Polygons (raw): 0 (flat)  0 (hierarchical)
    Elapsed: 0.020s  Memory: 716.00M
--- Running XOR for 70/20 ---
"input" in: xor.drc:38
    Polygons (raw): 263 (flat)  263 (hierarchical)
    Elapsed: 0.020s  Memory: 716.00M
"input" in: xor.drc:38
    Polygons (raw): 256 (flat)  45 (hierarchical)
    Elapsed: 0.020s  Memory: 716.00M
"^" in: xor.drc:38
    Polygons (raw): 18 (flat)  18 (hierarchical)
    Elapsed: 0.030s  Memory: 716.00M
XOR differences: 18
"output" in: xor.drc:40
    Polygons (raw): 18 (flat)  18 (hierarchical)
    Elapsed: 0.020s  Memory: 716.00M
--- Running XOR for 70/44 ---
"input" in: xor.drc:38
    Polygons (raw): 322 (flat)  322 (hierarchical)
    Elapsed: 0.020s  Memory: 716.00M
"input" in: xor.drc:38
    Polygons (raw): 322 (flat)  5 (hierarchical)
    Elapsed: 0.010s  Memory: 716.00M
"^" in: xor.drc:38
    Polygons (raw): 0 (flat)  0 (hierarchical)
    Elapsed: 0.020s  Memory: 716.00M
XOR differences: 0
"output" in: xor.drc:40
    Polygons (raw): 0 (flat)  0 (hierarchical)
    Elapsed: 0.020s  Memory: 716.00M
--- Running XOR for 70/5 ---
"input" in: xor.drc:38
    Polygons (raw): 0 (flat)  0 (hierarchical)
    Elapsed: 0.020s  Memory: 716.00M
"input" in: xor.drc:38
    Polygons (raw): 0 (flat)  0 (hierarchical)
    Elapsed: 0.020s  Memory: 716.00M
"^" in: xor.drc:38
    Polygons (raw): 0 (flat)  0 (hierarchical)
    Elapsed: 0.020s  Memory: 716.00M
XOR differences: 0
"output" in: xor.drc:40
    Polygons (raw): 0 (flat)  0 (hierarchical)
    Elapsed: 0.020s  Memory: 716.00M
--- Running XOR for 71/16 ---
"input" in: xor.drc:38
    Polygons (raw): 5 (flat)  5 (hierarchical)
    Elapsed: 0.010s  Memory: 716.00M
"input" in: xor.drc:38
    Polygons (raw): 5 (flat)  5 (hierarchical)
    Elapsed: 0.010s  Memory: 716.00M
"^" in: xor.drc:38
    Polygons (raw): 0 (flat)  0 (hierarchical)
    Elapsed: 0.030s  Memory: 716.00M
XOR differences: 0
"output" in: xor.drc:40
    Polygons (raw): 0 (flat)  0 (hierarchical)
    Elapsed: 0.020s  Memory: 716.00M
--- Running XOR for 71/20 ---
"input" in: xor.drc:38
    Polygons (raw): 8 (flat)  8 (hierarchical)
    Elapsed: 0.020s  Memory: 716.00M
"input" in: xor.drc:38
    Polygons (raw): 101 (flat)  9 (hierarchical)
    Elapsed: 0.020s  Memory: 716.00M
"^" in: xor.drc:38
    Polygons (raw): 0 (flat)  0 (hierarchical)
    Elapsed: 0.020s  Memory: 716.00M
XOR differences: 0
"output" in: xor.drc:40
    Polygons (raw): 0 (flat)  0 (hierarchical)
    Elapsed: 0.020s  Memory: 716.00M
--- Running XOR for 71/44 ---
"input" in: xor.drc:38
    Polygons (raw): 13 (flat)  13 (hierarchical)
    Elapsed: 0.020s  Memory: 716.00M
"input" in: xor.drc:38
    Polygons (raw): 13 (flat)  1 (hierarchical)
    Elapsed: 0.020s  Memory: 716.00M
"^" in: xor.drc:38
    Polygons (raw): 20 (flat)  20 (hierarchical)
    Elapsed: 0.020s  Memory: 716.00M
XOR differences: 20
"output" in: xor.drc:40
    Polygons (raw): 20 (flat)  20 (hierarchical)
    Elapsed: 0.010s  Memory: 716.00M
--- Running XOR for 71/5 ---
"input" in: xor.drc:38
    Polygons (raw): 0 (flat)  0 (hierarchical)
    Elapsed: 0.020s  Memory: 716.00M
"input" in: xor.drc:38
    Polygons (raw): 0 (flat)  0 (hierarchical)
    Elapsed: 0.020s  Memory: 716.00M
"^" in: xor.drc:38
    Polygons (raw): 0 (flat)  0 (hierarchical)
    Elapsed: 0.020s  Memory: 716.00M
XOR differences: 0
"output" in: xor.drc:40
    Polygons (raw): 0 (flat)  0 (hierarchical)
    Elapsed: 0.020s  Memory: 716.00M
--- Running XOR for 72/16 ---
"input" in: xor.drc:38
    Polygons (raw): 5 (flat)  5 (hierarchical)
    Elapsed: 0.020s  Memory: 716.00M
"input" in: xor.drc:38
    Polygons (raw): 5 (flat)  5 (hierarchical)
    Elapsed: 0.020s  Memory: 716.00M
"^" in: xor.drc:38
    Polygons (raw): 8 (flat)  8 (hierarchical)
    Elapsed: 0.030s  Memory: 716.00M
XOR differences: 8
"output" in: xor.drc:40
    Polygons (raw): 8 (flat)  8 (hierarchical)
    Elapsed: 0.010s  Memory: 716.00M
--- Running XOR for 72/20 ---
"input" in: xor.drc:38
    Polygons (raw): 5 (flat)  5 (hierarchical)
    Elapsed: 0.020s  Memory: 716.00M
"input" in: xor.drc:38
    Polygons (raw): 18 (flat)  6 (hierarchical)
    Elapsed: 0.020s  Memory: 716.00M
"^" in: xor.drc:38
    Polygons (raw): 8 (flat)  8 (hierarchical)
    Elapsed: 0.020s  Memory: 716.00M
XOR differences: 8
"output" in: xor.drc:40
    Polygons (raw): 8 (flat)  8 (hierarchical)
    Elapsed: 0.020s  Memory: 716.00M
--- Running XOR for 72/5 ---
"input" in: xor.drc:38
    Polygons (raw): 0 (flat)  0 (hierarchical)
    Elapsed: 0.020s  Memory: 716.00M
"input" in: xor.drc:38
    Polygons (raw): 0 (flat)  0 (hierarchical)
    Elapsed: 0.020s  Memory: 716.00M
"^" in: xor.drc:38
    Polygons (raw): 0 (flat)  0 (hierarchical)
    Elapsed: 0.020s  Memory: 716.00M
XOR differences: 0
"output" in: xor.drc:40
    Polygons (raw): 0 (flat)  0 (hierarchical)
    Elapsed: 0.020s  Memory: 716.00M
--- Running XOR for 78/44 ---
"input" in: xor.drc:38
    Polygons (raw): 1163 (flat)  62 (hierarchical)
    Elapsed: 0.020s  Memory: 716.00M
"input" in: xor.drc:38
    Polygons (raw): 1163 (flat)  62 (hierarchical)
    Elapsed: 0.020s  Memory: 716.00M
"^" in: xor.drc:38
    Polygons (raw): 0 (flat)  0 (hierarchical)
    Elapsed: 0.050s  Memory: 716.00M
XOR differences: 0
"output" in: xor.drc:40
    Polygons (raw): 0 (flat)  0 (hierarchical)
    Elapsed: 0.020s  Memory: 716.00M
--- Running XOR for 81/4 ---
"input" in: xor.drc:38
    Polygons (raw): 1122 (flat)  56 (hierarchical)
    Elapsed: 0.020s  Memory: 716.00M
"input" in: xor.drc:38
    Polygons (raw): 1122 (flat)  56 (hierarchical)
    Elapsed: 0.020s  Memory: 716.00M
"^" in: xor.drc:38
    Polygons (raw): 0 (flat)  0 (hierarchical)
    Elapsed: 0.050s  Memory: 716.00M
XOR differences: 0
"output" in: xor.drc:40
    Polygons (raw): 0 (flat)  0 (hierarchical)
    Elapsed: 0.010s  Memory: 716.00M
--- Running XOR for 83/44 ---
"input" in: xor.drc:38
    Polygons (raw): 0 (flat)  0 (hierarchical)
    Elapsed: 0.020s  Memory: 716.00M
"input" in: xor.drc:38
    Polygons (raw): 0 (flat)  0 (hierarchical)
    Elapsed: 0.020s  Memory: 716.00M
"^" in: xor.drc:38
    Polygons (raw): 0 (flat)  0 (hierarchical)
    Elapsed: 0.030s  Memory: 716.00M
XOR differences: 0
"output" in: xor.drc:40
    Polygons (raw): 0 (flat)  0 (hierarchical)
    Elapsed: 0.020s  Memory: 716.00M
--- Running XOR for 93/44 ---
"input" in: xor.drc:38
    Polygons (raw): 1221 (flat)  57 (hierarchical)
    Elapsed: 0.020s  Memory: 716.00M
"input" in: xor.drc:38
    Polygons (raw): 1221 (flat)  57 (hierarchical)
    Elapsed: 0.020s  Memory: 716.00M
"^" in: xor.drc:38
    Polygons (raw): 0 (flat)  0 (hierarchical)
    Elapsed: 0.050s  Memory: 716.00M
XOR differences: 0
"output" in: xor.drc:40
    Polygons (raw): 0 (flat)  0 (hierarchical)
    Elapsed: 0.020s  Memory: 716.00M
--- Running XOR for 94/20 ---
"input" in: xor.drc:38
    Polygons (raw): 1221 (flat)  57 (hierarchical)
    Elapsed: 0.010s  Memory: 716.00M
"input" in: xor.drc:38
    Polygons (raw): 1221 (flat)  57 (hierarchical)
    Elapsed: 0.020s  Memory: 716.00M
"^" in: xor.drc:38
    Polygons (raw): 0 (flat)  0 (hierarchical)
    Elapsed: 0.060s  Memory: 716.00M
XOR differences: 0
"output" in: xor.drc:40
    Polygons (raw): 0 (flat)  0 (hierarchical)
    Elapsed: 0.020s  Memory: 716.00M
--- Running XOR for 95/20 ---
"input" in: xor.drc:38
    Polygons (raw): 1000 (flat)  64 (hierarchical)
    Elapsed: 0.010s  Memory: 716.00M
"input" in: xor.drc:38
    Polygons (raw): 1000 (flat)  64 (hierarchical)
    Elapsed: 0.010s  Memory: 716.00M
"^" in: xor.drc:38
    Polygons (raw): 0 (flat)  0 (hierarchical)
    Elapsed: 0.060s  Memory: 716.00M
XOR differences: 0
"output" in: xor.drc:40
    Polygons (raw): 0 (flat)  0 (hierarchical)
    Elapsed: 0.010s  Memory: 716.00M
Writing report database: /foss/designs/ma2022/fll_2/runs/RUN_2022.10.07_08.59.13/reports/finishing/fll_wrapper_2.xor.xml ..
Total elapsed: 4.480s  Memory: 716.00M
