
===========================================================================
report_checks -path_delay max (Setup)
============================================================================
Startpoint: reset (input port clocked by clk)
Endpoint: _474_ (recovery check against rising-edge clock clk)
Path Group: **async_default**
Path Type: max

Fanout     Cap    Slew   Delay    Time   Description
-----------------------------------------------------------------------------
                          0.00    0.00   clock clk (rise edge)
                          0.00    0.00   clock network delay (propagated)
                         20.00   20.00 v input external delay
                  0.02    0.01   20.01 v reset (in)
     1    0.01                           reset (net)
                  0.02    0.00   20.01 v input35/A (sky130_fd_sc_hd__clkbuf_2)
                  0.08    0.15   20.16 v input35/X (sky130_fd_sc_hd__clkbuf_2)
     5    0.02                           net35 (net)
                  0.08    0.00   20.16 v _403_/A (sky130_fd_sc_hd__clkbuf_2)
                  0.12    0.20   20.36 v _403_/X (sky130_fd_sc_hd__clkbuf_2)
     5    0.03                           _214_ (net)
                  0.12    0.00   20.36 v _404_/A (sky130_fd_sc_hd__buf_2)
                  0.08    0.22   20.58 v _404_/X (sky130_fd_sc_hd__buf_2)
     5    0.03                           _215_ (net)
                  0.08    0.00   20.58 v _405_/A (sky130_fd_sc_hd__inv_2)
                  0.04    0.07   20.65 ^ _405_/Y (sky130_fd_sc_hd__inv_2)
     1    0.01                           _000_ (net)
                  0.04    0.00   20.65 ^ _474_/RESET_B (sky130_fd_sc_hd__dfrtp_2)
                                 20.65   data arrival time

                        100.00  100.00   clock clk (rise edge)
                          0.00  100.00   clock source latency
                  0.09    0.06  100.06 ^ clk (in)
     1    0.02                           clk (net)
                  0.09    0.00  100.06 ^ clkbuf_0_clk/A (sky130_fd_sc_hd__clkbuf_16)
                  0.03    0.13  100.18 ^ clkbuf_0_clk/X (sky130_fd_sc_hd__clkbuf_16)
     2    0.01                           clknet_0_clk (net)
                  0.03    0.00  100.18 ^ clkbuf_1_0_0_clk/A (sky130_fd_sc_hd__clkbuf_2)
                  0.06    0.11  100.29 ^ clkbuf_1_0_0_clk/X (sky130_fd_sc_hd__clkbuf_2)
     2    0.01                           clknet_1_0_0_clk (net)
                  0.06    0.00  100.29 ^ clkbuf_2_1_0_clk/A (sky130_fd_sc_hd__clkbuf_2)
                  0.05    0.11  100.40 ^ clkbuf_2_1_0_clk/X (sky130_fd_sc_hd__clkbuf_2)
     2    0.01                           clknet_2_1_0_clk (net)
                  0.05    0.00  100.40 ^ clkbuf_3_2_0_clk/A (sky130_fd_sc_hd__clkbuf_2)
                  0.14    0.17  100.57 ^ clkbuf_3_2_0_clk/X (sky130_fd_sc_hd__clkbuf_2)
     7    0.02                           clknet_3_2_0_clk (net)
                  0.14    0.00  100.57 ^ _474_/CLK (sky130_fd_sc_hd__dfrtp_2)
                         -0.25  100.32   clock uncertainty
                          0.00  100.32   clock reconvergence pessimism
                          0.25  100.57   library recovery time
                                100.57   data required time
-----------------------------------------------------------------------------
                                100.57   data required time
                                -20.65   data arrival time
-----------------------------------------------------------------------------
                                 79.92   slack (MET)


Startpoint: reset (input port clocked by clk)
Endpoint: _477_ (recovery check against rising-edge clock clk)
Path Group: **async_default**
Path Type: max

Fanout     Cap    Slew   Delay    Time   Description
-----------------------------------------------------------------------------
                          0.00    0.00   clock clk (rise edge)
                          0.00    0.00   clock network delay (propagated)
                         20.00   20.00 v input external delay
                  0.02    0.01   20.01 v reset (in)
     1    0.01                           reset (net)
                  0.02    0.00   20.01 v input35/A (sky130_fd_sc_hd__clkbuf_2)
                  0.08    0.15   20.16 v input35/X (sky130_fd_sc_hd__clkbuf_2)
     5    0.02                           net35 (net)
                  0.08    0.00   20.16 v _403_/A (sky130_fd_sc_hd__clkbuf_2)
                  0.12    0.20   20.36 v _403_/X (sky130_fd_sc_hd__clkbuf_2)
     5    0.03                           _214_ (net)
                  0.12    0.00   20.36 v _404_/A (sky130_fd_sc_hd__buf_2)
                  0.08    0.22   20.58 v _404_/X (sky130_fd_sc_hd__buf_2)
     5    0.03                           _215_ (net)
                  0.08    0.00   20.58 v _408_/A (sky130_fd_sc_hd__inv_2)
                  0.05    0.07   20.65 ^ _408_/Y (sky130_fd_sc_hd__inv_2)
     1    0.01                           _003_ (net)
                  0.05    0.00   20.65 ^ _477_/RESET_B (sky130_fd_sc_hd__dfrtp_1)
                                 20.65   data arrival time

                        100.00  100.00   clock clk (rise edge)
                          0.00  100.00   clock source latency
                  0.09    0.06  100.06 ^ clk (in)
     1    0.02                           clk (net)
                  0.09    0.00  100.06 ^ clkbuf_0_clk/A (sky130_fd_sc_hd__clkbuf_16)
                  0.03    0.13  100.18 ^ clkbuf_0_clk/X (sky130_fd_sc_hd__clkbuf_16)
     2    0.01                           clknet_0_clk (net)
                  0.03    0.00  100.18 ^ clkbuf_1_0_0_clk/A (sky130_fd_sc_hd__clkbuf_2)
                  0.06    0.11  100.29 ^ clkbuf_1_0_0_clk/X (sky130_fd_sc_hd__clkbuf_2)
     2    0.01                           clknet_1_0_0_clk (net)
                  0.06    0.00  100.29 ^ clkbuf_2_1_0_clk/A (sky130_fd_sc_hd__clkbuf_2)
                  0.05    0.11  100.40 ^ clkbuf_2_1_0_clk/X (sky130_fd_sc_hd__clkbuf_2)
     2    0.01                           clknet_2_1_0_clk (net)
                  0.05    0.00  100.40 ^ clkbuf_3_2_0_clk/A (sky130_fd_sc_hd__clkbuf_2)
                  0.14    0.17  100.57 ^ clkbuf_3_2_0_clk/X (sky130_fd_sc_hd__clkbuf_2)
     7    0.02                           clknet_3_2_0_clk (net)
                  0.14    0.00  100.57 ^ _477_/CLK (sky130_fd_sc_hd__dfrtp_1)
                         -0.25  100.32   clock uncertainty
                          0.00  100.32   clock reconvergence pessimism
                          0.26  100.58   library recovery time
                                100.58   data required time
-----------------------------------------------------------------------------
                                100.58   data required time
                                -20.65   data arrival time
-----------------------------------------------------------------------------
                                 79.92   slack (MET)


Startpoint: reset (input port clocked by clk)
Endpoint: _478_ (recovery check against rising-edge clock clk)
Path Group: **async_default**
Path Type: max

Fanout     Cap    Slew   Delay    Time   Description
-----------------------------------------------------------------------------
                          0.00    0.00   clock clk (rise edge)
                          0.00    0.00   clock network delay (propagated)
                         20.00   20.00 v input external delay
                  0.02    0.01   20.01 v reset (in)
     1    0.01                           reset (net)
                  0.02    0.00   20.01 v input35/A (sky130_fd_sc_hd__clkbuf_2)
                  0.08    0.15   20.16 v input35/X (sky130_fd_sc_hd__clkbuf_2)
     5    0.02                           net35 (net)
                  0.08    0.00   20.16 v _403_/A (sky130_fd_sc_hd__clkbuf_2)
                  0.12    0.20   20.36 v _403_/X (sky130_fd_sc_hd__clkbuf_2)
     5    0.03                           _214_ (net)
                  0.12    0.00   20.36 v _404_/A (sky130_fd_sc_hd__buf_2)
                  0.08    0.22   20.58 v _404_/X (sky130_fd_sc_hd__buf_2)
     5    0.03                           _215_ (net)
                  0.08    0.00   20.58 v _409_/A (sky130_fd_sc_hd__inv_2)
                  0.05    0.07   20.65 ^ _409_/Y (sky130_fd_sc_hd__inv_2)
     1    0.01                           _004_ (net)
                  0.05    0.00   20.65 ^ _478_/RESET_B (sky130_fd_sc_hd__dfrtp_1)
                                 20.65   data arrival time

                        100.00  100.00   clock clk (rise edge)
                          0.00  100.00   clock source latency
                  0.09    0.06  100.06 ^ clk (in)
     1    0.02                           clk (net)
                  0.09    0.00  100.06 ^ clkbuf_0_clk/A (sky130_fd_sc_hd__clkbuf_16)
                  0.03    0.13  100.18 ^ clkbuf_0_clk/X (sky130_fd_sc_hd__clkbuf_16)
     2    0.01                           clknet_0_clk (net)
                  0.03    0.00  100.18 ^ clkbuf_1_0_0_clk/A (sky130_fd_sc_hd__clkbuf_2)
                  0.06    0.11  100.29 ^ clkbuf_1_0_0_clk/X (sky130_fd_sc_hd__clkbuf_2)
     2    0.01                           clknet_1_0_0_clk (net)
                  0.06    0.00  100.29 ^ clkbuf_2_1_0_clk/A (sky130_fd_sc_hd__clkbuf_2)
                  0.05    0.11  100.40 ^ clkbuf_2_1_0_clk/X (sky130_fd_sc_hd__clkbuf_2)
     2    0.01                           clknet_2_1_0_clk (net)
                  0.05    0.00  100.40 ^ clkbuf_3_2_0_clk/A (sky130_fd_sc_hd__clkbuf_2)
                  0.14    0.17  100.57 ^ clkbuf_3_2_0_clk/X (sky130_fd_sc_hd__clkbuf_2)
     7    0.02                           clknet_3_2_0_clk (net)
                  0.14    0.00  100.57 ^ _478_/CLK (sky130_fd_sc_hd__dfrtp_1)
                         -0.25  100.32   clock uncertainty
                          0.00  100.32   clock reconvergence pessimism
                          0.26  100.58   library recovery time
                                100.58   data required time
-----------------------------------------------------------------------------
                                100.58   data required time
                                -20.65   data arrival time
-----------------------------------------------------------------------------
                                 79.93   slack (MET)


Startpoint: reset (input port clocked by clk)
Endpoint: _475_ (recovery check against rising-edge clock clk)
Path Group: **async_default**
Path Type: max

Fanout     Cap    Slew   Delay    Time   Description
-----------------------------------------------------------------------------
                          0.00    0.00   clock clk (rise edge)
                          0.00    0.00   clock network delay (propagated)
                         20.00   20.00 v input external delay
                  0.02    0.01   20.01 v reset (in)
     1    0.01                           reset (net)
                  0.02    0.00   20.01 v input35/A (sky130_fd_sc_hd__clkbuf_2)
                  0.08    0.15   20.16 v input35/X (sky130_fd_sc_hd__clkbuf_2)
     5    0.02                           net35 (net)
                  0.08    0.00   20.16 v _403_/A (sky130_fd_sc_hd__clkbuf_2)
                  0.12    0.20   20.36 v _403_/X (sky130_fd_sc_hd__clkbuf_2)
     5    0.03                           _214_ (net)
                  0.12    0.00   20.36 v _404_/A (sky130_fd_sc_hd__buf_2)
                  0.08    0.22   20.58 v _404_/X (sky130_fd_sc_hd__buf_2)
     5    0.03                           _215_ (net)
                  0.08    0.00   20.58 v _406_/A (sky130_fd_sc_hd__inv_2)
                  0.04    0.07   20.65 ^ _406_/Y (sky130_fd_sc_hd__inv_2)
     1    0.01                           _001_ (net)
                  0.04    0.00   20.65 ^ _475_/RESET_B (sky130_fd_sc_hd__dfrtp_1)
                                 20.65   data arrival time

                        100.00  100.00   clock clk (rise edge)
                          0.00  100.00   clock source latency
                  0.09    0.06  100.06 ^ clk (in)
     1    0.02                           clk (net)
                  0.09    0.00  100.06 ^ clkbuf_0_clk/A (sky130_fd_sc_hd__clkbuf_16)
                  0.03    0.13  100.18 ^ clkbuf_0_clk/X (sky130_fd_sc_hd__clkbuf_16)
     2    0.01                           clknet_0_clk (net)
                  0.03    0.00  100.18 ^ clkbuf_1_0_0_clk/A (sky130_fd_sc_hd__clkbuf_2)
                  0.06    0.11  100.29 ^ clkbuf_1_0_0_clk/X (sky130_fd_sc_hd__clkbuf_2)
     2    0.01                           clknet_1_0_0_clk (net)
                  0.06    0.00  100.29 ^ clkbuf_2_1_0_clk/A (sky130_fd_sc_hd__clkbuf_2)
                  0.05    0.11  100.40 ^ clkbuf_2_1_0_clk/X (sky130_fd_sc_hd__clkbuf_2)
     2    0.01                           clknet_2_1_0_clk (net)
                  0.05    0.00  100.40 ^ clkbuf_3_2_0_clk/A (sky130_fd_sc_hd__clkbuf_2)
                  0.14    0.17  100.57 ^ clkbuf_3_2_0_clk/X (sky130_fd_sc_hd__clkbuf_2)
     7    0.02                           clknet_3_2_0_clk (net)
                  0.14    0.00  100.57 ^ _475_/CLK (sky130_fd_sc_hd__dfrtp_1)
                         -0.25  100.32   clock uncertainty
                          0.00  100.32   clock reconvergence pessimism
                          0.26  100.58   library recovery time
                                100.58   data required time
-----------------------------------------------------------------------------
                                100.58   data required time
                                -20.65   data arrival time
-----------------------------------------------------------------------------
                                 79.93   slack (MET)


Startpoint: reset (input port clocked by clk)
Endpoint: _476_ (recovery check against rising-edge clock clk)
Path Group: **async_default**
Path Type: max

Fanout     Cap    Slew   Delay    Time   Description
-----------------------------------------------------------------------------
                          0.00    0.00   clock clk (rise edge)
                          0.00    0.00   clock network delay (propagated)
                         20.00   20.00 v input external delay
                  0.02    0.01   20.01 v reset (in)
     1    0.01                           reset (net)
                  0.02    0.00   20.01 v input35/A (sky130_fd_sc_hd__clkbuf_2)
                  0.08    0.15   20.16 v input35/X (sky130_fd_sc_hd__clkbuf_2)
     5    0.02                           net35 (net)
                  0.08    0.00   20.16 v _403_/A (sky130_fd_sc_hd__clkbuf_2)
                  0.12    0.20   20.36 v _403_/X (sky130_fd_sc_hd__clkbuf_2)
     5    0.03                           _214_ (net)
                  0.12    0.00   20.36 v _404_/A (sky130_fd_sc_hd__buf_2)
                  0.08    0.22   20.58 v _404_/X (sky130_fd_sc_hd__buf_2)
     5    0.03                           _215_ (net)
                  0.08    0.00   20.58 v _407_/A (sky130_fd_sc_hd__inv_2)
                  0.04    0.07   20.65 ^ _407_/Y (sky130_fd_sc_hd__inv_2)
     1    0.01                           _002_ (net)
                  0.04    0.00   20.65 ^ _476_/RESET_B (sky130_fd_sc_hd__dfrtp_1)
                                 20.65   data arrival time

                        100.00  100.00   clock clk (rise edge)
                          0.00  100.00   clock source latency
                  0.09    0.06  100.06 ^ clk (in)
     1    0.02                           clk (net)
                  0.09    0.00  100.06 ^ clkbuf_0_clk/A (sky130_fd_sc_hd__clkbuf_16)
                  0.03    0.13  100.18 ^ clkbuf_0_clk/X (sky130_fd_sc_hd__clkbuf_16)
     2    0.01                           clknet_0_clk (net)
                  0.03    0.00  100.18 ^ clkbuf_1_0_0_clk/A (sky130_fd_sc_hd__clkbuf_2)
                  0.06    0.11  100.29 ^ clkbuf_1_0_0_clk/X (sky130_fd_sc_hd__clkbuf_2)
     2    0.01                           clknet_1_0_0_clk (net)
                  0.06    0.00  100.29 ^ clkbuf_2_1_0_clk/A (sky130_fd_sc_hd__clkbuf_2)
                  0.05    0.11  100.40 ^ clkbuf_2_1_0_clk/X (sky130_fd_sc_hd__clkbuf_2)
     2    0.01                           clknet_2_1_0_clk (net)
                  0.05    0.00  100.40 ^ clkbuf_3_2_0_clk/A (sky130_fd_sc_hd__clkbuf_2)
                  0.14    0.17  100.57 ^ clkbuf_3_2_0_clk/X (sky130_fd_sc_hd__clkbuf_2)
     7    0.02                           clknet_3_2_0_clk (net)
                  0.14    0.00  100.57 ^ _476_/CLK (sky130_fd_sc_hd__dfrtp_1)
                         -0.25  100.32   clock uncertainty
                          0.00  100.32   clock reconvergence pessimism
                          0.26  100.58   library recovery time
                                100.58   data required time
-----------------------------------------------------------------------------
                                100.58   data required time
                                -20.65   data arrival time
-----------------------------------------------------------------------------
                                 79.93   slack (MET)


Startpoint: _451_ (rising edge-triggered flip-flop clocked by clk)
Endpoint: r_load[9] (output port clocked by clk)
Path Group: clk
Path Type: max

Fanout     Cap    Slew   Delay    Time   Description
-----------------------------------------------------------------------------
                          0.00    0.00   clock clk (rise edge)
                          0.00    0.00   clock source latency
                  0.09    0.06    0.06 ^ clk (in)
     1    0.02                           clk (net)
                  0.09    0.00    0.06 ^ clkbuf_0_clk/A (sky130_fd_sc_hd__clkbuf_16)
                  0.03    0.14    0.20 ^ clkbuf_0_clk/X (sky130_fd_sc_hd__clkbuf_16)
     2    0.01                           clknet_0_clk (net)
                  0.03    0.00    0.20 ^ clkbuf_1_1_0_clk/A (sky130_fd_sc_hd__clkbuf_2)
                  0.05    0.11    0.32 ^ clkbuf_1_1_0_clk/X (sky130_fd_sc_hd__clkbuf_2)
     2    0.01                           clknet_1_1_0_clk (net)
                  0.05    0.00    0.32 ^ clkbuf_2_3_0_clk/A (sky130_fd_sc_hd__clkbuf_2)
                  0.06    0.13    0.45 ^ clkbuf_2_3_0_clk/X (sky130_fd_sc_hd__clkbuf_2)
     2    0.01                           clknet_2_3_0_clk (net)
                  0.06    0.00    0.45 ^ clkbuf_3_7_0_clk/A (sky130_fd_sc_hd__clkbuf_2)
                  0.23    0.25    0.70 ^ clkbuf_3_7_0_clk/X (sky130_fd_sc_hd__clkbuf_2)
    12    0.04                           clknet_3_7_0_clk (net)
                  0.23    0.00    0.70 ^ _451_/CLK (sky130_fd_sc_hd__dfxtp_1)
                  0.12    0.44    1.14 ^ _451_/Q (sky130_fd_sc_hd__dfxtp_1)
     2    0.01                           net68 (net)
                  0.12    0.00    1.14 ^ output68/A (sky130_fd_sc_hd__buf_2)
                  0.18    0.25    1.39 ^ output68/X (sky130_fd_sc_hd__buf_2)
     1    0.03                           r_load[9] (net)
                  0.18    0.00    1.39 ^ r_load[9] (out)
                                  1.39   data arrival time

                        100.00  100.00   clock clk (rise edge)
                          0.00  100.00   clock network delay (propagated)
                         -0.25   99.75   clock uncertainty
                          0.00   99.75   clock reconvergence pessimism
                        -20.00   79.75   output external delay
                                 79.75   data required time
-----------------------------------------------------------------------------
                                 79.75   data required time
                                 -1.39   data arrival time
-----------------------------------------------------------------------------
                                 78.36   slack (MET)


Startpoint: _453_ (rising edge-triggered flip-flop clocked by clk)
Endpoint: r_load[11] (output port clocked by clk)
Path Group: clk
Path Type: max

Fanout     Cap    Slew   Delay    Time   Description
-----------------------------------------------------------------------------
                          0.00    0.00   clock clk (rise edge)
                          0.00    0.00   clock source latency
                  0.09    0.06    0.06 ^ clk (in)
     1    0.02                           clk (net)
                  0.09    0.00    0.06 ^ clkbuf_0_clk/A (sky130_fd_sc_hd__clkbuf_16)
                  0.03    0.14    0.20 ^ clkbuf_0_clk/X (sky130_fd_sc_hd__clkbuf_16)
     2    0.01                           clknet_0_clk (net)
                  0.03    0.00    0.20 ^ clkbuf_1_1_0_clk/A (sky130_fd_sc_hd__clkbuf_2)
                  0.05    0.11    0.32 ^ clkbuf_1_1_0_clk/X (sky130_fd_sc_hd__clkbuf_2)
     2    0.01                           clknet_1_1_0_clk (net)
                  0.05    0.00    0.32 ^ clkbuf_2_2_0_clk/A (sky130_fd_sc_hd__clkbuf_2)
                  0.06    0.12    0.44 ^ clkbuf_2_2_0_clk/X (sky130_fd_sc_hd__clkbuf_2)
     2    0.01                           clknet_2_2_0_clk (net)
                  0.06    0.00    0.44 ^ clkbuf_3_4_0_clk/A (sky130_fd_sc_hd__clkbuf_2)
                  0.16    0.20    0.64 ^ clkbuf_3_4_0_clk/X (sky130_fd_sc_hd__clkbuf_2)
     7    0.03                           clknet_3_4_0_clk (net)
                  0.16    0.00    0.64 ^ _453_/CLK (sky130_fd_sc_hd__dfxtp_1)
                  0.19    0.47    1.11 ^ _453_/Q (sky130_fd_sc_hd__dfxtp_1)
     2    0.02                           net39 (net)
                  0.19    0.00    1.11 ^ output39/A (sky130_fd_sc_hd__buf_2)
                  0.20    0.28    1.38 ^ output39/X (sky130_fd_sc_hd__buf_2)
     1    0.03                           r_load[11] (net)
                  0.20    0.00    1.39 ^ r_load[11] (out)
                                  1.39   data arrival time

                        100.00  100.00   clock clk (rise edge)
                          0.00  100.00   clock network delay (propagated)
                         -0.25   99.75   clock uncertainty
                          0.00   99.75   clock reconvergence pessimism
                        -20.00   79.75   output external delay
                                 79.75   data required time
-----------------------------------------------------------------------------
                                 79.75   data required time
                                 -1.39   data arrival time
-----------------------------------------------------------------------------
                                 78.36   slack (MET)


Startpoint: _448_ (rising edge-triggered flip-flop clocked by clk)
Endpoint: r_load[6] (output port clocked by clk)
Path Group: clk
Path Type: max

Fanout     Cap    Slew   Delay    Time   Description
-----------------------------------------------------------------------------
                          0.00    0.00   clock clk (rise edge)
                          0.00    0.00   clock source latency
                  0.09    0.06    0.06 ^ clk (in)
     1    0.02                           clk (net)
                  0.09    0.00    0.06 ^ clkbuf_0_clk/A (sky130_fd_sc_hd__clkbuf_16)
                  0.03    0.14    0.20 ^ clkbuf_0_clk/X (sky130_fd_sc_hd__clkbuf_16)
     2    0.01                           clknet_0_clk (net)
                  0.03    0.00    0.20 ^ clkbuf_1_1_0_clk/A (sky130_fd_sc_hd__clkbuf_2)
                  0.05    0.11    0.32 ^ clkbuf_1_1_0_clk/X (sky130_fd_sc_hd__clkbuf_2)
     2    0.01                           clknet_1_1_0_clk (net)
                  0.05    0.00    0.32 ^ clkbuf_2_3_0_clk/A (sky130_fd_sc_hd__clkbuf_2)
                  0.06    0.13    0.45 ^ clkbuf_2_3_0_clk/X (sky130_fd_sc_hd__clkbuf_2)
     2    0.01                           clknet_2_3_0_clk (net)
                  0.06    0.00    0.45 ^ clkbuf_3_7_0_clk/A (sky130_fd_sc_hd__clkbuf_2)
                  0.23    0.25    0.70 ^ clkbuf_3_7_0_clk/X (sky130_fd_sc_hd__clkbuf_2)
    12    0.04                           clknet_3_7_0_clk (net)
                  0.23    0.00    0.70 ^ _448_/CLK (sky130_fd_sc_hd__dfxtp_1)
                  0.12    0.44    1.14 ^ _448_/Q (sky130_fd_sc_hd__dfxtp_1)
     2    0.01                           net65 (net)
                  0.12    0.00    1.14 ^ output65/A (sky130_fd_sc_hd__buf_2)
                  0.18    0.25    1.38 ^ output65/X (sky130_fd_sc_hd__buf_2)
     1    0.03                           r_load[6] (net)
                  0.18    0.00    1.38 ^ r_load[6] (out)
                                  1.38   data arrival time

                        100.00  100.00   clock clk (rise edge)
                          0.00  100.00   clock network delay (propagated)
                         -0.25   99.75   clock uncertainty
                          0.00   99.75   clock reconvergence pessimism
                        -20.00   79.75   output external delay
                                 79.75   data required time
-----------------------------------------------------------------------------
                                 79.75   data required time
                                 -1.38   data arrival time
-----------------------------------------------------------------------------
                                 78.37   slack (MET)


Startpoint: _458_ (rising edge-triggered flip-flop clocked by clk)
Endpoint: r_load[16] (output port clocked by clk)
Path Group: clk
Path Type: max

Fanout     Cap    Slew   Delay    Time   Description
-----------------------------------------------------------------------------
                          0.00    0.00   clock clk (rise edge)
                          0.00    0.00   clock source latency
                  0.09    0.06    0.06 ^ clk (in)
     1    0.02                           clk (net)
                  0.09    0.00    0.06 ^ clkbuf_0_clk/A (sky130_fd_sc_hd__clkbuf_16)
                  0.03    0.14    0.20 ^ clkbuf_0_clk/X (sky130_fd_sc_hd__clkbuf_16)
     2    0.01                           clknet_0_clk (net)
                  0.03    0.00    0.20 ^ clkbuf_1_1_0_clk/A (sky130_fd_sc_hd__clkbuf_2)
                  0.05    0.11    0.32 ^ clkbuf_1_1_0_clk/X (sky130_fd_sc_hd__clkbuf_2)
     2    0.01                           clknet_1_1_0_clk (net)
                  0.05    0.00    0.32 ^ clkbuf_2_3_0_clk/A (sky130_fd_sc_hd__clkbuf_2)
                  0.06    0.13    0.45 ^ clkbuf_2_3_0_clk/X (sky130_fd_sc_hd__clkbuf_2)
     2    0.01                           clknet_2_3_0_clk (net)
                  0.06    0.00    0.45 ^ clkbuf_3_6_0_clk/A (sky130_fd_sc_hd__clkbuf_2)
                  0.17    0.21    0.65 ^ clkbuf_3_6_0_clk/X (sky130_fd_sc_hd__clkbuf_2)
     8    0.03                           clknet_3_6_0_clk (net)
                  0.17    0.00    0.65 ^ _458_/CLK (sky130_fd_sc_hd__dfxtp_1)
                  0.17    0.46    1.11 ^ _458_/Q (sky130_fd_sc_hd__dfxtp_1)
     2    0.02                           net44 (net)
                  0.17    0.00    1.12 ^ output44/A (sky130_fd_sc_hd__buf_2)
                  0.19    0.26    1.38 ^ output44/X (sky130_fd_sc_hd__buf_2)
     1    0.03                           r_load[16] (net)
                  0.19    0.00    1.38 ^ r_load[16] (out)
                                  1.38   data arrival time

                        100.00  100.00   clock clk (rise edge)
                          0.00  100.00   clock network delay (propagated)
                         -0.25   99.75   clock uncertainty
                          0.00   99.75   clock reconvergence pessimism
                        -20.00   79.75   output external delay
                                 79.75   data required time
-----------------------------------------------------------------------------
                                 79.75   data required time
                                 -1.38   data arrival time
-----------------------------------------------------------------------------
                                 78.37   slack (MET)


Startpoint: _447_ (rising edge-triggered flip-flop clocked by clk)
Endpoint: r_load[5] (output port clocked by clk)
Path Group: clk
Path Type: max

Fanout     Cap    Slew   Delay    Time   Description
-----------------------------------------------------------------------------
                          0.00    0.00   clock clk (rise edge)
                          0.00    0.00   clock source latency
                  0.09    0.06    0.06 ^ clk (in)
     1    0.02                           clk (net)
                  0.09    0.00    0.06 ^ clkbuf_0_clk/A (sky130_fd_sc_hd__clkbuf_16)
                  0.03    0.14    0.20 ^ clkbuf_0_clk/X (sky130_fd_sc_hd__clkbuf_16)
     2    0.01                           clknet_0_clk (net)
                  0.03    0.00    0.20 ^ clkbuf_1_1_0_clk/A (sky130_fd_sc_hd__clkbuf_2)
                  0.05    0.11    0.32 ^ clkbuf_1_1_0_clk/X (sky130_fd_sc_hd__clkbuf_2)
     2    0.01                           clknet_1_1_0_clk (net)
                  0.05    0.00    0.32 ^ clkbuf_2_3_0_clk/A (sky130_fd_sc_hd__clkbuf_2)
                  0.06    0.13    0.45 ^ clkbuf_2_3_0_clk/X (sky130_fd_sc_hd__clkbuf_2)
     2    0.01                           clknet_2_3_0_clk (net)
                  0.06    0.00    0.45 ^ clkbuf_3_7_0_clk/A (sky130_fd_sc_hd__clkbuf_2)
                  0.23    0.25    0.70 ^ clkbuf_3_7_0_clk/X (sky130_fd_sc_hd__clkbuf_2)
    12    0.04                           clknet_3_7_0_clk (net)
                  0.23    0.00    0.70 ^ _447_/CLK (sky130_fd_sc_hd__dfxtp_1)
                  0.08    0.41    1.11 ^ _447_/Q (sky130_fd_sc_hd__dfxtp_1)
     2    0.01                           net64 (net)
                  0.08    0.00    1.11 ^ output64/A (sky130_fd_sc_hd__buf_2)
                  0.20    0.25    1.36 ^ output64/X (sky130_fd_sc_hd__buf_2)
     1    0.03                           r_load[5] (net)
                  0.20    0.00    1.36 ^ r_load[5] (out)
                                  1.36   data arrival time

                        100.00  100.00   clock clk (rise edge)
                          0.00  100.00   clock network delay (propagated)
                         -0.25   99.75   clock uncertainty
                          0.00   99.75   clock reconvergence pessimism
                        -20.00   79.75   output external delay
                                 79.75   data required time
-----------------------------------------------------------------------------
                                 79.75   data required time
                                 -1.36   data arrival time
-----------------------------------------------------------------------------
                                 78.39   slack (MET)


