
===========================================================================
 report_power
============================================================================


======================= Slowest Corner =================================

Group                  Internal  Switching    Leakage      Total
                          Power      Power      Power      Power (Watts)
----------------------------------------------------------------
Sequential             2.13e-05   1.33e-06   9.22e-07   2.36e-05  51.3%
Combinational          8.64e-06   1.21e-05   1.70e-06   2.24e-05  48.7%
Macro                  0.00e+00   0.00e+00   0.00e+00   0.00e+00   0.0%
Pad                    0.00e+00   0.00e+00   0.00e+00   0.00e+00   0.0%
----------------------------------------------------------------
Total                  3.00e-05   1.34e-05   2.62e-06   4.60e-05 100.0%
                          65.2%      29.1%       5.7%

======================= Typical Corner ===================================

Group                  Internal  Switching    Leakage      Total
                          Power      Power      Power      Power (Watts)
----------------------------------------------------------------
Sequential             2.77e-05   1.71e-06   5.49e-10   2.94e-05  52.9%
Combinational          1.05e-05   1.56e-05   2.76e-09   2.62e-05  47.1%
Macro                  0.00e+00   0.00e+00   0.00e+00   0.00e+00   0.0%
Pad                    0.00e+00   0.00e+00   0.00e+00   0.00e+00   0.0%
----------------------------------------------------------------
Total                  3.82e-05   1.73e-05   3.31e-09   5.56e-05 100.0%
                          68.8%      31.2%       0.0%


======================= Fastest Corner =================================

Group                  Internal  Switching    Leakage      Total
                          Power      Power      Power      Power (Watts)
----------------------------------------------------------------
Sequential             3.22e-05   2.06e-06   8.03e-10   3.43e-05  53.0%
Combinational          1.18e-05   1.86e-05   3.15e-09   3.04e-05  47.0%
Macro                  0.00e+00   0.00e+00   0.00e+00   0.00e+00   0.0%
Pad                    0.00e+00   0.00e+00   0.00e+00   0.00e+00   0.0%
----------------------------------------------------------------
Total                  4.40e-05   2.07e-05   3.95e-09   6.47e-05 100.0%
                          68.0%      32.0%       0.0%
