First Layout: /foss/designs/ma2022/shiftregister/runs/RUN_2022.11.02_10.28.11/results/finishing/shiftregister.gds
Second Layout: /foss/designs/ma2022/shiftregister/runs/RUN_2022.11.02_10.28.11/results/finishing/shiftregister.klayout.gds
Design Name: shiftregister
Output GDS will be: /foss/designs/ma2022/shiftregister/runs/RUN_2022.11.02_10.28.11/reports/finishing/shiftregister.xor.xml
Reading /foss/designs/ma2022/shiftregister/runs/RUN_2022.11.02_10.28.11/results/finishing/shiftregister.gds ..
Reading /foss/designs/ma2022/shiftregister/runs/RUN_2022.11.02_10.28.11/results/finishing/shiftregister.klayout.gds ..
--- Running XOR for 122/16 ---
"input" in: xor.drc:38
    Polygons (raw): 3536 (flat)  21 (hierarchical)
    Elapsed: 0.020s  Memory: 715.00M
"input" in: xor.drc:38
    Polygons (raw): 3536 (flat)  21 (hierarchical)
    Elapsed: 0.020s  Memory: 715.00M
"^" in: xor.drc:38
    Polygons (raw): 0 (flat)  0 (hierarchical)
    Elapsed: 0.100s  Memory: 715.00M
XOR differences: 0
"output" in: xor.drc:40
    Polygons (raw): 0 (flat)  0 (hierarchical)
    Elapsed: 0.020s  Memory: 715.00M
--- Running XOR for 235/4 ---
"input" in: xor.drc:38
    Polygons (raw): 1 (flat)  1 (hierarchical)
    Elapsed: 0.020s  Memory: 715.00M
"input" in: xor.drc:38
    Polygons (raw): 1 (flat)  1 (hierarchical)
    Elapsed: 0.010s  Memory: 715.00M
"^" in: xor.drc:38
    Polygons (raw): 0 (flat)  0 (hierarchical)
    Elapsed: 0.030s  Memory: 715.00M
XOR differences: 0
"output" in: xor.drc:40
    Polygons (raw): 0 (flat)  0 (hierarchical)
    Elapsed: 0.020s  Memory: 715.00M
--- Running XOR for 236/0 ---
"input" in: xor.drc:38
    Polygons (raw): 3022 (flat)  18 (hierarchical)
    Elapsed: 0.020s  Memory: 715.00M
"input" in: xor.drc:38
    Polygons (raw): 3022 (flat)  18 (hierarchical)
    Elapsed: 0.020s  Memory: 715.00M
"^" in: xor.drc:38
    Polygons (raw): 0 (flat)  0 (hierarchical)
    Elapsed: 0.100s  Memory: 717.00M
XOR differences: 0
"output" in: xor.drc:40
    Polygons (raw): 0 (flat)  0 (hierarchical)
    Elapsed: 0.010s  Memory: 717.00M
--- Running XOR for 64/16 ---
"input" in: xor.drc:38
    Polygons (raw): 3536 (flat)  21 (hierarchical)
    Elapsed: 0.020s  Memory: 717.00M
"input" in: xor.drc:38
    Polygons (raw): 3536 (flat)  21 (hierarchical)
    Elapsed: 0.020s  Memory: 717.00M
"^" in: xor.drc:38
    Polygons (raw): 0 (flat)  0 (hierarchical)
    Elapsed: 0.110s  Memory: 717.00M
XOR differences: 0
"output" in: xor.drc:40
    Polygons (raw): 0 (flat)  0 (hierarchical)
    Elapsed: 0.020s  Memory: 717.00M
--- Running XOR for 64/20 ---
"input" in: xor.drc:38
    Polygons (raw): 3901 (flat)  21 (hierarchical)
    Elapsed: 0.010s  Memory: 717.00M
"input" in: xor.drc:38
    Polygons (raw): 3901 (flat)  21 (hierarchical)
    Elapsed: 0.010s  Memory: 717.00M
"^" in: xor.drc:38
    Polygons (raw): 0 (flat)  0 (hierarchical)
    Elapsed: 0.120s  Memory: 718.00M
XOR differences: 0
"output" in: xor.drc:40
    Polygons (raw): 0 (flat)  0 (hierarchical)
    Elapsed: 0.020s  Memory: 718.00M
--- Running XOR for 64/5 ---
"input" in: xor.drc:38
    Polygons (raw): 0 (flat)  0 (hierarchical)
    Elapsed: 0.020s  Memory: 718.00M
"input" in: xor.drc:38
    Polygons (raw): 0 (flat)  0 (hierarchical)
    Elapsed: 0.020s  Memory: 718.00M
"^" in: xor.drc:38
    Polygons (raw): 0 (flat)  0 (hierarchical)
    Elapsed: 0.060s  Memory: 718.00M
XOR differences: 0
"output" in: xor.drc:40
    Polygons (raw): 0 (flat)  0 (hierarchical)
    Elapsed: 0.020s  Memory: 718.00M
--- Running XOR for 64/59 ---
"input" in: xor.drc:38
    Polygons (raw): 0 (flat)  0 (hierarchical)
    Elapsed: 0.010s  Memory: 718.00M
"input" in: xor.drc:38
    Polygons (raw): 0 (flat)  0 (hierarchical)
    Elapsed: 0.010s  Memory: 718.00M
"^" in: xor.drc:38
    Polygons (raw): 0 (flat)  0 (hierarchical)
    Elapsed: 0.050s  Memory: 718.00M
XOR differences: 0
"output" in: xor.drc:40
    Polygons (raw): 0 (flat)  0 (hierarchical)
    Elapsed: 0.010s  Memory: 718.00M
--- Running XOR for 65/20 ---
"input" in: xor.drc:38
    Polygons (raw): 7346 (flat)  57 (hierarchical)
    Elapsed: 0.020s  Memory: 718.00M
"input" in: xor.drc:38
    Polygons (raw): 7346 (flat)  57 (hierarchical)
    Elapsed: 0.020s  Memory: 718.00M
"^" in: xor.drc:38
    Polygons (raw): 0 (flat)  0 (hierarchical)
    Elapsed: 0.160s  Memory: 718.00M
XOR differences: 0
"output" in: xor.drc:40
    Polygons (raw): 0 (flat)  0 (hierarchical)
    Elapsed: 0.020s  Memory: 718.00M
--- Running XOR for 65/44 ---
"input" in: xor.drc:38
    Polygons (raw): 732 (flat)  2 (hierarchical)
    Elapsed: 0.020s  Memory: 718.00M
"input" in: xor.drc:38
    Polygons (raw): 732 (flat)  2 (hierarchical)
    Elapsed: 0.020s  Memory: 718.00M
"^" in: xor.drc:38
    Polygons (raw): 0 (flat)  0 (hierarchical)
    Elapsed: 0.040s  Memory: 718.00M
XOR differences: 0
"output" in: xor.drc:40
    Polygons (raw): 0 (flat)  0 (hierarchical)
    Elapsed: 0.020s  Memory: 718.00M
--- Running XOR for 66/20 ---
"input" in: xor.drc:38
    Polygons (raw): 10831 (flat)  97 (hierarchical)
    Elapsed: 0.020s  Memory: 718.00M
"input" in: xor.drc:38
    Polygons (raw): 10831 (flat)  97 (hierarchical)
    Elapsed: 0.020s  Memory: 718.00M
"^" in: xor.drc:38
    Polygons (raw): 0 (flat)  0 (hierarchical)
    Elapsed: 0.350s  Memory: 718.00M
XOR differences: 0
"output" in: xor.drc:40
    Polygons (raw): 0 (flat)  0 (hierarchical)
    Elapsed: 0.020s  Memory: 718.00M
--- Running XOR for 66/44 ---
"input" in: xor.drc:38
    Polygons (raw): 46363 (flat)  452 (hierarchical)
    Elapsed: 0.010s  Memory: 718.00M
"input" in: xor.drc:38
    Polygons (raw): 46363 (flat)  452 (hierarchical)
    Elapsed: 0.010s  Memory: 718.00M
"^" in: xor.drc:38
    Polygons (raw): 0 (flat)  0 (hierarchical)
    Elapsed: 0.590s  Memory: 718.00M
XOR differences: 0
"output" in: xor.drc:40
    Polygons (raw): 0 (flat)  0 (hierarchical)
    Elapsed: 0.020s  Memory: 718.00M
--- Running XOR for 67/16 ---
"input" in: xor.drc:38
    Polygons (raw): 8102 (flat)  100 (hierarchical)
    Elapsed: 0.020s  Memory: 718.00M
"input" in: xor.drc:38
    Polygons (raw): 8102 (flat)  100 (hierarchical)
    Elapsed: 0.020s  Memory: 718.00M
"^" in: xor.drc:38
    Polygons (raw): 0 (flat)  0 (hierarchical)
    Elapsed: 0.120s  Memory: 718.00M
XOR differences: 0
"output" in: xor.drc:40
    Polygons (raw): 0 (flat)  0 (hierarchical)
    Elapsed: 0.010s  Memory: 718.00M
--- Running XOR for 67/20 ---
"input" in: xor.drc:38
    Polygons (raw): 22226 (flat)  3503 (hierarchical)
    Elapsed: 0.020s  Memory: 718.00M
"input" in: xor.drc:38
    Polygons (raw): 22226 (flat)  186 (hierarchical)
    Elapsed: 0.020s  Memory: 718.00M
"^" in: xor.drc:38
    Polygons (raw): 0 (flat)  0 (hierarchical)
    Elapsed: 0.700s  Memory: 732.00M
XOR differences: 0
"output" in: xor.drc:40
    Polygons (raw): 0 (flat)  0 (hierarchical)
    Elapsed: 0.020s  Memory: 732.00M
--- Running XOR for 67/44 ---
"input" in: xor.drc:38
    Polygons (raw): 46972 (flat)  3690 (hierarchical)
    Elapsed: 0.020s  Memory: 732.00M
"input" in: xor.drc:38
    Polygons (raw): 46972 (flat)  373 (hierarchical)
    Elapsed: 0.020s  Memory: 732.00M
"^" in: xor.drc:38
    Polygons (raw): 0 (flat)  0 (hierarchical)
    Elapsed: 0.540s  Memory: 732.00M
XOR differences: 0
"output" in: xor.drc:40
    Polygons (raw): 0 (flat)  0 (hierarchical)
    Elapsed: 0.010s  Memory: 732.00M
--- Running XOR for 67/5 ---
"input" in: xor.drc:38
    Polygons (raw): 0 (flat)  0 (hierarchical)
    Elapsed: 0.020s  Memory: 732.00M
"input" in: xor.drc:38
    Polygons (raw): 0 (flat)  0 (hierarchical)
    Elapsed: 0.020s  Memory: 732.00M
"^" in: xor.drc:38
    Polygons (raw): 0 (flat)  0 (hierarchical)
    Elapsed: 0.040s  Memory: 732.00M
XOR differences: 0
"output" in: xor.drc:40
    Polygons (raw): 0 (flat)  0 (hierarchical)
    Elapsed: 0.020s  Memory: 732.00M
--- Running XOR for 68/16 ---
"input" in: xor.drc:38
    Polygons (raw): 8028 (flat)  44 (hierarchical)
    Elapsed: 0.020s  Memory: 732.00M
"input" in: xor.drc:38
    Polygons (raw): 8028 (flat)  44 (hierarchical)
    Elapsed: 0.020s  Memory: 732.00M
"^" in: xor.drc:38
    Polygons (raw): 0 (flat)  0 (hierarchical)
    Elapsed: 0.160s  Memory: 732.00M
XOR differences: 0
"output" in: xor.drc:40
    Polygons (raw): 0 (flat)  0 (hierarchical)
    Elapsed: 0.010s  Memory: 732.00M
--- Running XOR for 68/20 ---
"input" in: xor.drc:38
    Polygons (raw): 26762 (flat)  17212 (hierarchical)
    Elapsed: 0.010s  Memory: 732.00M
"input" in: xor.drc:38
    Polygons (raw): 22553 (flat)  5526 (hierarchical)
    Elapsed: 0.020s  Memory: 732.00M
"^" in: xor.drc:38
    Polygons (raw): 0 (flat)  0 (hierarchical)
    Elapsed: 0.450s  Memory: 732.00M
XOR differences: 0
"output" in: xor.drc:40
    Polygons (raw): 0 (flat)  0 (hierarchical)
    Elapsed: 0.020s  Memory: 732.00M
--- Running XOR for 68/44 ---
"input" in: xor.drc:38
    Polygons (raw): 4762 (flat)  4762 (hierarchical)
    Elapsed: 0.010s  Memory: 732.00M
"input" in: xor.drc:38
    Polygons (raw): 4762 (flat)  6 (hierarchical)
    Elapsed: 0.010s  Memory: 732.00M
"^" in: xor.drc:38
    Polygons (raw): 1200 (flat)  1200 (hierarchical)
    Elapsed: 0.100s  Memory: 732.00M
XOR differences: 1200
"output" in: xor.drc:40
    Polygons (raw): 1200 (flat)  1200 (hierarchical)
    Elapsed: 0.020s  Memory: 732.00M
--- Running XOR for 68/5 ---
"input" in: xor.drc:38
    Polygons (raw): 0 (flat)  0 (hierarchical)
    Elapsed: 0.020s  Memory: 732.00M
"input" in: xor.drc:38
    Polygons (raw): 0 (flat)  0 (hierarchical)
    Elapsed: 0.020s  Memory: 732.00M
"^" in: xor.drc:38
    Polygons (raw): 0 (flat)  0 (hierarchical)
    Elapsed: 0.060s  Memory: 732.00M
XOR differences: 0
"output" in: xor.drc:40
    Polygons (raw): 0 (flat)  0 (hierarchical)
    Elapsed: 0.020s  Memory: 732.00M
--- Running XOR for 69/16 ---
"input" in: xor.drc:38
    Polygons (raw): 104 (flat)  104 (hierarchical)
    Elapsed: 0.020s  Memory: 732.00M
"input" in: xor.drc:38
    Polygons (raw): 104 (flat)  104 (hierarchical)
    Elapsed: 0.020s  Memory: 732.00M
"^" in: xor.drc:38
    Polygons (raw): 0 (flat)  0 (hierarchical)
    Elapsed: 0.040s  Memory: 732.00M
XOR differences: 0
"output" in: xor.drc:40
    Polygons (raw): 0 (flat)  0 (hierarchical)
    Elapsed: 0.020s  Memory: 732.00M
--- Running XOR for 69/20 ---
"input" in: xor.drc:38
    Polygons (raw): 7449 (flat)  7449 (hierarchical)
    Elapsed: 0.010s  Memory: 732.00M
"input" in: xor.drc:38
    Polygons (raw): 7479 (flat)  2947 (hierarchical)
    Elapsed: 0.020s  Memory: 732.00M
"^" in: xor.drc:38
    Polygons (raw): 344 (flat)  344 (hierarchical)
    Elapsed: 0.200s  Memory: 732.00M
XOR differences: 344
"output" in: xor.drc:40
    Polygons (raw): 344 (flat)  344 (hierarchical)
    Elapsed: 0.020s  Memory: 732.00M
--- Running XOR for 69/44 ---
"input" in: xor.drc:38
    Polygons (raw): 824 (flat)  824 (hierarchical)
    Elapsed: 0.020s  Memory: 732.00M
"input" in: xor.drc:38
    Polygons (raw): 824 (flat)  5 (hierarchical)
    Elapsed: 0.020s  Memory: 732.00M
"^" in: xor.drc:38
    Polygons (raw): 960 (flat)  960 (hierarchical)
    Elapsed: 0.050s  Memory: 732.00M
XOR differences: 960
"output" in: xor.drc:40
    Polygons (raw): 960 (flat)  960 (hierarchical)
    Elapsed: 0.020s  Memory: 732.00M
--- Running XOR for 69/5 ---
"input" in: xor.drc:38
    Polygons (raw): 0 (flat)  0 (hierarchical)
    Elapsed: 0.020s  Memory: 732.00M
"input" in: xor.drc:38
    Polygons (raw): 0 (flat)  0 (hierarchical)
    Elapsed: 0.010s  Memory: 732.00M
"^" in: xor.drc:38
    Polygons (raw): 0 (flat)  0 (hierarchical)
    Elapsed: 0.020s  Memory: 732.00M
XOR differences: 0
"output" in: xor.drc:40
    Polygons (raw): 0 (flat)  0 (hierarchical)
    Elapsed: 0.020s  Memory: 732.00M
--- Running XOR for 70/16 ---
"input" in: xor.drc:38
    Polygons (raw): 102 (flat)  102 (hierarchical)
    Elapsed: 0.020s  Memory: 732.00M
"input" in: xor.drc:38
    Polygons (raw): 102 (flat)  102 (hierarchical)
    Elapsed: 0.020s  Memory: 732.00M
"^" in: xor.drc:38
    Polygons (raw): 0 (flat)  0 (hierarchical)
    Elapsed: 0.040s  Memory: 732.00M
XOR differences: 0
"output" in: xor.drc:40
    Polygons (raw): 0 (flat)  0 (hierarchical)
    Elapsed: 0.010s  Memory: 732.00M
--- Running XOR for 70/20 ---
"input" in: xor.drc:38
    Polygons (raw): 987 (flat)  987 (hierarchical)
    Elapsed: 0.020s  Memory: 732.00M
"input" in: xor.drc:38
    Polygons (raw): 707 (flat)  179 (hierarchical)
    Elapsed: 0.020s  Memory: 732.00M
"^" in: xor.drc:38
    Polygons (raw): 342 (flat)  342 (hierarchical)
    Elapsed: 0.050s  Memory: 732.00M
XOR differences: 342
"output" in: xor.drc:40
    Polygons (raw): 342 (flat)  342 (hierarchical)
    Elapsed: 0.020s  Memory: 732.00M
--- Running XOR for 70/44 ---
"input" in: xor.drc:38
    Polygons (raw): 608 (flat)  608 (hierarchical)
    Elapsed: 0.020s  Memory: 732.00M
"input" in: xor.drc:38
    Polygons (raw): 608 (flat)  5 (hierarchical)
    Elapsed: 0.020s  Memory: 732.00M
"^" in: xor.drc:38
    Polygons (raw): 960 (flat)  960 (hierarchical)
    Elapsed: 0.050s  Memory: 732.00M
XOR differences: 960
"output" in: xor.drc:40
    Polygons (raw): 960 (flat)  960 (hierarchical)
    Elapsed: 0.020s  Memory: 732.00M
--- Running XOR for 70/5 ---
"input" in: xor.drc:38
    Polygons (raw): 0 (flat)  0 (hierarchical)
    Elapsed: 0.020s  Memory: 732.00M
"input" in: xor.drc:38
    Polygons (raw): 0 (flat)  0 (hierarchical)
    Elapsed: 0.010s  Memory: 732.00M
"^" in: xor.drc:38
    Polygons (raw): 0 (flat)  0 (hierarchical)
    Elapsed: 0.020s  Memory: 732.00M
XOR differences: 0
"output" in: xor.drc:40
    Polygons (raw): 0 (flat)  0 (hierarchical)
    Elapsed: 0.020s  Memory: 732.00M
--- Running XOR for 71/16 ---
"input" in: xor.drc:38
    Polygons (raw): 5 (flat)  5 (hierarchical)
    Elapsed: 0.020s  Memory: 732.00M
"input" in: xor.drc:38
    Polygons (raw): 5 (flat)  5 (hierarchical)
    Elapsed: 0.020s  Memory: 732.00M
"^" in: xor.drc:38
    Polygons (raw): 8 (flat)  8 (hierarchical)
    Elapsed: 0.030s  Memory: 732.00M
XOR differences: 8
"output" in: xor.drc:40
    Polygons (raw): 8 (flat)  8 (hierarchical)
    Elapsed: 0.010s  Memory: 732.00M
--- Running XOR for 71/20 ---
"input" in: xor.drc:38
    Polygons (raw): 19 (flat)  19 (hierarchical)
    Elapsed: 0.020s  Memory: 732.00M
"input" in: xor.drc:38
    Polygons (raw): 182 (flat)  14 (hierarchical)
    Elapsed: 0.020s  Memory: 732.00M
"^" in: xor.drc:38
    Polygons (raw): 8 (flat)  8 (hierarchical)
    Elapsed: 0.040s  Memory: 732.00M
XOR differences: 8
"output" in: xor.drc:40
    Polygons (raw): 8 (flat)  8 (hierarchical)
    Elapsed: 0.020s  Memory: 732.00M
--- Running XOR for 71/44 ---
"input" in: xor.drc:38
    Polygons (raw): 13 (flat)  13 (hierarchical)
    Elapsed: 0.020s  Memory: 732.00M
"input" in: xor.drc:38
    Polygons (raw): 13 (flat)  1 (hierarchical)
    Elapsed: 0.020s  Memory: 732.00M
"^" in: xor.drc:38
    Polygons (raw): 16 (flat)  16 (hierarchical)
    Elapsed: 0.040s  Memory: 732.00M
XOR differences: 16
"output" in: xor.drc:40
    Polygons (raw): 16 (flat)  16 (hierarchical)
    Elapsed: 0.020s  Memory: 732.00M
--- Running XOR for 71/5 ---
"input" in: xor.drc:38
    Polygons (raw): 0 (flat)  0 (hierarchical)
    Elapsed: 0.020s  Memory: 732.00M
"input" in: xor.drc:38
    Polygons (raw): 0 (flat)  0 (hierarchical)
    Elapsed: 0.020s  Memory: 732.00M
"^" in: xor.drc:38
    Polygons (raw): 0 (flat)  0 (hierarchical)
    Elapsed: 0.020s  Memory: 732.00M
XOR differences: 0
"output" in: xor.drc:40
    Polygons (raw): 0 (flat)  0 (hierarchical)
    Elapsed: 0.030s  Memory: 732.00M
--- Running XOR for 72/16 ---
"input" in: xor.drc:38
    Polygons (raw): 5 (flat)  5 (hierarchical)
    Elapsed: 0.020s  Memory: 732.00M
"input" in: xor.drc:38
    Polygons (raw): 5 (flat)  5 (hierarchical)
    Elapsed: 0.020s  Memory: 732.00M
"^" in: xor.drc:38
    Polygons (raw): 8 (flat)  8 (hierarchical)
    Elapsed: 0.040s  Memory: 732.00M
XOR differences: 8
"output" in: xor.drc:40
    Polygons (raw): 8 (flat)  8 (hierarchical)
    Elapsed: 0.010s  Memory: 732.00M
--- Running XOR for 72/20 ---
"input" in: xor.drc:38
    Polygons (raw): 5 (flat)  5 (hierarchical)
    Elapsed: 0.010s  Memory: 732.00M
"input" in: xor.drc:38
    Polygons (raw): 18 (flat)  6 (hierarchical)
    Elapsed: 0.020s  Memory: 732.00M
"^" in: xor.drc:38
    Polygons (raw): 8 (flat)  8 (hierarchical)
    Elapsed: 0.030s  Memory: 732.00M
XOR differences: 8
"output" in: xor.drc:40
    Polygons (raw): 8 (flat)  8 (hierarchical)
    Elapsed: 0.020s  Memory: 732.00M
--- Running XOR for 72/5 ---
"input" in: xor.drc:38
    Polygons (raw): 0 (flat)  0 (hierarchical)
    Elapsed: 0.020s  Memory: 732.00M
"input" in: xor.drc:38
    Polygons (raw): 0 (flat)  0 (hierarchical)
    Elapsed: 0.010s  Memory: 732.00M
"^" in: xor.drc:38
    Polygons (raw): 0 (flat)  0 (hierarchical)
    Elapsed: 0.010s  Memory: 732.00M
XOR differences: 0
"output" in: xor.drc:40
    Polygons (raw): 0 (flat)  0 (hierarchical)
    Elapsed: 0.020s  Memory: 732.00M
--- Running XOR for 78/44 ---
"input" in: xor.drc:38
    Polygons (raw): 4238 (flat)  27 (hierarchical)
    Elapsed: 0.010s  Memory: 732.00M
"input" in: xor.drc:38
    Polygons (raw): 4238 (flat)  27 (hierarchical)
    Elapsed: 0.010s  Memory: 732.00M
"^" in: xor.drc:38
    Polygons (raw): 0 (flat)  0 (hierarchical)
    Elapsed: 0.110s  Memory: 732.00M
XOR differences: 0
"output" in: xor.drc:40
    Polygons (raw): 0 (flat)  0 (hierarchical)
    Elapsed: 0.020s  Memory: 732.00M
--- Running XOR for 81/23 ---
"input" in: xor.drc:38
    Polygons (raw): 14 (flat)  1 (hierarchical)
    Elapsed: 0.020s  Memory: 732.00M
"input" in: xor.drc:38
    Polygons (raw): 14 (flat)  1 (hierarchical)
    Elapsed: 0.010s  Memory: 732.00M
"^" in: xor.drc:38
    Polygons (raw): 0 (flat)  0 (hierarchical)
    Elapsed: 0.030s  Memory: 732.00M
XOR differences: 0
"output" in: xor.drc:40
    Polygons (raw): 0 (flat)  0 (hierarchical)
    Elapsed: 0.020s  Memory: 732.00M
--- Running XOR for 81/4 ---
"input" in: xor.drc:38
    Polygons (raw): 3901 (flat)  21 (hierarchical)
    Elapsed: 0.010s  Memory: 732.00M
"input" in: xor.drc:38
    Polygons (raw): 3901 (flat)  21 (hierarchical)
    Elapsed: 0.010s  Memory: 732.00M
"^" in: xor.drc:38
    Polygons (raw): 0 (flat)  0 (hierarchical)
    Elapsed: 0.100s  Memory: 732.00M
XOR differences: 0
"output" in: xor.drc:40
    Polygons (raw): 0 (flat)  0 (hierarchical)
    Elapsed: 0.020s  Memory: 732.00M
--- Running XOR for 83/44 ---
"input" in: xor.drc:38
    Polygons (raw): 0 (flat)  0 (hierarchical)
    Elapsed: 0.020s  Memory: 732.00M
"input" in: xor.drc:38
    Polygons (raw): 0 (flat)  0 (hierarchical)
    Elapsed: 0.020s  Memory: 732.00M
"^" in: xor.drc:38
    Polygons (raw): 0 (flat)  0 (hierarchical)
    Elapsed: 0.060s  Memory: 732.00M
XOR differences: 0
"output" in: xor.drc:40
    Polygons (raw): 0 (flat)  0 (hierarchical)
    Elapsed: 0.020s  Memory: 732.00M
--- Running XOR for 93/44 ---
"input" in: xor.drc:38
    Polygons (raw): 4267 (flat)  22 (hierarchical)
    Elapsed: 0.020s  Memory: 732.00M
"input" in: xor.drc:38
    Polygons (raw): 4267 (flat)  22 (hierarchical)
    Elapsed: 0.020s  Memory: 732.00M
"^" in: xor.drc:38
    Polygons (raw): 0 (flat)  0 (hierarchical)
    Elapsed: 0.120s  Memory: 732.00M
XOR differences: 0
"output" in: xor.drc:40
    Polygons (raw): 0 (flat)  0 (hierarchical)
    Elapsed: 0.020s  Memory: 732.00M
--- Running XOR for 94/20 ---
"input" in: xor.drc:38
    Polygons (raw): 4267 (flat)  22 (hierarchical)
    Elapsed: 0.020s  Memory: 732.00M
"input" in: xor.drc:38
    Polygons (raw): 4267 (flat)  22 (hierarchical)
    Elapsed: 0.020s  Memory: 732.00M
"^" in: xor.drc:38
    Polygons (raw): 0 (flat)  0 (hierarchical)
    Elapsed: 0.140s  Memory: 732.00M
XOR differences: 0
"output" in: xor.drc:40
    Polygons (raw): 0 (flat)  0 (hierarchical)
    Elapsed: 0.020s  Memory: 732.00M
--- Running XOR for 95/20 ---
"input" in: xor.drc:38
    Polygons (raw): 3208 (flat)  20 (hierarchical)
    Elapsed: 0.020s  Memory: 732.00M
"input" in: xor.drc:38
    Polygons (raw): 3208 (flat)  20 (hierarchical)
    Elapsed: 0.020s  Memory: 732.00M
"^" in: xor.drc:38
    Polygons (raw): 0 (flat)  0 (hierarchical)
    Elapsed: 0.130s  Memory: 732.00M
XOR differences: 0
"output" in: xor.drc:40
    Polygons (raw): 0 (flat)  0 (hierarchical)
    Elapsed: 0.020s  Memory: 732.00M
Writing report database: /foss/designs/ma2022/shiftregister/runs/RUN_2022.11.02_10.28.11/reports/finishing/shiftregister.xor.xml ..
Total elapsed: 8.040s  Memory: 732.00M
