
===========================================================================
report_checks -path_delay min (Hold)
============================================================================
Startpoint: reset (input port clocked by clk)
Endpoint: _1800_ (removal check against rising-edge clock clk)
Path Group: **async_default**
Path Type: min

Fanout     Cap    Slew   Delay    Time   Description
-----------------------------------------------------------------------------
                  0.15    0.00    0.00   clock clk (rise edge)
                          0.00    0.00   clock network delay (ideal)
                         20.00   20.00 v input external delay
                  0.07    0.05   20.05 v reset (in)
     4    0.03                           reset (net)
                  0.07    0.00   20.05 v _1582_/A (sky130_fd_sc_hd__buf_1)
                  0.12    0.16   20.21 v _1582_/X (sky130_fd_sc_hd__buf_1)
     5    0.02                           _0599_ (net)
                  0.12    0.00   20.21 v _1589_/A (sky130_fd_sc_hd__buf_1)
                  0.15    0.21   20.42 v _1589_/X (sky130_fd_sc_hd__buf_1)
     5    0.03                           _0601_ (net)
                  0.15    0.00   20.42 v _1591_/A (sky130_fd_sc_hd__inv_2)
                  0.05    0.07   20.50 ^ _1591_/Y (sky130_fd_sc_hd__inv_2)
     1    0.00                           _0029_ (net)
                  0.05    0.00   20.50 ^ _1800_/RESET_B (sky130_fd_sc_hd__dfrtp_2)
                                 20.50   data arrival time

                  0.15    0.00    0.00   clock clk (rise edge)
                          0.00    0.00   clock network delay (ideal)
                          0.25    0.25   clock uncertainty
                          0.00    0.25   clock reconvergence pessimism
                                  0.25 ^ _1800_/CLK (sky130_fd_sc_hd__dfrtp_2)
                          0.35    0.60   library removal time
                                  0.60   data required time
-----------------------------------------------------------------------------
                                  0.60   data required time
                                -20.50   data arrival time
-----------------------------------------------------------------------------
                                 19.90   slack (MET)


Startpoint: reset (input port clocked by clk)
Endpoint: _1803_ (removal check against rising-edge clock clk)
Path Group: **async_default**
Path Type: min

Fanout     Cap    Slew   Delay    Time   Description
-----------------------------------------------------------------------------
                  0.15    0.00    0.00   clock clk (rise edge)
                          0.00    0.00   clock network delay (ideal)
                         20.00   20.00 v input external delay
                  0.07    0.05   20.05 v reset (in)
     4    0.03                           reset (net)
                  0.07    0.00   20.05 v _1582_/A (sky130_fd_sc_hd__buf_1)
                  0.12    0.16   20.21 v _1582_/X (sky130_fd_sc_hd__buf_1)
     5    0.02                           _0599_ (net)
                  0.12    0.00   20.21 v _1589_/A (sky130_fd_sc_hd__buf_1)
                  0.15    0.21   20.42 v _1589_/X (sky130_fd_sc_hd__buf_1)
     5    0.03                           _0601_ (net)
                  0.15    0.00   20.42 v _1594_/A (sky130_fd_sc_hd__inv_2)
                  0.05    0.07   20.50 ^ _1594_/Y (sky130_fd_sc_hd__inv_2)
     1    0.00                           _0032_ (net)
                  0.05    0.00   20.50 ^ _1803_/RESET_B (sky130_fd_sc_hd__dfrtp_2)
                                 20.50   data arrival time

                  0.15    0.00    0.00   clock clk (rise edge)
                          0.00    0.00   clock network delay (ideal)
                          0.25    0.25   clock uncertainty
                          0.00    0.25   clock reconvergence pessimism
                                  0.25 ^ _1803_/CLK (sky130_fd_sc_hd__dfrtp_2)
                          0.35    0.60   library removal time
                                  0.60   data required time
-----------------------------------------------------------------------------
                                  0.60   data required time
                                -20.50   data arrival time
-----------------------------------------------------------------------------
                                 19.90   slack (MET)


Startpoint: reset (input port clocked by clk)
Endpoint: _1806_ (removal check against rising-edge clock clk)
Path Group: **async_default**
Path Type: min

Fanout     Cap    Slew   Delay    Time   Description
-----------------------------------------------------------------------------
                  0.15    0.00    0.00   clock clk (rise edge)
                          0.00    0.00   clock network delay (ideal)
                         20.00   20.00 v input external delay
                  0.07    0.05   20.05 v reset (in)
     4    0.03                           reset (net)
                  0.07    0.00   20.05 v _1582_/A (sky130_fd_sc_hd__buf_1)
                  0.12    0.16   20.21 v _1582_/X (sky130_fd_sc_hd__buf_1)
     5    0.02                           _0599_ (net)
                  0.12    0.00   20.21 v _1595_/A (sky130_fd_sc_hd__buf_1)
                  0.15    0.21   20.42 v _1595_/X (sky130_fd_sc_hd__buf_1)
     5    0.03                           _0602_ (net)
                  0.15    0.00   20.42 v _1598_/A (sky130_fd_sc_hd__inv_2)
                  0.05    0.07   20.50 ^ _1598_/Y (sky130_fd_sc_hd__inv_2)
     1    0.00                           _0035_ (net)
                  0.05    0.00   20.50 ^ _1806_/RESET_B (sky130_fd_sc_hd__dfrtp_2)
                                 20.50   data arrival time

                  0.15    0.00    0.00   clock clk (rise edge)
                          0.00    0.00   clock network delay (ideal)
                          0.25    0.25   clock uncertainty
                          0.00    0.25   clock reconvergence pessimism
                                  0.25 ^ _1806_/CLK (sky130_fd_sc_hd__dfrtp_2)
                          0.35    0.60   library removal time
                                  0.60   data required time
-----------------------------------------------------------------------------
                                  0.60   data required time
                                -20.50   data arrival time
-----------------------------------------------------------------------------
                                 19.90   slack (MET)


Startpoint: reset (input port clocked by clk)
Endpoint: _1801_ (removal check against rising-edge clock clk)
Path Group: **async_default**
Path Type: min

Fanout     Cap    Slew   Delay    Time   Description
-----------------------------------------------------------------------------
                  0.15    0.00    0.00   clock clk (rise edge)
                          0.00    0.00   clock network delay (ideal)
                         20.00   20.00 v input external delay
                  0.07    0.05   20.05 v reset (in)
     4    0.03                           reset (net)
                  0.07    0.00   20.05 v _1582_/A (sky130_fd_sc_hd__buf_1)
                  0.12    0.16   20.21 v _1582_/X (sky130_fd_sc_hd__buf_1)
     5    0.02                           _0599_ (net)
                  0.12    0.00   20.21 v _1589_/A (sky130_fd_sc_hd__buf_1)
                  0.15    0.21   20.42 v _1589_/X (sky130_fd_sc_hd__buf_1)
     5    0.03                           _0601_ (net)
                  0.15    0.00   20.42 v _1592_/A (sky130_fd_sc_hd__inv_2)
                  0.05    0.08   20.50 ^ _1592_/Y (sky130_fd_sc_hd__inv_2)
     1    0.00                           _0030_ (net)
                  0.05    0.00   20.50 ^ _1801_/RESET_B (sky130_fd_sc_hd__dfrtp_2)
                                 20.50   data arrival time

                  0.15    0.00    0.00   clock clk (rise edge)
                          0.00    0.00   clock network delay (ideal)
                          0.25    0.25   clock uncertainty
                          0.00    0.25   clock reconvergence pessimism
                                  0.25 ^ _1801_/CLK (sky130_fd_sc_hd__dfrtp_2)
                          0.35    0.60   library removal time
                                  0.60   data required time
-----------------------------------------------------------------------------
                                  0.60   data required time
                                -20.50   data arrival time
-----------------------------------------------------------------------------
                                 19.90   slack (MET)


Startpoint: reset (input port clocked by clk)
Endpoint: _1796_ (removal check against rising-edge clock clk)
Path Group: **async_default**
Path Type: min

Fanout     Cap    Slew   Delay    Time   Description
-----------------------------------------------------------------------------
                  0.15    0.00    0.00   clock clk (rise edge)
                          0.00    0.00   clock network delay (ideal)
                         20.00   20.00 v input external delay
                  0.07    0.05   20.05 v reset (in)
     4    0.03                           reset (net)
                  0.07    0.00   20.05 v _1582_/A (sky130_fd_sc_hd__buf_1)
                  0.12    0.16   20.21 v _1582_/X (sky130_fd_sc_hd__buf_1)
     5    0.02                           _0599_ (net)
                  0.12    0.00   20.21 v _1583_/A (sky130_fd_sc_hd__buf_1)
                  0.15    0.21   20.42 v _1583_/X (sky130_fd_sc_hd__buf_1)
     5    0.03                           _0600_ (net)
                  0.15    0.00   20.42 v _1586_/A (sky130_fd_sc_hd__inv_2)
                  0.05    0.07   20.50 ^ _1586_/Y (sky130_fd_sc_hd__inv_2)
     1    0.00                           _0025_ (net)
                  0.05    0.00   20.50 ^ _1796_/RESET_B (sky130_fd_sc_hd__dfrtp_2)
                                 20.50   data arrival time

                  0.15    0.00    0.00   clock clk (rise edge)
                          0.00    0.00   clock network delay (ideal)
                          0.25    0.25   clock uncertainty
                          0.00    0.25   clock reconvergence pessimism
                                  0.25 ^ _1796_/CLK (sky130_fd_sc_hd__dfrtp_2)
                          0.35    0.60   library removal time
                                  0.60   data required time
-----------------------------------------------------------------------------
                                  0.60   data required time
                                -20.50   data arrival time
-----------------------------------------------------------------------------
                                 19.90   slack (MET)


Startpoint: _1793_ (rising edge-triggered flip-flop clocked by clk)
Endpoint: _1693_ (rising edge-triggered flip-flop clocked by clk)
Path Group: clk
Path Type: min

Fanout     Cap    Slew   Delay    Time   Description
-----------------------------------------------------------------------------
                  0.15    0.00    0.00   clock clk (rise edge)
                          0.00    0.00   clock network delay (ideal)
                  0.15    0.00    0.00 ^ _1793_/CLK (sky130_fd_sc_hd__dfrtp_2)
                  0.05    0.37    0.37 ^ _1793_/Q (sky130_fd_sc_hd__dfrtp_2)
     3    0.01                           r_reg[49] (net)
                  0.05    0.00    0.37 ^ _1285_/A1 (sky130_fd_sc_hd__mux2_2)
                  0.04    0.13    0.49 ^ _1285_/X (sky130_fd_sc_hd__mux2_2)
     1    0.00                           _0502_ (net)
                  0.04    0.00    0.49 ^ _1286_/A (sky130_fd_sc_hd__buf_1)
                  0.04    0.07    0.56 ^ _1286_/X (sky130_fd_sc_hd__buf_1)
     1    0.00                           _0322_ (net)
                  0.04    0.00    0.56 ^ _1693_/D (sky130_fd_sc_hd__dfrtp_2)
                                  0.56   data arrival time

                  0.15    0.00    0.00   clock clk (rise edge)
                          0.00    0.00   clock network delay (ideal)
                          0.25    0.25   clock uncertainty
                          0.00    0.25   clock reconvergence pessimism
                                  0.25 ^ _1693_/CLK (sky130_fd_sc_hd__dfrtp_2)
                         -0.02    0.23   library hold time
                                  0.23   data required time
-----------------------------------------------------------------------------
                                  0.23   data required time
                                 -0.56   data arrival time
-----------------------------------------------------------------------------
                                  0.33   slack (MET)


Startpoint: _1793_ (rising edge-triggered flip-flop clocked by clk)
Endpoint: _1793_ (rising edge-triggered flip-flop clocked by clk)
Path Group: clk
Path Type: min

Fanout     Cap    Slew   Delay    Time   Description
-----------------------------------------------------------------------------
                  0.15    0.00    0.00   clock clk (rise edge)
                          0.00    0.00   clock network delay (ideal)
                  0.15    0.00    0.00 ^ _1793_/CLK (sky130_fd_sc_hd__dfrtp_2)
                  0.05    0.37    0.37 ^ _1793_/Q (sky130_fd_sc_hd__dfrtp_2)
     3    0.01                           r_reg[49] (net)
                  0.05    0.00    0.37 ^ _1002_/A1 (sky130_fd_sc_hd__mux2_2)
                  0.04    0.13    0.49 ^ _1002_/X (sky130_fd_sc_hd__mux2_2)
     1    0.00                           _0741_ (net)
                  0.04    0.00    0.49 ^ _1003_/A (sky130_fd_sc_hd__buf_1)
                  0.04    0.07    0.56 ^ _1003_/X (sky130_fd_sc_hd__buf_1)
     1    0.00                           _0222_ (net)
                  0.04    0.00    0.56 ^ _1793_/D (sky130_fd_sc_hd__dfrtp_2)
                                  0.56   data arrival time

                  0.15    0.00    0.00   clock clk (rise edge)
                          0.00    0.00   clock network delay (ideal)
                          0.25    0.25   clock uncertainty
                          0.00    0.25   clock reconvergence pessimism
                                  0.25 ^ _1793_/CLK (sky130_fd_sc_hd__dfrtp_2)
                         -0.02    0.23   library hold time
                                  0.23   data required time
-----------------------------------------------------------------------------
                                  0.23   data required time
                                 -0.56   data arrival time
-----------------------------------------------------------------------------
                                  0.33   slack (MET)


Startpoint: _1820_ (rising edge-triggered flip-flop clocked by clk)
Endpoint: _1720_ (rising edge-triggered flip-flop clocked by clk)
Path Group: clk
Path Type: min

Fanout     Cap    Slew   Delay    Time   Description
-----------------------------------------------------------------------------
                  0.15    0.00    0.00   clock clk (rise edge)
                          0.00    0.00   clock network delay (ideal)
                  0.15    0.00    0.00 ^ _1820_/CLK (sky130_fd_sc_hd__dfrtp_2)
                  0.06    0.37    0.37 ^ _1820_/Q (sky130_fd_sc_hd__dfrtp_2)
     3    0.01                           r_reg[76] (net)
                  0.06    0.00    0.37 ^ _1223_/A1 (sky130_fd_sc_hd__mux2_2)
                  0.04    0.13    0.50 ^ _1223_/X (sky130_fd_sc_hd__mux2_2)
     1    0.00                           _0467_ (net)
                  0.04    0.00    0.50 ^ _1224_/A (sky130_fd_sc_hd__buf_1)
                  0.04    0.07    0.56 ^ _1224_/X (sky130_fd_sc_hd__buf_1)
     1    0.00                           _0349_ (net)
                  0.04    0.00    0.56 ^ _1720_/D (sky130_fd_sc_hd__dfrtp_2)
                                  0.56   data arrival time

                  0.15    0.00    0.00   clock clk (rise edge)
                          0.00    0.00   clock network delay (ideal)
                          0.25    0.25   clock uncertainty
                          0.00    0.25   clock reconvergence pessimism
                                  0.25 ^ _1720_/CLK (sky130_fd_sc_hd__dfrtp_2)
                         -0.02    0.23   library hold time
                                  0.23   data required time
-----------------------------------------------------------------------------
                                  0.23   data required time
                                 -0.56   data arrival time
-----------------------------------------------------------------------------
                                  0.33   slack (MET)


Startpoint: _1820_ (rising edge-triggered flip-flop clocked by clk)
Endpoint: _1820_ (rising edge-triggered flip-flop clocked by clk)
Path Group: clk
Path Type: min

Fanout     Cap    Slew   Delay    Time   Description
-----------------------------------------------------------------------------
                  0.15    0.00    0.00   clock clk (rise edge)
                          0.00    0.00   clock network delay (ideal)
                  0.15    0.00    0.00 ^ _1820_/CLK (sky130_fd_sc_hd__dfrtp_2)
                  0.06    0.37    0.37 ^ _1820_/Q (sky130_fd_sc_hd__dfrtp_2)
     3    0.01                           r_reg[76] (net)
                  0.06    0.00    0.37 ^ _0905_/A1 (sky130_fd_sc_hd__mux2_2)
                  0.04    0.13    0.50 ^ _0905_/X (sky130_fd_sc_hd__mux2_2)
     1    0.00                           _0671_ (net)
                  0.04    0.00    0.50 ^ _0906_/A (sky130_fd_sc_hd__buf_1)
                  0.04    0.07    0.56 ^ _0906_/X (sky130_fd_sc_hd__buf_1)
     1    0.00                           _0249_ (net)
                  0.04    0.00    0.56 ^ _1820_/D (sky130_fd_sc_hd__dfrtp_2)
                                  0.56   data arrival time

                  0.15    0.00    0.00   clock clk (rise edge)
                          0.00    0.00   clock network delay (ideal)
                          0.25    0.25   clock uncertainty
                          0.00    0.25   clock reconvergence pessimism
                                  0.25 ^ _1820_/CLK (sky130_fd_sc_hd__dfrtp_2)
                         -0.02    0.23   library hold time
                                  0.23   data required time
-----------------------------------------------------------------------------
                                  0.23   data required time
                                 -0.56   data arrival time
-----------------------------------------------------------------------------
                                  0.33   slack (MET)


Startpoint: _1842_ (rising edge-triggered flip-flop clocked by clk)
Endpoint: _1842_ (rising edge-triggered flip-flop clocked by clk)
Path Group: clk
Path Type: min

Fanout     Cap    Slew   Delay    Time   Description
-----------------------------------------------------------------------------
                  0.15    0.00    0.00   clock clk (rise edge)
                          0.00    0.00   clock network delay (ideal)
                  0.15    0.00    0.00 ^ _1842_/CLK (sky130_fd_sc_hd__dfrtp_2)
                  0.06    0.37    0.37 ^ _1842_/Q (sky130_fd_sc_hd__dfrtp_2)
     3    0.01                           r_reg[98] (net)
                  0.06    0.00    0.37 ^ _0831_/A1 (sky130_fd_sc_hd__mux2_2)
                  0.04    0.13    0.50 ^ _0831_/X (sky130_fd_sc_hd__mux2_2)
     1    0.00                           _0619_ (net)
                  0.04    0.00    0.50 ^ _0832_/A (sky130_fd_sc_hd__buf_1)
                  0.04    0.07    0.57 ^ _0832_/X (sky130_fd_sc_hd__buf_1)
     1    0.00                           _0271_ (net)
                  0.04    0.00    0.57 ^ _1842_/D (sky130_fd_sc_hd__dfrtp_2)
                                  0.57   data arrival time

                  0.15    0.00    0.00   clock clk (rise edge)
                          0.00    0.00   clock network delay (ideal)
                          0.25    0.25   clock uncertainty
                          0.00    0.25   clock reconvergence pessimism
                                  0.25 ^ _1842_/CLK (sky130_fd_sc_hd__dfrtp_2)
                         -0.02    0.23   library hold time
                                  0.23   data required time
-----------------------------------------------------------------------------
                                  0.23   data required time
                                 -0.57   data arrival time
-----------------------------------------------------------------------------
                                  0.34   slack (MET)


