
===========================================================================
report_checks -path_delay min (Hold)
============================================================================
Startpoint: _2208_ (rising edge-triggered flip-flop clocked by ref_in)
Endpoint: _2223_ (removal check against rising-edge clock ref_in)
Path Group: **async_default**
Path Type: min

Fanout     Cap    Slew   Delay    Time   Description
-----------------------------------------------------------------------------
                          0.00    0.00   clock ref_in (rise edge)
                          0.00    0.00   clock source latency
                  0.00    0.00    0.00 ^ ref_in (in)
     1    0.02                           ref_in (net)
                  0.00    0.00    0.00 ^ clkbuf_0_ref_in/A (sky130_fd_sc_hd__clkbuf_16)
                  0.04    0.11    0.11 ^ clkbuf_0_ref_in/X (sky130_fd_sc_hd__clkbuf_16)
     2    0.02                           clknet_0_ref_in (net)
                  0.04    0.00    0.11 ^ clkbuf_1_1__f_ref_in/A (sky130_fd_sc_hd__clkbuf_16)
                  0.06    0.14    0.25 ^ clkbuf_1_1__f_ref_in/X (sky130_fd_sc_hd__clkbuf_16)
    11    0.04                           clknet_1_1__leaf_ref_in (net)
                  0.06    0.00    0.25 ^ _2208_/CLK (sky130_fd_sc_hd__dfstp_1)
                  0.07    0.39    0.64 v _2208_/Q (sky130_fd_sc_hd__dfstp_1)
     2    0.01                           d5.fll_core.counter_reset (net)
                  0.07    0.00    0.64 v _1984_/A (sky130_fd_sc_hd__buf_4)
                  0.08    0.20    0.85 v _1984_/X (sky130_fd_sc_hd__buf_4)
    10    0.05                           _0801_ (net)
                  0.08    0.00    0.85 v _1986_/A (sky130_fd_sc_hd__inv_2)
                  0.03    0.06    0.90 ^ _1986_/Y (sky130_fd_sc_hd__inv_2)
     1    0.00                           _0236_ (net)
                  0.03    0.00    0.90 ^ _2223_/RESET_B (sky130_fd_sc_hd__dfrtp_1)
                                  0.90   data arrival time

                          0.00    0.00   clock ref_in (rise edge)
                          0.00    0.00   clock source latency
                  0.00    0.00    0.00 ^ ref_in (in)
     1    0.02                           ref_in (net)
                  0.00    0.00    0.00 ^ clkbuf_0_ref_in/A (sky130_fd_sc_hd__clkbuf_16)
                  0.04    0.11    0.11 ^ clkbuf_0_ref_in/X (sky130_fd_sc_hd__clkbuf_16)
     2    0.02                           clknet_0_ref_in (net)
                  0.04    0.00    0.11 ^ clkbuf_1_0__f_ref_in/A (sky130_fd_sc_hd__clkbuf_16)
                  0.06    0.14    0.25 ^ clkbuf_1_0__f_ref_in/X (sky130_fd_sc_hd__clkbuf_16)
    14    0.04                           clknet_1_0__leaf_ref_in (net)
                  0.06    0.00    0.25 ^ _2223_/CLK (sky130_fd_sc_hd__dfrtp_1)
                          0.00    0.25   clock reconvergence pessimism
                          0.32    0.58   library removal time
                                  0.58   data required time
-----------------------------------------------------------------------------
                                  0.58   data required time
                                 -0.90   data arrival time
-----------------------------------------------------------------------------
                                  0.33   slack (MET)


Startpoint: _2208_ (rising edge-triggered flip-flop clocked by ref_in)
Endpoint: _2231_ (removal check against rising-edge clock ref_in)
Path Group: **async_default**
Path Type: min

Fanout     Cap    Slew   Delay    Time   Description
-----------------------------------------------------------------------------
                          0.00    0.00   clock ref_in (rise edge)
                          0.00    0.00   clock source latency
                  0.00    0.00    0.00 ^ ref_in (in)
     1    0.02                           ref_in (net)
                  0.00    0.00    0.00 ^ clkbuf_0_ref_in/A (sky130_fd_sc_hd__clkbuf_16)
                  0.04    0.11    0.11 ^ clkbuf_0_ref_in/X (sky130_fd_sc_hd__clkbuf_16)
     2    0.02                           clknet_0_ref_in (net)
                  0.04    0.00    0.11 ^ clkbuf_1_1__f_ref_in/A (sky130_fd_sc_hd__clkbuf_16)
                  0.06    0.14    0.25 ^ clkbuf_1_1__f_ref_in/X (sky130_fd_sc_hd__clkbuf_16)
    11    0.04                           clknet_1_1__leaf_ref_in (net)
                  0.06    0.00    0.25 ^ _2208_/CLK (sky130_fd_sc_hd__dfstp_1)
                  0.07    0.39    0.64 v _2208_/Q (sky130_fd_sc_hd__dfstp_1)
     2    0.01                           d5.fll_core.counter_reset (net)
                  0.07    0.00    0.64 v _1984_/A (sky130_fd_sc_hd__buf_4)
                  0.08    0.20    0.85 v _1984_/X (sky130_fd_sc_hd__buf_4)
    10    0.05                           _0801_ (net)
                  0.08    0.00    0.85 v _1994_/A (sky130_fd_sc_hd__inv_2)
                  0.03    0.06    0.90 ^ _1994_/Y (sky130_fd_sc_hd__inv_2)
     1    0.00                           _0244_ (net)
                  0.03    0.00    0.90 ^ _2231_/RESET_B (sky130_fd_sc_hd__dfrtp_1)
                                  0.90   data arrival time

                          0.00    0.00   clock ref_in (rise edge)
                          0.00    0.00   clock source latency
                  0.00    0.00    0.00 ^ ref_in (in)
     1    0.02                           ref_in (net)
                  0.00    0.00    0.00 ^ clkbuf_0_ref_in/A (sky130_fd_sc_hd__clkbuf_16)
                  0.04    0.11    0.11 ^ clkbuf_0_ref_in/X (sky130_fd_sc_hd__clkbuf_16)
     2    0.02                           clknet_0_ref_in (net)
                  0.04    0.00    0.11 ^ clkbuf_1_0__f_ref_in/A (sky130_fd_sc_hd__clkbuf_16)
                  0.06    0.14    0.25 ^ clkbuf_1_0__f_ref_in/X (sky130_fd_sc_hd__clkbuf_16)
    14    0.04                           clknet_1_0__leaf_ref_in (net)
                  0.06    0.00    0.25 ^ _2231_/CLK (sky130_fd_sc_hd__dfrtp_1)
                          0.00    0.25   clock reconvergence pessimism
                          0.32    0.58   library removal time
                                  0.58   data required time
-----------------------------------------------------------------------------
                                  0.58   data required time
                                 -0.90   data arrival time
-----------------------------------------------------------------------------
                                  0.33   slack (MET)


Startpoint: _2208_ (rising edge-triggered flip-flop clocked by ref_in)
Endpoint: _2227_ (removal check against rising-edge clock ref_in)
Path Group: **async_default**
Path Type: min

Fanout     Cap    Slew   Delay    Time   Description
-----------------------------------------------------------------------------
                          0.00    0.00   clock ref_in (rise edge)
                          0.00    0.00   clock source latency
                  0.00    0.00    0.00 ^ ref_in (in)
     1    0.02                           ref_in (net)
                  0.00    0.00    0.00 ^ clkbuf_0_ref_in/A (sky130_fd_sc_hd__clkbuf_16)
                  0.04    0.11    0.11 ^ clkbuf_0_ref_in/X (sky130_fd_sc_hd__clkbuf_16)
     2    0.02                           clknet_0_ref_in (net)
                  0.04    0.00    0.11 ^ clkbuf_1_1__f_ref_in/A (sky130_fd_sc_hd__clkbuf_16)
                  0.06    0.14    0.25 ^ clkbuf_1_1__f_ref_in/X (sky130_fd_sc_hd__clkbuf_16)
    11    0.04                           clknet_1_1__leaf_ref_in (net)
                  0.06    0.00    0.25 ^ _2208_/CLK (sky130_fd_sc_hd__dfstp_1)
                  0.07    0.39    0.64 v _2208_/Q (sky130_fd_sc_hd__dfstp_1)
     2    0.01                           d5.fll_core.counter_reset (net)
                  0.07    0.00    0.64 v _1984_/A (sky130_fd_sc_hd__buf_4)
                  0.08    0.20    0.85 v _1984_/X (sky130_fd_sc_hd__buf_4)
    10    0.05                           _0801_ (net)
                  0.08    0.00    0.85 v _1990_/A (sky130_fd_sc_hd__inv_2)
                  0.03    0.06    0.90 ^ _1990_/Y (sky130_fd_sc_hd__inv_2)
     1    0.00                           _0240_ (net)
                  0.03    0.00    0.90 ^ _2227_/RESET_B (sky130_fd_sc_hd__dfrtp_1)
                                  0.90   data arrival time

                          0.00    0.00   clock ref_in (rise edge)
                          0.00    0.00   clock source latency
                  0.00    0.00    0.00 ^ ref_in (in)
     1    0.02                           ref_in (net)
                  0.00    0.00    0.00 ^ clkbuf_0_ref_in/A (sky130_fd_sc_hd__clkbuf_16)
                  0.04    0.11    0.11 ^ clkbuf_0_ref_in/X (sky130_fd_sc_hd__clkbuf_16)
     2    0.02                           clknet_0_ref_in (net)
                  0.04    0.00    0.11 ^ clkbuf_1_0__f_ref_in/A (sky130_fd_sc_hd__clkbuf_16)
                  0.06    0.14    0.25 ^ clkbuf_1_0__f_ref_in/X (sky130_fd_sc_hd__clkbuf_16)
    14    0.04                           clknet_1_0__leaf_ref_in (net)
                  0.06    0.00    0.25 ^ _2227_/CLK (sky130_fd_sc_hd__dfrtp_1)
                          0.00    0.25   clock reconvergence pessimism
                          0.32    0.58   library removal time
                                  0.58   data required time
-----------------------------------------------------------------------------
                                  0.58   data required time
                                 -0.90   data arrival time
-----------------------------------------------------------------------------
                                  0.33   slack (MET)


Startpoint: _2208_ (rising edge-triggered flip-flop clocked by ref_in)
Endpoint: _2224_ (removal check against rising-edge clock ref_in)
Path Group: **async_default**
Path Type: min

Fanout     Cap    Slew   Delay    Time   Description
-----------------------------------------------------------------------------
                          0.00    0.00   clock ref_in (rise edge)
                          0.00    0.00   clock source latency
                  0.00    0.00    0.00 ^ ref_in (in)
     1    0.02                           ref_in (net)
                  0.00    0.00    0.00 ^ clkbuf_0_ref_in/A (sky130_fd_sc_hd__clkbuf_16)
                  0.04    0.11    0.11 ^ clkbuf_0_ref_in/X (sky130_fd_sc_hd__clkbuf_16)
     2    0.02                           clknet_0_ref_in (net)
                  0.04    0.00    0.11 ^ clkbuf_1_1__f_ref_in/A (sky130_fd_sc_hd__clkbuf_16)
                  0.06    0.14    0.25 ^ clkbuf_1_1__f_ref_in/X (sky130_fd_sc_hd__clkbuf_16)
    11    0.04                           clknet_1_1__leaf_ref_in (net)
                  0.06    0.00    0.25 ^ _2208_/CLK (sky130_fd_sc_hd__dfstp_1)
                  0.07    0.39    0.64 v _2208_/Q (sky130_fd_sc_hd__dfstp_1)
     2    0.01                           d5.fll_core.counter_reset (net)
                  0.07    0.00    0.64 v _1984_/A (sky130_fd_sc_hd__buf_4)
                  0.08    0.20    0.85 v _1984_/X (sky130_fd_sc_hd__buf_4)
    10    0.05                           _0801_ (net)
                  0.08    0.00    0.85 v _1987_/A (sky130_fd_sc_hd__inv_2)
                  0.03    0.06    0.90 ^ _1987_/Y (sky130_fd_sc_hd__inv_2)
     1    0.00                           _0237_ (net)
                  0.03    0.00    0.90 ^ _2224_/RESET_B (sky130_fd_sc_hd__dfrtp_1)
                                  0.90   data arrival time

                          0.00    0.00   clock ref_in (rise edge)
                          0.00    0.00   clock source latency
                  0.00    0.00    0.00 ^ ref_in (in)
     1    0.02                           ref_in (net)
                  0.00    0.00    0.00 ^ clkbuf_0_ref_in/A (sky130_fd_sc_hd__clkbuf_16)
                  0.04    0.11    0.11 ^ clkbuf_0_ref_in/X (sky130_fd_sc_hd__clkbuf_16)
     2    0.02                           clknet_0_ref_in (net)
                  0.04    0.00    0.11 ^ clkbuf_1_0__f_ref_in/A (sky130_fd_sc_hd__clkbuf_16)
                  0.06    0.14    0.25 ^ clkbuf_1_0__f_ref_in/X (sky130_fd_sc_hd__clkbuf_16)
    14    0.04                           clknet_1_0__leaf_ref_in (net)
                  0.06    0.00    0.25 ^ _2224_/CLK (sky130_fd_sc_hd__dfrtp_1)
                          0.00    0.25   clock reconvergence pessimism
                          0.32    0.58   library removal time
                                  0.58   data required time
-----------------------------------------------------------------------------
                                  0.58   data required time
                                 -0.90   data arrival time
-----------------------------------------------------------------------------
                                  0.33   slack (MET)


Startpoint: _2208_ (rising edge-triggered flip-flop clocked by ref_in)
Endpoint: _2226_ (removal check against rising-edge clock ref_in)
Path Group: **async_default**
Path Type: min

Fanout     Cap    Slew   Delay    Time   Description
-----------------------------------------------------------------------------
                          0.00    0.00   clock ref_in (rise edge)
                          0.00    0.00   clock source latency
                  0.00    0.00    0.00 ^ ref_in (in)
     1    0.02                           ref_in (net)
                  0.00    0.00    0.00 ^ clkbuf_0_ref_in/A (sky130_fd_sc_hd__clkbuf_16)
                  0.04    0.11    0.11 ^ clkbuf_0_ref_in/X (sky130_fd_sc_hd__clkbuf_16)
     2    0.02                           clknet_0_ref_in (net)
                  0.04    0.00    0.11 ^ clkbuf_1_1__f_ref_in/A (sky130_fd_sc_hd__clkbuf_16)
                  0.06    0.14    0.25 ^ clkbuf_1_1__f_ref_in/X (sky130_fd_sc_hd__clkbuf_16)
    11    0.04                           clknet_1_1__leaf_ref_in (net)
                  0.06    0.00    0.25 ^ _2208_/CLK (sky130_fd_sc_hd__dfstp_1)
                  0.07    0.39    0.64 v _2208_/Q (sky130_fd_sc_hd__dfstp_1)
     2    0.01                           d5.fll_core.counter_reset (net)
                  0.07    0.00    0.64 v _1984_/A (sky130_fd_sc_hd__buf_4)
                  0.08    0.20    0.85 v _1984_/X (sky130_fd_sc_hd__buf_4)
    10    0.05                           _0801_ (net)
                  0.08    0.00    0.85 v _1989_/A (sky130_fd_sc_hd__inv_2)
                  0.03    0.06    0.90 ^ _1989_/Y (sky130_fd_sc_hd__inv_2)
     1    0.00                           _0239_ (net)
                  0.03    0.00    0.90 ^ _2226_/RESET_B (sky130_fd_sc_hd__dfrtp_1)
                                  0.90   data arrival time

                          0.00    0.00   clock ref_in (rise edge)
                          0.00    0.00   clock source latency
                  0.00    0.00    0.00 ^ ref_in (in)
     1    0.02                           ref_in (net)
                  0.00    0.00    0.00 ^ clkbuf_0_ref_in/A (sky130_fd_sc_hd__clkbuf_16)
                  0.04    0.11    0.11 ^ clkbuf_0_ref_in/X (sky130_fd_sc_hd__clkbuf_16)
     2    0.02                           clknet_0_ref_in (net)
                  0.04    0.00    0.11 ^ clkbuf_1_0__f_ref_in/A (sky130_fd_sc_hd__clkbuf_16)
                  0.06    0.14    0.25 ^ clkbuf_1_0__f_ref_in/X (sky130_fd_sc_hd__clkbuf_16)
    14    0.04                           clknet_1_0__leaf_ref_in (net)
                  0.06    0.00    0.25 ^ _2226_/CLK (sky130_fd_sc_hd__dfrtp_1)
                          0.00    0.25   clock reconvergence pessimism
                          0.32    0.58   library removal time
                                  0.58   data required time
-----------------------------------------------------------------------------
                                  0.58   data required time
                                 -0.90   data arrival time
-----------------------------------------------------------------------------
                                  0.33   slack (MET)


Startpoint: _2176_ (rising edge-triggered flip-flop clocked by clk_in)
Endpoint: _2176_ (rising edge-triggered flip-flop clocked by clk_in)
Path Group: clk_in
Path Type: min

Fanout     Cap    Slew   Delay    Time   Description
-----------------------------------------------------------------------------
                          0.00    0.00   clock clk_in (rise edge)
                          0.00    0.00   clock source latency
                  0.00    0.00    0.00 ^ clk_in (in)
     1    0.02                           clk_in (net)
                  0.00    0.00    0.00 ^ clkbuf_0_clk_in/A (sky130_fd_sc_hd__clkbuf_16)
                  0.13    0.18    0.19 ^ clkbuf_0_clk_in/X (sky130_fd_sc_hd__clkbuf_16)
    16    0.12                           clknet_0_clk_in (net)
                  0.13    0.00    0.19 ^ clkbuf_4_3_0_clk_in/A (sky130_fd_sc_hd__clkbuf_8)
                  0.08    0.19    0.38 ^ clkbuf_4_3_0_clk_in/X (sky130_fd_sc_hd__clkbuf_8)
    12    0.04                           clknet_4_3_0_clk_in (net)
                  0.08    0.00    0.38 ^ _2176_/CLK (sky130_fd_sc_hd__dfrtp_1)
                  0.06    0.35    0.73 ^ _2176_/Q (sky130_fd_sc_hd__dfrtp_1)
     2    0.01                           d2.t_load[65] (net)
                  0.06    0.00    0.73 ^ _1057_/A0 (sky130_fd_sc_hd__mux2_1)
                  0.04    0.12    0.84 ^ _1057_/X (sky130_fd_sc_hd__mux2_1)
     1    0.00                           _0837_ (net)
                  0.04    0.00    0.85 ^ _1058_/A (sky130_fd_sc_hd__clkbuf_1)
                  0.04    0.07    0.92 ^ _1058_/X (sky130_fd_sc_hd__clkbuf_1)
     1    0.00                           _0426_ (net)
                  0.04    0.00    0.92 ^ _2176_/D (sky130_fd_sc_hd__dfrtp_1)
                                  0.92   data arrival time

                          0.00    0.00   clock clk_in (rise edge)
                          0.00    0.00   clock source latency
                  0.00    0.00    0.00 ^ clk_in (in)
     1    0.02                           clk_in (net)
                  0.00    0.00    0.00 ^ clkbuf_0_clk_in/A (sky130_fd_sc_hd__clkbuf_16)
                  0.13    0.18    0.19 ^ clkbuf_0_clk_in/X (sky130_fd_sc_hd__clkbuf_16)
    16    0.12                           clknet_0_clk_in (net)
                  0.13    0.00    0.19 ^ clkbuf_4_3_0_clk_in/A (sky130_fd_sc_hd__clkbuf_8)
                  0.08    0.19    0.38 ^ clkbuf_4_3_0_clk_in/X (sky130_fd_sc_hd__clkbuf_8)
    12    0.04                           clknet_4_3_0_clk_in (net)
                  0.08    0.00    0.38 ^ _2176_/CLK (sky130_fd_sc_hd__dfrtp_1)
                          0.00    0.38   clock reconvergence pessimism
                         -0.03    0.35   library hold time
                                  0.35   data required time
-----------------------------------------------------------------------------
                                  0.35   data required time
                                 -0.92   data arrival time
-----------------------------------------------------------------------------
                                  0.57   slack (MET)


Startpoint: _2204_ (rising edge-triggered flip-flop clocked by clk_in)
Endpoint: _2204_ (rising edge-triggered flip-flop clocked by clk_in)
Path Group: clk_in
Path Type: min

Fanout     Cap    Slew   Delay    Time   Description
-----------------------------------------------------------------------------
                          0.00    0.00   clock clk_in (rise edge)
                          0.00    0.00   clock source latency
                  0.00    0.00    0.00 ^ clk_in (in)
     1    0.02                           clk_in (net)
                  0.00    0.00    0.00 ^ clkbuf_0_clk_in/A (sky130_fd_sc_hd__clkbuf_16)
                  0.13    0.18    0.19 ^ clkbuf_0_clk_in/X (sky130_fd_sc_hd__clkbuf_16)
    16    0.12                           clknet_0_clk_in (net)
                  0.13    0.00    0.19 ^ clkbuf_4_4_0_clk_in/A (sky130_fd_sc_hd__clkbuf_8)
                  0.07    0.18    0.37 ^ clkbuf_4_4_0_clk_in/X (sky130_fd_sc_hd__clkbuf_8)
    10    0.03                           clknet_4_4_0_clk_in (net)
                  0.07    0.00    0.37 ^ _2204_/CLK (sky130_fd_sc_hd__dfrtp_1)
                  0.06    0.34    0.71 ^ _2204_/Q (sky130_fd_sc_hd__dfrtp_1)
     2    0.01                           d2.t_load[93] (net)
                  0.06    0.00    0.71 ^ _0998_/A0 (sky130_fd_sc_hd__mux2_1)
                  0.04    0.12    0.83 ^ _0998_/X (sky130_fd_sc_hd__mux2_1)
     1    0.00                           _0806_ (net)
                  0.04    0.00    0.83 ^ _0999_/A (sky130_fd_sc_hd__clkbuf_1)
                  0.04    0.08    0.91 ^ _0999_/X (sky130_fd_sc_hd__clkbuf_1)
     1    0.00                           _0454_ (net)
                  0.04    0.00    0.91 ^ _2204_/D (sky130_fd_sc_hd__dfrtp_1)
                                  0.91   data arrival time

                          0.00    0.00   clock clk_in (rise edge)
                          0.00    0.00   clock source latency
                  0.00    0.00    0.00 ^ clk_in (in)
     1    0.02                           clk_in (net)
                  0.00    0.00    0.00 ^ clkbuf_0_clk_in/A (sky130_fd_sc_hd__clkbuf_16)
                  0.13    0.18    0.19 ^ clkbuf_0_clk_in/X (sky130_fd_sc_hd__clkbuf_16)
    16    0.12                           clknet_0_clk_in (net)
                  0.13    0.00    0.19 ^ clkbuf_4_4_0_clk_in/A (sky130_fd_sc_hd__clkbuf_8)
                  0.07    0.18    0.37 ^ clkbuf_4_4_0_clk_in/X (sky130_fd_sc_hd__clkbuf_8)
    10    0.03                           clknet_4_4_0_clk_in (net)
                  0.07    0.00    0.37 ^ _2204_/CLK (sky130_fd_sc_hd__dfrtp_1)
                          0.00    0.37   clock reconvergence pessimism
                         -0.03    0.34   library hold time
                                  0.34   data required time
-----------------------------------------------------------------------------
                                  0.34   data required time
                                 -0.91   data arrival time
-----------------------------------------------------------------------------
                                  0.57   slack (MET)


Startpoint: _2175_ (rising edge-triggered flip-flop clocked by clk_in)
Endpoint: _2175_ (rising edge-triggered flip-flop clocked by clk_in)
Path Group: clk_in
Path Type: min

Fanout     Cap    Slew   Delay    Time   Description
-----------------------------------------------------------------------------
                          0.00    0.00   clock clk_in (rise edge)
                          0.00    0.00   clock source latency
                  0.00    0.00    0.00 ^ clk_in (in)
     1    0.02                           clk_in (net)
                  0.00    0.00    0.00 ^ clkbuf_0_clk_in/A (sky130_fd_sc_hd__clkbuf_16)
                  0.13    0.18    0.19 ^ clkbuf_0_clk_in/X (sky130_fd_sc_hd__clkbuf_16)
    16    0.12                           clknet_0_clk_in (net)
                  0.13    0.00    0.19 ^ clkbuf_4_9_0_clk_in/A (sky130_fd_sc_hd__clkbuf_8)
                  0.08    0.19    0.38 ^ clkbuf_4_9_0_clk_in/X (sky130_fd_sc_hd__clkbuf_8)
    12    0.04                           clknet_4_9_0_clk_in (net)
                  0.08    0.00    0.38 ^ _2175_/CLK (sky130_fd_sc_hd__dfrtp_1)
                  0.06    0.34    0.72 ^ _2175_/Q (sky130_fd_sc_hd__dfrtp_1)
     2    0.01                           d2.t_load[64] (net)
                  0.06    0.00    0.72 ^ _1059_/A0 (sky130_fd_sc_hd__mux2_1)
                  0.04    0.12    0.84 ^ _1059_/X (sky130_fd_sc_hd__mux2_1)
     1    0.00                           _0838_ (net)
                  0.04    0.00    0.84 ^ _1060_/A (sky130_fd_sc_hd__clkbuf_1)
                  0.05    0.08    0.92 ^ _1060_/X (sky130_fd_sc_hd__clkbuf_1)
     1    0.00                           _0425_ (net)
                  0.05    0.00    0.92 ^ _2175_/D (sky130_fd_sc_hd__dfrtp_1)
                                  0.92   data arrival time

                          0.00    0.00   clock clk_in (rise edge)
                          0.00    0.00   clock source latency
                  0.00    0.00    0.00 ^ clk_in (in)
     1    0.02                           clk_in (net)
                  0.00    0.00    0.00 ^ clkbuf_0_clk_in/A (sky130_fd_sc_hd__clkbuf_16)
                  0.13    0.18    0.19 ^ clkbuf_0_clk_in/X (sky130_fd_sc_hd__clkbuf_16)
    16    0.12                           clknet_0_clk_in (net)
                  0.13    0.00    0.19 ^ clkbuf_4_9_0_clk_in/A (sky130_fd_sc_hd__clkbuf_8)
                  0.08    0.19    0.38 ^ clkbuf_4_9_0_clk_in/X (sky130_fd_sc_hd__clkbuf_8)
    12    0.04                           clknet_4_9_0_clk_in (net)
                  0.08    0.00    0.38 ^ _2175_/CLK (sky130_fd_sc_hd__dfrtp_1)
                          0.00    0.38   clock reconvergence pessimism
                         -0.03    0.35   library hold time
                                  0.35   data required time
-----------------------------------------------------------------------------
                                  0.35   data required time
                                 -0.92   data arrival time
-----------------------------------------------------------------------------
                                  0.57   slack (MET)


Startpoint: _2205_ (rising edge-triggered flip-flop clocked by clk_in)
Endpoint: _2205_ (rising edge-triggered flip-flop clocked by clk_in)
Path Group: clk_in
Path Type: min

Fanout     Cap    Slew   Delay    Time   Description
-----------------------------------------------------------------------------
                          0.00    0.00   clock clk_in (rise edge)
                          0.00    0.00   clock source latency
                  0.00    0.00    0.00 ^ clk_in (in)
     1    0.02                           clk_in (net)
                  0.00    0.00    0.00 ^ clkbuf_0_clk_in/A (sky130_fd_sc_hd__clkbuf_16)
                  0.13    0.18    0.19 ^ clkbuf_0_clk_in/X (sky130_fd_sc_hd__clkbuf_16)
    16    0.12                           clknet_0_clk_in (net)
                  0.13    0.00    0.19 ^ clkbuf_4_4_0_clk_in/A (sky130_fd_sc_hd__clkbuf_8)
                  0.07    0.18    0.37 ^ clkbuf_4_4_0_clk_in/X (sky130_fd_sc_hd__clkbuf_8)
    10    0.03                           clknet_4_4_0_clk_in (net)
                  0.07    0.00    0.37 ^ _2205_/CLK (sky130_fd_sc_hd__dfrtp_1)
                  0.07    0.34    0.72 ^ _2205_/Q (sky130_fd_sc_hd__dfrtp_1)
     2    0.01                           d2.t_load[94] (net)
                  0.07    0.00    0.72 ^ _0996_/A0 (sky130_fd_sc_hd__mux2_1)
                  0.04    0.13    0.84 ^ _0996_/X (sky130_fd_sc_hd__mux2_1)
     1    0.00                           _0805_ (net)
                  0.04    0.00    0.84 ^ _0997_/A (sky130_fd_sc_hd__clkbuf_1)
                  0.04    0.08    0.92 ^ _0997_/X (sky130_fd_sc_hd__clkbuf_1)
     1    0.00                           _0455_ (net)
                  0.04    0.00    0.92 ^ _2205_/D (sky130_fd_sc_hd__dfrtp_1)
                                  0.92   data arrival time

                          0.00    0.00   clock clk_in (rise edge)
                          0.00    0.00   clock source latency
                  0.00    0.00    0.00 ^ clk_in (in)
     1    0.02                           clk_in (net)
                  0.00    0.00    0.00 ^ clkbuf_0_clk_in/A (sky130_fd_sc_hd__clkbuf_16)
                  0.13    0.18    0.19 ^ clkbuf_0_clk_in/X (sky130_fd_sc_hd__clkbuf_16)
    16    0.12                           clknet_0_clk_in (net)
                  0.13    0.00    0.19 ^ clkbuf_4_4_0_clk_in/A (sky130_fd_sc_hd__clkbuf_8)
                  0.07    0.18    0.37 ^ clkbuf_4_4_0_clk_in/X (sky130_fd_sc_hd__clkbuf_8)
    10    0.03                           clknet_4_4_0_clk_in (net)
                  0.07    0.00    0.37 ^ _2205_/CLK (sky130_fd_sc_hd__dfrtp_1)
                          0.00    0.37   clock reconvergence pessimism
                         -0.03    0.34   library hold time
                                  0.34   data required time
-----------------------------------------------------------------------------
                                  0.34   data required time
                                 -0.92   data arrival time
-----------------------------------------------------------------------------
                                  0.58   slack (MET)


Startpoint: _2023_ (rising edge-triggered flip-flop clocked by clk_in)
Endpoint: _2129_ (rising edge-triggered flip-flop clocked by clk_in)
Path Group: clk_in
Path Type: min

Fanout     Cap    Slew   Delay    Time   Description
-----------------------------------------------------------------------------
                          0.00    0.00   clock clk_in (rise edge)
                          0.00    0.00   clock source latency
                  0.00    0.00    0.00 ^ clk_in (in)
     1    0.02                           clk_in (net)
                  0.00    0.00    0.00 ^ clkbuf_0_clk_in/A (sky130_fd_sc_hd__clkbuf_16)
                  0.13    0.18    0.19 ^ clkbuf_0_clk_in/X (sky130_fd_sc_hd__clkbuf_16)
    16    0.12                           clknet_0_clk_in (net)
                  0.13    0.00    0.19 ^ clkbuf_4_12_0_clk_in/A (sky130_fd_sc_hd__clkbuf_8)
                  0.07    0.18    0.37 ^ clkbuf_4_12_0_clk_in/X (sky130_fd_sc_hd__clkbuf_8)
    10    0.03                           clknet_4_12_0_clk_in (net)
                  0.07    0.00    0.37 ^ _2023_/CLK (sky130_fd_sc_hd__dfrtp_1)
                  0.08    0.36    0.73 ^ _2023_/Q (sky130_fd_sc_hd__dfrtp_1)
     3    0.01                           d2.r_reg[18] (net)
                  0.08    0.00    0.73 ^ _1156_/A1 (sky130_fd_sc_hd__mux2_1)
                  0.04    0.13    0.86 ^ _1156_/X (sky130_fd_sc_hd__mux2_1)
     1    0.00                           _0889_ (net)
                  0.04    0.00    0.86 ^ _1157_/A (sky130_fd_sc_hd__clkbuf_1)
                  0.04    0.08    0.94 ^ _1157_/X (sky130_fd_sc_hd__clkbuf_1)
     1    0.00                           _0379_ (net)
                  0.04    0.00    0.94 ^ _2129_/D (sky130_fd_sc_hd__dfrtp_1)
                                  0.94   data arrival time

                          0.00    0.00   clock clk_in (rise edge)
                          0.00    0.00   clock source latency
                  0.00    0.00    0.00 ^ clk_in (in)
     1    0.02                           clk_in (net)
                  0.00    0.00    0.00 ^ clkbuf_0_clk_in/A (sky130_fd_sc_hd__clkbuf_16)
                  0.13    0.18    0.19 ^ clkbuf_0_clk_in/X (sky130_fd_sc_hd__clkbuf_16)
    16    0.12                           clknet_0_clk_in (net)
                  0.13    0.00    0.19 ^ clkbuf_4_13_0_clk_in/A (sky130_fd_sc_hd__clkbuf_8)
                  0.09    0.19    0.38 ^ clkbuf_4_13_0_clk_in/X (sky130_fd_sc_hd__clkbuf_8)
    14    0.04                           clknet_4_13_0_clk_in (net)
                  0.09    0.00    0.38 ^ _2129_/CLK (sky130_fd_sc_hd__dfrtp_1)
                          0.00    0.38   clock reconvergence pessimism
                         -0.03    0.35   library hold time
                                  0.35   data required time
-----------------------------------------------------------------------------
                                  0.35   data required time
                                 -0.94   data arrival time
-----------------------------------------------------------------------------
                                  0.58   slack (MET)


Startpoint: _2231_ (rising edge-triggered flip-flop clocked by ref_in)
Endpoint: _2231_ (rising edge-triggered flip-flop clocked by ref_in)
Path Group: ref_in
Path Type: min

Fanout     Cap    Slew   Delay    Time   Description
-----------------------------------------------------------------------------
                          0.00    0.00   clock ref_in (rise edge)
                          0.00    0.00   clock source latency
                  0.00    0.00    0.00 ^ ref_in (in)
     1    0.02                           ref_in (net)
                  0.00    0.00    0.00 ^ clkbuf_0_ref_in/A (sky130_fd_sc_hd__clkbuf_16)
                  0.04    0.11    0.11 ^ clkbuf_0_ref_in/X (sky130_fd_sc_hd__clkbuf_16)
     2    0.02                           clknet_0_ref_in (net)
                  0.04    0.00    0.11 ^ clkbuf_1_0__f_ref_in/A (sky130_fd_sc_hd__clkbuf_16)
                  0.06    0.14    0.25 ^ clkbuf_1_0__f_ref_in/X (sky130_fd_sc_hd__clkbuf_16)
    14    0.04                           clknet_1_0__leaf_ref_in (net)
                  0.06    0.00    0.25 ^ _2231_/CLK (sky130_fd_sc_hd__dfrtp_1)
                  0.12    0.38    0.64 ^ _2231_/Q (sky130_fd_sc_hd__dfrtp_1)
     3    0.01                           d5.fll_core.counter2.count[9] (net)
                  0.12    0.00    0.64 ^ _1737_/A (sky130_fd_sc_hd__xor2_1)
                  0.04    0.09    0.73 v _1737_/X (sky130_fd_sc_hd__xor2_1)
     1    0.00                           _0020_ (net)
                  0.04    0.00    0.73 v _2231_/D (sky130_fd_sc_hd__dfrtp_1)
                                  0.73   data arrival time

                          0.00    0.00   clock ref_in (rise edge)
                          0.00    0.00   clock source latency
                  0.00    0.00    0.00 ^ ref_in (in)
     1    0.02                           ref_in (net)
                  0.00    0.00    0.00 ^ clkbuf_0_ref_in/A (sky130_fd_sc_hd__clkbuf_16)
                  0.04    0.11    0.11 ^ clkbuf_0_ref_in/X (sky130_fd_sc_hd__clkbuf_16)
     2    0.02                           clknet_0_ref_in (net)
                  0.04    0.00    0.11 ^ clkbuf_1_0__f_ref_in/A (sky130_fd_sc_hd__clkbuf_16)
                  0.06    0.14    0.25 ^ clkbuf_1_0__f_ref_in/X (sky130_fd_sc_hd__clkbuf_16)
    14    0.04                           clknet_1_0__leaf_ref_in (net)
                  0.06    0.00    0.25 ^ _2231_/CLK (sky130_fd_sc_hd__dfrtp_1)
                          0.00    0.25   clock reconvergence pessimism
                         -0.04    0.21   library hold time
                                  0.21   data required time
-----------------------------------------------------------------------------
                                  0.21   data required time
                                 -0.73   data arrival time
-----------------------------------------------------------------------------
                                  0.51   slack (MET)


Startpoint: _2222_ (rising edge-triggered flip-flop clocked by ref_in)
Endpoint: _2223_ (rising edge-triggered flip-flop clocked by ref_in)
Path Group: ref_in
Path Type: min

Fanout     Cap    Slew   Delay    Time   Description
-----------------------------------------------------------------------------
                          0.00    0.00   clock ref_in (rise edge)
                          0.00    0.00   clock source latency
                  0.00    0.00    0.00 ^ ref_in (in)
     1    0.02                           ref_in (net)
                  0.00    0.00    0.00 ^ clkbuf_0_ref_in/A (sky130_fd_sc_hd__clkbuf_16)
                  0.04    0.11    0.11 ^ clkbuf_0_ref_in/X (sky130_fd_sc_hd__clkbuf_16)
     2    0.02                           clknet_0_ref_in (net)
                  0.04    0.00    0.11 ^ clkbuf_1_0__f_ref_in/A (sky130_fd_sc_hd__clkbuf_16)
                  0.06    0.14    0.25 ^ clkbuf_1_0__f_ref_in/X (sky130_fd_sc_hd__clkbuf_16)
    14    0.04                           clknet_1_0__leaf_ref_in (net)
                  0.06    0.00    0.25 ^ _2222_/CLK (sky130_fd_sc_hd__dfrtp_1)
                  0.15    0.40    0.66 ^ _2222_/Q (sky130_fd_sc_hd__dfrtp_1)
     4    0.02                           d5.fll_core.counter2.count[0] (net)
                  0.15    0.00    0.66 ^ _1718_/A (sky130_fd_sc_hd__xor2_1)
                  0.03    0.08    0.74 v _1718_/X (sky130_fd_sc_hd__xor2_1)
     1    0.00                           _0012_ (net)
                  0.03    0.00    0.74 v _2223_/D (sky130_fd_sc_hd__dfrtp_1)
                                  0.74   data arrival time

                          0.00    0.00   clock ref_in (rise edge)
                          0.00    0.00   clock source latency
                  0.00    0.00    0.00 ^ ref_in (in)
     1    0.02                           ref_in (net)
                  0.00    0.00    0.00 ^ clkbuf_0_ref_in/A (sky130_fd_sc_hd__clkbuf_16)
                  0.04    0.11    0.11 ^ clkbuf_0_ref_in/X (sky130_fd_sc_hd__clkbuf_16)
     2    0.02                           clknet_0_ref_in (net)
                  0.04    0.00    0.11 ^ clkbuf_1_0__f_ref_in/A (sky130_fd_sc_hd__clkbuf_16)
                  0.06    0.14    0.25 ^ clkbuf_1_0__f_ref_in/X (sky130_fd_sc_hd__clkbuf_16)
    14    0.04                           clknet_1_0__leaf_ref_in (net)
                  0.06    0.00    0.25 ^ _2223_/CLK (sky130_fd_sc_hd__dfrtp_1)
                          0.00    0.25   clock reconvergence pessimism
                         -0.04    0.22   library hold time
                                  0.22   data required time
-----------------------------------------------------------------------------
                                  0.22   data required time
                                 -0.74   data arrival time
-----------------------------------------------------------------------------
                                  0.52   slack (MET)


Startpoint: _2222_ (rising edge-triggered flip-flop clocked by ref_in)
Endpoint: _2222_ (rising edge-triggered flip-flop clocked by ref_in)
Path Group: ref_in
Path Type: min

Fanout     Cap    Slew   Delay    Time   Description
-----------------------------------------------------------------------------
                          0.00    0.00   clock ref_in (rise edge)
                          0.00    0.00   clock source latency
                  0.00    0.00    0.00 ^ ref_in (in)
     1    0.02                           ref_in (net)
                  0.00    0.00    0.00 ^ clkbuf_0_ref_in/A (sky130_fd_sc_hd__clkbuf_16)
                  0.04    0.11    0.11 ^ clkbuf_0_ref_in/X (sky130_fd_sc_hd__clkbuf_16)
     2    0.02                           clknet_0_ref_in (net)
                  0.04    0.00    0.11 ^ clkbuf_1_0__f_ref_in/A (sky130_fd_sc_hd__clkbuf_16)
                  0.06    0.14    0.25 ^ clkbuf_1_0__f_ref_in/X (sky130_fd_sc_hd__clkbuf_16)
    14    0.04                           clknet_1_0__leaf_ref_in (net)
                  0.06    0.00    0.25 ^ _2222_/CLK (sky130_fd_sc_hd__dfrtp_1)
                  0.15    0.40    0.66 ^ _2222_/Q (sky130_fd_sc_hd__dfrtp_1)
     4    0.02                           d5.fll_core.counter2.count[0] (net)
                  0.15    0.00    0.66 ^ _1260_/A (sky130_fd_sc_hd__inv_2)
                  0.05    0.07    0.73 v _1260_/Y (sky130_fd_sc_hd__inv_2)
     3    0.01                           _0011_ (net)
                  0.05    0.00    0.73 v _2222_/D (sky130_fd_sc_hd__dfrtp_1)
                                  0.73   data arrival time

                          0.00    0.00   clock ref_in (rise edge)
                          0.00    0.00   clock source latency
                  0.00    0.00    0.00 ^ ref_in (in)
     1    0.02                           ref_in (net)
                  0.00    0.00    0.00 ^ clkbuf_0_ref_in/A (sky130_fd_sc_hd__clkbuf_16)
                  0.04    0.11    0.11 ^ clkbuf_0_ref_in/X (sky130_fd_sc_hd__clkbuf_16)
     2    0.02                           clknet_0_ref_in (net)
                  0.04    0.00    0.11 ^ clkbuf_1_0__f_ref_in/A (sky130_fd_sc_hd__clkbuf_16)
                  0.06    0.14    0.25 ^ clkbuf_1_0__f_ref_in/X (sky130_fd_sc_hd__clkbuf_16)
    14    0.04                           clknet_1_0__leaf_ref_in (net)
                  0.06    0.00    0.25 ^ _2222_/CLK (sky130_fd_sc_hd__dfrtp_1)
                          0.00    0.25   clock reconvergence pessimism
                         -0.05    0.21   library hold time
                                  0.21   data required time
-----------------------------------------------------------------------------
                                  0.21   data required time
                                 -0.73   data arrival time
-----------------------------------------------------------------------------
                                  0.52   slack (MET)


Startpoint: _2210_ (rising edge-triggered flip-flop clocked by ref_in)
Endpoint: _2210_ (rising edge-triggered flip-flop clocked by ref_in)
Path Group: ref_in
Path Type: min

Fanout     Cap    Slew   Delay    Time   Description
-----------------------------------------------------------------------------
                          0.00    0.00   clock ref_in (rise edge)
                          0.00    0.00   clock source latency
                  0.00    0.00    0.00 ^ ref_in (in)
     1    0.02                           ref_in (net)
                  0.00    0.00    0.00 ^ clkbuf_0_ref_in/A (sky130_fd_sc_hd__clkbuf_16)
                  0.04    0.11    0.11 ^ clkbuf_0_ref_in/X (sky130_fd_sc_hd__clkbuf_16)
     2    0.02                           clknet_0_ref_in (net)
                  0.04    0.00    0.11 ^ clkbuf_1_1__f_ref_in/A (sky130_fd_sc_hd__clkbuf_16)
                  0.06    0.14    0.25 ^ clkbuf_1_1__f_ref_in/X (sky130_fd_sc_hd__clkbuf_16)
    11    0.04                           clknet_1_1__leaf_ref_in (net)
                  0.06    0.00    0.25 ^ _2210_/CLK (sky130_fd_sc_hd__dfxtp_1)
                  0.05    0.31    0.57 ^ _2210_/Q (sky130_fd_sc_hd__dfxtp_1)
     2    0.00                           d5.fll_core.corner_tmp[1] (net)
                  0.05    0.00    0.57 ^ _1969_/A (sky130_fd_sc_hd__and2_1)
                  0.05    0.11    0.68 ^ _1969_/X (sky130_fd_sc_hd__and2_1)
     1    0.00                           _0798_ (net)
                  0.05    0.00    0.68 ^ _1970_/A (sky130_fd_sc_hd__clkbuf_1)
                  0.04    0.08    0.76 ^ _1970_/X (sky130_fd_sc_hd__clkbuf_1)
     1    0.00                           _0458_ (net)
                  0.04    0.00    0.76 ^ _2210_/D (sky130_fd_sc_hd__dfxtp_1)
                                  0.76   data arrival time

                          0.00    0.00   clock ref_in (rise edge)
                          0.00    0.00   clock source latency
                  0.00    0.00    0.00 ^ ref_in (in)
     1    0.02                           ref_in (net)
                  0.00    0.00    0.00 ^ clkbuf_0_ref_in/A (sky130_fd_sc_hd__clkbuf_16)
                  0.04    0.11    0.11 ^ clkbuf_0_ref_in/X (sky130_fd_sc_hd__clkbuf_16)
     2    0.02                           clknet_0_ref_in (net)
                  0.04    0.00    0.11 ^ clkbuf_1_1__f_ref_in/A (sky130_fd_sc_hd__clkbuf_16)
                  0.06    0.14    0.25 ^ clkbuf_1_1__f_ref_in/X (sky130_fd_sc_hd__clkbuf_16)
    11    0.04                           clknet_1_1__leaf_ref_in (net)
                  0.06    0.00    0.25 ^ _2210_/CLK (sky130_fd_sc_hd__dfxtp_1)
                          0.00    0.25   clock reconvergence pessimism
                         -0.03    0.22   library hold time
                                  0.22   data required time
-----------------------------------------------------------------------------
                                  0.22   data required time
                                 -0.76   data arrival time
-----------------------------------------------------------------------------
                                  0.53   slack (MET)


Startpoint: _2224_ (rising edge-triggered flip-flop clocked by ref_in)
Endpoint: _2224_ (rising edge-triggered flip-flop clocked by ref_in)
Path Group: ref_in
Path Type: min

Fanout     Cap    Slew   Delay    Time   Description
-----------------------------------------------------------------------------
                          0.00    0.00   clock ref_in (rise edge)
                          0.00    0.00   clock source latency
                  0.00    0.00    0.00 ^ ref_in (in)
     1    0.02                           ref_in (net)
                  0.00    0.00    0.00 ^ clkbuf_0_ref_in/A (sky130_fd_sc_hd__clkbuf_16)
                  0.04    0.11    0.11 ^ clkbuf_0_ref_in/X (sky130_fd_sc_hd__clkbuf_16)
     2    0.02                           clknet_0_ref_in (net)
                  0.04    0.00    0.11 ^ clkbuf_1_0__f_ref_in/A (sky130_fd_sc_hd__clkbuf_16)
                  0.06    0.14    0.25 ^ clkbuf_1_0__f_ref_in/X (sky130_fd_sc_hd__clkbuf_16)
    14    0.04                           clknet_1_0__leaf_ref_in (net)
                  0.06    0.00    0.25 ^ _2224_/CLK (sky130_fd_sc_hd__dfrtp_1)
                  0.12    0.39    0.64 ^ _2224_/Q (sky130_fd_sc_hd__dfrtp_1)
     3    0.01                           d5.fll_core.counter2.count[2] (net)
                  0.12    0.00    0.64 ^ _1720_/B1 (sky130_fd_sc_hd__a21oi_1)
                  0.04    0.05    0.69 v _1720_/Y (sky130_fd_sc_hd__a21oi_1)
     1    0.00                           _0762_ (net)
                  0.04    0.00    0.69 v _1721_/B (sky130_fd_sc_hd__nor2_1)
                  0.08    0.08    0.78 ^ _1721_/Y (sky130_fd_sc_hd__nor2_1)
     1    0.00                           _0013_ (net)
                  0.08    0.00    0.78 ^ _2224_/D (sky130_fd_sc_hd__dfrtp_1)
                                  0.78   data arrival time

                          0.00    0.00   clock ref_in (rise edge)
                          0.00    0.00   clock source latency
                  0.00    0.00    0.00 ^ ref_in (in)
     1    0.02                           ref_in (net)
                  0.00    0.00    0.00 ^ clkbuf_0_ref_in/A (sky130_fd_sc_hd__clkbuf_16)
                  0.04    0.11    0.11 ^ clkbuf_0_ref_in/X (sky130_fd_sc_hd__clkbuf_16)
     2    0.02                           clknet_0_ref_in (net)
                  0.04    0.00    0.11 ^ clkbuf_1_0__f_ref_in/A (sky130_fd_sc_hd__clkbuf_16)
                  0.06    0.14    0.25 ^ clkbuf_1_0__f_ref_in/X (sky130_fd_sc_hd__clkbuf_16)
    14    0.04                           clknet_1_0__leaf_ref_in (net)
                  0.06    0.00    0.25 ^ _2224_/CLK (sky130_fd_sc_hd__dfrtp_1)
                          0.00    0.25   clock reconvergence pessimism
                         -0.04    0.22   library hold time
                                  0.22   data required time
-----------------------------------------------------------------------------
                                  0.22   data required time
                                 -0.78   data arrival time
-----------------------------------------------------------------------------
                                  0.56   slack (MET)


Startpoint: _2221_ (rising edge-triggered flip-flop clocked by vco_in)
Endpoint: _2221_ (rising edge-triggered flip-flop clocked by vco_in)
Path Group: vco_in
Path Type: min

Fanout     Cap    Slew   Delay    Time   Description
-----------------------------------------------------------------------------
                          0.00    0.00   clock vco_in (rise edge)
                          0.00    0.00   clock source latency
                  0.00    0.00    0.00 ^ vco_in (in)
     1    0.01                           vco_in (net)
                  0.00    0.00    0.00 ^ clkbuf_0_vco_in/A (sky130_fd_sc_hd__clkbuf_16)
                  0.05    0.11    0.11 ^ clkbuf_0_vco_in/X (sky130_fd_sc_hd__clkbuf_16)
     2    0.02                           clknet_0_vco_in (net)
                  0.05    0.00    0.11 ^ clkbuf_1_1__f_vco_in/A (sky130_fd_sc_hd__clkbuf_16)
                  0.04    0.12    0.24 ^ clkbuf_1_1__f_vco_in/X (sky130_fd_sc_hd__clkbuf_16)
     6    0.02                           clknet_1_1__leaf_vco_in (net)
                  0.04    0.00    0.24 ^ _2221_/CLK (sky130_fd_sc_hd__dfrtp_2)
                  0.13    0.41    0.65 ^ _2221_/Q (sky130_fd_sc_hd__dfrtp_2)
     5    0.02                           d5.fll_core.counter1.count[9] (net)
                  0.13    0.00    0.65 ^ _1717_/A (sky130_fd_sc_hd__xor2_1)
                  0.04    0.08    0.73 v _1717_/X (sky130_fd_sc_hd__xor2_1)
     1    0.00                           _0010_ (net)
                  0.04    0.00    0.73 v _2221_/D (sky130_fd_sc_hd__dfrtp_2)
                                  0.73   data arrival time

                          0.00    0.00   clock vco_in (rise edge)
                          0.00    0.00   clock source latency
                  0.00    0.00    0.00 ^ vco_in (in)
     1    0.01                           vco_in (net)
                  0.00    0.00    0.00 ^ clkbuf_0_vco_in/A (sky130_fd_sc_hd__clkbuf_16)
                  0.05    0.11    0.11 ^ clkbuf_0_vco_in/X (sky130_fd_sc_hd__clkbuf_16)
     2    0.02                           clknet_0_vco_in (net)
                  0.05    0.00    0.11 ^ clkbuf_1_1__f_vco_in/A (sky130_fd_sc_hd__clkbuf_16)
                  0.04    0.12    0.24 ^ clkbuf_1_1__f_vco_in/X (sky130_fd_sc_hd__clkbuf_16)
     6    0.02                           clknet_1_1__leaf_vco_in (net)
                  0.04    0.00    0.24 ^ _2221_/CLK (sky130_fd_sc_hd__dfrtp_2)
                          0.00    0.24   clock reconvergence pessimism
                         -0.04    0.20   library hold time
                                  0.20   data required time
-----------------------------------------------------------------------------
                                  0.20   data required time
                                 -0.73   data arrival time
-----------------------------------------------------------------------------
                                  0.53   slack (MET)


Startpoint: _2213_ (rising edge-triggered flip-flop clocked by vco_in)
Endpoint: _2213_ (rising edge-triggered flip-flop clocked by vco_in)
Path Group: vco_in
Path Type: min

Fanout     Cap    Slew   Delay    Time   Description
-----------------------------------------------------------------------------
                          0.00    0.00   clock vco_in (rise edge)
                          0.00    0.00   clock source latency
                  0.00    0.00    0.00 ^ vco_in (in)
     1    0.01                           vco_in (net)
                  0.00    0.00    0.00 ^ clkbuf_0_vco_in/A (sky130_fd_sc_hd__clkbuf_16)
                  0.05    0.11    0.11 ^ clkbuf_0_vco_in/X (sky130_fd_sc_hd__clkbuf_16)
     2    0.02                           clknet_0_vco_in (net)
                  0.05    0.00    0.11 ^ clkbuf_1_0__f_vco_in/A (sky130_fd_sc_hd__clkbuf_16)
                  0.04    0.12    0.23 ^ clkbuf_1_0__f_vco_in/X (sky130_fd_sc_hd__clkbuf_16)
     4    0.01                           clknet_1_0__leaf_vco_in (net)
                  0.04    0.00    0.23 ^ _2213_/CLK (sky130_fd_sc_hd__dfrtp_2)
                  0.13    0.41    0.64 ^ _2213_/Q (sky130_fd_sc_hd__dfrtp_2)
     6    0.02                           d5.fll_core.counter1.count[1] (net)
                  0.13    0.00    0.64 ^ _1699_/A (sky130_fd_sc_hd__xor2_1)
                  0.04    0.09    0.73 v _1699_/X (sky130_fd_sc_hd__xor2_1)
     1    0.00                           _0002_ (net)
                  0.04    0.00    0.73 v _2213_/D (sky130_fd_sc_hd__dfrtp_2)
                                  0.73   data arrival time

                          0.00    0.00   clock vco_in (rise edge)
                          0.00    0.00   clock source latency
                  0.00    0.00    0.00 ^ vco_in (in)
     1    0.01                           vco_in (net)
                  0.00    0.00    0.00 ^ clkbuf_0_vco_in/A (sky130_fd_sc_hd__clkbuf_16)
                  0.05    0.11    0.11 ^ clkbuf_0_vco_in/X (sky130_fd_sc_hd__clkbuf_16)
     2    0.02                           clknet_0_vco_in (net)
                  0.05    0.00    0.11 ^ clkbuf_1_0__f_vco_in/A (sky130_fd_sc_hd__clkbuf_16)
                  0.04    0.12    0.23 ^ clkbuf_1_0__f_vco_in/X (sky130_fd_sc_hd__clkbuf_16)
     4    0.01                           clknet_1_0__leaf_vco_in (net)
                  0.04    0.00    0.23 ^ _2213_/CLK (sky130_fd_sc_hd__dfrtp_2)
                          0.00    0.23   clock reconvergence pessimism
                         -0.04    0.19   library hold time
                                  0.19   data required time
-----------------------------------------------------------------------------
                                  0.19   data required time
                                 -0.73   data arrival time
-----------------------------------------------------------------------------
                                  0.54   slack (MET)


Startpoint: _2212_ (rising edge-triggered flip-flop clocked by vco_in)
Endpoint: _2212_ (rising edge-triggered flip-flop clocked by vco_in)
Path Group: vco_in
Path Type: min

Fanout     Cap    Slew   Delay    Time   Description
-----------------------------------------------------------------------------
                          0.00    0.00   clock vco_in (rise edge)
                          0.00    0.00   clock source latency
                  0.00    0.00    0.00 ^ vco_in (in)
     1    0.01                           vco_in (net)
                  0.00    0.00    0.00 ^ clkbuf_0_vco_in/A (sky130_fd_sc_hd__clkbuf_16)
                  0.05    0.11    0.11 ^ clkbuf_0_vco_in/X (sky130_fd_sc_hd__clkbuf_16)
     2    0.02                           clknet_0_vco_in (net)
                  0.05    0.00    0.11 ^ clkbuf_1_0__f_vco_in/A (sky130_fd_sc_hd__clkbuf_16)
                  0.04    0.12    0.23 ^ clkbuf_1_0__f_vco_in/X (sky130_fd_sc_hd__clkbuf_16)
     4    0.01                           clknet_1_0__leaf_vco_in (net)
                  0.04    0.00    0.23 ^ _2212_/CLK (sky130_fd_sc_hd__dfrtp_1)
                  0.19    0.42    0.66 ^ _2212_/Q (sky130_fd_sc_hd__dfrtp_1)
     5    0.02                           d5.fll_core.counter1.count[0] (net)
                  0.19    0.00    0.66 ^ _1227_/A (sky130_fd_sc_hd__inv_2)
                  0.06    0.08    0.74 v _1227_/Y (sky130_fd_sc_hd__inv_2)
     3    0.01                           _0001_ (net)
                  0.06    0.00    0.74 v _2212_/D (sky130_fd_sc_hd__dfrtp_1)
                                  0.74   data arrival time

                          0.00    0.00   clock vco_in (rise edge)
                          0.00    0.00   clock source latency
                  0.00    0.00    0.00 ^ vco_in (in)
     1    0.01                           vco_in (net)
                  0.00    0.00    0.00 ^ clkbuf_0_vco_in/A (sky130_fd_sc_hd__clkbuf_16)
                  0.05    0.11    0.11 ^ clkbuf_0_vco_in/X (sky130_fd_sc_hd__clkbuf_16)
     2    0.02                           clknet_0_vco_in (net)
                  0.05    0.00    0.11 ^ clkbuf_1_0__f_vco_in/A (sky130_fd_sc_hd__clkbuf_16)
                  0.04    0.12    0.23 ^ clkbuf_1_0__f_vco_in/X (sky130_fd_sc_hd__clkbuf_16)
     4    0.01                           clknet_1_0__leaf_vco_in (net)
                  0.04    0.00    0.23 ^ _2212_/CLK (sky130_fd_sc_hd__dfrtp_1)
                          0.00    0.23   clock reconvergence pessimism
                         -0.05    0.18   library hold time
                                  0.18   data required time
-----------------------------------------------------------------------------
                                  0.18   data required time
                                 -0.74   data arrival time
-----------------------------------------------------------------------------
                                  0.56   slack (MET)


Startpoint: _2220_ (rising edge-triggered flip-flop clocked by vco_in)
Endpoint: _2220_ (rising edge-triggered flip-flop clocked by vco_in)
Path Group: vco_in
Path Type: min

Fanout     Cap    Slew   Delay    Time   Description
-----------------------------------------------------------------------------
                          0.00    0.00   clock vco_in (rise edge)
                          0.00    0.00   clock source latency
                  0.00    0.00    0.00 ^ vco_in (in)
     1    0.01                           vco_in (net)
                  0.00    0.00    0.00 ^ clkbuf_0_vco_in/A (sky130_fd_sc_hd__clkbuf_16)
                  0.05    0.11    0.11 ^ clkbuf_0_vco_in/X (sky130_fd_sc_hd__clkbuf_16)
     2    0.02                           clknet_0_vco_in (net)
                  0.05    0.00    0.11 ^ clkbuf_1_1__f_vco_in/A (sky130_fd_sc_hd__clkbuf_16)
                  0.04    0.12    0.24 ^ clkbuf_1_1__f_vco_in/X (sky130_fd_sc_hd__clkbuf_16)
     6    0.02                           clknet_1_1__leaf_vco_in (net)
                  0.04    0.00    0.24 ^ _2220_/CLK (sky130_fd_sc_hd__dfrtp_1)
                  0.15    0.39    0.63 ^ _2220_/Q (sky130_fd_sc_hd__dfrtp_1)
     5    0.02                           d5.fll_core.counter1.count[8] (net)
                  0.15    0.00    0.63 ^ _1715_/B1 (sky130_fd_sc_hd__a21oi_1)
                  0.06    0.07    0.70 v _1715_/Y (sky130_fd_sc_hd__a21oi_1)
     1    0.01                           _0760_ (net)
                  0.06    0.00    0.70 v _1716_/B (sky130_fd_sc_hd__nor2_1)
                  0.07    0.08    0.79 ^ _1716_/Y (sky130_fd_sc_hd__nor2_1)
     1    0.00                           _0009_ (net)
                  0.07    0.00    0.79 ^ _2220_/D (sky130_fd_sc_hd__dfrtp_1)
                                  0.79   data arrival time

                          0.00    0.00   clock vco_in (rise edge)
                          0.00    0.00   clock source latency
                  0.00    0.00    0.00 ^ vco_in (in)
     1    0.01                           vco_in (net)
                  0.00    0.00    0.00 ^ clkbuf_0_vco_in/A (sky130_fd_sc_hd__clkbuf_16)
                  0.05    0.11    0.11 ^ clkbuf_0_vco_in/X (sky130_fd_sc_hd__clkbuf_16)
     2    0.02                           clknet_0_vco_in (net)
                  0.05    0.00    0.11 ^ clkbuf_1_1__f_vco_in/A (sky130_fd_sc_hd__clkbuf_16)
                  0.04    0.12    0.24 ^ clkbuf_1_1__f_vco_in/X (sky130_fd_sc_hd__clkbuf_16)
     6    0.02                           clknet_1_1__leaf_vco_in (net)
                  0.04    0.00    0.24 ^ _2220_/CLK (sky130_fd_sc_hd__dfrtp_1)
                          0.00    0.24   clock reconvergence pessimism
                         -0.04    0.20   library hold time
                                  0.20   data required time
-----------------------------------------------------------------------------
                                  0.20   data required time
                                 -0.79   data arrival time
-----------------------------------------------------------------------------
                                  0.59   slack (MET)


Startpoint: _2215_ (rising edge-triggered flip-flop clocked by vco_in)
Endpoint: _2215_ (rising edge-triggered flip-flop clocked by vco_in)
Path Group: vco_in
Path Type: min

Fanout     Cap    Slew   Delay    Time   Description
-----------------------------------------------------------------------------
                          0.00    0.00   clock vco_in (rise edge)
                          0.00    0.00   clock source latency
                  0.00    0.00    0.00 ^ vco_in (in)
     1    0.01                           vco_in (net)
                  0.00    0.00    0.00 ^ clkbuf_0_vco_in/A (sky130_fd_sc_hd__clkbuf_16)
                  0.05    0.11    0.11 ^ clkbuf_0_vco_in/X (sky130_fd_sc_hd__clkbuf_16)
     2    0.02                           clknet_0_vco_in (net)
                  0.05    0.00    0.11 ^ clkbuf_1_0__f_vco_in/A (sky130_fd_sc_hd__clkbuf_16)
                  0.04    0.12    0.23 ^ clkbuf_1_0__f_vco_in/X (sky130_fd_sc_hd__clkbuf_16)
     4    0.01                           clknet_1_0__leaf_vco_in (net)
                  0.04    0.00    0.23 ^ _2215_/CLK (sky130_fd_sc_hd__dfrtp_1)
                  0.17    0.41    0.64 ^ _2215_/Q (sky130_fd_sc_hd__dfrtp_1)
     5    0.02                           d5.fll_core.counter1.count[3] (net)
                  0.17    0.00    0.64 ^ _1704_/A (sky130_fd_sc_hd__nor2_1)
                  0.04    0.07    0.71 v _1704_/Y (sky130_fd_sc_hd__nor2_1)
     1    0.00                           _0754_ (net)
                  0.04    0.00    0.71 v _1705_/B (sky130_fd_sc_hd__nor2_1)
                  0.07    0.07    0.79 ^ _1705_/Y (sky130_fd_sc_hd__nor2_1)
     1    0.00                           _0004_ (net)
                  0.07    0.00    0.79 ^ _2215_/D (sky130_fd_sc_hd__dfrtp_1)
                                  0.79   data arrival time

                          0.00    0.00   clock vco_in (rise edge)
                          0.00    0.00   clock source latency
                  0.00    0.00    0.00 ^ vco_in (in)
     1    0.01                           vco_in (net)
                  0.00    0.00    0.00 ^ clkbuf_0_vco_in/A (sky130_fd_sc_hd__clkbuf_16)
                  0.05    0.11    0.11 ^ clkbuf_0_vco_in/X (sky130_fd_sc_hd__clkbuf_16)
     2    0.02                           clknet_0_vco_in (net)
                  0.05    0.00    0.11 ^ clkbuf_1_0__f_vco_in/A (sky130_fd_sc_hd__clkbuf_16)
                  0.04    0.12    0.23 ^ clkbuf_1_0__f_vco_in/X (sky130_fd_sc_hd__clkbuf_16)
     4    0.01                           clknet_1_0__leaf_vco_in (net)
                  0.04    0.00    0.23 ^ _2215_/CLK (sky130_fd_sc_hd__dfrtp_1)
                          0.00    0.23   clock reconvergence pessimism
                         -0.04    0.19   library hold time
                                  0.19   data required time
-----------------------------------------------------------------------------
                                  0.19   data required time
                                 -0.79   data arrival time
-----------------------------------------------------------------------------
                                  0.59   slack (MET)


