Instance name,  X location,  Y location,  Voltage 
wrapper_46, 175.44, 193.12, 1.8
FILLER_64_361, 175.44, 187.68, 1.8
FILLER_65_359, 175.44, 187.68, 1.8
FILLER_66_377, 175.44, 187.68, 1.8
_1658_, 175.44, 187.68, 1.8
FILLER_63_383, 175.44, 182.24, 1.8
FILLER_61_383, 175.44, 176.8, 1.8
FILLER_59_383, 175.44, 171.36, 1.8
FILLER_54_356, 175.44, 160.48, 1.8
FILLER_55_356, 175.44, 160.48, 1.8
_1976_, 175.44, 160.48, 1.8
FILLER_53_356, 175.44, 155.04, 1.8
_1660_, 175.44, 155.04, 1.8
FILLER_50_357, 175.44, 149.6, 1.8
FILLER_48_357, 175.44, 144.16, 1.8
FILLER_49_363, 175.44, 144.16, 1.8
FILLER_49_382, 175.44, 144.16, 1.8
_1345_, 175.44, 144.16, 1.8
_1968_, 175.44, 144.16, 1.8
FILLER_46_357, 175.44, 138.72, 1.8
FILLER_47_360, 175.44, 138.72, 1.8
FILLER_48_370, 175.44, 138.72, 1.8
_1342_, 175.44, 138.72, 1.8
_1343_, 175.44, 138.72, 1.8
_1344_, 175.44, 138.72, 1.8
_2103_, 175.44, 138.72, 1.8
FILLER_44_365, 175.44, 133.28, 1.8
FILLER_45_369, 175.44, 133.28, 1.8
FILLER_45_380, 175.44, 133.28, 1.8
FILLER_46_376, 175.44, 133.28, 1.8
FILLER_46_383, 175.44, 133.28, 1.8
_1339_, 175.44, 133.28, 1.8
_1349_, 175.44, 133.28, 1.8
_1849_, 175.44, 133.28, 1.8
FILLER_42_361, 175.44, 127.84, 1.8
FILLER_43_356, 175.44, 127.84, 1.8
_1327_, 175.44, 127.84, 1.8
_1333_, 175.44, 127.84, 1.8
_2101_, 175.44, 127.84, 1.8
_2104_, 175.44, 127.84, 1.8
FILLER_40_360, 175.44, 122.4, 1.8
FILLER_41_358, 175.44, 122.4, 1.8
FILLER_42_372, 175.44, 122.4, 1.8
FILLER_42_379, 175.44, 122.4, 1.8
_1330_, 175.44, 122.4, 1.8
_1334_, 175.44, 122.4, 1.8
_1340_, 175.44, 122.4, 1.8
_1847_, 175.44, 122.4, 1.8
_1850_, 175.44, 122.4, 1.8
FILLER_38_356, 175.44, 116.96, 1.8
FILLER_38_365, 175.44, 116.96, 1.8
FILLER_39_357, 175.44, 116.96, 1.8
FILLER_39_365, 175.44, 116.96, 1.8
_1331_, 175.44, 116.96, 1.8
_2105_, 175.44, 116.96, 1.8
_2106_, 175.44, 116.96, 1.8
FILLER_36_358, 175.44, 111.52, 1.8
FILLER_37_372, 175.44, 111.52, 1.8
FILLER_37_379, 175.44, 111.52, 1.8
_1319_, 175.44, 111.52, 1.8
_1335_, 175.44, 111.52, 1.8
_1853_, 175.44, 111.52, 1.8
FILLER_34_360, 175.44, 106.08, 1.8
FILLER_35_360, 175.44, 106.08, 1.8
FILLER_36_372, 175.44, 106.08, 1.8
FILLER_36_382, 175.44, 106.08, 1.8
_1322_, 175.44, 106.08, 1.8
_1855_, 175.44, 106.08, 1.8
_2108_, 175.44, 106.08, 1.8
FILLER_33_357, 175.44, 100.64, 1.8
FILLER_33_364, 175.44, 100.64, 1.8
FILLER_33_371, 175.44, 100.64, 1.8
FILLER_33_378, 175.44, 100.64, 1.8
_1323_, 175.44, 100.64, 1.8
_1326_, 175.44, 100.64, 1.8
_1854_, 175.44, 100.64, 1.8
FILLER_30_359, 175.44, 95.2, 1.8
FILLER_31_383, 175.44, 95.2, 1.8
_1986_, 175.44, 95.2, 1.8
FILLER_28_358, 175.44, 89.76, 1.8
_1720_, 175.44, 89.76, 1.8
FILLER_26_358, 175.44, 84.32, 1.8
FILLER_27_359, 175.44, 84.32, 1.8
FILLER_28_371, 175.44, 84.32, 1.8
_1719_, 175.44, 84.32, 1.8
_1721_, 175.44, 84.32, 1.8
_2224_, 175.44, 84.32, 1.8
FILLER_24_365, 175.44, 78.88, 1.8
FILLER_25_359, 175.44, 78.88, 1.8
FILLER_25_368, 175.44, 78.88, 1.8
FILLER_25_375, 175.44, 78.88, 1.8
FILLER_25_382, 175.44, 78.88, 1.8
FILLER_26_372, 175.44, 78.88, 1.8
FILLER_26_381, 175.44, 78.88, 1.8
_1273_, 175.44, 78.88, 1.8
_1722_, 175.44, 78.88, 1.8
_1723_, 175.44, 78.88, 1.8
_1987_, 175.44, 78.88, 1.8
_1988_, 175.44, 78.88, 1.8
FILLER_22_361, 175.44, 73.44, 1.8
FILLER_22_365, 175.44, 73.44, 1.8
FILLER_23_376, 175.44, 73.44, 1.8
FILLER_23_383, 175.44, 73.44, 1.8
_1724_, 175.44, 73.44, 1.8
_1725_, 175.44, 73.44, 1.8
_1726_, 175.44, 73.44, 1.8
_2225_, 175.44, 73.44, 1.8
_2226_, 175.44, 73.44, 1.8
FILLER_21_382, 175.44, 68, 1.8
_1842_, 175.44, 68, 1.8
FILLER_18_360, 175.44, 62.56, 1.8
_1363_, 175.44, 62.56, 1.8
_1957_, 175.44, 62.56, 1.8
FILLER_16_356, 175.44, 57.12, 1.8
_1841_, 175.44, 57.12, 1.8
FILLER_14_360, 175.44, 51.68, 1.8
_1007_, 175.44, 51.68, 1.8
_1843_, 175.44, 51.68, 1.8
FILLER_12_359, 175.44, 46.24, 1.8
FILLER_13_377, 175.44, 46.24, 1.8
_1956_, 175.44, 46.24, 1.8
FILLER_10_358, 175.44, 40.8, 1.8
FILLER_11_361, 175.44, 40.8, 1.8
_1376_, 175.44, 40.8, 1.8
_1955_, 175.44, 40.8, 1.8
FILLER_8_360, 175.44, 35.36, 1.8
_1009_, 175.44, 35.36, 1.8
FILLER_6_357, 175.44, 29.92, 1.8
FILLER_7_363, 175.44, 29.92, 1.8
FILLER_7_382, 175.44, 29.92, 1.8
_1011_, 175.44, 29.92, 1.8
FILLER_4_357, 175.44, 24.48, 1.8
FILLER_5_381, 175.44, 24.48, 1.8
FILLER_2_357, 175.44, 19.04, 1.8
FILLER_0_361, 175.44, 13.6, 1.8
FILLER_0_382, 175.44, 13.6, 1.8
input4, 175.44, 13.6, 1.8
FILLER_66_29, 21.84, 193.12, 1.8
FILLER_65_32, 21.84, 187.68, 1.8
FILLER_65_40, 21.84, 187.68, 1.8
FILLER_65_46, 21.84, 187.68, 1.8
_1686_, 21.84, 187.68, 1.8
output9, 21.84, 187.68, 1.8
FILLER_50_41, 21.84, 144.16, 1.8
FILLER_50_49, 21.84, 144.16, 1.8
FILLER_27_44, 21.84, 84.32, 1.8
FILLER_28_41, 21.84, 84.32, 1.8
FILLER_24_41, 21.84, 73.44, 1.8
_1816_, 21.84, 73.44, 1.8
FILLER_22_41, 21.84, 68, 1.8
_1051_, 21.84, 68, 1.8
FILLER_0_29, 21.84, 13.6, 1.8
FILLER_0_49, 21.84, 13.6, 1.8
output34, 21.84, 13.6, 1.8
PHY_132, 5.52, 193.12, 1.8
PHY_133, 188.14, 193.12, 1.8
output5, 188.14, 193.12, 1.8
FILLER_66_85, 47.44, 193.12, 1.8
FILLER_66_113, 60.24, 193.12, 1.8
output12, 60.24, 193.12, 1.8
FILLER_66_141, 73.04, 193.12, 1.8
_1124_, 73.04, 193.12, 1.8
_1896_, 73.04, 193.12, 1.8
FILLER_66_169, 85.84, 193.12, 1.8
_1568_, 85.84, 193.12, 1.8
output13, 85.84, 193.12, 1.8
FILLER_66_190, 98.64, 193.12, 1.8
_1569_, 98.64, 193.12, 1.8
FILLER_66_221, 111.44, 193.12, 1.8
FILLER_66_225, 111.44, 193.12, 1.8
FILLER_66_248, 124.24, 193.12, 1.8
FILLER_66_258, 124.24, 193.12, 1.8
_1581_, 124.24, 193.12, 1.8
_1767_, 124.24, 193.12, 1.8
FILLER_66_272, 137.04, 193.12, 1.8
FILLER_66_281, 137.04, 193.12, 1.8
FILLER_66_302, 149.84, 193.12, 1.8
_1714_, 149.84, 193.12, 1.8
FILLER_66_330, 162.64, 193.12, 1.8
_1983_, 162.64, 193.12, 1.8
FILLER_66_3, 5.52, 187.68, 1.8
PHY_128, 5.52, 187.68, 1.8
PHY_130, 5.52, 187.68, 1.8
output18, 5.52, 187.68, 1.8
output8, 5.52, 187.68, 1.8
FILLER_64_389, 188.14, 187.68, 1.8
PHY_129, 188.14, 187.68, 1.8
PHY_131, 188.14, 187.68, 1.8
FILLER_66_22, 13.68, 187.68, 1.8
FILLER_65_69, 34.64, 187.68, 1.8
FILLER_66_74, 34.64, 187.68, 1.8
_1688_, 34.64, 187.68, 1.8
output10, 34.64, 187.68, 1.8
FILLER_65_101, 47.44, 187.68, 1.8
FILLER_65_79, 47.44, 187.68, 1.8
FILLER_65_87, 47.44, 187.68, 1.8
FILLER_65_93, 47.44, 187.68, 1.8
FILLER_66_103, 47.44, 187.68, 1.8
FILLER_66_96, 47.44, 187.68, 1.8
_1119_, 47.44, 187.68, 1.8
_1542_, 47.44, 187.68, 1.8
_1690_, 47.44, 187.68, 1.8
_1692_, 47.44, 187.68, 1.8
_1898_, 47.44, 187.68, 1.8
_2147_, 47.44, 187.68, 1.8
output11, 47.44, 187.68, 1.8
FILLER_64_107, 60.24, 187.68, 1.8
FILLER_65_108, 60.24, 187.68, 1.8
FILLER_65_113, 60.24, 187.68, 1.8
FILLER_65_119, 60.24, 187.68, 1.8
FILLER_65_132, 60.24, 187.68, 1.8
FILLER_66_124, 60.24, 187.68, 1.8
FILLER_66_131, 60.24, 187.68, 1.8
_1684_, 60.24, 187.68, 1.8
_1685_, 60.24, 187.68, 1.8
_1698_, 60.24, 187.68, 1.8
_1897_, 60.24, 187.68, 1.8
_2146_, 60.24, 187.68, 1.8
FILLER_64_135, 73.04, 187.68, 1.8
FILLER_64_141, 73.04, 187.68, 1.8
FILLER_65_148, 73.04, 187.68, 1.8
FILLER_65_160, 73.04, 187.68, 1.8
FILLER_66_148, 73.04, 187.68, 1.8
FILLER_66_155, 73.04, 187.68, 1.8
_1123_, 73.04, 187.68, 1.8
_1683_, 73.04, 187.68, 1.8
_1694_, 73.04, 187.68, 1.8
_1696_, 73.04, 187.68, 1.8
FILLER_66_177, 85.84, 187.68, 1.8
_1567_, 85.84, 187.68, 1.8
_2033_, 85.84, 187.68, 1.8
FILLER_64_197, 98.64, 187.68, 1.8
FILLER_65_191, 98.64, 187.68, 1.8
FILLER_65_198, 98.64, 187.68, 1.8
FILLER_65_211, 98.64, 187.68, 1.8
FILLER_66_208, 98.64, 187.68, 1.8
_1135_, 98.64, 187.68, 1.8
_1136_, 98.64, 187.68, 1.8
_1137_, 98.64, 187.68, 1.8
_1138_, 98.64, 187.68, 1.8
output14, 98.64, 187.68, 1.8
FILLER_64_228, 111.44, 187.68, 1.8
FILLER_65_218, 111.44, 187.68, 1.8
FILLER_66_234, 111.44, 187.68, 1.8
FILLER_66_241, 111.44, 187.68, 1.8
_1768_, 111.44, 187.68, 1.8
_2139_, 111.44, 187.68, 1.8
output15, 111.44, 187.68, 1.8
FILLER_64_253, 124.24, 187.68, 1.8
FILLER_65_247, 124.24, 187.68, 1.8
FILLER_65_271, 124.24, 187.68, 1.8
FILLER_66_265, 124.24, 187.68, 1.8
_1145_, 124.24, 187.68, 1.8
_2029_, 124.24, 187.68, 1.8
wrapper_44, 124.24, 187.68, 1.8
FILLER_64_279, 137.04, 187.68, 1.8
FILLER_65_281, 137.04, 187.68, 1.8
FILLER_65_290, 137.04, 187.68, 1.8
FILLER_66_293, 137.04, 187.68, 1.8
_1208_, 137.04, 187.68, 1.8
_1209_, 137.04, 187.68, 1.8
_1210_, 137.04, 187.68, 1.8
_1298_, 137.04, 187.68, 1.8
_1885_, 137.04, 187.68, 1.8
FILLER_65_300, 149.84, 187.68, 1.8
FILLER_65_310, 149.84, 187.68, 1.8
FILLER_66_316, 149.84, 187.68, 1.8
FILLER_66_323, 149.84, 187.68, 1.8
_1211_, 149.84, 187.68, 1.8
_1224_, 149.84, 187.68, 1.8
_1713_, 149.84, 187.68, 1.8
_1716_, 149.84, 187.68, 1.8
_2220_, 149.84, 187.68, 1.8
wrapper_45, 149.84, 187.68, 1.8
FILLER_66_342, 162.64, 187.68, 1.8
FILLER_66_349, 162.64, 187.68, 1.8
_1981_, 162.64, 187.68, 1.8
_2219_, 162.64, 187.68, 1.8
PHY_124, 5.52, 182.24, 1.8
PHY_126, 5.52, 182.24, 1.8
FILLER_62_389, 188.14, 182.24, 1.8
PHY_125, 188.14, 182.24, 1.8
PHY_127, 188.14, 182.24, 1.8
FILLER_63_51, 34.64, 182.24, 1.8
FILLER_62_85, 47.44, 182.24, 1.8
FILLER_63_103, 47.44, 182.24, 1.8
FILLER_63_81, 47.44, 182.24, 1.8
FILLER_63_89, 47.44, 182.24, 1.8
_1687_, 47.44, 182.24, 1.8
_1781_, 47.44, 182.24, 1.8
FILLER_63_113, 60.24, 182.24, 1.8
FILLER_63_120, 60.24, 182.24, 1.8
_1121_, 60.24, 182.24, 1.8
_1122_, 60.24, 182.24, 1.8
_1780_, 60.24, 182.24, 1.8
FILLER_62_141, 73.04, 182.24, 1.8
FILLER_63_134, 73.04, 182.24, 1.8
FILLER_63_158, 73.04, 182.24, 1.8
FILLER_64_155, 73.04, 182.24, 1.8
_2140_, 73.04, 182.24, 1.8
_2145_, 73.04, 182.24, 1.8
FILLER_62_174, 85.84, 182.24, 1.8
FILLER_63_169, 85.84, 182.24, 1.8
FILLER_63_181, 85.84, 182.24, 1.8
FILLER_64_179, 85.84, 182.24, 1.8
_1133_, 85.84, 182.24, 1.8
_1134_, 85.84, 182.24, 1.8
_1570_, 85.84, 182.24, 1.8
_1890_, 85.84, 182.24, 1.8
_2032_, 85.84, 182.24, 1.8
FILLER_62_197, 98.64, 182.24, 1.8
FILLER_63_205, 98.64, 182.24, 1.8
FILLER_63_212, 98.64, 182.24, 1.8
FILLER_64_204, 98.64, 182.24, 1.8
_1571_, 98.64, 182.24, 1.8
_1572_, 98.64, 182.24, 1.8
_2138_, 98.64, 182.24, 1.8
FILLER_62_228, 111.44, 182.24, 1.8
FILLER_63_225, 111.44, 182.24, 1.8
FILLER_64_236, 111.44, 182.24, 1.8
_1578_, 111.44, 182.24, 1.8
_1580_, 111.44, 182.24, 1.8
_1888_, 111.44, 182.24, 1.8
_1889_, 111.44, 182.24, 1.8
_2030_, 111.44, 182.24, 1.8
FILLER_62_247, 124.24, 182.24, 1.8
FILLER_63_248, 124.24, 182.24, 1.8
FILLER_63_261, 124.24, 182.24, 1.8
_1142_, 124.24, 182.24, 1.8
_1144_, 124.24, 182.24, 1.8
_1579_, 124.24, 182.24, 1.8
_2135_, 124.24, 182.24, 1.8
FILLER_62_278, 137.04, 182.24, 1.8
FILLER_63_274, 137.04, 182.24, 1.8
FILLER_63_286, 137.04, 182.24, 1.8
FILLER_63_298, 137.04, 182.24, 1.8
FILLER_64_296, 137.04, 182.24, 1.8
_1212_, 137.04, 182.24, 1.8
_1213_, 137.04, 182.24, 1.8
_1214_, 137.04, 182.24, 1.8
_1886_, 137.04, 182.24, 1.8
FILLER_62_304, 149.84, 182.24, 1.8
FILLER_63_306, 149.84, 182.24, 1.8
FILLER_63_317, 149.84, 182.24, 1.8
FILLER_64_318, 149.84, 182.24, 1.8
_1220_, 149.84, 182.24, 1.8
_1294_, 149.84, 182.24, 1.8
_1715_, 149.84, 182.24, 1.8
_1717_, 149.84, 182.24, 1.8
_2221_, 149.84, 182.24, 1.8
FILLER_64_346, 162.64, 182.24, 1.8
FILLER_64_353, 162.64, 182.24, 1.8
_1982_, 162.64, 182.24, 1.8
_2216_, 162.64, 182.24, 1.8
clkbuf_1_1__f_vco_in, 162.64, 182.24, 1.8
PHY_120, 5.52, 176.8, 1.8
PHY_122, 5.52, 176.8, 1.8
PHY_121, 188.14, 176.8, 1.8
PHY_123, 188.14, 176.8, 1.8
output6, 188.14, 176.8, 1.8
FILLER_60_53, 34.64, 176.8, 1.8
FILLER_61_51, 34.64, 176.8, 1.8
FILLER_61_62, 34.64, 176.8, 1.8
FILLER_61_69, 34.64, 176.8, 1.8
FILLER_62_69, 34.64, 176.8, 1.8
_1116_, 34.64, 176.8, 1.8
_1117_, 34.64, 176.8, 1.8
_1539_, 34.64, 176.8, 1.8
_1899_, 34.64, 176.8, 1.8
_2042_, 34.64, 176.8, 1.8
_2148_, 34.64, 176.8, 1.8
FILLER_60_80, 47.44, 176.8, 1.8
FILLER_61_93, 47.44, 176.8, 1.8
FILLER_62_101, 47.44, 176.8, 1.8
_1118_, 47.44, 176.8, 1.8
_1537_, 47.44, 176.8, 1.8
_1541_, 47.44, 176.8, 1.8
_2041_, 47.44, 176.8, 1.8
FILLER_60_109, 60.24, 176.8, 1.8
FILLER_60_117, 60.24, 176.8, 1.8
FILLER_61_124, 60.24, 176.8, 1.8
FILLER_62_125, 60.24, 176.8, 1.8
_1113_, 60.24, 176.8, 1.8
_1540_, 60.24, 176.8, 1.8
_1544_, 60.24, 176.8, 1.8
_1545_, 60.24, 176.8, 1.8
FILLER_61_137, 73.04, 176.8, 1.8
FILLER_61_146, 73.04, 176.8, 1.8
FILLER_61_159, 73.04, 176.8, 1.8
_1547_, 73.04, 176.8, 1.8
_1548_, 73.04, 176.8, 1.8
_1549_, 73.04, 176.8, 1.8
_1552_, 73.04, 176.8, 1.8
_2039_, 73.04, 176.8, 1.8
FILLER_60_163, 85.84, 176.8, 1.8
FILLER_61_169, 85.84, 176.8, 1.8
FILLER_61_187, 85.84, 176.8, 1.8
FILLER_62_181, 85.84, 176.8, 1.8
_1546_, 85.84, 176.8, 1.8
_1564_, 85.84, 176.8, 1.8
_1566_, 85.84, 176.8, 1.8
_1771_, 85.84, 176.8, 1.8
_2034_, 85.84, 176.8, 1.8
FILLER_61_198, 98.64, 176.8, 1.8
FILLER_61_212, 98.64, 176.8, 1.8
_1139_, 98.64, 176.8, 1.8
_1573_, 98.64, 176.8, 1.8
_1574_, 98.64, 176.8, 1.8
_1770_, 98.64, 176.8, 1.8
_1772_, 98.64, 176.8, 1.8
FILLER_61_219, 111.44, 176.8, 1.8
FILLER_61_230, 111.44, 176.8, 1.8
FILLER_61_238, 111.44, 176.8, 1.8
_1576_, 111.44, 176.8, 1.8
_1577_, 111.44, 176.8, 1.8
_1584_, 111.44, 176.8, 1.8
_1769_, 111.44, 176.8, 1.8
FILLER_61_252, 124.24, 176.8, 1.8
FILLER_62_264, 124.24, 176.8, 1.8
FILLER_62_271, 124.24, 176.8, 1.8
_1143_, 124.24, 176.8, 1.8
_1146_, 124.24, 176.8, 1.8
_2136_, 124.24, 176.8, 1.8
FILLER_60_277, 137.04, 176.8, 1.8
FILLER_61_281, 137.04, 176.8, 1.8
FILLER_61_297, 137.04, 176.8, 1.8
FILLER_62_294, 137.04, 176.8, 1.8
_1215_, 137.04, 176.8, 1.8
_1216_, 137.04, 176.8, 1.8
_1219_, 137.04, 176.8, 1.8
_1225_, 137.04, 176.8, 1.8
FILLER_60_300, 149.84, 176.8, 1.8
FILLER_61_307, 149.84, 176.8, 1.8
FILLER_61_317, 149.84, 176.8, 1.8
FILLER_61_326, 149.84, 176.8, 1.8
FILLER_62_317, 149.84, 176.8, 1.8
FILLER_62_324, 149.84, 176.8, 1.8
_1218_, 149.84, 176.8, 1.8
_1222_, 149.84, 176.8, 1.8
_1707_, 149.84, 176.8, 1.8
_1710_, 149.84, 176.8, 1.8
_1711_, 149.84, 176.8, 1.8
FILLER_61_333, 162.64, 176.8, 1.8
FILLER_62_348, 162.64, 176.8, 1.8
FILLER_62_355, 162.64, 176.8, 1.8
_1709_, 162.64, 176.8, 1.8
_1979_, 162.64, 176.8, 1.8
_2217_, 162.64, 176.8, 1.8
PHY_116, 5.52, 171.36, 1.8
PHY_118, 5.52, 171.36, 1.8
output17, 5.52, 171.36, 1.8
FILLER_58_389, 188.14, 171.36, 1.8
PHY_117, 188.14, 171.36, 1.8
PHY_119, 188.14, 171.36, 1.8
FILLER_60_20, 13.68, 171.36, 1.8
FILLER_59_51, 34.64, 171.36, 1.8
FILLER_59_69, 34.64, 171.36, 1.8
FILLER_59_77, 34.64, 171.36, 1.8
FILLER_59_103, 47.44, 171.36, 1.8
FILLER_59_89, 47.44, 171.36, 1.8
FILLER_59_97, 47.44, 171.36, 1.8
FILLER_60_96, 47.44, 171.36, 1.8
_1533_, 47.44, 171.36, 1.8
_1535_, 47.44, 171.36, 1.8
_1538_, 47.44, 171.36, 1.8
_1689_, 47.44, 171.36, 1.8
FILLER_59_124, 60.24, 171.36, 1.8
FILLER_60_124, 60.24, 171.36, 1.8
FILLER_60_131, 60.24, 171.36, 1.8
_1532_, 60.24, 171.36, 1.8
_1779_, 60.24, 171.36, 1.8
_1783_, 60.24, 171.36, 1.8
_1901_, 60.24, 171.36, 1.8
_2040_, 60.24, 171.36, 1.8
FILLER_58_134, 73.04, 171.36, 1.8
FILLER_59_149, 73.04, 171.36, 1.8
FILLER_59_159, 73.04, 171.36, 1.8
_1693_, 73.04, 171.36, 1.8
_1778_, 73.04, 171.36, 1.8
FILLER_58_166, 85.84, 171.36, 1.8
FILLER_58_173, 85.84, 171.36, 1.8
FILLER_59_169, 85.84, 171.36, 1.8
FILLER_59_180, 85.84, 171.36, 1.8
FILLER_60_187, 85.84, 171.36, 1.8
_1563_, 85.84, 171.36, 1.8
_1565_, 85.84, 171.36, 1.8
_1774_, 85.84, 171.36, 1.8
_1894_, 85.84, 171.36, 1.8
FILLER_58_197, 98.64, 171.36, 1.8
FILLER_59_193, 98.64, 171.36, 1.8
FILLER_60_208, 98.64, 171.36, 1.8
_1131_, 98.64, 171.36, 1.8
_1132_, 98.64, 171.36, 1.8
_2031_, 98.64, 171.36, 1.8
_2137_, 98.64, 171.36, 1.8
FILLER_59_219, 111.44, 171.36, 1.8
FILLER_59_225, 111.44, 171.36, 1.8
FILLER_60_232, 111.44, 171.36, 1.8
_1583_, 111.44, 171.36, 1.8
_1765_, 111.44, 171.36, 1.8
_2028_, 111.44, 171.36, 1.8
FILLER_58_245, 124.24, 171.36, 1.8
FILLER_58_253, 124.24, 171.36, 1.8
FILLER_59_249, 124.24, 171.36, 1.8
FILLER_59_262, 124.24, 171.36, 1.8
FILLER_59_269, 124.24, 171.36, 1.8
FILLER_60_264, 124.24, 171.36, 1.8
_1582_, 124.24, 171.36, 1.8
_1585_, 124.24, 171.36, 1.8
_1766_, 124.24, 171.36, 1.8
FILLER_58_279, 137.04, 171.36, 1.8
FILLER_59_276, 137.04, 171.36, 1.8
FILLER_59_281, 137.04, 171.36, 1.8
FILLER_60_287, 137.04, 171.36, 1.8
_1147_, 137.04, 171.36, 1.8
_1217_, 137.04, 171.36, 1.8
_1221_, 137.04, 171.36, 1.8
FILLER_58_305, 149.84, 171.36, 1.8
FILLER_59_300, 149.84, 171.36, 1.8
FILLER_59_307, 149.84, 171.36, 1.8
FILLER_59_318, 149.84, 171.36, 1.8
FILLER_59_326, 149.84, 171.36, 1.8
FILLER_60_317, 149.84, 171.36, 1.8
_1284_, 149.84, 171.36, 1.8
_1285_, 149.84, 171.36, 1.8
_1706_, 149.84, 171.36, 1.8
_1708_, 149.84, 171.36, 1.8
_2218_, 149.84, 171.36, 1.8
FILLER_59_333, 162.64, 171.36, 1.8
FILLER_60_347, 162.64, 171.36, 1.8
FILLER_60_354, 162.64, 171.36, 1.8
_1712_, 162.64, 171.36, 1.8
_1978_, 162.64, 171.36, 1.8
clkbuf_0_vco_in, 162.64, 171.36, 1.8
PHY_112, 5.52, 165.92, 1.8
PHY_114, 5.52, 165.92, 1.8
FILLER_56_389, 188.14, 165.92, 1.8
FILLER_57_385, 188.14, 165.92, 1.8
PHY_113, 188.14, 165.92, 1.8
PHY_115, 188.14, 165.92, 1.8
FILLER_56_53, 34.64, 165.92, 1.8
FILLER_57_51, 34.64, 165.92, 1.8
FILLER_57_57, 34.64, 165.92, 1.8
FILLER_57_69, 34.64, 165.92, 1.8
FILLER_58_65, 34.64, 165.92, 1.8
_1114_, 34.64, 165.92, 1.8
_1115_, 34.64, 165.92, 1.8
_2043_, 34.64, 165.92, 1.8
_2149_, 34.64, 165.92, 1.8
FILLER_56_81, 47.44, 165.92, 1.8
FILLER_56_85, 47.44, 165.92, 1.8
FILLER_57_93, 47.44, 165.92, 1.8
FILLER_58_96, 47.44, 165.92, 1.8
_1691_, 47.44, 165.92, 1.8
_2044_, 47.44, 165.92, 1.8
FILLER_56_110, 60.24, 165.92, 1.8
FILLER_57_106, 60.24, 165.92, 1.8
FILLER_57_113, 60.24, 165.92, 1.8
FILLER_58_121, 60.24, 165.92, 1.8
_1112_, 60.24, 165.92, 1.8
_1531_, 60.24, 165.92, 1.8
_1777_, 60.24, 165.92, 1.8
_2150_, 60.24, 165.92, 1.8
FILLER_56_133, 73.04, 165.92, 1.8
FILLER_56_141, 73.04, 165.92, 1.8
FILLER_57_141, 73.04, 165.92, 1.8
FILLER_57_153, 73.04, 165.92, 1.8
FILLER_58_152, 73.04, 165.92, 1.8
_1125_, 73.04, 165.92, 1.8
_1126_, 73.04, 165.92, 1.8
_1550_, 73.04, 165.92, 1.8
FILLER_57_169, 85.84, 165.92, 1.8
FILLER_58_180, 85.84, 165.92, 1.8
FILLER_58_187, 85.84, 165.92, 1.8
_1140_, 85.84, 165.92, 1.8
_1562_, 85.84, 165.92, 1.8
_2035_, 85.84, 165.92, 1.8
FILLER_57_196, 98.64, 165.92, 1.8
FILLER_58_209, 98.64, 165.92, 1.8
_1887_, 98.64, 165.92, 1.8
_2141_, 98.64, 165.92, 1.8
clkbuf_4_14_0_clk_in, 98.64, 165.92, 1.8
FILLER_56_219, 111.44, 165.92, 1.8
FILLER_58_232, 111.44, 165.92, 1.8
_1586_, 111.44, 165.92, 1.8
_2027_, 111.44, 165.92, 1.8
clkbuf_4_15_0_clk_in, 111.44, 165.92, 1.8
FILLER_56_249, 124.24, 165.92, 1.8
FILLER_57_247, 124.24, 165.92, 1.8
FILLER_57_254, 124.24, 165.92, 1.8
_1148_, 124.24, 165.92, 1.8
_1149_, 124.24, 165.92, 1.8
_2133_, 124.24, 165.92, 1.8
_2134_, 124.24, 165.92, 1.8
FILLER_56_273, 137.04, 165.92, 1.8
FILLER_56_280, 137.04, 165.92, 1.8
FILLER_57_299, 137.04, 165.92, 1.8
FILLER_58_287, 137.04, 165.92, 1.8
FILLER_58_297, 137.04, 165.92, 1.8
_1200_, 137.04, 165.92, 1.8
_1223_, 137.04, 165.92, 1.8
_1883_, 137.04, 165.92, 1.8
FILLER_56_303, 149.84, 165.92, 1.8
FILLER_56_309, 149.84, 165.92, 1.8
FILLER_57_323, 149.84, 165.92, 1.8
FILLER_58_314, 149.84, 165.92, 1.8
_1199_, 149.84, 165.92, 1.8
_1207_, 149.84, 165.92, 1.8
_1704_, 149.84, 165.92, 1.8
_2215_, 149.84, 165.92, 1.8
FILLER_57_330, 162.64, 165.92, 1.8
FILLER_57_342, 162.64, 165.92, 1.8
FILLER_58_343, 162.64, 165.92, 1.8
_1705_, 162.64, 165.92, 1.8
_1977_, 162.64, 165.92, 1.8
_1980_, 162.64, 165.92, 1.8
PHY_108, 5.52, 160.48, 1.8
PHY_110, 5.52, 160.48, 1.8
FILLER_55_387, 188.14, 160.48, 1.8
PHY_109, 188.14, 160.48, 1.8
PHY_111, 188.14, 160.48, 1.8
output7, 188.14, 160.48, 1.8
FILLER_54_53, 34.64, 160.48, 1.8
FILLER_54_62, 34.64, 160.48, 1.8
FILLER_55_51, 34.64, 160.48, 1.8
FILLER_55_62, 34.64, 160.48, 1.8
FILLER_55_69, 34.64, 160.48, 1.8
FILLER_55_76, 34.64, 160.48, 1.8
_1107_, 34.64, 160.48, 1.8
_1536_, 34.64, 160.48, 1.8
_1782_, 34.64, 160.48, 1.8
_1904_, 34.64, 160.48, 1.8
FILLER_54_90, 47.44, 160.48, 1.8
FILLER_55_103, 47.44, 160.48, 1.8
FILLER_55_83, 47.44, 160.48, 1.8
FILLER_55_90, 47.44, 160.48, 1.8
FILLER_56_101, 47.44, 160.48, 1.8
_1109_, 47.44, 160.48, 1.8
_1530_, 47.44, 160.48, 1.8
_1534_, 47.44, 160.48, 1.8
_1785_, 47.44, 160.48, 1.8
_1787_, 47.44, 160.48, 1.8
FILLER_54_114, 60.24, 160.48, 1.8
FILLER_55_124, 60.24, 160.48, 1.8
FILLER_56_123, 60.24, 160.48, 1.8
_1111_, 60.24, 160.48, 1.8
_1528_, 60.24, 160.48, 1.8
_1902_, 60.24, 160.48, 1.8
_2151_, 60.24, 160.48, 1.8
FILLER_55_136, 73.04, 160.48, 1.8
FILLER_56_156, 73.04, 160.48, 1.8
_1551_, 73.04, 160.48, 1.8
_1695_, 73.04, 160.48, 1.8
_1776_, 73.04, 160.48, 1.8
_2038_, 73.04, 160.48, 1.8
_2144_, 73.04, 160.48, 1.8
FILLER_54_166, 85.84, 160.48, 1.8
FILLER_55_161, 85.84, 160.48, 1.8
FILLER_55_174, 85.84, 160.48, 1.8
FILLER_55_187, 85.84, 160.48, 1.8
FILLER_56_181, 85.84, 160.48, 1.8
_1128_, 85.84, 160.48, 1.8
_1561_, 85.84, 160.48, 1.8
_1775_, 85.84, 160.48, 1.8
_2036_, 85.84, 160.48, 1.8
FILLER_54_202, 98.64, 160.48, 1.8
FILLER_55_205, 98.64, 160.48, 1.8
FILLER_55_212, 98.64, 160.48, 1.8
_1130_, 98.64, 160.48, 1.8
_1560_, 98.64, 160.48, 1.8
_1891_, 98.64, 160.48, 1.8
FILLER_55_230, 111.44, 160.48, 1.8
FILLER_55_237, 111.44, 160.48, 1.8
FILLER_56_236, 111.44, 160.48, 1.8
_1587_, 111.44, 160.48, 1.8
_1588_, 111.44, 160.48, 1.8
_1591_, 111.44, 160.48, 1.8
_1592_, 111.44, 160.48, 1.8
_1764_, 111.44, 160.48, 1.8
FILLER_54_246, 124.24, 160.48, 1.8
FILLER_54_253, 124.24, 160.48, 1.8
FILLER_55_250, 124.24, 160.48, 1.8
FILLER_55_263, 124.24, 160.48, 1.8
FILLER_55_270, 124.24, 160.48, 1.8
FILLER_56_264, 124.24, 160.48, 1.8
_1150_, 124.24, 160.48, 1.8
_1151_, 124.24, 160.48, 1.8
_1882_, 124.24, 160.48, 1.8
_2132_, 124.24, 160.48, 1.8
FILLER_54_276, 137.04, 160.48, 1.8
FILLER_54_283, 137.04, 160.48, 1.8
FILLER_55_277, 137.04, 160.48, 1.8
FILLER_55_286, 137.04, 160.48, 1.8
FILLER_55_296, 137.04, 160.48, 1.8
FILLER_56_292, 137.04, 160.48, 1.8
_1197_, 137.04, 160.48, 1.8
_1198_, 137.04, 160.48, 1.8
_1226_, 137.04, 160.48, 1.8
_1286_, 137.04, 160.48, 1.8
_1880_, 137.04, 160.48, 1.8
_1881_, 137.04, 160.48, 1.8
FILLER_55_306, 149.84, 160.48, 1.8
FILLER_55_316, 149.84, 160.48, 1.8
FILLER_56_320, 149.84, 160.48, 1.8
_1201_, 149.84, 160.48, 1.8
_1202_, 149.84, 160.48, 1.8
_1230_, 149.84, 160.48, 1.8
_1701_, 149.84, 160.48, 1.8
_1703_, 149.84, 160.48, 1.8
_2214_, 149.84, 160.48, 1.8
FILLER_55_330, 162.64, 160.48, 1.8
FILLER_55_342, 162.64, 160.48, 1.8
FILLER_55_349, 162.64, 160.48, 1.8
FILLER_56_345, 162.64, 160.48, 1.8
_1227_, 162.64, 160.48, 1.8
_1657_, 162.64, 160.48, 1.8
_1702_, 162.64, 160.48, 1.8
_1974_, 162.64, 160.48, 1.8
_2213_, 162.64, 160.48, 1.8
PHY_104, 5.52, 155.04, 1.8
PHY_106, 5.52, 155.04, 1.8
output19, 5.52, 155.04, 1.8
FILLER_52_389, 188.14, 155.04, 1.8
FILLER_53_389, 188.14, 155.04, 1.8
PHY_105, 188.14, 155.04, 1.8
PHY_107, 188.14, 155.04, 1.8
FILLER_54_20, 13.68, 155.04, 1.8
FILLER_52_53, 34.64, 155.04, 1.8
FILLER_53_51, 34.64, 155.04, 1.8
FILLER_53_57, 34.64, 155.04, 1.8
FILLER_53_67, 34.64, 155.04, 1.8
FILLER_54_69, 34.64, 155.04, 1.8
_1106_, 34.64, 155.04, 1.8
_1523_, 34.64, 155.04, 1.8
_1900_, 34.64, 155.04, 1.8
_2047_, 34.64, 155.04, 1.8
_2153_, 34.64, 155.04, 1.8
FILLER_52_78, 47.44, 155.04, 1.8
FILLER_52_85, 47.44, 155.04, 1.8
FILLER_52_91, 47.44, 155.04, 1.8
FILLER_53_91, 47.44, 155.04, 1.8
_1529_, 47.44, 155.04, 1.8
_1786_, 47.44, 155.04, 1.8
_2045_, 47.44, 155.04, 1.8
FILLER_52_106, 60.24, 155.04, 1.8
FILLER_53_118, 60.24, 155.04, 1.8
_1110_, 60.24, 155.04, 1.8
_1555_, 60.24, 155.04, 1.8
clkbuf_4_11_0_clk_in, 60.24, 155.04, 1.8
FILLER_52_141, 73.04, 155.04, 1.8
FILLER_53_133, 73.04, 155.04, 1.8
FILLER_53_160, 73.04, 155.04, 1.8
FILLER_54_152, 73.04, 155.04, 1.8
_1553_, 73.04, 155.04, 1.8
_2037_, 73.04, 155.04, 1.8
FILLER_53_174, 85.84, 155.04, 1.8
FILLER_53_187, 85.84, 155.04, 1.8
_1558_, 85.84, 155.04, 1.8
_1559_, 85.84, 155.04, 1.8
_2143_, 85.84, 155.04, 1.8
FILLER_53_200, 98.64, 155.04, 1.8
FILLER_53_215, 98.64, 155.04, 1.8
FILLER_54_209, 98.64, 155.04, 1.8
_1129_, 98.64, 155.04, 1.8
_1556_, 98.64, 155.04, 1.8
_1557_, 98.64, 155.04, 1.8
_1892_, 98.64, 155.04, 1.8
_2026_, 98.64, 155.04, 1.8
FILLER_53_225, 111.44, 155.04, 1.8
FILLER_53_241, 111.44, 155.04, 1.8
FILLER_54_233, 111.44, 155.04, 1.8
_1590_, 111.44, 155.04, 1.8
_1593_, 111.44, 155.04, 1.8
_1763_, 111.44, 155.04, 1.8
_2025_, 111.44, 155.04, 1.8
FILLER_52_245, 124.24, 155.04, 1.8
FILLER_53_252, 124.24, 155.04, 1.8
_1152_, 124.24, 155.04, 1.8
_1153_, 124.24, 155.04, 1.8
_2131_, 124.24, 155.04, 1.8
FILLER_52_278, 137.04, 155.04, 1.8
FILLER_53_276, 137.04, 155.04, 1.8
FILLER_53_281, 137.04, 155.04, 1.8
FILLER_53_293, 137.04, 155.04, 1.8
FILLER_54_294, 137.04, 155.04, 1.8
_1205_, 137.04, 155.04, 1.8
_1206_, 137.04, 155.04, 1.8
_1229_, 137.04, 155.04, 1.8
_1290_, 137.04, 155.04, 1.8
_1879_, 137.04, 155.04, 1.8
clkbuf_1_0__f_vco_in, 137.04, 155.04, 1.8
FILLER_52_303, 149.84, 155.04, 1.8
FILLER_53_319, 149.84, 155.04, 1.8
FILLER_54_317, 149.84, 155.04, 1.8
FILLER_54_324, 149.84, 155.04, 1.8
_1203_, 149.84, 155.04, 1.8
_1288_, 149.84, 155.04, 1.8
_1700_, 149.84, 155.04, 1.8
FILLER_53_328, 162.64, 155.04, 1.8
FILLER_53_348, 162.64, 155.04, 1.8
FILLER_54_349, 162.64, 155.04, 1.8
_1661_, 162.64, 155.04, 1.8
_1662_, 162.64, 155.04, 1.8
_1975_, 162.64, 155.04, 1.8
PHY_100, 5.52, 149.6, 1.8
PHY_102, 5.52, 149.6, 1.8
FILLER_50_389, 188.14, 149.6, 1.8
PHY_101, 188.14, 149.6, 1.8
PHY_103, 188.14, 149.6, 1.8
FILLER_50_55, 34.64, 149.6, 1.8
FILLER_50_62, 34.64, 149.6, 1.8
FILLER_51_51, 34.64, 149.6, 1.8
FILLER_51_57, 34.64, 149.6, 1.8
FILLER_51_71, 34.64, 149.6, 1.8
_1105_, 34.64, 149.6, 1.8
_1521_, 34.64, 149.6, 1.8
_1522_, 34.64, 149.6, 1.8
_1905_, 34.64, 149.6, 1.8
FILLER_50_90, 47.44, 149.6, 1.8
FILLER_51_84, 47.44, 149.6, 1.8
FILLER_51_97, 47.44, 149.6, 1.8
_1108_, 47.44, 149.6, 1.8
_1524_, 47.44, 149.6, 1.8
_1903_, 47.44, 149.6, 1.8
clkbuf_4_10_0_clk_in, 47.44, 149.6, 1.8
FILLER_51_113, 60.24, 149.6, 1.8
FILLER_51_123, 60.24, 149.6, 1.8
FILLER_52_125, 60.24, 149.6, 1.8
_1511_, 60.24, 149.6, 1.8
_1697_, 60.24, 149.6, 1.8
_1895_, 60.24, 149.6, 1.8
_2152_, 60.24, 149.6, 1.8
FILLER_51_136, 73.04, 149.6, 1.8
FILLER_51_150, 73.04, 149.6, 1.8
FILLER_51_157, 73.04, 149.6, 1.8
FILLER_52_157, 73.04, 149.6, 1.8
_1120_, 73.04, 149.6, 1.8
_1507_, 73.04, 149.6, 1.8
_1525_, 73.04, 149.6, 1.8
_1554_, 73.04, 149.6, 1.8
_1791_, 73.04, 149.6, 1.8
FILLER_50_168, 85.84, 149.6, 1.8
FILLER_51_180, 85.84, 149.6, 1.8
FILLER_52_181, 85.84, 149.6, 1.8
_1127_, 85.84, 149.6, 1.8
_1762_, 85.84, 149.6, 1.8
_1773_, 85.84, 149.6, 1.8
_1784_, 85.84, 149.6, 1.8
_1893_, 85.84, 149.6, 1.8
FILLER_51_190, 98.64, 149.6, 1.8
FILLER_51_215, 98.64, 149.6, 1.8
FILLER_52_208, 98.64, 149.6, 1.8
_1543_, 98.64, 149.6, 1.8
_2142_, 98.64, 149.6, 1.8
FILLER_51_233, 111.44, 149.6, 1.8
FILLER_52_238, 111.44, 149.6, 1.8
_1594_, 111.44, 149.6, 1.8
_1595_, 111.44, 149.6, 1.8
_1597_, 111.44, 149.6, 1.8
_1884_, 111.44, 149.6, 1.8
FILLER_50_248, 124.24, 149.6, 1.8
FILLER_50_253, 124.24, 149.6, 1.8
FILLER_51_252, 124.24, 149.6, 1.8
FILLER_51_265, 124.24, 149.6, 1.8
FILLER_52_264, 124.24, 149.6, 1.8
FILLER_52_271, 124.24, 149.6, 1.8
_1141_, 124.24, 149.6, 1.8
_1154_, 124.24, 149.6, 1.8
_1155_, 124.24, 149.6, 1.8
FILLER_50_279, 137.04, 149.6, 1.8
FILLER_51_275, 137.04, 149.6, 1.8
FILLER_51_281, 137.04, 149.6, 1.8
FILLER_51_292, 137.04, 149.6, 1.8
FILLER_52_293, 137.04, 149.6, 1.8
_1204_, 137.04, 149.6, 1.8
_1289_, 137.04, 149.6, 1.8
_1292_, 137.04, 149.6, 1.8
FILLER_51_304, 149.84, 149.6, 1.8
FILLER_51_313, 149.84, 149.6, 1.8
FILLER_51_326, 149.84, 149.6, 1.8
FILLER_52_317, 149.84, 149.6, 1.8
_1228_, 149.84, 149.6, 1.8
_1301_, 149.84, 149.6, 1.8
_1303_, 149.84, 149.6, 1.8
_1699_, 149.84, 149.6, 1.8
_2212_, 149.84, 149.6, 1.8
FILLER_50_334, 162.64, 149.6, 1.8
FILLER_50_341, 162.64, 149.6, 1.8
FILLER_51_333, 162.64, 149.6, 1.8
FILLER_51_345, 162.64, 149.6, 1.8
FILLER_52_344, 162.64, 149.6, 1.8
_1234_, 162.64, 149.6, 1.8
_1287_, 162.64, 149.6, 1.8
_1659_, 162.64, 149.6, 1.8
_1972_, 162.64, 149.6, 1.8
_1973_, 162.64, 149.6, 1.8
_2210_, 162.64, 149.6, 1.8
PHY_96, 5.52, 144.16, 1.8
PHY_98, 5.52, 144.16, 1.8
FILLER_48_389, 188.14, 144.16, 1.8
PHY_97, 188.14, 144.16, 1.8
PHY_99, 188.14, 144.16, 1.8
FILLER_48_53, 34.64, 144.16, 1.8
FILLER_48_61, 34.64, 144.16, 1.8
FILLER_49_51, 34.64, 144.16, 1.8
FILLER_50_69, 34.64, 144.16, 1.8
_1104_, 34.64, 144.16, 1.8
_1527_, 34.64, 144.16, 1.8
_2154_, 34.64, 144.16, 1.8
FILLER_48_81, 47.44, 144.16, 1.8
FILLER_49_79, 47.44, 144.16, 1.8
FILLER_50_103, 47.44, 144.16, 1.8
_1518_, 47.44, 144.16, 1.8
_1526_, 47.44, 144.16, 1.8
_2046_, 47.44, 144.16, 1.8
FILLER_48_116, 60.24, 144.16, 1.8
FILLER_49_109, 60.24, 144.16, 1.8
FILLER_49_118, 60.24, 144.16, 1.8
FILLER_50_129, 60.24, 144.16, 1.8
_1513_, 60.24, 144.16, 1.8
_1907_, 60.24, 144.16, 1.8
_2051_, 60.24, 144.16, 1.8
FILLER_49_142, 73.04, 144.16, 1.8
FILLER_50_149, 73.04, 144.16, 1.8
_1098_, 73.04, 144.16, 1.8
_1506_, 73.04, 144.16, 1.8
_1509_, 73.04, 144.16, 1.8
_2052_, 73.04, 144.16, 1.8
FILLER_48_166, 85.84, 144.16, 1.8
FILLER_49_169, 85.84, 144.16, 1.8
FILLER_50_179, 85.84, 144.16, 1.8
_1096_, 85.84, 144.16, 1.8
_1503_, 85.84, 144.16, 1.8
_1505_, 85.84, 144.16, 1.8
_2053_, 85.84, 144.16, 1.8
FILLER_48_197, 98.64, 144.16, 1.8
FILLER_49_195, 98.64, 144.16, 1.8
FILLER_49_202, 98.64, 144.16, 1.8
FILLER_49_209, 98.64, 144.16, 1.8
FILLER_50_205, 98.64, 144.16, 1.8
_1504_, 98.64, 144.16, 1.8
_1793_, 98.64, 144.16, 1.8
_2024_, 98.64, 144.16, 1.8
FILLER_48_230, 111.44, 144.16, 1.8
FILLER_49_225, 111.44, 144.16, 1.8
FILLER_49_240, 111.44, 144.16, 1.8
FILLER_50_235, 111.44, 144.16, 1.8
_1596_, 111.44, 144.16, 1.8
_1598_, 111.44, 144.16, 1.8
_1599_, 111.44, 144.16, 1.8
_1761_, 111.44, 144.16, 1.8
FILLER_48_249, 124.24, 144.16, 1.8
FILLER_49_253, 124.24, 144.16, 1.8
_1156_, 124.24, 144.16, 1.8
_2129_, 124.24, 144.16, 1.8
_2130_, 124.24, 144.16, 1.8
FILLER_49_281, 137.04, 144.16, 1.8
FILLER_49_289, 137.04, 144.16, 1.8
FILLER_50_298, 137.04, 144.16, 1.8
_1283_, 137.04, 144.16, 1.8
_1291_, 137.04, 144.16, 1.8
_1293_, 137.04, 144.16, 1.8
_1878_, 137.04, 144.16, 1.8
FILLER_48_304, 149.84, 144.16, 1.8
FILLER_49_305, 149.84, 144.16, 1.8
FILLER_49_317, 149.84, 144.16, 1.8
FILLER_50_318, 149.84, 144.16, 1.8
FILLER_50_327, 149.84, 144.16, 1.8
_1245_, 149.84, 144.16, 1.8
_1297_, 149.84, 144.16, 1.8
_1302_, 149.84, 144.16, 1.8
_1971_, 149.84, 144.16, 1.8
FILLER_49_342, 162.64, 144.16, 1.8
FILLER_50_348, 162.64, 144.16, 1.8
_1232_, 162.64, 144.16, 1.8
_1969_, 162.64, 144.16, 1.8
_1970_, 162.64, 144.16, 1.8
_2209_, 162.64, 144.16, 1.8
PHY_92, 5.52, 138.72, 1.8
PHY_94, 5.52, 138.72, 1.8
output27, 5.52, 138.72, 1.8
FILLER_47_388, 188.14, 138.72, 1.8
PHY_93, 188.14, 138.72, 1.8
PHY_95, 188.14, 138.72, 1.8
output43, 188.14, 138.72, 1.8
FILLER_48_67, 34.64, 138.72, 1.8
_1519_, 34.64, 138.72, 1.8
_1520_, 34.64, 138.72, 1.8
_2048_, 34.64, 138.72, 1.8
FILLER_46_85, 47.44, 138.72, 1.8
FILLER_47_79, 47.44, 138.72, 1.8
FILLER_47_86, 47.44, 138.72, 1.8
FILLER_48_103, 47.44, 138.72, 1.8
FILLER_48_96, 47.44, 138.72, 1.8
_1510_, 47.44, 138.72, 1.8
_1790_, 47.44, 138.72, 1.8
_2050_, 47.44, 138.72, 1.8
FILLER_47_118, 60.24, 138.72, 1.8
FILLER_47_131, 60.24, 138.72, 1.8
FILLER_48_129, 60.24, 138.72, 1.8
_1099_, 60.24, 138.72, 1.8
_1512_, 60.24, 138.72, 1.8
_1514_, 60.24, 138.72, 1.8
FILLER_46_135, 73.04, 138.72, 1.8
FILLER_46_141, 73.04, 138.72, 1.8
FILLER_47_138, 73.04, 138.72, 1.8
FILLER_47_151, 73.04, 138.72, 1.8
FILLER_48_152, 73.04, 138.72, 1.8
FILLER_48_159, 73.04, 138.72, 1.8
_1097_, 73.04, 138.72, 1.8
_1508_, 73.04, 138.72, 1.8
_1666_, 73.04, 138.72, 1.8
_1792_, 73.04, 138.72, 1.8
_1909_, 73.04, 138.72, 1.8
FILLER_47_164, 85.84, 138.72, 1.8
FILLER_47_180, 85.84, 138.72, 1.8
FILLER_47_187, 85.84, 138.72, 1.8
FILLER_48_180, 85.84, 138.72, 1.8
_1093_, 85.84, 138.72, 1.8
_1094_, 85.84, 138.72, 1.8
_1095_, 85.84, 138.72, 1.8
FILLER_47_211, 98.64, 138.72, 1.8
FILLER_48_206, 98.64, 138.72, 1.8
_1600_, 98.64, 138.72, 1.8
_1669_, 98.64, 138.72, 1.8
_1911_, 98.64, 138.72, 1.8
_2023_, 98.64, 138.72, 1.8
_2159_, 98.64, 138.72, 1.8
FILLER_46_222, 111.44, 138.72, 1.8
FILLER_47_218, 111.44, 138.72, 1.8
FILLER_47_230, 111.44, 138.72, 1.8
FILLER_47_243, 111.44, 138.72, 1.8
_1575_, 111.44, 138.72, 1.8
_1601_, 111.44, 138.72, 1.8
_1602_, 111.44, 138.72, 1.8
_1759_, 111.44, 138.72, 1.8
_1794_, 111.44, 138.72, 1.8
FILLER_46_245, 124.24, 138.72, 1.8
FILLER_46_253, 124.24, 138.72, 1.8
FILLER_47_256, 124.24, 138.72, 1.8
FILLER_47_269, 124.24, 138.72, 1.8
FILLER_48_264, 124.24, 138.72, 1.8
FILLER_48_271, 124.24, 138.72, 1.8
_1157_, 124.24, 138.72, 1.8
_1160_, 124.24, 138.72, 1.8
_1604_, 124.24, 138.72, 1.8
FILLER_46_279, 137.04, 138.72, 1.8
FILLER_47_281, 137.04, 138.72, 1.8
FILLER_47_296, 137.04, 138.72, 1.8
FILLER_48_290, 137.04, 138.72, 1.8
_1296_, 137.04, 138.72, 1.8
_1300_, 137.04, 138.72, 1.8
_1876_, 137.04, 138.72, 1.8
_2127_, 137.04, 138.72, 1.8
FILLER_46_303, 149.84, 138.72, 1.8
FILLER_46_309, 149.84, 138.72, 1.8
FILLER_47_307, 149.84, 138.72, 1.8
FILLER_47_317, 149.84, 138.72, 1.8
FILLER_48_318, 149.84, 138.72, 1.8
_1246_, 149.84, 138.72, 1.8
_1247_, 149.84, 138.72, 1.8
_1299_, 149.84, 138.72, 1.8
_2211_, 149.84, 138.72, 1.8
FILLER_46_332, 162.64, 138.72, 1.8
FILLER_47_328, 162.64, 138.72, 1.8
FILLER_47_345, 162.64, 138.72, 1.8
FILLER_47_353, 162.64, 138.72, 1.8
FILLER_48_342, 162.64, 138.72, 1.8
_1233_, 162.64, 138.72, 1.8
_1242_, 162.64, 138.72, 1.8
_1243_, 162.64, 138.72, 1.8
_1967_, 162.64, 138.72, 1.8
PHY_88, 5.52, 133.28, 1.8
PHY_90, 5.52, 133.28, 1.8
FILLER_45_387, 188.14, 133.28, 1.8
PHY_89, 188.14, 133.28, 1.8
PHY_91, 188.14, 133.28, 1.8
_1336_, 188.14, 133.28, 1.8
FILLER_45_51, 34.64, 133.28, 1.8
FILLER_45_57, 34.64, 133.28, 1.8
FILLER_45_65, 34.64, 133.28, 1.8
FILLER_46_69, 34.64, 133.28, 1.8
_1516_, 34.64, 133.28, 1.8
_1788_, 34.64, 133.28, 1.8
_2049_, 34.64, 133.28, 1.8
FILLER_44_85, 47.44, 133.28, 1.8
FILLER_45_101, 47.44, 133.28, 1.8
FILLER_45_88, 47.44, 133.28, 1.8
FILLER_46_95, 47.44, 133.28, 1.8
_1102_, 47.44, 133.28, 1.8
_1103_, 47.44, 133.28, 1.8
_1789_, 47.44, 133.28, 1.8
_2155_, 47.44, 133.28, 1.8
FILLER_44_112, 60.24, 133.28, 1.8
FILLER_45_124, 60.24, 133.28, 1.8
FILLER_46_122, 60.24, 133.28, 1.8
_1100_, 60.24, 133.28, 1.8
_1101_, 60.24, 133.28, 1.8
_1515_, 60.24, 133.28, 1.8
_1908_, 60.24, 133.28, 1.8
_2156_, 60.24, 133.28, 1.8
_2157_, 60.24, 133.28, 1.8
FILLER_44_136, 73.04, 133.28, 1.8
FILLER_44_141, 73.04, 133.28, 1.8
FILLER_45_152, 73.04, 133.28, 1.8
FILLER_46_147, 73.04, 133.28, 1.8
FILLER_46_156, 73.04, 133.28, 1.8
_1663_, 73.04, 133.28, 1.8
_1665_, 73.04, 133.28, 1.8
_1910_, 73.04, 133.28, 1.8
_2158_, 73.04, 133.28, 1.8
FILLER_44_166, 85.84, 133.28, 1.8
FILLER_45_165, 85.84, 133.28, 1.8
FILLER_45_169, 85.84, 133.28, 1.8
FILLER_45_176, 85.84, 133.28, 1.8
FILLER_46_180, 85.84, 133.28, 1.8
_1502_, 85.84, 133.28, 1.8
_1667_, 85.84, 133.28, 1.8
_1668_, 85.84, 133.28, 1.8
_1997_, 85.84, 133.28, 1.8
_2054_, 85.84, 133.28, 1.8
FILLER_44_197, 98.64, 133.28, 1.8
FILLER_45_203, 98.64, 133.28, 1.8
FILLER_46_208, 98.64, 133.28, 1.8
FILLER_46_215, 98.64, 133.28, 1.8
_1091_, 98.64, 133.28, 1.8
_1501_, 98.64, 133.28, 1.8
clkbuf_4_12_0_clk_in, 98.64, 133.28, 1.8
FILLER_45_219, 111.44, 133.28, 1.8
FILLER_45_230, 111.44, 133.28, 1.8
FILLER_46_238, 111.44, 133.28, 1.8
_1603_, 111.44, 133.28, 1.8
_1760_, 111.44, 133.28, 1.8
clkbuf_4_13_0_clk_in, 111.44, 133.28, 1.8
FILLER_44_249, 124.24, 133.28, 1.8
FILLER_44_258, 124.24, 133.28, 1.8
FILLER_45_247, 124.24, 133.28, 1.8
FILLER_45_262, 124.24, 133.28, 1.8
FILLER_45_269, 124.24, 133.28, 1.8
_1158_, 124.24, 133.28, 1.8
_1159_, 124.24, 133.28, 1.8
_1606_, 124.24, 133.28, 1.8
_2128_, 124.24, 133.28, 1.8
FILLER_44_278, 137.04, 133.28, 1.8
FILLER_44_285, 137.04, 133.28, 1.8
FILLER_45_276, 137.04, 133.28, 1.8
FILLER_45_289, 137.04, 133.28, 1.8
_1161_, 137.04, 133.28, 1.8
_1295_, 137.04, 133.28, 1.8
_1873_, 137.04, 133.28, 1.8
_1877_, 137.04, 133.28, 1.8
FILLER_44_303, 149.84, 133.28, 1.8
FILLER_44_309, 149.84, 133.28, 1.8
FILLER_45_301, 149.84, 133.28, 1.8
FILLER_45_308, 149.84, 133.28, 1.8
FILLER_45_327, 149.84, 133.28, 1.8
FILLER_46_323, 149.84, 133.28, 1.8
_1231_, 149.84, 133.28, 1.8
_1346_, 149.84, 133.28, 1.8
_1347_, 149.84, 133.28, 1.8
_1874_, 149.84, 133.28, 1.8
FILLER_44_336, 162.64, 133.28, 1.8
FILLER_45_346, 162.64, 133.28, 1.8
FILLER_45_353, 162.64, 133.28, 1.8
FILLER_46_345, 162.64, 133.28, 1.8
_1241_, 162.64, 133.28, 1.8
_1244_, 162.64, 133.28, 1.8
_1341_, 162.64, 133.28, 1.8
_1348_, 162.64, 133.28, 1.8
PHY_84, 5.52, 127.84, 1.8
PHY_86, 5.52, 127.84, 1.8
FILLER_42_386, 188.14, 127.84, 1.8
FILLER_43_385, 188.14, 127.84, 1.8
PHY_85, 188.14, 127.84, 1.8
PHY_87, 188.14, 127.84, 1.8
FILLER_43_51, 34.64, 127.84, 1.8
FILLER_43_69, 34.64, 127.84, 1.8
FILLER_44_65, 34.64, 127.84, 1.8
FILLER_44_75, 34.64, 127.84, 1.8
_1517_, 34.64, 127.84, 1.8
FILLER_42_85, 47.44, 127.84, 1.8
FILLER_43_82, 47.44, 127.84, 1.8
FILLER_44_102, 47.44, 127.84, 1.8
_1067_, 47.44, 127.84, 1.8
_1068_, 47.44, 127.84, 1.8
_1464_, 47.44, 127.84, 1.8
_1925_, 47.44, 127.84, 1.8
_2171_, 47.44, 127.84, 1.8
FILLER_43_108, 60.24, 127.84, 1.8
FILLER_43_113, 60.24, 127.84, 1.8
FILLER_43_123, 60.24, 127.84, 1.8
_1664_, 60.24, 127.84, 1.8
_1923_, 60.24, 127.84, 1.8
_2170_, 60.24, 127.84, 1.8
FILLER_42_137, 73.04, 127.84, 1.8
FILLER_43_135, 73.04, 127.84, 1.8
FILLER_43_159, 73.04, 127.84, 1.8
FILLER_44_154, 73.04, 127.84, 1.8
_2232_, 73.04, 127.84, 1.8
_2233_, 73.04, 127.84, 1.8
FILLER_42_163, 85.84, 127.84, 1.8
FILLER_44_179, 85.84, 127.84, 1.8
_1500_, 85.84, 127.84, 1.8
_1670_, 85.84, 127.84, 1.8
_2234_, 85.84, 127.84, 1.8
_2235_, 85.84, 127.84, 1.8
FILLER_43_191, 98.64, 127.84, 1.8
FILLER_43_198, 98.64, 127.84, 1.8
FILLER_44_209, 98.64, 127.84, 1.8
_1092_, 98.64, 127.84, 1.8
_1499_, 98.64, 127.84, 1.8
_2022_, 98.64, 127.84, 1.8
_2160_, 98.64, 127.84, 1.8
FILLER_42_229, 111.44, 127.84, 1.8
FILLER_43_225, 111.44, 127.84, 1.8
FILLER_44_233, 111.44, 127.84, 1.8
_1605_, 111.44, 127.84, 1.8
_2021_, 111.44, 127.84, 1.8
FILLER_43_248, 124.24, 127.84, 1.8
FILLER_43_263, 124.24, 127.84, 1.8
FILLER_44_265, 124.24, 127.84, 1.8
_1164_, 124.24, 127.84, 1.8
_1608_, 124.24, 127.84, 1.8
_1611_, 124.24, 127.84, 1.8
_1612_, 124.24, 127.84, 1.8
_1758_, 124.24, 127.84, 1.8
FILLER_43_276, 137.04, 127.84, 1.8
FILLER_44_292, 137.04, 127.84, 1.8
_1165_, 137.04, 127.84, 1.8
_1307_, 137.04, 127.84, 1.8
_2125_, 137.04, 127.84, 1.8
_2126_, 137.04, 127.84, 1.8
FILLER_42_305, 149.84, 127.84, 1.8
FILLER_43_303, 149.84, 127.84, 1.8
FILLER_43_314, 149.84, 127.84, 1.8
FILLER_43_322, 149.84, 127.84, 1.8
_1304_, 149.84, 127.84, 1.8
_1310_, 149.84, 127.84, 1.8
_1311_, 149.84, 127.84, 1.8
_1312_, 149.84, 127.84, 1.8
_2102_, 149.84, 127.84, 1.8
FILLER_42_334, 162.64, 127.84, 1.8
FILLER_43_329, 162.64, 127.84, 1.8
FILLER_43_345, 162.64, 127.84, 1.8
FILLER_44_351, 162.64, 127.84, 1.8
_1248_, 162.64, 127.84, 1.8
_1249_, 162.64, 127.84, 1.8
_1305_, 162.64, 127.84, 1.8
_1306_, 162.64, 127.84, 1.8
_1337_, 162.64, 127.84, 1.8
_1338_, 162.64, 127.84, 1.8
PHY_80, 5.52, 122.4, 1.8
PHY_82, 5.52, 122.4, 1.8
FILLER_41_386, 188.14, 122.4, 1.8
PHY_81, 188.14, 122.4, 1.8
PHY_83, 188.14, 122.4, 1.8
output42, 188.14, 122.4, 1.8
FILLER_41_51, 34.64, 122.4, 1.8
FILLER_42_65, 34.64, 122.4, 1.8
FILLER_42_75, 34.64, 122.4, 1.8
_1066_, 34.64, 122.4, 1.8
_2172_, 34.64, 122.4, 1.8
FILLER_40_85, 47.44, 122.4, 1.8
FILLER_41_89, 47.44, 122.4, 1.8
FILLER_41_97, 47.44, 122.4, 1.8
FILLER_42_105, 47.44, 122.4, 1.8
FILLER_42_98, 47.44, 122.4, 1.8
_1070_, 47.44, 122.4, 1.8
_1467_, 47.44, 122.4, 1.8
_1924_, 47.44, 122.4, 1.8
FILLER_40_107, 60.24, 122.4, 1.8
FILLER_40_114, 60.24, 122.4, 1.8
FILLER_41_124, 60.24, 122.4, 1.8
FILLER_42_129, 60.24, 122.4, 1.8
_1069_, 60.24, 122.4, 1.8
_1071_, 60.24, 122.4, 1.8
_1472_, 60.24, 122.4, 1.8
clkbuf_4_9_0_clk_in, 60.24, 122.4, 1.8
FILLER_40_136, 73.04, 122.4, 1.8
FILLER_40_146, 73.04, 122.4, 1.8
FILLER_41_137, 73.04, 122.4, 1.8
FILLER_41_145, 73.04, 122.4, 1.8
FILLER_41_151, 73.04, 122.4, 1.8
FILLER_41_158, 73.04, 122.4, 1.8
_1072_, 73.04, 122.4, 1.8
_1922_, 73.04, 122.4, 1.8
_1995_, 73.04, 122.4, 1.8
_1996_, 73.04, 122.4, 1.8
FILLER_41_177, 85.84, 122.4, 1.8
FILLER_41_184, 85.84, 122.4, 1.8
FILLER_42_188, 85.84, 122.4, 1.8
_1672_, 85.84, 122.4, 1.8
_1917_, 85.84, 122.4, 1.8
_1998_, 85.84, 122.4, 1.8
FILLER_40_197, 98.64, 122.4, 1.8
FILLER_41_200, 98.64, 122.4, 1.8
FILLER_41_208, 98.64, 122.4, 1.8
FILLER_42_208, 98.64, 122.4, 1.8
_1089_, 98.64, 122.4, 1.8
_1090_, 98.64, 122.4, 1.8
_1497_, 98.64, 122.4, 1.8
_1671_, 98.64, 122.4, 1.8
_1912_, 98.64, 122.4, 1.8
FILLER_41_221, 111.44, 122.4, 1.8
FILLER_42_235, 111.44, 122.4, 1.8
_1609_, 111.44, 122.4, 1.8
_1610_, 111.44, 122.4, 1.8
_1913_, 111.44, 122.4, 1.8
_2020_, 111.44, 122.4, 1.8
FILLER_40_247, 124.24, 122.4, 1.8
FILLER_40_253, 124.24, 122.4, 1.8
FILLER_41_247, 124.24, 122.4, 1.8
FILLER_41_271, 124.24, 122.4, 1.8
FILLER_42_264, 124.24, 122.4, 1.8
FILLER_42_271, 124.24, 122.4, 1.8
_1756_, 124.24, 122.4, 1.8
_2019_, 124.24, 122.4, 1.8
FILLER_41_286, 137.04, 122.4, 1.8
FILLER_41_293, 137.04, 122.4, 1.8
FILLER_42_297, 137.04, 122.4, 1.8
_1166_, 137.04, 122.4, 1.8
_1167_, 137.04, 122.4, 1.8
_1613_, 137.04, 122.4, 1.8
_1875_, 137.04, 122.4, 1.8
FILLER_41_307, 149.84, 122.4, 1.8
FILLER_41_316, 149.84, 122.4, 1.8
FILLER_41_323, 149.84, 122.4, 1.8
FILLER_42_325, 149.84, 122.4, 1.8
_1282_, 149.84, 122.4, 1.8
_1309_, 149.84, 122.4, 1.8
_1848_, 149.84, 122.4, 1.8
_1964_, 149.84, 122.4, 1.8
_1966_, 149.84, 122.4, 1.8
_2207_, 149.84, 122.4, 1.8
FILLER_40_334, 162.64, 122.4, 1.8
FILLER_41_330, 162.64, 122.4, 1.8
FILLER_41_337, 162.64, 122.4, 1.8
FILLER_41_349, 162.64, 122.4, 1.8
FILLER_42_343, 162.64, 122.4, 1.8
FILLER_42_354, 162.64, 122.4, 1.8
_1250_, 162.64, 122.4, 1.8
_1252_, 162.64, 122.4, 1.8
_1253_, 162.64, 122.4, 1.8
_1332_, 162.64, 122.4, 1.8
PHY_76, 5.52, 116.96, 1.8
PHY_78, 5.52, 116.96, 1.8
output26, 5.52, 116.96, 1.8
FILLER_38_390, 188.14, 116.96, 1.8
PHY_77, 188.14, 116.96, 1.8
PHY_79, 188.14, 116.96, 1.8
FILLER_40_20, 13.68, 116.96, 1.8
FILLER_38_56, 34.64, 116.96, 1.8
FILLER_39_51, 34.64, 116.96, 1.8
FILLER_39_57, 34.64, 116.96, 1.8
FILLER_40_69, 34.64, 116.96, 1.8
_1064_, 34.64, 116.96, 1.8
_1065_, 34.64, 116.96, 1.8
_1462_, 34.64, 116.96, 1.8
_1926_, 34.64, 116.96, 1.8
_2173_, 34.64, 116.96, 1.8
FILLER_39_84, 47.44, 116.96, 1.8
FILLER_39_97, 47.44, 116.96, 1.8
FILLER_40_93, 47.44, 116.96, 1.8
_1460_, 47.44, 116.96, 1.8
_1465_, 47.44, 116.96, 1.8
_1468_, 47.44, 116.96, 1.8
clkbuf_4_8_0_clk_in, 47.44, 116.96, 1.8
FILLER_39_113, 60.24, 116.96, 1.8
FILLER_39_125, 60.24, 116.96, 1.8
FILLER_40_129, 60.24, 116.96, 1.8
_1470_, 60.24, 116.96, 1.8
_2169_, 60.24, 116.96, 1.8
FILLER_38_135, 73.04, 116.96, 1.8
FILLER_38_141, 73.04, 116.96, 1.8
FILLER_39_149, 73.04, 116.96, 1.8
FILLER_40_154, 73.04, 116.96, 1.8
_1479_, 73.04, 116.96, 1.8
_1674_, 73.04, 116.96, 1.8
_2236_, 73.04, 116.96, 1.8
_2237_, 73.04, 116.96, 1.8
FILLER_38_164, 85.84, 116.96, 1.8
FILLER_38_171, 85.84, 116.96, 1.8
FILLER_39_161, 85.84, 116.96, 1.8
FILLER_39_174, 85.84, 116.96, 1.8
FILLER_40_178, 85.84, 116.96, 1.8
FILLER_40_188, 85.84, 116.96, 1.8
_1498_, 85.84, 116.96, 1.8
_1999_, 85.84, 116.96, 1.8
_2000_, 85.84, 116.96, 1.8
_2055_, 85.84, 116.96, 1.8
FILLER_38_192, 98.64, 116.96, 1.8
FILLER_38_197, 98.64, 116.96, 1.8
FILLER_39_198, 98.64, 116.96, 1.8
FILLER_40_210, 98.64, 116.96, 1.8
_1496_, 98.64, 116.96, 1.8
_1796_, 98.64, 116.96, 1.8
_2161_, 98.64, 116.96, 1.8
FILLER_38_225, 111.44, 116.96, 1.8
FILLER_39_225, 111.44, 116.96, 1.8
FILLER_39_241, 111.44, 116.96, 1.8
FILLER_40_232, 111.44, 116.96, 1.8
FILLER_40_240, 111.44, 116.96, 1.8
_1589_, 111.44, 116.96, 1.8
_1616_, 111.44, 116.96, 1.8
_1757_, 111.44, 116.96, 1.8
_2018_, 111.44, 116.96, 1.8
FILLER_38_253, 124.24, 116.96, 1.8
FILLER_39_258, 124.24, 116.96, 1.8
FILLER_40_270, 124.24, 116.96, 1.8
_1168_, 124.24, 116.96, 1.8
_1614_, 124.24, 116.96, 1.8
_1615_, 124.24, 116.96, 1.8
FILLER_39_277, 137.04, 116.96, 1.8
FILLER_40_295, 137.04, 116.96, 1.8
_1169_, 137.04, 116.96, 1.8
_2124_, 137.04, 116.96, 1.8
FILLER_38_304, 149.84, 116.96, 1.8
FILLER_39_303, 149.84, 116.96, 1.8
_1237_, 149.84, 116.96, 1.8
_2208_, 149.84, 116.96, 1.8
FILLER_39_332, 162.64, 116.96, 1.8
FILLER_39_346, 162.64, 116.96, 1.8
FILLER_40_345, 162.64, 116.96, 1.8
_1251_, 162.64, 116.96, 1.8
_1328_, 162.64, 116.96, 1.8
_1329_, 162.64, 116.96, 1.8
PHY_72, 5.52, 111.52, 1.8
PHY_74, 5.52, 111.52, 1.8
FILLER_36_390, 188.14, 111.52, 1.8
FILLER_37_386, 188.14, 111.52, 1.8
PHY_73, 188.14, 111.52, 1.8
PHY_75, 188.14, 111.52, 1.8
_1852_, 188.14, 111.52, 1.8
FILLER_37_51, 34.64, 111.52, 1.8
FILLER_37_57, 34.64, 111.52, 1.8
FILLER_38_69, 34.64, 111.52, 1.8
_1063_, 34.64, 111.52, 1.8
_2066_, 34.64, 111.52, 1.8
FILLER_36_85, 47.44, 111.52, 1.8
FILLER_37_80, 47.44, 111.52, 1.8
FILLER_38_96, 47.44, 111.52, 1.8
_1466_, 47.44, 111.52, 1.8
_2064_, 47.44, 111.52, 1.8
_2065_, 47.44, 111.52, 1.8
FILLER_36_106, 60.24, 111.52, 1.8
FILLER_36_114, 60.24, 111.52, 1.8
FILLER_37_107, 60.24, 111.52, 1.8
FILLER_38_122, 60.24, 111.52, 1.8
_1471_, 60.24, 111.52, 1.8
_1804_, 60.24, 111.52, 1.8
_2063_, 60.24, 111.52, 1.8
FILLER_36_133, 73.04, 111.52, 1.8
FILLER_37_135, 73.04, 111.52, 1.8
FILLER_37_142, 73.04, 111.52, 1.8
FILLER_37_155, 73.04, 111.52, 1.8
_1074_, 73.04, 111.52, 1.8
_1493_, 73.04, 111.52, 1.8
_2168_, 73.04, 111.52, 1.8
FILLER_36_163, 85.84, 111.52, 1.8
FILLER_36_171, 85.84, 111.52, 1.8
FILLER_38_178, 85.84, 111.52, 1.8
FILLER_38_186, 85.84, 111.52, 1.8
_1676_, 85.84, 111.52, 1.8
_2001_, 85.84, 111.52, 1.8
_2002_, 85.84, 111.52, 1.8
_2238_, 85.84, 111.52, 1.8
FILLER_36_197, 98.64, 111.52, 1.8
FILLER_37_191, 98.64, 111.52, 1.8
FILLER_37_199, 98.64, 111.52, 1.8
FILLER_37_216, 98.64, 111.52, 1.8
FILLER_38_209, 98.64, 111.52, 1.8
_1087_, 98.64, 111.52, 1.8
_1088_, 98.64, 111.52, 1.8
_1673_, 98.64, 111.52, 1.8
_1797_, 98.64, 111.52, 1.8
FILLER_36_229, 111.44, 111.52, 1.8
FILLER_37_230, 111.44, 111.52, 1.8
_1914_, 111.44, 111.52, 1.8
_2017_, 111.44, 111.52, 1.8
FILLER_36_258, 124.24, 111.52, 1.8
FILLER_37_255, 124.24, 111.52, 1.8
FILLER_37_268, 124.24, 111.52, 1.8
FILLER_38_269, 124.24, 111.52, 1.8
_1617_, 124.24, 111.52, 1.8
_1618_, 124.24, 111.52, 1.8
_1619_, 124.24, 111.52, 1.8
_1753_, 124.24, 111.52, 1.8
FILLER_36_275, 137.04, 111.52, 1.8
FILLER_36_283, 137.04, 111.52, 1.8
FILLER_37_275, 137.04, 111.52, 1.8
FILLER_38_292, 137.04, 111.52, 1.8
_1171_, 137.04, 111.52, 1.8
_1308_, 137.04, 111.52, 1.8
_1870_, 137.04, 111.52, 1.8
_1872_, 137.04, 111.52, 1.8
_2123_, 137.04, 111.52, 1.8
FILLER_37_303, 149.84, 111.52, 1.8
FILLER_37_316, 149.84, 111.52, 1.8
FILLER_38_314, 149.84, 111.52, 1.8
FILLER_38_321, 149.84, 111.52, 1.8
_1235_, 149.84, 111.52, 1.8
_1236_, 149.84, 111.52, 1.8
_1315_, 149.84, 111.52, 1.8
_1965_, 149.84, 111.52, 1.8
clkbuf_1_1__f_ref_in, 149.84, 111.52, 1.8
FILLER_36_330, 162.64, 111.52, 1.8
FILLER_36_341, 162.64, 111.52, 1.8
FILLER_37_347, 162.64, 111.52, 1.8
FILLER_38_347, 162.64, 111.52, 1.8
_1239_, 162.64, 111.52, 1.8
_1254_, 162.64, 111.52, 1.8
_1255_, 162.64, 111.52, 1.8
clkbuf_0_ref_in, 162.64, 111.52, 1.8
PHY_68, 5.52, 106.08, 1.8
PHY_70, 5.52, 106.08, 1.8
FILLER_34_388, 188.14, 106.08, 1.8
FILLER_35_389, 188.14, 106.08, 1.8
PHY_69, 188.14, 106.08, 1.8
PHY_71, 188.14, 106.08, 1.8
FILLER_34_53, 34.64, 106.08, 1.8
FILLER_35_51, 34.64, 106.08, 1.8
FILLER_35_69, 34.64, 106.08, 1.8
FILLER_36_70, 34.64, 106.08, 1.8
FILLER_36_77, 34.64, 106.08, 1.8
_1463_, 34.64, 106.08, 1.8
_1809_, 34.64, 106.08, 1.8
_1810_, 34.64, 106.08, 1.8
_2067_, 34.64, 106.08, 1.8
FILLER_35_88, 47.44, 106.08, 1.8
FILLER_36_92, 47.44, 106.08, 1.8
FILLER_36_99, 47.44, 106.08, 1.8
_1062_, 47.44, 106.08, 1.8
_1457_, 47.44, 106.08, 1.8
_1469_, 47.44, 106.08, 1.8
_1808_, 47.44, 106.08, 1.8
FILLER_34_108, 60.24, 106.08, 1.8
FILLER_34_115, 60.24, 106.08, 1.8
FILLER_35_113, 60.24, 106.08, 1.8
FILLER_35_121, 60.24, 106.08, 1.8
FILLER_36_120, 60.24, 106.08, 1.8
_1073_, 60.24, 106.08, 1.8
_1473_, 60.24, 106.08, 1.8
_1475_, 60.24, 106.08, 1.8
_1805_, 60.24, 106.08, 1.8
FILLER_34_146, 73.04, 106.08, 1.8
FILLER_35_140, 73.04, 106.08, 1.8
FILLER_35_150, 73.04, 106.08, 1.8
_1076_, 73.04, 106.08, 1.8
_1906_, 73.04, 106.08, 1.8
_1921_, 73.04, 106.08, 1.8
FILLER_35_169, 85.84, 106.08, 1.8
FILLER_35_182, 85.84, 106.08, 1.8
FILLER_36_181, 85.84, 106.08, 1.8
_1078_, 85.84, 106.08, 1.8
_1494_, 85.84, 106.08, 1.8
_1795_, 85.84, 106.08, 1.8
_2056_, 85.84, 106.08, 1.8
_2239_, 85.84, 106.08, 1.8
FILLER_34_197, 98.64, 106.08, 1.8
FILLER_35_206, 98.64, 106.08, 1.8
FILLER_36_205, 98.64, 106.08, 1.8
_1492_, 98.64, 106.08, 1.8
_2162_, 98.64, 106.08, 1.8
clkbuf_0_clk_in, 98.64, 106.08, 1.8
FILLER_34_221, 111.44, 106.08, 1.8
FILLER_35_219, 111.44, 106.08, 1.8
FILLER_35_236, 111.44, 106.08, 1.8
FILLER_36_237, 111.44, 106.08, 1.8
FILLER_36_243, 111.44, 106.08, 1.8
_1675_, 111.44, 106.08, 1.8
_1677_, 111.44, 106.08, 1.8
_1754_, 111.44, 106.08, 1.8
_1755_, 111.44, 106.08, 1.8
FILLER_35_247, 124.24, 106.08, 1.8
FILLER_35_254, 124.24, 106.08, 1.8
FILLER_35_271, 124.24, 106.08, 1.8
_1170_, 124.24, 106.08, 1.8
_1620_, 124.24, 106.08, 1.8
_1622_, 124.24, 106.08, 1.8
_1752_, 124.24, 106.08, 1.8
FILLER_34_277, 137.04, 106.08, 1.8
FILLER_36_290, 137.04, 106.08, 1.8
_1173_, 137.04, 106.08, 1.8
_1258_, 137.04, 106.08, 1.8
_1862_, 137.04, 106.08, 1.8
_1871_, 137.04, 106.08, 1.8
_2122_, 137.04, 106.08, 1.8
FILLER_34_309, 149.84, 106.08, 1.8
FILLER_35_303, 149.84, 106.08, 1.8
FILLER_35_311, 149.84, 106.08, 1.8
FILLER_36_318, 149.84, 106.08, 1.8
_1240_, 149.84, 106.08, 1.8
_1256_, 149.84, 106.08, 1.8
_1316_, 149.84, 106.08, 1.8
FILLER_34_337, 162.64, 106.08, 1.8
FILLER_35_346, 162.64, 106.08, 1.8
_1238_, 162.64, 106.08, 1.8
_1318_, 162.64, 106.08, 1.8
_1321_, 162.64, 106.08, 1.8
PHY_64, 5.52, 100.64, 1.8
PHY_66, 5.52, 100.64, 1.8
output25, 5.52, 100.64, 1.8
FILLER_32_389, 188.14, 100.64, 1.8
PHY_65, 188.14, 100.64, 1.8
PHY_67, 188.14, 100.64, 1.8
output41, 188.14, 100.64, 1.8
FILLER_33_57, 34.64, 100.64, 1.8
FILLER_33_65, 34.64, 100.64, 1.8
FILLER_33_71, 34.64, 100.64, 1.8
_1458_, 34.64, 100.64, 1.8
_1459_, 34.64, 100.64, 1.8
FILLER_32_90, 47.44, 100.64, 1.8
FILLER_33_84, 47.44, 100.64, 1.8
FILLER_34_96, 47.44, 100.64, 1.8
_1456_, 47.44, 100.64, 1.8
_1811_, 47.44, 100.64, 1.8
_1927_, 47.44, 100.64, 1.8
_2174_, 47.44, 100.64, 1.8
FILLER_32_117, 60.24, 100.64, 1.8
_1454_, 60.24, 100.64, 1.8
_1474_, 60.24, 100.64, 1.8
_2062_, 60.24, 100.64, 1.8
FILLER_33_135, 73.04, 100.64, 1.8
FILLER_34_156, 73.04, 100.64, 1.8
_1075_, 73.04, 100.64, 1.8
_1920_, 73.04, 100.64, 1.8
_2167_, 73.04, 100.64, 1.8
FILLER_32_161, 85.84, 100.64, 1.8
FILLER_33_161, 85.84, 100.64, 1.8
FILLER_33_174, 85.84, 100.64, 1.8
FILLER_33_181, 85.84, 100.64, 1.8
FILLER_34_181, 85.84, 100.64, 1.8
_1678_, 85.84, 100.64, 1.8
_1739_, 85.84, 100.64, 1.8
_2004_, 85.84, 100.64, 1.8
_2241_, 85.84, 100.64, 1.8
FILLER_32_202, 98.64, 100.64, 1.8
FILLER_33_193, 98.64, 100.64, 1.8
FILLER_33_206, 98.64, 100.64, 1.8
FILLER_33_215, 98.64, 100.64, 1.8
_1086_, 98.64, 100.64, 1.8
_1495_, 98.64, 100.64, 1.8
_1679_, 98.64, 100.64, 1.8
_1680_, 98.64, 100.64, 1.8
_1916_, 98.64, 100.64, 1.8
FILLER_32_230, 111.44, 100.64, 1.8
FILLER_33_225, 111.44, 100.64, 1.8
FILLER_33_234, 111.44, 100.64, 1.8
FILLER_34_234, 111.44, 100.64, 1.8
FILLER_34_244, 111.44, 100.64, 1.8
_1626_, 111.44, 100.64, 1.8
_1751_, 111.44, 100.64, 1.8
_1915_, 111.44, 100.64, 1.8
_2016_, 111.44, 100.64, 1.8
FILLER_32_258, 124.24, 100.64, 1.8
FILLER_33_258, 124.24, 100.64, 1.8
FILLER_33_271, 124.24, 100.64, 1.8
FILLER_34_264, 124.24, 100.64, 1.8
_1172_, 124.24, 100.64, 1.8
_1623_, 124.24, 100.64, 1.8
_1624_, 124.24, 100.64, 1.8
FILLER_32_274, 137.04, 100.64, 1.8
FILLER_33_292, 137.04, 100.64, 1.8
FILLER_33_299, 137.04, 100.64, 1.8
FILLER_34_290, 137.04, 100.64, 1.8
_1174_, 137.04, 100.64, 1.8
_1175_, 137.04, 100.64, 1.8
_1257_, 137.04, 100.64, 1.8
_1869_, 137.04, 100.64, 1.8
_2121_, 137.04, 100.64, 1.8
FILLER_33_317, 149.84, 100.64, 1.8
FILLER_33_324, 149.84, 100.64, 1.8
_1313_, 149.84, 100.64, 1.8
_1317_, 149.84, 100.64, 1.8
_2109_, 149.84, 100.64, 1.8
_2110_, 149.84, 100.64, 1.8
FILLER_32_332, 162.64, 100.64, 1.8
FILLER_33_331, 162.64, 100.64, 1.8
FILLER_33_342, 162.64, 100.64, 1.8
FILLER_34_347, 162.64, 100.64, 1.8
_1314_, 162.64, 100.64, 1.8
_1320_, 162.64, 100.64, 1.8
_1324_, 162.64, 100.64, 1.8
_1325_, 162.64, 100.64, 1.8
_1856_, 162.64, 100.64, 1.8
_2107_, 162.64, 100.64, 1.8
PHY_60, 5.52, 95.2, 1.8
PHY_62, 5.52, 95.2, 1.8
PHY_61, 188.14, 95.2, 1.8
PHY_63, 188.14, 95.2, 1.8
FILLER_31_51, 34.64, 95.2, 1.8
FILLER_31_69, 34.64, 95.2, 1.8
_2068_, 34.64, 95.2, 1.8
_2178_, 34.64, 95.2, 1.8
FILLER_31_95, 47.44, 95.2, 1.8
FILLER_32_104, 47.44, 95.2, 1.8
_1061_, 47.44, 95.2, 1.8
_1455_, 47.44, 95.2, 1.8
_2177_, 47.44, 95.2, 1.8
FILLER_30_107, 60.24, 95.2, 1.8
FILLER_31_108, 60.24, 95.2, 1.8
FILLER_31_118, 60.24, 95.2, 1.8
FILLER_31_125, 60.24, 95.2, 1.8
FILLER_32_125, 60.24, 95.2, 1.8
_1059_, 60.24, 95.2, 1.8
_1060_, 60.24, 95.2, 1.8
_1476_, 60.24, 95.2, 1.8
_1477_, 60.24, 95.2, 1.8
_1478_, 60.24, 95.2, 1.8
_1803_, 60.24, 95.2, 1.8
FILLER_30_146, 73.04, 95.2, 1.8
FILLER_31_138, 73.04, 95.2, 1.8
FILLER_32_152, 73.04, 95.2, 1.8
_1080_, 73.04, 95.2, 1.8
_1682_, 73.04, 95.2, 1.8
_1919_, 73.04, 95.2, 1.8
_2166_, 73.04, 95.2, 1.8
FILLER_30_169, 85.84, 95.2, 1.8
FILLER_31_180, 85.84, 95.2, 1.8
FILLER_32_185, 85.84, 95.2, 1.8
_1077_, 85.84, 95.2, 1.8
_1081_, 85.84, 95.2, 1.8
_1681_, 85.84, 95.2, 1.8
_2240_, 85.84, 95.2, 1.8
FILLER_31_205, 98.64, 95.2, 1.8
_1085_, 98.64, 95.2, 1.8
_2003_, 98.64, 95.2, 1.8
_2163_, 98.64, 95.2, 1.8
_2164_, 98.64, 95.2, 1.8
FILLER_30_219, 111.44, 95.2, 1.8
FILLER_30_229, 111.44, 95.2, 1.8
FILLER_31_221, 111.44, 95.2, 1.8
FILLER_31_225, 111.44, 95.2, 1.8
FILLER_32_238, 111.44, 95.2, 1.8
_1625_, 111.44, 95.2, 1.8
_1740_, 111.44, 95.2, 1.8
_2015_, 111.44, 95.2, 1.8
FILLER_31_248, 124.24, 95.2, 1.8
FILLER_31_264, 124.24, 95.2, 1.8
_1176_, 124.24, 95.2, 1.8
_1627_, 124.24, 95.2, 1.8
_1628_, 124.24, 95.2, 1.8
_1629_, 124.24, 95.2, 1.8
_2014_, 124.24, 95.2, 1.8
FILLER_30_275, 137.04, 95.2, 1.8
FILLER_30_282, 137.04, 95.2, 1.8
FILLER_31_277, 137.04, 95.2, 1.8
FILLER_32_298, 137.04, 95.2, 1.8
_1177_, 137.04, 95.2, 1.8
_2120_, 137.04, 95.2, 1.8
FILLER_30_309, 149.84, 95.2, 1.8
FILLER_31_303, 149.84, 95.2, 1.8
FILLER_31_325, 149.84, 95.2, 1.8
_1266_, 149.84, 95.2, 1.8
_1736_, 149.84, 95.2, 1.8
_1857_, 149.84, 95.2, 1.8
_1868_, 149.84, 95.2, 1.8
FILLER_30_340, 162.64, 95.2, 1.8
FILLER_31_333, 162.64, 95.2, 1.8
_1984_, 162.64, 95.2, 1.8
_2231_, 162.64, 95.2, 1.8
PHY_56, 5.52, 89.76, 1.8
PHY_58, 5.52, 89.76, 1.8
FILLER_28_390, 188.14, 89.76, 1.8
FILLER_29_387, 188.14, 89.76, 1.8
PHY_57, 188.14, 89.76, 1.8
PHY_59, 188.14, 89.76, 1.8
FILLER_28_54, 34.64, 89.76, 1.8
FILLER_29_57, 34.64, 89.76, 1.8
FILLER_29_68, 34.64, 89.76, 1.8
FILLER_30_74, 34.64, 89.76, 1.8
_1053_, 34.64, 89.76, 1.8
_1442_, 34.64, 89.76, 1.8
_1443_, 34.64, 89.76, 1.8
_1931_, 34.64, 89.76, 1.8
_1932_, 34.64, 89.76, 1.8
FILLER_28_78, 47.44, 89.76, 1.8
FILLER_28_85, 47.44, 89.76, 1.8
FILLER_29_79, 47.44, 89.76, 1.8
FILLER_29_86, 47.44, 89.76, 1.8
_1453_, 47.44, 89.76, 1.8
_1812_, 47.44, 89.76, 1.8
_2069_, 47.44, 89.76, 1.8
FILLER_28_107, 60.24, 89.76, 1.8
FILLER_29_113, 60.24, 89.76, 1.8
FILLER_29_121, 60.24, 89.76, 1.8
FILLER_30_120, 60.24, 89.76, 1.8
FILLER_30_131, 60.24, 89.76, 1.8
_1802_, 60.24, 89.76, 1.8
_1929_, 60.24, 89.76, 1.8
_2061_, 60.24, 89.76, 1.8
_2175_, 60.24, 89.76, 1.8
FILLER_28_141, 73.04, 89.76, 1.8
FILLER_29_145, 73.04, 89.76, 1.8
FILLER_29_158, 73.04, 89.76, 1.8
FILLER_30_159, 73.04, 89.76, 1.8
_1079_, 73.04, 89.76, 1.8
_1480_, 73.04, 89.76, 1.8
FILLER_28_167, 85.84, 89.76, 1.8
FILLER_30_182, 85.84, 89.76, 1.8
_1056_, 85.84, 89.76, 1.8
_1084_, 85.84, 89.76, 1.8
_1483_, 85.84, 89.76, 1.8
_2165_, 85.84, 89.76, 1.8
FILLER_28_197, 98.64, 89.76, 1.8
FILLER_29_191, 98.64, 89.76, 1.8
FILLER_29_204, 98.64, 89.76, 1.8
_1083_, 98.64, 89.76, 1.8
_1489_, 98.64, 89.76, 1.8
FILLER_28_221, 111.44, 89.76, 1.8
FILLER_28_229, 111.44, 89.76, 1.8
FILLER_29_218, 111.44, 89.76, 1.8
FILLER_30_239, 111.44, 89.76, 1.8
_1491_, 111.44, 89.76, 1.8
_1748_, 111.44, 89.76, 1.8
_1749_, 111.44, 89.76, 1.8
_2013_, 111.44, 89.76, 1.8
FILLER_28_249, 124.24, 89.76, 1.8
FILLER_28_258, 124.24, 89.76, 1.8
FILLER_29_247, 124.24, 89.76, 1.8
FILLER_29_254, 124.24, 89.76, 1.8
FILLER_29_267, 124.24, 89.76, 1.8
_1179_, 124.24, 89.76, 1.8
_1181_, 124.24, 89.76, 1.8
_1630_, 124.24, 89.76, 1.8
_1750_, 124.24, 89.76, 1.8
FILLER_29_274, 137.04, 89.76, 1.8
FILLER_29_289, 137.04, 89.76, 1.8
FILLER_30_299, 137.04, 89.76, 1.8
_1270_, 137.04, 89.76, 1.8
_1806_, 137.04, 89.76, 1.8
_1840_, 137.04, 89.76, 1.8
_2119_, 137.04, 89.76, 1.8
FILLER_28_304, 149.84, 89.76, 1.8
FILLER_29_306, 149.84, 89.76, 1.8
FILLER_30_315, 149.84, 89.76, 1.8
FILLER_30_326, 149.84, 89.76, 1.8
_1733_, 149.84, 89.76, 1.8
_1737_, 149.84, 89.76, 1.8
_2230_, 149.84, 89.76, 1.8
FILLER_29_343, 162.64, 89.76, 1.8
FILLER_29_350, 162.64, 89.76, 1.8
_1735_, 162.64, 89.76, 1.8
_1993_, 162.64, 89.76, 1.8
_1994_, 162.64, 89.76, 1.8
_2223_, 162.64, 89.76, 1.8
PHY_52, 5.52, 84.32, 1.8
PHY_54, 5.52, 84.32, 1.8
output24, 5.52, 84.32, 1.8
FILLER_27_387, 188.14, 84.32, 1.8
PHY_53, 188.14, 84.32, 1.8
PHY_55, 188.14, 84.32, 1.8
output40, 188.14, 84.32, 1.8
FILLER_26_53, 34.64, 84.32, 1.8
FILLER_28_67, 34.64, 84.32, 1.8
_1052_, 34.64, 84.32, 1.8
_1055_, 34.64, 84.32, 1.8
_1815_, 34.64, 84.32, 1.8
_2072_, 34.64, 84.32, 1.8
FILLER_26_79, 47.44, 84.32, 1.8
FILLER_27_105, 47.44, 84.32, 1.8
FILLER_27_79, 47.44, 84.32, 1.8
FILLER_27_92, 47.44, 84.32, 1.8
FILLER_28_94, 47.44, 84.32, 1.8
_1054_, 47.44, 84.32, 1.8
_1444_, 47.44, 84.32, 1.8
_1452_, 47.44, 84.32, 1.8
_2071_, 47.44, 84.32, 1.8
FILLER_26_107, 60.24, 84.32, 1.8
FILLER_26_117, 60.24, 84.32, 1.8
FILLER_27_124, 60.24, 84.32, 1.8
FILLER_28_131, 60.24, 84.32, 1.8
_1057_, 60.24, 84.32, 1.8
_1451_, 60.24, 84.32, 1.8
_1813_, 60.24, 84.32, 1.8
FILLER_26_137, 73.04, 84.32, 1.8
FILLER_27_137, 73.04, 84.32, 1.8
FILLER_28_157, 73.04, 84.32, 1.8
_1058_, 73.04, 84.32, 1.8
_1461_, 73.04, 84.32, 1.8
_1481_, 73.04, 84.32, 1.8
_2060_, 73.04, 84.32, 1.8
FILLER_26_166, 85.84, 84.32, 1.8
FILLER_27_180, 85.84, 84.32, 1.8
FILLER_28_180, 85.84, 84.32, 1.8
_1484_, 85.84, 84.32, 1.8
_1486_, 85.84, 84.32, 1.8
_1918_, 85.84, 84.32, 1.8
_2059_, 85.84, 84.32, 1.8
FILLER_26_191, 98.64, 84.32, 1.8
FILLER_27_198, 98.64, 84.32, 1.8
FILLER_28_214, 98.64, 84.32, 1.8
_1487_, 98.64, 84.32, 1.8
_1490_, 98.64, 84.32, 1.8
_2057_, 98.64, 84.32, 1.8
_2058_, 98.64, 84.32, 1.8
FILLER_26_219, 111.44, 84.32, 1.8
FILLER_28_236, 111.44, 84.32, 1.8
_1631_, 111.44, 84.32, 1.8
_1632_, 111.44, 84.32, 1.8
_1635_, 111.44, 84.32, 1.8
_2012_, 111.44, 84.32, 1.8
FILLER_26_247, 124.24, 84.32, 1.8
FILLER_27_247, 124.24, 84.32, 1.8
FILLER_27_260, 124.24, 84.32, 1.8
FILLER_28_271, 124.24, 84.32, 1.8
_1178_, 124.24, 84.32, 1.8
_1180_, 124.24, 84.32, 1.8
_1607_, 124.24, 84.32, 1.8
_1633_, 124.24, 84.32, 1.8
FILLER_26_285, 137.04, 84.32, 1.8
FILLER_27_273, 137.04, 84.32, 1.8
FILLER_27_286, 137.04, 84.32, 1.8
FILLER_28_295, 137.04, 84.32, 1.8
_1267_, 137.04, 84.32, 1.8
_1269_, 137.04, 84.32, 1.8
_1866_, 137.04, 84.32, 1.8
FILLER_26_300, 149.84, 84.32, 1.8
FILLER_27_303, 149.84, 84.32, 1.8
FILLER_27_310, 149.84, 84.32, 1.8
FILLER_28_318, 149.84, 84.32, 1.8
_1268_, 149.84, 84.32, 1.8
_1281_, 149.84, 84.32, 1.8
_2229_, 149.84, 84.32, 1.8
clkbuf_1_0__f_ref_in, 149.84, 84.32, 1.8
FILLER_26_334, 162.64, 84.32, 1.8
FILLER_28_347, 162.64, 84.32, 1.8
_1265_, 162.64, 84.32, 1.8
_1718_, 162.64, 84.32, 1.8
_1992_, 162.64, 84.32, 1.8
_2222_, 162.64, 84.32, 1.8
PHY_48, 5.52, 78.88, 1.8
PHY_50, 5.52, 78.88, 1.8
FILLER_25_389, 188.14, 78.88, 1.8
PHY_49, 188.14, 78.88, 1.8
PHY_51, 188.14, 78.88, 1.8
_1989_, 188.14, 78.88, 1.8
FILLER_24_52, 34.64, 78.88, 1.8
FILLER_25_51, 34.64, 78.88, 1.8
FILLER_25_68, 34.64, 78.88, 1.8
FILLER_25_77, 34.64, 78.88, 1.8
FILLER_26_66, 34.64, 78.88, 1.8
_1050_, 34.64, 78.88, 1.8
_1441_, 34.64, 78.88, 1.8
_1446_, 34.64, 78.88, 1.8
_2073_, 34.64, 78.88, 1.8
FILLER_25_101, 47.44, 78.88, 1.8
FILLER_25_90, 47.44, 78.88, 1.8
_1040_, 47.44, 78.88, 1.8
_1445_, 47.44, 78.88, 1.8
_1814_, 47.44, 78.88, 1.8
FILLER_25_124, 60.24, 78.88, 1.8
FILLER_26_130, 60.24, 78.88, 1.8
_1448_, 60.24, 78.88, 1.8
_1449_, 60.24, 78.88, 1.8
_1450_, 60.24, 78.88, 1.8
_2070_, 60.24, 78.88, 1.8
_2176_, 60.24, 78.88, 1.8
FILLER_25_152, 73.04, 78.88, 1.8
FILLER_25_160, 73.04, 78.88, 1.8
FILLER_26_149, 73.04, 78.88, 1.8
FILLER_26_159, 73.04, 78.88, 1.8
_1082_, 73.04, 78.88, 1.8
_1350_, 73.04, 78.88, 1.8
_1801_, 73.04, 78.88, 1.8
FILLER_25_169, 85.84, 78.88, 1.8
FILLER_25_175, 85.84, 78.88, 1.8
FILLER_25_186, 85.84, 78.88, 1.8
_1485_, 85.84, 78.88, 1.8
_1800_, 85.84, 78.88, 1.8
FILLER_24_190, 98.64, 78.88, 1.8
FILLER_25_196, 98.64, 78.88, 1.8
FILLER_25_204, 98.64, 78.88, 1.8
_1488_, 98.64, 78.88, 1.8
_1798_, 98.64, 78.88, 1.8
_1799_, 98.64, 78.88, 1.8
FILLER_25_225, 111.44, 78.88, 1.8
FILLER_25_232, 111.44, 78.88, 1.8
FILLER_26_231, 111.44, 78.88, 1.8
_1634_, 111.44, 78.88, 1.8
_1637_, 111.44, 78.88, 1.8
_1638_, 111.44, 78.88, 1.8
_2011_, 111.44, 78.88, 1.8
FILLER_24_253, 124.24, 78.88, 1.8
FILLER_25_247, 124.24, 78.88, 1.8
FILLER_25_260, 124.24, 78.88, 1.8
FILLER_26_261, 124.24, 78.88, 1.8
_1163_, 124.24, 78.88, 1.8
_1182_, 124.24, 78.88, 1.8
_1636_, 124.24, 78.88, 1.8
_2118_, 124.24, 78.88, 1.8
FILLER_25_273, 137.04, 78.88, 1.8
FILLER_25_286, 137.04, 78.88, 1.8
FILLER_26_292, 137.04, 78.88, 1.8
_1259_, 137.04, 78.88, 1.8
_1276_, 137.04, 78.88, 1.8
_1865_, 137.04, 78.88, 1.8
_1867_, 137.04, 78.88, 1.8
FILLER_25_304, 149.84, 78.88, 1.8
FILLER_25_315, 149.84, 78.88, 1.8
FILLER_25_324, 149.84, 78.88, 1.8
FILLER_26_318, 149.84, 78.88, 1.8
FILLER_26_327, 149.84, 78.88, 1.8
_1263_, 149.84, 78.88, 1.8
_1271_, 149.84, 78.88, 1.8
_1732_, 149.84, 78.88, 1.8
_1734_, 149.84, 78.88, 1.8
FILLER_24_338, 162.64, 78.88, 1.8
FILLER_25_331, 162.64, 78.88, 1.8
FILLER_25_337, 162.64, 78.88, 1.8
FILLER_26_344, 162.64, 78.88, 1.8
FILLER_26_351, 162.64, 78.88, 1.8
_1260_, 162.64, 78.88, 1.8
_1728_, 162.64, 78.88, 1.8
_1731_, 162.64, 78.88, 1.8
_1985_, 162.64, 78.88, 1.8
PHY_44, 5.52, 73.44, 1.8
PHY_46, 5.52, 73.44, 1.8
FILLER_22_388, 188.14, 73.44, 1.8
PHY_45, 188.14, 73.44, 1.8
PHY_47, 188.14, 73.44, 1.8
FILLER_22_50, 34.64, 73.44, 1.8
FILLER_23_57, 34.64, 73.44, 1.8
FILLER_23_69, 34.64, 73.44, 1.8
FILLER_24_76, 34.64, 73.44, 1.8
_1439_, 34.64, 73.44, 1.8
_1440_, 34.64, 73.44, 1.8
_2179_, 34.64, 73.44, 1.8
FILLER_22_85, 47.44, 73.44, 1.8
FILLER_23_105, 47.44, 73.44, 1.8
FILLER_23_81, 47.44, 73.44, 1.8
FILLER_24_103, 47.44, 73.44, 1.8
FILLER_24_96, 47.44, 73.44, 1.8
_1041_, 47.44, 73.44, 1.8
_1422_, 47.44, 73.44, 1.8
_1424_, 47.44, 73.44, 1.8
_1938_, 47.44, 73.44, 1.8
_2184_, 47.44, 73.44, 1.8
FILLER_22_111, 60.24, 73.44, 1.8
FILLER_23_118, 60.24, 73.44, 1.8
FILLER_23_128, 60.24, 73.44, 1.8
FILLER_24_130, 60.24, 73.44, 1.8
_1035_, 60.24, 73.44, 1.8
_1038_, 60.24, 73.44, 1.8
_1039_, 60.24, 73.44, 1.8
FILLER_22_136, 73.04, 73.44, 1.8
FILLER_23_139, 73.04, 73.44, 1.8
FILLER_23_149, 73.04, 73.44, 1.8
FILLER_24_149, 73.04, 73.44, 1.8
FILLER_24_156, 73.04, 73.44, 1.8
_1447_, 73.04, 73.44, 1.8
_1482_, 73.04, 73.44, 1.8
_1807_, 73.04, 73.44, 1.8
_1928_, 73.04, 73.44, 1.8
_1930_, 73.04, 73.44, 1.8
FILLER_22_189, 98.64, 73.44, 1.8
FILLER_23_217, 111.44, 73.44, 1.8
FILLER_23_225, 111.44, 73.44, 1.8
FILLER_23_236, 111.44, 73.44, 1.8
FILLER_24_243, 111.44, 73.44, 1.8
_1747_, 111.44, 73.44, 1.8
_2010_, 111.44, 73.44, 1.8
clkbuf_4_6_0_clk_in, 111.44, 73.44, 1.8
FILLER_22_245, 124.24, 73.44, 1.8
FILLER_22_253, 124.24, 73.44, 1.8
FILLER_23_251, 124.24, 73.44, 1.8
FILLER_23_258, 124.24, 73.44, 1.8
FILLER_24_262, 124.24, 73.44, 1.8
_1188_, 124.24, 73.44, 1.8
_2117_, 124.24, 73.44, 1.8
clkbuf_4_7_0_clk_in, 124.24, 73.44, 1.8
FILLER_22_279, 137.04, 73.44, 1.8
FILLER_23_292, 137.04, 73.44, 1.8
FILLER_23_299, 137.04, 73.44, 1.8
FILLER_24_286, 137.04, 73.44, 1.8
FILLER_24_293, 137.04, 73.44, 1.8
_1183_, 137.04, 73.44, 1.8
_1185_, 137.04, 73.44, 1.8
_1274_, 137.04, 73.44, 1.8
_1275_, 137.04, 73.44, 1.8
_1280_, 137.04, 73.44, 1.8
FILLER_22_301, 149.84, 73.44, 1.8
FILLER_23_313, 149.84, 73.44, 1.8
FILLER_23_327, 149.84, 73.44, 1.8
FILLER_24_314, 149.84, 73.44, 1.8
_1264_, 149.84, 73.44, 1.8
_1277_, 149.84, 73.44, 1.8
_1730_, 149.84, 73.44, 1.8
_2228_, 149.84, 73.44, 1.8
FILLER_22_333, 162.64, 73.44, 1.8
FILLER_22_341, 162.64, 73.44, 1.8
FILLER_23_344, 162.64, 73.44, 1.8
FILLER_23_351, 162.64, 73.44, 1.8
_1261_, 162.64, 73.44, 1.8
_1727_, 162.64, 73.44, 1.8
_1729_, 162.64, 73.44, 1.8
_1990_, 162.64, 73.44, 1.8
_1991_, 162.64, 73.44, 1.8
_2227_, 162.64, 73.44, 1.8
PHY_40, 5.52, 68, 1.8
PHY_42, 5.52, 68, 1.8
PHY_41, 188.14, 68, 1.8
PHY_43, 188.14, 68, 1.8
output39, 188.14, 68, 1.8
FILLER_20_53, 34.64, 68, 1.8
FILLER_20_62, 34.64, 68, 1.8
FILLER_21_51, 34.64, 68, 1.8
FILLER_21_57, 34.64, 68, 1.8
FILLER_21_73, 34.64, 68, 1.8
FILLER_22_74, 34.64, 68, 1.8
_1438_, 34.64, 68, 1.8
_1817_, 34.64, 68, 1.8
FILLER_21_105, 47.44, 68, 1.8
FILLER_21_98, 47.44, 68, 1.8
FILLER_22_98, 47.44, 68, 1.8
_1419_, 47.44, 68, 1.8
_1421_, 47.44, 68, 1.8
_1423_, 47.44, 68, 1.8
_1822_, 47.44, 68, 1.8
_2078_, 47.44, 68, 1.8
FILLER_21_113, 60.24, 68, 1.8
FILLER_22_124, 60.24, 68, 1.8
_1415_, 60.24, 68, 1.8
_2185_, 60.24, 68, 1.8
FILLER_20_137, 73.04, 68, 1.8
FILLER_21_139, 73.04, 68, 1.8
FILLER_21_158, 73.04, 68, 1.8
_1397_, 73.04, 68, 1.8
_1823_, 73.04, 68, 1.8
FILLER_20_193, 98.64, 68, 1.8
FILLER_22_209, 98.64, 68, 1.8
FILLER_20_221, 111.44, 68, 1.8
FILLER_20_227, 111.44, 68, 1.8
FILLER_21_225, 111.44, 68, 1.8
FILLER_21_237, 111.44, 68, 1.8
FILLER_22_238, 111.44, 68, 1.8
_1639_, 111.44, 68, 1.8
_1640_, 111.44, 68, 1.8
_1641_, 111.44, 68, 1.8
_1644_, 111.44, 68, 1.8
_1746_, 111.44, 68, 1.8
FILLER_21_250, 124.24, 68, 1.8
_1186_, 124.24, 68, 1.8
_1187_, 124.24, 68, 1.8
_2115_, 124.24, 68, 1.8
_2116_, 124.24, 68, 1.8
FILLER_20_274, 137.04, 68, 1.8
FILLER_21_281, 137.04, 68, 1.8
FILLER_21_290, 137.04, 68, 1.8
FILLER_22_290, 137.04, 68, 1.8
_1278_, 137.04, 68, 1.8
_1279_, 137.04, 68, 1.8
_1851_, 137.04, 68, 1.8
_2113_, 137.04, 68, 1.8
FILLER_20_302, 149.84, 68, 1.8
FILLER_21_305, 149.84, 68, 1.8
FILLER_21_312, 149.84, 68, 1.8
FILLER_21_319, 149.84, 68, 1.8
FILLER_21_326, 149.84, 68, 1.8
FILLER_22_319, 149.84, 68, 1.8
FILLER_22_326, 149.84, 68, 1.8
_1001_, 149.84, 68, 1.8
_1262_, 149.84, 68, 1.8
_1863_, 149.84, 68, 1.8
_1959_, 149.84, 68, 1.8
_2203_, 149.84, 68, 1.8
FILLER_20_331, 162.64, 68, 1.8
FILLER_21_333, 162.64, 68, 1.8
FILLER_21_337, 162.64, 68, 1.8
FILLER_21_350, 162.64, 68, 1.8
FILLER_22_348, 162.64, 68, 1.8
_1002_, 162.64, 68, 1.8
_1003_, 162.64, 68, 1.8
_1367_, 162.64, 68, 1.8
_1958_, 162.64, 68, 1.8
_2096_, 162.64, 68, 1.8
PHY_36, 5.52, 62.56, 1.8
PHY_38, 5.52, 62.56, 1.8
output23, 5.52, 62.56, 1.8
FILLER_19_388, 188.14, 62.56, 1.8
PHY_37, 188.14, 62.56, 1.8
PHY_39, 188.14, 62.56, 1.8
FILLER_20_20, 13.68, 62.56, 1.8
FILLER_18_58, 34.64, 62.56, 1.8
FILLER_19_51, 34.64, 62.56, 1.8
FILLER_20_69, 34.64, 62.56, 1.8
_1437_, 34.64, 62.56, 1.8
_1933_, 34.64, 62.56, 1.8
_2074_, 34.64, 62.56, 1.8
_2183_, 34.64, 62.56, 1.8
FILLER_19_79, 47.44, 62.56, 1.8
FILLER_19_96, 47.44, 62.56, 1.8
FILLER_20_96, 47.44, 62.56, 1.8
_1042_, 47.44, 62.56, 1.8
_1420_, 47.44, 62.56, 1.8
_1425_, 47.44, 62.56, 1.8
_2079_, 47.44, 62.56, 1.8
FILLER_18_112, 60.24, 62.56, 1.8
FILLER_19_124, 60.24, 62.56, 1.8
FILLER_20_120, 60.24, 62.56, 1.8
_1036_, 60.24, 62.56, 1.8
_1037_, 60.24, 62.56, 1.8
_1429_, 60.24, 62.56, 1.8
_2186_, 60.24, 62.56, 1.8
clkbuf_4_3_0_clk_in, 60.24, 62.56, 1.8
FILLER_18_136, 73.04, 62.56, 1.8
FILLER_19_138, 73.04, 62.56, 1.8
FILLER_19_157, 73.04, 62.56, 1.8
_1940_, 73.04, 62.56, 1.8
_1941_, 73.04, 62.56, 1.8
FILLER_19_165, 85.84, 62.56, 1.8
FILLER_19_169, 85.84, 62.56, 1.8
FILLER_20_185, 85.84, 62.56, 1.8
_1365_, 85.84, 62.56, 1.8
FILLER_19_218, 111.44, 62.56, 1.8
FILLER_19_225, 111.44, 62.56, 1.8
FILLER_19_231, 111.44, 62.56, 1.8
FILLER_20_241, 111.44, 62.56, 1.8
_1642_, 111.44, 62.56, 1.8
_1643_, 111.44, 62.56, 1.8
_1745_, 111.44, 62.56, 1.8
_2009_, 111.44, 62.56, 1.8
FILLER_18_253, 124.24, 62.56, 1.8
FILLER_19_249, 124.24, 62.56, 1.8
FILLER_19_262, 124.24, 62.56, 1.8
FILLER_20_264, 124.24, 62.56, 1.8
_1162_, 124.24, 62.56, 1.8
_1184_, 124.24, 62.56, 1.8
_1645_, 124.24, 62.56, 1.8
FILLER_18_279, 137.04, 62.56, 1.8
FILLER_19_272, 137.04, 62.56, 1.8
FILLER_19_286, 137.04, 62.56, 1.8
FILLER_19_297, 137.04, 62.56, 1.8
_1272_, 137.04, 62.56, 1.8
_1864_, 137.04, 62.56, 1.8
_2112_, 137.04, 62.56, 1.8
FILLER_18_303, 149.84, 62.56, 1.8
FILLER_19_304, 149.84, 62.56, 1.8
FILLER_19_321, 149.84, 62.56, 1.8
_1000_, 149.84, 62.56, 1.8
_1192_, 149.84, 62.56, 1.8
_1196_, 149.84, 62.56, 1.8
_1366_, 149.84, 62.56, 1.8
FILLER_18_340, 162.64, 62.56, 1.8
FILLER_19_337, 162.64, 62.56, 1.8
FILLER_20_355, 162.64, 62.56, 1.8
_1364_, 162.64, 62.56, 1.8
_2202_, 162.64, 62.56, 1.8
PHY_32, 5.52, 57.12, 1.8
PHY_34, 5.52, 57.12, 1.8
PHY_33, 188.14, 57.12, 1.8
PHY_35, 188.14, 57.12, 1.8
FILLER_16_53, 34.64, 57.12, 1.8
FILLER_16_60, 34.64, 57.12, 1.8
FILLER_17_51, 34.64, 57.12, 1.8
FILLER_17_68, 34.64, 57.12, 1.8
FILLER_17_75, 34.64, 57.12, 1.8
_1049_, 34.64, 57.12, 1.8
_1436_, 34.64, 57.12, 1.8
_1937_, 34.64, 57.12, 1.8
FILLER_16_85, 47.44, 57.12, 1.8
FILLER_17_82, 47.44, 57.12, 1.8
FILLER_17_95, 47.44, 57.12, 1.8
FILLER_18_105, 47.44, 57.12, 1.8
FILLER_18_96, 47.44, 57.12, 1.8
_1417_, 47.44, 57.12, 1.8
_1426_, 47.44, 57.12, 1.8
_1427_, 47.44, 57.12, 1.8
_1821_, 47.44, 57.12, 1.8
_1824_, 47.44, 57.12, 1.8
FILLER_16_118, 60.24, 57.12, 1.8
FILLER_17_126, 60.24, 57.12, 1.8
clkbuf_4_2_0_clk_in, 60.24, 57.12, 1.8
_1818_, 73.04, 57.12, 1.8
_1942_, 73.04, 57.12, 1.8
FILLER_17_164, 85.84, 57.12, 1.8
FILLER_16_189, 98.64, 57.12, 1.8
FILLER_18_209, 98.64, 57.12, 1.8
FILLER_16_221, 111.44, 57.12, 1.8
FILLER_17_217, 111.44, 57.12, 1.8
FILLER_18_237, 111.44, 57.12, 1.8
_1646_, 111.44, 57.12, 1.8
_1647_, 111.44, 57.12, 1.8
_2008_, 111.44, 57.12, 1.8
FILLER_17_247, 124.24, 57.12, 1.8
FILLER_17_260, 124.24, 57.12, 1.8
_1189_, 124.24, 57.12, 1.8
_1190_, 124.24, 57.12, 1.8
_1648_, 124.24, 57.12, 1.8
_1649_, 124.24, 57.12, 1.8
_2114_, 124.24, 57.12, 1.8
FILLER_16_282, 137.04, 57.12, 1.8
FILLER_17_273, 137.04, 57.12, 1.8
FILLER_17_292, 137.04, 57.12, 1.8
FILLER_17_299, 137.04, 57.12, 1.8
_1191_, 137.04, 57.12, 1.8
_1651_, 137.04, 57.12, 1.8
_1861_, 137.04, 57.12, 1.8
FILLER_16_305, 149.84, 57.12, 1.8
FILLER_16_309, 149.84, 57.12, 1.8
FILLER_17_306, 149.84, 57.12, 1.8
FILLER_17_320, 149.84, 57.12, 1.8
FILLER_18_314, 149.84, 57.12, 1.8
FILLER_18_321, 149.84, 57.12, 1.8
_1362_, 149.84, 57.12, 1.8
_1369_, 149.84, 57.12, 1.8
_1859_, 149.84, 57.12, 1.8
_1860_, 149.84, 57.12, 1.8
_2097_, 149.84, 57.12, 1.8
FILLER_16_332, 162.64, 57.12, 1.8
FILLER_17_342, 162.64, 57.12, 1.8
FILLER_18_353, 162.64, 57.12, 1.8
_1368_, 162.64, 57.12, 1.8
_1858_, 162.64, 57.12, 1.8
_2095_, 162.64, 57.12, 1.8
_2201_, 162.64, 57.12, 1.8
PHY_28, 5.52, 51.68, 1.8
PHY_30, 5.52, 51.68, 1.8
FILLER_14_389, 188.14, 51.68, 1.8
FILLER_15_386, 188.14, 51.68, 1.8
PHY_29, 188.14, 51.68, 1.8
PHY_31, 188.14, 51.68, 1.8
FILLER_15_51, 34.64, 51.68, 1.8
FILLER_15_68, 34.64, 51.68, 1.8
FILLER_15_75, 34.64, 51.68, 1.8
FILLER_16_68, 34.64, 51.68, 1.8
FILLER_16_74, 34.64, 51.68, 1.8
_1043_, 34.64, 51.68, 1.8
_1048_, 34.64, 51.68, 1.8
_1934_, 34.64, 51.68, 1.8
_2180_, 34.64, 51.68, 1.8
FILLER_15_100, 47.44, 51.68, 1.8
FILLER_16_94, 47.44, 51.68, 1.8
_1045_, 47.44, 51.68, 1.8
_1418_, 47.44, 51.68, 1.8
_2077_, 47.44, 51.68, 1.8
_2080_, 47.44, 51.68, 1.8
_2182_, 47.44, 51.68, 1.8
FILLER_14_107, 60.24, 51.68, 1.8
FILLER_14_117, 60.24, 51.68, 1.8
FILLER_15_107, 60.24, 51.68, 1.8
FILLER_15_113, 60.24, 51.68, 1.8
FILLER_16_131, 60.24, 51.68, 1.8
_1034_, 60.24, 51.68, 1.8
_1416_, 60.24, 51.68, 1.8
_2187_, 60.24, 51.68, 1.8
FILLER_15_165, 85.84, 51.68, 1.8
FILLER_15_169, 85.84, 51.68, 1.8
_1829_, 85.84, 51.68, 1.8
FILLER_14_189, 98.64, 51.68, 1.8
FILLER_14_221, 111.44, 51.68, 1.8
FILLER_15_219, 111.44, 51.68, 1.8
FILLER_15_225, 111.44, 51.68, 1.8
FILLER_15_236, 111.44, 51.68, 1.8
FILLER_16_233, 111.44, 51.68, 1.8
FILLER_16_240, 111.44, 51.68, 1.8
_1383_, 111.44, 51.68, 1.8
_1650_, 111.44, 51.68, 1.8
_1744_, 111.44, 51.68, 1.8
_2007_, 111.44, 51.68, 1.8
FILLER_15_246, 124.24, 51.68, 1.8
FILLER_15_261, 124.24, 51.68, 1.8
FILLER_16_264, 124.24, 51.68, 1.8
_1621_, 124.24, 51.68, 1.8
_1652_, 124.24, 51.68, 1.8
_2006_, 124.24, 51.68, 1.8
FILLER_15_274, 137.04, 51.68, 1.8
FILLER_15_289, 137.04, 51.68, 1.8
FILLER_16_295, 137.04, 51.68, 1.8
_0992_, 137.04, 51.68, 1.8
_1193_, 137.04, 51.68, 1.8
_1351_, 137.04, 51.68, 1.8
_2111_, 137.04, 51.68, 1.8
FILLER_14_305, 149.84, 51.68, 1.8
FILLER_15_313, 149.84, 51.68, 1.8
FILLER_15_326, 149.84, 51.68, 1.8
_1194_, 149.84, 51.68, 1.8
_1195_, 149.84, 51.68, 1.8
_1361_, 149.84, 51.68, 1.8
FILLER_14_330, 162.64, 51.68, 1.8
FILLER_15_333, 162.64, 51.68, 1.8
FILLER_15_342, 162.64, 51.68, 1.8
FILLER_15_355, 162.64, 51.68, 1.8
_1004_, 162.64, 51.68, 1.8
_1005_, 162.64, 51.68, 1.8
_1371_, 162.64, 51.68, 1.8
_1373_, 162.64, 51.68, 1.8
PHY_24, 5.52, 46.24, 1.8
PHY_26, 5.52, 46.24, 1.8
output22, 5.52, 46.24, 1.8
FILLER_12_389, 188.14, 46.24, 1.8
PHY_25, 188.14, 46.24, 1.8
PHY_27, 188.14, 46.24, 1.8
output38, 188.14, 46.24, 1.8
FILLER_12_56, 34.64, 46.24, 1.8
FILLER_13_57, 34.64, 46.24, 1.8
FILLER_13_73, 34.64, 46.24, 1.8
FILLER_14_74, 34.64, 46.24, 1.8
_1433_, 34.64, 46.24, 1.8
_1435_, 34.64, 46.24, 1.8
_1935_, 34.64, 46.24, 1.8
FILLER_12_85, 47.44, 46.24, 1.8
FILLER_13_102, 47.44, 46.24, 1.8
FILLER_13_89, 47.44, 46.24, 1.8
_1044_, 47.44, 46.24, 1.8
_1428_, 47.44, 46.24, 1.8
_1430_, 47.44, 46.24, 1.8
FILLER_12_107, 60.24, 46.24, 1.8
FILLER_12_114, 60.24, 46.24, 1.8
FILLER_14_130, 60.24, 46.24, 1.8
_1033_, 60.24, 46.24, 1.8
_1414_, 60.24, 46.24, 1.8
_1431_, 60.24, 46.24, 1.8
_2081_, 60.24, 46.24, 1.8
FILLER_13_135, 73.04, 46.24, 1.8
FILLER_13_160, 73.04, 46.24, 1.8
_1412_, 73.04, 46.24, 1.8
_1826_, 73.04, 46.24, 1.8
_2082_, 73.04, 46.24, 1.8
FILLER_13_217, 111.44, 46.24, 1.8
FILLER_13_225, 111.44, 46.24, 1.8
FILLER_13_240, 111.44, 46.24, 1.8
_1014_, 111.44, 46.24, 1.8
FILLER_12_245, 124.24, 46.24, 1.8
FILLER_12_253, 124.24, 46.24, 1.8
FILLER_13_248, 124.24, 46.24, 1.8
FILLER_13_260, 124.24, 46.24, 1.8
FILLER_13_267, 124.24, 46.24, 1.8
_1653_, 124.24, 46.24, 1.8
_1741_, 124.24, 46.24, 1.8
_1742_, 124.24, 46.24, 1.8
_1743_, 124.24, 46.24, 1.8
_2005_, 124.24, 46.24, 1.8
FILLER_12_276, 137.04, 46.24, 1.8
FILLER_13_274, 137.04, 46.24, 1.8
FILLER_13_292, 137.04, 46.24, 1.8
FILLER_14_298, 137.04, 46.24, 1.8
_1654_, 137.04, 46.24, 1.8
_1655_, 137.04, 46.24, 1.8
_2204_, 137.04, 46.24, 1.8
clkbuf_4_5_0_clk_in, 137.04, 46.24, 1.8
FILLER_12_300, 149.84, 46.24, 1.8
FILLER_13_305, 149.84, 46.24, 1.8
FILLER_14_320, 149.84, 46.24, 1.8
_0993_, 149.84, 46.24, 1.8
_1961_, 149.84, 46.24, 1.8
_2094_, 149.84, 46.24, 1.8
FILLER_12_338, 162.64, 46.24, 1.8
FILLER_13_337, 162.64, 46.24, 1.8
FILLER_14_346, 162.64, 46.24, 1.8
FILLER_14_353, 162.64, 46.24, 1.8
_1370_, 162.64, 46.24, 1.8
_1372_, 162.64, 46.24, 1.8
_2200_, 162.64, 46.24, 1.8
PHY_20, 5.52, 40.8, 1.8
PHY_22, 5.52, 40.8, 1.8
PHY_21, 188.14, 40.8, 1.8
PHY_23, 188.14, 40.8, 1.8
FILLER_10_53, 34.64, 40.8, 1.8
FILLER_12_69, 34.64, 40.8, 1.8
_1046_, 34.64, 40.8, 1.8
_1047_, 34.64, 40.8, 1.8
_1432_, 34.64, 40.8, 1.8
_2181_, 34.64, 40.8, 1.8
FILLER_11_79, 47.44, 40.8, 1.8
FILLER_11_87, 47.44, 40.8, 1.8
FILLER_12_100, 47.44, 40.8, 1.8
_1819_, 47.44, 40.8, 1.8
_1936_, 47.44, 40.8, 1.8
_2076_, 47.44, 40.8, 1.8
FILLER_10_118, 60.24, 40.8, 1.8
FILLER_11_113, 60.24, 40.8, 1.8
FILLER_12_128, 60.24, 40.8, 1.8
_1413_, 60.24, 40.8, 1.8
_1825_, 60.24, 40.8, 1.8
FILLER_10_146, 73.04, 40.8, 1.8
FILLER_11_137, 73.04, 40.8, 1.8
FILLER_11_150, 73.04, 40.8, 1.8
_1031_, 73.04, 40.8, 1.8
_1410_, 73.04, 40.8, 1.8
_1411_, 73.04, 40.8, 1.8
_1827_, 73.04, 40.8, 1.8
FILLER_10_161, 85.84, 40.8, 1.8
FILLER_10_168, 85.84, 40.8, 1.8
FILLER_11_165, 85.84, 40.8, 1.8
FILLER_12_187, 85.84, 40.8, 1.8
_1032_, 85.84, 40.8, 1.8
_2188_, 85.84, 40.8, 1.8
FILLER_10_190, 98.64, 40.8, 1.8
FILLER_11_215, 98.64, 40.8, 1.8
FILLER_10_245, 124.24, 40.8, 1.8
FILLER_10_253, 124.24, 40.8, 1.8
FILLER_11_249, 124.24, 40.8, 1.8
FILLER_11_257, 124.24, 40.8, 1.8
FILLER_11_271, 124.24, 40.8, 1.8
clkbuf_4_4_0_clk_in, 124.24, 40.8, 1.8
FILLER_10_278, 137.04, 40.8, 1.8
FILLER_11_281, 137.04, 40.8, 1.8
FILLER_11_296, 137.04, 40.8, 1.8
_0999_, 137.04, 40.8, 1.8
_1358_, 137.04, 40.8, 1.8
_1960_, 137.04, 40.8, 1.8
FILLER_10_305, 149.84, 40.8, 1.8
FILLER_11_320, 149.84, 40.8, 1.8
FILLER_11_327, 149.84, 40.8, 1.8
FILLER_12_322, 149.84, 40.8, 1.8
_1359_, 149.84, 40.8, 1.8
_1360_, 149.84, 40.8, 1.8
_2098_, 149.84, 40.8, 1.8
FILLER_11_348, 162.64, 40.8, 1.8
FILLER_12_351, 162.64, 40.8, 1.8
_1006_, 162.64, 40.8, 1.8
_1374_, 162.64, 40.8, 1.8
_1375_, 162.64, 40.8, 1.8
_1839_, 162.64, 40.8, 1.8
PHY_16, 5.52, 35.36, 1.8
PHY_18, 5.52, 35.36, 1.8
FILLER_8_389, 188.14, 35.36, 1.8
FILLER_9_388, 188.14, 35.36, 1.8
PHY_17, 188.14, 35.36, 1.8
PHY_19, 188.14, 35.36, 1.8
FILLER_10_70, 34.64, 35.36, 1.8
FILLER_10_77, 34.64, 35.36, 1.8
FILLER_9_51, 34.64, 35.36, 1.8
_1434_, 34.64, 35.36, 1.8
_2075_, 34.64, 35.36, 1.8
FILLER_9_101, 47.44, 35.36, 1.8
_1820_, 47.44, 35.36, 1.8
FILLER_8_109, 60.24, 35.36, 1.8
FILLER_9_109, 60.24, 35.36, 1.8
FILLER_9_113, 60.24, 35.36, 1.8
FILLER_9_123, 60.24, 35.36, 1.8
FILLER_9_130, 60.24, 35.36, 1.8
_1405_, 60.24, 35.36, 1.8
_1828_, 60.24, 35.36, 1.8
_2084_, 60.24, 35.36, 1.8
clkbuf_4_0_0_clk_in, 60.24, 35.36, 1.8
FILLER_8_136, 73.04, 35.36, 1.8
FILLER_9_155, 73.04, 35.36, 1.8
_1408_, 73.04, 35.36, 1.8
_1409_, 73.04, 35.36, 1.8
_2083_, 73.04, 35.36, 1.8
FILLER_8_165, 85.84, 35.36, 1.8
FILLER_9_162, 85.84, 35.36, 1.8
_1030_, 85.84, 35.36, 1.8
_1943_, 85.84, 35.36, 1.8
FILLER_9_217, 111.44, 35.36, 1.8
FILLER_8_245, 124.24, 35.36, 1.8
_1656_, 124.24, 35.36, 1.8
FILLER_10_286, 137.04, 35.36, 1.8
FILLER_9_273, 137.04, 35.36, 1.8
FILLER_9_286, 137.04, 35.36, 1.8
FILLER_9_293, 137.04, 35.36, 1.8
_0998_, 137.04, 35.36, 1.8
_1357_, 137.04, 35.36, 1.8
_1845_, 137.04, 35.36, 1.8
_2099_, 137.04, 35.36, 1.8
FILLER_10_320, 149.84, 35.36, 1.8
FILLER_9_323, 149.84, 35.36, 1.8
_1353_, 149.84, 35.36, 1.8
_1844_, 149.84, 35.36, 1.8
_2093_, 149.84, 35.36, 1.8
_2100_, 149.84, 35.36, 1.8
FILLER_10_345, 162.64, 35.36, 1.8
FILLER_8_333, 162.64, 35.36, 1.8
FILLER_9_330, 162.64, 35.36, 1.8
FILLER_9_337, 162.64, 35.36, 1.8
_1008_, 162.64, 35.36, 1.8
_1377_, 162.64, 35.36, 1.8
_2199_, 162.64, 35.36, 1.8
PHY_12, 5.52, 29.92, 1.8
PHY_14, 5.52, 29.92, 1.8
PHY_13, 188.14, 29.92, 1.8
PHY_15, 188.14, 29.92, 1.8
output37, 188.14, 29.92, 1.8
FILLER_7_51, 34.64, 29.92, 1.8
FILLER_8_77, 34.64, 29.92, 1.8
FILLER_7_105, 47.44, 29.92, 1.8
FILLER_7_113, 60.24, 29.92, 1.8
FILLER_7_119, 60.24, 29.92, 1.8
_1402_, 60.24, 29.92, 1.8
_1404_, 60.24, 29.92, 1.8
_2085_, 60.24, 29.92, 1.8
FILLER_7_134, 73.04, 29.92, 1.8
FILLER_7_152, 73.04, 29.92, 1.8
_1028_, 73.04, 29.92, 1.8
_1029_, 73.04, 29.92, 1.8
_1406_, 73.04, 29.92, 1.8
_1407_, 73.04, 29.92, 1.8
clkbuf_4_1_0_clk_in, 73.04, 29.92, 1.8
FILLER_7_165, 85.84, 29.92, 1.8
_1944_, 85.84, 29.92, 1.8
FILLER_6_192, 98.64, 29.92, 1.8
FILLER_6_245, 124.24, 29.92, 1.8
FILLER_8_265, 124.24, 29.92, 1.8
FILLER_7_292, 137.04, 29.92, 1.8
FILLER_7_299, 137.04, 29.92, 1.8
FILLER_8_293, 137.04, 29.92, 1.8
_0997_, 137.04, 29.92, 1.8
_1355_, 137.04, 29.92, 1.8
_1356_, 137.04, 29.92, 1.8
_1962_, 137.04, 29.92, 1.8
FILLER_6_309, 149.84, 29.92, 1.8
FILLER_7_323, 149.84, 29.92, 1.8
FILLER_8_320, 149.84, 29.92, 1.8
_0994_, 149.84, 29.92, 1.8
_1354_, 149.84, 29.92, 1.8
_1963_, 149.84, 29.92, 1.8
_2206_, 149.84, 29.92, 1.8
FILLER_7_330, 162.64, 29.92, 1.8
FILLER_7_337, 162.64, 29.92, 1.8
FILLER_8_346, 162.64, 29.92, 1.8
FILLER_8_353, 162.64, 29.92, 1.8
_1838_, 162.64, 29.92, 1.8
_2198_, 162.64, 29.92, 1.8
PHY_10, 5.52, 24.48, 1.8
PHY_8, 5.52, 24.48, 1.8
output21, 5.52, 24.48, 1.8
FILLER_4_389, 188.14, 24.48, 1.8
FILLER_5_389, 188.14, 24.48, 1.8
PHY_11, 188.14, 24.48, 1.8
PHY_9, 188.14, 24.48, 1.8
FILLER_6_20, 13.68, 24.48, 1.8
FILLER_5_51, 34.64, 24.48, 1.8
FILLER_6_77, 34.64, 24.48, 1.8
FILLER_5_103, 47.44, 24.48, 1.8
FILLER_5_93, 47.44, 24.48, 1.8
_1831_, 47.44, 24.48, 1.8
FILLER_4_116, 60.24, 24.48, 1.8
FILLER_5_113, 60.24, 24.48, 1.8
FILLER_5_121, 60.24, 24.48, 1.8
FILLER_6_131, 60.24, 24.48, 1.8
_1398_, 60.24, 24.48, 1.8
_1403_, 60.24, 24.48, 1.8
_1830_, 60.24, 24.48, 1.8
_1947_, 60.24, 24.48, 1.8
FILLER_5_134, 73.04, 24.48, 1.8
FILLER_5_158, 73.04, 24.48, 1.8
FILLER_6_152, 73.04, 24.48, 1.8
_1027_, 73.04, 24.48, 1.8
_1945_, 73.04, 24.48, 1.8
_2189_, 73.04, 24.48, 1.8
_2190_, 73.04, 24.48, 1.8
FILLER_4_170, 85.84, 24.48, 1.8
FILLER_5_165, 85.84, 24.48, 1.8
_1022_, 85.84, 24.48, 1.8
_1394_, 85.84, 24.48, 1.8
_1832_, 85.84, 24.48, 1.8
_1833_, 85.84, 24.48, 1.8
_1939_, 85.84, 24.48, 1.8
FILLER_4_193, 98.64, 24.48, 1.8
FILLER_4_197, 98.64, 24.48, 1.8
FILLER_5_213, 98.64, 24.48, 1.8
FILLER_4_228, 111.44, 24.48, 1.8
FILLER_5_221, 111.44, 24.48, 1.8
_1386_, 111.44, 24.48, 1.8
FILLER_4_249, 124.24, 24.48, 1.8
FILLER_6_265, 124.24, 24.48, 1.8
_2205_, 124.24, 24.48, 1.8
FILLER_4_277, 137.04, 24.48, 1.8
FILLER_5_273, 137.04, 24.48, 1.8
FILLER_5_281, 137.04, 24.48, 1.8
FILLER_5_293, 137.04, 24.48, 1.8
_0996_, 137.04, 24.48, 1.8
_1013_, 137.04, 24.48, 1.8
FILLER_4_303, 149.84, 24.48, 1.8
FILLER_5_301, 149.84, 24.48, 1.8
FILLER_5_314, 149.84, 24.48, 1.8
FILLER_5_327, 149.84, 24.48, 1.8
FILLER_6_317, 149.84, 24.48, 1.8
_1352_, 149.84, 24.48, 1.8
_1380_, 149.84, 24.48, 1.8
_1846_, 149.84, 24.48, 1.8
_2092_, 149.84, 24.48, 1.8
_2197_, 149.84, 24.48, 1.8
FILLER_4_331, 162.64, 24.48, 1.8
FILLER_4_338, 162.64, 24.48, 1.8
FILLER_5_348, 162.64, 24.48, 1.8
FILLER_6_344, 162.64, 24.48, 1.8
_0995_, 162.64, 24.48, 1.8
_1010_, 162.64, 24.48, 1.8
_1378_, 162.64, 24.48, 1.8
_1379_, 162.64, 24.48, 1.8
_1954_, 162.64, 24.48, 1.8
PHY_4, 5.52, 19.04, 1.8
PHY_6, 5.52, 19.04, 1.8
FILLER_2_389, 188.14, 19.04, 1.8
FILLER_3_385, 188.14, 19.04, 1.8
PHY_5, 188.14, 19.04, 1.8
PHY_7, 188.14, 19.04, 1.8
FILLER_3_51, 34.64, 19.04, 1.8
FILLER_4_77, 34.64, 19.04, 1.8
FILLER_2_85, 47.44, 19.04, 1.8
FILLER_3_93, 47.44, 19.04, 1.8
FILLER_4_103, 47.44, 19.04, 1.8
FILLER_4_97, 47.44, 19.04, 1.8
_1025_, 47.44, 19.04, 1.8
_1399_, 47.44, 19.04, 1.8
FILLER_3_113, 60.24, 19.04, 1.8
FILLER_3_129, 60.24, 19.04, 1.8
FILLER_4_129, 60.24, 19.04, 1.8
_1400_, 60.24, 19.04, 1.8
_1401_, 60.24, 19.04, 1.8
FILLER_2_135, 73.04, 19.04, 1.8
FILLER_2_141, 73.04, 19.04, 1.8
FILLER_3_142, 73.04, 19.04, 1.8
FILLER_4_152, 73.04, 19.04, 1.8
_1396_, 73.04, 19.04, 1.8
_2087_, 73.04, 19.04, 1.8
FILLER_2_174, 85.84, 19.04, 1.8
FILLER_3_169, 85.84, 19.04, 1.8
FILLER_4_180, 85.84, 19.04, 1.8
_1391_, 85.84, 19.04, 1.8
_1393_, 85.84, 19.04, 1.8
_2088_, 85.84, 19.04, 1.8
FILLER_2_197, 98.64, 19.04, 1.8
FILLER_3_194, 98.64, 19.04, 1.8
FILLER_4_206, 98.64, 19.04, 1.8
_1389_, 98.64, 19.04, 1.8
_1834_, 98.64, 19.04, 1.8
_2089_, 98.64, 19.04, 1.8
FILLER_2_228, 111.44, 19.04, 1.8
FILLER_3_218, 111.44, 19.04, 1.8
FILLER_4_241, 111.44, 19.04, 1.8
_1385_, 111.44, 19.04, 1.8
_2090_, 111.44, 19.04, 1.8
FILLER_2_248, 124.24, 19.04, 1.8
FILLER_3_247, 124.24, 19.04, 1.8
_1384_, 124.24, 19.04, 1.8
_1835_, 124.24, 19.04, 1.8
_1952_, 124.24, 19.04, 1.8
FILLER_2_282, 137.04, 19.04, 1.8
FILLER_3_272, 137.04, 19.04, 1.8
FILLER_3_281, 137.04, 19.04, 1.8
FILLER_4_290, 137.04, 19.04, 1.8
_1381_, 137.04, 19.04, 1.8
_1382_, 137.04, 19.04, 1.8
_2091_, 137.04, 19.04, 1.8
FILLER_2_305, 149.84, 19.04, 1.8
FILLER_3_304, 149.84, 19.04, 1.8
FILLER_3_317, 149.84, 19.04, 1.8
_1012_, 149.84, 19.04, 1.8
_1953_, 149.84, 19.04, 1.8
_1837_, 162.64, 19.04, 1.8
PHY_0, 5.52, 13.6, 1.8
PHY_2, 5.52, 13.6, 1.8
output20, 5.52, 13.6, 1.8
output35, 5.52, 13.6, 1.8
PHY_1, 188.14, 13.6, 1.8
PHY_3, 188.14, 13.6, 1.8
output16, 188.14, 13.6, 1.8
output36, 188.14, 13.6, 1.8
FILLER_0_20, 13.68, 13.6, 1.8
FILLER_0_57, 34.64, 13.6, 1.8
FILLER_2_77, 34.64, 13.6, 1.8
output33, 34.64, 13.6, 1.8
FILLER_0_103, 47.44, 13.6, 1.8
FILLER_0_79, 47.44, 13.6, 1.8
FILLER_0_85, 47.44, 13.6, 1.8
FILLER_0_96, 47.44, 13.6, 1.8
FILLER_2_98, 47.44, 13.6, 1.8
_1026_, 47.44, 13.6, 1.8
_2086_, 47.44, 13.6, 1.8
output31, 47.44, 13.6, 1.8
output32, 47.44, 13.6, 1.8
FILLER_1_118, 60.24, 13.6, 1.8
FILLER_2_122, 60.24, 13.6, 1.8
_1023_, 60.24, 13.6, 1.8
_1024_, 60.24, 13.6, 1.8
_1946_, 60.24, 13.6, 1.8
_2191_, 60.24, 13.6, 1.8
_2192_, 60.24, 13.6, 1.8
output30, 60.24, 13.6, 1.8
FILLER_0_135, 73.04, 13.6, 1.8
FILLER_0_141, 73.04, 13.6, 1.8
FILLER_0_152, 73.04, 13.6, 1.8
FILLER_0_159, 73.04, 13.6, 1.8
FILLER_1_142, 73.04, 13.6, 1.8
FILLER_2_157, 73.04, 13.6, 1.8
_1021_, 73.04, 13.6, 1.8
_1395_, 73.04, 13.6, 1.8
_1948_, 73.04, 13.6, 1.8
_2193_, 73.04, 13.6, 1.8
FILLER_0_169, 85.84, 13.6, 1.8
FILLER_0_186, 85.84, 13.6, 1.8
FILLER_1_169, 85.84, 13.6, 1.8
FILLER_2_181, 85.84, 13.6, 1.8
_1019_, 85.84, 13.6, 1.8
_1020_, 85.84, 13.6, 1.8
_1390_, 85.84, 13.6, 1.8
_1392_, 85.84, 13.6, 1.8
_2194_, 85.84, 13.6, 1.8
FILLER_0_193, 98.64, 13.6, 1.8
FILLER_0_202, 98.64, 13.6, 1.8
FILLER_0_215, 98.64, 13.6, 1.8
FILLER_1_194, 98.64, 13.6, 1.8
FILLER_1_205, 98.64, 13.6, 1.8
FILLER_2_205, 98.64, 13.6, 1.8
_1017_, 98.64, 13.6, 1.8
_1018_, 98.64, 13.6, 1.8
_1388_, 98.64, 13.6, 1.8
_1949_, 98.64, 13.6, 1.8
_2195_, 98.64, 13.6, 1.8
output29, 98.64, 13.6, 1.8
FILLER_0_230, 111.44, 13.6, 1.8
FILLER_1_218, 111.44, 13.6, 1.8
FILLER_1_225, 111.44, 13.6, 1.8
FILLER_1_237, 111.44, 13.6, 1.8
FILLER_2_241, 111.44, 13.6, 1.8
_1015_, 111.44, 13.6, 1.8
_1387_, 111.44, 13.6, 1.8
_1738_, 111.44, 13.6, 1.8
_1951_, 111.44, 13.6, 1.8
_2196_, 111.44, 13.6, 1.8
output28, 111.44, 13.6, 1.8
FILLER_0_245, 124.24, 13.6, 1.8
FILLER_0_258, 124.24, 13.6, 1.8
_1016_, 124.24, 13.6, 1.8
input3, 124.24, 13.6, 1.8
FILLER_0_277, 137.04, 13.6, 1.8
FILLER_1_273, 137.04, 13.6, 1.8
FILLER_2_295, 137.04, 13.6, 1.8
_1836_, 137.04, 13.6, 1.8
_1950_, 137.04, 13.6, 1.8
FILLER_0_305, 149.84, 13.6, 1.8
input2, 149.84, 13.6, 1.8
FILLER_0_329, 162.64, 13.6, 1.8
FILLER_1_329, 162.64, 13.6, 1.8
input1, 162.64, 13.6, 1.8

