OpenROAD v2.0-3074-g944855835 
This program is licensed under the BSD-3 license. See the LICENSE file for details.
Components of this program may be licensed under more restrictive licenses which must be honored.
[INFO ODB-0222] Reading LEF file: /foss/designs/ma2022/fll_2/runs/RUN_2022.10.07_08.59.13/tmp/merged_unpadded.lef
[INFO ODB-0223]     Created 13 technology layers
[INFO ODB-0224]     Created 25 technology vias
[INFO ODB-0225]     Created 441 library cells
[INFO ODB-0226] Finished LEF file:  /foss/designs/ma2022/fll_2/runs/RUN_2022.10.07_08.59.13/tmp/merged_unpadded.lef
[WARNING ORD-1011] LEF master sky130_fd_sc_hd__inv_2 has no liberty cell.
[WARNING ORD-1011] LEF master sky130_fd_sc_hd__a22o_2 has no liberty cell.
[WARNING ORD-1011] LEF master sky130_fd_sc_hd__a221o_2 has no liberty cell.
[WARNING ORD-1011] LEF master sky130_fd_sc_hd__nand2_2 has no liberty cell.
[WARNING ORD-1011] LEF master sky130_fd_sc_hd__o221a_2 has no liberty cell.
[WARNING ORD-1011] LEF master sky130_fd_sc_hd__o22a_2 has no liberty cell.
[WARNING ORD-1011] LEF master sky130_fd_sc_hd__xnor2_2 has no liberty cell.
[WARNING ORD-1011] LEF master sky130_fd_sc_hd__a221oi_2 has no liberty cell.
[WARNING ORD-1011] LEF master sky130_fd_sc_hd__o2111a_2 has no liberty cell.
[WARNING ORD-1011] LEF master sky130_fd_sc_hd__and3b_2 has no liberty cell.
[WARNING ORD-1011] LEF master sky130_fd_sc_hd__buf_1 has no liberty cell.
[WARNING ORD-1011] LEF master sky130_fd_sc_hd__and2_2 has no liberty cell.
[WARNING ORD-1011] LEF master sky130_fd_sc_hd__or2b_2 has no liberty cell.
[WARNING ORD-1011] LEF master sky130_fd_sc_hd__o21ba_2 has no liberty cell.
[WARNING ORD-1011] LEF master sky130_fd_sc_hd__o21a_2 has no liberty cell.
[WARNING ORD-1011] LEF master sky130_fd_sc_hd__a21o_2 has no liberty cell.
[WARNING ORD-1011] LEF master sky130_fd_sc_hd__or4bb_2 has no liberty cell.
[WARNING ORD-1011] LEF master sky130_fd_sc_hd__a211o_2 has no liberty cell.
[WARNING ORD-1011] LEF master sky130_fd_sc_hd__a21oi_2 has no liberty cell.
[WARNING ORD-1011] LEF master sky130_fd_sc_hd__o2bb2a_2 has no liberty cell.
[WARNING ORD-1011] LEF master sky130_fd_sc_hd__or2_2 has no liberty cell.
[WARNING ORD-1011] LEF master sky130_fd_sc_hd__o21ai_2 has no liberty cell.
[WARNING ORD-1011] LEF master sky130_fd_sc_hd__o31a_2 has no liberty cell.
[WARNING ORD-1011] LEF master sky130_fd_sc_hd__nor2_2 has no liberty cell.
[WARNING ORD-1011] LEF master sky130_fd_sc_hd__o311a_2 has no liberty cell.
[WARNING ORD-1011] LEF master sky130_fd_sc_hd__xor2_2 has no liberty cell.
[WARNING ORD-1011] LEF master sky130_fd_sc_hd__nand3b_2 has no liberty cell.
[WARNING ORD-1011] LEF master sky130_fd_sc_hd__or3_2 has no liberty cell.
[WARNING ORD-1011] LEF master sky130_fd_sc_hd__a2bb2o_2 has no liberty cell.
[WARNING ORD-1011] LEF master sky130_fd_sc_hd__and4_2 has no liberty cell.
[WARNING ORD-1011] LEF master sky130_fd_sc_hd__or4b_2 has no liberty cell.
[WARNING ORD-1011] LEF master sky130_fd_sc_hd__nor4_2 has no liberty cell.
[WARNING ORD-1011] LEF master sky130_fd_sc_hd__mux2_2 has no liberty cell.
[WARNING ORD-1011] LEF master sky130_fd_sc_hd__and2b_2 has no liberty cell.
[WARNING ORD-1011] LEF master sky130_fd_sc_hd__o211a_2 has no liberty cell.
[WARNING ORD-1011] LEF master sky130_fd_sc_hd__and3_2 has no liberty cell.
[WARNING ORD-1011] LEF master sky130_fd_sc_hd__dfxtp_2 has no liberty cell.
[WARNING ORD-1011] LEF master sky130_fd_sc_hd__dfrtp_2 has no liberty cell.
[WARNING ORD-1011] LEF master sky130_fd_sc_hd__dfstp_2 has no liberty cell.
[WARNING STA-0163] /foss/pdk/sky130A/libs.ref/sky130_fd_sc_hd/lib/sky130_fd_sc_hd__tt_025C_1v80.lib line 23, default_fanout_load is 0.0.
if {[info exists ::env(CLOCK_PORT)] && $::env(CLOCK_PORT) != ""} { 
    create_clock [get_ports $::env(CLOCK_PORT)]  -name $::env(CLOCK_PORT)  -period $::env(CLOCK_PERIOD)
} else {
    create_clock -name __VIRTUAL_CLK__ -period $::env(CLOCK_PERIOD)
    set ::env(CLOCK_PORT) __VIRTUAL_CLK__
}
set input_delay_value [expr $::env(CLOCK_PERIOD) * $::env(IO_PCT)]
set output_delay_value [expr $::env(CLOCK_PERIOD) * $::env(IO_PCT)]
puts "\[INFO\]: Setting output delay to: $output_delay_value"
[INFO]: Setting output delay to: 8.0
puts "\[INFO\]: Setting input delay to: $input_delay_value"
[INFO]: Setting input delay to: 8.0
set_max_fanout $::env(SYNTH_MAX_FANOUT) [current_design]
set clk_indx [lsearch [all_inputs] [get_port $::env(CLOCK_PORT)]]
#set rst_indx [lsearch [all_inputs] [get_port resetn]]
set all_inputs_wo_clk [lreplace [all_inputs] $clk_indx $clk_indx]
#set all_inputs_wo_clk_rst [lreplace $all_inputs_wo_clk $rst_indx $rst_indx]
set all_inputs_wo_clk_rst $all_inputs_wo_clk
# correct resetn
set_input_delay $input_delay_value  -clock [get_clocks $::env(CLOCK_PORT)] $all_inputs_wo_clk_rst
#set_input_delay 0.0 -clock [get_clocks $::env(CLOCK_PORT)] {resetn}
set_output_delay $output_delay_value  -clock [get_clocks $::env(CLOCK_PORT)] [all_outputs]
# TODO set this as parameter
set_driving_cell -lib_cell $::env(SYNTH_DRIVING_CELL) -pin $::env(SYNTH_DRIVING_CELL_PIN) [all_inputs]
set cap_load [expr $::env(SYNTH_CAP_LOAD) / 1000.0]
puts "\[INFO\]: Setting load to: $cap_load"
[INFO]: Setting load to: 0.033442
set_load  $cap_load [all_outputs]
puts "\[INFO\]: Setting clock uncertainity to: $::env(SYNTH_CLOCK_UNCERTAINITY)"
[INFO]: Setting clock uncertainity to: 0.25
set_clock_uncertainty $::env(SYNTH_CLOCK_UNCERTAINITY) [get_clocks $::env(CLOCK_PORT)]
puts "\[INFO\]: Setting clock transition to: $::env(SYNTH_CLOCK_TRANSITION)"
[INFO]: Setting clock transition to: 0.15
set_clock_transition $::env(SYNTH_CLOCK_TRANSITION) [get_clocks $::env(CLOCK_PORT)]
puts "\[INFO\]: Setting timing derate to: [expr {$::env(SYNTH_TIMING_DERATE) * 10}] %"
[INFO]: Setting timing derate to: 0.5 %
set_timing_derate -early [expr {1-$::env(SYNTH_TIMING_DERATE)}]
set_timing_derate -late [expr {1+$::env(SYNTH_TIMING_DERATE)}]
min_report

===========================================================================
report_checks -path_delay min (Hold)
============================================================================
Startpoint: _602_ (rising edge-triggered flip-flop clocked by clk)
Endpoint: _602_ (rising edge-triggered flip-flop clocked by clk)
Path Group: clk
Path Type: min

Fanout     Cap    Slew   Delay    Time   Description
-----------------------------------------------------------------------------
                  0.15    0.00    0.00   clock clk (rise edge)
                          0.00    0.00   clock network delay (ideal)
                  0.15    0.00    0.00 ^ _602_/CLK (sky130_fd_sc_hd__dfrtp_2)
                  0.11    0.41    0.41 ^ _602_/Q (sky130_fd_sc_hd__dfrtp_2)
     4    0.02                           fll_core.counter1.count[0] (net)
                  0.12    0.01    0.42 ^ _324_/A (sky130_fd_sc_hd__inv_2)
                  0.04    0.05    0.47 v _324_/Y (sky130_fd_sc_hd__inv_2)
     4    0.01                           _001_ (net)
                  0.04    0.00    0.47 v _602_/D (sky130_fd_sc_hd__dfrtp_2)
                                  0.47   data arrival time

                  0.15    0.00    0.00   clock clk (rise edge)
                          0.00    0.00   clock network delay (ideal)
                          0.25    0.25   clock uncertainty
                          0.00    0.25   clock reconvergence pessimism
                                  0.25 ^ _602_/CLK (sky130_fd_sc_hd__dfrtp_2)
                         -0.02    0.23   library hold time
                                  0.23   data required time
-----------------------------------------------------------------------------
                                  0.23   data required time
                                 -0.47   data arrival time
-----------------------------------------------------------------------------
                                  0.24   slack (MET)


Startpoint: _602_ (rising edge-triggered flip-flop clocked by clk)
Endpoint: _603_ (rising edge-triggered flip-flop clocked by clk)
Path Group: clk
Path Type: min

Fanout     Cap    Slew   Delay    Time   Description
-----------------------------------------------------------------------------
                  0.15    0.00    0.00   clock clk (rise edge)
                          0.00    0.00   clock network delay (ideal)
                  0.15    0.00    0.00 ^ _602_/CLK (sky130_fd_sc_hd__dfrtp_2)
                  0.11    0.41    0.41 ^ _602_/Q (sky130_fd_sc_hd__dfrtp_2)
     4    0.02                           fll_core.counter1.count[0] (net)
                  0.12    0.01    0.42 ^ _458_/B (sky130_fd_sc_hd__xor2_2)
                  0.03    0.06    0.49 v _458_/X (sky130_fd_sc_hd__xor2_2)
     1    0.00                           _002_ (net)
                  0.03    0.00    0.49 v _603_/D (sky130_fd_sc_hd__dfrtp_2)
                                  0.49   data arrival time

                  0.15    0.00    0.00   clock clk (rise edge)
                          0.00    0.00   clock network delay (ideal)
                          0.25    0.25   clock uncertainty
                          0.00    0.25   clock reconvergence pessimism
                                  0.25 ^ _603_/CLK (sky130_fd_sc_hd__dfrtp_2)
                         -0.01    0.24   library hold time
                                  0.24   data required time
-----------------------------------------------------------------------------
                                  0.24   data required time
                                 -0.49   data arrival time
-----------------------------------------------------------------------------
                                  0.25   slack (MET)


Startpoint: _604_ (rising edge-triggered flip-flop clocked by clk)
Endpoint: _604_ (rising edge-triggered flip-flop clocked by clk)
Path Group: clk
Path Type: min

Fanout     Cap    Slew   Delay    Time   Description
-----------------------------------------------------------------------------
                  0.15    0.00    0.00   clock clk (rise edge)
                          0.00    0.00   clock network delay (ideal)
                  0.15    0.00    0.00 ^ _604_/CLK (sky130_fd_sc_hd__dfrtp_2)
                  0.08    0.38    0.38 ^ _604_/Q (sky130_fd_sc_hd__dfrtp_2)
     3    0.01                           fll_core.counter1.count[2] (net)
                  0.08    0.01    0.39 ^ _460_/B1 (sky130_fd_sc_hd__a21oi_2)
                  0.03    0.04    0.43 v _460_/Y (sky130_fd_sc_hd__a21oi_2)
     1    0.00                           _247_ (net)
                  0.03    0.01    0.43 v _461_/B (sky130_fd_sc_hd__nor2_2)
                  0.06    0.06    0.49 ^ _461_/Y (sky130_fd_sc_hd__nor2_2)
     1    0.00                           _003_ (net)
                  0.06    0.00    0.49 ^ _604_/D (sky130_fd_sc_hd__dfrtp_2)
                                  0.49   data arrival time

                  0.15    0.00    0.00   clock clk (rise edge)
                          0.00    0.00   clock network delay (ideal)
                          0.25    0.25   clock uncertainty
                          0.00    0.25   clock reconvergence pessimism
                                  0.25 ^ _604_/CLK (sky130_fd_sc_hd__dfrtp_2)
                         -0.02    0.23   library hold time
                                  0.23   data required time
-----------------------------------------------------------------------------
                                  0.23   data required time
                                 -0.49   data arrival time
-----------------------------------------------------------------------------
                                  0.27   slack (MET)


Startpoint: _607_ (rising edge-triggered flip-flop clocked by clk)
Endpoint: _607_ (rising edge-triggered flip-flop clocked by clk)
Path Group: clk
Path Type: min

Fanout     Cap    Slew   Delay    Time   Description
-----------------------------------------------------------------------------
                  0.15    0.00    0.00   clock clk (rise edge)
                          0.00    0.00   clock network delay (ideal)
                  0.15    0.00    0.00 ^ _607_/CLK (sky130_fd_sc_hd__dfrtp_2)
                  0.08    0.38    0.38 ^ _607_/Q (sky130_fd_sc_hd__dfrtp_2)
     3    0.01                           fll_core.counter1.count[5] (net)
                  0.08    0.01    0.39 ^ _467_/B1 (sky130_fd_sc_hd__a21oi_2)
                  0.03    0.04    0.43 v _467_/Y (sky130_fd_sc_hd__a21oi_2)
     1    0.00                           _251_ (net)
                  0.03    0.01    0.43 v _468_/B (sky130_fd_sc_hd__nor2_2)
                  0.06    0.06    0.49 ^ _468_/Y (sky130_fd_sc_hd__nor2_2)
     1    0.00                           _006_ (net)
                  0.06    0.00    0.49 ^ _607_/D (sky130_fd_sc_hd__dfrtp_2)
                                  0.49   data arrival time

                  0.15    0.00    0.00   clock clk (rise edge)
                          0.00    0.00   clock network delay (ideal)
                          0.25    0.25   clock uncertainty
                          0.00    0.25   clock reconvergence pessimism
                                  0.25 ^ _607_/CLK (sky130_fd_sc_hd__dfrtp_2)
                         -0.02    0.23   library hold time
                                  0.23   data required time
-----------------------------------------------------------------------------
                                  0.23   data required time
                                 -0.49   data arrival time
-----------------------------------------------------------------------------
                                  0.27   slack (MET)


Startpoint: _610_ (rising edge-triggered flip-flop clocked by clk)
Endpoint: _610_ (rising edge-triggered flip-flop clocked by clk)
Path Group: clk
Path Type: min

Fanout     Cap    Slew   Delay    Time   Description
-----------------------------------------------------------------------------
                  0.15    0.00    0.00   clock clk (rise edge)
                          0.00    0.00   clock network delay (ideal)
                  0.15    0.00    0.00 ^ _610_/CLK (sky130_fd_sc_hd__dfrtp_2)
                  0.08    0.38    0.38 ^ _610_/Q (sky130_fd_sc_hd__dfrtp_2)
     3    0.01                           fll_core.counter1.count[8] (net)
                  0.08    0.01    0.39 ^ _474_/B1 (sky130_fd_sc_hd__a21oi_2)
                  0.03    0.04    0.43 v _474_/Y (sky130_fd_sc_hd__a21oi_2)
     1    0.00                           _255_ (net)
                  0.03    0.01    0.43 v _475_/B (sky130_fd_sc_hd__nor2_2)
                  0.06    0.06    0.49 ^ _475_/Y (sky130_fd_sc_hd__nor2_2)
     1    0.00                           _009_ (net)
                  0.06    0.00    0.49 ^ _610_/D (sky130_fd_sc_hd__dfrtp_2)
                                  0.49   data arrival time

                  0.15    0.00    0.00   clock clk (rise edge)
                          0.00    0.00   clock network delay (ideal)
                          0.25    0.25   clock uncertainty
                          0.00    0.25   clock reconvergence pessimism
                                  0.25 ^ _610_/CLK (sky130_fd_sc_hd__dfrtp_2)
                         -0.02    0.23   library hold time
                                  0.23   data required time
-----------------------------------------------------------------------------
                                  0.23   data required time
                                 -0.49   data arrival time
-----------------------------------------------------------------------------
                                  0.27   slack (MET)


min_report_end
max_report

===========================================================================
report_checks -path_delay max (Setup)
============================================================================
Startpoint: _636_ (rising edge-triggered flip-flop)
Endpoint: pwm (output port clocked by clk)
Path Group: clk
Path Type: max

Fanout     Cap    Slew   Delay    Time   Description
-----------------------------------------------------------------------------
                  0.33    0.00    0.00 ^ _636_/CLK (sky130_fd_sc_hd__dfrtp_2)
                  0.11    0.51    0.51 ^ _636_/Q (sky130_fd_sc_hd__dfrtp_2)
     4    0.02                           pwm_module.count[1] (net)
                  0.11    0.01    0.52 ^ _447_/A (sky130_fd_sc_hd__inv_2)
                  0.03    0.05    0.56 v _447_/Y (sky130_fd_sc_hd__inv_2)
     2    0.00                           _236_ (net)
                  0.03    0.00    0.56 v _448_/A2 (sky130_fd_sc_hd__o211a_2)
                  0.04    0.23    0.80 v _448_/X (sky130_fd_sc_hd__o211a_2)
     1    0.00                           _237_ (net)
                  0.04    0.00    0.80 v _449_/C1 (sky130_fd_sc_hd__a221o_2)
                  0.05    0.30    1.10 v _449_/X (sky130_fd_sc_hd__a221o_2)
     1    0.00                           _238_ (net)
                  0.05    0.00    1.11 v _450_/C1 (sky130_fd_sc_hd__o221a_2)
                  0.04    0.12    1.23 v _450_/X (sky130_fd_sc_hd__o221a_2)
     1    0.00                           _239_ (net)
                  0.04    0.00    1.24 v _451_/C1 (sky130_fd_sc_hd__a221o_2)
                  0.05    0.30    1.54 v _451_/X (sky130_fd_sc_hd__a221o_2)
     1    0.00                           _240_ (net)
                  0.05    0.00    1.54 v _452_/C1 (sky130_fd_sc_hd__o221a_2)
                  0.04    0.12    1.67 v _452_/X (sky130_fd_sc_hd__o221a_2)
     1    0.00                           _241_ (net)
                  0.04    0.00    1.67 v _453_/C1 (sky130_fd_sc_hd__a221o_2)
                  0.05    0.30    1.97 v _453_/X (sky130_fd_sc_hd__a221o_2)
     1    0.00                           _242_ (net)
                  0.05    0.00    1.98 v _454_/C1 (sky130_fd_sc_hd__o221a_2)
                  0.04    0.12    2.10 v _454_/X (sky130_fd_sc_hd__o221a_2)
     1    0.00                           _243_ (net)
                  0.04    0.00    2.10 v _455_/C1 (sky130_fd_sc_hd__a221o_2)
                  0.05    0.30    2.41 v _455_/X (sky130_fd_sc_hd__a221o_2)
     1    0.00                           _244_ (net)
                  0.05    0.00    2.41 v _456_/C1 (sky130_fd_sc_hd__o221a_2)
                  0.04    0.12    2.53 v _456_/X (sky130_fd_sc_hd__o221a_2)
     1    0.00                           _245_ (net)
                  0.04    0.00    2.54 v _457_/B1 (sky130_fd_sc_hd__a21o_2)
                  0.13    0.26    2.80 v _457_/X (sky130_fd_sc_hd__a21o_2)
     1    0.03                           pwm (net)
                  0.13    0.00    2.80 v pwm (out)
                                  2.80   data arrival time

                  0.15   40.00   40.00   clock clk (rise edge)
                          0.00   40.00   clock network delay (ideal)
                         -0.25   39.75   clock uncertainty
                          0.00   39.75   clock reconvergence pessimism
                         -8.00   31.75   output external delay
                                 31.75   data required time
-----------------------------------------------------------------------------
                                 31.75   data required time
                                 -2.80   data arrival time
-----------------------------------------------------------------------------
                                 28.95   slack (MET)


Startpoint: _623_ (rising edge-triggered flip-flop)
Endpoint: lock (output port clocked by clk)
Path Group: clk
Path Type: max

Fanout     Cap    Slew   Delay    Time   Description
-----------------------------------------------------------------------------
                  0.33    0.00    0.00 ^ _623_/CLK (sky130_fd_sc_hd__dfrtp_2)
                  0.13    0.56    0.56 v _623_/Q (sky130_fd_sc_hd__dfrtp_2)
     2    0.04                           lock (net)
                  0.13    0.00    0.56 v lock (out)
                                  0.56   data arrival time

                  0.15   40.00   40.00   clock clk (rise edge)
                          0.00   40.00   clock network delay (ideal)
                         -0.25   39.75   clock uncertainty
                          0.00   39.75   clock reconvergence pessimism
                         -8.00   31.75   output external delay
                                 31.75   data required time
-----------------------------------------------------------------------------
                                 31.75   data required time
                                 -0.56   data arrival time
-----------------------------------------------------------------------------
                                 31.19   slack (MET)


Startpoint: _589_ (rising edge-triggered flip-flop)
Endpoint: corner[0] (output port clocked by clk)
Path Group: clk
Path Type: max

Fanout     Cap    Slew   Delay    Time   Description
-----------------------------------------------------------------------------
                  0.33    0.00    0.00 ^ _589_/CLK (sky130_fd_sc_hd__dfxtp_2)
                  0.19    0.50    0.50 ^ _589_/Q (sky130_fd_sc_hd__dfxtp_2)
     2    0.04                           corner[0] (net)
                  0.19    0.00    0.50 ^ corner[0] (out)
                                  0.50   data arrival time

                  0.15   40.00   40.00   clock clk (rise edge)
                          0.00   40.00   clock network delay (ideal)
                         -0.25   39.75   clock uncertainty
                          0.00   39.75   clock reconvergence pessimism
                         -8.00   31.75   output external delay
                                 31.75   data required time
-----------------------------------------------------------------------------
                                 31.75   data required time
                                 -0.50   data arrival time
-----------------------------------------------------------------------------
                                 31.25   slack (MET)


Startpoint: _591_ (rising edge-triggered flip-flop)
Endpoint: corner[2] (output port clocked by clk)
Path Group: clk
Path Type: max

Fanout     Cap    Slew   Delay    Time   Description
-----------------------------------------------------------------------------
                  0.33    0.00    0.00 ^ _591_/CLK (sky130_fd_sc_hd__dfxtp_2)
                  0.19    0.50    0.50 ^ _591_/Q (sky130_fd_sc_hd__dfxtp_2)
     2    0.04                           corner[2] (net)
                  0.19    0.00    0.50 ^ corner[2] (out)
                                  0.50   data arrival time

                  0.15   40.00   40.00   clock clk (rise edge)
                          0.00   40.00   clock network delay (ideal)
                         -0.25   39.75   clock uncertainty
                          0.00   39.75   clock reconvergence pessimism
                         -8.00   31.75   output external delay
                                 31.75   data required time
-----------------------------------------------------------------------------
                                 31.75   data required time
                                 -0.50   data arrival time
-----------------------------------------------------------------------------
                                 31.25   slack (MET)


Startpoint: _590_ (rising edge-triggered flip-flop)
Endpoint: corner[1] (output port clocked by clk)
Path Group: clk
Path Type: max

Fanout     Cap    Slew   Delay    Time   Description
-----------------------------------------------------------------------------
                  0.33    0.00    0.00 ^ _590_/CLK (sky130_fd_sc_hd__dfxtp_2)
                  0.19    0.50    0.50 ^ _590_/Q (sky130_fd_sc_hd__dfxtp_2)
     2    0.04                           corner[1] (net)
                  0.19    0.00    0.50 ^ corner[1] (out)
                                  0.50   data arrival time

                  0.15   40.00   40.00   clock clk (rise edge)
                          0.00   40.00   clock network delay (ideal)
                         -0.25   39.75   clock uncertainty
                          0.00   39.75   clock reconvergence pessimism
                         -8.00   31.75   output external delay
                                 31.75   data required time
-----------------------------------------------------------------------------
                                 31.75   data required time
                                 -0.50   data arrival time
-----------------------------------------------------------------------------
                                 31.25   slack (MET)


max_report_end
check_report

===========================================================================
report_checks -unconstrained
============================================================================
Startpoint: _636_ (rising edge-triggered flip-flop)
Endpoint: pwm (output port clocked by clk)
Path Group: clk
Path Type: max

Fanout     Cap    Slew   Delay    Time   Description
-----------------------------------------------------------------------------
                  0.33    0.00    0.00 ^ _636_/CLK (sky130_fd_sc_hd__dfrtp_2)
                  0.11    0.51    0.51 ^ _636_/Q (sky130_fd_sc_hd__dfrtp_2)
     4    0.02                           pwm_module.count[1] (net)
                  0.11    0.01    0.52 ^ _447_/A (sky130_fd_sc_hd__inv_2)
                  0.03    0.05    0.56 v _447_/Y (sky130_fd_sc_hd__inv_2)
     2    0.00                           _236_ (net)
                  0.03    0.00    0.56 v _448_/A2 (sky130_fd_sc_hd__o211a_2)
                  0.04    0.23    0.80 v _448_/X (sky130_fd_sc_hd__o211a_2)
     1    0.00                           _237_ (net)
                  0.04    0.00    0.80 v _449_/C1 (sky130_fd_sc_hd__a221o_2)
                  0.05    0.30    1.10 v _449_/X (sky130_fd_sc_hd__a221o_2)
     1    0.00                           _238_ (net)
                  0.05    0.00    1.11 v _450_/C1 (sky130_fd_sc_hd__o221a_2)
                  0.04    0.12    1.23 v _450_/X (sky130_fd_sc_hd__o221a_2)
     1    0.00                           _239_ (net)
                  0.04    0.00    1.24 v _451_/C1 (sky130_fd_sc_hd__a221o_2)
                  0.05    0.30    1.54 v _451_/X (sky130_fd_sc_hd__a221o_2)
     1    0.00                           _240_ (net)
                  0.05    0.00    1.54 v _452_/C1 (sky130_fd_sc_hd__o221a_2)
                  0.04    0.12    1.67 v _452_/X (sky130_fd_sc_hd__o221a_2)
     1    0.00                           _241_ (net)
                  0.04    0.00    1.67 v _453_/C1 (sky130_fd_sc_hd__a221o_2)
                  0.05    0.30    1.97 v _453_/X (sky130_fd_sc_hd__a221o_2)
     1    0.00                           _242_ (net)
                  0.05    0.00    1.98 v _454_/C1 (sky130_fd_sc_hd__o221a_2)
                  0.04    0.12    2.10 v _454_/X (sky130_fd_sc_hd__o221a_2)
     1    0.00                           _243_ (net)
                  0.04    0.00    2.10 v _455_/C1 (sky130_fd_sc_hd__a221o_2)
                  0.05    0.30    2.41 v _455_/X (sky130_fd_sc_hd__a221o_2)
     1    0.00                           _244_ (net)
                  0.05    0.00    2.41 v _456_/C1 (sky130_fd_sc_hd__o221a_2)
                  0.04    0.12    2.53 v _456_/X (sky130_fd_sc_hd__o221a_2)
     1    0.00                           _245_ (net)
                  0.04    0.00    2.54 v _457_/B1 (sky130_fd_sc_hd__a21o_2)
                  0.13    0.26    2.80 v _457_/X (sky130_fd_sc_hd__a21o_2)
     1    0.03                           pwm (net)
                  0.13    0.00    2.80 v pwm (out)
                                  2.80   data arrival time

                  0.15   40.00   40.00   clock clk (rise edge)
                          0.00   40.00   clock network delay (ideal)
                         -0.25   39.75   clock uncertainty
                          0.00   39.75   clock reconvergence pessimism
                         -8.00   31.75   output external delay
                                 31.75   data required time
-----------------------------------------------------------------------------
                                 31.75   data required time
                                 -2.80   data arrival time
-----------------------------------------------------------------------------
                                 28.95   slack (MET)



===========================================================================
report_checks --slack_max -0.01
============================================================================
No paths found.
check_report_end
check_slew

===========================================================================
 report_check_types -max_slew -max_cap -max_fanout -violators
============================================================================

===========================================================================
max slew violation count 0
max fanout violation count 0
max cap violation count 0
============================================================================
check_slew_end
tns_report

===========================================================================
 report_tns
============================================================================
tns 0.00
tns_report_end
wns_report

===========================================================================
 report_wns
============================================================================
wns 0.00
wns_report_end
worst_slack

===========================================================================
 report_worst_slack -max (Setup)
============================================================================
worst slack 28.95

===========================================================================
 report_worst_slack -min (Hold)
============================================================================
worst slack 0.24
worst_slack_end
clock_skew

===========================================================================
 report_clock_skew
============================================================================
Clock clk
Latency      CRPR       Skew
_622_/CLK ^
   8.24
_602_/CLK ^
   0.06      0.00       8.17

clock_skew_end
power_report

===========================================================================
 report_power
============================================================================
Group                  Internal  Switching    Leakage      Total
                          Power      Power      Power      Power (Watts)
----------------------------------------------------------------
Sequential             1.47e-05   3.48e-06   4.49e-10   1.81e-05  46.0%
Combinational          1.21e-05   9.11e-06   1.05e-09   2.13e-05  54.0%
Macro                  0.00e+00   0.00e+00   0.00e+00   0.00e+00   0.0%
Pad                    0.00e+00   0.00e+00   0.00e+00   0.00e+00   0.0%
----------------------------------------------------------------
Total                  2.68e-05   1.26e-05   1.50e-09   3.94e-05 100.0%
                          68.0%      32.0%       0.0%
power_report_end
area_report

===========================================================================
 report_design_area
============================================================================
Design area 3662 u^2 100% utilization.
area_report_end
