OpenROAD v2.0-3074-g944855835 
This program is licensed under the BSD-3 license. See the LICENSE file for details.
Components of this program may be licensed under more restrictive licenses which must be honored.
[WARNING STA-0163] /foss/pdk/sky130A/libs.ref/sky130_fd_sc_hd/lib/sky130_fd_sc_hd__tt_025C_1v80.lib line 23, default_fanout_load is 0.0.
[INFO ODB-0222] Reading LEF file: /foss/designs/ma2022/fll_2/runs/RUN_2022.11.02_10.22.32/tmp/merged_unpadded.lef
[INFO ODB-0223]     Created 13 technology layers
[INFO ODB-0224]     Created 25 technology vias
[INFO ODB-0225]     Created 441 library cells
[INFO ODB-0226] Finished LEF file:  /foss/designs/ma2022/fll_2/runs/RUN_2022.11.02_10.22.32/tmp/merged_unpadded.lef
[WARNING ORD-0033] -order_wires is deprecated.
[INFO ODB-0127] Reading DEF file: /foss/designs/ma2022/fll_2/runs/RUN_2022.11.02_10.22.32/results/routing/fll_wrapper_2.def
[INFO ODB-0128] Design: fll_wrapper_2
[INFO ODB-0130]     Created 70 pins.
[INFO ODB-0131]     Created 1247 components and 5988 component-terminals.
[INFO ODB-0132]     Created 2 special nets and 4778 connections.
[INFO ODB-0133]     Created 454 nets and 1210 connections.
[INFO ODB-0134] Finished DEF file: /foss/designs/ma2022/fll_2/runs/RUN_2022.11.02_10.22.32/results/routing/fll_wrapper_2.def
[INFO]: Setting RC values...
[INFO RCX-0431] Defined process_corner X with ext_model_index 0
[INFO RCX-0029] Defined extraction corner X
[INFO RCX-0008] extracting parasitics of fll_wrapper_2 ...
Notice 0: Split top of 82 T shapes.
[INFO RCX-0435] Reading extraction model file /foss/pdk/sky130A/libs.tech/openlane/rcx_rules.info ...
[INFO RCX-0436] RC segment generation fll_wrapper_2 (max_merge_res 50.0) ...
[INFO RCX-0040] Final 1301 rc segments
[INFO RCX-0439] Coupling Cap extraction fll_wrapper_2 ...
[INFO RCX-0440] Coupling threshhold is 0.1000 fF, coupling capacitance less than 0.1000 fF will be grounded.
[INFO RCX-0043] 2511 wires to be extracted
[INFO RCX-0442] 51% completion -- 1295 wires have been extracted
[INFO RCX-0442] 100% completion -- 2511 wires have been extracted
[INFO RCX-0045] Extract 454 nets, 1755 rsegs, 1755 caps, 2860 ccs
[INFO RCX-0015] Finished extracting fll_wrapper_2.
[INFO RCX-0016] Writing SPEF ...
[INFO RCX-0443] 454 nets finished
[INFO RCX-0017] Finished writing SPEF ...
