
===========================================================================
report_checks -path_delay min (Hold)
============================================================================
Startpoint: reset (input port clocked by clk)
Endpoint: _1814_ (removal check against rising-edge clock clk)
Path Group: **async_default**
Path Type: min

Fanout     Cap    Slew   Delay    Time   Description
-----------------------------------------------------------------------------
                          0.00    0.00   clock clk (rise edge)
                          0.00    0.00   clock network delay (propagated)
                         20.00   20.00 v input external delay
                  0.02    0.01   20.01 v reset (in)
     1    0.01                           reset (net)
                  0.02    0.00   20.01 v input103/A (sky130_fd_sc_hd__buf_2)
                  0.08    0.15   20.16 v input103/X (sky130_fd_sc_hd__buf_2)
     4    0.03                           net103 (net)
                  0.08    0.00   20.16 v _1582_/A (sky130_fd_sc_hd__clkbuf_2)
                  0.09    0.16   20.33 v _1582_/X (sky130_fd_sc_hd__clkbuf_2)
     5    0.02                           _0599_ (net)
                  0.09    0.00   20.33 v _1607_/A (sky130_fd_sc_hd__buf_2)
                  0.08    0.18   20.51 v _1607_/X (sky130_fd_sc_hd__buf_2)
     5    0.03                           _0604_ (net)
                  0.08    0.00   20.51 v _1608_/A (sky130_fd_sc_hd__inv_2)
                  0.04    0.06   20.57 ^ _1608_/Y (sky130_fd_sc_hd__inv_2)
     1    0.00                           _0043_ (net)
                  0.04    0.00   20.57 ^ _1814_/RESET_B (sky130_fd_sc_hd__dfrtp_1)
                                 20.57   data arrival time

                          0.00    0.00   clock clk (rise edge)
                          0.00    0.00   clock source latency
                  0.12    0.09    0.09 ^ clk (in)
     1    0.03                           clk (net)
                  0.12    0.00    0.09 ^ clkbuf_0_clk/A (sky130_fd_sc_hd__clkbuf_16)
                  0.07    0.19    0.28 ^ clkbuf_0_clk/X (sky130_fd_sc_hd__clkbuf_16)
     8    0.05                           clknet_0_clk (net)
                  0.07    0.00    0.28 ^ clkbuf_3_2_0_clk/A (sky130_fd_sc_hd__clkbuf_2)
                  0.07    0.14    0.42 ^ clkbuf_3_2_0_clk/X (sky130_fd_sc_hd__clkbuf_2)
     2    0.01                           clknet_3_2_0_clk (net)
                  0.07    0.00    0.42 ^ clkbuf_4_5_0_clk/A (sky130_fd_sc_hd__clkbuf_2)
                  0.35    0.34    0.76 ^ clkbuf_4_5_0_clk/X (sky130_fd_sc_hd__clkbuf_2)
    18    0.06                           clknet_4_5_0_clk (net)
                  0.35    0.00    0.76 ^ _1814_/CLK (sky130_fd_sc_hd__dfrtp_1)
                          0.25    1.01   clock uncertainty
                          0.00    1.01   clock reconvergence pessimism
                          0.40    1.41   library removal time
                                  1.41   data required time
-----------------------------------------------------------------------------
                                  1.41   data required time
                                -20.57   data arrival time
-----------------------------------------------------------------------------
                                 19.16   slack (MET)


Startpoint: reset (input port clocked by clk)
Endpoint: _1815_ (removal check against rising-edge clock clk)
Path Group: **async_default**
Path Type: min

Fanout     Cap    Slew   Delay    Time   Description
-----------------------------------------------------------------------------
                          0.00    0.00   clock clk (rise edge)
                          0.00    0.00   clock network delay (propagated)
                         20.00   20.00 v input external delay
                  0.02    0.01   20.01 v reset (in)
     1    0.01                           reset (net)
                  0.02    0.00   20.01 v input103/A (sky130_fd_sc_hd__buf_2)
                  0.08    0.15   20.16 v input103/X (sky130_fd_sc_hd__buf_2)
     4    0.03                           net103 (net)
                  0.08    0.00   20.16 v _1582_/A (sky130_fd_sc_hd__clkbuf_2)
                  0.09    0.16   20.33 v _1582_/X (sky130_fd_sc_hd__clkbuf_2)
     5    0.02                           _0599_ (net)
                  0.09    0.00   20.33 v _1607_/A (sky130_fd_sc_hd__buf_2)
                  0.08    0.18   20.51 v _1607_/X (sky130_fd_sc_hd__buf_2)
     5    0.03                           _0604_ (net)
                  0.08    0.00   20.51 v _1609_/A (sky130_fd_sc_hd__inv_2)
                  0.04    0.06   20.57 ^ _1609_/Y (sky130_fd_sc_hd__inv_2)
     1    0.01                           _0044_ (net)
                  0.04    0.00   20.57 ^ _1815_/RESET_B (sky130_fd_sc_hd__dfrtp_1)
                                 20.57   data arrival time

                          0.00    0.00   clock clk (rise edge)
                          0.00    0.00   clock source latency
                  0.12    0.09    0.09 ^ clk (in)
     1    0.03                           clk (net)
                  0.12    0.00    0.09 ^ clkbuf_0_clk/A (sky130_fd_sc_hd__clkbuf_16)
                  0.07    0.19    0.28 ^ clkbuf_0_clk/X (sky130_fd_sc_hd__clkbuf_16)
     8    0.05                           clknet_0_clk (net)
                  0.07    0.00    0.28 ^ clkbuf_3_2_0_clk/A (sky130_fd_sc_hd__clkbuf_2)
                  0.07    0.14    0.42 ^ clkbuf_3_2_0_clk/X (sky130_fd_sc_hd__clkbuf_2)
     2    0.01                           clknet_3_2_0_clk (net)
                  0.07    0.00    0.42 ^ clkbuf_4_5_0_clk/A (sky130_fd_sc_hd__clkbuf_2)
                  0.35    0.34    0.76 ^ clkbuf_4_5_0_clk/X (sky130_fd_sc_hd__clkbuf_2)
    18    0.06                           clknet_4_5_0_clk (net)
                  0.35    0.00    0.76 ^ _1815_/CLK (sky130_fd_sc_hd__dfrtp_1)
                          0.25    1.01   clock uncertainty
                          0.00    1.01   clock reconvergence pessimism
                          0.40    1.41   library removal time
                                  1.41   data required time
-----------------------------------------------------------------------------
                                  1.41   data required time
                                -20.57   data arrival time
-----------------------------------------------------------------------------
                                 19.16   slack (MET)


Startpoint: reset (input port clocked by clk)
Endpoint: _1809_ (removal check against rising-edge clock clk)
Path Group: **async_default**
Path Type: min

Fanout     Cap    Slew   Delay    Time   Description
-----------------------------------------------------------------------------
                          0.00    0.00   clock clk (rise edge)
                          0.00    0.00   clock network delay (propagated)
                         20.00   20.00 v input external delay
                  0.02    0.01   20.01 v reset (in)
     1    0.01                           reset (net)
                  0.02    0.00   20.01 v input103/A (sky130_fd_sc_hd__buf_2)
                  0.08    0.15   20.16 v input103/X (sky130_fd_sc_hd__buf_2)
     4    0.03                           net103 (net)
                  0.08    0.00   20.16 v _1582_/A (sky130_fd_sc_hd__clkbuf_2)
                  0.09    0.16   20.33 v _1582_/X (sky130_fd_sc_hd__clkbuf_2)
     5    0.02                           _0599_ (net)
                  0.09    0.00   20.33 v _1601_/A (sky130_fd_sc_hd__buf_2)
                  0.09    0.19   20.51 v _1601_/X (sky130_fd_sc_hd__buf_2)
     5    0.03                           _0603_ (net)
                  0.09    0.00   20.51 v _1602_/A (sky130_fd_sc_hd__inv_2)
                  0.04    0.06   20.57 ^ _1602_/Y (sky130_fd_sc_hd__inv_2)
     1    0.00                           _0038_ (net)
                  0.04    0.00   20.57 ^ _1809_/RESET_B (sky130_fd_sc_hd__dfrtp_1)
                                 20.57   data arrival time

                          0.00    0.00   clock clk (rise edge)
                          0.00    0.00   clock source latency
                  0.12    0.09    0.09 ^ clk (in)
     1    0.03                           clk (net)
                  0.12    0.00    0.09 ^ clkbuf_0_clk/A (sky130_fd_sc_hd__clkbuf_16)
                  0.07    0.19    0.28 ^ clkbuf_0_clk/X (sky130_fd_sc_hd__clkbuf_16)
     8    0.05                           clknet_0_clk (net)
                  0.07    0.00    0.28 ^ clkbuf_3_2_0_clk/A (sky130_fd_sc_hd__clkbuf_2)
                  0.07    0.14    0.42 ^ clkbuf_3_2_0_clk/X (sky130_fd_sc_hd__clkbuf_2)
     2    0.01                           clknet_3_2_0_clk (net)
                  0.07    0.00    0.42 ^ clkbuf_4_5_0_clk/A (sky130_fd_sc_hd__clkbuf_2)
                  0.35    0.34    0.76 ^ clkbuf_4_5_0_clk/X (sky130_fd_sc_hd__clkbuf_2)
    18    0.06                           clknet_4_5_0_clk (net)
                  0.35    0.00    0.76 ^ _1809_/CLK (sky130_fd_sc_hd__dfrtp_1)
                          0.25    1.01   clock uncertainty
                          0.00    1.01   clock reconvergence pessimism
                          0.40    1.41   library removal time
                                  1.41   data required time
-----------------------------------------------------------------------------
                                  1.41   data required time
                                -20.57   data arrival time
-----------------------------------------------------------------------------
                                 19.16   slack (MET)


Startpoint: reset (input port clocked by clk)
Endpoint: _1816_ (removal check against rising-edge clock clk)
Path Group: **async_default**
Path Type: min

Fanout     Cap    Slew   Delay    Time   Description
-----------------------------------------------------------------------------
                          0.00    0.00   clock clk (rise edge)
                          0.00    0.00   clock network delay (propagated)
                         20.00   20.00 v input external delay
                  0.02    0.01   20.01 v reset (in)
     1    0.01                           reset (net)
                  0.02    0.00   20.01 v input103/A (sky130_fd_sc_hd__buf_2)
                  0.08    0.15   20.16 v input103/X (sky130_fd_sc_hd__buf_2)
     4    0.03                           net103 (net)
                  0.08    0.00   20.16 v _1582_/A (sky130_fd_sc_hd__clkbuf_2)
                  0.09    0.16   20.33 v _1582_/X (sky130_fd_sc_hd__clkbuf_2)
     5    0.02                           _0599_ (net)
                  0.09    0.00   20.33 v _1607_/A (sky130_fd_sc_hd__buf_2)
                  0.08    0.18   20.51 v _1607_/X (sky130_fd_sc_hd__buf_2)
     5    0.03                           _0604_ (net)
                  0.08    0.00   20.51 v _1610_/A (sky130_fd_sc_hd__inv_2)
                  0.04    0.06   20.58 ^ _1610_/Y (sky130_fd_sc_hd__inv_2)
     1    0.01                           _0045_ (net)
                  0.04    0.00   20.58 ^ _1816_/RESET_B (sky130_fd_sc_hd__dfrtp_1)
                                 20.58   data arrival time

                          0.00    0.00   clock clk (rise edge)
                          0.00    0.00   clock source latency
                  0.12    0.09    0.09 ^ clk (in)
     1    0.03                           clk (net)
                  0.12    0.00    0.09 ^ clkbuf_0_clk/A (sky130_fd_sc_hd__clkbuf_16)
                  0.07    0.19    0.28 ^ clkbuf_0_clk/X (sky130_fd_sc_hd__clkbuf_16)
     8    0.05                           clknet_0_clk (net)
                  0.07    0.00    0.28 ^ clkbuf_3_2_0_clk/A (sky130_fd_sc_hd__clkbuf_2)
                  0.07    0.14    0.42 ^ clkbuf_3_2_0_clk/X (sky130_fd_sc_hd__clkbuf_2)
     2    0.01                           clknet_3_2_0_clk (net)
                  0.07    0.00    0.42 ^ clkbuf_4_5_0_clk/A (sky130_fd_sc_hd__clkbuf_2)
                  0.35    0.34    0.76 ^ clkbuf_4_5_0_clk/X (sky130_fd_sc_hd__clkbuf_2)
    18    0.06                           clknet_4_5_0_clk (net)
                  0.35    0.00    0.76 ^ _1816_/CLK (sky130_fd_sc_hd__dfrtp_1)
                          0.25    1.01   clock uncertainty
                          0.00    1.01   clock reconvergence pessimism
                          0.40    1.41   library removal time
                                  1.41   data required time
-----------------------------------------------------------------------------
                                  1.41   data required time
                                -20.58   data arrival time
-----------------------------------------------------------------------------
                                 19.16   slack (MET)


Startpoint: reset (input port clocked by clk)
Endpoint: _1810_ (removal check against rising-edge clock clk)
Path Group: **async_default**
Path Type: min

Fanout     Cap    Slew   Delay    Time   Description
-----------------------------------------------------------------------------
                          0.00    0.00   clock clk (rise edge)
                          0.00    0.00   clock network delay (propagated)
                         20.00   20.00 v input external delay
                  0.02    0.01   20.01 v reset (in)
     1    0.01                           reset (net)
                  0.02    0.00   20.01 v input103/A (sky130_fd_sc_hd__buf_2)
                  0.08    0.15   20.16 v input103/X (sky130_fd_sc_hd__buf_2)
     4    0.03                           net103 (net)
                  0.08    0.00   20.16 v _1582_/A (sky130_fd_sc_hd__clkbuf_2)
                  0.09    0.16   20.33 v _1582_/X (sky130_fd_sc_hd__clkbuf_2)
     5    0.02                           _0599_ (net)
                  0.09    0.00   20.33 v _1601_/A (sky130_fd_sc_hd__buf_2)
                  0.09    0.19   20.51 v _1601_/X (sky130_fd_sc_hd__buf_2)
     5    0.03                           _0603_ (net)
                  0.09    0.00   20.51 v _1603_/A (sky130_fd_sc_hd__inv_2)
                  0.04    0.06   20.58 ^ _1603_/Y (sky130_fd_sc_hd__inv_2)
     1    0.01                           _0039_ (net)
                  0.04    0.00   20.58 ^ _1810_/RESET_B (sky130_fd_sc_hd__dfrtp_1)
                                 20.58   data arrival time

                          0.00    0.00   clock clk (rise edge)
                          0.00    0.00   clock source latency
                  0.12    0.09    0.09 ^ clk (in)
     1    0.03                           clk (net)
                  0.12    0.00    0.09 ^ clkbuf_0_clk/A (sky130_fd_sc_hd__clkbuf_16)
                  0.07    0.19    0.28 ^ clkbuf_0_clk/X (sky130_fd_sc_hd__clkbuf_16)
     8    0.05                           clknet_0_clk (net)
                  0.07    0.00    0.28 ^ clkbuf_3_2_0_clk/A (sky130_fd_sc_hd__clkbuf_2)
                  0.07    0.14    0.42 ^ clkbuf_3_2_0_clk/X (sky130_fd_sc_hd__clkbuf_2)
     2    0.01                           clknet_3_2_0_clk (net)
                  0.07    0.00    0.42 ^ clkbuf_4_5_0_clk/A (sky130_fd_sc_hd__clkbuf_2)
                  0.35    0.34    0.76 ^ clkbuf_4_5_0_clk/X (sky130_fd_sc_hd__clkbuf_2)
    18    0.06                           clknet_4_5_0_clk (net)
                  0.35    0.00    0.76 ^ _1810_/CLK (sky130_fd_sc_hd__dfrtp_1)
                          0.25    1.01   clock uncertainty
                          0.00    1.01   clock reconvergence pessimism
                          0.40    1.41   library removal time
                                  1.41   data required time
-----------------------------------------------------------------------------
                                  1.41   data required time
                                -20.58   data arrival time
-----------------------------------------------------------------------------
                                 19.16   slack (MET)


Startpoint: _1798_ (rising edge-triggered flip-flop clocked by clk)
Endpoint: _1698_ (rising edge-triggered flip-flop clocked by clk)
Path Group: clk
Path Type: min

Fanout     Cap    Slew   Delay    Time   Description
-----------------------------------------------------------------------------
                          0.00    0.00   clock clk (rise edge)
                          0.00    0.00   clock source latency
                  0.12    0.08    0.08 ^ clk (in)
     1    0.03                           clk (net)
                  0.12    0.00    0.08 ^ clkbuf_0_clk/A (sky130_fd_sc_hd__clkbuf_16)
                  0.07    0.17    0.25 ^ clkbuf_0_clk/X (sky130_fd_sc_hd__clkbuf_16)
     8    0.05                           clknet_0_clk (net)
                  0.07    0.00    0.25 ^ clkbuf_3_3_0_clk/A (sky130_fd_sc_hd__clkbuf_2)
                  0.06    0.12    0.38 ^ clkbuf_3_3_0_clk/X (sky130_fd_sc_hd__clkbuf_2)
     2    0.01                           clknet_3_3_0_clk (net)
                  0.06    0.00    0.38 ^ clkbuf_4_6_0_clk/A (sky130_fd_sc_hd__clkbuf_2)
                  0.18    0.19    0.57 ^ clkbuf_4_6_0_clk/X (sky130_fd_sc_hd__clkbuf_2)
     9    0.03                           clknet_4_6_0_clk (net)
                  0.18    0.00    0.57 ^ _1798_/CLK (sky130_fd_sc_hd__dfrtp_1)
                  0.10    0.39    0.96 ^ _1798_/Q (sky130_fd_sc_hd__dfrtp_1)
     3    0.01                           r_reg[54] (net)
                  0.10    0.00    0.96 ^ _1273_/A1 (sky130_fd_sc_hd__mux2_1)
                  0.06    0.14    1.10 ^ _1273_/X (sky130_fd_sc_hd__mux2_1)
     1    0.00                           _0495_ (net)
                  0.06    0.00    1.10 ^ _1274_/A (sky130_fd_sc_hd__clkbuf_1)
                  0.06    0.09    1.19 ^ _1274_/X (sky130_fd_sc_hd__clkbuf_1)
     1    0.00                           _0327_ (net)
                  0.06    0.00    1.19 ^ _1698_/D (sky130_fd_sc_hd__dfrtp_2)
                                  1.19   data arrival time

                          0.00    0.00   clock clk (rise edge)
                          0.00    0.00   clock source latency
                  0.12    0.09    0.09 ^ clk (in)
     1    0.03                           clk (net)
                  0.12    0.00    0.09 ^ clkbuf_0_clk/A (sky130_fd_sc_hd__clkbuf_16)
                  0.07    0.19    0.28 ^ clkbuf_0_clk/X (sky130_fd_sc_hd__clkbuf_16)
     8    0.05                           clknet_0_clk (net)
                  0.07    0.00    0.28 ^ clkbuf_3_3_0_clk/A (sky130_fd_sc_hd__clkbuf_2)
                  0.06    0.14    0.42 ^ clkbuf_3_3_0_clk/X (sky130_fd_sc_hd__clkbuf_2)
     2    0.01                           clknet_3_3_0_clk (net)
                  0.06    0.00    0.42 ^ clkbuf_4_7_0_clk/A (sky130_fd_sc_hd__clkbuf_2)
                  0.27    0.28    0.70 ^ clkbuf_4_7_0_clk/X (sky130_fd_sc_hd__clkbuf_2)
    12    0.05                           clknet_4_7_0_clk (net)
                  0.27    0.00    0.70 ^ _1698_/CLK (sky130_fd_sc_hd__dfrtp_2)
                          0.25    0.95   clock uncertainty
                         -0.04    0.91   clock reconvergence pessimism
                         -0.01    0.90   library hold time
                                  0.90   data required time
-----------------------------------------------------------------------------
                                  0.90   data required time
                                 -1.19   data arrival time
-----------------------------------------------------------------------------
                                  0.29   slack (MET)


Startpoint: _1818_ (rising edge-triggered flip-flop clocked by clk)
Endpoint: _1718_ (rising edge-triggered flip-flop clocked by clk)
Path Group: clk
Path Type: min

Fanout     Cap    Slew   Delay    Time   Description
-----------------------------------------------------------------------------
                          0.00    0.00   clock clk (rise edge)
                          0.00    0.00   clock source latency
                  0.12    0.08    0.08 ^ clk (in)
     1    0.03                           clk (net)
                  0.12    0.00    0.08 ^ clkbuf_0_clk/A (sky130_fd_sc_hd__clkbuf_16)
                  0.07    0.17    0.25 ^ clkbuf_0_clk/X (sky130_fd_sc_hd__clkbuf_16)
     8    0.05                           clknet_0_clk (net)
                  0.07    0.00    0.25 ^ clkbuf_3_2_0_clk/A (sky130_fd_sc_hd__clkbuf_2)
                  0.07    0.12    0.38 ^ clkbuf_3_2_0_clk/X (sky130_fd_sc_hd__clkbuf_2)
     2    0.01                           clknet_3_2_0_clk (net)
                  0.07    0.00    0.38 ^ clkbuf_4_4_0_clk/A (sky130_fd_sc_hd__clkbuf_2)
                  0.26    0.25    0.63 ^ clkbuf_4_4_0_clk/X (sky130_fd_sc_hd__clkbuf_2)
    13    0.05                           clknet_4_4_0_clk (net)
                  0.26    0.00    0.63 ^ _1818_/CLK (sky130_fd_sc_hd__dfrtp_1)
                  0.11    0.42    1.05 ^ _1818_/Q (sky130_fd_sc_hd__dfrtp_1)
     3    0.01                           r_reg[74] (net)
                  0.11    0.00    1.05 ^ _1229_/A1 (sky130_fd_sc_hd__mux2_1)
                  0.05    0.14    1.19 ^ _1229_/X (sky130_fd_sc_hd__mux2_1)
     1    0.00                           _0471_ (net)
                  0.05    0.00    1.19 ^ _1230_/A (sky130_fd_sc_hd__clkbuf_1)
                  0.06    0.09    1.28 ^ _1230_/X (sky130_fd_sc_hd__clkbuf_1)
     1    0.00                           _0347_ (net)
                  0.06    0.00    1.28 ^ _1718_/D (sky130_fd_sc_hd__dfrtp_4)
                                  1.28   data arrival time

                          0.00    0.00   clock clk (rise edge)
                          0.00    0.00   clock source latency
                  0.12    0.09    0.09 ^ clk (in)
     1    0.03                           clk (net)
                  0.12    0.00    0.09 ^ clkbuf_0_clk/A (sky130_fd_sc_hd__clkbuf_16)
                  0.07    0.19    0.28 ^ clkbuf_0_clk/X (sky130_fd_sc_hd__clkbuf_16)
     8    0.05                           clknet_0_clk (net)
                  0.07    0.00    0.28 ^ clkbuf_3_2_0_clk/A (sky130_fd_sc_hd__clkbuf_2)
                  0.07    0.14    0.42 ^ clkbuf_3_2_0_clk/X (sky130_fd_sc_hd__clkbuf_2)
     2    0.01                           clknet_3_2_0_clk (net)
                  0.07    0.00    0.42 ^ clkbuf_4_5_0_clk/A (sky130_fd_sc_hd__clkbuf_2)
                  0.35    0.34    0.76 ^ clkbuf_4_5_0_clk/X (sky130_fd_sc_hd__clkbuf_2)
    18    0.06                           clknet_4_5_0_clk (net)
                  0.35    0.00    0.76 ^ _1718_/CLK (sky130_fd_sc_hd__dfrtp_4)
                          0.25    1.01   clock uncertainty
                         -0.04    0.97   clock reconvergence pessimism
                          0.00    0.97   library hold time
                                  0.97   data required time
-----------------------------------------------------------------------------
                                  0.97   data required time
                                 -1.28   data arrival time
-----------------------------------------------------------------------------
                                  0.31   slack (MET)


Startpoint: _1795_ (rising edge-triggered flip-flop clocked by clk)
Endpoint: _1695_ (rising edge-triggered flip-flop clocked by clk)
Path Group: clk
Path Type: min

Fanout     Cap    Slew   Delay    Time   Description
-----------------------------------------------------------------------------
                          0.00    0.00   clock clk (rise edge)
                          0.00    0.00   clock source latency
                  0.12    0.08    0.08 ^ clk (in)
     1    0.03                           clk (net)
                  0.12    0.00    0.08 ^ clkbuf_0_clk/A (sky130_fd_sc_hd__clkbuf_16)
                  0.07    0.17    0.25 ^ clkbuf_0_clk/X (sky130_fd_sc_hd__clkbuf_16)
     8    0.05                           clknet_0_clk (net)
                  0.07    0.00    0.25 ^ clkbuf_3_3_0_clk/A (sky130_fd_sc_hd__clkbuf_2)
                  0.06    0.12    0.38 ^ clkbuf_3_3_0_clk/X (sky130_fd_sc_hd__clkbuf_2)
     2    0.01                           clknet_3_3_0_clk (net)
                  0.06    0.00    0.38 ^ clkbuf_4_6_0_clk/A (sky130_fd_sc_hd__clkbuf_2)
                  0.18    0.19    0.57 ^ clkbuf_4_6_0_clk/X (sky130_fd_sc_hd__clkbuf_2)
     9    0.03                           clknet_4_6_0_clk (net)
                  0.18    0.00    0.57 ^ _1795_/CLK (sky130_fd_sc_hd__dfrtp_1)
                  0.10    0.39    0.96 ^ _1795_/Q (sky130_fd_sc_hd__dfrtp_1)
     3    0.01                           r_reg[51] (net)
                  0.10    0.00    0.96 ^ _1279_/A1 (sky130_fd_sc_hd__mux2_1)
                  0.07    0.15    1.11 ^ _1279_/X (sky130_fd_sc_hd__mux2_1)
     1    0.01                           _0498_ (net)
                  0.07    0.00    1.11 ^ _1280_/A (sky130_fd_sc_hd__clkbuf_1)
                  0.07    0.10    1.21 ^ _1280_/X (sky130_fd_sc_hd__clkbuf_1)
     1    0.00                           _0324_ (net)
                  0.07    0.00    1.21 ^ _1695_/D (sky130_fd_sc_hd__dfrtp_2)
                                  1.21   data arrival time

                          0.00    0.00   clock clk (rise edge)
                          0.00    0.00   clock source latency
                  0.12    0.09    0.09 ^ clk (in)
     1    0.03                           clk (net)
                  0.12    0.00    0.09 ^ clkbuf_0_clk/A (sky130_fd_sc_hd__clkbuf_16)
                  0.07    0.19    0.28 ^ clkbuf_0_clk/X (sky130_fd_sc_hd__clkbuf_16)
     8    0.05                           clknet_0_clk (net)
                  0.07    0.00    0.28 ^ clkbuf_3_3_0_clk/A (sky130_fd_sc_hd__clkbuf_2)
                  0.06    0.14    0.42 ^ clkbuf_3_3_0_clk/X (sky130_fd_sc_hd__clkbuf_2)
     2    0.01                           clknet_3_3_0_clk (net)
                  0.06    0.00    0.42 ^ clkbuf_4_7_0_clk/A (sky130_fd_sc_hd__clkbuf_2)
                  0.27    0.28    0.70 ^ clkbuf_4_7_0_clk/X (sky130_fd_sc_hd__clkbuf_2)
    12    0.05                           clknet_4_7_0_clk (net)
                  0.27    0.00    0.70 ^ _1695_/CLK (sky130_fd_sc_hd__dfrtp_2)
                          0.25    0.95   clock uncertainty
                         -0.04    0.91   clock reconvergence pessimism
                         -0.01    0.90   library hold time
                                  0.90   data required time
-----------------------------------------------------------------------------
                                  0.90   data required time
                                 -1.21   data arrival time
-----------------------------------------------------------------------------
                                  0.31   slack (MET)


Startpoint: _1823_ (rising edge-triggered flip-flop clocked by clk)
Endpoint: _1723_ (rising edge-triggered flip-flop clocked by clk)
Path Group: clk
Path Type: min

Fanout     Cap    Slew   Delay    Time   Description
-----------------------------------------------------------------------------
                          0.00    0.00   clock clk (rise edge)
                          0.00    0.00   clock source latency
                  0.12    0.08    0.08 ^ clk (in)
     1    0.03                           clk (net)
                  0.12    0.00    0.08 ^ clkbuf_0_clk/A (sky130_fd_sc_hd__clkbuf_16)
                  0.07    0.17    0.25 ^ clkbuf_0_clk/X (sky130_fd_sc_hd__clkbuf_16)
     8    0.05                           clknet_0_clk (net)
                  0.07    0.00    0.25 ^ clkbuf_3_6_0_clk/A (sky130_fd_sc_hd__clkbuf_2)
                  0.07    0.12    0.38 ^ clkbuf_3_6_0_clk/X (sky130_fd_sc_hd__clkbuf_2)
     2    0.01                           clknet_3_6_0_clk (net)
                  0.07    0.00    0.38 ^ clkbuf_4_12_0_clk/A (sky130_fd_sc_hd__clkbuf_2)
                  0.16    0.18    0.56 ^ clkbuf_4_12_0_clk/X (sky130_fd_sc_hd__clkbuf_2)
     8    0.03                           clknet_4_12_0_clk (net)
                  0.16    0.00    0.56 ^ _1823_/CLK (sky130_fd_sc_hd__dfrtp_1)
                  0.13    0.40    0.97 ^ _1823_/Q (sky130_fd_sc_hd__dfrtp_1)
     3    0.01                           r_reg[79] (net)
                  0.13    0.00    0.97 ^ _1217_/A1 (sky130_fd_sc_hd__mux2_1)
                  0.04    0.14    1.11 ^ _1217_/X (sky130_fd_sc_hd__mux2_1)
     1    0.00                           _0464_ (net)
                  0.04    0.00    1.11 ^ _1218_/A (sky130_fd_sc_hd__clkbuf_1)
                  0.05    0.08    1.18 ^ _1218_/X (sky130_fd_sc_hd__clkbuf_1)
     1    0.00                           _0352_ (net)
                  0.05    0.00    1.18 ^ _1723_/D (sky130_fd_sc_hd__dfrtp_1)
                                  1.18   data arrival time

                          0.00    0.00   clock clk (rise edge)
                          0.00    0.00   clock source latency
                  0.12    0.09    0.09 ^ clk (in)
     1    0.03                           clk (net)
                  0.12    0.00    0.09 ^ clkbuf_0_clk/A (sky130_fd_sc_hd__clkbuf_16)
                  0.07    0.19    0.28 ^ clkbuf_0_clk/X (sky130_fd_sc_hd__clkbuf_16)
     8    0.05                           clknet_0_clk (net)
                  0.07    0.00    0.28 ^ clkbuf_3_6_0_clk/A (sky130_fd_sc_hd__clkbuf_2)
                  0.07    0.14    0.42 ^ clkbuf_3_6_0_clk/X (sky130_fd_sc_hd__clkbuf_2)
     2    0.01                           clknet_3_6_0_clk (net)
                  0.07    0.00    0.42 ^ clkbuf_4_13_0_clk/A (sky130_fd_sc_hd__clkbuf_2)
                  0.21    0.24    0.66 ^ clkbuf_4_13_0_clk/X (sky130_fd_sc_hd__clkbuf_2)
    10    0.04                           clknet_4_13_0_clk (net)
                  0.21    0.00    0.66 ^ _1723_/CLK (sky130_fd_sc_hd__dfrtp_1)
                          0.25    0.91   clock uncertainty
                         -0.04    0.87   clock reconvergence pessimism
                         -0.01    0.86   library hold time
                                  0.86   data required time
-----------------------------------------------------------------------------
                                  0.86   data required time
                                 -1.18   data arrival time
-----------------------------------------------------------------------------
                                  0.32   slack (MET)


Startpoint: _1790_ (rising edge-triggered flip-flop clocked by clk)
Endpoint: _1690_ (rising edge-triggered flip-flop clocked by clk)
Path Group: clk
Path Type: min

Fanout     Cap    Slew   Delay    Time   Description
-----------------------------------------------------------------------------
                          0.00    0.00   clock clk (rise edge)
                          0.00    0.00   clock source latency
                  0.12    0.08    0.08 ^ clk (in)
     1    0.03                           clk (net)
                  0.12    0.00    0.08 ^ clkbuf_0_clk/A (sky130_fd_sc_hd__clkbuf_16)
                  0.07    0.17    0.25 ^ clkbuf_0_clk/X (sky130_fd_sc_hd__clkbuf_16)
     8    0.05                           clknet_0_clk (net)
                  0.07    0.00    0.25 ^ clkbuf_3_0_0_clk/A (sky130_fd_sc_hd__clkbuf_2)
                  0.06    0.12    0.37 ^ clkbuf_3_0_0_clk/X (sky130_fd_sc_hd__clkbuf_2)
     2    0.01                           clknet_3_0_0_clk (net)
                  0.06    0.00    0.37 ^ clkbuf_4_0_0_clk/A (sky130_fd_sc_hd__clkbuf_2)
                  0.29    0.26    0.64 ^ clkbuf_4_0_0_clk/X (sky130_fd_sc_hd__clkbuf_2)
    14    0.05                           clknet_4_0_0_clk (net)
                  0.29    0.00    0.64 ^ _1790_/CLK (sky130_fd_sc_hd__dfrtp_1)
                  0.12    0.43    1.07 ^ _1790_/Q (sky130_fd_sc_hd__dfrtp_1)
     3    0.01                           r_reg[46] (net)
                  0.12    0.00    1.07 ^ _1291_/A1 (sky130_fd_sc_hd__mux2_1)
                  0.04    0.14    1.21 ^ _1291_/X (sky130_fd_sc_hd__mux2_1)
     1    0.00                           _0505_ (net)
                  0.04    0.00    1.21 ^ _1292_/A (sky130_fd_sc_hd__clkbuf_1)
                  0.05    0.08    1.29 ^ _1292_/X (sky130_fd_sc_hd__clkbuf_1)
     1    0.00                           _0319_ (net)
                  0.05    0.00    1.29 ^ _1690_/D (sky130_fd_sc_hd__dfrtp_4)
                                  1.29   data arrival time

                          0.00    0.00   clock clk (rise edge)
                          0.00    0.00   clock source latency
                  0.12    0.09    0.09 ^ clk (in)
     1    0.03                           clk (net)
                  0.12    0.00    0.09 ^ clkbuf_0_clk/A (sky130_fd_sc_hd__clkbuf_16)
                  0.07    0.19    0.28 ^ clkbuf_0_clk/X (sky130_fd_sc_hd__clkbuf_16)
     8    0.05                           clknet_0_clk (net)
                  0.07    0.00    0.28 ^ clkbuf_3_1_0_clk/A (sky130_fd_sc_hd__clkbuf_2)
                  0.05    0.13    0.41 ^ clkbuf_3_1_0_clk/X (sky130_fd_sc_hd__clkbuf_2)
     2    0.01                           clknet_3_1_0_clk (net)
                  0.05    0.00    0.41 ^ clkbuf_4_2_0_clk/A (sky130_fd_sc_hd__clkbuf_2)
                  0.33    0.32    0.73 ^ clkbuf_4_2_0_clk/X (sky130_fd_sc_hd__clkbuf_2)
    16    0.06                           clknet_4_2_0_clk (net)
                  0.33    0.00    0.73 ^ _1690_/CLK (sky130_fd_sc_hd__dfrtp_4)
                          0.25    0.98   clock uncertainty
                         -0.03    0.95   clock reconvergence pessimism
                          0.00    0.95   library hold time
                                  0.95   data required time
-----------------------------------------------------------------------------
                                  0.95   data required time
                                 -1.29   data arrival time
-----------------------------------------------------------------------------
                                  0.33   slack (MET)


