
===========================================================================
report_checks -unconstrained
============================================================================
Startpoint: reset (input port clocked by clk)
Endpoint: _1732_ (recovery check against rising-edge clock clk)
Path Group: **async_default**
Path Type: max

Fanout     Cap    Slew   Delay    Time   Description
-----------------------------------------------------------------------------
                          0.00    0.00   clock clk (rise edge)
                          0.00    0.00   clock network delay (propagated)
                         20.00   20.00 v input external delay
                  0.01    0.00   20.00 v reset (in)
     1    0.00                           reset (net)
                  0.01    0.00   20.00 v input103/A (sky130_fd_sc_hd__buf_2)
                  0.09    0.17   20.18 v input103/X (sky130_fd_sc_hd__buf_2)
     4    0.04                           net103 (net)
                  0.09    0.00   20.18 v _1395_/A (sky130_fd_sc_hd__clkbuf_2)
                  0.09    0.19   20.37 v _1395_/X (sky130_fd_sc_hd__clkbuf_2)
     5    0.02                           _0562_ (net)
                  0.09    0.00   20.37 v _1489_/A (sky130_fd_sc_hd__clkbuf_2)
                  0.12    0.21   20.57 v _1489_/X (sky130_fd_sc_hd__clkbuf_2)
     5    0.03                           _0581_ (net)
                  0.12    0.00   20.58 v _1502_/A (sky130_fd_sc_hd__buf_2)
                  0.09    0.23   20.80 v _1502_/X (sky130_fd_sc_hd__buf_2)
     5    0.04                           _0584_ (net)
                  0.09    0.00   20.80 v _1506_/A (sky130_fd_sc_hd__inv_2)
                  0.06    0.09   20.89 ^ _1506_/Y (sky130_fd_sc_hd__inv_2)
     1    0.01                           _0161_ (net)
                  0.06    0.00   20.89 ^ _1732_/RESET_B (sky130_fd_sc_hd__dfrtp_1)
                                 20.89   data arrival time

                        100.00  100.00   clock clk (rise edge)
                          0.00  100.00   clock source latency
                  0.13    0.09  100.09 ^ clk (in)
     1    0.03                           clk (net)
                  0.13    0.00  100.09 ^ clkbuf_0_clk/A (sky130_fd_sc_hd__clkbuf_16)
                  0.07    0.18  100.26 ^ clkbuf_0_clk/X (sky130_fd_sc_hd__clkbuf_16)
     8    0.06                           clknet_0_clk (net)
                  0.07    0.00  100.27 ^ clkbuf_3_6_0_clk/A (sky130_fd_sc_hd__clkbuf_2)
                  0.06    0.12  100.39 ^ clkbuf_3_6_0_clk/X (sky130_fd_sc_hd__clkbuf_2)
     2    0.01                           clknet_3_6_0_clk (net)
                  0.06    0.00  100.39 ^ clkbuf_4_12_0_clk/A (sky130_fd_sc_hd__clkbuf_2)
                  0.16    0.18  100.57 ^ clkbuf_4_12_0_clk/X (sky130_fd_sc_hd__clkbuf_2)
     8    0.03                           clknet_4_12_0_clk (net)
                  0.16    0.00  100.57 ^ _1732_/CLK (sky130_fd_sc_hd__dfrtp_1)
                         -0.25  100.32   clock uncertainty
                          0.00  100.32   clock reconvergence pessimism
                          0.26  100.58   library recovery time
                                100.58   data required time
-----------------------------------------------------------------------------
                                100.58   data required time
                                -20.89   data arrival time
-----------------------------------------------------------------------------
                                 79.69   slack (MET)


Startpoint: _1717_ (rising edge-triggered flip-flop clocked by clk)
Endpoint: r_load[73] (output port clocked by clk)
Path Group: clk
Path Type: max

Fanout     Cap    Slew   Delay    Time   Description
-----------------------------------------------------------------------------
                          0.00    0.00   clock clk (rise edge)
                          0.00    0.00   clock source latency
                  0.13    0.10    0.10 ^ clk (in)
     1    0.03                           clk (net)
                  0.13    0.00    0.10 ^ clkbuf_0_clk/A (sky130_fd_sc_hd__clkbuf_16)
                  0.07    0.19    0.29 ^ clkbuf_0_clk/X (sky130_fd_sc_hd__clkbuf_16)
     8    0.06                           clknet_0_clk (net)
                  0.07    0.00    0.29 ^ clkbuf_3_2_0_clk/A (sky130_fd_sc_hd__clkbuf_2)
                  0.05    0.13    0.42 ^ clkbuf_3_2_0_clk/X (sky130_fd_sc_hd__clkbuf_2)
     2    0.01                           clknet_3_2_0_clk (net)
                  0.05    0.00    0.42 ^ clkbuf_4_5_0_clk/A (sky130_fd_sc_hd__clkbuf_2)
                  0.35    0.33    0.75 ^ clkbuf_4_5_0_clk/X (sky130_fd_sc_hd__clkbuf_2)
    18    0.06                           clknet_4_5_0_clk (net)
                  0.35    0.00    0.76 ^ _1717_/CLK (sky130_fd_sc_hd__dfrtp_4)
                  0.10    0.64    1.39 v _1717_/Q (sky130_fd_sc_hd__dfrtp_4)
     3    0.03                           net175 (net)
                  0.10    0.01    1.40 v output175/A (sky130_fd_sc_hd__buf_2)
                  0.09    0.21    1.61 v output175/X (sky130_fd_sc_hd__buf_2)
     1    0.03                           r_load[73] (net)
                  0.09    0.00    1.61 v r_load[73] (out)
                                  1.61   data arrival time

                        100.00  100.00   clock clk (rise edge)
                          0.00  100.00   clock network delay (propagated)
                         -0.25   99.75   clock uncertainty
                          0.00   99.75   clock reconvergence pessimism
                        -20.00   79.75   output external delay
                                 79.75   data required time
-----------------------------------------------------------------------------
                                 79.75   data required time
                                 -1.61   data arrival time
-----------------------------------------------------------------------------
                                 78.14   slack (MET)



===========================================================================
report_checks --slack_max -0.01
============================================================================
No paths found.
