
===========================================================================
report_checks -unconstrained
============================================================================

======================= Slowest Corner ===================================

Startpoint: reset (input port clocked by clk)
Endpoint: _1732_ (recovery check against rising-edge clock clk)
Path Group: **async_default**
Path Type: max
Corner: ss

Fanout     Cap    Slew   Delay    Time   Description
-----------------------------------------------------------------------------
                          0.00    0.00   clock clk (rise edge)
                          0.00    0.00   clock network delay (propagated)
                         20.00   20.00 v input external delay
                  0.02    0.01   20.01 v reset (in)
     1    0.00                           reset (net)
                  0.02    0.00   20.01 v input103/A (sky130_fd_sc_hd__buf_2)
                  0.17    0.34   20.35 v input103/X (sky130_fd_sc_hd__buf_2)
     4    0.04                           net103 (net)
                  0.17    0.00   20.35 v _1395_/A (sky130_fd_sc_hd__clkbuf_2)
                  0.17    0.35   20.70 v _1395_/X (sky130_fd_sc_hd__clkbuf_2)
     5    0.02                           _0562_ (net)
                  0.17    0.00   20.70 v _1489_/A (sky130_fd_sc_hd__clkbuf_2)
                  0.21    0.38   21.07 v _1489_/X (sky130_fd_sc_hd__clkbuf_2)
     5    0.03                           _0581_ (net)
                  0.21    0.00   21.08 v _1502_/A (sky130_fd_sc_hd__buf_2)
                  0.18    0.44   21.52 v _1502_/X (sky130_fd_sc_hd__buf_2)
     5    0.04                           _0584_ (net)
                  0.18    0.00   21.52 v _1506_/A (sky130_fd_sc_hd__inv_2)
                  0.09    0.16   21.67 ^ _1506_/Y (sky130_fd_sc_hd__inv_2)
     1    0.01                           _0161_ (net)
                  0.09    0.00   21.68 ^ _1732_/RESET_B (sky130_fd_sc_hd__dfrtp_1)
                                 21.68   data arrival time

                        100.00  100.00   clock clk (rise edge)
                          0.00  100.00   clock source latency
                  0.21    0.14  100.14 ^ clk (in)
     1    0.03                           clk (net)
                  0.21    0.00  100.14 ^ clkbuf_0_clk/A (sky130_fd_sc_hd__clkbuf_16)
                  0.11    0.31  100.45 ^ clkbuf_0_clk/X (sky130_fd_sc_hd__clkbuf_16)
     8    0.06                           clknet_0_clk (net)
                  0.11    0.00  100.45 ^ clkbuf_3_6_0_clk/A (sky130_fd_sc_hd__clkbuf_2)
                  0.10    0.22  100.67 ^ clkbuf_3_6_0_clk/X (sky130_fd_sc_hd__clkbuf_2)
     2    0.01                           clknet_3_6_0_clk (net)
                  0.10    0.00  100.67 ^ clkbuf_4_12_0_clk/A (sky130_fd_sc_hd__clkbuf_2)
                  0.24    0.31  100.98 ^ clkbuf_4_12_0_clk/X (sky130_fd_sc_hd__clkbuf_2)
     8    0.03                           clknet_4_12_0_clk (net)
                  0.24    0.00  100.98 ^ _1732_/CLK (sky130_fd_sc_hd__dfrtp_1)
                         -0.25  100.73   clock uncertainty
                          0.00  100.73   clock reconvergence pessimism
                          0.51  101.24   library recovery time
                                101.24   data required time
-----------------------------------------------------------------------------
                                101.24   data required time
                                -21.68   data arrival time
-----------------------------------------------------------------------------
                                 79.57   slack (MET)


Startpoint: _1717_ (rising edge-triggered flip-flop clocked by clk)
Endpoint: r_load[73] (output port clocked by clk)
Path Group: clk
Path Type: max
Corner: ss

Fanout     Cap    Slew   Delay    Time   Description
-----------------------------------------------------------------------------
                          0.00    0.00   clock clk (rise edge)
                          0.00    0.00   clock source latency
                  0.21    0.15    0.15 ^ clk (in)
     1    0.03                           clk (net)
                  0.21    0.00    0.15 ^ clkbuf_0_clk/A (sky130_fd_sc_hd__clkbuf_16)
                  0.11    0.35    0.50 ^ clkbuf_0_clk/X (sky130_fd_sc_hd__clkbuf_16)
     8    0.06                           clknet_0_clk (net)
                  0.11    0.00    0.50 ^ clkbuf_3_2_0_clk/A (sky130_fd_sc_hd__clkbuf_2)
                  0.09    0.23    0.74 ^ clkbuf_3_2_0_clk/X (sky130_fd_sc_hd__clkbuf_2)
     2    0.01                           clknet_3_2_0_clk (net)
                  0.09    0.00    0.74 ^ clkbuf_4_5_0_clk/A (sky130_fd_sc_hd__clkbuf_2)
                  0.52    0.55    1.28 ^ clkbuf_4_5_0_clk/X (sky130_fd_sc_hd__clkbuf_2)
    18    0.06                           clknet_4_5_0_clk (net)
                  0.52    0.00    1.28 ^ _1717_/CLK (sky130_fd_sc_hd__dfrtp_4)
                  0.18    1.34    2.63 v _1717_/Q (sky130_fd_sc_hd__dfrtp_4)
     3    0.03                           net175 (net)
                  0.18    0.01    2.63 v output175/A (sky130_fd_sc_hd__buf_2)
                  0.17    0.42    3.05 v output175/X (sky130_fd_sc_hd__buf_2)
     1    0.03                           r_load[73] (net)
                  0.17    0.00    3.05 v r_load[73] (out)
                                  3.05   data arrival time

                        100.00  100.00   clock clk (rise edge)
                          0.00  100.00   clock network delay (propagated)
                         -0.25   99.75   clock uncertainty
                          0.00   99.75   clock reconvergence pessimism
                        -20.00   79.75   output external delay
                                 79.75   data required time
-----------------------------------------------------------------------------
                                 79.75   data required time
                                 -3.05   data arrival time
-----------------------------------------------------------------------------
                                 76.70   slack (MET)



======================= Typical Corner ===================================

Startpoint: reset (input port clocked by clk)
Endpoint: _1732_ (recovery check against rising-edge clock clk)
Path Group: **async_default**
Path Type: max
Corner: tt

Fanout     Cap    Slew   Delay    Time   Description
-----------------------------------------------------------------------------
                          0.00    0.00   clock clk (rise edge)
                          0.00    0.00   clock network delay (propagated)
                         20.00   20.00 v input external delay
                  0.01    0.00   20.00 v reset (in)
     1    0.00                           reset (net)
                  0.01    0.00   20.00 v input103/A (sky130_fd_sc_hd__buf_2)
                  0.09    0.17   20.18 v input103/X (sky130_fd_sc_hd__buf_2)
     4    0.04                           net103 (net)
                  0.09    0.00   20.18 v _1395_/A (sky130_fd_sc_hd__clkbuf_2)
                  0.09    0.19   20.37 v _1395_/X (sky130_fd_sc_hd__clkbuf_2)
     5    0.02                           _0562_ (net)
                  0.09    0.00   20.37 v _1489_/A (sky130_fd_sc_hd__clkbuf_2)
                  0.12    0.21   20.57 v _1489_/X (sky130_fd_sc_hd__clkbuf_2)
     5    0.03                           _0581_ (net)
                  0.12    0.00   20.58 v _1502_/A (sky130_fd_sc_hd__buf_2)
                  0.09    0.23   20.80 v _1502_/X (sky130_fd_sc_hd__buf_2)
     5    0.04                           _0584_ (net)
                  0.09    0.00   20.80 v _1506_/A (sky130_fd_sc_hd__inv_2)
                  0.06    0.09   20.89 ^ _1506_/Y (sky130_fd_sc_hd__inv_2)
     1    0.01                           _0161_ (net)
                  0.06    0.00   20.89 ^ _1732_/RESET_B (sky130_fd_sc_hd__dfrtp_1)
                                 20.89   data arrival time

                        100.00  100.00   clock clk (rise edge)
                          0.00  100.00   clock source latency
                  0.13    0.09  100.09 ^ clk (in)
     1    0.03                           clk (net)
                  0.13    0.00  100.09 ^ clkbuf_0_clk/A (sky130_fd_sc_hd__clkbuf_16)
                  0.07    0.18  100.26 ^ clkbuf_0_clk/X (sky130_fd_sc_hd__clkbuf_16)
     8    0.06                           clknet_0_clk (net)
                  0.07    0.00  100.27 ^ clkbuf_3_6_0_clk/A (sky130_fd_sc_hd__clkbuf_2)
                  0.06    0.12  100.39 ^ clkbuf_3_6_0_clk/X (sky130_fd_sc_hd__clkbuf_2)
     2    0.01                           clknet_3_6_0_clk (net)
                  0.06    0.00  100.39 ^ clkbuf_4_12_0_clk/A (sky130_fd_sc_hd__clkbuf_2)
                  0.16    0.18  100.57 ^ clkbuf_4_12_0_clk/X (sky130_fd_sc_hd__clkbuf_2)
     8    0.03                           clknet_4_12_0_clk (net)
                  0.16    0.00  100.57 ^ _1732_/CLK (sky130_fd_sc_hd__dfrtp_1)
                         -0.25  100.32   clock uncertainty
                          0.00  100.32   clock reconvergence pessimism
                          0.26  100.58   library recovery time
                                100.58   data required time
-----------------------------------------------------------------------------
                                100.58   data required time
                                -20.89   data arrival time
-----------------------------------------------------------------------------
                                 79.69   slack (MET)


Startpoint: _1717_ (rising edge-triggered flip-flop clocked by clk)
Endpoint: r_load[73] (output port clocked by clk)
Path Group: clk
Path Type: max
Corner: tt

Fanout     Cap    Slew   Delay    Time   Description
-----------------------------------------------------------------------------
                          0.00    0.00   clock clk (rise edge)
                          0.00    0.00   clock source latency
                  0.13    0.10    0.10 ^ clk (in)
     1    0.03                           clk (net)
                  0.13    0.00    0.10 ^ clkbuf_0_clk/A (sky130_fd_sc_hd__clkbuf_16)
                  0.07    0.19    0.29 ^ clkbuf_0_clk/X (sky130_fd_sc_hd__clkbuf_16)
     8    0.06                           clknet_0_clk (net)
                  0.07    0.00    0.29 ^ clkbuf_3_2_0_clk/A (sky130_fd_sc_hd__clkbuf_2)
                  0.05    0.13    0.42 ^ clkbuf_3_2_0_clk/X (sky130_fd_sc_hd__clkbuf_2)
     2    0.01                           clknet_3_2_0_clk (net)
                  0.05    0.00    0.42 ^ clkbuf_4_5_0_clk/A (sky130_fd_sc_hd__clkbuf_2)
                  0.35    0.33    0.75 ^ clkbuf_4_5_0_clk/X (sky130_fd_sc_hd__clkbuf_2)
    18    0.06                           clknet_4_5_0_clk (net)
                  0.35    0.00    0.76 ^ _1717_/CLK (sky130_fd_sc_hd__dfrtp_4)
                  0.10    0.64    1.39 v _1717_/Q (sky130_fd_sc_hd__dfrtp_4)
     3    0.03                           net175 (net)
                  0.10    0.01    1.40 v output175/A (sky130_fd_sc_hd__buf_2)
                  0.09    0.21    1.61 v output175/X (sky130_fd_sc_hd__buf_2)
     1    0.03                           r_load[73] (net)
                  0.09    0.00    1.61 v r_load[73] (out)
                                  1.61   data arrival time

                        100.00  100.00   clock clk (rise edge)
                          0.00  100.00   clock network delay (propagated)
                         -0.25   99.75   clock uncertainty
                          0.00   99.75   clock reconvergence pessimism
                        -20.00   79.75   output external delay
                                 79.75   data required time
-----------------------------------------------------------------------------
                                 79.75   data required time
                                 -1.61   data arrival time
-----------------------------------------------------------------------------
                                 78.14   slack (MET)



======================= Fastest Corner ===================================

Startpoint: reset (input port clocked by clk)
Endpoint: _1732_ (recovery check against rising-edge clock clk)
Path Group: **async_default**
Path Type: max
Corner: ff

Fanout     Cap    Slew   Delay    Time   Description
-----------------------------------------------------------------------------
                          0.00    0.00   clock clk (rise edge)
                          0.00    0.00   clock network delay (propagated)
                         20.00   20.00 v input external delay
                  0.00    0.00   20.00 v reset (in)
     1    0.00                           reset (net)
                  0.00    0.00   20.00 v input103/A (sky130_fd_sc_hd__buf_2)
                  0.07    0.11   20.11 v input103/X (sky130_fd_sc_hd__buf_2)
     4    0.04                           net103 (net)
                  0.07    0.00   20.12 v _1395_/A (sky130_fd_sc_hd__clkbuf_2)
                  0.06    0.13   20.25 v _1395_/X (sky130_fd_sc_hd__clkbuf_2)
     5    0.02                           _0562_ (net)
                  0.06    0.00   20.25 v _1489_/A (sky130_fd_sc_hd__clkbuf_2)
                  0.08    0.14   20.39 v _1489_/X (sky130_fd_sc_hd__clkbuf_2)
     5    0.03                           _0581_ (net)
                  0.08    0.00   20.39 v _1502_/A (sky130_fd_sc_hd__buf_2)
                  0.07    0.15   20.53 v _1502_/X (sky130_fd_sc_hd__buf_2)
     5    0.04                           _0584_ (net)
                  0.07    0.00   20.54 v _1506_/A (sky130_fd_sc_hd__inv_2)
                  0.04    0.06   20.60 ^ _1506_/Y (sky130_fd_sc_hd__inv_2)
     1    0.01                           _0161_ (net)
                  0.04    0.00   20.60 ^ _1732_/RESET_B (sky130_fd_sc_hd__dfrtp_1)
                                 20.60   data arrival time

                        100.00  100.00   clock clk (rise edge)
                          0.00  100.00   clock source latency
                  0.10    0.07  100.07 ^ clk (in)
     1    0.03                           clk (net)
                  0.10    0.00  100.07 ^ clkbuf_0_clk/A (sky130_fd_sc_hd__clkbuf_16)
                  0.06    0.12  100.18 ^ clkbuf_0_clk/X (sky130_fd_sc_hd__clkbuf_16)
     8    0.06                           clknet_0_clk (net)
                  0.06    0.00  100.19 ^ clkbuf_3_6_0_clk/A (sky130_fd_sc_hd__clkbuf_2)
                  0.05    0.08  100.27 ^ clkbuf_3_6_0_clk/X (sky130_fd_sc_hd__clkbuf_2)
     2    0.01                           clknet_3_6_0_clk (net)
                  0.05    0.00  100.27 ^ clkbuf_4_12_0_clk/A (sky130_fd_sc_hd__clkbuf_2)
                  0.12    0.13  100.40 ^ clkbuf_4_12_0_clk/X (sky130_fd_sc_hd__clkbuf_2)
     8    0.03                           clknet_4_12_0_clk (net)
                  0.12    0.00  100.40 ^ _1732_/CLK (sky130_fd_sc_hd__dfrtp_1)
                         -0.25  100.15   clock uncertainty
                          0.00  100.15   clock reconvergence pessimism
                          0.16  100.30   library recovery time
                                100.30   data required time
-----------------------------------------------------------------------------
                                100.30   data required time
                                -20.60   data arrival time
-----------------------------------------------------------------------------
                                 79.70   slack (MET)


Startpoint: _1717_ (rising edge-triggered flip-flop clocked by clk)
Endpoint: r_load[73] (output port clocked by clk)
Path Group: clk
Path Type: max
Corner: ff

Fanout     Cap    Slew   Delay    Time   Description
-----------------------------------------------------------------------------
                          0.00    0.00   clock clk (rise edge)
                          0.00    0.00   clock source latency
                  0.10    0.07    0.07 ^ clk (in)
     1    0.03                           clk (net)
                  0.10    0.00    0.07 ^ clkbuf_0_clk/A (sky130_fd_sc_hd__clkbuf_16)
                  0.06    0.13    0.20 ^ clkbuf_0_clk/X (sky130_fd_sc_hd__clkbuf_16)
     8    0.06                           clknet_0_clk (net)
                  0.06    0.00    0.21 ^ clkbuf_3_2_0_clk/A (sky130_fd_sc_hd__clkbuf_2)
                  0.04    0.09    0.29 ^ clkbuf_3_2_0_clk/X (sky130_fd_sc_hd__clkbuf_2)
     2    0.01                           clknet_3_2_0_clk (net)
                  0.04    0.00    0.29 ^ clkbuf_4_5_0_clk/A (sky130_fd_sc_hd__clkbuf_2)
                  0.27    0.24    0.54 ^ clkbuf_4_5_0_clk/X (sky130_fd_sc_hd__clkbuf_2)
    18    0.07                           clknet_4_5_0_clk (net)
                  0.27    0.00    0.54 ^ _1717_/CLK (sky130_fd_sc_hd__dfrtp_4)
                  0.07    0.39    0.93 v _1717_/Q (sky130_fd_sc_hd__dfrtp_4)
     3    0.03                           net175 (net)
                  0.07    0.01    0.93 v output175/A (sky130_fd_sc_hd__buf_2)
                  0.06    0.14    1.07 v output175/X (sky130_fd_sc_hd__buf_2)
     1    0.03                           r_load[73] (net)
                  0.06    0.00    1.07 v r_load[73] (out)
                                  1.07   data arrival time

                        100.00  100.00   clock clk (rise edge)
                          0.00  100.00   clock network delay (propagated)
                         -0.25   99.75   clock uncertainty
                          0.00   99.75   clock reconvergence pessimism
                        -20.00   79.75   output external delay
                                 79.75   data required time
-----------------------------------------------------------------------------
                                 79.75   data required time
                                 -1.07   data arrival time
-----------------------------------------------------------------------------
                                 78.68   slack (MET)



===========================================================================
report_checks --slack_max -0.01
============================================================================

======================= Slowest Corner ===================================

No paths found.

======================= Typical Corner ===================================

No paths found.

======================= Fastest Corner ===================================

No paths found.
