OpenROAD v2.0-5460-g127815b81 
This program is licensed under the BSD-3 license. See the LICENSE file for details.
Components of this program may be licensed under more restrictive licenses which must be honored.
[INFO ODB-0222] Reading LEF file: /foss/designs/ma2022/wrapper/runs/RUN_2022.11.11_11.09.27/tmp/merged.nom.lef
[WARNING ODB-0220] WARNING (LEFPARS-2036): SOURCE statement is obsolete in version 5.6 and later.
The LEF parser will ignore this statement.
To avoid this warning in the future, remove this statement from the LEF file with version 5.6 or later. See file /foss/designs/ma2022/wrapper/runs/RUN_2022.11.11_11.09.27/tmp/merged.nom.lef at line 930.

[INFO ODB-0223]     Created 13 technology layers
[INFO ODB-0224]     Created 25 technology vias
[INFO ODB-0225]     Created 441 library cells
[INFO ODB-0226] Finished LEF file:  /foss/designs/ma2022/wrapper/runs/RUN_2022.11.11_11.09.27/tmp/merged.nom.lef
[INFO ODB-0127] Reading DEF file: /foss/designs/ma2022/wrapper/runs/RUN_2022.11.11_11.09.27/results/routing/wrapper.def
[INFO ODB-0128] Design: wrapper
[INFO ODB-0130]     Created 51 pins.
[INFO ODB-0131]     Created 4769 components and 22123 component-terminals.
[INFO ODB-0132]     Created 2 special nets and 18110 connections.
[INFO ODB-0133]     Created 1316 nets and 4010 connections.
[INFO ODB-0134] Finished DEF file: /foss/designs/ma2022/wrapper/runs/RUN_2022.11.11_11.09.27/results/routing/wrapper.def
Using RCX ruleset '/foss/pdks/sky130A/libs.tech/openlane/rules.openrcx.sky130A.nom.calibre'...
[INFO RCX-0431] Defined process_corner X with ext_model_index 0
[INFO RCX-0029] Defined extraction corner X
[INFO RCX-0008] extracting parasitics of wrapper ...
[INFO RCX-0435] Reading extraction model file /foss/pdks/sky130A/libs.tech/openlane/rules.openrcx.sky130A.nom.calibre ...
[INFO RCX-0436] RC segment generation wrapper (max_merge_res 50.0) ...
[INFO RCX-0040] Final 4264 rc segments
[INFO RCX-0439] Coupling Cap extraction wrapper ...
[INFO RCX-0440] Coupling threshhold is 0.1000 fF, coupling capacitance less than 0.1000 fF will be grounded.
[INFO RCX-0043] 7400 wires to be extracted
[INFO RCX-0442] 52% completion -- 3906 wires have been extracted
[INFO RCX-0442] 100% completion -- 7400 wires have been extracted
[INFO RCX-0045] Extract 1316 nets, 5580 rsegs, 5580 caps, 7785 ccs
[INFO RCX-0015] Finished extracting wrapper.
Writing result to /foss/designs/ma2022/wrapper/runs/RUN_2022.11.11_11.09.27/results/routing/mca/process_corner_nom/wrapper.spef...
Setting global connections for newly added cells...
[WARNING] Did not save OpenROAD database!
Writing extracted parasitics to /foss/designs/ma2022/wrapper/runs/RUN_2022.11.11_11.09.27/results/routing/mca/process_corner_nom/wrapper.spef...
[INFO RCX-0016] Writing SPEF ...
[INFO RCX-0443] 1316 nets finished
[INFO RCX-0017] Finished writing SPEF ...
