
===========================================================================
report_checks -path_delay min (Hold)
============================================================================
Startpoint: _2188_ (rising edge-triggered flip-flop clocked by ref_in)
Endpoint: _2217_ (removal check against rising-edge clock ref_in)
Path Group: **async_default**
Path Type: min

Fanout     Cap    Slew   Delay    Time   Description
-----------------------------------------------------------------------------
                          0.00    0.00   clock ref_in (rise edge)
                          0.00    0.00   clock source latency
                  0.00    0.00    0.00 ^ ref_in (in)
     1    0.02                           ref_in (net)
                  0.00    0.00    0.00 ^ clkbuf_0_ref_in/A (sky130_fd_sc_hd__clkbuf_16)
                  0.04    0.11    0.11 ^ clkbuf_0_ref_in/X (sky130_fd_sc_hd__clkbuf_16)
     2    0.02                           clknet_0_ref_in (net)
                  0.04    0.00    0.11 ^ clkbuf_1_1__f_ref_in/A (sky130_fd_sc_hd__clkbuf_16)
                  0.05    0.13    0.24 ^ clkbuf_1_1__f_ref_in/X (sky130_fd_sc_hd__clkbuf_16)
    11    0.03                           clknet_1_1__leaf_ref_in (net)
                  0.05    0.00    0.24 ^ _2188_/CLK (sky130_fd_sc_hd__dfstp_1)
                  0.06    0.38    0.63 v _2188_/Q (sky130_fd_sc_hd__dfstp_1)
     2    0.01                           d5.fll_core.counter_reset (net)
                  0.06    0.00    0.63 v _1971_/A (sky130_fd_sc_hd__buf_4)
                  0.08    0.19    0.82 v _1971_/X (sky130_fd_sc_hd__buf_4)
    10    0.05                           _0779_ (net)
                  0.08    0.00    0.82 v _1979_/A (sky130_fd_sc_hd__inv_2)
                  0.03    0.06    0.88 ^ _1979_/Y (sky130_fd_sc_hd__inv_2)
     1    0.00                           _0243_ (net)
                  0.03    0.00    0.88 ^ _2217_/RESET_B (sky130_fd_sc_hd__dfrtp_1)
                                  0.88   data arrival time

                          0.00    0.00   clock ref_in (rise edge)
                          0.00    0.00   clock source latency
                  0.00    0.00    0.00 ^ ref_in (in)
     1    0.02                           ref_in (net)
                  0.00    0.00    0.00 ^ clkbuf_0_ref_in/A (sky130_fd_sc_hd__clkbuf_16)
                  0.04    0.11    0.11 ^ clkbuf_0_ref_in/X (sky130_fd_sc_hd__clkbuf_16)
     2    0.02                           clknet_0_ref_in (net)
                  0.04    0.00    0.11 ^ clkbuf_1_0__f_ref_in/A (sky130_fd_sc_hd__clkbuf_16)
                  0.06    0.14    0.25 ^ clkbuf_1_0__f_ref_in/X (sky130_fd_sc_hd__clkbuf_16)
    15    0.04                           clknet_1_0__leaf_ref_in (net)
                  0.06    0.00    0.25 ^ _2217_/CLK (sky130_fd_sc_hd__dfrtp_1)
                          0.00    0.25   clock reconvergence pessimism
                          0.32    0.57   library removal time
                                  0.57   data required time
-----------------------------------------------------------------------------
                                  0.57   data required time
                                 -0.88   data arrival time
-----------------------------------------------------------------------------
                                  0.30   slack (MET)


Startpoint: _2188_ (rising edge-triggered flip-flop clocked by ref_in)
Endpoint: _2210_ (removal check against rising-edge clock ref_in)
Path Group: **async_default**
Path Type: min

Fanout     Cap    Slew   Delay    Time   Description
-----------------------------------------------------------------------------
                          0.00    0.00   clock ref_in (rise edge)
                          0.00    0.00   clock source latency
                  0.00    0.00    0.00 ^ ref_in (in)
     1    0.02                           ref_in (net)
                  0.00    0.00    0.00 ^ clkbuf_0_ref_in/A (sky130_fd_sc_hd__clkbuf_16)
                  0.04    0.11    0.11 ^ clkbuf_0_ref_in/X (sky130_fd_sc_hd__clkbuf_16)
     2    0.02                           clknet_0_ref_in (net)
                  0.04    0.00    0.11 ^ clkbuf_1_1__f_ref_in/A (sky130_fd_sc_hd__clkbuf_16)
                  0.05    0.13    0.24 ^ clkbuf_1_1__f_ref_in/X (sky130_fd_sc_hd__clkbuf_16)
    11    0.03                           clknet_1_1__leaf_ref_in (net)
                  0.05    0.00    0.24 ^ _2188_/CLK (sky130_fd_sc_hd__dfstp_1)
                  0.06    0.38    0.63 v _2188_/Q (sky130_fd_sc_hd__dfstp_1)
     2    0.01                           d5.fll_core.counter_reset (net)
                  0.06    0.00    0.63 v _1971_/A (sky130_fd_sc_hd__buf_4)
                  0.08    0.19    0.82 v _1971_/X (sky130_fd_sc_hd__buf_4)
    10    0.05                           _0779_ (net)
                  0.08    0.00    0.82 v _1972_/A (sky130_fd_sc_hd__inv_2)
                  0.03    0.06    0.88 ^ _1972_/Y (sky130_fd_sc_hd__inv_2)
     1    0.00                           _0236_ (net)
                  0.03    0.00    0.88 ^ _2210_/RESET_B (sky130_fd_sc_hd__dfrtp_2)
                                  0.88   data arrival time

                          0.00    0.00   clock ref_in (rise edge)
                          0.00    0.00   clock source latency
                  0.00    0.00    0.00 ^ ref_in (in)
     1    0.02                           ref_in (net)
                  0.00    0.00    0.00 ^ clkbuf_0_ref_in/A (sky130_fd_sc_hd__clkbuf_16)
                  0.04    0.11    0.11 ^ clkbuf_0_ref_in/X (sky130_fd_sc_hd__clkbuf_16)
     2    0.02                           clknet_0_ref_in (net)
                  0.04    0.00    0.11 ^ clkbuf_1_0__f_ref_in/A (sky130_fd_sc_hd__clkbuf_16)
                  0.06    0.14    0.25 ^ clkbuf_1_0__f_ref_in/X (sky130_fd_sc_hd__clkbuf_16)
    15    0.04                           clknet_1_0__leaf_ref_in (net)
                  0.06    0.00    0.25 ^ _2210_/CLK (sky130_fd_sc_hd__dfrtp_2)
                          0.00    0.25   clock reconvergence pessimism
                          0.32    0.58   library removal time
                                  0.58   data required time
-----------------------------------------------------------------------------
                                  0.58   data required time
                                 -0.88   data arrival time
-----------------------------------------------------------------------------
                                  0.30   slack (MET)


Startpoint: _2188_ (rising edge-triggered flip-flop clocked by ref_in)
Endpoint: _2218_ (removal check against rising-edge clock ref_in)
Path Group: **async_default**
Path Type: min

Fanout     Cap    Slew   Delay    Time   Description
-----------------------------------------------------------------------------
                          0.00    0.00   clock ref_in (rise edge)
                          0.00    0.00   clock source latency
                  0.00    0.00    0.00 ^ ref_in (in)
     1    0.02                           ref_in (net)
                  0.00    0.00    0.00 ^ clkbuf_0_ref_in/A (sky130_fd_sc_hd__clkbuf_16)
                  0.04    0.11    0.11 ^ clkbuf_0_ref_in/X (sky130_fd_sc_hd__clkbuf_16)
     2    0.02                           clknet_0_ref_in (net)
                  0.04    0.00    0.11 ^ clkbuf_1_1__f_ref_in/A (sky130_fd_sc_hd__clkbuf_16)
                  0.05    0.13    0.24 ^ clkbuf_1_1__f_ref_in/X (sky130_fd_sc_hd__clkbuf_16)
    11    0.03                           clknet_1_1__leaf_ref_in (net)
                  0.05    0.00    0.24 ^ _2188_/CLK (sky130_fd_sc_hd__dfstp_1)
                  0.06    0.38    0.63 v _2188_/Q (sky130_fd_sc_hd__dfstp_1)
     2    0.01                           d5.fll_core.counter_reset (net)
                  0.06    0.00    0.63 v _1971_/A (sky130_fd_sc_hd__buf_4)
                  0.08    0.19    0.82 v _1971_/X (sky130_fd_sc_hd__buf_4)
    10    0.05                           _0779_ (net)
                  0.08    0.00    0.82 v _1980_/A (sky130_fd_sc_hd__inv_2)
                  0.03    0.06    0.88 ^ _1980_/Y (sky130_fd_sc_hd__inv_2)
     1    0.00                           _0244_ (net)
                  0.03    0.00    0.88 ^ _2218_/RESET_B (sky130_fd_sc_hd__dfrtp_1)
                                  0.88   data arrival time

                          0.00    0.00   clock ref_in (rise edge)
                          0.00    0.00   clock source latency
                  0.00    0.00    0.00 ^ ref_in (in)
     1    0.02                           ref_in (net)
                  0.00    0.00    0.00 ^ clkbuf_0_ref_in/A (sky130_fd_sc_hd__clkbuf_16)
                  0.04    0.11    0.11 ^ clkbuf_0_ref_in/X (sky130_fd_sc_hd__clkbuf_16)
     2    0.02                           clknet_0_ref_in (net)
                  0.04    0.00    0.11 ^ clkbuf_1_0__f_ref_in/A (sky130_fd_sc_hd__clkbuf_16)
                  0.06    0.14    0.25 ^ clkbuf_1_0__f_ref_in/X (sky130_fd_sc_hd__clkbuf_16)
    15    0.04                           clknet_1_0__leaf_ref_in (net)
                  0.06    0.00    0.25 ^ _2218_/CLK (sky130_fd_sc_hd__dfrtp_1)
                          0.00    0.25   clock reconvergence pessimism
                          0.32    0.58   library removal time
                                  0.58   data required time
-----------------------------------------------------------------------------
                                  0.58   data required time
                                 -0.88   data arrival time
-----------------------------------------------------------------------------
                                  0.30   slack (MET)


Startpoint: _2188_ (rising edge-triggered flip-flop clocked by ref_in)
Endpoint: _2211_ (removal check against rising-edge clock ref_in)
Path Group: **async_default**
Path Type: min

Fanout     Cap    Slew   Delay    Time   Description
-----------------------------------------------------------------------------
                          0.00    0.00   clock ref_in (rise edge)
                          0.00    0.00   clock source latency
                  0.00    0.00    0.00 ^ ref_in (in)
     1    0.02                           ref_in (net)
                  0.00    0.00    0.00 ^ clkbuf_0_ref_in/A (sky130_fd_sc_hd__clkbuf_16)
                  0.04    0.11    0.11 ^ clkbuf_0_ref_in/X (sky130_fd_sc_hd__clkbuf_16)
     2    0.02                           clknet_0_ref_in (net)
                  0.04    0.00    0.11 ^ clkbuf_1_1__f_ref_in/A (sky130_fd_sc_hd__clkbuf_16)
                  0.05    0.13    0.24 ^ clkbuf_1_1__f_ref_in/X (sky130_fd_sc_hd__clkbuf_16)
    11    0.03                           clknet_1_1__leaf_ref_in (net)
                  0.05    0.00    0.24 ^ _2188_/CLK (sky130_fd_sc_hd__dfstp_1)
                  0.06    0.38    0.63 v _2188_/Q (sky130_fd_sc_hd__dfstp_1)
     2    0.01                           d5.fll_core.counter_reset (net)
                  0.06    0.00    0.63 v _1971_/A (sky130_fd_sc_hd__buf_4)
                  0.08    0.19    0.82 v _1971_/X (sky130_fd_sc_hd__buf_4)
    10    0.05                           _0779_ (net)
                  0.08    0.00    0.82 v _1973_/A (sky130_fd_sc_hd__inv_2)
                  0.03    0.06    0.88 ^ _1973_/Y (sky130_fd_sc_hd__inv_2)
     1    0.00                           _0237_ (net)
                  0.03    0.00    0.88 ^ _2211_/RESET_B (sky130_fd_sc_hd__dfrtp_1)
                                  0.88   data arrival time

                          0.00    0.00   clock ref_in (rise edge)
                          0.00    0.00   clock source latency
                  0.00    0.00    0.00 ^ ref_in (in)
     1    0.02                           ref_in (net)
                  0.00    0.00    0.00 ^ clkbuf_0_ref_in/A (sky130_fd_sc_hd__clkbuf_16)
                  0.04    0.11    0.11 ^ clkbuf_0_ref_in/X (sky130_fd_sc_hd__clkbuf_16)
     2    0.02                           clknet_0_ref_in (net)
                  0.04    0.00    0.11 ^ clkbuf_1_0__f_ref_in/A (sky130_fd_sc_hd__clkbuf_16)
                  0.06    0.14    0.25 ^ clkbuf_1_0__f_ref_in/X (sky130_fd_sc_hd__clkbuf_16)
    15    0.04                           clknet_1_0__leaf_ref_in (net)
                  0.06    0.00    0.25 ^ _2211_/CLK (sky130_fd_sc_hd__dfrtp_1)
                          0.00    0.25   clock reconvergence pessimism
                          0.32    0.58   library removal time
                                  0.58   data required time
-----------------------------------------------------------------------------
                                  0.58   data required time
                                 -0.88   data arrival time
-----------------------------------------------------------------------------
                                  0.30   slack (MET)


Startpoint: _2188_ (rising edge-triggered flip-flop clocked by ref_in)
Endpoint: _2214_ (removal check against rising-edge clock ref_in)
Path Group: **async_default**
Path Type: min

Fanout     Cap    Slew   Delay    Time   Description
-----------------------------------------------------------------------------
                          0.00    0.00   clock ref_in (rise edge)
                          0.00    0.00   clock source latency
                  0.00    0.00    0.00 ^ ref_in (in)
     1    0.02                           ref_in (net)
                  0.00    0.00    0.00 ^ clkbuf_0_ref_in/A (sky130_fd_sc_hd__clkbuf_16)
                  0.04    0.11    0.11 ^ clkbuf_0_ref_in/X (sky130_fd_sc_hd__clkbuf_16)
     2    0.02                           clknet_0_ref_in (net)
                  0.04    0.00    0.11 ^ clkbuf_1_1__f_ref_in/A (sky130_fd_sc_hd__clkbuf_16)
                  0.05    0.13    0.24 ^ clkbuf_1_1__f_ref_in/X (sky130_fd_sc_hd__clkbuf_16)
    11    0.03                           clknet_1_1__leaf_ref_in (net)
                  0.05    0.00    0.24 ^ _2188_/CLK (sky130_fd_sc_hd__dfstp_1)
                  0.06    0.38    0.63 v _2188_/Q (sky130_fd_sc_hd__dfstp_1)
     2    0.01                           d5.fll_core.counter_reset (net)
                  0.06    0.00    0.63 v _1971_/A (sky130_fd_sc_hd__buf_4)
                  0.08    0.19    0.82 v _1971_/X (sky130_fd_sc_hd__buf_4)
    10    0.05                           _0779_ (net)
                  0.08    0.00    0.82 v _1976_/A (sky130_fd_sc_hd__inv_2)
                  0.04    0.06    0.88 ^ _1976_/Y (sky130_fd_sc_hd__inv_2)
     1    0.00                           _0240_ (net)
                  0.04    0.00    0.88 ^ _2214_/RESET_B (sky130_fd_sc_hd__dfrtp_1)
                                  0.88   data arrival time

                          0.00    0.00   clock ref_in (rise edge)
                          0.00    0.00   clock source latency
                  0.00    0.00    0.00 ^ ref_in (in)
     1    0.02                           ref_in (net)
                  0.00    0.00    0.00 ^ clkbuf_0_ref_in/A (sky130_fd_sc_hd__clkbuf_16)
                  0.04    0.11    0.11 ^ clkbuf_0_ref_in/X (sky130_fd_sc_hd__clkbuf_16)
     2    0.02                           clknet_0_ref_in (net)
                  0.04    0.00    0.11 ^ clkbuf_1_0__f_ref_in/A (sky130_fd_sc_hd__clkbuf_16)
                  0.06    0.14    0.25 ^ clkbuf_1_0__f_ref_in/X (sky130_fd_sc_hd__clkbuf_16)
    15    0.04                           clknet_1_0__leaf_ref_in (net)
                  0.06    0.00    0.25 ^ _2214_/CLK (sky130_fd_sc_hd__dfrtp_1)
                          0.00    0.25   clock reconvergence pessimism
                          0.32    0.58   library removal time
                                  0.58   data required time
-----------------------------------------------------------------------------
                                  0.58   data required time
                                 -0.88   data arrival time
-----------------------------------------------------------------------------
                                  0.30   slack (MET)


Startpoint: _2158_ (rising edge-triggered flip-flop clocked by clk_in)
Endpoint: _2158_ (rising edge-triggered flip-flop clocked by clk_in)
Path Group: clk_in
Path Type: min

Fanout     Cap    Slew   Delay    Time   Description
-----------------------------------------------------------------------------
                          0.00    0.00   clock clk_in (rise edge)
                          0.00    0.00   clock source latency
                  0.00    0.00    0.00 ^ clk_in (in)
     1    0.02                           clk_in (net)
                  0.00    0.00    0.00 ^ clkbuf_0_clk_in/A (sky130_fd_sc_hd__clkbuf_16)
                  0.12    0.17    0.17 ^ clkbuf_0_clk_in/X (sky130_fd_sc_hd__clkbuf_16)
    16    0.10                           clknet_0_clk_in (net)
                  0.12    0.00    0.18 ^ clkbuf_4_2_0_clk_in/A (sky130_fd_sc_hd__clkbuf_8)
                  0.10    0.20    0.37 ^ clkbuf_4_2_0_clk_in/X (sky130_fd_sc_hd__clkbuf_8)
    17    0.05                           clknet_4_2_0_clk_in (net)
                  0.10    0.00    0.38 ^ _2158_/CLK (sky130_fd_sc_hd__dfrtp_1)
                  0.05    0.34    0.72 ^ _2158_/Q (sky130_fd_sc_hd__dfrtp_1)
     2    0.01                           d2.t_load[66] (net)
                  0.05    0.00    0.72 ^ _1192_/A0 (sky130_fd_sc_hd__mux2_1)
                  0.04    0.11    0.83 ^ _1192_/X (sky130_fd_sc_hd__mux2_1)
     1    0.00                           _0944_ (net)
                  0.04    0.00    0.83 ^ _1193_/A (sky130_fd_sc_hd__clkbuf_1)
                  0.04    0.08    0.91 ^ _1193_/X (sky130_fd_sc_hd__clkbuf_1)
     1    0.00                           _0421_ (net)
                  0.04    0.00    0.91 ^ _2158_/D (sky130_fd_sc_hd__dfrtp_1)
                                  0.91   data arrival time

                          0.00    0.00   clock clk_in (rise edge)
                          0.00    0.00   clock source latency
                  0.00    0.00    0.00 ^ clk_in (in)
     1    0.02                           clk_in (net)
                  0.00    0.00    0.00 ^ clkbuf_0_clk_in/A (sky130_fd_sc_hd__clkbuf_16)
                  0.12    0.17    0.17 ^ clkbuf_0_clk_in/X (sky130_fd_sc_hd__clkbuf_16)
    16    0.10                           clknet_0_clk_in (net)
                  0.12    0.00    0.18 ^ clkbuf_4_2_0_clk_in/A (sky130_fd_sc_hd__clkbuf_8)
                  0.10    0.20    0.37 ^ clkbuf_4_2_0_clk_in/X (sky130_fd_sc_hd__clkbuf_8)
    17    0.05                           clknet_4_2_0_clk_in (net)
                  0.10    0.00    0.38 ^ _2158_/CLK (sky130_fd_sc_hd__dfrtp_1)
                          0.00    0.38   clock reconvergence pessimism
                         -0.03    0.35   library hold time
                                  0.35   data required time
-----------------------------------------------------------------------------
                                  0.35   data required time
                                 -0.91   data arrival time
-----------------------------------------------------------------------------
                                  0.56   slack (MET)


Startpoint: _2068_ (rising edge-triggered flip-flop clocked by clk_in)
Endpoint: _2168_ (rising edge-triggered flip-flop clocked by clk_in)
Path Group: clk_in
Path Type: min

Fanout     Cap    Slew   Delay    Time   Description
-----------------------------------------------------------------------------
                          0.00    0.00   clock clk_in (rise edge)
                          0.00    0.00   clock source latency
                  0.00    0.00    0.00 ^ clk_in (in)
     1    0.02                           clk_in (net)
                  0.00    0.00    0.00 ^ clkbuf_0_clk_in/A (sky130_fd_sc_hd__clkbuf_16)
                  0.12    0.17    0.17 ^ clkbuf_0_clk_in/X (sky130_fd_sc_hd__clkbuf_16)
    16    0.10                           clknet_0_clk_in (net)
                  0.12    0.00    0.18 ^ clkbuf_4_3_0_clk_in/A (sky130_fd_sc_hd__clkbuf_8)
                  0.07    0.17    0.35 ^ clkbuf_4_3_0_clk_in/X (sky130_fd_sc_hd__clkbuf_8)
    10    0.03                           clknet_4_3_0_clk_in (net)
                  0.07    0.00    0.35 ^ _2068_/CLK (sky130_fd_sc_hd__dfrtp_1)
                  0.08    0.36    0.71 ^ _2068_/Q (sky130_fd_sc_hd__dfrtp_1)
     3    0.01                           d2.r_reg[76] (net)
                  0.08    0.00    0.71 ^ _1171_/A1 (sky130_fd_sc_hd__mux2_1)
                  0.04    0.13    0.84 ^ _1171_/X (sky130_fd_sc_hd__mux2_1)
     1    0.00                           _0933_ (net)
                  0.04    0.00    0.84 ^ _1172_/A (sky130_fd_sc_hd__clkbuf_1)
                  0.05    0.08    0.92 ^ _1172_/X (sky130_fd_sc_hd__clkbuf_1)
     1    0.00                           _0431_ (net)
                  0.05    0.00    0.92 ^ _2168_/D (sky130_fd_sc_hd__dfrtp_1)
                                  0.92   data arrival time

                          0.00    0.00   clock clk_in (rise edge)
                          0.00    0.00   clock source latency
                  0.00    0.00    0.00 ^ clk_in (in)
     1    0.02                           clk_in (net)
                  0.00    0.00    0.00 ^ clkbuf_0_clk_in/A (sky130_fd_sc_hd__clkbuf_16)
                  0.12    0.17    0.17 ^ clkbuf_0_clk_in/X (sky130_fd_sc_hd__clkbuf_16)
    16    0.10                           clknet_0_clk_in (net)
                  0.12    0.00    0.18 ^ clkbuf_4_2_0_clk_in/A (sky130_fd_sc_hd__clkbuf_8)
                  0.10    0.20    0.37 ^ clkbuf_4_2_0_clk_in/X (sky130_fd_sc_hd__clkbuf_8)
    17    0.05                           clknet_4_2_0_clk_in (net)
                  0.10    0.00    0.37 ^ _2168_/CLK (sky130_fd_sc_hd__dfrtp_1)
                          0.00    0.37   clock reconvergence pessimism
                         -0.03    0.35   library hold time
                                  0.35   data required time
-----------------------------------------------------------------------------
                                  0.35   data required time
                                 -0.92   data arrival time
-----------------------------------------------------------------------------
                                  0.57   slack (MET)


Startpoint: _2152_ (rising edge-triggered flip-flop clocked by clk_in)
Endpoint: _2152_ (rising edge-triggered flip-flop clocked by clk_in)
Path Group: clk_in
Path Type: min

Fanout     Cap    Slew   Delay    Time   Description
-----------------------------------------------------------------------------
                          0.00    0.00   clock clk_in (rise edge)
                          0.00    0.00   clock source latency
                  0.00    0.00    0.00 ^ clk_in (in)
     1    0.02                           clk_in (net)
                  0.00    0.00    0.00 ^ clkbuf_0_clk_in/A (sky130_fd_sc_hd__clkbuf_16)
                  0.12    0.17    0.17 ^ clkbuf_0_clk_in/X (sky130_fd_sc_hd__clkbuf_16)
    16    0.10                           clknet_0_clk_in (net)
                  0.12    0.00    0.18 ^ clkbuf_4_9_0_clk_in/A (sky130_fd_sc_hd__clkbuf_8)
                  0.06    0.17    0.34 ^ clkbuf_4_9_0_clk_in/X (sky130_fd_sc_hd__clkbuf_8)
     9    0.03                           clknet_4_9_0_clk_in (net)
                  0.06    0.00    0.35 ^ _2152_/CLK (sky130_fd_sc_hd__dfrtp_1)
                  0.07    0.35    0.69 ^ _2152_/Q (sky130_fd_sc_hd__dfrtp_1)
     3    0.01                           d2.t_load[60] (net)
                  0.07    0.00    0.69 ^ _1205_/A0 (sky130_fd_sc_hd__mux2_1)
                  0.04    0.13    0.82 ^ _1205_/X (sky130_fd_sc_hd__mux2_1)
     1    0.00                           _0951_ (net)
                  0.04    0.00    0.82 ^ _1206_/A (sky130_fd_sc_hd__clkbuf_1)
                  0.04    0.08    0.89 ^ _1206_/X (sky130_fd_sc_hd__clkbuf_1)
     1    0.00                           _0415_ (net)
                  0.04    0.00    0.89 ^ _2152_/D (sky130_fd_sc_hd__dfrtp_1)
                                  0.89   data arrival time

                          0.00    0.00   clock clk_in (rise edge)
                          0.00    0.00   clock source latency
                  0.00    0.00    0.00 ^ clk_in (in)
     1    0.02                           clk_in (net)
                  0.00    0.00    0.00 ^ clkbuf_0_clk_in/A (sky130_fd_sc_hd__clkbuf_16)
                  0.12    0.17    0.17 ^ clkbuf_0_clk_in/X (sky130_fd_sc_hd__clkbuf_16)
    16    0.10                           clknet_0_clk_in (net)
                  0.12    0.00    0.18 ^ clkbuf_4_9_0_clk_in/A (sky130_fd_sc_hd__clkbuf_8)
                  0.06    0.17    0.34 ^ clkbuf_4_9_0_clk_in/X (sky130_fd_sc_hd__clkbuf_8)
     9    0.03                           clknet_4_9_0_clk_in (net)
                  0.06    0.00    0.35 ^ _2152_/CLK (sky130_fd_sc_hd__dfrtp_1)
                          0.00    0.35   clock reconvergence pessimism
                         -0.03    0.31   library hold time
                                  0.31   data required time
-----------------------------------------------------------------------------
                                  0.31   data required time
                                 -0.89   data arrival time
-----------------------------------------------------------------------------
                                  0.58   slack (MET)


Startpoint: _2159_ (rising edge-triggered flip-flop clocked by clk_in)
Endpoint: _2159_ (rising edge-triggered flip-flop clocked by clk_in)
Path Group: clk_in
Path Type: min

Fanout     Cap    Slew   Delay    Time   Description
-----------------------------------------------------------------------------
                          0.00    0.00   clock clk_in (rise edge)
                          0.00    0.00   clock source latency
                  0.00    0.00    0.00 ^ clk_in (in)
     1    0.02                           clk_in (net)
                  0.00    0.00    0.00 ^ clkbuf_0_clk_in/A (sky130_fd_sc_hd__clkbuf_16)
                  0.12    0.17    0.17 ^ clkbuf_0_clk_in/X (sky130_fd_sc_hd__clkbuf_16)
    16    0.10                           clknet_0_clk_in (net)
                  0.12    0.00    0.18 ^ clkbuf_4_2_0_clk_in/A (sky130_fd_sc_hd__clkbuf_8)
                  0.10    0.20    0.37 ^ clkbuf_4_2_0_clk_in/X (sky130_fd_sc_hd__clkbuf_8)
    17    0.05                           clknet_4_2_0_clk_in (net)
                  0.10    0.00    0.37 ^ _2159_/CLK (sky130_fd_sc_hd__dfrtp_1)
                  0.05    0.34    0.72 ^ _2159_/Q (sky130_fd_sc_hd__dfrtp_1)
     2    0.01                           d2.t_load[67] (net)
                  0.05    0.00    0.72 ^ _1190_/A0 (sky130_fd_sc_hd__mux2_1)
                  0.05    0.12    0.84 ^ _1190_/X (sky130_fd_sc_hd__mux2_1)
     1    0.00                           _0943_ (net)
                  0.05    0.00    0.84 ^ _1191_/A (sky130_fd_sc_hd__clkbuf_1)
                  0.06    0.09    0.93 ^ _1191_/X (sky130_fd_sc_hd__clkbuf_1)
     1    0.00                           _0422_ (net)
                  0.06    0.00    0.93 ^ _2159_/D (sky130_fd_sc_hd__dfrtp_1)
                                  0.93   data arrival time

                          0.00    0.00   clock clk_in (rise edge)
                          0.00    0.00   clock source latency
                  0.00    0.00    0.00 ^ clk_in (in)
     1    0.02                           clk_in (net)
                  0.00    0.00    0.00 ^ clkbuf_0_clk_in/A (sky130_fd_sc_hd__clkbuf_16)
                  0.12    0.17    0.17 ^ clkbuf_0_clk_in/X (sky130_fd_sc_hd__clkbuf_16)
    16    0.10                           clknet_0_clk_in (net)
                  0.12    0.00    0.18 ^ clkbuf_4_2_0_clk_in/A (sky130_fd_sc_hd__clkbuf_8)
                  0.10    0.20    0.37 ^ clkbuf_4_2_0_clk_in/X (sky130_fd_sc_hd__clkbuf_8)
    17    0.05                           clknet_4_2_0_clk_in (net)
                  0.10    0.00    0.37 ^ _2159_/CLK (sky130_fd_sc_hd__dfrtp_1)
                          0.00    0.37   clock reconvergence pessimism
                         -0.03    0.34   library hold time
                                  0.34   data required time
-----------------------------------------------------------------------------
                                  0.34   data required time
                                 -0.93   data arrival time
-----------------------------------------------------------------------------
                                  0.58   slack (MET)


Startpoint: _2153_ (rising edge-triggered flip-flop clocked by clk_in)
Endpoint: _2153_ (rising edge-triggered flip-flop clocked by clk_in)
Path Group: clk_in
Path Type: min

Fanout     Cap    Slew   Delay    Time   Description
-----------------------------------------------------------------------------
                          0.00    0.00   clock clk_in (rise edge)
                          0.00    0.00   clock source latency
                  0.00    0.00    0.00 ^ clk_in (in)
     1    0.02                           clk_in (net)
                  0.00    0.00    0.00 ^ clkbuf_0_clk_in/A (sky130_fd_sc_hd__clkbuf_16)
                  0.12    0.17    0.17 ^ clkbuf_0_clk_in/X (sky130_fd_sc_hd__clkbuf_16)
    16    0.10                           clknet_0_clk_in (net)
                  0.12    0.00    0.18 ^ clkbuf_4_9_0_clk_in/A (sky130_fd_sc_hd__clkbuf_8)
                  0.06    0.17    0.34 ^ clkbuf_4_9_0_clk_in/X (sky130_fd_sc_hd__clkbuf_8)
     9    0.03                           clknet_4_9_0_clk_in (net)
                  0.06    0.00    0.35 ^ _2153_/CLK (sky130_fd_sc_hd__dfrtp_1)
                  0.06    0.34    0.69 ^ _2153_/Q (sky130_fd_sc_hd__dfrtp_1)
     3    0.01                           d2.t_load[61] (net)
                  0.06    0.00    0.69 ^ _1203_/A0 (sky130_fd_sc_hd__mux2_1)
                  0.05    0.13    0.81 ^ _1203_/X (sky130_fd_sc_hd__mux2_1)
     1    0.00                           _0950_ (net)
                  0.05    0.00    0.81 ^ _1204_/A (sky130_fd_sc_hd__clkbuf_1)
                  0.05    0.08    0.90 ^ _1204_/X (sky130_fd_sc_hd__clkbuf_1)
     1    0.00                           _0416_ (net)
                  0.05    0.00    0.90 ^ _2153_/D (sky130_fd_sc_hd__dfrtp_1)
                                  0.90   data arrival time

                          0.00    0.00   clock clk_in (rise edge)
                          0.00    0.00   clock source latency
                  0.00    0.00    0.00 ^ clk_in (in)
     1    0.02                           clk_in (net)
                  0.00    0.00    0.00 ^ clkbuf_0_clk_in/A (sky130_fd_sc_hd__clkbuf_16)
                  0.12    0.17    0.17 ^ clkbuf_0_clk_in/X (sky130_fd_sc_hd__clkbuf_16)
    16    0.10                           clknet_0_clk_in (net)
                  0.12    0.00    0.18 ^ clkbuf_4_9_0_clk_in/A (sky130_fd_sc_hd__clkbuf_8)
                  0.06    0.17    0.34 ^ clkbuf_4_9_0_clk_in/X (sky130_fd_sc_hd__clkbuf_8)
     9    0.03                           clknet_4_9_0_clk_in (net)
                  0.06    0.00    0.35 ^ _2153_/CLK (sky130_fd_sc_hd__dfrtp_1)
                          0.00    0.35   clock reconvergence pessimism
                         -0.03    0.31   library hold time
                                  0.31   data required time
-----------------------------------------------------------------------------
                                  0.31   data required time
                                 -0.90   data arrival time
-----------------------------------------------------------------------------
                                  0.58   slack (MET)


Startpoint: _2210_ (rising edge-triggered flip-flop clocked by ref_in)
Endpoint: _2210_ (rising edge-triggered flip-flop clocked by ref_in)
Path Group: ref_in
Path Type: min

Fanout     Cap    Slew   Delay    Time   Description
-----------------------------------------------------------------------------
                          0.00    0.00   clock ref_in (rise edge)
                          0.00    0.00   clock source latency
                  0.00    0.00    0.00 ^ ref_in (in)
     1    0.02                           ref_in (net)
                  0.00    0.00    0.00 ^ clkbuf_0_ref_in/A (sky130_fd_sc_hd__clkbuf_16)
                  0.04    0.11    0.11 ^ clkbuf_0_ref_in/X (sky130_fd_sc_hd__clkbuf_16)
     2    0.02                           clknet_0_ref_in (net)
                  0.04    0.00    0.11 ^ clkbuf_1_0__f_ref_in/A (sky130_fd_sc_hd__clkbuf_16)
                  0.06    0.14    0.25 ^ clkbuf_1_0__f_ref_in/X (sky130_fd_sc_hd__clkbuf_16)
    15    0.04                           clknet_1_0__leaf_ref_in (net)
                  0.06    0.00    0.25 ^ _2210_/CLK (sky130_fd_sc_hd__dfrtp_2)
                  0.11    0.40    0.66 ^ _2210_/Q (sky130_fd_sc_hd__dfrtp_2)
     5    0.02                           d5.fll_core.counter2.count[0] (net)
                  0.11    0.00    0.66 ^ _1077_/A (sky130_fd_sc_hd__inv_2)
                  0.03    0.05    0.71 v _1077_/Y (sky130_fd_sc_hd__inv_2)
     2    0.01                           _0011_ (net)
                  0.03    0.00    0.71 v _2210_/D (sky130_fd_sc_hd__dfrtp_2)
                                  0.71   data arrival time

                          0.00    0.00   clock ref_in (rise edge)
                          0.00    0.00   clock source latency
                  0.00    0.00    0.00 ^ ref_in (in)
     1    0.02                           ref_in (net)
                  0.00    0.00    0.00 ^ clkbuf_0_ref_in/A (sky130_fd_sc_hd__clkbuf_16)
                  0.04    0.11    0.11 ^ clkbuf_0_ref_in/X (sky130_fd_sc_hd__clkbuf_16)
     2    0.02                           clknet_0_ref_in (net)
                  0.04    0.00    0.11 ^ clkbuf_1_0__f_ref_in/A (sky130_fd_sc_hd__clkbuf_16)
                  0.06    0.14    0.25 ^ clkbuf_1_0__f_ref_in/X (sky130_fd_sc_hd__clkbuf_16)
    15    0.04                           clknet_1_0__leaf_ref_in (net)
                  0.06    0.00    0.25 ^ _2210_/CLK (sky130_fd_sc_hd__dfrtp_2)
                          0.00    0.25   clock reconvergence pessimism
                         -0.03    0.22   library hold time
                                  0.22   data required time
-----------------------------------------------------------------------------
                                  0.22   data required time
                                 -0.71   data arrival time
-----------------------------------------------------------------------------
                                  0.49   slack (MET)


Startpoint: _2210_ (rising edge-triggered flip-flop clocked by ref_in)
Endpoint: _2211_ (rising edge-triggered flip-flop clocked by ref_in)
Path Group: ref_in
Path Type: min

Fanout     Cap    Slew   Delay    Time   Description
-----------------------------------------------------------------------------
                          0.00    0.00   clock ref_in (rise edge)
                          0.00    0.00   clock source latency
                  0.00    0.00    0.00 ^ ref_in (in)
     1    0.02                           ref_in (net)
                  0.00    0.00    0.00 ^ clkbuf_0_ref_in/A (sky130_fd_sc_hd__clkbuf_16)
                  0.04    0.11    0.11 ^ clkbuf_0_ref_in/X (sky130_fd_sc_hd__clkbuf_16)
     2    0.02                           clknet_0_ref_in (net)
                  0.04    0.00    0.11 ^ clkbuf_1_0__f_ref_in/A (sky130_fd_sc_hd__clkbuf_16)
                  0.06    0.14    0.25 ^ clkbuf_1_0__f_ref_in/X (sky130_fd_sc_hd__clkbuf_16)
    15    0.04                           clknet_1_0__leaf_ref_in (net)
                  0.06    0.00    0.25 ^ _2210_/CLK (sky130_fd_sc_hd__dfrtp_2)
                  0.11    0.40    0.66 ^ _2210_/Q (sky130_fd_sc_hd__dfrtp_2)
     5    0.02                           d5.fll_core.counter2.count[0] (net)
                  0.11    0.00    0.66 ^ _1705_/A (sky130_fd_sc_hd__xor2_1)
                  0.04    0.08    0.74 v _1705_/X (sky130_fd_sc_hd__xor2_1)
     1    0.00                           _0012_ (net)
                  0.04    0.00    0.74 v _2211_/D (sky130_fd_sc_hd__dfrtp_1)
                                  0.74   data arrival time

                          0.00    0.00   clock ref_in (rise edge)
                          0.00    0.00   clock source latency
                  0.00    0.00    0.00 ^ ref_in (in)
     1    0.02                           ref_in (net)
                  0.00    0.00    0.00 ^ clkbuf_0_ref_in/A (sky130_fd_sc_hd__clkbuf_16)
                  0.04    0.11    0.11 ^ clkbuf_0_ref_in/X (sky130_fd_sc_hd__clkbuf_16)
     2    0.02                           clknet_0_ref_in (net)
                  0.04    0.00    0.11 ^ clkbuf_1_0__f_ref_in/A (sky130_fd_sc_hd__clkbuf_16)
                  0.06    0.14    0.25 ^ clkbuf_1_0__f_ref_in/X (sky130_fd_sc_hd__clkbuf_16)
    15    0.04                           clknet_1_0__leaf_ref_in (net)
                  0.06    0.00    0.25 ^ _2211_/CLK (sky130_fd_sc_hd__dfrtp_1)
                          0.00    0.25   clock reconvergence pessimism
                         -0.04    0.21   library hold time
                                  0.21   data required time
-----------------------------------------------------------------------------
                                  0.21   data required time
                                 -0.74   data arrival time
-----------------------------------------------------------------------------
                                  0.52   slack (MET)


Startpoint: _2219_ (rising edge-triggered flip-flop clocked by ref_in)
Endpoint: _2219_ (rising edge-triggered flip-flop clocked by ref_in)
Path Group: ref_in
Path Type: min

Fanout     Cap    Slew   Delay    Time   Description
-----------------------------------------------------------------------------
                          0.00    0.00   clock ref_in (rise edge)
                          0.00    0.00   clock source latency
                  0.00    0.00    0.00 ^ ref_in (in)
     1    0.02                           ref_in (net)
                  0.00    0.00    0.00 ^ clkbuf_0_ref_in/A (sky130_fd_sc_hd__clkbuf_16)
                  0.04    0.11    0.11 ^ clkbuf_0_ref_in/X (sky130_fd_sc_hd__clkbuf_16)
     2    0.02                           clknet_0_ref_in (net)
                  0.04    0.00    0.11 ^ clkbuf_1_0__f_ref_in/A (sky130_fd_sc_hd__clkbuf_16)
                  0.06    0.14    0.25 ^ clkbuf_1_0__f_ref_in/X (sky130_fd_sc_hd__clkbuf_16)
    15    0.04                           clknet_1_0__leaf_ref_in (net)
                  0.06    0.00    0.25 ^ _2219_/CLK (sky130_fd_sc_hd__dfrtp_1)
                  0.07    0.34    0.59 ^ _2219_/Q (sky130_fd_sc_hd__dfrtp_1)
     1    0.01                           d5.fll_core.counter2.count[9] (net)
                  0.07    0.00    0.59 ^ _1068_/A (sky130_fd_sc_hd__inv_2)
                  0.04    0.05    0.65 v _1068_/Y (sky130_fd_sc_hd__inv_2)
     3    0.01                           _0862_ (net)
                  0.04    0.00    0.65 v _1723_/A (sky130_fd_sc_hd__xnor2_1)
                  0.04    0.11    0.76 v _1723_/Y (sky130_fd_sc_hd__xnor2_1)
     1    0.00                           _0020_ (net)
                  0.04    0.00    0.76 v _2219_/D (sky130_fd_sc_hd__dfrtp_1)
                                  0.76   data arrival time

                          0.00    0.00   clock ref_in (rise edge)
                          0.00    0.00   clock source latency
                  0.00    0.00    0.00 ^ ref_in (in)
     1    0.02                           ref_in (net)
                  0.00    0.00    0.00 ^ clkbuf_0_ref_in/A (sky130_fd_sc_hd__clkbuf_16)
                  0.04    0.11    0.11 ^ clkbuf_0_ref_in/X (sky130_fd_sc_hd__clkbuf_16)
     2    0.02                           clknet_0_ref_in (net)
                  0.04    0.00    0.11 ^ clkbuf_1_0__f_ref_in/A (sky130_fd_sc_hd__clkbuf_16)
                  0.06    0.14    0.25 ^ clkbuf_1_0__f_ref_in/X (sky130_fd_sc_hd__clkbuf_16)
    15    0.04                           clknet_1_0__leaf_ref_in (net)
                  0.06    0.00    0.25 ^ _2219_/CLK (sky130_fd_sc_hd__dfrtp_1)
                          0.00    0.25   clock reconvergence pessimism
                         -0.04    0.22   library hold time
                                  0.22   data required time
-----------------------------------------------------------------------------
                                  0.22   data required time
                                 -0.76   data arrival time
-----------------------------------------------------------------------------
                                  0.55   slack (MET)


Startpoint: _2216_ (rising edge-triggered flip-flop clocked by ref_in)
Endpoint: _2216_ (rising edge-triggered flip-flop clocked by ref_in)
Path Group: ref_in
Path Type: min

Fanout     Cap    Slew   Delay    Time   Description
-----------------------------------------------------------------------------
                          0.00    0.00   clock ref_in (rise edge)
                          0.00    0.00   clock source latency
                  0.00    0.00    0.00 ^ ref_in (in)
     1    0.02                           ref_in (net)
                  0.00    0.00    0.00 ^ clkbuf_0_ref_in/A (sky130_fd_sc_hd__clkbuf_16)
                  0.04    0.11    0.11 ^ clkbuf_0_ref_in/X (sky130_fd_sc_hd__clkbuf_16)
     2    0.02                           clknet_0_ref_in (net)
                  0.04    0.00    0.11 ^ clkbuf_1_0__f_ref_in/A (sky130_fd_sc_hd__clkbuf_16)
                  0.06    0.14    0.25 ^ clkbuf_1_0__f_ref_in/X (sky130_fd_sc_hd__clkbuf_16)
    15    0.04                           clknet_1_0__leaf_ref_in (net)
                  0.06    0.00    0.25 ^ _2216_/CLK (sky130_fd_sc_hd__dfrtp_1)
                  0.11    0.37    0.63 ^ _2216_/Q (sky130_fd_sc_hd__dfrtp_1)
     3    0.01                           d5.fll_core.counter2.count[6] (net)
                  0.11    0.00    0.63 ^ _1717_/A (sky130_fd_sc_hd__nor2_1)
                  0.03    0.06    0.69 v _1717_/Y (sky130_fd_sc_hd__nor2_1)
     1    0.00                           _0747_ (net)
                  0.03    0.00    0.69 v _1718_/B (sky130_fd_sc_hd__nor2_1)
                  0.07    0.08    0.76 ^ _1718_/Y (sky130_fd_sc_hd__nor2_1)
     1    0.00                           _0017_ (net)
                  0.07    0.00    0.76 ^ _2216_/D (sky130_fd_sc_hd__dfrtp_1)
                                  0.76   data arrival time

                          0.00    0.00   clock ref_in (rise edge)
                          0.00    0.00   clock source latency
                  0.00    0.00    0.00 ^ ref_in (in)
     1    0.02                           ref_in (net)
                  0.00    0.00    0.00 ^ clkbuf_0_ref_in/A (sky130_fd_sc_hd__clkbuf_16)
                  0.04    0.11    0.11 ^ clkbuf_0_ref_in/X (sky130_fd_sc_hd__clkbuf_16)
     2    0.02                           clknet_0_ref_in (net)
                  0.04    0.00    0.11 ^ clkbuf_1_0__f_ref_in/A (sky130_fd_sc_hd__clkbuf_16)
                  0.06    0.14    0.25 ^ clkbuf_1_0__f_ref_in/X (sky130_fd_sc_hd__clkbuf_16)
    15    0.04                           clknet_1_0__leaf_ref_in (net)
                  0.06    0.00    0.25 ^ _2216_/CLK (sky130_fd_sc_hd__dfrtp_1)
                          0.00    0.25   clock reconvergence pessimism
                         -0.04    0.22   library hold time
                                  0.22   data required time
-----------------------------------------------------------------------------
                                  0.22   data required time
                                 -0.76   data arrival time
-----------------------------------------------------------------------------
                                  0.55   slack (MET)


Startpoint: _2212_ (rising edge-triggered flip-flop clocked by ref_in)
Endpoint: _2212_ (rising edge-triggered flip-flop clocked by ref_in)
Path Group: ref_in
Path Type: min

Fanout     Cap    Slew   Delay    Time   Description
-----------------------------------------------------------------------------
                          0.00    0.00   clock ref_in (rise edge)
                          0.00    0.00   clock source latency
                  0.00    0.00    0.00 ^ ref_in (in)
     1    0.02                           ref_in (net)
                  0.00    0.00    0.00 ^ clkbuf_0_ref_in/A (sky130_fd_sc_hd__clkbuf_16)
                  0.04    0.11    0.11 ^ clkbuf_0_ref_in/X (sky130_fd_sc_hd__clkbuf_16)
     2    0.02                           clknet_0_ref_in (net)
                  0.04    0.00    0.11 ^ clkbuf_1_0__f_ref_in/A (sky130_fd_sc_hd__clkbuf_16)
                  0.06    0.14    0.25 ^ clkbuf_1_0__f_ref_in/X (sky130_fd_sc_hd__clkbuf_16)
    15    0.04                           clknet_1_0__leaf_ref_in (net)
                  0.06    0.00    0.25 ^ _2212_/CLK (sky130_fd_sc_hd__dfrtp_1)
                  0.12    0.38    0.63 ^ _2212_/Q (sky130_fd_sc_hd__dfrtp_1)
     3    0.01                           d5.fll_core.counter2.count[2] (net)
                  0.12    0.00    0.63 ^ _1707_/B1 (sky130_fd_sc_hd__a21oi_1)
                  0.04    0.05    0.69 v _1707_/Y (sky130_fd_sc_hd__a21oi_1)
     1    0.00                           _0741_ (net)
                  0.04    0.00    0.69 v _1708_/B (sky130_fd_sc_hd__nor2_1)
                  0.08    0.08    0.77 ^ _1708_/Y (sky130_fd_sc_hd__nor2_1)
     1    0.00                           _0013_ (net)
                  0.08    0.00    0.77 ^ _2212_/D (sky130_fd_sc_hd__dfrtp_1)
                                  0.77   data arrival time

                          0.00    0.00   clock ref_in (rise edge)
                          0.00    0.00   clock source latency
                  0.00    0.00    0.00 ^ ref_in (in)
     1    0.02                           ref_in (net)
                  0.00    0.00    0.00 ^ clkbuf_0_ref_in/A (sky130_fd_sc_hd__clkbuf_16)
                  0.04    0.11    0.11 ^ clkbuf_0_ref_in/X (sky130_fd_sc_hd__clkbuf_16)
     2    0.02                           clknet_0_ref_in (net)
                  0.04    0.00    0.11 ^ clkbuf_1_0__f_ref_in/A (sky130_fd_sc_hd__clkbuf_16)
                  0.06    0.14    0.25 ^ clkbuf_1_0__f_ref_in/X (sky130_fd_sc_hd__clkbuf_16)
    15    0.04                           clknet_1_0__leaf_ref_in (net)
                  0.06    0.00    0.25 ^ _2212_/CLK (sky130_fd_sc_hd__dfrtp_1)
                          0.00    0.25   clock reconvergence pessimism
                         -0.04    0.21   library hold time
                                  0.21   data required time
-----------------------------------------------------------------------------
                                  0.21   data required time
                                 -0.77   data arrival time
-----------------------------------------------------------------------------
                                  0.55   slack (MET)


Startpoint: _2200_ (rising edge-triggered flip-flop clocked by vco_in)
Endpoint: _2200_ (rising edge-triggered flip-flop clocked by vco_in)
Path Group: vco_in
Path Type: min

Fanout     Cap    Slew   Delay    Time   Description
-----------------------------------------------------------------------------
                          0.00    0.00   clock vco_in (rise edge)
                          0.00    0.00   clock source latency
                  0.00    0.00    0.00 ^ vco_in (in)
     1    0.01                           vco_in (net)
                  0.00    0.00    0.00 ^ clkbuf_0_vco_in/A (sky130_fd_sc_hd__clkbuf_16)
                  0.04    0.11    0.11 ^ clkbuf_0_vco_in/X (sky130_fd_sc_hd__clkbuf_16)
     2    0.02                           clknet_0_vco_in (net)
                  0.04    0.00    0.11 ^ clkbuf_1_0__f_vco_in/A (sky130_fd_sc_hd__clkbuf_16)
                  0.04    0.12    0.23 ^ clkbuf_1_0__f_vco_in/X (sky130_fd_sc_hd__clkbuf_16)
     5    0.01                           clknet_1_0__leaf_vco_in (net)
                  0.04    0.00    0.23 ^ _2200_/CLK (sky130_fd_sc_hd__dfrtp_2)
                  0.12    0.40    0.63 ^ _2200_/Q (sky130_fd_sc_hd__dfrtp_2)
     6    0.02                           d5.fll_core.counter1.count[0] (net)
                  0.12    0.00    0.63 ^ _1046_/A (sky130_fd_sc_hd__inv_2)
                  0.04    0.05    0.68 v _1046_/Y (sky130_fd_sc_hd__inv_2)
     2    0.01                           _0001_ (net)
                  0.04    0.00    0.68 v _2200_/D (sky130_fd_sc_hd__dfrtp_2)
                                  0.68   data arrival time

                          0.00    0.00   clock vco_in (rise edge)
                          0.00    0.00   clock source latency
                  0.00    0.00    0.00 ^ vco_in (in)
     1    0.01                           vco_in (net)
                  0.00    0.00    0.00 ^ clkbuf_0_vco_in/A (sky130_fd_sc_hd__clkbuf_16)
                  0.04    0.11    0.11 ^ clkbuf_0_vco_in/X (sky130_fd_sc_hd__clkbuf_16)
     2    0.02                           clknet_0_vco_in (net)
                  0.04    0.00    0.11 ^ clkbuf_1_0__f_vco_in/A (sky130_fd_sc_hd__clkbuf_16)
                  0.04    0.12    0.23 ^ clkbuf_1_0__f_vco_in/X (sky130_fd_sc_hd__clkbuf_16)
     5    0.01                           clknet_1_0__leaf_vco_in (net)
                  0.04    0.00    0.23 ^ _2200_/CLK (sky130_fd_sc_hd__dfrtp_2)
                          0.00    0.23   clock reconvergence pessimism
                         -0.04    0.19   library hold time
                                  0.19   data required time
-----------------------------------------------------------------------------
                                  0.19   data required time
                                 -0.68   data arrival time
-----------------------------------------------------------------------------
                                  0.49   slack (MET)


Startpoint: _2201_ (rising edge-triggered flip-flop clocked by vco_in)
Endpoint: _2201_ (rising edge-triggered flip-flop clocked by vco_in)
Path Group: vco_in
Path Type: min

Fanout     Cap    Slew   Delay    Time   Description
-----------------------------------------------------------------------------
                          0.00    0.00   clock vco_in (rise edge)
                          0.00    0.00   clock source latency
                  0.00    0.00    0.00 ^ vco_in (in)
     1    0.01                           vco_in (net)
                  0.00    0.00    0.00 ^ clkbuf_0_vco_in/A (sky130_fd_sc_hd__clkbuf_16)
                  0.04    0.11    0.11 ^ clkbuf_0_vco_in/X (sky130_fd_sc_hd__clkbuf_16)
     2    0.02                           clknet_0_vco_in (net)
                  0.04    0.00    0.11 ^ clkbuf_1_0__f_vco_in/A (sky130_fd_sc_hd__clkbuf_16)
                  0.04    0.12    0.23 ^ clkbuf_1_0__f_vco_in/X (sky130_fd_sc_hd__clkbuf_16)
     5    0.01                           clknet_1_0__leaf_vco_in (net)
                  0.04    0.00    0.23 ^ _2201_/CLK (sky130_fd_sc_hd__dfrtp_2)
                  0.12    0.40    0.63 ^ _2201_/Q (sky130_fd_sc_hd__dfrtp_2)
     6    0.02                           d5.fll_core.counter1.count[1] (net)
                  0.12    0.00    0.63 ^ _1686_/B (sky130_fd_sc_hd__xor2_1)
                  0.04    0.08    0.71 v _1686_/X (sky130_fd_sc_hd__xor2_1)
     1    0.00                           _0002_ (net)
                  0.04    0.00    0.71 v _2201_/D (sky130_fd_sc_hd__dfrtp_2)
                                  0.71   data arrival time

                          0.00    0.00   clock vco_in (rise edge)
                          0.00    0.00   clock source latency
                  0.00    0.00    0.00 ^ vco_in (in)
     1    0.01                           vco_in (net)
                  0.00    0.00    0.00 ^ clkbuf_0_vco_in/A (sky130_fd_sc_hd__clkbuf_16)
                  0.04    0.11    0.11 ^ clkbuf_0_vco_in/X (sky130_fd_sc_hd__clkbuf_16)
     2    0.02                           clknet_0_vco_in (net)
                  0.04    0.00    0.11 ^ clkbuf_1_0__f_vco_in/A (sky130_fd_sc_hd__clkbuf_16)
                  0.04    0.12    0.23 ^ clkbuf_1_0__f_vco_in/X (sky130_fd_sc_hd__clkbuf_16)
     5    0.01                           clknet_1_0__leaf_vco_in (net)
                  0.04    0.00    0.23 ^ _2201_/CLK (sky130_fd_sc_hd__dfrtp_2)
                          0.00    0.23   clock reconvergence pessimism
                         -0.04    0.19   library hold time
                                  0.19   data required time
-----------------------------------------------------------------------------
                                  0.19   data required time
                                 -0.71   data arrival time
-----------------------------------------------------------------------------
                                  0.53   slack (MET)


Startpoint: _2208_ (rising edge-triggered flip-flop clocked by vco_in)
Endpoint: _2208_ (rising edge-triggered flip-flop clocked by vco_in)
Path Group: vco_in
Path Type: min

Fanout     Cap    Slew   Delay    Time   Description
-----------------------------------------------------------------------------
                          0.00    0.00   clock vco_in (rise edge)
                          0.00    0.00   clock source latency
                  0.00    0.00    0.00 ^ vco_in (in)
     1    0.01                           vco_in (net)
                  0.00    0.00    0.00 ^ clkbuf_0_vco_in/A (sky130_fd_sc_hd__clkbuf_16)
                  0.04    0.11    0.11 ^ clkbuf_0_vco_in/X (sky130_fd_sc_hd__clkbuf_16)
     2    0.02                           clknet_0_vco_in (net)
                  0.04    0.00    0.11 ^ clkbuf_1_1__f_vco_in/A (sky130_fd_sc_hd__clkbuf_16)
                  0.04    0.12    0.23 ^ clkbuf_1_1__f_vco_in/X (sky130_fd_sc_hd__clkbuf_16)
     5    0.01                           clknet_1_1__leaf_vco_in (net)
                  0.04    0.00    0.23 ^ _2208_/CLK (sky130_fd_sc_hd__dfrtp_1)
                  0.11    0.37    0.59 ^ _2208_/Q (sky130_fd_sc_hd__dfrtp_1)
     3    0.01                           d5.fll_core.counter1.count[8] (net)
                  0.11    0.00    0.59 ^ _1702_/B1 (sky130_fd_sc_hd__a21oi_1)
                  0.05    0.06    0.66 v _1702_/Y (sky130_fd_sc_hd__a21oi_1)
     1    0.00                           _0739_ (net)
                  0.05    0.00    0.66 v _1703_/B (sky130_fd_sc_hd__nor2_1)
                  0.07    0.08    0.73 ^ _1703_/Y (sky130_fd_sc_hd__nor2_1)
     1    0.00                           _0009_ (net)
                  0.07    0.00    0.73 ^ _2208_/D (sky130_fd_sc_hd__dfrtp_1)
                                  0.73   data arrival time

                          0.00    0.00   clock vco_in (rise edge)
                          0.00    0.00   clock source latency
                  0.00    0.00    0.00 ^ vco_in (in)
     1    0.01                           vco_in (net)
                  0.00    0.00    0.00 ^ clkbuf_0_vco_in/A (sky130_fd_sc_hd__clkbuf_16)
                  0.04    0.11    0.11 ^ clkbuf_0_vco_in/X (sky130_fd_sc_hd__clkbuf_16)
     2    0.02                           clknet_0_vco_in (net)
                  0.04    0.00    0.11 ^ clkbuf_1_1__f_vco_in/A (sky130_fd_sc_hd__clkbuf_16)
                  0.04    0.12    0.23 ^ clkbuf_1_1__f_vco_in/X (sky130_fd_sc_hd__clkbuf_16)
     5    0.01                           clknet_1_1__leaf_vco_in (net)
                  0.04    0.00    0.23 ^ _2208_/CLK (sky130_fd_sc_hd__dfrtp_1)
                          0.00    0.23   clock reconvergence pessimism
                         -0.04    0.19   library hold time
                                  0.19   data required time
-----------------------------------------------------------------------------
                                  0.19   data required time
                                 -0.73   data arrival time
-----------------------------------------------------------------------------
                                  0.55   slack (MET)


Startpoint: _2205_ (rising edge-triggered flip-flop clocked by vco_in)
Endpoint: _2205_ (rising edge-triggered flip-flop clocked by vco_in)
Path Group: vco_in
Path Type: min

Fanout     Cap    Slew   Delay    Time   Description
-----------------------------------------------------------------------------
                          0.00    0.00   clock vco_in (rise edge)
                          0.00    0.00   clock source latency
                  0.00    0.00    0.00 ^ vco_in (in)
     1    0.01                           vco_in (net)
                  0.00    0.00    0.00 ^ clkbuf_0_vco_in/A (sky130_fd_sc_hd__clkbuf_16)
                  0.04    0.11    0.11 ^ clkbuf_0_vco_in/X (sky130_fd_sc_hd__clkbuf_16)
     2    0.02                           clknet_0_vco_in (net)
                  0.04    0.00    0.11 ^ clkbuf_1_1__f_vco_in/A (sky130_fd_sc_hd__clkbuf_16)
                  0.04    0.12    0.23 ^ clkbuf_1_1__f_vco_in/X (sky130_fd_sc_hd__clkbuf_16)
     5    0.01                           clknet_1_1__leaf_vco_in (net)
                  0.04    0.00    0.23 ^ _2205_/CLK (sky130_fd_sc_hd__dfrtp_1)
                  0.11    0.36    0.59 ^ _2205_/Q (sky130_fd_sc_hd__dfrtp_1)
     3    0.01                           d5.fll_core.counter1.count[5] (net)
                  0.11    0.00    0.59 ^ _1695_/B1 (sky130_fd_sc_hd__a21oi_1)
                  0.04    0.05    0.65 v _1695_/Y (sky130_fd_sc_hd__a21oi_1)
     1    0.00                           _0735_ (net)
                  0.04    0.00    0.65 v _1696_/B (sky130_fd_sc_hd__nor2_1)
                  0.09    0.09    0.74 ^ _1696_/Y (sky130_fd_sc_hd__nor2_1)
     1    0.00                           _0006_ (net)
                  0.09    0.00    0.74 ^ _2205_/D (sky130_fd_sc_hd__dfrtp_1)
                                  0.74   data arrival time

                          0.00    0.00   clock vco_in (rise edge)
                          0.00    0.00   clock source latency
                  0.00    0.00    0.00 ^ vco_in (in)
     1    0.01                           vco_in (net)
                  0.00    0.00    0.00 ^ clkbuf_0_vco_in/A (sky130_fd_sc_hd__clkbuf_16)
                  0.04    0.11    0.11 ^ clkbuf_0_vco_in/X (sky130_fd_sc_hd__clkbuf_16)
     2    0.02                           clknet_0_vco_in (net)
                  0.04    0.00    0.11 ^ clkbuf_1_1__f_vco_in/A (sky130_fd_sc_hd__clkbuf_16)
                  0.04    0.12    0.23 ^ clkbuf_1_1__f_vco_in/X (sky130_fd_sc_hd__clkbuf_16)
     5    0.01                           clknet_1_1__leaf_vco_in (net)
                  0.04    0.00    0.23 ^ _2205_/CLK (sky130_fd_sc_hd__dfrtp_1)
                          0.00    0.23   clock reconvergence pessimism
                         -0.05    0.18   library hold time
                                  0.18   data required time
-----------------------------------------------------------------------------
                                  0.18   data required time
                                 -0.74   data arrival time
-----------------------------------------------------------------------------
                                  0.56   slack (MET)


Startpoint: _2206_ (rising edge-triggered flip-flop clocked by vco_in)
Endpoint: _2206_ (rising edge-triggered flip-flop clocked by vco_in)
Path Group: vco_in
Path Type: min

Fanout     Cap    Slew   Delay    Time   Description
-----------------------------------------------------------------------------
                          0.00    0.00   clock vco_in (rise edge)
                          0.00    0.00   clock source latency
                  0.00    0.00    0.00 ^ vco_in (in)
     1    0.01                           vco_in (net)
                  0.00    0.00    0.00 ^ clkbuf_0_vco_in/A (sky130_fd_sc_hd__clkbuf_16)
                  0.04    0.11    0.11 ^ clkbuf_0_vco_in/X (sky130_fd_sc_hd__clkbuf_16)
     2    0.02                           clknet_0_vco_in (net)
                  0.04    0.00    0.11 ^ clkbuf_1_1__f_vco_in/A (sky130_fd_sc_hd__clkbuf_16)
                  0.04    0.12    0.23 ^ clkbuf_1_1__f_vco_in/X (sky130_fd_sc_hd__clkbuf_16)
     5    0.01                           clknet_1_1__leaf_vco_in (net)
                  0.04    0.00    0.23 ^ _2206_/CLK (sky130_fd_sc_hd__dfrtp_1)
                  0.11    0.37    0.60 ^ _2206_/Q (sky130_fd_sc_hd__dfrtp_1)
     3    0.01                           d5.fll_core.counter1.count[6] (net)
                  0.11    0.00    0.60 ^ _1698_/A (sky130_fd_sc_hd__nor2_1)
                  0.03    0.06    0.66 v _1698_/Y (sky130_fd_sc_hd__nor2_1)
     1    0.00                           _0737_ (net)
                  0.03    0.00    0.66 v _1699_/B (sky130_fd_sc_hd__nor2_1)
                  0.08    0.08    0.74 ^ _1699_/Y (sky130_fd_sc_hd__nor2_1)
     1    0.00                           _0007_ (net)
                  0.08    0.00    0.74 ^ _2206_/D (sky130_fd_sc_hd__dfrtp_1)
                                  0.74   data arrival time

                          0.00    0.00   clock vco_in (rise edge)
                          0.00    0.00   clock source latency
                  0.00    0.00    0.00 ^ vco_in (in)
     1    0.01                           vco_in (net)
                  0.00    0.00    0.00 ^ clkbuf_0_vco_in/A (sky130_fd_sc_hd__clkbuf_16)
                  0.04    0.11    0.11 ^ clkbuf_0_vco_in/X (sky130_fd_sc_hd__clkbuf_16)
     2    0.02                           clknet_0_vco_in (net)
                  0.04    0.00    0.11 ^ clkbuf_1_1__f_vco_in/A (sky130_fd_sc_hd__clkbuf_16)
                  0.04    0.12    0.23 ^ clkbuf_1_1__f_vco_in/X (sky130_fd_sc_hd__clkbuf_16)
     5    0.01                           clknet_1_1__leaf_vco_in (net)
                  0.04    0.00    0.23 ^ _2206_/CLK (sky130_fd_sc_hd__dfrtp_1)
                          0.00    0.23   clock reconvergence pessimism
                         -0.04    0.18   library hold time
                                  0.18   data required time
-----------------------------------------------------------------------------
                                  0.18   data required time
                                 -0.74   data arrival time
-----------------------------------------------------------------------------
                                  0.56   slack (MET)


