OpenROAD v2.0-3074-g944855835 
This program is licensed under the BSD-3 license. See the LICENSE file for details.
Components of this program may be licensed under more restrictive licenses which must be honored.
[INFO ODB-0222] Reading LEF file: /foss/designs/ma2022/shiftregister/runs/RUN_2022.10.07_16.07.28/tmp/merged_unpadded.lef
[INFO ODB-0223]     Created 13 technology layers
[INFO ODB-0224]     Created 25 technology vias
[INFO ODB-0225]     Created 441 library cells
[INFO ODB-0226] Finished LEF file:  /foss/designs/ma2022/shiftregister/runs/RUN_2022.10.07_16.07.28/tmp/merged_unpadded.lef
[INFO ODB-0127] Reading DEF file: /foss/designs/ma2022/shiftregister/runs/RUN_2022.10.07_16.07.28/tmp/floorplan/4-io.def
[INFO ODB-0128] Design: shiftregister
[INFO ODB-0130]     Created 70 pins.
[INFO ODB-0131]     Created 285 components and 1999 component-terminals.
[INFO ODB-0133]     Created 322 nets and 859 connections.
[INFO ODB-0134] Finished DEF file: /foss/designs/ma2022/shiftregister/runs/RUN_2022.10.07_16.07.28/tmp/floorplan/4-io.def
[WARNING TAP-0014] endcap_cpp option is deprecated.
[INFO TAP-0001] Found 0 macro blocks.
[INFO TAP-0002] Original rows: 32
[INFO TAP-0003] Created 0 rows for a total of 32 rows.
[INFO TAP-0004] Inserted 64 endcaps.
[INFO TAP-0005] Inserted 102 tapcells.
