
28. Printing statistics.

=== fll_wrapper_2 ===

   Number of wires:                355
   Number of wire bits:            384
   Number of public wires:          61
   Number of public wire bits:      90
   Number of memories:               0
   Number of memory bits:            0
   Number of processes:              0
   Number of cells:                351
     sky130_fd_sc_hd__a211o_2        1
     sky130_fd_sc_hd__a21o_2         3
     sky130_fd_sc_hd__a21oi_2       14
     sky130_fd_sc_hd__a221o_2        7
     sky130_fd_sc_hd__a221oi_2       1
     sky130_fd_sc_hd__a22o_2         8
     sky130_fd_sc_hd__a2bb2o_2       2
     sky130_fd_sc_hd__and2_2        11
     sky130_fd_sc_hd__and2b_2        4
     sky130_fd_sc_hd__and3_2         9
     sky130_fd_sc_hd__and3b_2        2
     sky130_fd_sc_hd__and4_2         3
     sky130_fd_sc_hd__buf_1         33
     sky130_fd_sc_hd__dfrtp_2       51
     sky130_fd_sc_hd__dfstp_2        2
     sky130_fd_sc_hd__dfxtp_2        3
     sky130_fd_sc_hd__inv_2         84
     sky130_fd_sc_hd__mux2_2        13
     sky130_fd_sc_hd__nand2_2        6
     sky130_fd_sc_hd__nand3b_2       1
     sky130_fd_sc_hd__nor2_2        28
     sky130_fd_sc_hd__nor4_2         1
     sky130_fd_sc_hd__o2111a_2       1
     sky130_fd_sc_hd__o211a_2        1
     sky130_fd_sc_hd__o21a_2         3
     sky130_fd_sc_hd__o21ai_2        2
     sky130_fd_sc_hd__o21ba_2        1
     sky130_fd_sc_hd__o221a_2       11
     sky130_fd_sc_hd__o22a_2         5
     sky130_fd_sc_hd__o2bb2a_2       1
     sky130_fd_sc_hd__o311a_2        1
     sky130_fd_sc_hd__o31a_2         1
     sky130_fd_sc_hd__or2_2          5
     sky130_fd_sc_hd__or2b_2         3
     sky130_fd_sc_hd__or3_2          1
     sky130_fd_sc_hd__or4b_2         1
     sky130_fd_sc_hd__or4bb_2        1
     sky130_fd_sc_hd__xnor2_2       12
     sky130_fd_sc_hd__xor2_2        14

   Chip area for module '\fll_wrapper_2': 3662.262400

