
===========================================================================
report_checks -unconstrained
============================================================================
Startpoint: _596_ (rising edge-triggered flip-flop)
Endpoint: dac[2] (output port clocked by clk)
Path Group: clk
Path Type: max

Fanout     Cap    Slew   Delay    Time   Description
-----------------------------------------------------------------------------
                  0.19    0.00    0.00 ^ _596_/CLK (sky130_fd_sc_hd__dfrtp_2)
                  0.29    0.61    0.61 ^ _596_/Q (sky130_fd_sc_hd__dfrtp_2)
     2    0.04                           buffer_val[2] (net)
                  0.29    0.00    0.62 ^ _606_/A (sky130_fd_sc_hd__buf_2)
                  0.17    0.29    0.90 ^ _606_/X (sky130_fd_sc_hd__buf_2)
     1    0.03                           dac[2] (net)
                  0.17    0.00    0.90 ^ dac[2] (out)
                                  0.90   data arrival time

                  0.15   40.00   40.00   clock clk (rise edge)
                          0.00   40.00   clock network delay (ideal)
                         -0.25   39.75   clock uncertainty
                          0.00   39.75   clock reconvergence pessimism
                         -8.00   31.75   output external delay
                                 31.75   data required time
-----------------------------------------------------------------------------
                                 31.75   data required time
                                 -0.90   data arrival time
-----------------------------------------------------------------------------
                                 30.85   slack (MET)



===========================================================================
report_checks --slack_max -0.01
============================================================================
No paths found.
