
===========================================================================
report_checks -unconstrained
============================================================================
Startpoint: _2188_ (rising edge-triggered flip-flop clocked by ref_in)
Endpoint: _2201_ (recovery check against rising-edge clock vco_in)
Path Group: **async_default**
Path Type: max

Fanout     Cap    Slew   Delay    Time   Description
-----------------------------------------------------------------------------
                  0.00    0.00    0.00   clock ref_in (rise edge)
                          0.00    0.00   clock network delay (ideal)
                  0.00    0.00    0.00 ^ _2188_/CLK (sky130_fd_sc_hd__dfstp_1)
                  0.05    0.36    0.36 v _2188_/Q (sky130_fd_sc_hd__dfstp_1)
     2    0.01                           d5.fll_core.counter_reset (net)
                  0.05    0.00    0.36 v _1960_/A (sky130_fd_sc_hd__buf_4)
                  0.08    0.19    0.54 v _1960_/X (sky130_fd_sc_hd__buf_4)
    10    0.05                           _0778_ (net)
                  0.08    0.00    0.54 v _1962_/A (sky130_fd_sc_hd__inv_2)
                  0.03    0.06    0.60 ^ _1962_/Y (sky130_fd_sc_hd__inv_2)
     1    0.00                           _0227_ (net)
                  0.03    0.00    0.60 ^ _2201_/RESET_B (sky130_fd_sc_hd__dfrtp_2)
                                  0.60   data arrival time

                  0.00   10.00   10.00   clock vco_in (rise edge)
                          0.00   10.00   clock network delay (ideal)
                          0.00   10.00   clock reconvergence pessimism
                                 10.00 ^ _2201_/CLK (sky130_fd_sc_hd__dfrtp_2)
                          0.21   10.21   library recovery time
                                 10.21   data required time
-----------------------------------------------------------------------------
                                 10.21   data required time
                                 -0.60   data arrival time
-----------------------------------------------------------------------------
                                  9.61   slack (MET)


Startpoint: _2136_ (rising edge-triggered flip-flop clocked by clk_in)
Endpoint: _2036_ (rising edge-triggered flip-flop clocked by clk_in)
Path Group: clk_in
Path Type: max

Fanout     Cap    Slew   Delay    Time   Description
-----------------------------------------------------------------------------
                  0.00    0.00    0.00   clock clk_in (rise edge)
                          0.00    0.00   clock network delay (ideal)
                  0.00    0.00    0.00 ^ _2136_/CLK (sky130_fd_sc_hd__dfrtp_4)
                  0.10    0.51    0.51 v _2136_/Q (sky130_fd_sc_hd__dfrtp_4)
    10    0.04                           d2.t_load[44] (net)
                  0.10    0.00    0.51 v _1500_/A1 (sky130_fd_sc_hd__mux2_1)
                  0.05    0.30    0.81 v _1500_/X (sky130_fd_sc_hd__mux2_1)
     1    0.00                           _0611_ (net)
                  0.05    0.00    0.81 v _1501_/A0 (sky130_fd_sc_hd__mux2_1)
                  0.06    0.29    1.10 v _1501_/X (sky130_fd_sc_hd__mux2_1)
     1    0.00                           _0612_ (net)
                  0.06    0.00    1.10 v _1502_/A (sky130_fd_sc_hd__clkbuf_1)
                  0.03    0.10    1.19 v _1502_/X (sky130_fd_sc_hd__clkbuf_1)
     1    0.00                           _0300_ (net)
                  0.03    0.00    1.19 v _2036_/D (sky130_fd_sc_hd__dfrtp_1)
                                  1.19   data arrival time

                  0.00   40.00   40.00   clock clk_in (rise edge)
                          0.00   40.00   clock network delay (ideal)
                          0.00   40.00   clock reconvergence pessimism
                                 40.00 ^ _2036_/CLK (sky130_fd_sc_hd__dfrtp_1)
                         -0.12   39.88   library setup time
                                 39.88   data required time
-----------------------------------------------------------------------------
                                 39.88   data required time
                                 -1.19   data arrival time
-----------------------------------------------------------------------------
                                 38.69   slack (MET)


Startpoint: _2202_ (rising edge-triggered flip-flop clocked by vco_in)
Endpoint: _2199_ (rising edge-triggered flip-flop clocked by ref_in)
Path Group: ref_in
Path Type: max

Fanout     Cap    Slew   Delay    Time   Description
-----------------------------------------------------------------------------
                  0.00   30.00   30.00   clock vco_in (rise edge)
                          0.00   30.00   clock network delay (ideal)
                  0.00    0.00   30.00 ^ _2202_/CLK (sky130_fd_sc_hd__dfrtp_1)
                  0.17    0.40   30.40 ^ _2202_/Q (sky130_fd_sc_hd__dfrtp_1)
     5    0.02                           d5.fll_core.counter1.count[2] (net)
                  0.17    0.00   30.40 ^ _1002_/B_N (sky130_fd_sc_hd__or2b_1)
                  0.06    0.26   30.65 v _1002_/X (sky130_fd_sc_hd__or2b_1)
     2    0.01                           _0797_ (net)
                  0.06    0.00   30.65 v _1006_/C (sky130_fd_sc_hd__and4_1)
                  0.05    0.20   30.85 v _1006_/X (sky130_fd_sc_hd__and4_1)
     2    0.00                           _0801_ (net)
                  0.05    0.00   30.85 v _1011_/B1 (sky130_fd_sc_hd__a22o_1)
                  0.04    0.17   31.02 v _1011_/X (sky130_fd_sc_hd__a22o_1)
     1    0.00                           _0806_ (net)
                  0.04    0.00   31.02 v _1014_/A2 (sky130_fd_sc_hd__a211o_1)
                  0.06    0.29   31.32 v _1014_/X (sky130_fd_sc_hd__a211o_1)
     1    0.00                           _0809_ (net)
                  0.06    0.00   31.32 v _1015_/B2 (sky130_fd_sc_hd__a22oi_2)
                  0.20    0.20   31.52 ^ _1015_/Y (sky130_fd_sc_hd__a22oi_2)
     3    0.01                           _0810_ (net)
                  0.20    0.00   31.52 ^ _1020_/A (sky130_fd_sc_hd__nor2_1)
                  0.09    0.13   31.65 v _1020_/Y (sky130_fd_sc_hd__nor2_1)
     3    0.01                           _0815_ (net)
                  0.09    0.00   31.65 v _1021_/A (sky130_fd_sc_hd__buf_4)
                  0.07    0.20   31.86 v _1021_/X (sky130_fd_sc_hd__buf_4)
    10    0.05                           _0816_ (net)
                  0.07    0.00   31.86 v _1033_/B (sky130_fd_sc_hd__xnor2_1)
                  0.09    0.16   32.02 v _1033_/Y (sky130_fd_sc_hd__xnor2_1)
     3    0.01                           _0828_ (net)
                  0.09    0.00   32.02 v _1035_/B (sky130_fd_sc_hd__and3_1)
                  0.04    0.18   32.20 v _1035_/X (sky130_fd_sc_hd__and3_1)
     1    0.00                           _0830_ (net)
                  0.04    0.00   32.20 v _1038_/A3 (sky130_fd_sc_hd__a32o_1)
                  0.06    0.27   32.47 v _1038_/X (sky130_fd_sc_hd__a32o_1)
     2    0.01                           _0833_ (net)
                  0.06    0.00   32.47 v _1040_/A2 (sky130_fd_sc_hd__a21o_1)
                  0.04    0.19   32.66 v _1040_/X (sky130_fd_sc_hd__a21o_1)
     1    0.00                           _0835_ (net)
                  0.04    0.00   32.66 v _1042_/A (sky130_fd_sc_hd__xnor2_1)
                  0.04    0.11   32.78 v _1042_/Y (sky130_fd_sc_hd__xnor2_1)
     1    0.00                           _0837_ (net)
                  0.04    0.00   32.78 v _1090_/A1 (sky130_fd_sc_hd__mux2_1)
                  0.05    0.28   33.06 v _1090_/X (sky130_fd_sc_hd__mux2_1)
     1    0.00                           _0882_ (net)
                  0.05    0.00   33.06 v _1091_/A (sky130_fd_sc_hd__clkbuf_1)
                  0.02    0.09   33.15 v _1091_/X (sky130_fd_sc_hd__clkbuf_1)
     1    0.00                           _0461_ (net)
                  0.02    0.00   33.15 v _2199_/D (sky130_fd_sc_hd__dfrtp_2)
                                 33.15   data arrival time

                  0.00   40.00   40.00   clock ref_in (rise edge)
                          0.00   40.00   clock network delay (ideal)
                          0.00   40.00   clock reconvergence pessimism
                                 40.00 ^ _2199_/CLK (sky130_fd_sc_hd__dfrtp_2)
                         -0.12   39.88   library setup time
                                 39.88   data required time
-----------------------------------------------------------------------------
                                 39.88   data required time
                                -33.15   data arrival time
-----------------------------------------------------------------------------
                                  6.74   slack (MET)


Startpoint: _2202_ (rising edge-triggered flip-flop clocked by vco_in)
Endpoint: _2209_ (rising edge-triggered flip-flop clocked by vco_in)
Path Group: vco_in
Path Type: max

Fanout     Cap    Slew   Delay    Time   Description
-----------------------------------------------------------------------------
                  0.00    0.00    0.00   clock vco_in (rise edge)
                          0.00    0.00   clock network delay (ideal)
                  0.00    0.00    0.00 ^ _2202_/CLK (sky130_fd_sc_hd__dfrtp_1)
                  0.10    0.40    0.40 v _2202_/Q (sky130_fd_sc_hd__dfrtp_1)
     5    0.02                           d5.fll_core.counter1.count[2] (net)
                  0.10    0.00    0.40 v _1687_/C (sky130_fd_sc_hd__and3_1)
                  0.06    0.22    0.63 v _1687_/X (sky130_fd_sc_hd__and3_1)
     3    0.01                           _0730_ (net)
                  0.06    0.00    0.63 v _1690_/B (sky130_fd_sc_hd__and2_1)
                  0.08    0.20    0.83 v _1690_/X (sky130_fd_sc_hd__and2_1)
     4    0.01                           _0732_ (net)
                  0.08    0.00    0.83 v _1694_/C (sky130_fd_sc_hd__and3_1)
                  0.06    0.21    1.04 v _1694_/X (sky130_fd_sc_hd__and3_1)
     3    0.01                           _0734_ (net)
                  0.06    0.00    1.04 v _1697_/B (sky130_fd_sc_hd__and2_1)
                  0.08    0.20    1.24 v _1697_/X (sky130_fd_sc_hd__and2_1)
     4    0.01                           _0736_ (net)
                  0.08    0.00    1.24 v _1701_/C (sky130_fd_sc_hd__and3_1)
                  0.06    0.21    1.45 v _1701_/X (sky130_fd_sc_hd__and3_1)
     2    0.01                           _0738_ (net)
                  0.06    0.00    1.45 v _1704_/B (sky130_fd_sc_hd__xnor2_1)
                  0.04    0.12    1.57 v _1704_/Y (sky130_fd_sc_hd__xnor2_1)
     1    0.00                           _0010_ (net)
                  0.04    0.00    1.57 v _2209_/D (sky130_fd_sc_hd__dfrtp_1)
                                  1.57   data arrival time

                  0.00   10.00   10.00   clock vco_in (rise edge)
                          0.00   10.00   clock network delay (ideal)
                          0.00   10.00   clock reconvergence pessimism
                                 10.00 ^ _2209_/CLK (sky130_fd_sc_hd__dfrtp_1)
                         -0.12    9.88   library setup time
                                  9.88   data required time
-----------------------------------------------------------------------------
                                  9.88   data required time
                                 -1.57   data arrival time
-----------------------------------------------------------------------------
                                  8.31   slack (MET)



===========================================================================
report_checks --slack_max -0.01
============================================================================
No paths found.
