
===========================================================================
report_checks -path_delay max (Setup)
============================================================================
Startpoint: _2188_ (rising edge-triggered flip-flop clocked by ref_in)
Endpoint: _2201_ (recovery check against rising-edge clock vco_in)
Path Group: **async_default**
Path Type: max

Fanout     Cap    Slew   Delay    Time   Description
-----------------------------------------------------------------------------
                  0.00    0.00    0.00   clock ref_in (rise edge)
                          0.00    0.00   clock network delay (ideal)
                  0.00    0.00    0.00 ^ _2188_/CLK (sky130_fd_sc_hd__dfstp_1)
                  0.05    0.36    0.36 v _2188_/Q (sky130_fd_sc_hd__dfstp_1)
     2    0.01                           d5.fll_core.counter_reset (net)
                  0.05    0.00    0.36 v _1960_/A (sky130_fd_sc_hd__buf_4)
                  0.08    0.19    0.54 v _1960_/X (sky130_fd_sc_hd__buf_4)
    10    0.05                           _0778_ (net)
                  0.08    0.00    0.54 v _1962_/A (sky130_fd_sc_hd__inv_2)
                  0.03    0.06    0.60 ^ _1962_/Y (sky130_fd_sc_hd__inv_2)
     1    0.00                           _0227_ (net)
                  0.03    0.00    0.60 ^ _2201_/RESET_B (sky130_fd_sc_hd__dfrtp_2)
                                  0.60   data arrival time

                  0.00   10.00   10.00   clock vco_in (rise edge)
                          0.00   10.00   clock network delay (ideal)
                          0.00   10.00   clock reconvergence pessimism
                                 10.00 ^ _2201_/CLK (sky130_fd_sc_hd__dfrtp_2)
                          0.21   10.21   library recovery time
                                 10.21   data required time
-----------------------------------------------------------------------------
                                 10.21   data required time
                                 -0.60   data arrival time
-----------------------------------------------------------------------------
                                  9.61   slack (MET)


Startpoint: _2188_ (rising edge-triggered flip-flop clocked by ref_in)
Endpoint: _2200_ (recovery check against rising-edge clock vco_in)
Path Group: **async_default**
Path Type: max

Fanout     Cap    Slew   Delay    Time   Description
-----------------------------------------------------------------------------
                  0.00    0.00    0.00   clock ref_in (rise edge)
                          0.00    0.00   clock network delay (ideal)
                  0.00    0.00    0.00 ^ _2188_/CLK (sky130_fd_sc_hd__dfstp_1)
                  0.05    0.36    0.36 v _2188_/Q (sky130_fd_sc_hd__dfstp_1)
     2    0.01                           d5.fll_core.counter_reset (net)
                  0.05    0.00    0.36 v _1960_/A (sky130_fd_sc_hd__buf_4)
                  0.08    0.19    0.54 v _1960_/X (sky130_fd_sc_hd__buf_4)
    10    0.05                           _0778_ (net)
                  0.08    0.00    0.54 v _1961_/A (sky130_fd_sc_hd__inv_2)
                  0.03    0.06    0.60 ^ _1961_/Y (sky130_fd_sc_hd__inv_2)
     1    0.00                           _0226_ (net)
                  0.03    0.00    0.60 ^ _2200_/RESET_B (sky130_fd_sc_hd__dfrtp_2)
                                  0.60   data arrival time

                  0.00   10.00   10.00   clock vco_in (rise edge)
                          0.00   10.00   clock network delay (ideal)
                          0.00   10.00   clock reconvergence pessimism
                                 10.00 ^ _2200_/CLK (sky130_fd_sc_hd__dfrtp_2)
                          0.21   10.21   library recovery time
                                 10.21   data required time
-----------------------------------------------------------------------------
                                 10.21   data required time
                                 -0.60   data arrival time
-----------------------------------------------------------------------------
                                  9.61   slack (MET)


Startpoint: _2188_ (rising edge-triggered flip-flop clocked by ref_in)
Endpoint: _2206_ (recovery check against rising-edge clock vco_in)
Path Group: **async_default**
Path Type: max

Fanout     Cap    Slew   Delay    Time   Description
-----------------------------------------------------------------------------
                  0.00    0.00    0.00   clock ref_in (rise edge)
                          0.00    0.00   clock network delay (ideal)
                  0.00    0.00    0.00 ^ _2188_/CLK (sky130_fd_sc_hd__dfstp_1)
                  0.05    0.36    0.36 v _2188_/Q (sky130_fd_sc_hd__dfstp_1)
     2    0.01                           d5.fll_core.counter_reset (net)
                  0.05    0.00    0.36 v _1960_/A (sky130_fd_sc_hd__buf_4)
                  0.08    0.19    0.54 v _1960_/X (sky130_fd_sc_hd__buf_4)
    10    0.05                           _0778_ (net)
                  0.08    0.00    0.55 v _1967_/A (sky130_fd_sc_hd__inv_2)
                  0.03    0.06    0.60 ^ _1967_/Y (sky130_fd_sc_hd__inv_2)
     1    0.00                           _0232_ (net)
                  0.03    0.00    0.60 ^ _2206_/RESET_B (sky130_fd_sc_hd__dfrtp_1)
                                  0.60   data arrival time

                  0.00   10.00   10.00   clock vco_in (rise edge)
                          0.00   10.00   clock network delay (ideal)
                          0.00   10.00   clock reconvergence pessimism
                                 10.00 ^ _2206_/CLK (sky130_fd_sc_hd__dfrtp_1)
                          0.22   10.22   library recovery time
                                 10.22   data required time
-----------------------------------------------------------------------------
                                 10.22   data required time
                                 -0.60   data arrival time
-----------------------------------------------------------------------------
                                  9.62   slack (MET)


Startpoint: _2188_ (rising edge-triggered flip-flop clocked by ref_in)
Endpoint: _2208_ (recovery check against rising-edge clock vco_in)
Path Group: **async_default**
Path Type: max

Fanout     Cap    Slew   Delay    Time   Description
-----------------------------------------------------------------------------
                  0.00    0.00    0.00   clock ref_in (rise edge)
                          0.00    0.00   clock network delay (ideal)
                  0.00    0.00    0.00 ^ _2188_/CLK (sky130_fd_sc_hd__dfstp_1)
                  0.05    0.36    0.36 v _2188_/Q (sky130_fd_sc_hd__dfstp_1)
     2    0.01                           d5.fll_core.counter_reset (net)
                  0.05    0.00    0.36 v _1960_/A (sky130_fd_sc_hd__buf_4)
                  0.08    0.19    0.54 v _1960_/X (sky130_fd_sc_hd__buf_4)
    10    0.05                           _0778_ (net)
                  0.08    0.00    0.55 v _1969_/A (sky130_fd_sc_hd__inv_2)
                  0.03    0.06    0.60 ^ _1969_/Y (sky130_fd_sc_hd__inv_2)
     1    0.00                           _0234_ (net)
                  0.03    0.00    0.60 ^ _2208_/RESET_B (sky130_fd_sc_hd__dfrtp_1)
                                  0.60   data arrival time

                  0.00   10.00   10.00   clock vco_in (rise edge)
                          0.00   10.00   clock network delay (ideal)
                          0.00   10.00   clock reconvergence pessimism
                                 10.00 ^ _2208_/CLK (sky130_fd_sc_hd__dfrtp_1)
                          0.22   10.22   library recovery time
                                 10.22   data required time
-----------------------------------------------------------------------------
                                 10.22   data required time
                                 -0.60   data arrival time
-----------------------------------------------------------------------------
                                  9.62   slack (MET)


Startpoint: _2188_ (rising edge-triggered flip-flop clocked by ref_in)
Endpoint: _2209_ (recovery check against rising-edge clock vco_in)
Path Group: **async_default**
Path Type: max

Fanout     Cap    Slew   Delay    Time   Description
-----------------------------------------------------------------------------
                  0.00    0.00    0.00   clock ref_in (rise edge)
                          0.00    0.00   clock network delay (ideal)
                  0.00    0.00    0.00 ^ _2188_/CLK (sky130_fd_sc_hd__dfstp_1)
                  0.05    0.36    0.36 v _2188_/Q (sky130_fd_sc_hd__dfstp_1)
     2    0.01                           d5.fll_core.counter_reset (net)
                  0.05    0.00    0.36 v _1960_/A (sky130_fd_sc_hd__buf_4)
                  0.08    0.19    0.54 v _1960_/X (sky130_fd_sc_hd__buf_4)
    10    0.05                           _0778_ (net)
                  0.08    0.00    0.55 v _1970_/A (sky130_fd_sc_hd__inv_2)
                  0.03    0.06    0.60 ^ _1970_/Y (sky130_fd_sc_hd__inv_2)
     1    0.00                           _0235_ (net)
                  0.03    0.00    0.60 ^ _2209_/RESET_B (sky130_fd_sc_hd__dfrtp_1)
                                  0.60   data arrival time

                  0.00   10.00   10.00   clock vco_in (rise edge)
                          0.00   10.00   clock network delay (ideal)
                          0.00   10.00   clock reconvergence pessimism
                                 10.00 ^ _2209_/CLK (sky130_fd_sc_hd__dfrtp_1)
                          0.22   10.22   library recovery time
                                 10.22   data required time
-----------------------------------------------------------------------------
                                 10.22   data required time
                                 -0.60   data arrival time
-----------------------------------------------------------------------------
                                  9.62   slack (MET)


Startpoint: _2136_ (rising edge-triggered flip-flop clocked by clk_in)
Endpoint: _2036_ (rising edge-triggered flip-flop clocked by clk_in)
Path Group: clk_in
Path Type: max

Fanout     Cap    Slew   Delay    Time   Description
-----------------------------------------------------------------------------
                  0.00    0.00    0.00   clock clk_in (rise edge)
                          0.00    0.00   clock network delay (ideal)
                  0.00    0.00    0.00 ^ _2136_/CLK (sky130_fd_sc_hd__dfrtp_4)
                  0.10    0.51    0.51 v _2136_/Q (sky130_fd_sc_hd__dfrtp_4)
    10    0.04                           d2.t_load[44] (net)
                  0.10    0.00    0.51 v _1500_/A1 (sky130_fd_sc_hd__mux2_1)
                  0.05    0.30    0.81 v _1500_/X (sky130_fd_sc_hd__mux2_1)
     1    0.00                           _0611_ (net)
                  0.05    0.00    0.81 v _1501_/A0 (sky130_fd_sc_hd__mux2_1)
                  0.06    0.29    1.10 v _1501_/X (sky130_fd_sc_hd__mux2_1)
     1    0.00                           _0612_ (net)
                  0.06    0.00    1.10 v _1502_/A (sky130_fd_sc_hd__clkbuf_1)
                  0.03    0.10    1.19 v _1502_/X (sky130_fd_sc_hd__clkbuf_1)
     1    0.00                           _0300_ (net)
                  0.03    0.00    1.19 v _2036_/D (sky130_fd_sc_hd__dfrtp_1)
                                  1.19   data arrival time

                  0.00   40.00   40.00   clock clk_in (rise edge)
                          0.00   40.00   clock network delay (ideal)
                          0.00   40.00   clock reconvergence pessimism
                                 40.00 ^ _2036_/CLK (sky130_fd_sc_hd__dfrtp_1)
                         -0.12   39.88   library setup time
                                 39.88   data required time
-----------------------------------------------------------------------------
                                 39.88   data required time
                                 -1.19   data arrival time
-----------------------------------------------------------------------------
                                 38.69   slack (MET)


Startpoint: _2125_ (rising edge-triggered flip-flop clocked by clk_in)
Endpoint: _2025_ (rising edge-triggered flip-flop clocked by clk_in)
Path Group: clk_in
Path Type: max

Fanout     Cap    Slew   Delay    Time   Description
-----------------------------------------------------------------------------
                  0.00    0.00    0.00   clock clk_in (rise edge)
                          0.00    0.00   clock network delay (ideal)
                  0.00    0.00    0.00 ^ _2125_/CLK (sky130_fd_sc_hd__dfrtp_4)
                  0.09    0.49    0.49 v _2125_/Q (sky130_fd_sc_hd__dfrtp_4)
     5    0.03                           d2.t_load[33] (net)
                  0.09    0.00    0.49 v _1535_/A1 (sky130_fd_sc_hd__mux2_1)
                  0.05    0.29    0.78 v _1535_/X (sky130_fd_sc_hd__mux2_1)
     1    0.00                           _0635_ (net)
                  0.05    0.00    0.78 v _1536_/A0 (sky130_fd_sc_hd__mux2_1)
                  0.05    0.28    1.06 v _1536_/X (sky130_fd_sc_hd__mux2_1)
     1    0.00                           _0636_ (net)
                  0.05    0.00    1.06 v _1537_/A (sky130_fd_sc_hd__clkbuf_1)
                  0.03    0.10    1.16 v _1537_/X (sky130_fd_sc_hd__clkbuf_1)
     1    0.00                           _0289_ (net)
                  0.03    0.00    1.16 v _2025_/D (sky130_fd_sc_hd__dfrtp_1)
                                  1.16   data arrival time

                  0.00   40.00   40.00   clock clk_in (rise edge)
                          0.00   40.00   clock network delay (ideal)
                          0.00   40.00   clock reconvergence pessimism
                                 40.00 ^ _2025_/CLK (sky130_fd_sc_hd__dfrtp_1)
                         -0.12   39.88   library setup time
                                 39.88   data required time
-----------------------------------------------------------------------------
                                 39.88   data required time
                                 -1.16   data arrival time
-----------------------------------------------------------------------------
                                 38.72   slack (MET)


Startpoint: _2169_ (rising edge-triggered flip-flop clocked by clk_in)
Endpoint: _2069_ (rising edge-triggered flip-flop clocked by clk_in)
Path Group: clk_in
Path Type: max

Fanout     Cap    Slew   Delay    Time   Description
-----------------------------------------------------------------------------
                  0.00    0.00    0.00   clock clk_in (rise edge)
                          0.00    0.00   clock network delay (ideal)
                  0.00    0.00    0.00 ^ _2169_/CLK (sky130_fd_sc_hd__dfrtp_1)
                  0.10    0.40    0.40 v _2169_/Q (sky130_fd_sc_hd__dfrtp_1)
     3    0.02                           net27 (net)
                  0.10    0.00    0.40 v _1394_/A1 (sky130_fd_sc_hd__mux2_1)
                  0.05    0.30    0.71 v _1394_/X (sky130_fd_sc_hd__mux2_1)
     1    0.00                           _0538_ (net)
                  0.05    0.00    0.71 v _1395_/A0 (sky130_fd_sc_hd__mux2_1)
                  0.05    0.28    0.98 v _1395_/X (sky130_fd_sc_hd__mux2_1)
     1    0.00                           _0539_ (net)
                  0.05    0.00    0.98 v _1396_/A (sky130_fd_sc_hd__clkbuf_1)
                  0.02    0.09    1.07 v _1396_/X (sky130_fd_sc_hd__clkbuf_1)
     1    0.00                           _0333_ (net)
                  0.02    0.00    1.07 v _2069_/D (sky130_fd_sc_hd__dfrtp_1)
                                  1.07   data arrival time

                  0.00   40.00   40.00   clock clk_in (rise edge)
                          0.00   40.00   clock network delay (ideal)
                          0.00   40.00   clock reconvergence pessimism
                                 40.00 ^ _2069_/CLK (sky130_fd_sc_hd__dfrtp_1)
                         -0.12   39.88   library setup time
                                 39.88   data required time
-----------------------------------------------------------------------------
                                 39.88   data required time
                                 -1.07   data arrival time
-----------------------------------------------------------------------------
                                 38.81   slack (MET)


Startpoint: _2123_ (rising edge-triggered flip-flop clocked by clk_in)
Endpoint: _2023_ (rising edge-triggered flip-flop clocked by clk_in)
Path Group: clk_in
Path Type: max

Fanout     Cap    Slew   Delay    Time   Description
-----------------------------------------------------------------------------
                  0.00    0.00    0.00   clock clk_in (rise edge)
                          0.00    0.00   clock network delay (ideal)
                  0.00    0.00    0.00 ^ _2123_/CLK (sky130_fd_sc_hd__dfrtp_1)
                  0.09    0.39    0.39 v _2123_/Q (sky130_fd_sc_hd__dfrtp_1)
     3    0.01                           d2.t_load[31] (net)
                  0.09    0.00    0.39 v _1541_/A1 (sky130_fd_sc_hd__mux2_1)
                  0.05    0.30    0.69 v _1541_/X (sky130_fd_sc_hd__mux2_1)
     1    0.00                           _0639_ (net)
                  0.05    0.00    0.69 v _1543_/A0 (sky130_fd_sc_hd__mux2_1)
                  0.06    0.29    0.97 v _1543_/X (sky130_fd_sc_hd__mux2_1)
     1    0.00                           _0641_ (net)
                  0.06    0.00    0.97 v _1544_/A (sky130_fd_sc_hd__clkbuf_1)
                  0.03    0.09    1.07 v _1544_/X (sky130_fd_sc_hd__clkbuf_1)
     1    0.00                           _0287_ (net)
                  0.03    0.00    1.07 v _2023_/D (sky130_fd_sc_hd__dfrtp_1)
                                  1.07   data arrival time

                  0.00   40.00   40.00   clock clk_in (rise edge)
                          0.00   40.00   clock network delay (ideal)
                          0.00   40.00   clock reconvergence pessimism
                                 40.00 ^ _2023_/CLK (sky130_fd_sc_hd__dfrtp_1)
                         -0.12   39.88   library setup time
                                 39.88   data required time
-----------------------------------------------------------------------------
                                 39.88   data required time
                                 -1.07   data arrival time
-----------------------------------------------------------------------------
                                 38.81   slack (MET)


Startpoint: _2170_ (rising edge-triggered flip-flop clocked by clk_in)
Endpoint: _2070_ (rising edge-triggered flip-flop clocked by clk_in)
Path Group: clk_in
Path Type: max

Fanout     Cap    Slew   Delay    Time   Description
-----------------------------------------------------------------------------
                  0.00    0.00    0.00   clock clk_in (rise edge)
                          0.00    0.00   clock network delay (ideal)
                  0.00    0.00    0.00 ^ _2170_/CLK (sky130_fd_sc_hd__dfrtp_2)
                  0.07    0.41    0.41 v _2170_/Q (sky130_fd_sc_hd__dfrtp_2)
     3    0.02                           net28 (net)
                  0.07    0.00    0.41 v _1391_/A1 (sky130_fd_sc_hd__mux2_1)
                  0.05    0.29    0.70 v _1391_/X (sky130_fd_sc_hd__mux2_1)
     1    0.00                           _0536_ (net)
                  0.05    0.00    0.70 v _1392_/A0 (sky130_fd_sc_hd__mux2_1)
                  0.06    0.28    0.98 v _1392_/X (sky130_fd_sc_hd__mux2_1)
     1    0.00                           _0537_ (net)
                  0.06    0.00    0.98 v _1393_/A (sky130_fd_sc_hd__clkbuf_1)
                  0.03    0.09    1.07 v _1393_/X (sky130_fd_sc_hd__clkbuf_1)
     1    0.00                           _0334_ (net)
                  0.03    0.00    1.07 v _2070_/D (sky130_fd_sc_hd__dfrtp_1)
                                  1.07   data arrival time

                  0.00   40.00   40.00   clock clk_in (rise edge)
                          0.00   40.00   clock network delay (ideal)
                          0.00   40.00   clock reconvergence pessimism
                                 40.00 ^ _2070_/CLK (sky130_fd_sc_hd__dfrtp_1)
                         -0.12   39.88   library setup time
                                 39.88   data required time
-----------------------------------------------------------------------------
                                 39.88   data required time
                                 -1.07   data arrival time
-----------------------------------------------------------------------------
                                 38.81   slack (MET)


Startpoint: _2202_ (rising edge-triggered flip-flop clocked by vco_in)
Endpoint: _2199_ (rising edge-triggered flip-flop clocked by ref_in)
Path Group: ref_in
Path Type: max

Fanout     Cap    Slew   Delay    Time   Description
-----------------------------------------------------------------------------
                  0.00   30.00   30.00   clock vco_in (rise edge)
                          0.00   30.00   clock network delay (ideal)
                  0.00    0.00   30.00 ^ _2202_/CLK (sky130_fd_sc_hd__dfrtp_1)
                  0.17    0.40   30.40 ^ _2202_/Q (sky130_fd_sc_hd__dfrtp_1)
     5    0.02                           d5.fll_core.counter1.count[2] (net)
                  0.17    0.00   30.40 ^ _1002_/B_N (sky130_fd_sc_hd__or2b_1)
                  0.06    0.26   30.65 v _1002_/X (sky130_fd_sc_hd__or2b_1)
     2    0.01                           _0797_ (net)
                  0.06    0.00   30.65 v _1006_/C (sky130_fd_sc_hd__and4_1)
                  0.05    0.20   30.85 v _1006_/X (sky130_fd_sc_hd__and4_1)
     2    0.00                           _0801_ (net)
                  0.05    0.00   30.85 v _1011_/B1 (sky130_fd_sc_hd__a22o_1)
                  0.04    0.17   31.02 v _1011_/X (sky130_fd_sc_hd__a22o_1)
     1    0.00                           _0806_ (net)
                  0.04    0.00   31.02 v _1014_/A2 (sky130_fd_sc_hd__a211o_1)
                  0.06    0.29   31.32 v _1014_/X (sky130_fd_sc_hd__a211o_1)
     1    0.00                           _0809_ (net)
                  0.06    0.00   31.32 v _1015_/B2 (sky130_fd_sc_hd__a22oi_2)
                  0.20    0.20   31.52 ^ _1015_/Y (sky130_fd_sc_hd__a22oi_2)
     3    0.01                           _0810_ (net)
                  0.20    0.00   31.52 ^ _1020_/A (sky130_fd_sc_hd__nor2_1)
                  0.09    0.13   31.65 v _1020_/Y (sky130_fd_sc_hd__nor2_1)
     3    0.01                           _0815_ (net)
                  0.09    0.00   31.65 v _1021_/A (sky130_fd_sc_hd__buf_4)
                  0.07    0.20   31.86 v _1021_/X (sky130_fd_sc_hd__buf_4)
    10    0.05                           _0816_ (net)
                  0.07    0.00   31.86 v _1033_/B (sky130_fd_sc_hd__xnor2_1)
                  0.09    0.16   32.02 v _1033_/Y (sky130_fd_sc_hd__xnor2_1)
     3    0.01                           _0828_ (net)
                  0.09    0.00   32.02 v _1035_/B (sky130_fd_sc_hd__and3_1)
                  0.04    0.18   32.20 v _1035_/X (sky130_fd_sc_hd__and3_1)
     1    0.00                           _0830_ (net)
                  0.04    0.00   32.20 v _1038_/A3 (sky130_fd_sc_hd__a32o_1)
                  0.06    0.27   32.47 v _1038_/X (sky130_fd_sc_hd__a32o_1)
     2    0.01                           _0833_ (net)
                  0.06    0.00   32.47 v _1040_/A2 (sky130_fd_sc_hd__a21o_1)
                  0.04    0.19   32.66 v _1040_/X (sky130_fd_sc_hd__a21o_1)
     1    0.00                           _0835_ (net)
                  0.04    0.00   32.66 v _1042_/A (sky130_fd_sc_hd__xnor2_1)
                  0.04    0.11   32.78 v _1042_/Y (sky130_fd_sc_hd__xnor2_1)
     1    0.00                           _0837_ (net)
                  0.04    0.00   32.78 v _1090_/A1 (sky130_fd_sc_hd__mux2_1)
                  0.05    0.28   33.06 v _1090_/X (sky130_fd_sc_hd__mux2_1)
     1    0.00                           _0882_ (net)
                  0.05    0.00   33.06 v _1091_/A (sky130_fd_sc_hd__clkbuf_1)
                  0.02    0.09   33.15 v _1091_/X (sky130_fd_sc_hd__clkbuf_1)
     1    0.00                           _0461_ (net)
                  0.02    0.00   33.15 v _2199_/D (sky130_fd_sc_hd__dfrtp_2)
                                 33.15   data arrival time

                  0.00   40.00   40.00   clock ref_in (rise edge)
                          0.00   40.00   clock network delay (ideal)
                          0.00   40.00   clock reconvergence pessimism
                                 40.00 ^ _2199_/CLK (sky130_fd_sc_hd__dfrtp_2)
                         -0.12   39.88   library setup time
                                 39.88   data required time
-----------------------------------------------------------------------------
                                 39.88   data required time
                                -33.15   data arrival time
-----------------------------------------------------------------------------
                                  6.74   slack (MET)


Startpoint: _2207_ (rising edge-triggered flip-flop clocked by vco_in)
Endpoint: _2197_ (rising edge-triggered flip-flop clocked by ref_in)
Path Group: ref_in
Path Type: max

Fanout     Cap    Slew   Delay    Time   Description
-----------------------------------------------------------------------------
                  0.00   30.00   30.00   clock vco_in (rise edge)
                          0.00   30.00   clock network delay (ideal)
                  0.00    0.00   30.00 ^ _2207_/CLK (sky130_fd_sc_hd__dfrtp_1)
                  0.12    0.36   30.36 ^ _2207_/Q (sky130_fd_sc_hd__dfrtp_1)
     4    0.01                           d5.fll_core.counter1.count[7] (net)
                  0.12    0.00   30.36 ^ _0996_/A_N (sky130_fd_sc_hd__and2b_1)
                  0.04    0.20   30.56 v _0996_/X (sky130_fd_sc_hd__and2b_1)
     2    0.00                           _0791_ (net)
                  0.04    0.00   30.56 v _0997_/C1 (sky130_fd_sc_hd__a221oi_1)
                  0.28    0.24   30.80 ^ _0997_/Y (sky130_fd_sc_hd__a221oi_1)
     2    0.00                           _0792_ (net)
                  0.28    0.00   30.80 ^ _1000_/C1 (sky130_fd_sc_hd__o2111a_1)
                  0.07    0.25   31.05 ^ _1000_/X (sky130_fd_sc_hd__o2111a_1)
     2    0.00                           _0795_ (net)
                  0.07    0.00   31.05 ^ _1014_/A1 (sky130_fd_sc_hd__a211o_1)
                  0.06    0.13   31.18 ^ _1014_/X (sky130_fd_sc_hd__a211o_1)
     1    0.01                           _0809_ (net)
                  0.06    0.00   31.18 ^ _1015_/B2 (sky130_fd_sc_hd__a22oi_2)
                  0.08    0.07   31.26 v _1015_/Y (sky130_fd_sc_hd__a22oi_2)
     3    0.01                           _0810_ (net)
                  0.08    0.00   31.26 v _1026_/B (sky130_fd_sc_hd__or3_1)
                  0.09    0.39   31.64 v _1026_/X (sky130_fd_sc_hd__or3_1)
     3    0.01                           _0821_ (net)
                  0.09    0.00   31.64 v _1028_/A2 (sky130_fd_sc_hd__a21bo_1)
                  0.06    0.23   31.87 v _1028_/X (sky130_fd_sc_hd__a21bo_1)
     3    0.01                           _0823_ (net)
                  0.06    0.00   31.87 v _1030_/A3 (sky130_fd_sc_hd__a32o_1)
                  0.09    0.31   32.18 v _1030_/X (sky130_fd_sc_hd__a32o_1)
     4    0.01                           _0825_ (net)
                  0.09    0.00   32.18 v _1096_/A1 (sky130_fd_sc_hd__a32o_1)
                  0.06    0.26   32.44 v _1096_/X (sky130_fd_sc_hd__a32o_1)
     2    0.01                           _0886_ (net)
                  0.06    0.00   32.44 v _1098_/A2 (sky130_fd_sc_hd__a21oi_1)
                  0.15    0.17   32.61 ^ _1098_/Y (sky130_fd_sc_hd__a21oi_1)
     1    0.00                           _0888_ (net)
                  0.15    0.00   32.61 ^ _1099_/B (sky130_fd_sc_hd__xnor2_1)
                  0.05    0.08   32.69 v _1099_/Y (sky130_fd_sc_hd__xnor2_1)
     1    0.00                           _0889_ (net)
                  0.05    0.00   32.69 v _1100_/A1 (sky130_fd_sc_hd__mux2_1)
                  0.05    0.29   32.98 v _1100_/X (sky130_fd_sc_hd__mux2_1)
     1    0.00                           _0890_ (net)
                  0.05    0.00   32.98 v _1101_/A (sky130_fd_sc_hd__clkbuf_1)
                  0.03    0.09   33.07 v _1101_/X (sky130_fd_sc_hd__clkbuf_1)
     1    0.00                           _0459_ (net)
                  0.03    0.00   33.07 v _2197_/D (sky130_fd_sc_hd__dfrtp_2)
                                 33.07   data arrival time

                  0.00   40.00   40.00   clock ref_in (rise edge)
                          0.00   40.00   clock network delay (ideal)
                          0.00   40.00   clock reconvergence pessimism
                                 40.00 ^ _2197_/CLK (sky130_fd_sc_hd__dfrtp_2)
                         -0.12   39.88   library setup time
                                 39.88   data required time
-----------------------------------------------------------------------------
                                 39.88   data required time
                                -33.07   data arrival time
-----------------------------------------------------------------------------
                                  6.81   slack (MET)


Startpoint: _2202_ (rising edge-triggered flip-flop clocked by vco_in)
Endpoint: _2090_ (rising edge-triggered flip-flop clocked by ref_in)
Path Group: ref_in
Path Type: max

Fanout     Cap    Slew   Delay    Time   Description
-----------------------------------------------------------------------------
                  0.00   30.00   30.00   clock vco_in (rise edge)
                          0.00   30.00   clock network delay (ideal)
                  0.00    0.00   30.00 ^ _2202_/CLK (sky130_fd_sc_hd__dfrtp_1)
                  0.17    0.40   30.40 ^ _2202_/Q (sky130_fd_sc_hd__dfrtp_1)
     5    0.02                           d5.fll_core.counter1.count[2] (net)
                  0.17    0.00   30.40 ^ _1002_/B_N (sky130_fd_sc_hd__or2b_1)
                  0.06    0.26   30.65 v _1002_/X (sky130_fd_sc_hd__or2b_1)
     2    0.01                           _0797_ (net)
                  0.06    0.00   30.65 v _1006_/C (sky130_fd_sc_hd__and4_1)
                  0.05    0.20   30.85 v _1006_/X (sky130_fd_sc_hd__and4_1)
     2    0.00                           _0801_ (net)
                  0.05    0.00   30.85 v _1011_/B1 (sky130_fd_sc_hd__a22o_1)
                  0.04    0.17   31.02 v _1011_/X (sky130_fd_sc_hd__a22o_1)
     1    0.00                           _0806_ (net)
                  0.04    0.00   31.02 v _1014_/A2 (sky130_fd_sc_hd__a211o_1)
                  0.06    0.29   31.32 v _1014_/X (sky130_fd_sc_hd__a211o_1)
     1    0.00                           _0809_ (net)
                  0.06    0.00   31.32 v _1015_/B2 (sky130_fd_sc_hd__a22oi_2)
                  0.20    0.20   31.52 ^ _1015_/Y (sky130_fd_sc_hd__a22oi_2)
     3    0.01                           _0810_ (net)
                  0.20    0.00   31.52 ^ _1020_/A (sky130_fd_sc_hd__nor2_1)
                  0.09    0.13   31.65 v _1020_/Y (sky130_fd_sc_hd__nor2_1)
     3    0.01                           _0815_ (net)
                  0.09    0.00   31.65 v _1021_/A (sky130_fd_sc_hd__buf_4)
                  0.07    0.20   31.86 v _1021_/X (sky130_fd_sc_hd__buf_4)
    10    0.05                           _0816_ (net)
                  0.07    0.00   31.86 v _1066_/A1 (sky130_fd_sc_hd__o31a_1)
                  0.05    0.31   32.16 v _1066_/X (sky130_fd_sc_hd__o31a_1)
     2    0.00                           _0860_ (net)
                  0.05    0.00   32.16 v _1833_/B (sky130_fd_sc_hd__or3b_1)
                  0.11    0.41   32.57 v _1833_/X (sky130_fd_sc_hd__or3b_1)
     3    0.01                           _0763_ (net)
                  0.11    0.00   32.57 v _1838_/S (sky130_fd_sc_hd__mux2_1)
                  0.06    0.32   32.89 v _1838_/X (sky130_fd_sc_hd__mux2_1)
     1    0.00                           _0766_ (net)
                  0.06    0.00   32.89 v _1839_/A (sky130_fd_sc_hd__clkbuf_1)
                  0.02    0.09   32.98 v _1839_/X (sky130_fd_sc_hd__clkbuf_1)
     1    0.00                           _0354_ (net)
                  0.02    0.00   32.98 v _2090_/D (sky130_fd_sc_hd__dfxtp_1)
                                 32.98   data arrival time

                  0.00   40.00   40.00   clock ref_in (rise edge)
                          0.00   40.00   clock network delay (ideal)
                          0.00   40.00   clock reconvergence pessimism
                                 40.00 ^ _2090_/CLK (sky130_fd_sc_hd__dfxtp_1)
                         -0.11   39.89   library setup time
                                 39.89   data required time
-----------------------------------------------------------------------------
                                 39.89   data required time
                                -32.98   data arrival time
-----------------------------------------------------------------------------
                                  6.91   slack (MET)


Startpoint: _2202_ (rising edge-triggered flip-flop clocked by vco_in)
Endpoint: _2088_ (rising edge-triggered flip-flop clocked by ref_in)
Path Group: ref_in
Path Type: max

Fanout     Cap    Slew   Delay    Time   Description
-----------------------------------------------------------------------------
                  0.00   30.00   30.00   clock vco_in (rise edge)
                          0.00   30.00   clock network delay (ideal)
                  0.00    0.00   30.00 ^ _2202_/CLK (sky130_fd_sc_hd__dfrtp_1)
                  0.17    0.40   30.40 ^ _2202_/Q (sky130_fd_sc_hd__dfrtp_1)
     5    0.02                           d5.fll_core.counter1.count[2] (net)
                  0.17    0.00   30.40 ^ _1002_/B_N (sky130_fd_sc_hd__or2b_1)
                  0.06    0.26   30.65 v _1002_/X (sky130_fd_sc_hd__or2b_1)
     2    0.01                           _0797_ (net)
                  0.06    0.00   30.65 v _1006_/C (sky130_fd_sc_hd__and4_1)
                  0.05    0.20   30.85 v _1006_/X (sky130_fd_sc_hd__and4_1)
     2    0.00                           _0801_ (net)
                  0.05    0.00   30.85 v _1011_/B1 (sky130_fd_sc_hd__a22o_1)
                  0.04    0.17   31.02 v _1011_/X (sky130_fd_sc_hd__a22o_1)
     1    0.00                           _0806_ (net)
                  0.04    0.00   31.02 v _1014_/A2 (sky130_fd_sc_hd__a211o_1)
                  0.06    0.29   31.32 v _1014_/X (sky130_fd_sc_hd__a211o_1)
     1    0.00                           _0809_ (net)
                  0.06    0.00   31.32 v _1015_/B2 (sky130_fd_sc_hd__a22oi_2)
                  0.20    0.20   31.52 ^ _1015_/Y (sky130_fd_sc_hd__a22oi_2)
     3    0.01                           _0810_ (net)
                  0.20    0.00   31.52 ^ _1020_/A (sky130_fd_sc_hd__nor2_1)
                  0.09    0.13   31.65 v _1020_/Y (sky130_fd_sc_hd__nor2_1)
     3    0.01                           _0815_ (net)
                  0.09    0.00   31.65 v _1021_/A (sky130_fd_sc_hd__buf_4)
                  0.07    0.20   31.86 v _1021_/X (sky130_fd_sc_hd__buf_4)
    10    0.05                           _0816_ (net)
                  0.07    0.00   31.86 v _1066_/A1 (sky130_fd_sc_hd__o31a_1)
                  0.05    0.31   32.16 v _1066_/X (sky130_fd_sc_hd__o31a_1)
     2    0.00                           _0860_ (net)
                  0.05    0.00   32.16 v _1833_/B (sky130_fd_sc_hd__or3b_1)
                  0.11    0.41   32.57 v _1833_/X (sky130_fd_sc_hd__or3b_1)
     3    0.01                           _0763_ (net)
                  0.11    0.00   32.57 v _1834_/S (sky130_fd_sc_hd__mux2_1)
                  0.06    0.32   32.89 v _1834_/X (sky130_fd_sc_hd__mux2_1)
     1    0.00                           _0764_ (net)
                  0.06    0.00   32.89 v _1835_/A (sky130_fd_sc_hd__clkbuf_1)
                  0.02    0.09   32.98 v _1835_/X (sky130_fd_sc_hd__clkbuf_1)
     1    0.00                           _0352_ (net)
                  0.02    0.00   32.98 v _2088_/D (sky130_fd_sc_hd__dfxtp_1)
                                 32.98   data arrival time

                  0.00   40.00   40.00   clock ref_in (rise edge)
                          0.00   40.00   clock network delay (ideal)
                          0.00   40.00   clock reconvergence pessimism
                                 40.00 ^ _2088_/CLK (sky130_fd_sc_hd__dfxtp_1)
                         -0.11   39.89   library setup time
                                 39.89   data required time
-----------------------------------------------------------------------------
                                 39.89   data required time
                                -32.98   data arrival time
-----------------------------------------------------------------------------
                                  6.91   slack (MET)


Startpoint: _2202_ (rising edge-triggered flip-flop clocked by vco_in)
Endpoint: _2198_ (rising edge-triggered flip-flop clocked by ref_in)
Path Group: ref_in
Path Type: max

Fanout     Cap    Slew   Delay    Time   Description
-----------------------------------------------------------------------------
                  0.00   30.00   30.00   clock vco_in (rise edge)
                          0.00   30.00   clock network delay (ideal)
                  0.00    0.00   30.00 ^ _2202_/CLK (sky130_fd_sc_hd__dfrtp_1)
                  0.17    0.40   30.40 ^ _2202_/Q (sky130_fd_sc_hd__dfrtp_1)
     5    0.02                           d5.fll_core.counter1.count[2] (net)
                  0.17    0.00   30.40 ^ _1002_/B_N (sky130_fd_sc_hd__or2b_1)
                  0.06    0.26   30.65 v _1002_/X (sky130_fd_sc_hd__or2b_1)
     2    0.01                           _0797_ (net)
                  0.06    0.00   30.65 v _1006_/C (sky130_fd_sc_hd__and4_1)
                  0.05    0.20   30.85 v _1006_/X (sky130_fd_sc_hd__and4_1)
     2    0.00                           _0801_ (net)
                  0.05    0.00   30.85 v _1011_/B1 (sky130_fd_sc_hd__a22o_1)
                  0.04    0.17   31.02 v _1011_/X (sky130_fd_sc_hd__a22o_1)
     1    0.00                           _0806_ (net)
                  0.04    0.00   31.02 v _1014_/A2 (sky130_fd_sc_hd__a211o_1)
                  0.06    0.29   31.32 v _1014_/X (sky130_fd_sc_hd__a211o_1)
     1    0.00                           _0809_ (net)
                  0.06    0.00   31.32 v _1015_/B2 (sky130_fd_sc_hd__a22oi_2)
                  0.20    0.20   31.52 ^ _1015_/Y (sky130_fd_sc_hd__a22oi_2)
     3    0.01                           _0810_ (net)
                  0.20    0.00   31.52 ^ _1020_/A (sky130_fd_sc_hd__nor2_1)
                  0.09    0.13   31.65 v _1020_/Y (sky130_fd_sc_hd__nor2_1)
     3    0.01                           _0815_ (net)
                  0.09    0.00   31.65 v _1021_/A (sky130_fd_sc_hd__buf_4)
                  0.07    0.20   31.86 v _1021_/X (sky130_fd_sc_hd__buf_4)
    10    0.05                           _0816_ (net)
                  0.07    0.00   31.86 v _1033_/B (sky130_fd_sc_hd__xnor2_1)
                  0.09    0.16   32.02 v _1033_/Y (sky130_fd_sc_hd__xnor2_1)
     3    0.01                           _0828_ (net)
                  0.09    0.00   32.02 v _1035_/B (sky130_fd_sc_hd__and3_1)
                  0.04    0.18   32.20 v _1035_/X (sky130_fd_sc_hd__and3_1)
     1    0.00                           _0830_ (net)
                  0.04    0.00   32.20 v _1038_/A3 (sky130_fd_sc_hd__a32o_1)
                  0.06    0.27   32.47 v _1038_/X (sky130_fd_sc_hd__a32o_1)
     2    0.01                           _0833_ (net)
                  0.06    0.00   32.47 v _1093_/B (sky130_fd_sc_hd__xnor2_1)
                  0.04    0.12   32.60 v _1093_/Y (sky130_fd_sc_hd__xnor2_1)
     1    0.00                           _0884_ (net)
                  0.04    0.00   32.60 v _1094_/A1 (sky130_fd_sc_hd__mux2_1)
                  0.05    0.28   32.88 v _1094_/X (sky130_fd_sc_hd__mux2_1)
     1    0.00                           _0885_ (net)
                  0.05    0.00   32.88 v _1095_/A (sky130_fd_sc_hd__clkbuf_1)
                  0.03    0.09   32.97 v _1095_/X (sky130_fd_sc_hd__clkbuf_1)
     1    0.00                           _0460_ (net)
                  0.03    0.00   32.97 v _2198_/D (sky130_fd_sc_hd__dfrtp_2)
                                 32.97   data arrival time

                  0.00   40.00   40.00   clock ref_in (rise edge)
                          0.00   40.00   clock network delay (ideal)
                          0.00   40.00   clock reconvergence pessimism
                                 40.00 ^ _2198_/CLK (sky130_fd_sc_hd__dfrtp_2)
                         -0.12   39.88   library setup time
                                 39.88   data required time
-----------------------------------------------------------------------------
                                 39.88   data required time
                                -32.97   data arrival time
-----------------------------------------------------------------------------
                                  6.91   slack (MET)


Startpoint: _2202_ (rising edge-triggered flip-flop clocked by vco_in)
Endpoint: _2209_ (rising edge-triggered flip-flop clocked by vco_in)
Path Group: vco_in
Path Type: max

Fanout     Cap    Slew   Delay    Time   Description
-----------------------------------------------------------------------------
                  0.00    0.00    0.00   clock vco_in (rise edge)
                          0.00    0.00   clock network delay (ideal)
                  0.00    0.00    0.00 ^ _2202_/CLK (sky130_fd_sc_hd__dfrtp_1)
                  0.10    0.40    0.40 v _2202_/Q (sky130_fd_sc_hd__dfrtp_1)
     5    0.02                           d5.fll_core.counter1.count[2] (net)
                  0.10    0.00    0.40 v _1687_/C (sky130_fd_sc_hd__and3_1)
                  0.06    0.22    0.63 v _1687_/X (sky130_fd_sc_hd__and3_1)
     3    0.01                           _0730_ (net)
                  0.06    0.00    0.63 v _1690_/B (sky130_fd_sc_hd__and2_1)
                  0.08    0.20    0.83 v _1690_/X (sky130_fd_sc_hd__and2_1)
     4    0.01                           _0732_ (net)
                  0.08    0.00    0.83 v _1694_/C (sky130_fd_sc_hd__and3_1)
                  0.06    0.21    1.04 v _1694_/X (sky130_fd_sc_hd__and3_1)
     3    0.01                           _0734_ (net)
                  0.06    0.00    1.04 v _1697_/B (sky130_fd_sc_hd__and2_1)
                  0.08    0.20    1.24 v _1697_/X (sky130_fd_sc_hd__and2_1)
     4    0.01                           _0736_ (net)
                  0.08    0.00    1.24 v _1701_/C (sky130_fd_sc_hd__and3_1)
                  0.06    0.21    1.45 v _1701_/X (sky130_fd_sc_hd__and3_1)
     2    0.01                           _0738_ (net)
                  0.06    0.00    1.45 v _1704_/B (sky130_fd_sc_hd__xnor2_1)
                  0.04    0.12    1.57 v _1704_/Y (sky130_fd_sc_hd__xnor2_1)
     1    0.00                           _0010_ (net)
                  0.04    0.00    1.57 v _2209_/D (sky130_fd_sc_hd__dfrtp_1)
                                  1.57   data arrival time

                  0.00   10.00   10.00   clock vco_in (rise edge)
                          0.00   10.00   clock network delay (ideal)
                          0.00   10.00   clock reconvergence pessimism
                                 10.00 ^ _2209_/CLK (sky130_fd_sc_hd__dfrtp_1)
                         -0.12    9.88   library setup time
                                  9.88   data required time
-----------------------------------------------------------------------------
                                  9.88   data required time
                                 -1.57   data arrival time
-----------------------------------------------------------------------------
                                  8.31   slack (MET)


Startpoint: _2202_ (rising edge-triggered flip-flop clocked by vco_in)
Endpoint: _2208_ (rising edge-triggered flip-flop clocked by vco_in)
Path Group: vco_in
Path Type: max

Fanout     Cap    Slew   Delay    Time   Description
-----------------------------------------------------------------------------
                  0.00    0.00    0.00   clock vco_in (rise edge)
                          0.00    0.00   clock network delay (ideal)
                  0.00    0.00    0.00 ^ _2202_/CLK (sky130_fd_sc_hd__dfrtp_1)
                  0.10    0.40    0.40 v _2202_/Q (sky130_fd_sc_hd__dfrtp_1)
     5    0.02                           d5.fll_core.counter1.count[2] (net)
                  0.10    0.00    0.40 v _1687_/C (sky130_fd_sc_hd__and3_1)
                  0.06    0.22    0.63 v _1687_/X (sky130_fd_sc_hd__and3_1)
     3    0.01                           _0730_ (net)
                  0.06    0.00    0.63 v _1690_/B (sky130_fd_sc_hd__and2_1)
                  0.08    0.20    0.83 v _1690_/X (sky130_fd_sc_hd__and2_1)
     4    0.01                           _0732_ (net)
                  0.08    0.00    0.83 v _1694_/C (sky130_fd_sc_hd__and3_1)
                  0.06    0.21    1.04 v _1694_/X (sky130_fd_sc_hd__and3_1)
     3    0.01                           _0734_ (net)
                  0.06    0.00    1.04 v _1697_/B (sky130_fd_sc_hd__and2_1)
                  0.08    0.20    1.24 v _1697_/X (sky130_fd_sc_hd__and2_1)
     4    0.01                           _0736_ (net)
                  0.08    0.00    1.24 v _1701_/C (sky130_fd_sc_hd__and3_1)
                  0.06    0.21    1.45 v _1701_/X (sky130_fd_sc_hd__and3_1)
     2    0.01                           _0738_ (net)
                  0.06    0.00    1.45 v _1703_/A (sky130_fd_sc_hd__nor2_1)
                  0.07    0.10    1.55 ^ _1703_/Y (sky130_fd_sc_hd__nor2_1)
     1    0.00                           _0009_ (net)
                  0.07    0.00    1.55 ^ _2208_/D (sky130_fd_sc_hd__dfrtp_1)
                                  1.55   data arrival time

                  0.00   10.00   10.00   clock vco_in (rise edge)
                          0.00   10.00   clock network delay (ideal)
                          0.00   10.00   clock reconvergence pessimism
                                 10.00 ^ _2208_/CLK (sky130_fd_sc_hd__dfrtp_1)
                         -0.07    9.93   library setup time
                                  9.93   data required time
-----------------------------------------------------------------------------
                                  9.93   data required time
                                 -1.55   data arrival time
-----------------------------------------------------------------------------
                                  8.38   slack (MET)


Startpoint: _2202_ (rising edge-triggered flip-flop clocked by vco_in)
Endpoint: _2207_ (rising edge-triggered flip-flop clocked by vco_in)
Path Group: vco_in
Path Type: max

Fanout     Cap    Slew   Delay    Time   Description
-----------------------------------------------------------------------------
                  0.00    0.00    0.00   clock vco_in (rise edge)
                          0.00    0.00   clock network delay (ideal)
                  0.00    0.00    0.00 ^ _2202_/CLK (sky130_fd_sc_hd__dfrtp_1)
                  0.10    0.40    0.40 v _2202_/Q (sky130_fd_sc_hd__dfrtp_1)
     5    0.02                           d5.fll_core.counter1.count[2] (net)
                  0.10    0.00    0.40 v _1687_/C (sky130_fd_sc_hd__and3_1)
                  0.06    0.22    0.63 v _1687_/X (sky130_fd_sc_hd__and3_1)
     3    0.01                           _0730_ (net)
                  0.06    0.00    0.63 v _1690_/B (sky130_fd_sc_hd__and2_1)
                  0.08    0.20    0.83 v _1690_/X (sky130_fd_sc_hd__and2_1)
     4    0.01                           _0732_ (net)
                  0.08    0.00    0.83 v _1694_/C (sky130_fd_sc_hd__and3_1)
                  0.06    0.21    1.04 v _1694_/X (sky130_fd_sc_hd__and3_1)
     3    0.01                           _0734_ (net)
                  0.06    0.00    1.04 v _1697_/B (sky130_fd_sc_hd__and2_1)
                  0.08    0.20    1.24 v _1697_/X (sky130_fd_sc_hd__and2_1)
     4    0.01                           _0736_ (net)
                  0.08    0.00    1.24 v _1700_/B (sky130_fd_sc_hd__xnor2_1)
                  0.04    0.13    1.36 v _1700_/Y (sky130_fd_sc_hd__xnor2_1)
     1    0.00                           _0008_ (net)
                  0.04    0.00    1.36 v _2207_/D (sky130_fd_sc_hd__dfrtp_1)
                                  1.36   data arrival time

                  0.00   10.00   10.00   clock vco_in (rise edge)
                          0.00   10.00   clock network delay (ideal)
                          0.00   10.00   clock reconvergence pessimism
                                 10.00 ^ _2207_/CLK (sky130_fd_sc_hd__dfrtp_1)
                         -0.12    9.88   library setup time
                                  9.88   data required time
-----------------------------------------------------------------------------
                                  9.88   data required time
                                 -1.36   data arrival time
-----------------------------------------------------------------------------
                                  8.51   slack (MET)


Startpoint: _2202_ (rising edge-triggered flip-flop clocked by vco_in)
Endpoint: _2206_ (rising edge-triggered flip-flop clocked by vco_in)
Path Group: vco_in
Path Type: max

Fanout     Cap    Slew   Delay    Time   Description
-----------------------------------------------------------------------------
                  0.00    0.00    0.00   clock vco_in (rise edge)
                          0.00    0.00   clock network delay (ideal)
                  0.00    0.00    0.00 ^ _2202_/CLK (sky130_fd_sc_hd__dfrtp_1)
                  0.10    0.40    0.40 v _2202_/Q (sky130_fd_sc_hd__dfrtp_1)
     5    0.02                           d5.fll_core.counter1.count[2] (net)
                  0.10    0.00    0.40 v _1687_/C (sky130_fd_sc_hd__and3_1)
                  0.06    0.22    0.63 v _1687_/X (sky130_fd_sc_hd__and3_1)
     3    0.01                           _0730_ (net)
                  0.06    0.00    0.63 v _1690_/B (sky130_fd_sc_hd__and2_1)
                  0.08    0.20    0.83 v _1690_/X (sky130_fd_sc_hd__and2_1)
     4    0.01                           _0732_ (net)
                  0.08    0.00    0.83 v _1694_/C (sky130_fd_sc_hd__and3_1)
                  0.06    0.21    1.04 v _1694_/X (sky130_fd_sc_hd__and3_1)
     3    0.01                           _0734_ (net)
                  0.06    0.00    1.04 v _1697_/B (sky130_fd_sc_hd__and2_1)
                  0.08    0.20    1.24 v _1697_/X (sky130_fd_sc_hd__and2_1)
     4    0.01                           _0736_ (net)
                  0.08    0.00    1.24 v _1699_/A (sky130_fd_sc_hd__nor2_1)
                  0.08    0.11    1.35 ^ _1699_/Y (sky130_fd_sc_hd__nor2_1)
     1    0.00                           _0007_ (net)
                  0.08    0.00    1.35 ^ _2206_/D (sky130_fd_sc_hd__dfrtp_1)
                                  1.35   data arrival time

                  0.00   10.00   10.00   clock vco_in (rise edge)
                          0.00   10.00   clock network delay (ideal)
                          0.00   10.00   clock reconvergence pessimism
                                 10.00 ^ _2206_/CLK (sky130_fd_sc_hd__dfrtp_1)
                         -0.07    9.93   library setup time
                                  9.93   data required time
-----------------------------------------------------------------------------
                                  9.93   data required time
                                 -1.35   data arrival time
-----------------------------------------------------------------------------
                                  8.58   slack (MET)


Startpoint: _2202_ (rising edge-triggered flip-flop clocked by vco_in)
Endpoint: _2205_ (rising edge-triggered flip-flop clocked by vco_in)
Path Group: vco_in
Path Type: max

Fanout     Cap    Slew   Delay    Time   Description
-----------------------------------------------------------------------------
                  0.00    0.00    0.00   clock vco_in (rise edge)
                          0.00    0.00   clock network delay (ideal)
                  0.00    0.00    0.00 ^ _2202_/CLK (sky130_fd_sc_hd__dfrtp_1)
                  0.10    0.40    0.40 v _2202_/Q (sky130_fd_sc_hd__dfrtp_1)
     5    0.02                           d5.fll_core.counter1.count[2] (net)
                  0.10    0.00    0.40 v _1687_/C (sky130_fd_sc_hd__and3_1)
                  0.06    0.22    0.63 v _1687_/X (sky130_fd_sc_hd__and3_1)
     3    0.01                           _0730_ (net)
                  0.06    0.00    0.63 v _1690_/B (sky130_fd_sc_hd__and2_1)
                  0.08    0.20    0.83 v _1690_/X (sky130_fd_sc_hd__and2_1)
     4    0.01                           _0732_ (net)
                  0.08    0.00    0.83 v _1694_/C (sky130_fd_sc_hd__and3_1)
                  0.06    0.21    1.04 v _1694_/X (sky130_fd_sc_hd__and3_1)
     3    0.01                           _0734_ (net)
                  0.06    0.00    1.04 v _1696_/A (sky130_fd_sc_hd__nor2_1)
                  0.07    0.10    1.14 ^ _1696_/Y (sky130_fd_sc_hd__nor2_1)
     1    0.00                           _0006_ (net)
                  0.07    0.00    1.14 ^ _2205_/D (sky130_fd_sc_hd__dfrtp_1)
                                  1.14   data arrival time

                  0.00   10.00   10.00   clock vco_in (rise edge)
                          0.00   10.00   clock network delay (ideal)
                          0.00   10.00   clock reconvergence pessimism
                                 10.00 ^ _2205_/CLK (sky130_fd_sc_hd__dfrtp_1)
                         -0.07    9.93   library setup time
                                  9.93   data required time
-----------------------------------------------------------------------------
                                  9.93   data required time
                                 -1.14   data arrival time
-----------------------------------------------------------------------------
                                  8.79   slack (MET)


