
===========================================================================
report_checks -path_delay min (Hold)
============================================================================
Startpoint: _2188_ (rising edge-triggered flip-flop clocked by ref_in)
Endpoint: _2202_ (removal check against rising-edge clock vco_in)
Path Group: **async_default**
Path Type: min

Fanout     Cap    Slew   Delay    Time   Description
-----------------------------------------------------------------------------
                  0.00    0.00    0.00   clock ref_in (rise edge)
                          0.00    0.00   clock network delay (ideal)
                  0.00    0.00    0.00 ^ _2188_/CLK (sky130_fd_sc_hd__dfstp_1)
                  0.05    0.36    0.36 v _2188_/Q (sky130_fd_sc_hd__dfstp_1)
     2    0.01                           d5.fll_core.counter_reset (net)
                  0.05    0.00    0.36 v _1960_/A (sky130_fd_sc_hd__buf_4)
                  0.08    0.19    0.54 v _1960_/X (sky130_fd_sc_hd__buf_4)
    10    0.05                           _0778_ (net)
                  0.08    0.00    0.54 v _1963_/A (sky130_fd_sc_hd__inv_2)
                  0.03    0.06    0.60 ^ _1963_/Y (sky130_fd_sc_hd__inv_2)
     1    0.00                           _0228_ (net)
                  0.03    0.00    0.60 ^ _2202_/RESET_B (sky130_fd_sc_hd__dfrtp_1)
                                  0.60   data arrival time

                  0.00    0.00    0.00   clock vco_in (rise edge)
                          0.00    0.00   clock network delay (ideal)
                          0.00    0.00   clock reconvergence pessimism
                                  0.00 ^ _2202_/CLK (sky130_fd_sc_hd__dfrtp_1)
                          0.30    0.30   library removal time
                                  0.30   data required time
-----------------------------------------------------------------------------
                                  0.30   data required time
                                 -0.60   data arrival time
-----------------------------------------------------------------------------
                                  0.30   slack (MET)


Startpoint: _2188_ (rising edge-triggered flip-flop clocked by ref_in)
Endpoint: _2203_ (removal check against rising-edge clock vco_in)
Path Group: **async_default**
Path Type: min

Fanout     Cap    Slew   Delay    Time   Description
-----------------------------------------------------------------------------
                  0.00    0.00    0.00   clock ref_in (rise edge)
                          0.00    0.00   clock network delay (ideal)
                  0.00    0.00    0.00 ^ _2188_/CLK (sky130_fd_sc_hd__dfstp_1)
                  0.05    0.36    0.36 v _2188_/Q (sky130_fd_sc_hd__dfstp_1)
     2    0.01                           d5.fll_core.counter_reset (net)
                  0.05    0.00    0.36 v _1960_/A (sky130_fd_sc_hd__buf_4)
                  0.08    0.19    0.54 v _1960_/X (sky130_fd_sc_hd__buf_4)
    10    0.05                           _0778_ (net)
                  0.08    0.00    0.54 v _1964_/A (sky130_fd_sc_hd__inv_2)
                  0.03    0.06    0.60 ^ _1964_/Y (sky130_fd_sc_hd__inv_2)
     1    0.00                           _0229_ (net)
                  0.03    0.00    0.60 ^ _2203_/RESET_B (sky130_fd_sc_hd__dfrtp_1)
                                  0.60   data arrival time

                  0.00    0.00    0.00   clock vco_in (rise edge)
                          0.00    0.00   clock network delay (ideal)
                          0.00    0.00   clock reconvergence pessimism
                                  0.00 ^ _2203_/CLK (sky130_fd_sc_hd__dfrtp_1)
                          0.30    0.30   library removal time
                                  0.30   data required time
-----------------------------------------------------------------------------
                                  0.30   data required time
                                 -0.60   data arrival time
-----------------------------------------------------------------------------
                                  0.30   slack (MET)


Startpoint: _2188_ (rising edge-triggered flip-flop clocked by ref_in)
Endpoint: _2204_ (removal check against rising-edge clock vco_in)
Path Group: **async_default**
Path Type: min

Fanout     Cap    Slew   Delay    Time   Description
-----------------------------------------------------------------------------
                  0.00    0.00    0.00   clock ref_in (rise edge)
                          0.00    0.00   clock network delay (ideal)
                  0.00    0.00    0.00 ^ _2188_/CLK (sky130_fd_sc_hd__dfstp_1)
                  0.05    0.36    0.36 v _2188_/Q (sky130_fd_sc_hd__dfstp_1)
     2    0.01                           d5.fll_core.counter_reset (net)
                  0.05    0.00    0.36 v _1960_/A (sky130_fd_sc_hd__buf_4)
                  0.08    0.19    0.54 v _1960_/X (sky130_fd_sc_hd__buf_4)
    10    0.05                           _0778_ (net)
                  0.08    0.00    0.54 v _1965_/A (sky130_fd_sc_hd__inv_2)
                  0.03    0.06    0.60 ^ _1965_/Y (sky130_fd_sc_hd__inv_2)
     1    0.00                           _0230_ (net)
                  0.03    0.00    0.60 ^ _2204_/RESET_B (sky130_fd_sc_hd__dfrtp_1)
                                  0.60   data arrival time

                  0.00    0.00    0.00   clock vco_in (rise edge)
                          0.00    0.00   clock network delay (ideal)
                          0.00    0.00   clock reconvergence pessimism
                                  0.00 ^ _2204_/CLK (sky130_fd_sc_hd__dfrtp_1)
                          0.30    0.30   library removal time
                                  0.30   data required time
-----------------------------------------------------------------------------
                                  0.30   data required time
                                 -0.60   data arrival time
-----------------------------------------------------------------------------
                                  0.30   slack (MET)


Startpoint: _2188_ (rising edge-triggered flip-flop clocked by ref_in)
Endpoint: _2205_ (removal check against rising-edge clock vco_in)
Path Group: **async_default**
Path Type: min

Fanout     Cap    Slew   Delay    Time   Description
-----------------------------------------------------------------------------
                  0.00    0.00    0.00   clock ref_in (rise edge)
                          0.00    0.00   clock network delay (ideal)
                  0.00    0.00    0.00 ^ _2188_/CLK (sky130_fd_sc_hd__dfstp_1)
                  0.05    0.36    0.36 v _2188_/Q (sky130_fd_sc_hd__dfstp_1)
     2    0.01                           d5.fll_core.counter_reset (net)
                  0.05    0.00    0.36 v _1960_/A (sky130_fd_sc_hd__buf_4)
                  0.08    0.19    0.54 v _1960_/X (sky130_fd_sc_hd__buf_4)
    10    0.05                           _0778_ (net)
                  0.08    0.00    0.54 v _1966_/A (sky130_fd_sc_hd__inv_2)
                  0.03    0.06    0.60 ^ _1966_/Y (sky130_fd_sc_hd__inv_2)
     1    0.00                           _0231_ (net)
                  0.03    0.00    0.60 ^ _2205_/RESET_B (sky130_fd_sc_hd__dfrtp_1)
                                  0.60   data arrival time

                  0.00    0.00    0.00   clock vco_in (rise edge)
                          0.00    0.00   clock network delay (ideal)
                          0.00    0.00   clock reconvergence pessimism
                                  0.00 ^ _2205_/CLK (sky130_fd_sc_hd__dfrtp_1)
                          0.30    0.30   library removal time
                                  0.30   data required time
-----------------------------------------------------------------------------
                                  0.30   data required time
                                 -0.60   data arrival time
-----------------------------------------------------------------------------
                                  0.30   slack (MET)


Startpoint: _2188_ (rising edge-triggered flip-flop clocked by ref_in)
Endpoint: _2217_ (removal check against rising-edge clock ref_in)
Path Group: **async_default**
Path Type: min

Fanout     Cap    Slew   Delay    Time   Description
-----------------------------------------------------------------------------
                  0.00    0.00    0.00   clock ref_in (rise edge)
                          0.00    0.00   clock network delay (ideal)
                  0.00    0.00    0.00 ^ _2188_/CLK (sky130_fd_sc_hd__dfstp_1)
                  0.05    0.36    0.36 v _2188_/Q (sky130_fd_sc_hd__dfstp_1)
     2    0.01                           d5.fll_core.counter_reset (net)
                  0.05    0.00    0.36 v _1971_/A (sky130_fd_sc_hd__buf_4)
                  0.08    0.19    0.55 v _1971_/X (sky130_fd_sc_hd__buf_4)
    10    0.05                           _0779_ (net)
                  0.08    0.00    0.55 v _1979_/A (sky130_fd_sc_hd__inv_2)
                  0.03    0.06    0.60 ^ _1979_/Y (sky130_fd_sc_hd__inv_2)
     1    0.00                           _0243_ (net)
                  0.03    0.00    0.60 ^ _2217_/RESET_B (sky130_fd_sc_hd__dfrtp_1)
                                  0.60   data arrival time

                  0.00    0.00    0.00   clock ref_in (rise edge)
                          0.00    0.00   clock network delay (ideal)
                          0.00    0.00   clock reconvergence pessimism
                                  0.00 ^ _2217_/CLK (sky130_fd_sc_hd__dfrtp_1)
                          0.30    0.30   library removal time
                                  0.30   data required time
-----------------------------------------------------------------------------
                                  0.30   data required time
                                 -0.60   data arrival time
-----------------------------------------------------------------------------
                                  0.30   slack (MET)


Startpoint: _2158_ (rising edge-triggered flip-flop clocked by clk_in)
Endpoint: _2158_ (rising edge-triggered flip-flop clocked by clk_in)
Path Group: clk_in
Path Type: min

Fanout     Cap    Slew   Delay    Time   Description
-----------------------------------------------------------------------------
                  0.00    0.00    0.00   clock clk_in (rise edge)
                          0.00    0.00   clock network delay (ideal)
                  0.00    0.00    0.00 ^ _2158_/CLK (sky130_fd_sc_hd__dfrtp_1)
                  0.03    0.29    0.29 ^ _2158_/Q (sky130_fd_sc_hd__dfrtp_1)
     2    0.01                           d2.t_load[66] (net)
                  0.03    0.00    0.29 ^ _1192_/A0 (sky130_fd_sc_hd__mux2_1)
                  0.04    0.11    0.40 ^ _1192_/X (sky130_fd_sc_hd__mux2_1)
     1    0.00                           _0944_ (net)
                  0.04    0.00    0.40 ^ _1193_/A (sky130_fd_sc_hd__clkbuf_1)
                  0.04    0.08    0.47 ^ _1193_/X (sky130_fd_sc_hd__clkbuf_1)
     1    0.00                           _0421_ (net)
                  0.04    0.00    0.47 ^ _2158_/D (sky130_fd_sc_hd__dfrtp_1)
                                  0.47   data arrival time

                  0.00    0.00    0.00   clock clk_in (rise edge)
                          0.00    0.00   clock network delay (ideal)
                          0.00    0.00   clock reconvergence pessimism
                                  0.00 ^ _2158_/CLK (sky130_fd_sc_hd__dfrtp_1)
                         -0.04   -0.04   library hold time
                                 -0.04   data required time
-----------------------------------------------------------------------------
                                 -0.04   data required time
                                 -0.47   data arrival time
-----------------------------------------------------------------------------
                                  0.51   slack (MET)


Startpoint: _2159_ (rising edge-triggered flip-flop clocked by clk_in)
Endpoint: _2159_ (rising edge-triggered flip-flop clocked by clk_in)
Path Group: clk_in
Path Type: min

Fanout     Cap    Slew   Delay    Time   Description
-----------------------------------------------------------------------------
                  0.00    0.00    0.00   clock clk_in (rise edge)
                          0.00    0.00   clock network delay (ideal)
                  0.00    0.00    0.00 ^ _2159_/CLK (sky130_fd_sc_hd__dfrtp_1)
                  0.03    0.29    0.29 ^ _2159_/Q (sky130_fd_sc_hd__dfrtp_1)
     2    0.01                           d2.t_load[67] (net)
                  0.03    0.00    0.29 ^ _1190_/A0 (sky130_fd_sc_hd__mux2_1)
                  0.04    0.11    0.40 ^ _1190_/X (sky130_fd_sc_hd__mux2_1)
     1    0.00                           _0943_ (net)
                  0.04    0.00    0.40 ^ _1191_/A (sky130_fd_sc_hd__clkbuf_1)
                  0.04    0.08    0.48 ^ _1191_/X (sky130_fd_sc_hd__clkbuf_1)
     1    0.00                           _0422_ (net)
                  0.04    0.00    0.48 ^ _2159_/D (sky130_fd_sc_hd__dfrtp_1)
                                  0.48   data arrival time

                  0.00    0.00    0.00   clock clk_in (rise edge)
                          0.00    0.00   clock network delay (ideal)
                          0.00    0.00   clock reconvergence pessimism
                                  0.00 ^ _2159_/CLK (sky130_fd_sc_hd__dfrtp_1)
                         -0.04   -0.04   library hold time
                                 -0.04   data required time
-----------------------------------------------------------------------------
                                 -0.04   data required time
                                 -0.48   data arrival time
-----------------------------------------------------------------------------
                                  0.52   slack (MET)


Startpoint: _2154_ (rising edge-triggered flip-flop clocked by clk_in)
Endpoint: _2154_ (rising edge-triggered flip-flop clocked by clk_in)
Path Group: clk_in
Path Type: min

Fanout     Cap    Slew   Delay    Time   Description
-----------------------------------------------------------------------------
                  0.00    0.00    0.00   clock clk_in (rise edge)
                          0.00    0.00   clock network delay (ideal)
                  0.00    0.00    0.00 ^ _2154_/CLK (sky130_fd_sc_hd__dfrtp_1)
                  0.04    0.30    0.30 ^ _2154_/Q (sky130_fd_sc_hd__dfrtp_1)
     3    0.01                           d2.t_load[62] (net)
                  0.04    0.00    0.30 ^ _1201_/A0 (sky130_fd_sc_hd__mux2_1)
                  0.04    0.11    0.41 ^ _1201_/X (sky130_fd_sc_hd__mux2_1)
     1    0.00                           _0949_ (net)
                  0.04    0.00    0.41 ^ _1202_/A (sky130_fd_sc_hd__clkbuf_1)
                  0.04    0.08    0.49 ^ _1202_/X (sky130_fd_sc_hd__clkbuf_1)
     1    0.00                           _0417_ (net)
                  0.04    0.00    0.49 ^ _2154_/D (sky130_fd_sc_hd__dfrtp_1)
                                  0.49   data arrival time

                  0.00    0.00    0.00   clock clk_in (rise edge)
                          0.00    0.00   clock network delay (ideal)
                          0.00    0.00   clock reconvergence pessimism
                                  0.00 ^ _2154_/CLK (sky130_fd_sc_hd__dfrtp_1)
                         -0.04   -0.04   library hold time
                                 -0.04   data required time
-----------------------------------------------------------------------------
                                 -0.04   data required time
                                 -0.49   data arrival time
-----------------------------------------------------------------------------
                                  0.53   slack (MET)


Startpoint: _2155_ (rising edge-triggered flip-flop clocked by clk_in)
Endpoint: _2155_ (rising edge-triggered flip-flop clocked by clk_in)
Path Group: clk_in
Path Type: min

Fanout     Cap    Slew   Delay    Time   Description
-----------------------------------------------------------------------------
                  0.00    0.00    0.00   clock clk_in (rise edge)
                          0.00    0.00   clock network delay (ideal)
                  0.00    0.00    0.00 ^ _2155_/CLK (sky130_fd_sc_hd__dfrtp_1)
                  0.04    0.31    0.31 ^ _2155_/Q (sky130_fd_sc_hd__dfrtp_1)
     3    0.01                           d2.t_load[63] (net)
                  0.04    0.00    0.31 ^ _1199_/A0 (sky130_fd_sc_hd__mux2_1)
                  0.04    0.11    0.42 ^ _1199_/X (sky130_fd_sc_hd__mux2_1)
     1    0.00                           _0948_ (net)
                  0.04    0.00    0.42 ^ _1200_/A (sky130_fd_sc_hd__clkbuf_1)
                  0.04    0.07    0.49 ^ _1200_/X (sky130_fd_sc_hd__clkbuf_1)
     1    0.00                           _0418_ (net)
                  0.04    0.00    0.49 ^ _2155_/D (sky130_fd_sc_hd__dfrtp_1)
                                  0.49   data arrival time

                  0.00    0.00    0.00   clock clk_in (rise edge)
                          0.00    0.00   clock network delay (ideal)
                          0.00    0.00   clock reconvergence pessimism
                                  0.00 ^ _2155_/CLK (sky130_fd_sc_hd__dfrtp_1)
                         -0.04   -0.04   library hold time
                                 -0.04   data required time
-----------------------------------------------------------------------------
                                 -0.04   data required time
                                 -0.49   data arrival time
-----------------------------------------------------------------------------
                                  0.53   slack (MET)


Startpoint: _2153_ (rising edge-triggered flip-flop clocked by clk_in)
Endpoint: _2153_ (rising edge-triggered flip-flop clocked by clk_in)
Path Group: clk_in
Path Type: min

Fanout     Cap    Slew   Delay    Time   Description
-----------------------------------------------------------------------------
                  0.00    0.00    0.00   clock clk_in (rise edge)
                          0.00    0.00   clock network delay (ideal)
                  0.00    0.00    0.00 ^ _2153_/CLK (sky130_fd_sc_hd__dfrtp_1)
                  0.04    0.30    0.30 ^ _2153_/Q (sky130_fd_sc_hd__dfrtp_1)
     3    0.01                           d2.t_load[61] (net)
                  0.04    0.00    0.30 ^ _1203_/A0 (sky130_fd_sc_hd__mux2_1)
                  0.04    0.11    0.41 ^ _1203_/X (sky130_fd_sc_hd__mux2_1)
     1    0.00                           _0950_ (net)
                  0.04    0.00    0.41 ^ _1204_/A (sky130_fd_sc_hd__clkbuf_1)
                  0.04    0.08    0.49 ^ _1204_/X (sky130_fd_sc_hd__clkbuf_1)
     1    0.00                           _0416_ (net)
                  0.04    0.00    0.49 ^ _2153_/D (sky130_fd_sc_hd__dfrtp_1)
                                  0.49   data arrival time

                  0.00    0.00    0.00   clock clk_in (rise edge)
                          0.00    0.00   clock network delay (ideal)
                          0.00    0.00   clock reconvergence pessimism
                                  0.00 ^ _2153_/CLK (sky130_fd_sc_hd__dfrtp_1)
                         -0.04   -0.04   library hold time
                                 -0.04   data required time
-----------------------------------------------------------------------------
                                 -0.04   data required time
                                 -0.49   data arrival time
-----------------------------------------------------------------------------
                                  0.53   slack (MET)


Startpoint: _2210_ (rising edge-triggered flip-flop clocked by ref_in)
Endpoint: _2210_ (rising edge-triggered flip-flop clocked by ref_in)
Path Group: ref_in
Path Type: min

Fanout     Cap    Slew   Delay    Time   Description
-----------------------------------------------------------------------------
                  0.00    0.00    0.00   clock ref_in (rise edge)
                          0.00    0.00   clock network delay (ideal)
                  0.00    0.00    0.00 ^ _2210_/CLK (sky130_fd_sc_hd__dfrtp_2)
                  0.11    0.38    0.38 ^ _2210_/Q (sky130_fd_sc_hd__dfrtp_2)
     5    0.02                           d5.fll_core.counter2.count[0] (net)
                  0.11    0.00    0.38 ^ _1077_/A (sky130_fd_sc_hd__inv_2)
                  0.03    0.05    0.43 v _1077_/Y (sky130_fd_sc_hd__inv_2)
     2    0.01                           _0011_ (net)
                  0.03    0.00    0.43 v _2210_/D (sky130_fd_sc_hd__dfrtp_2)
                                  0.43   data arrival time

                  0.00    0.00    0.00   clock ref_in (rise edge)
                          0.00    0.00   clock network delay (ideal)
                          0.00    0.00   clock reconvergence pessimism
                                  0.00 ^ _2210_/CLK (sky130_fd_sc_hd__dfrtp_2)
                         -0.05   -0.05   library hold time
                                 -0.05   data required time
-----------------------------------------------------------------------------
                                 -0.05   data required time
                                 -0.43   data arrival time
-----------------------------------------------------------------------------
                                  0.47   slack (MET)


Startpoint: _2210_ (rising edge-triggered flip-flop clocked by ref_in)
Endpoint: _2211_ (rising edge-triggered flip-flop clocked by ref_in)
Path Group: ref_in
Path Type: min

Fanout     Cap    Slew   Delay    Time   Description
-----------------------------------------------------------------------------
                  0.00    0.00    0.00   clock ref_in (rise edge)
                          0.00    0.00   clock network delay (ideal)
                  0.00    0.00    0.00 ^ _2210_/CLK (sky130_fd_sc_hd__dfrtp_2)
                  0.11    0.38    0.38 ^ _2210_/Q (sky130_fd_sc_hd__dfrtp_2)
     5    0.02                           d5.fll_core.counter2.count[0] (net)
                  0.11    0.00    0.38 ^ _1705_/A (sky130_fd_sc_hd__xor2_1)
                  0.03    0.07    0.45 v _1705_/X (sky130_fd_sc_hd__xor2_1)
     1    0.00                           _0012_ (net)
                  0.03    0.00    0.45 v _2211_/D (sky130_fd_sc_hd__dfrtp_1)
                                  0.45   data arrival time

                  0.00    0.00    0.00   clock ref_in (rise edge)
                          0.00    0.00   clock network delay (ideal)
                          0.00    0.00   clock reconvergence pessimism
                                  0.00 ^ _2211_/CLK (sky130_fd_sc_hd__dfrtp_1)
                         -0.05   -0.05   library hold time
                                 -0.05   data required time
-----------------------------------------------------------------------------
                                 -0.05   data required time
                                 -0.45   data arrival time
-----------------------------------------------------------------------------
                                  0.51   slack (MET)


Startpoint: _2089_ (rising edge-triggered flip-flop clocked by ref_in)
Endpoint: _2089_ (rising edge-triggered flip-flop clocked by ref_in)
Path Group: ref_in
Path Type: min

Fanout     Cap    Slew   Delay    Time   Description
-----------------------------------------------------------------------------
                  0.00    0.00    0.00   clock ref_in (rise edge)
                          0.00    0.00   clock network delay (ideal)
                  0.00    0.00    0.00 ^ _2089_/CLK (sky130_fd_sc_hd__dfxtp_1)
                  0.06    0.30    0.30 ^ _2089_/Q (sky130_fd_sc_hd__dfxtp_1)
     2    0.01                           d5.fll_core.corner_tmp[1] (net)
                  0.06    0.00    0.30 ^ _1836_/A (sky130_fd_sc_hd__and2_1)
                  0.04    0.11    0.41 ^ _1836_/X (sky130_fd_sc_hd__and2_1)
     1    0.00                           _0765_ (net)
                  0.04    0.00    0.41 ^ _1837_/A (sky130_fd_sc_hd__clkbuf_1)
                  0.04    0.08    0.49 ^ _1837_/X (sky130_fd_sc_hd__clkbuf_1)
     1    0.00                           _0353_ (net)
                  0.04    0.00    0.49 ^ _2089_/D (sky130_fd_sc_hd__dfxtp_1)
                                  0.49   data arrival time

                  0.00    0.00    0.00   clock ref_in (rise edge)
                          0.00    0.00   clock network delay (ideal)
                          0.00    0.00   clock reconvergence pessimism
                                  0.00 ^ _2089_/CLK (sky130_fd_sc_hd__dfxtp_1)
                         -0.04   -0.04   library hold time
                                 -0.04   data required time
-----------------------------------------------------------------------------
                                 -0.04   data required time
                                 -0.49   data arrival time
-----------------------------------------------------------------------------
                                  0.52   slack (MET)


Startpoint: _2212_ (rising edge-triggered flip-flop clocked by ref_in)
Endpoint: _2212_ (rising edge-triggered flip-flop clocked by ref_in)
Path Group: ref_in
Path Type: min

Fanout     Cap    Slew   Delay    Time   Description
-----------------------------------------------------------------------------
                  0.00    0.00    0.00   clock ref_in (rise edge)
                          0.00    0.00   clock network delay (ideal)
                  0.00    0.00    0.00 ^ _2212_/CLK (sky130_fd_sc_hd__dfrtp_1)
                  0.11    0.35    0.35 ^ _2212_/Q (sky130_fd_sc_hd__dfrtp_1)
     3    0.01                           d5.fll_core.counter2.count[2] (net)
                  0.11    0.00    0.35 ^ _1707_/B1 (sky130_fd_sc_hd__a21oi_1)
                  0.04    0.05    0.40 v _1707_/Y (sky130_fd_sc_hd__a21oi_1)
     1    0.00                           _0741_ (net)
                  0.04    0.00    0.40 v _1708_/B (sky130_fd_sc_hd__nor2_1)
                  0.07    0.07    0.48 ^ _1708_/Y (sky130_fd_sc_hd__nor2_1)
     1    0.00                           _0013_ (net)
                  0.07    0.00    0.48 ^ _2212_/D (sky130_fd_sc_hd__dfrtp_1)
                                  0.48   data arrival time

                  0.00    0.00    0.00   clock ref_in (rise edge)
                          0.00    0.00   clock network delay (ideal)
                          0.00    0.00   clock reconvergence pessimism
                                  0.00 ^ _2212_/CLK (sky130_fd_sc_hd__dfrtp_1)
                         -0.05   -0.05   library hold time
                                 -0.05   data required time
-----------------------------------------------------------------------------
                                 -0.05   data required time
                                 -0.48   data arrival time
-----------------------------------------------------------------------------
                                  0.52   slack (MET)


Startpoint: _2216_ (rising edge-triggered flip-flop clocked by ref_in)
Endpoint: _2216_ (rising edge-triggered flip-flop clocked by ref_in)
Path Group: ref_in
Path Type: min

Fanout     Cap    Slew   Delay    Time   Description
-----------------------------------------------------------------------------
                  0.00    0.00    0.00   clock ref_in (rise edge)
                          0.00    0.00   clock network delay (ideal)
                  0.00    0.00    0.00 ^ _2216_/CLK (sky130_fd_sc_hd__dfrtp_1)
                  0.10    0.35    0.35 ^ _2216_/Q (sky130_fd_sc_hd__dfrtp_1)
     3    0.01                           d5.fll_core.counter2.count[6] (net)
                  0.10    0.00    0.35 ^ _1717_/A (sky130_fd_sc_hd__nor2_1)
                  0.03    0.06    0.41 v _1717_/Y (sky130_fd_sc_hd__nor2_1)
     1    0.00                           _0747_ (net)
                  0.03    0.00    0.41 v _1718_/B (sky130_fd_sc_hd__nor2_1)
                  0.07    0.07    0.48 ^ _1718_/Y (sky130_fd_sc_hd__nor2_1)
     1    0.00                           _0017_ (net)
                  0.07    0.00    0.48 ^ _2216_/D (sky130_fd_sc_hd__dfrtp_1)
                                  0.48   data arrival time

                  0.00    0.00    0.00   clock ref_in (rise edge)
                          0.00    0.00   clock network delay (ideal)
                          0.00    0.00   clock reconvergence pessimism
                                  0.00 ^ _2216_/CLK (sky130_fd_sc_hd__dfrtp_1)
                         -0.05   -0.05   library hold time
                                 -0.05   data required time
-----------------------------------------------------------------------------
                                 -0.05   data required time
                                 -0.48   data arrival time
-----------------------------------------------------------------------------
                                  0.52   slack (MET)


Startpoint: _2200_ (rising edge-triggered flip-flop clocked by vco_in)
Endpoint: _2200_ (rising edge-triggered flip-flop clocked by vco_in)
Path Group: vco_in
Path Type: min

Fanout     Cap    Slew   Delay    Time   Description
-----------------------------------------------------------------------------
                  0.00    0.00    0.00   clock vco_in (rise edge)
                          0.00    0.00   clock network delay (ideal)
                  0.00    0.00    0.00 ^ _2200_/CLK (sky130_fd_sc_hd__dfrtp_2)
                  0.11    0.39    0.39 ^ _2200_/Q (sky130_fd_sc_hd__dfrtp_2)
     6    0.02                           d5.fll_core.counter1.count[0] (net)
                  0.11    0.00    0.39 ^ _1046_/A (sky130_fd_sc_hd__inv_2)
                  0.03    0.05    0.43 v _1046_/Y (sky130_fd_sc_hd__inv_2)
     2    0.01                           _0001_ (net)
                  0.03    0.00    0.43 v _2200_/D (sky130_fd_sc_hd__dfrtp_2)
                                  0.43   data arrival time

                  0.00    0.00    0.00   clock vco_in (rise edge)
                          0.00    0.00   clock network delay (ideal)
                          0.00    0.00   clock reconvergence pessimism
                                  0.00 ^ _2200_/CLK (sky130_fd_sc_hd__dfrtp_2)
                         -0.05   -0.05   library hold time
                                 -0.05   data required time
-----------------------------------------------------------------------------
                                 -0.05   data required time
                                 -0.43   data arrival time
-----------------------------------------------------------------------------
                                  0.48   slack (MET)


Startpoint: _2201_ (rising edge-triggered flip-flop clocked by vco_in)
Endpoint: _2201_ (rising edge-triggered flip-flop clocked by vco_in)
Path Group: vco_in
Path Type: min

Fanout     Cap    Slew   Delay    Time   Description
-----------------------------------------------------------------------------
                  0.00    0.00    0.00   clock vco_in (rise edge)
                          0.00    0.00   clock network delay (ideal)
                  0.00    0.00    0.00 ^ _2201_/CLK (sky130_fd_sc_hd__dfrtp_2)
                  0.11    0.39    0.39 ^ _2201_/Q (sky130_fd_sc_hd__dfrtp_2)
     6    0.02                           d5.fll_core.counter1.count[1] (net)
                  0.11    0.00    0.39 ^ _1686_/B (sky130_fd_sc_hd__xor2_1)
                  0.04    0.08    0.46 v _1686_/X (sky130_fd_sc_hd__xor2_1)
     1    0.00                           _0002_ (net)
                  0.04    0.00    0.46 v _2201_/D (sky130_fd_sc_hd__dfrtp_2)
                                  0.46   data arrival time

                  0.00    0.00    0.00   clock vco_in (rise edge)
                          0.00    0.00   clock network delay (ideal)
                          0.00    0.00   clock reconvergence pessimism
                                  0.00 ^ _2201_/CLK (sky130_fd_sc_hd__dfrtp_2)
                         -0.05   -0.05   library hold time
                                 -0.05   data required time
-----------------------------------------------------------------------------
                                 -0.05   data required time
                                 -0.46   data arrival time
-----------------------------------------------------------------------------
                                  0.51   slack (MET)


Startpoint: _2205_ (rising edge-triggered flip-flop clocked by vco_in)
Endpoint: _2205_ (rising edge-triggered flip-flop clocked by vco_in)
Path Group: vco_in
Path Type: min

Fanout     Cap    Slew   Delay    Time   Description
-----------------------------------------------------------------------------
                  0.00    0.00    0.00   clock vco_in (rise edge)
                          0.00    0.00   clock network delay (ideal)
                  0.00    0.00    0.00 ^ _2205_/CLK (sky130_fd_sc_hd__dfrtp_1)
                  0.10    0.35    0.35 ^ _2205_/Q (sky130_fd_sc_hd__dfrtp_1)
     3    0.01                           d5.fll_core.counter1.count[5] (net)
                  0.10    0.00    0.35 ^ _1695_/B1 (sky130_fd_sc_hd__a21oi_1)
                  0.04    0.05    0.40 v _1695_/Y (sky130_fd_sc_hd__a21oi_1)
     1    0.00                           _0735_ (net)
                  0.04    0.00    0.40 v _1696_/B (sky130_fd_sc_hd__nor2_1)
                  0.07    0.08    0.48 ^ _1696_/Y (sky130_fd_sc_hd__nor2_1)
     1    0.00                           _0006_ (net)
                  0.07    0.00    0.48 ^ _2205_/D (sky130_fd_sc_hd__dfrtp_1)
                                  0.48   data arrival time

                  0.00    0.00    0.00   clock vco_in (rise edge)
                          0.00    0.00   clock network delay (ideal)
                          0.00    0.00   clock reconvergence pessimism
                                  0.00 ^ _2205_/CLK (sky130_fd_sc_hd__dfrtp_1)
                         -0.05   -0.05   library hold time
                                 -0.05   data required time
-----------------------------------------------------------------------------
                                 -0.05   data required time
                                 -0.48   data arrival time
-----------------------------------------------------------------------------
                                  0.52   slack (MET)


Startpoint: _2208_ (rising edge-triggered flip-flop clocked by vco_in)
Endpoint: _2208_ (rising edge-triggered flip-flop clocked by vco_in)
Path Group: vco_in
Path Type: min

Fanout     Cap    Slew   Delay    Time   Description
-----------------------------------------------------------------------------
                  0.00    0.00    0.00   clock vco_in (rise edge)
                          0.00    0.00   clock network delay (ideal)
                  0.00    0.00    0.00 ^ _2208_/CLK (sky130_fd_sc_hd__dfrtp_1)
                  0.11    0.35    0.35 ^ _2208_/Q (sky130_fd_sc_hd__dfrtp_1)
     3    0.01                           d5.fll_core.counter1.count[8] (net)
                  0.11    0.00    0.35 ^ _1702_/B1 (sky130_fd_sc_hd__a21oi_1)
                  0.04    0.05    0.41 v _1702_/Y (sky130_fd_sc_hd__a21oi_1)
     1    0.00                           _0739_ (net)
                  0.04    0.00    0.41 v _1703_/B (sky130_fd_sc_hd__nor2_1)
                  0.07    0.08    0.48 ^ _1703_/Y (sky130_fd_sc_hd__nor2_1)
     1    0.00                           _0009_ (net)
                  0.07    0.00    0.48 ^ _2208_/D (sky130_fd_sc_hd__dfrtp_1)
                                  0.48   data arrival time

                  0.00    0.00    0.00   clock vco_in (rise edge)
                          0.00    0.00   clock network delay (ideal)
                          0.00    0.00   clock reconvergence pessimism
                                  0.00 ^ _2208_/CLK (sky130_fd_sc_hd__dfrtp_1)
                         -0.05   -0.05   library hold time
                                 -0.05   data required time
-----------------------------------------------------------------------------
                                 -0.05   data required time
                                 -0.48   data arrival time
-----------------------------------------------------------------------------
                                  0.53   slack (MET)


Startpoint: _2206_ (rising edge-triggered flip-flop clocked by vco_in)
Endpoint: _2206_ (rising edge-triggered flip-flop clocked by vco_in)
Path Group: vco_in
Path Type: min

Fanout     Cap    Slew   Delay    Time   Description
-----------------------------------------------------------------------------
                  0.00    0.00    0.00   clock vco_in (rise edge)
                          0.00    0.00   clock network delay (ideal)
                  0.00    0.00    0.00 ^ _2206_/CLK (sky130_fd_sc_hd__dfrtp_1)
                  0.10    0.35    0.35 ^ _2206_/Q (sky130_fd_sc_hd__dfrtp_1)
     3    0.01                           d5.fll_core.counter1.count[6] (net)
                  0.10    0.00    0.35 ^ _1698_/A (sky130_fd_sc_hd__nor2_1)
                  0.03    0.05    0.40 v _1698_/Y (sky130_fd_sc_hd__nor2_1)
     1    0.00                           _0737_ (net)
                  0.03    0.00    0.40 v _1699_/B (sky130_fd_sc_hd__nor2_1)
                  0.08    0.08    0.48 ^ _1699_/Y (sky130_fd_sc_hd__nor2_1)
     1    0.00                           _0007_ (net)
                  0.08    0.00    0.48 ^ _2206_/D (sky130_fd_sc_hd__dfrtp_1)
                                  0.48   data arrival time

                  0.00    0.00    0.00   clock vco_in (rise edge)
                          0.00    0.00   clock network delay (ideal)
                          0.00    0.00   clock reconvergence pessimism
                                  0.00 ^ _2206_/CLK (sky130_fd_sc_hd__dfrtp_1)
                         -0.05   -0.05   library hold time
                                 -0.05   data required time
-----------------------------------------------------------------------------
                                 -0.05   data required time
                                 -0.48   data arrival time
-----------------------------------------------------------------------------
                                  0.53   slack (MET)


