[INFO]: Current run directory is /foss/designs/ma2022/fll_2/runs/RUN_2022.11.02_10.21.17
[INFO]: Preparing LEF Files...
[INFO]: Running Synthesis...
[INFO]: Running Static Timing Analysis...
[INFO]: Running Initial Floorplanning...
[WARNING]: Current core area is too small for a power grid. The power grid will be minimized.
[INFO]: Setting Core Dimensions...
[INFO]: Running IO Placement...
[INFO]: Running Tap/Decap Insertion...
[INFO]: Power planning with power {VPWR} and ground {VGND}...
[INFO]: Generating PDN...
[INFO]: Running Global Placement...
[INFO]: Running Resizer Design Optimizations...
[ERROR]: during executing openroad script /foss/tools/openlane/2022.04.07_02.53.08/scripts/openroad/resizer.tcl
[ERROR]: Exit code: 1
[ERROR]: Last 10 lines:
[INFO RSZ-0058] Using max wire length 2319um.
[INFO RSZ-0039] Resized 299 instances.
[INFO DPL-0034] Detailed placement failed on:
[INFO DPL-0035]  input31
[INFO DPL-0035]  input32
[INFO DPL-0035]  input32
[INFO DPL-0035]  input43
[ERROR DPL-0036] Detailed placement failed.
Error: resizer.tcl, 79 DPL-0036
child process exited abnormally

[INFO]: Saving runtime environment...
[INFO]: Creating reproducible...
[INFO]: Reproducible packaged: Please tarball and upload ma2022/fll_2/runs/RUN_2022.11.02_10.21.17/openroad_issue_reproducible if you're going to submit an issue.
[INFO]: Generating Final Summary Report...
[INFO]: Design Name: fll_wrapper_2
Run Directory: /foss/designs/ma2022/fll_2/runs/RUN_2022.11.02_10.21.17
Source not found.
----------------------------------------

LVS Summary:
Source: /foss/designs/ma2022/fll_2/runs/RUN_2022.11.02_10.21.17/logs/finishing/fll_wrapper_2.lvs.lef.log
Source not found.
----------------------------------------

Antenna Summary:
No antenna report found.
[INFO]: check full report here: /foss/designs/ma2022/fll_2/runs/RUN_2022.11.02_10.21.17/reports/final_summary_report.csv
[INFO]: Saving runtime environment...
[ERROR]: Flow failed.
[INFO]: The failure may have been because of the following warnings:
